[0.056s] Invoking command in '/mission_planning_ws/build/as2_behaviors_motion': AMENT_PREFIX_PATH=/mission_planning_ws/install/as2_motion_reference_handlers:/mission_planning_ws/install/as2_behavior:/mission_planning_ws/install/as2_core:/mission_planning_ws/install/as2_msgs:${AMENT_PREFIX_PATH} CMAKE_PREFIX_PATH=/mission_planning_ws/install/as2_motion_reference_handlers:/mission_planning_ws/install/as2_behavior:/mission_planning_ws/install/as2_core:/mission_planning_ws/install/as2_msgs:/root/project_gazebo_ws/install/aerostack2:/root/project_gazebo_ws/install/as2_usb_camera_interface:/root/project_gazebo_ws/install/as2_state_estimator:/root/project_gazebo_ws/install/as2_rviz_plugins:/root/project_gazebo_ws/install/as2_realsense_interface:/root/project_gazebo_ws/install/as2_platform_multirotor_simulator:/root/project_gazebo_ws/install/as2_platform_gazebo:/root/project_gazebo_ws/install/as2_motion_controller:/root/project_gazebo_ws/install/as2_behaviors_trajectory_generation:/root/project_gazebo_ws/install/as2_behaviors_motion:/root/project_gazebo_ws/install/as2_motion_reference_handlers:/root/project_gazebo_ws/install/as2_map_server:/root/project_gazebo_ws/install/as2_geozones:/root/project_gazebo_ws/install/as2_gazebo_assets:/root/project_gazebo_ws/install/as2_external_object_to_tf:/root/project_gazebo_ws/install/as2_behaviors_platform:/root/project_gazebo_ws/install/as2_behaviors_perception:/root/project_gazebo_ws/install/as2_behaviors_path_planning:/root/project_gazebo_ws/install/as2_behavior_tree:/root/project_gazebo_ws/install/as2_behavior:/root/project_gazebo_ws/install/as2_alphanumeric_viewer:/root/project_gazebo_ws/install/as2_core:/root/project_gazebo_ws/install/as2_msgs:/root/project_gazebo_ws/install/as2_cli:/root/project_gazebo_ws/install/as2_visualization:/root/project_gazebo_ws/install/as2_keyboard_teleoperation:/root/project_gazebo_ws/install/as2_python_api:/opt/ros/humble LD_LIBRARY_PATH=/mission_planning_ws/install/as2_motion_reference_handlers/lib:/mission_planning_ws/install/as2_behavior/lib:/mission_planning_ws/install/as2_core/lib:/mission_planning_ws/install/as2_msgs/lib:${LD_LIBRARY_PATH} PYTHONPATH=/mission_planning_ws/install/as2_motion_reference_handlers/local/lib/python3.10/dist-packages:/mission_planning_ws/install/as2_core/local/lib/python3.10/dist-packages:/mission_planning_ws/install/as2_msgs/local/lib/python3.10/dist-packages:${PYTHONPATH} /usr/bin/cmake /mission_planning_ws/src/aerostack2/as2_behaviors/as2_behaviors_motion -DCMAKE_INSTALL_PREFIX=/mission_planning_ws/install/as2_behaviors_motion
[0.163s] -- The C compiler identification is GNU 11.4.0
[0.253s] -- The CXX compiler identification is GNU 11.4.0
[0.267s] -- Detecting C compiler ABI info
[0.384s] -- Detecting C compiler ABI info - done
[0.400s] -- Check for working C compiler: /usr/bin/cc - skipped
[0.401s] -- Detecting C compile features
[0.401s] -- Detecting C compile features - done
[0.406s] -- Detecting CXX compiler ABI info
[0.569s] -- Detecting CXX compiler ABI info - done
[0.589s] -- Check for working CXX compiler: /usr/bin/c++ - skipped
[0.590s] -- Detecting CXX compile features
[0.590s] -- Detecting CXX compile features - done
[0.613s] -- Found ament_cmake: 1.3.11 (/opt/ros/humble/share/ament_cmake/cmake)
[0.964s] -- Found Python3: /usr/bin/python3 (found version "3.10.12") found components: Interpreter 
[1.382s] -- Found ament_cmake_ros: 0.10.0 (/opt/ros/humble/share/ament_cmake_ros/cmake)
[1.447s] -- Found pluginlib: 5.1.0 (/opt/ros/humble/share/pluginlib/cmake)
[1.637s] -- Found rclcpp: 16.0.11 (/opt/ros/humble/share/rclcpp/cmake)
[1.789s] -- Found rosidl_generator_c: 3.1.6 (/opt/ros/humble/share/rosidl_generator_c/cmake)
[1.818s] -- Found rosidl_adapter: 3.1.6 (/opt/ros/humble/share/rosidl_adapter/cmake)
[1.857s] -- Found rosidl_generator_cpp: 3.1.6 (/opt/ros/humble/share/rosidl_generator_cpp/cmake)
[1.911s] -- Using all available rosidl_typesupport_c: rosidl_typesupport_fastrtps_c;rosidl_typesupport_introspection_c
[1.959s] -- Using all available rosidl_typesupport_cpp: rosidl_typesupport_fastrtps_cpp;rosidl_typesupport_introspection_cpp
[2.301s] -- Found rmw_implementation_cmake: 6.1.2 (/opt/ros/humble/share/rmw_implementation_cmake/cmake)
[2.318s] -- Found rmw_fastrtps_cpp: 6.2.7 (/opt/ros/humble/share/rmw_fastrtps_cpp/cmake)
[2.421s] -- Found TinyXML2 via Config file: TinyXML2_DIR-NOTFOUND
[2.536s] -- Found OpenSSL: /usr/lib/x86_64-linux-gnu/libcrypto.so (found version "3.0.2")  
[2.539s] -- Found TinyXML2 via Config file: TinyXML2_DIR-NOTFOUND
[2.563s] -- Found FastRTPS: /opt/ros/humble/include  
[2.568s] -- Found TinyXML2 via Config file: TinyXML2_DIR-NOTFOUND
[2.585s] -- Found TinyXML2 via Config file: TinyXML2_DIR-NOTFOUND
[2.618s] -- Using RMW implementation 'rmw_fastrtps_cpp' as default
[2.664s] -- Looking for pthread.h
[2.818s] -- Looking for pthread.h - found
[2.819s] -- Performing Test CMAKE_HAVE_LIBC_PTHREAD
[2.983s] -- Performing Test CMAKE_HAVE_LIBC_PTHREAD - Success
[2.985s] -- Found Threads: TRUE  
[3.122s] -- Found rclcpp_action: 16.0.11 (/opt/ros/humble/share/rclcpp_action/cmake)
[3.213s] -- Found as2_core: 1.1.2 (/mission_planning_ws/install/as2_core/share/as2_core/cmake)
[3.500s] -- Found eigen3_cmake_module: 0.1.1 (/opt/ros/humble/share/eigen3_cmake_module/cmake)
[3.503s] -- Found Eigen3: TRUE (found version "3.4.0") 
[3.504s] -- Ensuring Eigen3 include directory is part of orocos-kdl CMake target
[3.832s] -- Found as2_behavior: 1.1.2 (/mission_planning_ws/install/as2_behavior/share/as2_behavior/cmake)
[3.836s] -- Found as2_motion_reference_handlers: 1.1.2 (/mission_planning_ws/install/as2_motion_reference_handlers/share/as2_motion_reference_handlers/cmake)
[4.067s] -- Found ament_lint_auto: 0.12.11 (/opt/ros/humble/share/ament_lint_auto/cmake)
[4.335s] -- Added test 'copyright' to check source files copyright and LICENSE
[4.350s] -- Added test 'cppcheck' to perform static code analysis on C / C++ code
[4.358s] -- Configured cppcheck include dirs: /mission_planning_ws/src/aerostack2/as2_behaviors/as2_behaviors_motion/follow_path_behavior/include;/mission_planning_ws/src/aerostack2/as2_behaviors/as2_behaviors_motion/follow_path_behavior/include/as2_behaviors_motion;/mission_planning_ws/src/aerostack2/as2_behaviors/as2_behaviors_motion/go_to_behavior/include;/mission_planning_ws/src/aerostack2/as2_behaviors/as2_behaviors_motion/go_to_behavior/include/as2_behaviors_motion;/mission_planning_ws/src/aerostack2/as2_behaviors/as2_behaviors_motion/land_behavior/include;/mission_planning_ws/src/aerostack2/as2_behaviors/as2_behaviors_motion/land_behavior/include/as2_behaviors_motion;/mission_planning_ws/src/aerostack2/as2_behaviors/as2_behaviors_motion/takeoff_behavior/include;/mission_planning_ws/src/aerostack2/as2_behaviors/as2_behaviors_motion/takeoff_behavior/include/as2_behaviors_motion;/mission_planning_ws/src/aerostack2/as2_behaviors/as2_behaviors_motion/follow_reference_behavior/include;/mission_planning_ws/src/aerostack2/as2_behaviors/as2_behaviors_motion/follow_reference_behavior/include/as2_behaviors_motion;$<BUILD_INTERFACE:/mission_planning_ws/src/aerostack2/as2_behaviors/as2_behaviors_motion/include>
[4.360s] -- Configured cppcheck exclude dirs and/or files: 
[4.370s] -- Added test 'cpplint' to check C / C++ code against the Google style
[4.370s] -- Configured cpplint exclude dirs and/or files: 
[4.372s] -- Added test 'flake8' to check Python code syntax and style conventions
[4.376s] -- Added test 'lint_cmake' to check CMake code style
[4.379s] -- Added test 'pep257' to check Python code against some of the docstring style conventions in PEP 257
[4.391s] -- Added test 'uncrustify' to check C / C++ code style
[4.392s] -- Configured uncrustify additional arguments: 
[4.393s] -- Added test 'xmllint' to check XML markup files
[4.396s] -- Configuring done
[4.516s] -- Generating done
[4.579s] -- Build files have been written to: /mission_planning_ws/build/as2_behaviors_motion
[4.630s] Invoked command in '/mission_planning_ws/build/as2_behaviors_motion' returned '0': AMENT_PREFIX_PATH=/mission_planning_ws/install/as2_motion_reference_handlers:/mission_planning_ws/install/as2_behavior:/mission_planning_ws/install/as2_core:/mission_planning_ws/install/as2_msgs:${AMENT_PREFIX_PATH} CMAKE_PREFIX_PATH=/mission_planning_ws/install/as2_motion_reference_handlers:/mission_planning_ws/install/as2_behavior:/mission_planning_ws/install/as2_core:/mission_planning_ws/install/as2_msgs:/root/project_gazebo_ws/install/aerostack2:/root/project_gazebo_ws/install/as2_usb_camera_interface:/root/project_gazebo_ws/install/as2_state_estimator:/root/project_gazebo_ws/install/as2_rviz_plugins:/root/project_gazebo_ws/install/as2_realsense_interface:/root/project_gazebo_ws/install/as2_platform_multirotor_simulator:/root/project_gazebo_ws/install/as2_platform_gazebo:/root/project_gazebo_ws/install/as2_motion_controller:/root/project_gazebo_ws/install/as2_behaviors_trajectory_generation:/root/project_gazebo_ws/install/as2_behaviors_motion:/root/project_gazebo_ws/install/as2_motion_reference_handlers:/root/project_gazebo_ws/install/as2_map_server:/root/project_gazebo_ws/install/as2_geozones:/root/project_gazebo_ws/install/as2_gazebo_assets:/root/project_gazebo_ws/install/as2_external_object_to_tf:/root/project_gazebo_ws/install/as2_behaviors_platform:/root/project_gazebo_ws/install/as2_behaviors_perception:/root/project_gazebo_ws/install/as2_behaviors_path_planning:/root/project_gazebo_ws/install/as2_behavior_tree:/root/project_gazebo_ws/install/as2_behavior:/root/project_gazebo_ws/install/as2_alphanumeric_viewer:/root/project_gazebo_ws/install/as2_core:/root/project_gazebo_ws/install/as2_msgs:/root/project_gazebo_ws/install/as2_cli:/root/project_gazebo_ws/install/as2_visualization:/root/project_gazebo_ws/install/as2_keyboard_teleoperation:/root/project_gazebo_ws/install/as2_python_api:/opt/ros/humble LD_LIBRARY_PATH=/mission_planning_ws/install/as2_motion_reference_handlers/lib:/mission_planning_ws/install/as2_behavior/lib:/mission_planning_ws/install/as2_core/lib:/mission_planning_ws/install/as2_msgs/lib:${LD_LIBRARY_PATH} PYTHONPATH=/mission_planning_ws/install/as2_motion_reference_handlers/local/lib/python3.10/dist-packages:/mission_planning_ws/install/as2_core/local/lib/python3.10/dist-packages:/mission_planning_ws/install/as2_msgs/local/lib/python3.10/dist-packages:${PYTHONPATH} /usr/bin/cmake /mission_planning_ws/src/aerostack2/as2_behaviors/as2_behaviors_motion -DCMAKE_INSTALL_PREFIX=/mission_planning_ws/install/as2_behaviors_motion
[4.631s] Invoking command in '/mission_planning_ws/build/as2_behaviors_motion': AMENT_PREFIX_PATH=/mission_planning_ws/install/as2_motion_reference_handlers:/mission_planning_ws/install/as2_behavior:/mission_planning_ws/install/as2_core:/mission_planning_ws/install/as2_msgs:${AMENT_PREFIX_PATH} CMAKE_PREFIX_PATH=/mission_planning_ws/install/as2_motion_reference_handlers:/mission_planning_ws/install/as2_behavior:/mission_planning_ws/install/as2_core:/mission_planning_ws/install/as2_msgs:/root/project_gazebo_ws/install/aerostack2:/root/project_gazebo_ws/install/as2_usb_camera_interface:/root/project_gazebo_ws/install/as2_state_estimator:/root/project_gazebo_ws/install/as2_rviz_plugins:/root/project_gazebo_ws/install/as2_realsense_interface:/root/project_gazebo_ws/install/as2_platform_multirotor_simulator:/root/project_gazebo_ws/install/as2_platform_gazebo:/root/project_gazebo_ws/install/as2_motion_controller:/root/project_gazebo_ws/install/as2_behaviors_trajectory_generation:/root/project_gazebo_ws/install/as2_behaviors_motion:/root/project_gazebo_ws/install/as2_motion_reference_handlers:/root/project_gazebo_ws/install/as2_map_server:/root/project_gazebo_ws/install/as2_geozones:/root/project_gazebo_ws/install/as2_gazebo_assets:/root/project_gazebo_ws/install/as2_external_object_to_tf:/root/project_gazebo_ws/install/as2_behaviors_platform:/root/project_gazebo_ws/install/as2_behaviors_perception:/root/project_gazebo_ws/install/as2_behaviors_path_planning:/root/project_gazebo_ws/install/as2_behavior_tree:/root/project_gazebo_ws/install/as2_behavior:/root/project_gazebo_ws/install/as2_alphanumeric_viewer:/root/project_gazebo_ws/install/as2_core:/root/project_gazebo_ws/install/as2_msgs:/root/project_gazebo_ws/install/as2_cli:/root/project_gazebo_ws/install/as2_visualization:/root/project_gazebo_ws/install/as2_keyboard_teleoperation:/root/project_gazebo_ws/install/as2_python_api:/opt/ros/humble LD_LIBRARY_PATH=/mission_planning_ws/install/as2_motion_reference_handlers/lib:/mission_planning_ws/install/as2_behavior/lib:/mission_planning_ws/install/as2_core/lib:/mission_planning_ws/install/as2_msgs/lib:${LD_LIBRARY_PATH} PYTHONPATH=/mission_planning_ws/install/as2_motion_reference_handlers/local/lib/python3.10/dist-packages:/mission_planning_ws/install/as2_core/local/lib/python3.10/dist-packages:/mission_planning_ws/install/as2_msgs/local/lib/python3.10/dist-packages:${PYTHONPATH} /usr/bin/cmake --build /mission_planning_ws/build/as2_behaviors_motion -- -j22 -l22
[8.494s] [  2%] [32mBuilding CXX object CMakeFiles/as2_behaviors_motion.dir/follow_path_behavior/plugins/follow_path_plugin_position.cpp.o[0m
[13.004s] [  5%] [32mBuilding CXX object CMakeFiles/as2_behaviors_motion.dir/takeoff_behavior/plugins/takeoff_plugin_trajectory.cpp.o[0m
[23.097s] [  8%] [32mBuilding CXX object CMakeFiles/as2_behaviors_motion.dir/takeoff_behavior/plugins/takeoff_plugin_speed.cpp.o[0m
[28.086s] [ 10%] [32mBuilding CXX object CMakeFiles/as2_behaviors_motion.dir/takeoff_behavior/plugins/takeoff_plugin_position.cpp.o[0m
[33.522s] [ 13%] [32mBuilding CXX object CMakeFiles/as2_behaviors_motion.dir/takeoff_behavior/plugins/takeoff_plugin_platform.cpp.o[0m
[40.521s] [ 16%] [32mBuilding CXX object CMakeFiles/as2_behaviors_motion.dir/land_behavior/plugins/land_plugin_trajectory.cpp.o[0m
[40.521s] [ 18%] [32mBuilding CXX object CMakeFiles/as2_behaviors_motion.dir/land_behavior/plugins/land_plugin_speed.cpp.o[0m
[47.674s] [ 21%] [32mBuilding CXX object CMakeFiles/as2_behaviors_motion.dir/land_behavior/plugins/land_plugin_platform.cpp.o[0m
[47.701s] [ 24%] [32mBuilding CXX object CMakeFiles/as2_behaviors_motion.dir/go_to_behavior/plugins/go_to_plugin_position.cpp.o[0m
[47.701s] [ 27%] [32mBuilding CXX object CMakeFiles/as2_behaviors_motion.dir/go_to_behavior/plugins/go_to_plugin_trajectory.cpp.o[0m
[51.391s] [ 29%] [32mBuilding CXX object CMakeFiles/as2_behaviors_motion.dir/follow_path_behavior/plugins/follow_path_plugin_trajectory.cpp.o[0m
[62.891s] [ 32%] [32m[1mLinking CXX shared library libas2_behaviors_motion.so[0m
[63.186s] [ 32%] Built target as2_behaviors_motion
[63.229s] [ 35%] [32mBuilding CXX object CMakeFiles/land_component.dir/land_behavior/src/land_behavior.cpp.o[0m
[63.230s] [ 40%] [32mBuilding CXX object CMakeFiles/go_to_component.dir/go_to_behavior/src/go_to_behavior.cpp.o[0m
[63.230s] [ 40%] [32mBuilding CXX object CMakeFiles/takeoff_component.dir/takeoff_behavior/src/takeoff_behavior.cpp.o[0m
[63.235s] [ 43%] [32mBuilding CXX object CMakeFiles/follow_reference_component.dir/follow_reference_behavior/src/follow_reference_behavior.cpp.o[0m
[63.245s] [ 45%] [32mBuilding CXX object CMakeFiles/follow_path_component.dir/follow_path_behavior/src/follow_path_behavior.cpp.o[0m
[91.710s] [ 48%] [32m[1mLinking CXX shared library libfollow_reference_component.so[0m
[92.246s] [ 48%] Built target follow_reference_component
[92.290s] [ 51%] [32mBuilding CXX object CMakeFiles/land_behavior_node.dir/land_behavior/src/land_behavior.cpp.o[0m
[92.303s] [ 56%] [32mBuilding CXX object CMakeFiles/follow_path_behavior_node.dir/follow_path_behavior/src/follow_path_behavior_node.cpp.o[0m
[92.303s] [ 56%] [32mBuilding CXX object CMakeFiles/go_to_behavior_node.dir/go_to_behavior/src/go_to_behavior.cpp.o[0m
[92.310s] [ 62%] [32mBuilding CXX object CMakeFiles/follow_reference_behavior_node.dir/follow_reference_behavior/src/follow_reference_behavior.cpp.o[0m
[92.310s] [ 62%] [32mBuilding CXX object CMakeFiles/land_behavior_node.dir/land_behavior/src/land_behavior_node.cpp.o[0m
[92.314s] [ 64%] [32mBuilding CXX object CMakeFiles/go_to_behavior_node.dir/go_to_behavior/src/go_to_behavior_node.cpp.o[0m
[92.316s] [ 67%] [32mBuilding CXX object CMakeFiles/follow_reference_behavior_node.dir/follow_reference_behavior/src/follow_reference_behavior_node.cpp.o[0m
[92.317s] [ 70%] [32mBuilding CXX object CMakeFiles/takeoff_behavior_node.dir/takeoff_behavior/src/takeoff_behavior_node.cpp.o[0m
[92.317s] [ 72%] [32mBuilding CXX object CMakeFiles/follow_path_behavior_node.dir/follow_path_behavior/src/follow_path_behavior.cpp.o[0m
[92.319s] [ 75%] [32mBuilding CXX object CMakeFiles/takeoff_behavior_node.dir/takeoff_behavior/src/takeoff_behavior.cpp.o[0m
[98.767s] [ 78%] [32m[1mLinking CXX shared library libtakeoff_component.so[0m
[99.044s] [ 81%] [32m[1mLinking CXX shared library libland_component.so[0m
[99.405s] [ 81%] Built target takeoff_component
[100.068s] [ 81%] Built target land_component
[101.941s] [ 83%] [32m[1mLinking CXX shared library libgo_to_component.so[0m
[102.522s] [ 83%] Built target go_to_component
[103.533s] [ 86%] [32m[1mLinking CXX shared library libfollow_path_component.so[0m
[104.113s] [ 86%] Built target follow_path_component
[116.813s] [ 89%] [32m[1mLinking CXX executable follow_reference_behavior_node[0m
[117.172s] [ 89%] Built target follow_reference_behavior_node
[118.061s] [ 91%] [32m[1mLinking CXX executable takeoff_behavior_node[0m
[118.417s] [ 91%] Built target takeoff_behavior_node
[120.163s] [ 94%] [32m[1mLinking CXX executable land_behavior_node[0m
[120.500s] [ 94%] Built target land_behavior_node
[121.597s] [ 97%] [32m[1mLinking CXX executable go_to_behavior_node[0m
[121.895s] [ 97%] Built target go_to_behavior_node
[122.788s] [100%] [32m[1mLinking CXX executable follow_path_behavior_node[0m
[123.072s] [100%] Built target follow_path_behavior_node
[123.089s] Invoked command in '/mission_planning_ws/build/as2_behaviors_motion' returned '0': AMENT_PREFIX_PATH=/mission_planning_ws/install/as2_motion_reference_handlers:/mission_planning_ws/install/as2_behavior:/mission_planning_ws/install/as2_core:/mission_planning_ws/install/as2_msgs:${AMENT_PREFIX_PATH} CMAKE_PREFIX_PATH=/mission_planning_ws/install/as2_motion_reference_handlers:/mission_planning_ws/install/as2_behavior:/mission_planning_ws/install/as2_core:/mission_planning_ws/install/as2_msgs:/root/project_gazebo_ws/install/aerostack2:/root/project_gazebo_ws/install/as2_usb_camera_interface:/root/project_gazebo_ws/install/as2_state_estimator:/root/project_gazebo_ws/install/as2_rviz_plugins:/root/project_gazebo_ws/install/as2_realsense_interface:/root/project_gazebo_ws/install/as2_platform_multirotor_simulator:/root/project_gazebo_ws/install/as2_platform_gazebo:/root/project_gazebo_ws/install/as2_motion_controller:/root/project_gazebo_ws/install/as2_behaviors_trajectory_generation:/root/project_gazebo_ws/install/as2_behaviors_motion:/root/project_gazebo_ws/install/as2_motion_reference_handlers:/root/project_gazebo_ws/install/as2_map_server:/root/project_gazebo_ws/install/as2_geozones:/root/project_gazebo_ws/install/as2_gazebo_assets:/root/project_gazebo_ws/install/as2_external_object_to_tf:/root/project_gazebo_ws/install/as2_behaviors_platform:/root/project_gazebo_ws/install/as2_behaviors_perception:/root/project_gazebo_ws/install/as2_behaviors_path_planning:/root/project_gazebo_ws/install/as2_behavior_tree:/root/project_gazebo_ws/install/as2_behavior:/root/project_gazebo_ws/install/as2_alphanumeric_viewer:/root/project_gazebo_ws/install/as2_core:/root/project_gazebo_ws/install/as2_msgs:/root/project_gazebo_ws/install/as2_cli:/root/project_gazebo_ws/install/as2_visualization:/root/project_gazebo_ws/install/as2_keyboard_teleoperation:/root/project_gazebo_ws/install/as2_python_api:/opt/ros/humble LD_LIBRARY_PATH=/mission_planning_ws/install/as2_motion_reference_handlers/lib:/mission_planning_ws/install/as2_behavior/lib:/mission_planning_ws/install/as2_core/lib:/mission_planning_ws/install/as2_msgs/lib:${LD_LIBRARY_PATH} PYTHONPATH=/mission_planning_ws/install/as2_motion_reference_handlers/local/lib/python3.10/dist-packages:/mission_planning_ws/install/as2_core/local/lib/python3.10/dist-packages:/mission_planning_ws/install/as2_msgs/local/lib/python3.10/dist-packages:${PYTHONPATH} /usr/bin/cmake --build /mission_planning_ws/build/as2_behaviors_motion -- -j22 -l22
[123.090s] Invoking command in '/mission_planning_ws/build/as2_behaviors_motion': AMENT_PREFIX_PATH=/mission_planning_ws/install/as2_motion_reference_handlers:/mission_planning_ws/install/as2_behavior:/mission_planning_ws/install/as2_core:/mission_planning_ws/install/as2_msgs:${AMENT_PREFIX_PATH} CMAKE_PREFIX_PATH=/mission_planning_ws/install/as2_motion_reference_handlers:/mission_planning_ws/install/as2_behavior:/mission_planning_ws/install/as2_core:/mission_planning_ws/install/as2_msgs:/root/project_gazebo_ws/install/aerostack2:/root/project_gazebo_ws/install/as2_usb_camera_interface:/root/project_gazebo_ws/install/as2_state_estimator:/root/project_gazebo_ws/install/as2_rviz_plugins:/root/project_gazebo_ws/install/as2_realsense_interface:/root/project_gazebo_ws/install/as2_platform_multirotor_simulator:/root/project_gazebo_ws/install/as2_platform_gazebo:/root/project_gazebo_ws/install/as2_motion_controller:/root/project_gazebo_ws/install/as2_behaviors_trajectory_generation:/root/project_gazebo_ws/install/as2_behaviors_motion:/root/project_gazebo_ws/install/as2_motion_reference_handlers:/root/project_gazebo_ws/install/as2_map_server:/root/project_gazebo_ws/install/as2_geozones:/root/project_gazebo_ws/install/as2_gazebo_assets:/root/project_gazebo_ws/install/as2_external_object_to_tf:/root/project_gazebo_ws/install/as2_behaviors_platform:/root/project_gazebo_ws/install/as2_behaviors_perception:/root/project_gazebo_ws/install/as2_behaviors_path_planning:/root/project_gazebo_ws/install/as2_behavior_tree:/root/project_gazebo_ws/install/as2_behavior:/root/project_gazebo_ws/install/as2_alphanumeric_viewer:/root/project_gazebo_ws/install/as2_core:/root/project_gazebo_ws/install/as2_msgs:/root/project_gazebo_ws/install/as2_cli:/root/project_gazebo_ws/install/as2_visualization:/root/project_gazebo_ws/install/as2_keyboard_teleoperation:/root/project_gazebo_ws/install/as2_python_api:/opt/ros/humble LD_LIBRARY_PATH=/mission_planning_ws/install/as2_motion_reference_handlers/lib:/mission_planning_ws/install/as2_behavior/lib:/mission_planning_ws/install/as2_core/lib:/mission_planning_ws/install/as2_msgs/lib:${LD_LIBRARY_PATH} PYTHONPATH=/mission_planning_ws/install/as2_motion_reference_handlers/local/lib/python3.10/dist-packages:/mission_planning_ws/install/as2_core/local/lib/python3.10/dist-packages:/mission_planning_ws/install/as2_msgs/local/lib/python3.10/dist-packages:${PYTHONPATH} /usr/bin/cmake --install /mission_planning_ws/build/as2_behaviors_motion
[123.101s] -- Install configuration: "Release"
[123.101s] -- Installing: /mission_planning_ws/install/as2_behaviors_motion/share/as2_behaviors_motion/plugins.xml
[123.101s] -- Installing: /mission_planning_ws/install/as2_behaviors_motion/lib/libas2_behaviors_motion.so
[123.103s] -- Set runtime path of "/mission_planning_ws/install/as2_behaviors_motion/lib/libas2_behaviors_motion.so" to ""
[123.103s] -- Installing: /mission_planning_ws/install/as2_behaviors_motion/share/as2_behaviors_motion/environment/library_path.sh
[123.103s] -- Installing: /mission_planning_ws/install/as2_behaviors_motion/share/as2_behaviors_motion/environment/library_path.dsv
[123.103s] -- Installing: /mission_planning_ws/install/as2_behaviors_motion/lib/as2_behaviors_motion/follow_path_behavior_node
[123.104s] -- Set runtime path of "/mission_planning_ws/install/as2_behaviors_motion/lib/as2_behaviors_motion/follow_path_behavior_node" to ""
[123.104s] -- Installing: /mission_planning_ws/install/as2_behaviors_motion/include
[123.104s] -- Installing: /mission_planning_ws/install/as2_behaviors_motion/include/follow_path_behavior
[123.104s] -- Installing: /mission_planning_ws/install/as2_behaviors_motion/include/follow_path_behavior/follow_path_base.hpp
[123.104s] -- Installing: /mission_planning_ws/install/as2_behaviors_motion/include/follow_path_behavior/follow_path_behavior.hpp
[123.104s] -- Installing: /mission_planning_ws/install/as2_behaviors_motion/share/as2_behaviors_motion/follow_path_behavior/config/
[123.104s] -- Installing: /mission_planning_ws/install/as2_behaviors_motion/share/as2_behaviors_motion/follow_path_behavior/config//config_default.yaml
[123.105s] -- Installing: /mission_planning_ws/install/as2_behaviors_motion/lib/as2_behaviors_motion/go_to_behavior_node
[123.106s] -- Set runtime path of "/mission_planning_ws/install/as2_behaviors_motion/lib/as2_behaviors_motion/go_to_behavior_node" to ""
[123.106s] -- Up-to-date: /mission_planning_ws/install/as2_behaviors_motion/include
[123.106s] -- Installing: /mission_planning_ws/install/as2_behaviors_motion/include/go_to_behavior
[123.106s] -- Installing: /mission_planning_ws/install/as2_behaviors_motion/include/go_to_behavior/go_to_base.hpp
[123.106s] -- Installing: /mission_planning_ws/install/as2_behaviors_motion/include/go_to_behavior/go_to_behavior.hpp
[123.106s] -- Installing: /mission_planning_ws/install/as2_behaviors_motion/share/as2_behaviors_motion/go_to_behavior/config/
[123.106s] -- Installing: /mission_planning_ws/install/as2_behaviors_motion/share/as2_behaviors_motion/go_to_behavior/config//config_default.yaml
[123.107s] -- Installing: /mission_planning_ws/install/as2_behaviors_motion/lib/as2_behaviors_motion/land_behavior_node
[123.108s] -- Set runtime path of "/mission_planning_ws/install/as2_behaviors_motion/lib/as2_behaviors_motion/land_behavior_node" to ""
[123.108s] -- Up-to-date: /mission_planning_ws/install/as2_behaviors_motion/include
[123.108s] -- Installing: /mission_planning_ws/install/as2_behaviors_motion/include/land_behavior
[123.108s] -- Installing: /mission_planning_ws/install/as2_behaviors_motion/include/land_behavior/land_base.hpp
[123.108s] -- Installing: /mission_planning_ws/install/as2_behaviors_motion/include/land_behavior/land_behavior.hpp
[123.108s] -- Installing: /mission_planning_ws/install/as2_behaviors_motion/share/as2_behaviors_motion/land_behavior/config/
[123.108s] -- Installing: /mission_planning_ws/install/as2_behaviors_motion/share/as2_behaviors_motion/land_behavior/config//config_default.yaml
[123.108s] -- Installing: /mission_planning_ws/install/as2_behaviors_motion/lib/as2_behaviors_motion/takeoff_behavior_node
[123.109s] -- Set runtime path of "/mission_planning_ws/install/as2_behaviors_motion/lib/as2_behaviors_motion/takeoff_behavior_node" to ""
[123.109s] -- Up-to-date: /mission_planning_ws/install/as2_behaviors_motion/include
[123.110s] -- Installing: /mission_planning_ws/install/as2_behaviors_motion/include/takeoff_behavior
[123.110s] -- Installing: /mission_planning_ws/install/as2_behaviors_motion/include/takeoff_behavior/takeoff_base.hpp
[123.110s] -- Installing: /mission_planning_ws/install/as2_behaviors_motion/include/takeoff_behavior/takeoff_behavior.hpp
[123.110s] -- Installing: /mission_planning_ws/install/as2_behaviors_motion/share/as2_behaviors_motion/takeoff_behavior/config/
[123.110s] -- Installing: /mission_planning_ws/install/as2_behaviors_motion/share/as2_behaviors_motion/takeoff_behavior/config//config_default.yaml
[123.110s] -- Installing: /mission_planning_ws/install/as2_behaviors_motion/lib/as2_behaviors_motion/follow_reference_behavior_node
[123.111s] -- Set runtime path of "/mission_planning_ws/install/as2_behaviors_motion/lib/as2_behaviors_motion/follow_reference_behavior_node" to ""
[123.111s] -- Up-to-date: /mission_planning_ws/install/as2_behaviors_motion/include
[123.111s] -- Installing: /mission_planning_ws/install/as2_behaviors_motion/include/follow_reference_behavior
[123.111s] -- Installing: /mission_planning_ws/install/as2_behaviors_motion/include/follow_reference_behavior/follow_reference_behavior.hpp
[123.111s] -- Installing: /mission_planning_ws/install/as2_behaviors_motion/share/as2_behaviors_motion/follow_reference_behavior/config/
[123.111s] -- Installing: /mission_planning_ws/install/as2_behaviors_motion/share/as2_behaviors_motion/follow_reference_behavior/config//config_default.yaml
[123.112s] -- Installing: /mission_planning_ws/install/as2_behaviors_motion/lib/libtakeoff_component.so
[123.113s] -- Set runtime path of "/mission_planning_ws/install/as2_behaviors_motion/lib/libtakeoff_component.so" to ""
[123.113s] -- Installing: /mission_planning_ws/install/as2_behaviors_motion/lib/libland_component.so
[123.115s] -- Set runtime path of "/mission_planning_ws/install/as2_behaviors_motion/lib/libland_component.so" to ""
[123.115s] -- Installing: /mission_planning_ws/install/as2_behaviors_motion/lib/libgo_to_component.so
[123.117s] -- Set runtime path of "/mission_planning_ws/install/as2_behaviors_motion/lib/libgo_to_component.so" to ""
[123.117s] -- Installing: /mission_planning_ws/install/as2_behaviors_motion/lib/libfollow_path_component.so
[123.119s] -- Set runtime path of "/mission_planning_ws/install/as2_behaviors_motion/lib/libfollow_path_component.so" to ""
[123.119s] -- Installing: /mission_planning_ws/install/as2_behaviors_motion/lib/libfollow_reference_component.so
[123.120s] -- Set runtime path of "/mission_planning_ws/install/as2_behaviors_motion/lib/libfollow_reference_component.so" to ""
[123.121s] -- Installing: /mission_planning_ws/install/as2_behaviors_motion/share/as2_behaviors_motion/launch
[123.121s] -- Installing: /mission_planning_ws/install/as2_behaviors_motion/share/as2_behaviors_motion/launch/motion_behaviors_launch.py
[123.121s] -- Installing: /mission_planning_ws/install/as2_behaviors_motion/share/as2_behaviors_motion/launch/composable_motion_behaviors.launch.py
[123.121s] -- Installing: /mission_planning_ws/install/as2_behaviors_motion/share/as2_behaviors_motion/launch/land_behavior_launch.py
[123.121s] -- Installing: /mission_planning_ws/install/as2_behaviors_motion/share/as2_behaviors_motion/launch/takeoff_behavior_launch.py
[123.121s] -- Installing: /mission_planning_ws/install/as2_behaviors_motion/share/as2_behaviors_motion/launch/composable_follow_reference.launch.py
[123.122s] -- Installing: /mission_planning_ws/install/as2_behaviors_motion/share/as2_behaviors_motion/launch/follow_path_behavior_launch.py
[123.122s] -- Installing: /mission_planning_ws/install/as2_behaviors_motion/share/as2_behaviors_motion/launch/follow_reference_behavior_launch.py
[123.122s] -- Installing: /mission_planning_ws/install/as2_behaviors_motion/share/as2_behaviors_motion/launch/go_to_behavior_launch.py
[123.122s] -- Installing: /mission_planning_ws/install/as2_behaviors_motion/share/ament_index/resource_index/package_run_dependencies/as2_behaviors_motion
[123.122s] -- Installing: /mission_planning_ws/install/as2_behaviors_motion/share/ament_index/resource_index/parent_prefix_path/as2_behaviors_motion
[123.122s] -- Installing: /mission_planning_ws/install/as2_behaviors_motion/share/as2_behaviors_motion/environment/ament_prefix_path.sh
[123.123s] -- Installing: /mission_planning_ws/install/as2_behaviors_motion/share/as2_behaviors_motion/environment/ament_prefix_path.dsv
[123.123s] -- Installing: /mission_planning_ws/install/as2_behaviors_motion/share/as2_behaviors_motion/environment/path.sh
[123.123s] -- Installing: /mission_planning_ws/install/as2_behaviors_motion/share/as2_behaviors_motion/environment/path.dsv
[123.123s] -- Installing: /mission_planning_ws/install/as2_behaviors_motion/share/as2_behaviors_motion/local_setup.bash
[123.123s] -- Installing: /mission_planning_ws/install/as2_behaviors_motion/share/as2_behaviors_motion/local_setup.sh
[123.123s] -- Installing: /mission_planning_ws/install/as2_behaviors_motion/share/as2_behaviors_motion/local_setup.zsh
[123.123s] -- Installing: /mission_planning_ws/install/as2_behaviors_motion/share/as2_behaviors_motion/local_setup.dsv
[123.123s] -- Installing: /mission_planning_ws/install/as2_behaviors_motion/share/as2_behaviors_motion/package.dsv
[123.123s] -- Installing: /mission_planning_ws/install/as2_behaviors_motion/share/ament_index/resource_index/packages/as2_behaviors_motion
[123.123s] -- Installing: /mission_planning_ws/install/as2_behaviors_motion/share/ament_index/resource_index/as2_behaviors_motion__pluginlib__plugin/as2_behaviors_motion
[123.123s] -- Installing: /mission_planning_ws/install/as2_behaviors_motion/share/as2_behaviors_motion/cmake/export_as2_behaviors_motionExport.cmake
[123.124s] -- Installing: /mission_planning_ws/install/as2_behaviors_motion/share/as2_behaviors_motion/cmake/export_as2_behaviors_motionExport-release.cmake
[123.124s] -- Installing: /mission_planning_ws/install/as2_behaviors_motion/share/ament_index/resource_index/rclcpp_components/as2_behaviors_motion
[123.124s] -- Installing: /mission_planning_ws/install/as2_behaviors_motion/share/as2_behaviors_motion/cmake/ament_cmake_export_libraries-extras.cmake
[123.124s] -- Installing: /mission_planning_ws/install/as2_behaviors_motion/share/as2_behaviors_motion/cmake/ament_cmake_export_targets-extras.cmake
[123.124s] -- Installing: /mission_planning_ws/install/as2_behaviors_motion/share/as2_behaviors_motion/cmake/ament_cmake_export_include_directories-extras.cmake
[123.124s] -- Installing: /mission_planning_ws/install/as2_behaviors_motion/share/as2_behaviors_motion/cmake/as2_behaviors_motionConfig.cmake
[123.124s] -- Installing: /mission_planning_ws/install/as2_behaviors_motion/share/as2_behaviors_motion/cmake/as2_behaviors_motionConfig-version.cmake
[123.124s] -- Installing: /mission_planning_ws/install/as2_behaviors_motion/share/as2_behaviors_motion/package.xml
[123.126s] Invoked command in '/mission_planning_ws/build/as2_behaviors_motion' returned '0': AMENT_PREFIX_PATH=/mission_planning_ws/install/as2_motion_reference_handlers:/mission_planning_ws/install/as2_behavior:/mission_planning_ws/install/as2_core:/mission_planning_ws/install/as2_msgs:${AMENT_PREFIX_PATH} CMAKE_PREFIX_PATH=/mission_planning_ws/install/as2_motion_reference_handlers:/mission_planning_ws/install/as2_behavior:/mission_planning_ws/install/as2_core:/mission_planning_ws/install/as2_msgs:/root/project_gazebo_ws/install/aerostack2:/root/project_gazebo_ws/install/as2_usb_camera_interface:/root/project_gazebo_ws/install/as2_state_estimator:/root/project_gazebo_ws/install/as2_rviz_plugins:/root/project_gazebo_ws/install/as2_realsense_interface:/root/project_gazebo_ws/install/as2_platform_multirotor_simulator:/root/project_gazebo_ws/install/as2_platform_gazebo:/root/project_gazebo_ws/install/as2_motion_controller:/root/project_gazebo_ws/install/as2_behaviors_trajectory_generation:/root/project_gazebo_ws/install/as2_behaviors_motion:/root/project_gazebo_ws/install/as2_motion_reference_handlers:/root/project_gazebo_ws/install/as2_map_server:/root/project_gazebo_ws/install/as2_geozones:/root/project_gazebo_ws/install/as2_gazebo_assets:/root/project_gazebo_ws/install/as2_external_object_to_tf:/root/project_gazebo_ws/install/as2_behaviors_platform:/root/project_gazebo_ws/install/as2_behaviors_perception:/root/project_gazebo_ws/install/as2_behaviors_path_planning:/root/project_gazebo_ws/install/as2_behavior_tree:/root/project_gazebo_ws/install/as2_behavior:/root/project_gazebo_ws/install/as2_alphanumeric_viewer:/root/project_gazebo_ws/install/as2_core:/root/project_gazebo_ws/install/as2_msgs:/root/project_gazebo_ws/install/as2_cli:/root/project_gazebo_ws/install/as2_visualization:/root/project_gazebo_ws/install/as2_keyboard_teleoperation:/root/project_gazebo_ws/install/as2_python_api:/opt/ros/humble LD_LIBRARY_PATH=/mission_planning_ws/install/as2_motion_reference_handlers/lib:/mission_planning_ws/install/as2_behavior/lib:/mission_planning_ws/install/as2_core/lib:/mission_planning_ws/install/as2_msgs/lib:${LD_LIBRARY_PATH} PYTHONPATH=/mission_planning_ws/install/as2_motion_reference_handlers/local/lib/python3.10/dist-packages:/mission_planning_ws/install/as2_core/local/lib/python3.10/dist-packages:/mission_planning_ws/install/as2_msgs/local/lib/python3.10/dist-packages:${PYTHONPATH} /usr/bin/cmake --install /mission_planning_ws/build/as2_behaviors_motion
