[0.030s] Invoking command in '/mission_planning_ws/build/as2_map_server': AMENT_PREFIX_PATH=/mission_planning_ws/install/as2_core:/mission_planning_ws/install/as2_msgs:${AMENT_PREFIX_PATH} CMAKE_PREFIX_PATH=/mission_planning_ws/install/as2_core:/mission_planning_ws/install/as2_msgs:/root/project_gazebo_ws/install/aerostack2:/root/project_gazebo_ws/install/as2_usb_camera_interface:/root/project_gazebo_ws/install/as2_state_estimator:/root/project_gazebo_ws/install/as2_rviz_plugins:/root/project_gazebo_ws/install/as2_realsense_interface:/root/project_gazebo_ws/install/as2_platform_multirotor_simulator:/root/project_gazebo_ws/install/as2_platform_gazebo:/root/project_gazebo_ws/install/as2_motion_controller:/root/project_gazebo_ws/install/as2_behaviors_trajectory_generation:/root/project_gazebo_ws/install/as2_behaviors_motion:/root/project_gazebo_ws/install/as2_motion_reference_handlers:/root/project_gazebo_ws/install/as2_map_server:/root/project_gazebo_ws/install/as2_geozones:/root/project_gazebo_ws/install/as2_gazebo_assets:/root/project_gazebo_ws/install/as2_external_object_to_tf:/root/project_gazebo_ws/install/as2_behaviors_platform:/root/project_gazebo_ws/install/as2_behaviors_perception:/root/project_gazebo_ws/install/as2_behaviors_path_planning:/root/project_gazebo_ws/install/as2_behavior_tree:/root/project_gazebo_ws/install/as2_behavior:/root/project_gazebo_ws/install/as2_alphanumeric_viewer:/root/project_gazebo_ws/install/as2_core:/root/project_gazebo_ws/install/as2_msgs:/root/project_gazebo_ws/install/as2_cli:/root/project_gazebo_ws/install/as2_visualization:/root/project_gazebo_ws/install/as2_keyboard_teleoperation:/root/project_gazebo_ws/install/as2_python_api:/opt/ros/humble LD_LIBRARY_PATH=/mission_planning_ws/install/as2_core/lib:/mission_planning_ws/install/as2_msgs/lib:${LD_LIBRARY_PATH} PYTHONPATH=/mission_planning_ws/install/as2_core/local/lib/python3.10/dist-packages:/mission_planning_ws/install/as2_msgs/local/lib/python3.10/dist-packages:${PYTHONPATH} /usr/bin/cmake /mission_planning_ws/src/aerostack2/as2_map_server -DCMAKE_INSTALL_PREFIX=/mission_planning_ws/install/as2_map_server
[0.082s] -- The C compiler identification is GNU 11.4.0
[0.137s] -- The CXX compiler identification is GNU 11.4.0
[0.144s] -- Detecting C compiler ABI info
[0.218s] -- Detecting C compiler ABI info - done
[0.224s] -- Check for working C compiler: /usr/bin/cc - skipped
[0.224s] -- Detecting C compile features
[0.224s] -- Detecting C compile features - done
[0.227s] -- Detecting CXX compiler ABI info
[0.308s] -- Detecting CXX compiler ABI info - done
[0.318s] -- Check for working CXX compiler: /usr/bin/c++ - skipped
[0.318s] -- Detecting CXX compile features
[0.318s] -- Detecting CXX compile features - done
[0.326s] -- Found ament_cmake: 1.3.11 (/opt/ros/humble/share/ament_cmake/cmake)
[0.532s] -- Found Python3: /usr/bin/python3 (found version "3.10.12") found components: Interpreter 
[0.750s] -- Found rclcpp: 16.0.11 (/opt/ros/humble/share/rclcpp/cmake)
[0.903s] -- Found rosidl_generator_c: 3.1.6 (/opt/ros/humble/share/rosidl_generator_c/cmake)
[0.930s] -- Found rosidl_adapter: 3.1.6 (/opt/ros/humble/share/rosidl_adapter/cmake)
[0.960s] -- Found rosidl_generator_cpp: 3.1.6 (/opt/ros/humble/share/rosidl_generator_cpp/cmake)
[0.989s] -- Using all available rosidl_typesupport_c: rosidl_typesupport_fastrtps_c;rosidl_typesupport_introspection_c
[1.035s] -- Using all available rosidl_typesupport_cpp: rosidl_typesupport_fastrtps_cpp;rosidl_typesupport_introspection_cpp
[1.164s] -- Found rmw_implementation_cmake: 6.1.2 (/opt/ros/humble/share/rmw_implementation_cmake/cmake)
[1.173s] -- Found rmw_fastrtps_cpp: 6.2.7 (/opt/ros/humble/share/rmw_fastrtps_cpp/cmake)
[1.347s] -- Found OpenSSL: /usr/lib/x86_64-linux-gnu/libcrypto.so (found version "3.0.2")  
[1.398s] -- Found FastRTPS: /opt/ros/humble/include  
[1.477s] -- Using RMW implementation 'rmw_fastrtps_cpp' as default
[1.507s] -- Looking for pthread.h
[1.604s] -- Looking for pthread.h - found
[1.605s] -- Performing Test CMAKE_HAVE_LIBC_PTHREAD
[1.713s] -- Performing Test CMAKE_HAVE_LIBC_PTHREAD - Success
[1.714s] -- Found Threads: TRUE  
[1.811s] -- Found as2_core: 1.1.2 (/mission_planning_ws/install/as2_core/share/as2_core/cmake)
[2.038s] -- Found eigen3_cmake_module: 0.1.1 (/opt/ros/humble/share/eigen3_cmake_module/cmake)
[2.039s] -- Found Eigen3: TRUE (found version "3.4.0") 
[2.039s] -- Ensuring Eigen3 include directory is part of orocos-kdl CMake target
[2.420s] -- Found OpenCV: /usr (found version "4.5.4") 
[2.445s] -- Found depthimage_to_laserscan: 2.5.1 (/opt/ros/humble/share/depthimage_to_laserscan/cmake)
[2.476s] -- Found ament_lint_auto: 0.12.11 (/opt/ros/humble/share/ament_lint_auto/cmake)
[2.669s] -- Found gtest sources under '/opt/ros/humble/src/gtest_vendor': C++ tests using 'Google Test' will be built
[2.686s] -- Added test 'copyright' to check source files copyright and LICENSE
[2.695s] -- Added test 'cppcheck' to perform static code analysis on C / C++ code
[2.696s] -- Configured cppcheck include dirs: /mission_planning_ws/src/aerostack2/as2_map_server/include;/mission_planning_ws/src/aerostack2/as2_map_server/include/as2_map_server;$<BUILD_INTERFACE:/mission_planning_ws/src/aerostack2/as2_map_server/include>
[2.696s] -- Configured cppcheck exclude dirs and/or files: 
[2.701s] -- Added test 'cpplint' to check C / C++ code against the Google style
[2.701s] -- Configured cpplint exclude dirs and/or files: 
[2.703s] -- Added test 'flake8' to check Python code syntax and style conventions
[2.705s] -- Added test 'lint_cmake' to check CMake code style
[2.707s] -- Added test 'pep257' to check Python code against some of the docstring style conventions in PEP 257
[2.715s] -- Added test 'uncrustify' to check C / C++ code style
[2.715s] -- Configured uncrustify additional arguments: 
[2.717s] -- Added test 'xmllint' to check XML markup files
[2.724s] -- Configuring done
[2.874s] -- Generating done
[2.903s] -- Build files have been written to: /mission_planning_ws/build/as2_map_server
[2.941s] Invoked command in '/mission_planning_ws/build/as2_map_server' returned '0': AMENT_PREFIX_PATH=/mission_planning_ws/install/as2_core:/mission_planning_ws/install/as2_msgs:${AMENT_PREFIX_PATH} CMAKE_PREFIX_PATH=/mission_planning_ws/install/as2_core:/mission_planning_ws/install/as2_msgs:/root/project_gazebo_ws/install/aerostack2:/root/project_gazebo_ws/install/as2_usb_camera_interface:/root/project_gazebo_ws/install/as2_state_estimator:/root/project_gazebo_ws/install/as2_rviz_plugins:/root/project_gazebo_ws/install/as2_realsense_interface:/root/project_gazebo_ws/install/as2_platform_multirotor_simulator:/root/project_gazebo_ws/install/as2_platform_gazebo:/root/project_gazebo_ws/install/as2_motion_controller:/root/project_gazebo_ws/install/as2_behaviors_trajectory_generation:/root/project_gazebo_ws/install/as2_behaviors_motion:/root/project_gazebo_ws/install/as2_motion_reference_handlers:/root/project_gazebo_ws/install/as2_map_server:/root/project_gazebo_ws/install/as2_geozones:/root/project_gazebo_ws/install/as2_gazebo_assets:/root/project_gazebo_ws/install/as2_external_object_to_tf:/root/project_gazebo_ws/install/as2_behaviors_platform:/root/project_gazebo_ws/install/as2_behaviors_perception:/root/project_gazebo_ws/install/as2_behaviors_path_planning:/root/project_gazebo_ws/install/as2_behavior_tree:/root/project_gazebo_ws/install/as2_behavior:/root/project_gazebo_ws/install/as2_alphanumeric_viewer:/root/project_gazebo_ws/install/as2_core:/root/project_gazebo_ws/install/as2_msgs:/root/project_gazebo_ws/install/as2_cli:/root/project_gazebo_ws/install/as2_visualization:/root/project_gazebo_ws/install/as2_keyboard_teleoperation:/root/project_gazebo_ws/install/as2_python_api:/opt/ros/humble LD_LIBRARY_PATH=/mission_planning_ws/install/as2_core/lib:/mission_planning_ws/install/as2_msgs/lib:${LD_LIBRARY_PATH} PYTHONPATH=/mission_planning_ws/install/as2_core/local/lib/python3.10/dist-packages:/mission_planning_ws/install/as2_msgs/local/lib/python3.10/dist-packages:${PYTHONPATH} /usr/bin/cmake /mission_planning_ws/src/aerostack2/as2_map_server -DCMAKE_INSTALL_PREFIX=/mission_planning_ws/install/as2_map_server
[2.942s] Invoking command in '/mission_planning_ws/build/as2_map_server': AMENT_PREFIX_PATH=/mission_planning_ws/install/as2_core:/mission_planning_ws/install/as2_msgs:${AMENT_PREFIX_PATH} CMAKE_PREFIX_PATH=/mission_planning_ws/install/as2_core:/mission_planning_ws/install/as2_msgs:/root/project_gazebo_ws/install/aerostack2:/root/project_gazebo_ws/install/as2_usb_camera_interface:/root/project_gazebo_ws/install/as2_state_estimator:/root/project_gazebo_ws/install/as2_rviz_plugins:/root/project_gazebo_ws/install/as2_realsense_interface:/root/project_gazebo_ws/install/as2_platform_multirotor_simulator:/root/project_gazebo_ws/install/as2_platform_gazebo:/root/project_gazebo_ws/install/as2_motion_controller:/root/project_gazebo_ws/install/as2_behaviors_trajectory_generation:/root/project_gazebo_ws/install/as2_behaviors_motion:/root/project_gazebo_ws/install/as2_motion_reference_handlers:/root/project_gazebo_ws/install/as2_map_server:/root/project_gazebo_ws/install/as2_geozones:/root/project_gazebo_ws/install/as2_gazebo_assets:/root/project_gazebo_ws/install/as2_external_object_to_tf:/root/project_gazebo_ws/install/as2_behaviors_platform:/root/project_gazebo_ws/install/as2_behaviors_perception:/root/project_gazebo_ws/install/as2_behaviors_path_planning:/root/project_gazebo_ws/install/as2_behavior_tree:/root/project_gazebo_ws/install/as2_behavior:/root/project_gazebo_ws/install/as2_alphanumeric_viewer:/root/project_gazebo_ws/install/as2_core:/root/project_gazebo_ws/install/as2_msgs:/root/project_gazebo_ws/install/as2_cli:/root/project_gazebo_ws/install/as2_visualization:/root/project_gazebo_ws/install/as2_keyboard_teleoperation:/root/project_gazebo_ws/install/as2_python_api:/opt/ros/humble LD_LIBRARY_PATH=/mission_planning_ws/install/as2_core/lib:/mission_planning_ws/install/as2_msgs/lib:${LD_LIBRARY_PATH} PYTHONPATH=/mission_planning_ws/install/as2_core/local/lib/python3.10/dist-packages:/mission_planning_ws/install/as2_msgs/local/lib/python3.10/dist-packages:${PYTHONPATH} /usr/bin/cmake --build /mission_planning_ws/build/as2_map_server -- -j22 -l22
[3.221s] [  7%] [32m[1mLinking CXX shared library libas2_map_server_base.so[0m
[3.228s] [ 14%] [32mBuilding CXX object gtest/CMakeFiles/gtest.dir/src/gtest-all.cc.o[0m
[3.242s] [ 21%] [32mBuilding CXX object CMakeFiles/as2_map_server.dir/src/map_server_node.cpp.o[0m
[3.249s] [ 28%] [32mBuilding CXX object CMakeFiles/as2_map_server.dir/src/map_server.cpp.o[0m
[3.254s] [ 35%] [32mBuilding CXX object gtest/CMakeFiles/gtest_main.dir/src/gtest_main.cc.o[0m
[4.471s] [ 35%] Built target as2_map_server_base
[4.637s] [ 42%] [32mBuilding CXX object plugins/scan2occ_grid/CMakeFiles/scan2occ_grid.dir/src/scan2occ_grid.cpp.o[0m
[19.698s] [ 50%] [32m[1mLinking CXX static library libgtest_main.a[0m
[20.858s] [ 50%] Built target gtest_main
[57.223s] [ 57%] [32m[1mLinking CXX static library libgtest.a[0m
[57.435s] [ 57%] Built target gtest
[58.905s] [ 64%] [32m[1mLinking CXX shared library libas2_map_server.so[0m
[59.258s] [ 64%] Built target as2_map_server
[68.493s] [ 71%] [32m[1mLinking CXX shared library libscan2occ_grid.so[0m
[68.835s] [ 71%] Built target scan2occ_grid
[68.878s] [ 78%] [32mBuilding CXX object tests/CMakeFiles/as2_map_server_map_server_gtest.dir/map_server_gtest.cpp.o[0m
[76.681s] [ 85%] [32m[1mLinking CXX executable as2_map_server_map_server_gtest[0m
[77.173s] [ 85%] Built target as2_map_server_map_server_gtest
[77.215s] [ 92%] [32mBuilding CXX object CMakeFiles/as2_map_server_node.dir/src/map_server_node.cpp.o[0m
[83.028s] [100%] [32m[1mLinking CXX executable as2_map_server_node[0m
[83.192s] [100%] Built target as2_map_server_node
[83.244s] Invoked command in '/mission_planning_ws/build/as2_map_server' returned '0': AMENT_PREFIX_PATH=/mission_planning_ws/install/as2_core:/mission_planning_ws/install/as2_msgs:${AMENT_PREFIX_PATH} CMAKE_PREFIX_PATH=/mission_planning_ws/install/as2_core:/mission_planning_ws/install/as2_msgs:/root/project_gazebo_ws/install/aerostack2:/root/project_gazebo_ws/install/as2_usb_camera_interface:/root/project_gazebo_ws/install/as2_state_estimator:/root/project_gazebo_ws/install/as2_rviz_plugins:/root/project_gazebo_ws/install/as2_realsense_interface:/root/project_gazebo_ws/install/as2_platform_multirotor_simulator:/root/project_gazebo_ws/install/as2_platform_gazebo:/root/project_gazebo_ws/install/as2_motion_controller:/root/project_gazebo_ws/install/as2_behaviors_trajectory_generation:/root/project_gazebo_ws/install/as2_behaviors_motion:/root/project_gazebo_ws/install/as2_motion_reference_handlers:/root/project_gazebo_ws/install/as2_map_server:/root/project_gazebo_ws/install/as2_geozones:/root/project_gazebo_ws/install/as2_gazebo_assets:/root/project_gazebo_ws/install/as2_external_object_to_tf:/root/project_gazebo_ws/install/as2_behaviors_platform:/root/project_gazebo_ws/install/as2_behaviors_perception:/root/project_gazebo_ws/install/as2_behaviors_path_planning:/root/project_gazebo_ws/install/as2_behavior_tree:/root/project_gazebo_ws/install/as2_behavior:/root/project_gazebo_ws/install/as2_alphanumeric_viewer:/root/project_gazebo_ws/install/as2_core:/root/project_gazebo_ws/install/as2_msgs:/root/project_gazebo_ws/install/as2_cli:/root/project_gazebo_ws/install/as2_visualization:/root/project_gazebo_ws/install/as2_keyboard_teleoperation:/root/project_gazebo_ws/install/as2_python_api:/opt/ros/humble LD_LIBRARY_PATH=/mission_planning_ws/install/as2_core/lib:/mission_planning_ws/install/as2_msgs/lib:${LD_LIBRARY_PATH} PYTHONPATH=/mission_planning_ws/install/as2_core/local/lib/python3.10/dist-packages:/mission_planning_ws/install/as2_msgs/local/lib/python3.10/dist-packages:${PYTHONPATH} /usr/bin/cmake --build /mission_planning_ws/build/as2_map_server -- -j22 -l22
[83.247s] Invoking command in '/mission_planning_ws/build/as2_map_server': AMENT_PREFIX_PATH=/mission_planning_ws/install/as2_core:/mission_planning_ws/install/as2_msgs:${AMENT_PREFIX_PATH} CMAKE_PREFIX_PATH=/mission_planning_ws/install/as2_core:/mission_planning_ws/install/as2_msgs:/root/project_gazebo_ws/install/aerostack2:/root/project_gazebo_ws/install/as2_usb_camera_interface:/root/project_gazebo_ws/install/as2_state_estimator:/root/project_gazebo_ws/install/as2_rviz_plugins:/root/project_gazebo_ws/install/as2_realsense_interface:/root/project_gazebo_ws/install/as2_platform_multirotor_simulator:/root/project_gazebo_ws/install/as2_platform_gazebo:/root/project_gazebo_ws/install/as2_motion_controller:/root/project_gazebo_ws/install/as2_behaviors_trajectory_generation:/root/project_gazebo_ws/install/as2_behaviors_motion:/root/project_gazebo_ws/install/as2_motion_reference_handlers:/root/project_gazebo_ws/install/as2_map_server:/root/project_gazebo_ws/install/as2_geozones:/root/project_gazebo_ws/install/as2_gazebo_assets:/root/project_gazebo_ws/install/as2_external_object_to_tf:/root/project_gazebo_ws/install/as2_behaviors_platform:/root/project_gazebo_ws/install/as2_behaviors_perception:/root/project_gazebo_ws/install/as2_behaviors_path_planning:/root/project_gazebo_ws/install/as2_behavior_tree:/root/project_gazebo_ws/install/as2_behavior:/root/project_gazebo_ws/install/as2_alphanumeric_viewer:/root/project_gazebo_ws/install/as2_core:/root/project_gazebo_ws/install/as2_msgs:/root/project_gazebo_ws/install/as2_cli:/root/project_gazebo_ws/install/as2_visualization:/root/project_gazebo_ws/install/as2_keyboard_teleoperation:/root/project_gazebo_ws/install/as2_python_api:/opt/ros/humble LD_LIBRARY_PATH=/mission_planning_ws/install/as2_core/lib:/mission_planning_ws/install/as2_msgs/lib:${LD_LIBRARY_PATH} PYTHONPATH=/mission_planning_ws/install/as2_core/local/lib/python3.10/dist-packages:/mission_planning_ws/install/as2_msgs/local/lib/python3.10/dist-packages:${PYTHONPATH} /usr/bin/cmake --install /mission_planning_ws/build/as2_map_server
[86.436s] -- Install configuration: "Release"
[86.436s] -- Installing: /mission_planning_ws/install/as2_map_server/include
[86.437s] -- Installing: /mission_planning_ws/install/as2_map_server/include/as2_map_server
[86.437s] -- Installing: /mission_planning_ws/install/as2_map_server/include/as2_map_server/plugin_base.hpp
[86.437s] -- Installing: /mission_planning_ws/install/as2_map_server/include/as2_map_server/map_server.hpp
[86.437s] -- Installing: /mission_planning_ws/install/as2_map_server/share/as2_map_server/environment/library_path.sh
[86.437s] -- Installing: /mission_planning_ws/install/as2_map_server/share/as2_map_server/environment/library_path.dsv
[86.437s] -- Installing: /mission_planning_ws/install/as2_map_server/lib/libas2_map_server_base.so
[86.437s] -- Set runtime path of "/mission_planning_ws/install/as2_map_server/lib/libas2_map_server_base.so" to ""
[86.437s] -- Up-to-date: /mission_planning_ws/install/as2_map_server/include
[86.437s] -- Up-to-date: /mission_planning_ws/install/as2_map_server/include/as2_map_server
[86.437s] -- Up-to-date: /mission_planning_ws/install/as2_map_server/include/as2_map_server/plugin_base.hpp
[86.437s] -- Up-to-date: /mission_planning_ws/install/as2_map_server/include/as2_map_server/map_server.hpp
[86.437s] -- Installing: /mission_planning_ws/install/as2_map_server/lib/libas2_map_server.so
[86.437s] -- Set runtime path of "/mission_planning_ws/install/as2_map_server/lib/libas2_map_server.so" to ""
[86.437s] -- Installing: /mission_planning_ws/install/as2_map_server/lib/as2_map_server/as2_map_server_node
[86.437s] -- Set runtime path of "/mission_planning_ws/install/as2_map_server/lib/as2_map_server/as2_map_server_node" to ""
[86.437s] -- Installing: /mission_planning_ws/install/as2_map_server/share/as2_map_server/plugins.xml
[86.437s] -- Installing: /mission_planning_ws/install/as2_map_server/share/as2_map_server/launch
[86.437s] -- Installing: /mission_planning_ws/install/as2_map_server/share/as2_map_server/launch/map_server.launch.py
[86.437s] -- Up-to-date: /mission_planning_ws/install/as2_map_server/share/as2_map_server/launch
[86.437s] -- Installing: /mission_planning_ws/install/as2_map_server/share/as2_map_server/launch/scan2occ_grid-map_server.launch.py
[86.438s] -- Installing: /mission_planning_ws/install/as2_map_server/share/as2_map_server/plugins/scan2occ_grid/config
[86.438s] -- Installing: /mission_planning_ws/install/as2_map_server/share/as2_map_server/plugins/scan2occ_grid/config/plugin_default.yaml
[86.438s] -- Up-to-date: /mission_planning_ws/install/as2_map_server/share/as2_map_server/launch
[86.438s] -- Installing: /mission_planning_ws/install/as2_map_server/share/as2_map_server/launch/depth2occ_grid-map_server.launch.py
[86.438s] -- Installing: /mission_planning_ws/install/as2_map_server/share/as2_map_server/plugins/depth2occ_grid/config
[86.438s] -- Installing: /mission_planning_ws/install/as2_map_server/share/as2_map_server/plugins/depth2occ_grid/config/plugin_default.yaml
[86.438s] -- Installing: /mission_planning_ws/install/as2_map_server/share/ament_index/resource_index/package_run_dependencies/as2_map_server
[86.438s] -- Installing: /mission_planning_ws/install/as2_map_server/share/ament_index/resource_index/parent_prefix_path/as2_map_server
[86.438s] -- Installing: /mission_planning_ws/install/as2_map_server/share/as2_map_server/environment/ament_prefix_path.sh
[86.438s] -- Installing: /mission_planning_ws/install/as2_map_server/share/as2_map_server/environment/ament_prefix_path.dsv
[86.438s] -- Installing: /mission_planning_ws/install/as2_map_server/share/as2_map_server/environment/path.sh
[86.438s] -- Installing: /mission_planning_ws/install/as2_map_server/share/as2_map_server/environment/path.dsv
[86.438s] -- Installing: /mission_planning_ws/install/as2_map_server/share/as2_map_server/local_setup.bash
[86.438s] -- Installing: /mission_planning_ws/install/as2_map_server/share/as2_map_server/local_setup.sh
[86.438s] -- Installing: /mission_planning_ws/install/as2_map_server/share/as2_map_server/local_setup.zsh
[86.438s] -- Installing: /mission_planning_ws/install/as2_map_server/share/as2_map_server/local_setup.dsv
[86.439s] -- Installing: /mission_planning_ws/install/as2_map_server/share/as2_map_server/package.dsv
[86.439s] -- Installing: /mission_planning_ws/install/as2_map_server/share/ament_index/resource_index/packages/as2_map_server
[86.439s] -- Installing: /mission_planning_ws/install/as2_map_server/share/ament_index/resource_index/as2_map_server__pluginlib__plugin/as2_map_server
[86.439s] -- Installing: /mission_planning_ws/install/as2_map_server/share/as2_map_server/cmake/export_as2_map_server_baseExport.cmake
[86.439s] -- Installing: /mission_planning_ws/install/as2_map_server/share/as2_map_server/cmake/export_as2_map_server_baseExport-release.cmake
[86.439s] -- Installing: /mission_planning_ws/install/as2_map_server/share/as2_map_server/cmake/export_as2_map_serverExport.cmake
[86.439s] -- Installing: /mission_planning_ws/install/as2_map_server/share/as2_map_server/cmake/export_as2_map_serverExport-release.cmake
[86.439s] -- Installing: /mission_planning_ws/install/as2_map_server/share/as2_map_server/cmake/ament_cmake_export_libraries-extras.cmake
[86.439s] -- Installing: /mission_planning_ws/install/as2_map_server/share/as2_map_server/cmake/ament_cmake_export_targets-extras.cmake
[86.439s] -- Installing: /mission_planning_ws/install/as2_map_server/share/as2_map_server/cmake/ament_cmake_export_include_directories-extras.cmake
[86.439s] -- Installing: /mission_planning_ws/install/as2_map_server/share/as2_map_server/cmake/as2_map_serverConfig.cmake
[86.439s] -- Installing: /mission_planning_ws/install/as2_map_server/share/as2_map_server/cmake/as2_map_serverConfig-version.cmake
[86.439s] -- Installing: /mission_planning_ws/install/as2_map_server/share/as2_map_server/package.xml
[86.439s] -- Up-to-date: /mission_planning_ws/install/as2_map_server/include
[86.439s] -- Installing: /mission_planning_ws/install/as2_map_server/include/scan2occ_grid.hpp
[86.439s] -- Installing: /mission_planning_ws/install/as2_map_server/lib/libscan2occ_grid.so
[86.439s] -- Set runtime path of "/mission_planning_ws/install/as2_map_server/lib/libscan2occ_grid.so" to ""
[86.491s] Invoked command in '/mission_planning_ws/build/as2_map_server' returned '0': AMENT_PREFIX_PATH=/mission_planning_ws/install/as2_core:/mission_planning_ws/install/as2_msgs:${AMENT_PREFIX_PATH} CMAKE_PREFIX_PATH=/mission_planning_ws/install/as2_core:/mission_planning_ws/install/as2_msgs:/root/project_gazebo_ws/install/aerostack2:/root/project_gazebo_ws/install/as2_usb_camera_interface:/root/project_gazebo_ws/install/as2_state_estimator:/root/project_gazebo_ws/install/as2_rviz_plugins:/root/project_gazebo_ws/install/as2_realsense_interface:/root/project_gazebo_ws/install/as2_platform_multirotor_simulator:/root/project_gazebo_ws/install/as2_platform_gazebo:/root/project_gazebo_ws/install/as2_motion_controller:/root/project_gazebo_ws/install/as2_behaviors_trajectory_generation:/root/project_gazebo_ws/install/as2_behaviors_motion:/root/project_gazebo_ws/install/as2_motion_reference_handlers:/root/project_gazebo_ws/install/as2_map_server:/root/project_gazebo_ws/install/as2_geozones:/root/project_gazebo_ws/install/as2_gazebo_assets:/root/project_gazebo_ws/install/as2_external_object_to_tf:/root/project_gazebo_ws/install/as2_behaviors_platform:/root/project_gazebo_ws/install/as2_behaviors_perception:/root/project_gazebo_ws/install/as2_behaviors_path_planning:/root/project_gazebo_ws/install/as2_behavior_tree:/root/project_gazebo_ws/install/as2_behavior:/root/project_gazebo_ws/install/as2_alphanumeric_viewer:/root/project_gazebo_ws/install/as2_core:/root/project_gazebo_ws/install/as2_msgs:/root/project_gazebo_ws/install/as2_cli:/root/project_gazebo_ws/install/as2_visualization:/root/project_gazebo_ws/install/as2_keyboard_teleoperation:/root/project_gazebo_ws/install/as2_python_api:/opt/ros/humble LD_LIBRARY_PATH=/mission_planning_ws/install/as2_core/lib:/mission_planning_ws/install/as2_msgs/lib:${LD_LIBRARY_PATH} PYTHONPATH=/mission_planning_ws/install/as2_core/local/lib/python3.10/dist-packages:/mission_planning_ws/install/as2_msgs/local/lib/python3.10/dist-packages:${PYTHONPATH} /usr/bin/cmake --install /mission_planning_ws/build/as2_map_server
