-- The C compiler identification is GNU 11.4.0
-- The CXX compiler identification is GNU 11.4.0
-- Detecting C compiler ABI info
-- Detecting C compiler ABI info - done
-- Check for working C compiler: /usr/bin/cc - skipped
-- Detecting C compile features
-- Detecting C compile features - done
-- Detecting CXX compiler ABI info
-- Detecting CXX compiler ABI info - done
-- Check for working CXX compiler: /usr/bin/c++ - skipped
-- Detecting CXX compile features
-- Detecting CXX compile features - done
-- Looking for ignition-gazebo6 -- found version 6.17.0
-- Searching for dependencies of ignition-gazebo6
-- Looking for sdformat12 -- found version 12.8.0
-- Searching for dependencies of sdformat12
-- Checking for module 'tinyxml2'
--   Found tinyxml2, version 9.0.0
-- Looking for ignition-math6 -- found version 6.15.1
-- Searching for dependencies of ignition-math6
-- Looking for ignition-utils1 -- found version 1.5.1
-- Searching for dependencies of ignition-utils1
-- Looking for ignition-plugin1 -- found version 1.4.0
-- Searching for dependencies of ignition-plugin1
-- Searching for <ignition-plugin1> component [loader]
-- Looking for ignition-plugin1-loader -- found version 1.4.0
-- Searching for dependencies of ignition-plugin1-loader
-- Searching for <ignition-plugin1> component [register]
-- Looking for ignition-plugin1-register -- found version 1.4.0
-- Searching for dependencies of ignition-plugin1-register
-- Looking for ignition-transport11 -- found version 11.4.1
-- Searching for dependencies of ignition-transport11
-- Found Protobuf: /usr/lib/x86_64-linux-gnu/libprotobuf.so (found version "3.12.4") 
-- Config-file not installed for ZeroMQ -- checking for pkg-config
-- Checking for module 'libzmq >= 4'
--   Found libzmq , version 4.3.4
-- Found ZeroMQ: TRUE (Required is at least version "4") 
-- Checking for module 'uuid'
--   Found uuid, version 2.37.2
-- Found UUID: TRUE  
-- Looking for ignition-utils1 -- found version 1.5.1
-- Searching for dependencies of ignition-utils1
-- Searching for <ignition-utils1> component [cli]
-- Looking for ignition-utils1-cli -- found version 1.5.1
-- Searching for dependencies of ignition-utils1-cli
-- Looking for ignition-msgs8 -- found version 8.7.0
-- Searching for dependencies of ignition-msgs8
-- Found Protobuf: /usr/lib/x86_64-linux-gnu/libprotobuf.so (found suitable version "3.12.4", minimum required is "3") 
-- Looking for ignition-math6 -- found version 6.15.1
-- Searching for <ignition-transport11> component [log]
-- Looking for ignition-transport11-log -- found version 11.4.1
-- Searching for dependencies of ignition-transport11-log
-- Searching for <ignition-transport11> component [parameters]
-- Looking for ignition-transport11-parameters -- found version 11.4.1
-- Searching for dependencies of ignition-transport11-parameters
-- Looking for ignition-msgs8 -- found version 8.7.0
-- Looking for ignition-common4 -- found version 4.7.0
-- Searching for dependencies of ignition-common4
-- Looking for dlfcn.h - found
-- Looking for libdl - found
-- Found DL: TRUE  
-- Searching for <ignition-common4> component [profiler]
-- Looking for ignition-common4-profiler -- found version 4.7.0
-- Searching for dependencies of ignition-common4-profiler
-- Searching for <ignition-common4> component [events]
-- Looking for ignition-common4-events -- found version 4.7.0
-- Searching for dependencies of ignition-common4-events
-- Looking for ignition-math6 -- found version 6.15.1
-- Searching for <ignition-common4> component [av]
-- Looking for ignition-common4-av -- found version 4.7.0
-- Searching for dependencies of ignition-common4-av
-- Checking for module 'libswscale'
--   Found libswscale, version 5.9.100
-- Found SWSCALE: TRUE  
-- Checking for module 'libavdevice >= 56.4.100'
--   Found libavdevice , version 58.13.100
-- Found AVDEVICE: TRUE (Required is at least version "56.4.100") 
-- Checking for module 'libavformat'
--   Found libavformat, version 58.76.100
-- Found AVFORMAT: TRUE  
-- Checking for module 'libavcodec'
--   Found libavcodec, version 58.134.100
-- Found AVCODEC: TRUE  
-- Checking for module 'libavutil'
--   Found libavutil, version 56.70.100
-- Found AVUTIL: TRUE  
-- Looking for ignition-fuel_tools7 -- found version 7.3.1
-- Searching for dependencies of ignition-fuel_tools7
-- Found CURL: /usr/lib/x86_64-linux-gnu/libcurl.so (found version "7.81.0")  
-- Checking for module 'jsoncpp'
--   Found jsoncpp, version 1.9.5
-- Found JSONCPP: TRUE  
-- Checking for module 'libzip'
--   Found libzip, version 1.7.3
-- Found ZIP: TRUE  
-- Looking for ignition-common4 -- found version 4.7.0
-- Looking for ignition-math6 -- found version 6.15.1
-- Looking for ignition-msgs8 -- found version 8.7.0
-- Looking for ignition-gui6 -- found version 6.8.0
-- Searching for dependencies of ignition-gui6
-- Looking for ignition-math6 -- found version 6.15.1
-- Looking for ignition-common4 -- found version 4.7.0
-- Looking for ignition-plugin1 -- found version 1.4.0
-- Looking for ignition-transport11 -- found version 11.4.1
-- Looking for ignition-rendering6 -- found version 6.6.3
-- Searching for dependencies of ignition-rendering6
-- Looking for ignition-math6 -- found version 6.15.1
-- Searching for dependencies of ignition-math6
-- Searching for <ignition-math6> component [eigen3]
-- Looking for ignition-math6-eigen3 -- found version 6.15.1
-- Searching for dependencies of ignition-math6-eigen3
-- Looking for ignition-common4 -- found version 4.7.0
-- Searching for dependencies of ignition-common4
-- Looking for dlfcn.h - found
-- Looking for libdl - found
-- Searching for <ignition-common4> component [graphics]
-- Looking for ignition-common4-graphics -- found version 4.7.0
-- Searching for dependencies of ignition-common4-graphics
-- Looking for ignition-math6 -- found version 6.15.1
-- Looking for ignition-utils1 -- found version 1.5.1
-- Searching for <ignition-common4> component [events]
-- Looking for ignition-plugin1 -- found version 1.4.0
-- Searching for dependencies of ignition-plugin1
-- Searching for <ignition-plugin1> component [all]
-- Looking for all libraries of ignition-plugin1 -- found version 1.4.0
-- Looking for ignition-plugin1 -- found version 1.4.0
-- Looking for ignition-msgs8 -- found version 8.7.0
-- Looking for ignition-physics5 -- found version 5.3.2
-- Searching for dependencies of ignition-physics5
-- Looking for ignition-math6 -- found version 6.15.1
-- Looking for ignition-plugin1 -- found version 1.4.0
-- Looking for ignition-utils1 -- found version 1.5.1
-- Searching for <ignition-physics5> component [heightmap]
-- Looking for ignition-physics5-heightmap -- found version 5.3.2
-- Searching for dependencies of ignition-physics5-heightmap
-- Looking for ignition-common4 -- found version 4.7.0
-- Searching for <ignition-physics5> component [mesh]
-- Looking for ignition-physics5-mesh -- found version 5.3.2
-- Searching for dependencies of ignition-physics5-mesh
-- Looking for ignition-common4 -- found version 4.7.0
-- Searching for <ignition-physics5> component [sdf]
-- Looking for ignition-physics5-sdf -- found version 5.3.2
-- Searching for dependencies of ignition-physics5-sdf
-- Looking for sdformat12 -- found version 12.8.0
-- Looking for ignition-sensors6 -- found version 6.8.1
-- Searching for dependencies of ignition-sensors6
-- Found Protobuf: /usr/lib/x86_64-linux-gnu/libprotobuf.so (found version "3.12.4") 
-- Looking for ignition-math6 -- found version 6.15.1
-- Looking for ignition-common4 -- found version 4.7.0
-- Looking for ignition-transport11 -- found version 11.4.1
-- Looking for ignition-rendering6 -- found version 6.6.3
-- Looking for ignition-msgs8 -- found version 8.7.0
-- Looking for sdformat12 -- found version 12.8.0
-- Searching for <ignition-sensors6> component [air_pressure]
-- Looking for ignition-sensors6-air_pressure -- found version 6.8.1
-- Searching for dependencies of ignition-sensors6-air_pressure
-- Searching for <ignition-sensors6> component [altimeter]
-- Looking for ignition-sensors6-altimeter -- found version 6.8.1
-- Searching for dependencies of ignition-sensors6-altimeter
-- Searching for <ignition-sensors6> component [imu]
-- Looking for ignition-sensors6-imu -- found version 6.8.1
-- Searching for dependencies of ignition-sensors6-imu
-- Searching for <ignition-sensors6> component [force_torque]
-- Looking for ignition-sensors6-force_torque -- found version 6.8.1
-- Searching for dependencies of ignition-sensors6-force_torque
-- Searching for <ignition-sensors6> component [logical_camera]
-- Looking for ignition-sensors6-logical_camera -- found version 6.8.1
-- Searching for dependencies of ignition-sensors6-logical_camera
-- Searching for <ignition-sensors6> component [magnetometer]
-- Looking for ignition-sensors6-magnetometer -- found version 6.8.1
-- Searching for dependencies of ignition-sensors6-magnetometer
-- Searching for <ignition-sensors6> component [navsat]
-- Looking for ignition-sensors6-navsat -- found version 6.8.1
-- Searching for dependencies of ignition-sensors6-navsat
-- Searching for <ignition-sensors6> component [rendering]
-- Looking for ignition-sensors6-rendering -- found version 6.8.1
-- Searching for dependencies of ignition-sensors6-rendering
-- Searching for <ignition-sensors6> component [lidar]
-- Looking for ignition-sensors6-lidar -- found version 6.8.1
-- Searching for dependencies of ignition-sensors6-lidar
-- Looking for ignition-sensors6 -- found version 6.8.1
-- Searching for <ignition-sensors6> component [gpu_lidar]
-- Looking for ignition-sensors6-gpu_lidar -- found version 6.8.1
-- Searching for dependencies of ignition-sensors6-gpu_lidar
-- Looking for ignition-sensors6 -- found version 6.8.1
-- Searching for <ignition-sensors6> component [camera]
-- Looking for ignition-sensors6-camera -- found version 6.8.1
-- Searching for dependencies of ignition-sensors6-camera
-- Looking for ignition-sensors6 -- found version 6.8.1
-- Searching for <ignition-sensors6> component [boundingbox_camera]
-- Looking for ignition-sensors6-boundingbox_camera -- found version 6.8.1
-- Searching for dependencies of ignition-sensors6-boundingbox_camera
-- Searching for <ignition-sensors6> component [segmentation_camera]
-- Looking for ignition-sensors6-segmentation_camera -- found version 6.8.1
-- Searching for dependencies of ignition-sensors6-segmentation_camera
-- Searching for <ignition-sensors6> component [depth_camera]
-- Looking for ignition-sensors6-depth_camera -- found version 6.8.1
-- Searching for dependencies of ignition-sensors6-depth_camera
-- Looking for ignition-sensors6 -- found version 6.8.1
-- Searching for <ignition-sensors6> component [rgbd_camera]
-- Looking for ignition-sensors6-rgbd_camera -- found version 6.8.1
-- Searching for dependencies of ignition-sensors6-rgbd_camera
-- Looking for ignition-sensors6 -- found version 6.8.1
-- Searching for <ignition-sensors6> component [thermal_camera]
-- Looking for ignition-sensors6-thermal_camera -- found version 6.8.1
-- Searching for dependencies of ignition-sensors6-thermal_camera
-- Looking for ignition-sensors6 -- found version 6.8.1
-- Looking for ignition-rendering6 -- found version 6.6.3
-- Looking for ignition-math6 -- found version 6.15.1
-- Looking for ignition-utils1 -- found version 1.5.1
-- Looking for ignition-common4 -- found version 4.7.0
-- Looking for ignition-math6 -- found version 6.15.1
-- Looking for ignition-transport11 -- found version 11.4.1
-- Looking for ignition-plugin1 -- found version 1.4.0
-- Looking for ignition-rendering6 -- found version 6.6.3
-- Looking for ignition-msgs8 -- found version 8.7.0
-- Found ament_cmake: 1.3.11 (/opt/ros/humble/share/ament_cmake/cmake)
-- Found Python3: /usr/bin/python3 (found version "3.10.12") found components: Interpreter 
-- Found ros_gz_sim: 0.244.16 (/opt/ros/humble/share/ros_gz_sim/cmake)
-- Found rosidl_generator_c: 3.1.6 (/opt/ros/humble/share/rosidl_generator_c/cmake)
-- Found rosidl_adapter: 3.1.6 (/opt/ros/humble/share/rosidl_adapter/cmake)
-- Found rosidl_generator_cpp: 3.1.6 (/opt/ros/humble/share/rosidl_generator_cpp/cmake)
-- Using all available rosidl_typesupport_c: rosidl_typesupport_fastrtps_c;rosidl_typesupport_introspection_c
-- Using all available rosidl_typesupport_cpp: rosidl_typesupport_fastrtps_cpp;rosidl_typesupport_introspection_cpp
-- Found rmw_implementation_cmake: 6.1.2 (/opt/ros/humble/share/rmw_implementation_cmake/cmake)
-- Found rmw_fastrtps_cpp: 6.2.7 (/opt/ros/humble/share/rmw_fastrtps_cpp/cmake)
-- Found OpenSSL: /usr/lib/x86_64-linux-gnu/libcrypto.so (found version "3.0.2")  
-- Found FastRTPS: /opt/ros/humble/include  
-- Using RMW implementation 'rmw_fastrtps_cpp' as default
-- Found Threads: TRUE  
-- Found ros_gz_bridge: 0.244.16 (/opt/ros/humble/share/ros_gz_bridge/cmake)
-- Found as2_core: 1.1.2 (/mission_planning_ws/src/install/as2_core/share/as2_core/cmake)
-- Found eigen3_cmake_module: 0.1.1 (/opt/ros/humble/share/eigen3_cmake_module/cmake)
-- Found Eigen3: TRUE (found version "3.4.0") 
-- Ensuring Eigen3 include directory is part of orocos-kdl CMake target
-- Found ament_lint_auto: 0.12.11 (/opt/ros/humble/share/ament_lint_auto/cmake)
-- Found ament_cmake_pytest: 1.3.11 (/opt/ros/humble/share/ament_cmake_pytest/cmake)
-- Added test 'copyright' to check source files copyright and LICENSE
-- Added test 'cppcheck' to perform static code analysis on C / C++ code
-- Configured cppcheck include dirs: /mission_planning_ws/src/aerostack2/as2_simulation_assets/as2_gazebo_assets/include;/mission_planning_ws/src/aerostack2/as2_simulation_assets/as2_gazebo_assets/include/as2_gazebo_assets
-- Configured cppcheck exclude dirs and/or files: 
-- Added test 'cpplint' to check C / C++ code against the Google style
-- Configured cpplint exclude dirs and/or files: 
-- Added test 'flake8' to check Python code syntax and style conventions
-- Added test 'lint_cmake' to check CMake code style
-- Added test 'pep257' to check Python code against some of the docstring style conventions in PEP 257
-- Added test 'uncrustify' to check C / C++ code style
-- Configured uncrustify additional arguments: 
-- Added test 'xmllint' to check XML markup files
-- Configuring done
-- Generating done
-- Build files have been written to: /mission_planning_ws/src/build/as2_gazebo_assets
[  4%] [32mBuilding CXX object CMakeFiles/gps_bridge.dir/src/gps_bridge/gps_bridge.cpp.o[0m
[  8%] [32mBuilding CXX object CMakeFiles/gps_bridge.dir/src/gps_bridge/gps_bridge_node.cpp.o[0m
[ 12%] [32m[1mLinking CXX executable gps_bridge[0m
[ 12%] Built target gps_bridge
[ 12%] Built target ament_cmake_python_copy_as2_gazebo_assets
[ 16%] [32mBuilding CXX object CMakeFiles/MulticopterINDIControl.dir/plugins/indi-control_ign/INDIControlPlugin.cpp.o[0m
[ 20%] [32mBuilding CXX object CMakeFiles/MulticopterINDIControl.dir/plugins/indi-control_ign/Common.cpp.o[0m
[ 25%] [32m[1mLinking CXX shared library libMulticopterINDIControl.so[0m
[ 25%] Built target MulticopterINDIControl
running egg_info
creating as2_gazebo_assets.egg-info
writing as2_gazebo_assets.egg-info/PKG-INFO
writing dependency_links to as2_gazebo_assets.egg-info/dependency_links.txt
writing top-level names to as2_gazebo_assets.egg-info/top_level.txt
writing manifest file 'as2_gazebo_assets.egg-info/SOURCES.txt'
reading manifest file 'as2_gazebo_assets.egg-info/SOURCES.txt'
writing manifest file 'as2_gazebo_assets.egg-info/SOURCES.txt'
[ 25%] Built target ament_cmake_python_build_as2_gazebo_assets_egg
[ 29%] [32mBuilding CXX object CMakeFiles/set_entity_pose_bridge.dir/src/set_entity_pose_bridge/set_entity_pose_bridge.cpp.o[0m
[ 33%] [32mBuilding CXX object CMakeFiles/set_entity_pose_bridge.dir/src/set_entity_pose_bridge/set_entity_pose_bridge_node.cpp.o[0m
[ 37%] [32m[1mLinking CXX executable set_entity_pose_bridge[0m
[ 37%] Built target set_entity_pose_bridge
[ 41%] [32mBuilding CXX object CMakeFiles/acro_bridge.dir/src/acro_bridge/acro_bridge_node.cpp.o[0m
[ 45%] [32mBuilding CXX object CMakeFiles/azimuth_bridge.dir/src/azimuth_bridge/azimuth_bridge.cpp.o[0m
[ 54%] [32mBuilding CXX object CMakeFiles/object_tf_broadcaster.dir/src/object_tf_broadcaster/object_tf_broadcaster_node.cpp.o[0m
[ 54%] [32mBuilding CXX object CMakeFiles/object_tf_broadcaster.dir/src/object_tf_broadcaster/object_tf_broadcaster.cpp.o[0m
[ 58%] [32mBuilding CXX object CMakeFiles/acro_bridge.dir/src/acro_bridge/acro_bridge.cpp.o[0m
[ 62%] [32mBuilding CXX object CMakeFiles/azimuth_bridge.dir/src/azimuth_bridge/azimuth_bridge_node.cpp.o[0m
[ 66%] [32mBuilding CXX object CMakeFiles/gimbal_bridge.dir/src/gimbal_bridge/gimbal_bridge.cpp.o[0m
[ 70%] [32mBuilding CXX object CMakeFiles/gimbal_bridge.dir/src/gimbal_bridge/gimbal_bridge_node.cpp.o[0m
[ 75%] [32mBuilding CXX object CMakeFiles/ground_truth_bridge.dir/src/ground_truth_bridge/ground_truth_bridge.cpp.o[0m
[ 79%] [32mBuilding CXX object CMakeFiles/ground_truth_bridge.dir/src/ground_truth_bridge/ground_truth_bridge_node.cpp.o[0m
[ 83%] [32m[1mLinking CXX executable azimuth_bridge[0m
[ 87%] [32m[1mLinking CXX executable object_tf_broadcaster[0m
[ 87%] Built target azimuth_bridge
[ 87%] Built target object_tf_broadcaster
[ 91%] [32m[1mLinking CXX executable ground_truth_bridge[0m
[ 95%] [32m[1mLinking CXX executable acro_bridge[0m
[ 95%] Built target acro_bridge
[ 95%] Built target ground_truth_bridge
[100%] [32m[1mLinking CXX executable gimbal_bridge[0m
[100%] Built target gimbal_bridge
-- Install configuration: ""
-- Installing: /mission_planning_ws/src/install/as2_gazebo_assets/share/as2_gazebo_assets/environment/resource_paths.dsv
-- Installing: /mission_planning_ws/src/install/as2_gazebo_assets/share/as2_gazebo_assets/environment/resource_paths.sh
-- Installing: /mission_planning_ws/src/install/as2_gazebo_assets/lib/as2_gazebo_assets/azimuth_bridge
-- Set runtime path of "/mission_planning_ws/src/install/as2_gazebo_assets/lib/as2_gazebo_assets/azimuth_bridge" to ""
-- Installing: /mission_planning_ws/src/install/as2_gazebo_assets/lib/as2_gazebo_assets/gps_bridge
-- Set runtime path of "/mission_planning_ws/src/install/as2_gazebo_assets/lib/as2_gazebo_assets/gps_bridge" to ""
-- Installing: /mission_planning_ws/src/install/as2_gazebo_assets/lib/as2_gazebo_assets/ground_truth_bridge
-- Set runtime path of "/mission_planning_ws/src/install/as2_gazebo_assets/lib/as2_gazebo_assets/ground_truth_bridge" to ""
-- Installing: /mission_planning_ws/src/install/as2_gazebo_assets/lib/as2_gazebo_assets/object_tf_broadcaster
-- Set runtime path of "/mission_planning_ws/src/install/as2_gazebo_assets/lib/as2_gazebo_assets/object_tf_broadcaster" to ""
-- Installing: /mission_planning_ws/src/install/as2_gazebo_assets/lib/as2_gazebo_assets/gimbal_bridge
-- Set runtime path of "/mission_planning_ws/src/install/as2_gazebo_assets/lib/as2_gazebo_assets/gimbal_bridge" to ""
-- Installing: /mission_planning_ws/src/install/as2_gazebo_assets/lib/as2_gazebo_assets/acro_bridge
-- Set runtime path of "/mission_planning_ws/src/install/as2_gazebo_assets/lib/as2_gazebo_assets/acro_bridge" to ""
-- Installing: /mission_planning_ws/src/install/as2_gazebo_assets/lib/as2_gazebo_assets/set_entity_pose_bridge
-- Set runtime path of "/mission_planning_ws/src/install/as2_gazebo_assets/lib/as2_gazebo_assets/set_entity_pose_bridge" to ""
-- Installing: /mission_planning_ws/src/install/as2_gazebo_assets/lib/libMulticopterINDIControl.so
-- Installing: /mission_planning_ws/src/install/as2_gazebo_assets/share/as2_gazebo_assets/environment/pythonpath.sh
-- Installing: /mission_planning_ws/src/install/as2_gazebo_assets/share/as2_gazebo_assets/environment/pythonpath.dsv
-- Installing: /mission_planning_ws/src/install/as2_gazebo_assets/local/lib/python3.10/dist-packages/as2_gazebo_assets-1.1.2-py3.10.egg-info
-- Installing: /mission_planning_ws/src/install/as2_gazebo_assets/local/lib/python3.10/dist-packages/as2_gazebo_assets-1.1.2-py3.10.egg-info/dependency_links.txt
-- Installing: /mission_planning_ws/src/install/as2_gazebo_assets/local/lib/python3.10/dist-packages/as2_gazebo_assets-1.1.2-py3.10.egg-info/PKG-INFO
-- Installing: /mission_planning_ws/src/install/as2_gazebo_assets/local/lib/python3.10/dist-packages/as2_gazebo_assets-1.1.2-py3.10.egg-info/top_level.txt
-- Installing: /mission_planning_ws/src/install/as2_gazebo_assets/local/lib/python3.10/dist-packages/as2_gazebo_assets-1.1.2-py3.10.egg-info/SOURCES.txt
-- Installing: /mission_planning_ws/src/install/as2_gazebo_assets/local/lib/python3.10/dist-packages/as2_gazebo_assets
-- Installing: /mission_planning_ws/src/install/as2_gazebo_assets/local/lib/python3.10/dist-packages/as2_gazebo_assets/__init__.py
-- Installing: /mission_planning_ws/src/install/as2_gazebo_assets/local/lib/python3.10/dist-packages/as2_gazebo_assets/tests
-- Installing: /mission_planning_ws/src/install/as2_gazebo_assets/local/lib/python3.10/dist-packages/as2_gazebo_assets/tests/test_models.py
-- Installing: /mission_planning_ws/src/install/as2_gazebo_assets/local/lib/python3.10/dist-packages/as2_gazebo_assets/utils
-- Installing: /mission_planning_ws/src/install/as2_gazebo_assets/local/lib/python3.10/dist-packages/as2_gazebo_assets/utils/launch_exception.py
-- Installing: /mission_planning_ws/src/install/as2_gazebo_assets/local/lib/python3.10/dist-packages/as2_gazebo_assets/world.py
-- Installing: /mission_planning_ws/src/install/as2_gazebo_assets/local/lib/python3.10/dist-packages/as2_gazebo_assets/bridges
-- Installing: /mission_planning_ws/src/install/as2_gazebo_assets/local/lib/python3.10/dist-packages/as2_gazebo_assets/bridges/bridge.py
-- Installing: /mission_planning_ws/src/install/as2_gazebo_assets/local/lib/python3.10/dist-packages/as2_gazebo_assets/bridges/__init__.py
-- Installing: /mission_planning_ws/src/install/as2_gazebo_assets/local/lib/python3.10/dist-packages/as2_gazebo_assets/bridges/custom_bridges.py
-- Installing: /mission_planning_ws/src/install/as2_gazebo_assets/local/lib/python3.10/dist-packages/as2_gazebo_assets/bridges/bridges.py
-- Installing: /mission_planning_ws/src/install/as2_gazebo_assets/local/lib/python3.10/dist-packages/as2_gazebo_assets/models
-- Installing: /mission_planning_ws/src/install/as2_gazebo_assets/local/lib/python3.10/dist-packages/as2_gazebo_assets/models/drone.py
-- Installing: /mission_planning_ws/src/install/as2_gazebo_assets/local/lib/python3.10/dist-packages/as2_gazebo_assets/models/__init__.py
-- Installing: /mission_planning_ws/src/install/as2_gazebo_assets/local/lib/python3.10/dist-packages/as2_gazebo_assets/models/entity.py
-- Installing: /mission_planning_ws/src/install/as2_gazebo_assets/local/lib/python3.10/dist-packages/as2_gazebo_assets/models/payload.py
-- Installing: /mission_planning_ws/src/install/as2_gazebo_assets/local/lib/python3.10/dist-packages/as2_gazebo_assets/models/object.py
Listing '/mission_planning_ws/src/install/as2_gazebo_assets/local/lib/python3.10/dist-packages/as2_gazebo_assets'...
Compiling '/mission_planning_ws/src/install/as2_gazebo_assets/local/lib/python3.10/dist-packages/as2_gazebo_assets/__init__.py'...
Listing '/mission_planning_ws/src/install/as2_gazebo_assets/local/lib/python3.10/dist-packages/as2_gazebo_assets/bridges'...
Compiling '/mission_planning_ws/src/install/as2_gazebo_assets/local/lib/python3.10/dist-packages/as2_gazebo_assets/bridges/__init__.py'...
Compiling '/mission_planning_ws/src/install/as2_gazebo_assets/local/lib/python3.10/dist-packages/as2_gazebo_assets/bridges/bridge.py'...
Compiling '/mission_planning_ws/src/install/as2_gazebo_assets/local/lib/python3.10/dist-packages/as2_gazebo_assets/bridges/bridges.py'...
Compiling '/mission_planning_ws/src/install/as2_gazebo_assets/local/lib/python3.10/dist-packages/as2_gazebo_assets/bridges/custom_bridges.py'...
Listing '/mission_planning_ws/src/install/as2_gazebo_assets/local/lib/python3.10/dist-packages/as2_gazebo_assets/models'...
Compiling '/mission_planning_ws/src/install/as2_gazebo_assets/local/lib/python3.10/dist-packages/as2_gazebo_assets/models/__init__.py'...
Compiling '/mission_planning_ws/src/install/as2_gazebo_assets/local/lib/python3.10/dist-packages/as2_gazebo_assets/models/drone.py'...
Compiling '/mission_planning_ws/src/install/as2_gazebo_assets/local/lib/python3.10/dist-packages/as2_gazebo_assets/models/entity.py'...
Compiling '/mission_planning_ws/src/install/as2_gazebo_assets/local/lib/python3.10/dist-packages/as2_gazebo_assets/models/object.py'...
Compiling '/mission_planning_ws/src/install/as2_gazebo_assets/local/lib/python3.10/dist-packages/as2_gazebo_assets/models/payload.py'...
Listing '/mission_planning_ws/src/install/as2_gazebo_assets/local/lib/python3.10/dist-packages/as2_gazebo_assets/tests'...
Compiling '/mission_planning_ws/src/install/as2_gazebo_assets/local/lib/python3.10/dist-packages/as2_gazebo_assets/tests/test_models.py'...
Listing '/mission_planning_ws/src/install/as2_gazebo_assets/local/lib/python3.10/dist-packages/as2_gazebo_assets/utils'...
Compiling '/mission_planning_ws/src/install/as2_gazebo_assets/local/lib/python3.10/dist-packages/as2_gazebo_assets/utils/launch_exception.py'...
Compiling '/mission_planning_ws/src/install/as2_gazebo_assets/local/lib/python3.10/dist-packages/as2_gazebo_assets/world.py'...
-- Installing: /mission_planning_ws/src/install/as2_gazebo_assets/include
-- Installing: /mission_planning_ws/src/install/as2_gazebo_assets/include/as2_gazebo_assets
-- Installing: /mission_planning_ws/src/install/as2_gazebo_assets/include/as2_gazebo_assets/object_tf_broadcaster.hpp
-- Installing: /mission_planning_ws/src/install/as2_gazebo_assets/include/as2_gazebo_assets/set_entity_pose_bridge.hpp
-- Installing: /mission_planning_ws/src/install/as2_gazebo_assets/include/as2_gazebo_assets/azimuth_bridge.hpp
-- Installing: /mission_planning_ws/src/install/as2_gazebo_assets/include/as2_gazebo_assets/ground_truth_bridge.hpp
-- Installing: /mission_planning_ws/src/install/as2_gazebo_assets/include/as2_gazebo_assets/gps_bridge.hpp
-- Installing: /mission_planning_ws/src/install/as2_gazebo_assets/include/as2_gazebo_assets/gimbal_bridge.hpp
-- Installing: /mission_planning_ws/src/install/as2_gazebo_assets/include/as2_gazebo_assets/acro_bridge.hpp
-- Installing: /mission_planning_ws/src/install/as2_gazebo_assets/share/as2_gazebo_assets/launch
-- Installing: /mission_planning_ws/src/install/as2_gazebo_assets/share/as2_gazebo_assets/launch/drone_bridges.py
-- Installing: /mission_planning_ws/src/install/as2_gazebo_assets/share/as2_gazebo_assets/launch/object_bridges.py
-- Installing: /mission_planning_ws/src/install/as2_gazebo_assets/share/as2_gazebo_assets/launch/world_bridges.py
-- Installing: /mission_planning_ws/src/install/as2_gazebo_assets/share/as2_gazebo_assets/launch/monitor_sim.py
-- Installing: /mission_planning_ws/src/install/as2_gazebo_assets/share/as2_gazebo_assets/launch/launch_simulation.py
-- Installing: /mission_planning_ws/src/install/as2_gazebo_assets/share/as2_gazebo_assets/worlds
-- Installing: /mission_planning_ws/src/install/as2_gazebo_assets/share/as2_gazebo_assets/worlds/test_gripper.sdf
-- Installing: /mission_planning_ws/src/install/as2_gazebo_assets/share/as2_gazebo_assets/worlds/grass.sdf.jinja
-- Installing: /mission_planning_ws/src/install/as2_gazebo_assets/share/as2_gazebo_assets/worlds/empty.sdf.jinja
-- Installing: /mission_planning_ws/src/install/as2_gazebo_assets/share/as2_gazebo_assets/models
-- Installing: /mission_planning_ws/src/install/as2_gazebo_assets/share/as2_gazebo_assets/models/planar_lidar
-- Installing: /mission_planning_ws/src/install/as2_gazebo_assets/share/as2_gazebo_assets/models/planar_lidar/model.config
-- Installing: /mission_planning_ws/src/install/as2_gazebo_assets/share/as2_gazebo_assets/models/planar_lidar/planar_lidar.sdf
-- Installing: /mission_planning_ws/src/install/as2_gazebo_assets/share/as2_gazebo_assets/models/magnetometer
-- Installing: /mission_planning_ws/src/install/as2_gazebo_assets/share/as2_gazebo_assets/models/magnetometer/magnetometer.sdf
-- Installing: /mission_planning_ws/src/install/as2_gazebo_assets/share/as2_gazebo_assets/models/magnetometer/model.config
-- Installing: /mission_planning_ws/src/install/as2_gazebo_assets/share/as2_gazebo_assets/models/grayscaled_camera
-- Installing: /mission_planning_ws/src/install/as2_gazebo_assets/share/as2_gazebo_assets/models/grayscaled_camera/grayscaled_camera.sdf
-- Installing: /mission_planning_ws/src/install/as2_gazebo_assets/share/as2_gazebo_assets/models/grayscaled_camera/model.config
-- Installing: /mission_planning_ws/src/install/as2_gazebo_assets/share/as2_gazebo_assets/models/grayscaled_camera/grayscaled_camera.sdf.jinja
-- Installing: /mission_planning_ws/src/install/as2_gazebo_assets/share/as2_gazebo_assets/models/ground_plane
-- Installing: /mission_planning_ws/src/install/as2_gazebo_assets/share/as2_gazebo_assets/models/ground_plane/model.config
-- Installing: /mission_planning_ws/src/install/as2_gazebo_assets/share/as2_gazebo_assets/models/ground_plane/ground_plane.sdf
-- Installing: /mission_planning_ws/src/install/as2_gazebo_assets/share/as2_gazebo_assets/models/rgbd_camera
-- Installing: /mission_planning_ws/src/install/as2_gazebo_assets/share/as2_gazebo_assets/models/rgbd_camera/rgbd_camera.sdf
-- Installing: /mission_planning_ws/src/install/as2_gazebo_assets/share/as2_gazebo_assets/models/rgbd_camera/rgbd_camera.sdf.jinja
-- Installing: /mission_planning_ws/src/install/as2_gazebo_assets/share/as2_gazebo_assets/models/rgbd_camera/model.config
-- Installing: /mission_planning_ws/src/install/as2_gazebo_assets/share/as2_gazebo_assets/models/aruco_gate_1
-- Installing: /mission_planning_ws/src/install/as2_gazebo_assets/share/as2_gazebo_assets/models/aruco_gate_1/model.config
-- Installing: /mission_planning_ws/src/install/as2_gazebo_assets/share/as2_gazebo_assets/models/aruco_gate_1/aruco_gate_1.sdf
-- Installing: /mission_planning_ws/src/install/as2_gazebo_assets/share/as2_gazebo_assets/models/aruco_gate_1/meshes
-- Installing: /mission_planning_ws/src/install/as2_gazebo_assets/share/as2_gazebo_assets/models/aruco_gate_1/meshes/hoop_2.stl
-- Installing: /mission_planning_ws/src/install/as2_gazebo_assets/share/as2_gazebo_assets/models/aruco_gate_1/meshes/base_2.stl
-- Installing: /mission_planning_ws/src/install/as2_gazebo_assets/share/as2_gazebo_assets/models/aruco_gate_1/meshes/base.stl
-- Installing: /mission_planning_ws/src/install/as2_gazebo_assets/share/as2_gazebo_assets/models/aruco_gate_1/meshes/background.stl
-- Installing: /mission_planning_ws/src/install/as2_gazebo_assets/share/as2_gazebo_assets/models/aruco_gate_1/meshes/hoop.stl
-- Installing: /mission_planning_ws/src/install/as2_gazebo_assets/share/as2_gazebo_assets/models/point_lidar
-- Installing: /mission_planning_ws/src/install/as2_gazebo_assets/share/as2_gazebo_assets/models/point_lidar/model.config
-- Installing: /mission_planning_ws/src/install/as2_gazebo_assets/share/as2_gazebo_assets/models/point_lidar/point_lidar.sdf
-- Installing: /mission_planning_ws/src/install/as2_gazebo_assets/share/as2_gazebo_assets/models/suction_gripper
-- Installing: /mission_planning_ws/src/install/as2_gazebo_assets/share/as2_gazebo_assets/models/suction_gripper/model.config
-- Installing: /mission_planning_ws/src/install/as2_gazebo_assets/share/as2_gazebo_assets/models/suction_gripper/suction_gripper.sdf
-- Installing: /mission_planning_ws/src/install/as2_gazebo_assets/share/as2_gazebo_assets/models/crazyflie
-- Installing: /mission_planning_ws/src/install/as2_gazebo_assets/share/as2_gazebo_assets/models/crazyflie/crazyflie.sdf.jinja
-- Installing: /mission_planning_ws/src/install/as2_gazebo_assets/share/as2_gazebo_assets/models/crazyflie/model.config
-- Installing: /mission_planning_ws/src/install/as2_gazebo_assets/share/as2_gazebo_assets/models/crazyflie/crazyflie.sdf
-- Installing: /mission_planning_ws/src/install/as2_gazebo_assets/share/as2_gazebo_assets/models/crazyflie/meshes
-- Installing: /mission_planning_ws/src/install/as2_gazebo_assets/share/as2_gazebo_assets/models/crazyflie/meshes/ccw_prop.dae
-- Installing: /mission_planning_ws/src/install/as2_gazebo_assets/share/as2_gazebo_assets/models/crazyflie/meshes/cf2_assembly.dae
-- Installing: /mission_planning_ws/src/install/as2_gazebo_assets/share/as2_gazebo_assets/models/crazyflie/meshes/cw_prop.dae
-- Installing: /mission_planning_ws/src/install/as2_gazebo_assets/share/as2_gazebo_assets/models/hd_camera
-- Installing: /mission_planning_ws/src/install/as2_gazebo_assets/share/as2_gazebo_assets/models/hd_camera/hd_camera.sdf
-- Installing: /mission_planning_ws/src/install/as2_gazebo_assets/share/as2_gazebo_assets/models/hd_camera/model.config
-- Installing: /mission_planning_ws/src/install/as2_gazebo_assets/share/as2_gazebo_assets/models/hd_camera/hd_camera.sdf.jinja
-- Installing: /mission_planning_ws/src/install/as2_gazebo_assets/share/as2_gazebo_assets/models/x500
-- Installing: /mission_planning_ws/src/install/as2_gazebo_assets/share/as2_gazebo_assets/models/x500/x500.sdf.jinja
-- Installing: /mission_planning_ws/src/install/as2_gazebo_assets/share/as2_gazebo_assets/models/x500/materials
-- Installing: /mission_planning_ws/src/install/as2_gazebo_assets/share/as2_gazebo_assets/models/x500/materials/textures
-- Installing: /mission_planning_ws/src/install/as2_gazebo_assets/share/as2_gazebo_assets/models/x500/materials/textures/CF.png
-- Installing: /mission_planning_ws/src/install/as2_gazebo_assets/share/as2_gazebo_assets/models/x500/materials/textures/rd.png
-- Installing: /mission_planning_ws/src/install/as2_gazebo_assets/share/as2_gazebo_assets/models/x500/materials/textures/nxp.png
-- Installing: /mission_planning_ws/src/install/as2_gazebo_assets/share/as2_gazebo_assets/models/x500/x500.sdf
-- Installing: /mission_planning_ws/src/install/as2_gazebo_assets/share/as2_gazebo_assets/models/x500/thumbnails
-- Installing: /mission_planning_ws/src/install/as2_gazebo_assets/share/as2_gazebo_assets/models/x500/thumbnails/3.png
-- Installing: /mission_planning_ws/src/install/as2_gazebo_assets/share/as2_gazebo_assets/models/x500/thumbnails/5.png
-- Installing: /mission_planning_ws/src/install/as2_gazebo_assets/share/as2_gazebo_assets/models/x500/thumbnails/1.png
-- Installing: /mission_planning_ws/src/install/as2_gazebo_assets/share/as2_gazebo_assets/models/x500/thumbnails/4.png
-- Installing: /mission_planning_ws/src/install/as2_gazebo_assets/share/as2_gazebo_assets/models/x500/thumbnails/2.png
-- Installing: /mission_planning_ws/src/install/as2_gazebo_assets/share/as2_gazebo_assets/models/x500/model.config
-- Installing: /mission_planning_ws/src/install/as2_gazebo_assets/share/as2_gazebo_assets/models/x500/meshes
-- Installing: /mission_planning_ws/src/install/as2_gazebo_assets/share/as2_gazebo_assets/models/x500/meshes/1345_prop_cw.stl
-- Installing: /mission_planning_ws/src/install/as2_gazebo_assets/share/as2_gazebo_assets/models/x500/meshes/CF.png
-- Installing: /mission_planning_ws/src/install/as2_gazebo_assets/share/as2_gazebo_assets/models/x500/meshes/NXP-HGD-CF.dae
-- Installing: /mission_planning_ws/src/install/as2_gazebo_assets/share/as2_gazebo_assets/models/x500/meshes/5010Base.dae
-- Installing: /mission_planning_ws/src/install/as2_gazebo_assets/share/as2_gazebo_assets/models/x500/meshes/5010Bell.dae
-- Installing: /mission_planning_ws/src/install/as2_gazebo_assets/share/as2_gazebo_assets/models/x500/meshes/1345_prop_ccw.stl
-- Installing: /mission_planning_ws/src/install/as2_gazebo_assets/share/as2_gazebo_assets/models/windmill
-- Installing: /mission_planning_ws/src/install/as2_gazebo_assets/share/as2_gazebo_assets/models/windmill/windmill.sdf
-- Installing: /mission_planning_ws/src/install/as2_gazebo_assets/share/as2_gazebo_assets/models/windmill/model.config
-- Installing: /mission_planning_ws/src/install/as2_gazebo_assets/share/as2_gazebo_assets/models/windmill/meshes
-- Installing: /mission_planning_ws/src/install/as2_gazebo_assets/share/as2_gazebo_assets/models/windmill/meshes/rotor.dae
-- Installing: /mission_planning_ws/src/install/as2_gazebo_assets/share/as2_gazebo_assets/models/windmill/meshes/tower.dae
-- Installing: /mission_planning_ws/src/install/as2_gazebo_assets/share/as2_gazebo_assets/models/windmill/meshes/Plastic010_1K_Displacement.jpg
-- Installing: /mission_planning_ws/src/install/as2_gazebo_assets/share/as2_gazebo_assets/models/windmill/meshes/blades.dae
-- Installing: /mission_planning_ws/src/install/as2_gazebo_assets/share/as2_gazebo_assets/models/semantic_camera
-- Installing: /mission_planning_ws/src/install/as2_gazebo_assets/share/as2_gazebo_assets/models/semantic_camera/semantic_camera.sdf.jinja
-- Installing: /mission_planning_ws/src/install/as2_gazebo_assets/share/as2_gazebo_assets/models/semantic_camera/model.config
-- Installing: /mission_planning_ws/src/install/as2_gazebo_assets/share/as2_gazebo_assets/models/semantic_camera/semantic_camera.sdf
-- Installing: /mission_planning_ws/src/install/as2_gazebo_assets/share/as2_gazebo_assets/models/3d_lidar
-- Installing: /mission_planning_ws/src/install/as2_gazebo_assets/share/as2_gazebo_assets/models/3d_lidar/3d_lidar.sdf
-- Installing: /mission_planning_ws/src/install/as2_gazebo_assets/share/as2_gazebo_assets/models/3d_lidar/model.config
-- Installing: /mission_planning_ws/src/install/as2_gazebo_assets/share/as2_gazebo_assets/models/lidar_3d
-- Installing: /mission_planning_ws/src/install/as2_gazebo_assets/share/as2_gazebo_assets/models/lidar_3d/lidar_3d.sdf
-- Installing: /mission_planning_ws/src/install/as2_gazebo_assets/share/as2_gazebo_assets/models/lidar_3d/model.config
-- Installing: /mission_planning_ws/src/install/as2_gazebo_assets/share/as2_gazebo_assets/models/gimbal
-- Installing: /mission_planning_ws/src/install/as2_gazebo_assets/share/as2_gazebo_assets/models/gimbal/position_gimbal.sdf
-- Installing: /mission_planning_ws/src/install/as2_gazebo_assets/share/as2_gazebo_assets/models/gimbal/speed_gimbal.sdf.jinja
-- Installing: /mission_planning_ws/src/install/as2_gazebo_assets/share/as2_gazebo_assets/models/gimbal/model.config
-- Installing: /mission_planning_ws/src/install/as2_gazebo_assets/share/as2_gazebo_assets/models/gimbal/position_gimbal.sdf.jinja
-- Installing: /mission_planning_ws/src/install/as2_gazebo_assets/share/as2_gazebo_assets/models/grass_patch
-- Installing: /mission_planning_ws/src/install/as2_gazebo_assets/share/as2_gazebo_assets/models/grass_patch/model.sdf
-- Installing: /mission_planning_ws/src/install/as2_gazebo_assets/share/as2_gazebo_assets/models/grass_patch/materials
-- Installing: /mission_planning_ws/src/install/as2_gazebo_assets/share/as2_gazebo_assets/models/grass_patch/materials/textures
-- Installing: /mission_planning_ws/src/install/as2_gazebo_assets/share/as2_gazebo_assets/models/grass_patch/materials/textures/grass_dry.png
-- Installing: /mission_planning_ws/src/install/as2_gazebo_assets/share/as2_gazebo_assets/models/grass_patch/thumbnails
-- Installing: /mission_planning_ws/src/install/as2_gazebo_assets/share/as2_gazebo_assets/models/grass_patch/thumbnails/grasspatch.jpg
-- Installing: /mission_planning_ws/src/install/as2_gazebo_assets/share/as2_gazebo_assets/models/grass_patch/model.config
-- Installing: /mission_planning_ws/src/install/as2_gazebo_assets/share/as2_gazebo_assets/models/px4vision
-- Installing: /mission_planning_ws/src/install/as2_gazebo_assets/share/as2_gazebo_assets/models/px4vision/px4vision.sdf.jinja
-- Installing: /mission_planning_ws/src/install/as2_gazebo_assets/share/as2_gazebo_assets/models/px4vision/thumbnails
-- Installing: /mission_planning_ws/src/install/as2_gazebo_assets/share/as2_gazebo_assets/models/px4vision/thumbnails/px4vision_diagonal.png
-- Installing: /mission_planning_ws/src/install/as2_gazebo_assets/share/as2_gazebo_assets/models/px4vision/thumbnails/px4_vision_top.png
-- Installing: /mission_planning_ws/src/install/as2_gazebo_assets/share/as2_gazebo_assets/models/px4vision/thumbnails/px4_vision_front.png
-- Installing: /mission_planning_ws/src/install/as2_gazebo_assets/share/as2_gazebo_assets/models/px4vision/model.config
-- Installing: /mission_planning_ws/src/install/as2_gazebo_assets/share/as2_gazebo_assets/models/px4vision/px4vision.sdf
-- Installing: /mission_planning_ws/src/install/as2_gazebo_assets/share/as2_gazebo_assets/models/px4vision/meshes
-- Installing: /mission_planning_ws/src/install/as2_gazebo_assets/share/as2_gazebo_assets/models/px4vision/meshes/iris_prop_cw.dae
-- Installing: /mission_planning_ws/src/install/as2_gazebo_assets/share/as2_gazebo_assets/models/px4vision/meshes/body.dae
-- Installing: /mission_planning_ws/src/install/as2_gazebo_assets/share/as2_gazebo_assets/models/px4vision/meshes/iris_prop_ccw.dae
-- Installing: /mission_planning_ws/src/install/as2_gazebo_assets/share/as2_gazebo_assets/models/aruco_gate_2
-- Installing: /mission_planning_ws/src/install/as2_gazebo_assets/share/as2_gazebo_assets/models/aruco_gate_2/aruco_gate_2.sdf
-- Installing: /mission_planning_ws/src/install/as2_gazebo_assets/share/as2_gazebo_assets/models/aruco_gate_2/model.config
-- Installing: /mission_planning_ws/src/install/as2_gazebo_assets/share/as2_gazebo_assets/models/aruco
-- Installing: /mission_planning_ws/src/install/as2_gazebo_assets/share/as2_gazebo_assets/models/aruco/aruco.sdf
-- Installing: /mission_planning_ws/src/install/as2_gazebo_assets/share/as2_gazebo_assets/models/aruco/materials
-- Installing: /mission_planning_ws/src/install/as2_gazebo_assets/share/as2_gazebo_assets/models/aruco/materials/textures
-- Installing: /mission_planning_ws/src/install/as2_gazebo_assets/share/as2_gazebo_assets/models/aruco/materials/textures/marker5.png
-- Installing: /mission_planning_ws/src/install/as2_gazebo_assets/share/as2_gazebo_assets/models/aruco/materials/textures/marker4.png
-- Installing: /mission_planning_ws/src/install/as2_gazebo_assets/share/as2_gazebo_assets/models/aruco/materials/textures/marker3.png
-- Installing: /mission_planning_ws/src/install/as2_gazebo_assets/share/as2_gazebo_assets/models/aruco/materials/textures/marker1.png
-- Installing: /mission_planning_ws/src/install/as2_gazebo_assets/share/as2_gazebo_assets/models/aruco/materials/textures/marker2.png
-- Installing: /mission_planning_ws/src/install/as2_gazebo_assets/share/as2_gazebo_assets/models/aruco/materials/scripts
-- Installing: /mission_planning_ws/src/install/as2_gazebo_assets/share/as2_gazebo_assets/models/aruco/materials/scripts/aruco.material
-- Installing: /mission_planning_ws/src/install/as2_gazebo_assets/share/as2_gazebo_assets/models/aruco/model.config
-- Installing: /mission_planning_ws/src/install/as2_gazebo_assets/share/as2_gazebo_assets/models/aruco/meshes
-- Installing: /mission_planning_ws/src/install/as2_gazebo_assets/share/as2_gazebo_assets/models/aruco/meshes/checkerboard_plane.dae
-- Installing: /mission_planning_ws/src/install/as2_gazebo_assets/share/as2_gazebo_assets/models/gps
-- Installing: /mission_planning_ws/src/install/as2_gazebo_assets/share/as2_gazebo_assets/models/gps/gps.sdf
-- Installing: /mission_planning_ws/src/install/as2_gazebo_assets/share/as2_gazebo_assets/models/gps/model.config
-- Installing: /mission_planning_ws/src/install/as2_gazebo_assets/share/as2_gazebo_assets/models/vga_camera
-- Installing: /mission_planning_ws/src/install/as2_gazebo_assets/share/as2_gazebo_assets/models/vga_camera/model.config
-- Installing: /mission_planning_ws/src/install/as2_gazebo_assets/share/as2_gazebo_assets/models/vga_camera/vga_camera.sdf.jinja
-- Installing: /mission_planning_ws/src/install/as2_gazebo_assets/share/as2_gazebo_assets/models/vga_camera/vga_camera.sdf
-- Installing: /mission_planning_ws/src/install/as2_gazebo_assets/share/as2_gazebo_assets/models/quadrotor_base
-- Installing: /mission_planning_ws/src/install/as2_gazebo_assets/share/as2_gazebo_assets/models/quadrotor_base/materials
-- Installing: /mission_planning_ws/src/install/as2_gazebo_assets/share/as2_gazebo_assets/models/quadrotor_base/materials/textures
-- Installing: /mission_planning_ws/src/install/as2_gazebo_assets/share/as2_gazebo_assets/models/quadrotor_base/materials/textures/led.jpg
-- Installing: /mission_planning_ws/src/install/as2_gazebo_assets/share/as2_gazebo_assets/models/quadrotor_base/quadrotor_base.sdf.jinja
-- Installing: /mission_planning_ws/src/install/as2_gazebo_assets/share/as2_gazebo_assets/models/quadrotor_base/quadrotor_base.sdf
-- Installing: /mission_planning_ws/src/install/as2_gazebo_assets/share/as2_gazebo_assets/models/quadrotor_base/model.config
-- Installing: /mission_planning_ws/src/install/as2_gazebo_assets/share/as2_gazebo_assets/models/quadrotor_base/meshes
-- Installing: /mission_planning_ws/src/install/as2_gazebo_assets/share/as2_gazebo_assets/models/quadrotor_base/meshes/quadrotor.jpg
-- Installing: /mission_planning_ws/src/install/as2_gazebo_assets/share/as2_gazebo_assets/models/quadrotor_base/meshes/propeller_cw.dae
-- Installing: /mission_planning_ws/src/install/as2_gazebo_assets/share/as2_gazebo_assets/models/quadrotor_base/meshes/led_lamp.dae
-- Installing: /mission_planning_ws/src/install/as2_gazebo_assets/share/as2_gazebo_assets/models/quadrotor_base/meshes/quadrotor.dae
-- Installing: /mission_planning_ws/src/install/as2_gazebo_assets/share/as2_gazebo_assets/models/quadrotor_base/meshes/led.dae
-- Installing: /mission_planning_ws/src/install/as2_gazebo_assets/share/as2_gazebo_assets/models/quadrotor_base/meshes/propeller_ccw.dae
-- Installing: /mission_planning_ws/src/install/as2_gazebo_assets/share/as2_gazebo_assets/models/gate
-- Installing: /mission_planning_ws/src/install/as2_gazebo_assets/share/as2_gazebo_assets/models/gate/model.config
-- Installing: /mission_planning_ws/src/install/as2_gazebo_assets/share/as2_gazebo_assets/models/gate/gate.sdf
-- Installing: /mission_planning_ws/src/install/as2_gazebo_assets/share/as2_gazebo_assets/models/gate/meshes
-- Installing: /mission_planning_ws/src/install/as2_gazebo_assets/share/as2_gazebo_assets/models/gate/meshes/gate.dae
-- Installing: /mission_planning_ws/src/install/as2_gazebo_assets/share/as2_gazebo_assets/models/gate/meshes/gate_color.png
-- Installing: /mission_planning_ws/src/install/as2_gazebo_assets/share/as2_gazebo_assets/models/hexrotor_base
-- Installing: /mission_planning_ws/src/install/as2_gazebo_assets/share/as2_gazebo_assets/models/hexrotor_base/materials
-- Installing: /mission_planning_ws/src/install/as2_gazebo_assets/share/as2_gazebo_assets/models/hexrotor_base/materials/textures
-- Installing: /mission_planning_ws/src/install/as2_gazebo_assets/share/as2_gazebo_assets/models/hexrotor_base/materials/textures/led.jpg
-- Installing: /mission_planning_ws/src/install/as2_gazebo_assets/share/as2_gazebo_assets/models/hexrotor_base/model.config
-- Installing: /mission_planning_ws/src/install/as2_gazebo_assets/share/as2_gazebo_assets/models/hexrotor_base/hexrotor_base.sdf
-- Installing: /mission_planning_ws/src/install/as2_gazebo_assets/share/as2_gazebo_assets/models/hexrotor_base/hexrotor_base.sdf.jinja
-- Installing: /mission_planning_ws/src/install/as2_gazebo_assets/share/as2_gazebo_assets/models/hexrotor_base/meshes
-- Installing: /mission_planning_ws/src/install/as2_gazebo_assets/share/as2_gazebo_assets/models/hexrotor_base/meshes/neo11_propeller_cw.dae
-- Installing: /mission_planning_ws/src/install/as2_gazebo_assets/share/as2_gazebo_assets/models/hexrotor_base/meshes/hexrotor.jpg
-- Installing: /mission_planning_ws/src/install/as2_gazebo_assets/share/as2_gazebo_assets/models/hexrotor_base/meshes/led_lamp.dae
-- Installing: /mission_planning_ws/src/install/as2_gazebo_assets/share/as2_gazebo_assets/models/hexrotor_base/meshes/led.dae
-- Installing: /mission_planning_ws/src/install/as2_gazebo_assets/share/as2_gazebo_assets/models/hexrotor_base/meshes/neo11_propeller_ccw.dae
-- Installing: /mission_planning_ws/src/install/as2_gazebo_assets/share/as2_gazebo_assets/models/hexrotor_base/meshes/hexrotor.dae
-- Installing: /mission_planning_ws/src/install/as2_gazebo_assets/share/as2_gazebo_assets/models/air_pressure
-- Installing: /mission_planning_ws/src/install/as2_gazebo_assets/share/as2_gazebo_assets/models/air_pressure/model.config
-- Installing: /mission_planning_ws/src/install/as2_gazebo_assets/share/as2_gazebo_assets/models/air_pressure/air_pressure.sdf
-- Installing: /mission_planning_ws/src/install/as2_gazebo_assets/share/as2_gazebo_assets/scripts
-- Installing: /mission_planning_ws/src/install/as2_gazebo_assets/share/as2_gazebo_assets/scripts/jinja_gen.py
-- Installing: /mission_planning_ws/src/install/as2_gazebo_assets/share/ament_index/resource_index/package_run_dependencies/as2_gazebo_assets
-- Installing: /mission_planning_ws/src/install/as2_gazebo_assets/share/ament_index/resource_index/parent_prefix_path/as2_gazebo_assets
-- Installing: /mission_planning_ws/src/install/as2_gazebo_assets/share/as2_gazebo_assets/environment/ament_prefix_path.sh
-- Installing: /mission_planning_ws/src/install/as2_gazebo_assets/share/as2_gazebo_assets/environment/ament_prefix_path.dsv
-- Installing: /mission_planning_ws/src/install/as2_gazebo_assets/share/as2_gazebo_assets/environment/path.sh
-- Installing: /mission_planning_ws/src/install/as2_gazebo_assets/share/as2_gazebo_assets/environment/path.dsv
-- Installing: /mission_planning_ws/src/install/as2_gazebo_assets/share/as2_gazebo_assets/local_setup.bash
-- Installing: /mission_planning_ws/src/install/as2_gazebo_assets/share/as2_gazebo_assets/local_setup.sh
-- Installing: /mission_planning_ws/src/install/as2_gazebo_assets/share/as2_gazebo_assets/local_setup.zsh
-- Installing: /mission_planning_ws/src/install/as2_gazebo_assets/share/as2_gazebo_assets/local_setup.dsv
-- Installing: /mission_planning_ws/src/install/as2_gazebo_assets/share/as2_gazebo_assets/package.dsv
-- Installing: /mission_planning_ws/src/install/as2_gazebo_assets/share/ament_index/resource_index/packages/as2_gazebo_assets
-- Installing: /mission_planning_ws/src/install/as2_gazebo_assets/share/as2_gazebo_assets/cmake/as2_gazebo_assetsConfig.cmake
-- Installing: /mission_planning_ws/src/install/as2_gazebo_assets/share/as2_gazebo_assets/cmake/as2_gazebo_assetsConfig-version.cmake
-- Installing: /mission_planning_ws/src/install/as2_gazebo_assets/share/as2_gazebo_assets/package.xml
