[0.671s] Invoking command in '/mission_planning_ws/src/aerostack2/as2_python_api': AMENT_PREFIX_PATH=/mission_planning_ws/install/as2_motion_reference_handlers:/mission_planning_ws/install/as2_core:/mission_planning_ws/install/as2_msgs:${AMENT_PREFIX_PATH} CMAKE_PREFIX_PATH=/mission_planning_ws/install/as2_motion_reference_handlers:/mission_planning_ws/install/as2_core:/mission_planning_ws/install/as2_msgs:${CMAKE_PREFIX_PATH} LD_LIBRARY_PATH=/mission_planning_ws/install/as2_motion_reference_handlers/lib:/mission_planning_ws/install/as2_core/lib:/mission_planning_ws/install/as2_msgs/lib:${LD_LIBRARY_PATH} PYTHONPATH=/mission_planning_ws/build/as2_python_api/prefix_override:/usr/lib/python3/dist-packages/colcon_core/task/python/colcon_distutils_commands:/mission_planning_ws/install/as2_python_api/lib/python3.10/site-packages:/mission_planning_ws/install/as2_motion_reference_handlers/local/lib/python3.10/dist-packages:/mission_planning_ws/install/as2_core/local/lib/python3.10/dist-packages:/mission_planning_ws/install/as2_msgs/local/lib/python3.10/dist-packages:${PYTHONPATH} /usr/bin/python3 -W ignore:setup.py install is deprecated -W ignore:easy_install command is deprecated setup.py egg_info --egg-base ../../../build/as2_python_api build --build-base /mission_planning_ws/build/as2_python_api/build install --record /mission_planning_ws/build/as2_python_api/install.log --single-version-externally-managed install_data
[0.879s] running egg_info
[0.879s] writing ../../../build/as2_python_api/as2_python_api.egg-info/PKG-INFO
[0.880s] writing dependency_links to ../../../build/as2_python_api/as2_python_api.egg-info/dependency_links.txt
[0.880s] writing entry points to ../../../build/as2_python_api/as2_python_api.egg-info/entry_points.txt
[0.881s] writing requirements to ../../../build/as2_python_api/as2_python_api.egg-info/requires.txt
[0.881s] writing top-level names to ../../../build/as2_python_api/as2_python_api.egg-info/top_level.txt
[0.882s] reading manifest file '../../../build/as2_python_api/as2_python_api.egg-info/SOURCES.txt'
[0.883s] writing manifest file '../../../build/as2_python_api/as2_python_api.egg-info/SOURCES.txt'
[0.883s] running build
[0.883s] running build_py
[0.888s] running install
[0.888s] running install_lib
[0.893s] running install_data
[0.894s] running install_egg_info
[0.895s] removing '/mission_planning_ws/install/as2_python_api/lib/python3.10/site-packages/as2_python_api-1.1.2-py3.10.egg-info' (and everything under it)
[0.895s] Copying ../../../build/as2_python_api/as2_python_api.egg-info to /mission_planning_ws/install/as2_python_api/lib/python3.10/site-packages/as2_python_api-1.1.2-py3.10.egg-info
[0.895s] running install_scripts
[0.908s] Installing mission_executor script to /mission_planning_ws/install/as2_python_api/lib/as2_python_api
[0.909s] writing list of installed files to '/mission_planning_ws/build/as2_python_api/install.log'
[0.924s] Invoked command in '/mission_planning_ws/src/aerostack2/as2_python_api' returned '0': AMENT_PREFIX_PATH=/mission_planning_ws/install/as2_motion_reference_handlers:/mission_planning_ws/install/as2_core:/mission_planning_ws/install/as2_msgs:${AMENT_PREFIX_PATH} CMAKE_PREFIX_PATH=/mission_planning_ws/install/as2_motion_reference_handlers:/mission_planning_ws/install/as2_core:/mission_planning_ws/install/as2_msgs:${CMAKE_PREFIX_PATH} LD_LIBRARY_PATH=/mission_planning_ws/install/as2_motion_reference_handlers/lib:/mission_planning_ws/install/as2_core/lib:/mission_planning_ws/install/as2_msgs/lib:${LD_LIBRARY_PATH} PYTHONPATH=/mission_planning_ws/build/as2_python_api/prefix_override:/usr/lib/python3/dist-packages/colcon_core/task/python/colcon_distutils_commands:/mission_planning_ws/install/as2_python_api/lib/python3.10/site-packages:/mission_planning_ws/install/as2_motion_reference_handlers/local/lib/python3.10/dist-packages:/mission_planning_ws/install/as2_core/local/lib/python3.10/dist-packages:/mission_planning_ws/install/as2_msgs/local/lib/python3.10/dist-packages:${PYTHONPATH} /usr/bin/python3 -W ignore:setup.py install is deprecated -W ignore:easy_install command is deprecated setup.py egg_info --egg-base ../../../build/as2_python_api build --build-base /mission_planning_ws/build/as2_python_api/build install --record /mission_planning_ws/build/as2_python_api/install.log --single-version-externally-managed install_data
