[ 12%] Built target gps_bridge
[ 25%] Built target MulticopterINDIControl
[ 37%] Built target azimuth_bridge
[ 50%] Built target acro_bridge
[ 66%] Built target set_entity_pose_bridge
[ 75%] Built target object_tf_broadcaster
[ 87%] Built target ground_truth_bridge
[ 87%] Built target ament_cmake_python_copy_as2_gazebo_assets
[100%] Built target gimbal_bridge
running egg_info
writing as2_gazebo_assets.egg-info/PKG-INFO
writing dependency_links to as2_gazebo_assets.egg-info/dependency_links.txt
writing top-level names to as2_gazebo_assets.egg-info/top_level.txt
reading manifest file 'as2_gazebo_assets.egg-info/SOURCES.txt'
writing manifest file 'as2_gazebo_assets.egg-info/SOURCES.txt'
[100%] Built target ament_cmake_python_build_as2_gazebo_assets_egg
-- Install configuration: ""
-- Up-to-date: /mission_planning_ws/install/as2_gazebo_assets/share/as2_gazebo_assets/environment/resource_paths.dsv
-- Up-to-date: /mission_planning_ws/install/as2_gazebo_assets/share/as2_gazebo_assets/environment/resource_paths.sh
-- Up-to-date: /mission_planning_ws/install/as2_gazebo_assets/lib/as2_gazebo_assets/azimuth_bridge
-- Up-to-date: /mission_planning_ws/install/as2_gazebo_assets/lib/as2_gazebo_assets/gps_bridge
-- Up-to-date: /mission_planning_ws/install/as2_gazebo_assets/lib/as2_gazebo_assets/ground_truth_bridge
-- Up-to-date: /mission_planning_ws/install/as2_gazebo_assets/lib/as2_gazebo_assets/object_tf_broadcaster
-- Up-to-date: /mission_planning_ws/install/as2_gazebo_assets/lib/as2_gazebo_assets/gimbal_bridge
-- Up-to-date: /mission_planning_ws/install/as2_gazebo_assets/lib/as2_gazebo_assets/acro_bridge
-- Up-to-date: /mission_planning_ws/install/as2_gazebo_assets/lib/as2_gazebo_assets/set_entity_pose_bridge
-- Up-to-date: /mission_planning_ws/install/as2_gazebo_assets/lib/libMulticopterINDIControl.so
-- Up-to-date: /mission_planning_ws/install/as2_gazebo_assets/share/as2_gazebo_assets/environment/pythonpath.sh
-- Up-to-date: /mission_planning_ws/install/as2_gazebo_assets/share/as2_gazebo_assets/environment/pythonpath.dsv
-- Up-to-date: /mission_planning_ws/install/as2_gazebo_assets/local/lib/python3.10/dist-packages/as2_gazebo_assets-1.1.2-py3.10.egg-info
-- Installing: /mission_planning_ws/install/as2_gazebo_assets/local/lib/python3.10/dist-packages/as2_gazebo_assets-1.1.2-py3.10.egg-info/dependency_links.txt
-- Installing: /mission_planning_ws/install/as2_gazebo_assets/local/lib/python3.10/dist-packages/as2_gazebo_assets-1.1.2-py3.10.egg-info/PKG-INFO
-- Installing: /mission_planning_ws/install/as2_gazebo_assets/local/lib/python3.10/dist-packages/as2_gazebo_assets-1.1.2-py3.10.egg-info/top_level.txt
-- Installing: /mission_planning_ws/install/as2_gazebo_assets/local/lib/python3.10/dist-packages/as2_gazebo_assets-1.1.2-py3.10.egg-info/SOURCES.txt
-- Up-to-date: /mission_planning_ws/install/as2_gazebo_assets/local/lib/python3.10/dist-packages/as2_gazebo_assets
-- Up-to-date: /mission_planning_ws/install/as2_gazebo_assets/local/lib/python3.10/dist-packages/as2_gazebo_assets/__init__.py
-- Up-to-date: /mission_planning_ws/install/as2_gazebo_assets/local/lib/python3.10/dist-packages/as2_gazebo_assets/tests
-- Up-to-date: /mission_planning_ws/install/as2_gazebo_assets/local/lib/python3.10/dist-packages/as2_gazebo_assets/tests/test_models.py
-- Up-to-date: /mission_planning_ws/install/as2_gazebo_assets/local/lib/python3.10/dist-packages/as2_gazebo_assets/utils
-- Up-to-date: /mission_planning_ws/install/as2_gazebo_assets/local/lib/python3.10/dist-packages/as2_gazebo_assets/utils/launch_exception.py
-- Up-to-date: /mission_planning_ws/install/as2_gazebo_assets/local/lib/python3.10/dist-packages/as2_gazebo_assets/world.py
-- Up-to-date: /mission_planning_ws/install/as2_gazebo_assets/local/lib/python3.10/dist-packages/as2_gazebo_assets/bridges
-- Up-to-date: /mission_planning_ws/install/as2_gazebo_assets/local/lib/python3.10/dist-packages/as2_gazebo_assets/bridges/bridge.py
-- Up-to-date: /mission_planning_ws/install/as2_gazebo_assets/local/lib/python3.10/dist-packages/as2_gazebo_assets/bridges/__init__.py
-- Up-to-date: /mission_planning_ws/install/as2_gazebo_assets/local/lib/python3.10/dist-packages/as2_gazebo_assets/bridges/custom_bridges.py
-- Up-to-date: /mission_planning_ws/install/as2_gazebo_assets/local/lib/python3.10/dist-packages/as2_gazebo_assets/bridges/bridges.py
-- Up-to-date: /mission_planning_ws/install/as2_gazebo_assets/local/lib/python3.10/dist-packages/as2_gazebo_assets/models
-- Up-to-date: /mission_planning_ws/install/as2_gazebo_assets/local/lib/python3.10/dist-packages/as2_gazebo_assets/models/drone.py
-- Up-to-date: /mission_planning_ws/install/as2_gazebo_assets/local/lib/python3.10/dist-packages/as2_gazebo_assets/models/__init__.py
-- Up-to-date: /mission_planning_ws/install/as2_gazebo_assets/local/lib/python3.10/dist-packages/as2_gazebo_assets/models/entity.py
-- Up-to-date: /mission_planning_ws/install/as2_gazebo_assets/local/lib/python3.10/dist-packages/as2_gazebo_assets/models/payload.py
-- Up-to-date: /mission_planning_ws/install/as2_gazebo_assets/local/lib/python3.10/dist-packages/as2_gazebo_assets/models/object.py
Listing '/mission_planning_ws/install/as2_gazebo_assets/local/lib/python3.10/dist-packages/as2_gazebo_assets'...
Listing '/mission_planning_ws/install/as2_gazebo_assets/local/lib/python3.10/dist-packages/as2_gazebo_assets/bridges'...
Listing '/mission_planning_ws/install/as2_gazebo_assets/local/lib/python3.10/dist-packages/as2_gazebo_assets/models'...
Listing '/mission_planning_ws/install/as2_gazebo_assets/local/lib/python3.10/dist-packages/as2_gazebo_assets/tests'...
Listing '/mission_planning_ws/install/as2_gazebo_assets/local/lib/python3.10/dist-packages/as2_gazebo_assets/utils'...
-- Up-to-date: /mission_planning_ws/install/as2_gazebo_assets/include
-- Up-to-date: /mission_planning_ws/install/as2_gazebo_assets/include/as2_gazebo_assets
-- Up-to-date: /mission_planning_ws/install/as2_gazebo_assets/include/as2_gazebo_assets/object_tf_broadcaster.hpp
-- Up-to-date: /mission_planning_ws/install/as2_gazebo_assets/include/as2_gazebo_assets/set_entity_pose_bridge.hpp
-- Up-to-date: /mission_planning_ws/install/as2_gazebo_assets/include/as2_gazebo_assets/azimuth_bridge.hpp
-- Up-to-date: /mission_planning_ws/install/as2_gazebo_assets/include/as2_gazebo_assets/ground_truth_bridge.hpp
-- Up-to-date: /mission_planning_ws/install/as2_gazebo_assets/include/as2_gazebo_assets/gps_bridge.hpp
-- Up-to-date: /mission_planning_ws/install/as2_gazebo_assets/include/as2_gazebo_assets/gimbal_bridge.hpp
-- Up-to-date: /mission_planning_ws/install/as2_gazebo_assets/include/as2_gazebo_assets/acro_bridge.hpp
-- Up-to-date: /mission_planning_ws/install/as2_gazebo_assets/share/as2_gazebo_assets/launch
-- Up-to-date: /mission_planning_ws/install/as2_gazebo_assets/share/as2_gazebo_assets/launch/drone_bridges.py
-- Up-to-date: /mission_planning_ws/install/as2_gazebo_assets/share/as2_gazebo_assets/launch/object_bridges.py
-- Up-to-date: /mission_planning_ws/install/as2_gazebo_assets/share/as2_gazebo_assets/launch/world_bridges.py
-- Up-to-date: /mission_planning_ws/install/as2_gazebo_assets/share/as2_gazebo_assets/launch/monitor_sim.py
-- Up-to-date: /mission_planning_ws/install/as2_gazebo_assets/share/as2_gazebo_assets/launch/launch_simulation.py
-- Up-to-date: /mission_planning_ws/install/as2_gazebo_assets/share/as2_gazebo_assets/worlds
-- Up-to-date: /mission_planning_ws/install/as2_gazebo_assets/share/as2_gazebo_assets/worlds/test_gripper.sdf
-- Up-to-date: /mission_planning_ws/install/as2_gazebo_assets/share/as2_gazebo_assets/worlds/grass.sdf.jinja
-- Up-to-date: /mission_planning_ws/install/as2_gazebo_assets/share/as2_gazebo_assets/worlds/empty.sdf.jinja
-- Up-to-date: /mission_planning_ws/install/as2_gazebo_assets/share/as2_gazebo_assets/models
-- Up-to-date: /mission_planning_ws/install/as2_gazebo_assets/share/as2_gazebo_assets/models/planar_lidar
-- Up-to-date: /mission_planning_ws/install/as2_gazebo_assets/share/as2_gazebo_assets/models/planar_lidar/model.config
-- Up-to-date: /mission_planning_ws/install/as2_gazebo_assets/share/as2_gazebo_assets/models/planar_lidar/planar_lidar.sdf
-- Up-to-date: /mission_planning_ws/install/as2_gazebo_assets/share/as2_gazebo_assets/models/magnetometer
-- Up-to-date: /mission_planning_ws/install/as2_gazebo_assets/share/as2_gazebo_assets/models/magnetometer/magnetometer.sdf
-- Up-to-date: /mission_planning_ws/install/as2_gazebo_assets/share/as2_gazebo_assets/models/magnetometer/model.config
-- Up-to-date: /mission_planning_ws/install/as2_gazebo_assets/share/as2_gazebo_assets/models/grayscaled_camera
-- Up-to-date: /mission_planning_ws/install/as2_gazebo_assets/share/as2_gazebo_assets/models/grayscaled_camera/grayscaled_camera.sdf
-- Up-to-date: /mission_planning_ws/install/as2_gazebo_assets/share/as2_gazebo_assets/models/grayscaled_camera/model.config
-- Up-to-date: /mission_planning_ws/install/as2_gazebo_assets/share/as2_gazebo_assets/models/grayscaled_camera/grayscaled_camera.sdf.jinja
-- Up-to-date: /mission_planning_ws/install/as2_gazebo_assets/share/as2_gazebo_assets/models/ground_plane
-- Up-to-date: /mission_planning_ws/install/as2_gazebo_assets/share/as2_gazebo_assets/models/ground_plane/model.config
-- Up-to-date: /mission_planning_ws/install/as2_gazebo_assets/share/as2_gazebo_assets/models/ground_plane/ground_plane.sdf
-- Up-to-date: /mission_planning_ws/install/as2_gazebo_assets/share/as2_gazebo_assets/models/rgbd_camera
-- Up-to-date: /mission_planning_ws/install/as2_gazebo_assets/share/as2_gazebo_assets/models/rgbd_camera/rgbd_camera.sdf
-- Up-to-date: /mission_planning_ws/install/as2_gazebo_assets/share/as2_gazebo_assets/models/rgbd_camera/rgbd_camera.sdf.jinja
-- Up-to-date: /mission_planning_ws/install/as2_gazebo_assets/share/as2_gazebo_assets/models/rgbd_camera/model.config
-- Up-to-date: /mission_planning_ws/install/as2_gazebo_assets/share/as2_gazebo_assets/models/aruco_gate_1
-- Up-to-date: /mission_planning_ws/install/as2_gazebo_assets/share/as2_gazebo_assets/models/aruco_gate_1/model.config
-- Up-to-date: /mission_planning_ws/install/as2_gazebo_assets/share/as2_gazebo_assets/models/aruco_gate_1/aruco_gate_1.sdf
-- Up-to-date: /mission_planning_ws/install/as2_gazebo_assets/share/as2_gazebo_assets/models/aruco_gate_1/meshes
-- Up-to-date: /mission_planning_ws/install/as2_gazebo_assets/share/as2_gazebo_assets/models/aruco_gate_1/meshes/hoop_2.stl
-- Up-to-date: /mission_planning_ws/install/as2_gazebo_assets/share/as2_gazebo_assets/models/aruco_gate_1/meshes/base_2.stl
-- Up-to-date: /mission_planning_ws/install/as2_gazebo_assets/share/as2_gazebo_assets/models/aruco_gate_1/meshes/base.stl
-- Up-to-date: /mission_planning_ws/install/as2_gazebo_assets/share/as2_gazebo_assets/models/aruco_gate_1/meshes/background.stl
-- Up-to-date: /mission_planning_ws/install/as2_gazebo_assets/share/as2_gazebo_assets/models/aruco_gate_1/meshes/hoop.stl
-- Up-to-date: /mission_planning_ws/install/as2_gazebo_assets/share/as2_gazebo_assets/models/point_lidar
-- Up-to-date: /mission_planning_ws/install/as2_gazebo_assets/share/as2_gazebo_assets/models/point_lidar/model.config
-- Up-to-date: /mission_planning_ws/install/as2_gazebo_assets/share/as2_gazebo_assets/models/point_lidar/point_lidar.sdf
-- Up-to-date: /mission_planning_ws/install/as2_gazebo_assets/share/as2_gazebo_assets/models/suction_gripper
-- Up-to-date: /mission_planning_ws/install/as2_gazebo_assets/share/as2_gazebo_assets/models/suction_gripper/model.config
-- Up-to-date: /mission_planning_ws/install/as2_gazebo_assets/share/as2_gazebo_assets/models/suction_gripper/suction_gripper.sdf
-- Up-to-date: /mission_planning_ws/install/as2_gazebo_assets/share/as2_gazebo_assets/models/crazyflie
-- Up-to-date: /mission_planning_ws/install/as2_gazebo_assets/share/as2_gazebo_assets/models/crazyflie/crazyflie.sdf.jinja
-- Up-to-date: /mission_planning_ws/install/as2_gazebo_assets/share/as2_gazebo_assets/models/crazyflie/model.config
-- Up-to-date: /mission_planning_ws/install/as2_gazebo_assets/share/as2_gazebo_assets/models/crazyflie/crazyflie.sdf
-- Up-to-date: /mission_planning_ws/install/as2_gazebo_assets/share/as2_gazebo_assets/models/crazyflie/meshes
-- Up-to-date: /mission_planning_ws/install/as2_gazebo_assets/share/as2_gazebo_assets/models/crazyflie/meshes/ccw_prop.dae
-- Up-to-date: /mission_planning_ws/install/as2_gazebo_assets/share/as2_gazebo_assets/models/crazyflie/meshes/cf2_assembly.dae
-- Up-to-date: /mission_planning_ws/install/as2_gazebo_assets/share/as2_gazebo_assets/models/crazyflie/meshes/cw_prop.dae
-- Up-to-date: /mission_planning_ws/install/as2_gazebo_assets/share/as2_gazebo_assets/models/hd_camera
-- Up-to-date: /mission_planning_ws/install/as2_gazebo_assets/share/as2_gazebo_assets/models/hd_camera/hd_camera.sdf
-- Up-to-date: /mission_planning_ws/install/as2_gazebo_assets/share/as2_gazebo_assets/models/hd_camera/model.config
-- Up-to-date: /mission_planning_ws/install/as2_gazebo_assets/share/as2_gazebo_assets/models/hd_camera/hd_camera.sdf.jinja
-- Up-to-date: /mission_planning_ws/install/as2_gazebo_assets/share/as2_gazebo_assets/models/x500
-- Up-to-date: /mission_planning_ws/install/as2_gazebo_assets/share/as2_gazebo_assets/models/x500/x500.sdf.jinja
-- Up-to-date: /mission_planning_ws/install/as2_gazebo_assets/share/as2_gazebo_assets/models/x500/materials
-- Up-to-date: /mission_planning_ws/install/as2_gazebo_assets/share/as2_gazebo_assets/models/x500/materials/textures
-- Up-to-date: /mission_planning_ws/install/as2_gazebo_assets/share/as2_gazebo_assets/models/x500/materials/textures/CF.png
-- Up-to-date: /mission_planning_ws/install/as2_gazebo_assets/share/as2_gazebo_assets/models/x500/materials/textures/rd.png
-- Up-to-date: /mission_planning_ws/install/as2_gazebo_assets/share/as2_gazebo_assets/models/x500/materials/textures/nxp.png
-- Up-to-date: /mission_planning_ws/install/as2_gazebo_assets/share/as2_gazebo_assets/models/x500/x500.sdf
-- Up-to-date: /mission_planning_ws/install/as2_gazebo_assets/share/as2_gazebo_assets/models/x500/thumbnails
-- Up-to-date: /mission_planning_ws/install/as2_gazebo_assets/share/as2_gazebo_assets/models/x500/thumbnails/3.png
-- Up-to-date: /mission_planning_ws/install/as2_gazebo_assets/share/as2_gazebo_assets/models/x500/thumbnails/5.png
-- Up-to-date: /mission_planning_ws/install/as2_gazebo_assets/share/as2_gazebo_assets/models/x500/thumbnails/1.png
-- Up-to-date: /mission_planning_ws/install/as2_gazebo_assets/share/as2_gazebo_assets/models/x500/thumbnails/4.png
-- Up-to-date: /mission_planning_ws/install/as2_gazebo_assets/share/as2_gazebo_assets/models/x500/thumbnails/2.png
-- Up-to-date: /mission_planning_ws/install/as2_gazebo_assets/share/as2_gazebo_assets/models/x500/model.config
-- Up-to-date: /mission_planning_ws/install/as2_gazebo_assets/share/as2_gazebo_assets/models/x500/meshes
-- Up-to-date: /mission_planning_ws/install/as2_gazebo_assets/share/as2_gazebo_assets/models/x500/meshes/1345_prop_cw.stl
-- Up-to-date: /mission_planning_ws/install/as2_gazebo_assets/share/as2_gazebo_assets/models/x500/meshes/CF.png
-- Up-to-date: /mission_planning_ws/install/as2_gazebo_assets/share/as2_gazebo_assets/models/x500/meshes/NXP-HGD-CF.dae
-- Up-to-date: /mission_planning_ws/install/as2_gazebo_assets/share/as2_gazebo_assets/models/x500/meshes/5010Base.dae
-- Up-to-date: /mission_planning_ws/install/as2_gazebo_assets/share/as2_gazebo_assets/models/x500/meshes/5010Bell.dae
-- Up-to-date: /mission_planning_ws/install/as2_gazebo_assets/share/as2_gazebo_assets/models/x500/meshes/1345_prop_ccw.stl
-- Up-to-date: /mission_planning_ws/install/as2_gazebo_assets/share/as2_gazebo_assets/models/windmill
-- Up-to-date: /mission_planning_ws/install/as2_gazebo_assets/share/as2_gazebo_assets/models/windmill/windmill.sdf
-- Up-to-date: /mission_planning_ws/install/as2_gazebo_assets/share/as2_gazebo_assets/models/windmill/model.config
-- Up-to-date: /mission_planning_ws/install/as2_gazebo_assets/share/as2_gazebo_assets/models/windmill/meshes
-- Up-to-date: /mission_planning_ws/install/as2_gazebo_assets/share/as2_gazebo_assets/models/windmill/meshes/rotor.dae
-- Up-to-date: /mission_planning_ws/install/as2_gazebo_assets/share/as2_gazebo_assets/models/windmill/meshes/tower.dae
-- Up-to-date: /mission_planning_ws/install/as2_gazebo_assets/share/as2_gazebo_assets/models/windmill/meshes/Plastic010_1K_Displacement.jpg
-- Up-to-date: /mission_planning_ws/install/as2_gazebo_assets/share/as2_gazebo_assets/models/windmill/meshes/blades.dae
-- Up-to-date: /mission_planning_ws/install/as2_gazebo_assets/share/as2_gazebo_assets/models/semantic_camera
-- Up-to-date: /mission_planning_ws/install/as2_gazebo_assets/share/as2_gazebo_assets/models/semantic_camera/semantic_camera.sdf.jinja
-- Up-to-date: /mission_planning_ws/install/as2_gazebo_assets/share/as2_gazebo_assets/models/semantic_camera/model.config
-- Up-to-date: /mission_planning_ws/install/as2_gazebo_assets/share/as2_gazebo_assets/models/semantic_camera/semantic_camera.sdf
-- Up-to-date: /mission_planning_ws/install/as2_gazebo_assets/share/as2_gazebo_assets/models/3d_lidar
-- Up-to-date: /mission_planning_ws/install/as2_gazebo_assets/share/as2_gazebo_assets/models/3d_lidar/3d_lidar.sdf
-- Up-to-date: /mission_planning_ws/install/as2_gazebo_assets/share/as2_gazebo_assets/models/3d_lidar/model.config
-- Up-to-date: /mission_planning_ws/install/as2_gazebo_assets/share/as2_gazebo_assets/models/lidar_3d
-- Up-to-date: /mission_planning_ws/install/as2_gazebo_assets/share/as2_gazebo_assets/models/lidar_3d/lidar_3d.sdf
-- Up-to-date: /mission_planning_ws/install/as2_gazebo_assets/share/as2_gazebo_assets/models/lidar_3d/model.config
-- Up-to-date: /mission_planning_ws/install/as2_gazebo_assets/share/as2_gazebo_assets/models/gimbal
-- Up-to-date: /mission_planning_ws/install/as2_gazebo_assets/share/as2_gazebo_assets/models/gimbal/position_gimbal.sdf
-- Up-to-date: /mission_planning_ws/install/as2_gazebo_assets/share/as2_gazebo_assets/models/gimbal/speed_gimbal.sdf.jinja
-- Up-to-date: /mission_planning_ws/install/as2_gazebo_assets/share/as2_gazebo_assets/models/gimbal/model.config
-- Up-to-date: /mission_planning_ws/install/as2_gazebo_assets/share/as2_gazebo_assets/models/gimbal/position_gimbal.sdf.jinja
-- Up-to-date: /mission_planning_ws/install/as2_gazebo_assets/share/as2_gazebo_assets/models/grass_patch
-- Up-to-date: /mission_planning_ws/install/as2_gazebo_assets/share/as2_gazebo_assets/models/grass_patch/model.sdf
-- Up-to-date: /mission_planning_ws/install/as2_gazebo_assets/share/as2_gazebo_assets/models/grass_patch/materials
-- Up-to-date: /mission_planning_ws/install/as2_gazebo_assets/share/as2_gazebo_assets/models/grass_patch/materials/textures
-- Up-to-date: /mission_planning_ws/install/as2_gazebo_assets/share/as2_gazebo_assets/models/grass_patch/materials/textures/grass_dry.png
-- Up-to-date: /mission_planning_ws/install/as2_gazebo_assets/share/as2_gazebo_assets/models/grass_patch/thumbnails
-- Up-to-date: /mission_planning_ws/install/as2_gazebo_assets/share/as2_gazebo_assets/models/grass_patch/thumbnails/grasspatch.jpg
-- Up-to-date: /mission_planning_ws/install/as2_gazebo_assets/share/as2_gazebo_assets/models/grass_patch/model.config
-- Up-to-date: /mission_planning_ws/install/as2_gazebo_assets/share/as2_gazebo_assets/models/px4vision
-- Up-to-date: /mission_planning_ws/install/as2_gazebo_assets/share/as2_gazebo_assets/models/px4vision/px4vision.sdf.jinja
-- Up-to-date: /mission_planning_ws/install/as2_gazebo_assets/share/as2_gazebo_assets/models/px4vision/thumbnails
-- Up-to-date: /mission_planning_ws/install/as2_gazebo_assets/share/as2_gazebo_assets/models/px4vision/thumbnails/px4vision_diagonal.png
-- Up-to-date: /mission_planning_ws/install/as2_gazebo_assets/share/as2_gazebo_assets/models/px4vision/thumbnails/px4_vision_top.png
-- Up-to-date: /mission_planning_ws/install/as2_gazebo_assets/share/as2_gazebo_assets/models/px4vision/thumbnails/px4_vision_front.png
-- Up-to-date: /mission_planning_ws/install/as2_gazebo_assets/share/as2_gazebo_assets/models/px4vision/model.config
-- Up-to-date: /mission_planning_ws/install/as2_gazebo_assets/share/as2_gazebo_assets/models/px4vision/px4vision.sdf
-- Up-to-date: /mission_planning_ws/install/as2_gazebo_assets/share/as2_gazebo_assets/models/px4vision/meshes
-- Up-to-date: /mission_planning_ws/install/as2_gazebo_assets/share/as2_gazebo_assets/models/px4vision/meshes/iris_prop_cw.dae
-- Up-to-date: /mission_planning_ws/install/as2_gazebo_assets/share/as2_gazebo_assets/models/px4vision/meshes/body.dae
-- Up-to-date: /mission_planning_ws/install/as2_gazebo_assets/share/as2_gazebo_assets/models/px4vision/meshes/iris_prop_ccw.dae
-- Up-to-date: /mission_planning_ws/install/as2_gazebo_assets/share/as2_gazebo_assets/models/aruco_gate_2
-- Up-to-date: /mission_planning_ws/install/as2_gazebo_assets/share/as2_gazebo_assets/models/aruco_gate_2/aruco_gate_2.sdf
-- Up-to-date: /mission_planning_ws/install/as2_gazebo_assets/share/as2_gazebo_assets/models/aruco_gate_2/model.config
-- Up-to-date: /mission_planning_ws/install/as2_gazebo_assets/share/as2_gazebo_assets/models/aruco
-- Up-to-date: /mission_planning_ws/install/as2_gazebo_assets/share/as2_gazebo_assets/models/aruco/aruco.sdf
-- Up-to-date: /mission_planning_ws/install/as2_gazebo_assets/share/as2_gazebo_assets/models/aruco/materials
-- Up-to-date: /mission_planning_ws/install/as2_gazebo_assets/share/as2_gazebo_assets/models/aruco/materials/textures
-- Up-to-date: /mission_planning_ws/install/as2_gazebo_assets/share/as2_gazebo_assets/models/aruco/materials/textures/marker5.png
-- Up-to-date: /mission_planning_ws/install/as2_gazebo_assets/share/as2_gazebo_assets/models/aruco/materials/textures/marker4.png
-- Up-to-date: /mission_planning_ws/install/as2_gazebo_assets/share/as2_gazebo_assets/models/aruco/materials/textures/marker3.png
-- Up-to-date: /mission_planning_ws/install/as2_gazebo_assets/share/as2_gazebo_assets/models/aruco/materials/textures/marker1.png
-- Up-to-date: /mission_planning_ws/install/as2_gazebo_assets/share/as2_gazebo_assets/models/aruco/materials/textures/marker2.png
-- Up-to-date: /mission_planning_ws/install/as2_gazebo_assets/share/as2_gazebo_assets/models/aruco/materials/scripts
-- Up-to-date: /mission_planning_ws/install/as2_gazebo_assets/share/as2_gazebo_assets/models/aruco/materials/scripts/aruco.material
-- Up-to-date: /mission_planning_ws/install/as2_gazebo_assets/share/as2_gazebo_assets/models/aruco/model.config
-- Up-to-date: /mission_planning_ws/install/as2_gazebo_assets/share/as2_gazebo_assets/models/aruco/meshes
-- Up-to-date: /mission_planning_ws/install/as2_gazebo_assets/share/as2_gazebo_assets/models/aruco/meshes/checkerboard_plane.dae
-- Up-to-date: /mission_planning_ws/install/as2_gazebo_assets/share/as2_gazebo_assets/models/gps
-- Up-to-date: /mission_planning_ws/install/as2_gazebo_assets/share/as2_gazebo_assets/models/gps/gps.sdf
-- Up-to-date: /mission_planning_ws/install/as2_gazebo_assets/share/as2_gazebo_assets/models/gps/model.config
-- Up-to-date: /mission_planning_ws/install/as2_gazebo_assets/share/as2_gazebo_assets/models/vga_camera
-- Up-to-date: /mission_planning_ws/install/as2_gazebo_assets/share/as2_gazebo_assets/models/vga_camera/model.config
-- Up-to-date: /mission_planning_ws/install/as2_gazebo_assets/share/as2_gazebo_assets/models/vga_camera/vga_camera.sdf.jinja
-- Up-to-date: /mission_planning_ws/install/as2_gazebo_assets/share/as2_gazebo_assets/models/vga_camera/vga_camera.sdf
-- Up-to-date: /mission_planning_ws/install/as2_gazebo_assets/share/as2_gazebo_assets/models/quadrotor_base
-- Up-to-date: /mission_planning_ws/install/as2_gazebo_assets/share/as2_gazebo_assets/models/quadrotor_base/materials
-- Up-to-date: /mission_planning_ws/install/as2_gazebo_assets/share/as2_gazebo_assets/models/quadrotor_base/materials/textures
-- Up-to-date: /mission_planning_ws/install/as2_gazebo_assets/share/as2_gazebo_assets/models/quadrotor_base/materials/textures/led.jpg
-- Up-to-date: /mission_planning_ws/install/as2_gazebo_assets/share/as2_gazebo_assets/models/quadrotor_base/quadrotor_base.sdf.jinja
-- Up-to-date: /mission_planning_ws/install/as2_gazebo_assets/share/as2_gazebo_assets/models/quadrotor_base/quadrotor_base.sdf
-- Up-to-date: /mission_planning_ws/install/as2_gazebo_assets/share/as2_gazebo_assets/models/quadrotor_base/model.config
-- Up-to-date: /mission_planning_ws/install/as2_gazebo_assets/share/as2_gazebo_assets/models/quadrotor_base/meshes
-- Up-to-date: /mission_planning_ws/install/as2_gazebo_assets/share/as2_gazebo_assets/models/quadrotor_base/meshes/quadrotor.jpg
-- Up-to-date: /mission_planning_ws/install/as2_gazebo_assets/share/as2_gazebo_assets/models/quadrotor_base/meshes/propeller_cw.dae
-- Up-to-date: /mission_planning_ws/install/as2_gazebo_assets/share/as2_gazebo_assets/models/quadrotor_base/meshes/led_lamp.dae
-- Up-to-date: /mission_planning_ws/install/as2_gazebo_assets/share/as2_gazebo_assets/models/quadrotor_base/meshes/quadrotor.dae
-- Up-to-date: /mission_planning_ws/install/as2_gazebo_assets/share/as2_gazebo_assets/models/quadrotor_base/meshes/led.dae
-- Up-to-date: /mission_planning_ws/install/as2_gazebo_assets/share/as2_gazebo_assets/models/quadrotor_base/meshes/propeller_ccw.dae
-- Up-to-date: /mission_planning_ws/install/as2_gazebo_assets/share/as2_gazebo_assets/models/gate
-- Up-to-date: /mission_planning_ws/install/as2_gazebo_assets/share/as2_gazebo_assets/models/gate/model.config
-- Up-to-date: /mission_planning_ws/install/as2_gazebo_assets/share/as2_gazebo_assets/models/gate/gate.sdf
-- Up-to-date: /mission_planning_ws/install/as2_gazebo_assets/share/as2_gazebo_assets/models/gate/meshes
-- Up-to-date: /mission_planning_ws/install/as2_gazebo_assets/share/as2_gazebo_assets/models/gate/meshes/gate.dae
-- Up-to-date: /mission_planning_ws/install/as2_gazebo_assets/share/as2_gazebo_assets/models/gate/meshes/gate_color.png
-- Up-to-date: /mission_planning_ws/install/as2_gazebo_assets/share/as2_gazebo_assets/models/hexrotor_base
-- Up-to-date: /mission_planning_ws/install/as2_gazebo_assets/share/as2_gazebo_assets/models/hexrotor_base/materials
-- Up-to-date: /mission_planning_ws/install/as2_gazebo_assets/share/as2_gazebo_assets/models/hexrotor_base/materials/textures
-- Up-to-date: /mission_planning_ws/install/as2_gazebo_assets/share/as2_gazebo_assets/models/hexrotor_base/materials/textures/led.jpg
-- Up-to-date: /mission_planning_ws/install/as2_gazebo_assets/share/as2_gazebo_assets/models/hexrotor_base/model.config
-- Up-to-date: /mission_planning_ws/install/as2_gazebo_assets/share/as2_gazebo_assets/models/hexrotor_base/hexrotor_base.sdf
-- Up-to-date: /mission_planning_ws/install/as2_gazebo_assets/share/as2_gazebo_assets/models/hexrotor_base/hexrotor_base.sdf.jinja
-- Up-to-date: /mission_planning_ws/install/as2_gazebo_assets/share/as2_gazebo_assets/models/hexrotor_base/meshes
-- Up-to-date: /mission_planning_ws/install/as2_gazebo_assets/share/as2_gazebo_assets/models/hexrotor_base/meshes/neo11_propeller_cw.dae
-- Up-to-date: /mission_planning_ws/install/as2_gazebo_assets/share/as2_gazebo_assets/models/hexrotor_base/meshes/hexrotor.jpg
-- Up-to-date: /mission_planning_ws/install/as2_gazebo_assets/share/as2_gazebo_assets/models/hexrotor_base/meshes/led_lamp.dae
-- Up-to-date: /mission_planning_ws/install/as2_gazebo_assets/share/as2_gazebo_assets/models/hexrotor_base/meshes/led.dae
-- Up-to-date: /mission_planning_ws/install/as2_gazebo_assets/share/as2_gazebo_assets/models/hexrotor_base/meshes/neo11_propeller_ccw.dae
-- Up-to-date: /mission_planning_ws/install/as2_gazebo_assets/share/as2_gazebo_assets/models/hexrotor_base/meshes/hexrotor.dae
-- Up-to-date: /mission_planning_ws/install/as2_gazebo_assets/share/as2_gazebo_assets/models/air_pressure
-- Up-to-date: /mission_planning_ws/install/as2_gazebo_assets/share/as2_gazebo_assets/models/air_pressure/model.config
-- Up-to-date: /mission_planning_ws/install/as2_gazebo_assets/share/as2_gazebo_assets/models/air_pressure/air_pressure.sdf
-- Up-to-date: /mission_planning_ws/install/as2_gazebo_assets/share/as2_gazebo_assets/scripts
-- Up-to-date: /mission_planning_ws/install/as2_gazebo_assets/share/as2_gazebo_assets/scripts/jinja_gen.py
-- Up-to-date: /mission_planning_ws/install/as2_gazebo_assets/share/ament_index/resource_index/package_run_dependencies/as2_gazebo_assets
-- Up-to-date: /mission_planning_ws/install/as2_gazebo_assets/share/ament_index/resource_index/parent_prefix_path/as2_gazebo_assets
-- Up-to-date: /mission_planning_ws/install/as2_gazebo_assets/share/as2_gazebo_assets/environment/ament_prefix_path.sh
-- Up-to-date: /mission_planning_ws/install/as2_gazebo_assets/share/as2_gazebo_assets/environment/ament_prefix_path.dsv
-- Up-to-date: /mission_planning_ws/install/as2_gazebo_assets/share/as2_gazebo_assets/environment/path.sh
-- Up-to-date: /mission_planning_ws/install/as2_gazebo_assets/share/as2_gazebo_assets/environment/path.dsv
-- Up-to-date: /mission_planning_ws/install/as2_gazebo_assets/share/as2_gazebo_assets/local_setup.bash
-- Up-to-date: /mission_planning_ws/install/as2_gazebo_assets/share/as2_gazebo_assets/local_setup.sh
-- Up-to-date: /mission_planning_ws/install/as2_gazebo_assets/share/as2_gazebo_assets/local_setup.zsh
-- Up-to-date: /mission_planning_ws/install/as2_gazebo_assets/share/as2_gazebo_assets/local_setup.dsv
-- Installing: /mission_planning_ws/install/as2_gazebo_assets/share/as2_gazebo_assets/package.dsv
-- Up-to-date: /mission_planning_ws/install/as2_gazebo_assets/share/ament_index/resource_index/packages/as2_gazebo_assets
-- Up-to-date: /mission_planning_ws/install/as2_gazebo_assets/share/as2_gazebo_assets/cmake/as2_gazebo_assetsConfig.cmake
-- Up-to-date: /mission_planning_ws/install/as2_gazebo_assets/share/as2_gazebo_assets/cmake/as2_gazebo_assetsConfig-version.cmake
-- Up-to-date: /mission_planning_ws/install/as2_gazebo_assets/share/as2_gazebo_assets/package.xml
