[0.051s] Invoking command in '/mission_planning_ws/build/as2_gazebo_assets': AMENT_PREFIX_PATH=/mission_planning_ws/install/as2_core:/mission_planning_ws/install/as2_msgs:${AMENT_PREFIX_PATH} CMAKE_PREFIX_PATH=/mission_planning_ws/install/as2_core:/mission_planning_ws/install/as2_msgs:/root/project_gazebo_ws/install/aerostack2:/root/project_gazebo_ws/install/as2_usb_camera_interface:/root/project_gazebo_ws/install/as2_state_estimator:/root/project_gazebo_ws/install/as2_rviz_plugins:/root/project_gazebo_ws/install/as2_realsense_interface:/root/project_gazebo_ws/install/as2_platform_multirotor_simulator:/root/project_gazebo_ws/install/as2_platform_gazebo:/root/project_gazebo_ws/install/as2_motion_controller:/root/project_gazebo_ws/install/as2_behaviors_trajectory_generation:/root/project_gazebo_ws/install/as2_behaviors_motion:/root/project_gazebo_ws/install/as2_motion_reference_handlers:/root/project_gazebo_ws/install/as2_map_server:/root/project_gazebo_ws/install/as2_geozones:/root/project_gazebo_ws/install/as2_gazebo_assets:/root/project_gazebo_ws/install/as2_external_object_to_tf:/root/project_gazebo_ws/install/as2_behaviors_platform:/root/project_gazebo_ws/install/as2_behaviors_perception:/root/project_gazebo_ws/install/as2_behaviors_path_planning:/root/project_gazebo_ws/install/as2_behavior_tree:/root/project_gazebo_ws/install/as2_behavior:/root/project_gazebo_ws/install/as2_alphanumeric_viewer:/root/project_gazebo_ws/install/as2_core:/root/project_gazebo_ws/install/as2_msgs:/root/project_gazebo_ws/install/as2_cli:/root/project_gazebo_ws/install/as2_visualization:/root/project_gazebo_ws/install/as2_keyboard_teleoperation:/root/project_gazebo_ws/install/as2_python_api:/opt/ros/humble LD_LIBRARY_PATH=/mission_planning_ws/install/as2_core/lib:/mission_planning_ws/install/as2_msgs/lib:${LD_LIBRARY_PATH} PYTHONPATH=/mission_planning_ws/install/as2_core/local/lib/python3.10/dist-packages:/mission_planning_ws/install/as2_msgs/local/lib/python3.10/dist-packages:${PYTHONPATH} /usr/bin/cmake --build /mission_planning_ws/build/as2_gazebo_assets -- -j22 -l22
[0.173s] [ 12%] Built target gps_bridge
[0.177s] [ 25%] Built target MulticopterINDIControl
[0.178s] [ 37%] Built target azimuth_bridge
[0.201s] [ 50%] Built target acro_bridge
[0.205s] [ 66%] Built target set_entity_pose_bridge
[0.205s] [ 75%] Built target object_tf_broadcaster
[0.211s] [ 87%] Built target ground_truth_bridge
[0.240s] [ 87%] Built target ament_cmake_python_copy_as2_gazebo_assets
[0.250s] [100%] Built target gimbal_bridge
[0.482s] running egg_info
[0.483s] writing as2_gazebo_assets.egg-info/PKG-INFO
[0.483s] writing dependency_links to as2_gazebo_assets.egg-info/dependency_links.txt
[0.483s] writing top-level names to as2_gazebo_assets.egg-info/top_level.txt
[0.484s] reading manifest file 'as2_gazebo_assets.egg-info/SOURCES.txt'
[0.484s] writing manifest file 'as2_gazebo_assets.egg-info/SOURCES.txt'
[0.503s] [100%] Built target ament_cmake_python_build_as2_gazebo_assets_egg
[0.547s] Invoked command in '/mission_planning_ws/build/as2_gazebo_assets' returned '0': AMENT_PREFIX_PATH=/mission_planning_ws/install/as2_core:/mission_planning_ws/install/as2_msgs:${AMENT_PREFIX_PATH} CMAKE_PREFIX_PATH=/mission_planning_ws/install/as2_core:/mission_planning_ws/install/as2_msgs:/root/project_gazebo_ws/install/aerostack2:/root/project_gazebo_ws/install/as2_usb_camera_interface:/root/project_gazebo_ws/install/as2_state_estimator:/root/project_gazebo_ws/install/as2_rviz_plugins:/root/project_gazebo_ws/install/as2_realsense_interface:/root/project_gazebo_ws/install/as2_platform_multirotor_simulator:/root/project_gazebo_ws/install/as2_platform_gazebo:/root/project_gazebo_ws/install/as2_motion_controller:/root/project_gazebo_ws/install/as2_behaviors_trajectory_generation:/root/project_gazebo_ws/install/as2_behaviors_motion:/root/project_gazebo_ws/install/as2_motion_reference_handlers:/root/project_gazebo_ws/install/as2_map_server:/root/project_gazebo_ws/install/as2_geozones:/root/project_gazebo_ws/install/as2_gazebo_assets:/root/project_gazebo_ws/install/as2_external_object_to_tf:/root/project_gazebo_ws/install/as2_behaviors_platform:/root/project_gazebo_ws/install/as2_behaviors_perception:/root/project_gazebo_ws/install/as2_behaviors_path_planning:/root/project_gazebo_ws/install/as2_behavior_tree:/root/project_gazebo_ws/install/as2_behavior:/root/project_gazebo_ws/install/as2_alphanumeric_viewer:/root/project_gazebo_ws/install/as2_core:/root/project_gazebo_ws/install/as2_msgs:/root/project_gazebo_ws/install/as2_cli:/root/project_gazebo_ws/install/as2_visualization:/root/project_gazebo_ws/install/as2_keyboard_teleoperation:/root/project_gazebo_ws/install/as2_python_api:/opt/ros/humble LD_LIBRARY_PATH=/mission_planning_ws/install/as2_core/lib:/mission_planning_ws/install/as2_msgs/lib:${LD_LIBRARY_PATH} PYTHONPATH=/mission_planning_ws/install/as2_core/local/lib/python3.10/dist-packages:/mission_planning_ws/install/as2_msgs/local/lib/python3.10/dist-packages:${PYTHONPATH} /usr/bin/cmake --build /mission_planning_ws/build/as2_gazebo_assets -- -j22 -l22
[0.548s] Invoking command in '/mission_planning_ws/build/as2_gazebo_assets': AMENT_PREFIX_PATH=/mission_planning_ws/install/as2_core:/mission_planning_ws/install/as2_msgs:${AMENT_PREFIX_PATH} CMAKE_PREFIX_PATH=/mission_planning_ws/install/as2_core:/mission_planning_ws/install/as2_msgs:/root/project_gazebo_ws/install/aerostack2:/root/project_gazebo_ws/install/as2_usb_camera_interface:/root/project_gazebo_ws/install/as2_state_estimator:/root/project_gazebo_ws/install/as2_rviz_plugins:/root/project_gazebo_ws/install/as2_realsense_interface:/root/project_gazebo_ws/install/as2_platform_multirotor_simulator:/root/project_gazebo_ws/install/as2_platform_gazebo:/root/project_gazebo_ws/install/as2_motion_controller:/root/project_gazebo_ws/install/as2_behaviors_trajectory_generation:/root/project_gazebo_ws/install/as2_behaviors_motion:/root/project_gazebo_ws/install/as2_motion_reference_handlers:/root/project_gazebo_ws/install/as2_map_server:/root/project_gazebo_ws/install/as2_geozones:/root/project_gazebo_ws/install/as2_gazebo_assets:/root/project_gazebo_ws/install/as2_external_object_to_tf:/root/project_gazebo_ws/install/as2_behaviors_platform:/root/project_gazebo_ws/install/as2_behaviors_perception:/root/project_gazebo_ws/install/as2_behaviors_path_planning:/root/project_gazebo_ws/install/as2_behavior_tree:/root/project_gazebo_ws/install/as2_behavior:/root/project_gazebo_ws/install/as2_alphanumeric_viewer:/root/project_gazebo_ws/install/as2_core:/root/project_gazebo_ws/install/as2_msgs:/root/project_gazebo_ws/install/as2_cli:/root/project_gazebo_ws/install/as2_visualization:/root/project_gazebo_ws/install/as2_keyboard_teleoperation:/root/project_gazebo_ws/install/as2_python_api:/opt/ros/humble LD_LIBRARY_PATH=/mission_planning_ws/install/as2_core/lib:/mission_planning_ws/install/as2_msgs/lib:${LD_LIBRARY_PATH} PYTHONPATH=/mission_planning_ws/install/as2_core/local/lib/python3.10/dist-packages:/mission_planning_ws/install/as2_msgs/local/lib/python3.10/dist-packages:${PYTHONPATH} /usr/bin/cmake --install /mission_planning_ws/build/as2_gazebo_assets
[0.553s] -- Install configuration: ""
[0.553s] -- Up-to-date: /mission_planning_ws/install/as2_gazebo_assets/share/as2_gazebo_assets/environment/resource_paths.dsv
[0.553s] -- Up-to-date: /mission_planning_ws/install/as2_gazebo_assets/share/as2_gazebo_assets/environment/resource_paths.sh
[0.553s] -- Up-to-date: /mission_planning_ws/install/as2_gazebo_assets/lib/as2_gazebo_assets/azimuth_bridge
[0.553s] -- Up-to-date: /mission_planning_ws/install/as2_gazebo_assets/lib/as2_gazebo_assets/gps_bridge
[0.553s] -- Up-to-date: /mission_planning_ws/install/as2_gazebo_assets/lib/as2_gazebo_assets/ground_truth_bridge
[0.553s] -- Up-to-date: /mission_planning_ws/install/as2_gazebo_assets/lib/as2_gazebo_assets/object_tf_broadcaster
[0.554s] -- Up-to-date: /mission_planning_ws/install/as2_gazebo_assets/lib/as2_gazebo_assets/gimbal_bridge
[0.554s] -- Up-to-date: /mission_planning_ws/install/as2_gazebo_assets/lib/as2_gazebo_assets/acro_bridge
[0.554s] -- Up-to-date: /mission_planning_ws/install/as2_gazebo_assets/lib/as2_gazebo_assets/set_entity_pose_bridge
[0.555s] -- Up-to-date: /mission_planning_ws/install/as2_gazebo_assets/lib/libMulticopterINDIControl.so
[0.555s] -- Up-to-date: /mission_planning_ws/install/as2_gazebo_assets/share/as2_gazebo_assets/environment/pythonpath.sh
[0.555s] -- Up-to-date: /mission_planning_ws/install/as2_gazebo_assets/share/as2_gazebo_assets/environment/pythonpath.dsv
[0.555s] -- Up-to-date: /mission_planning_ws/install/as2_gazebo_assets/local/lib/python3.10/dist-packages/as2_gazebo_assets-1.1.2-py3.10.egg-info
[0.555s] -- Installing: /mission_planning_ws/install/as2_gazebo_assets/local/lib/python3.10/dist-packages/as2_gazebo_assets-1.1.2-py3.10.egg-info/dependency_links.txt
[0.555s] -- Installing: /mission_planning_ws/install/as2_gazebo_assets/local/lib/python3.10/dist-packages/as2_gazebo_assets-1.1.2-py3.10.egg-info/PKG-INFO
[0.555s] -- Installing: /mission_planning_ws/install/as2_gazebo_assets/local/lib/python3.10/dist-packages/as2_gazebo_assets-1.1.2-py3.10.egg-info/top_level.txt
[0.555s] -- Installing: /mission_planning_ws/install/as2_gazebo_assets/local/lib/python3.10/dist-packages/as2_gazebo_assets-1.1.2-py3.10.egg-info/SOURCES.txt
[0.555s] -- Up-to-date: /mission_planning_ws/install/as2_gazebo_assets/local/lib/python3.10/dist-packages/as2_gazebo_assets
[0.555s] -- Up-to-date: /mission_planning_ws/install/as2_gazebo_assets/local/lib/python3.10/dist-packages/as2_gazebo_assets/__init__.py
[0.555s] -- Up-to-date: /mission_planning_ws/install/as2_gazebo_assets/local/lib/python3.10/dist-packages/as2_gazebo_assets/tests
[0.555s] -- Up-to-date: /mission_planning_ws/install/as2_gazebo_assets/local/lib/python3.10/dist-packages/as2_gazebo_assets/tests/test_models.py
[0.556s] -- Up-to-date: /mission_planning_ws/install/as2_gazebo_assets/local/lib/python3.10/dist-packages/as2_gazebo_assets/utils
[0.556s] -- Up-to-date: /mission_planning_ws/install/as2_gazebo_assets/local/lib/python3.10/dist-packages/as2_gazebo_assets/utils/launch_exception.py
[0.556s] -- Up-to-date: /mission_planning_ws/install/as2_gazebo_assets/local/lib/python3.10/dist-packages/as2_gazebo_assets/world.py
[0.556s] -- Up-to-date: /mission_planning_ws/install/as2_gazebo_assets/local/lib/python3.10/dist-packages/as2_gazebo_assets/bridges
[0.556s] -- Up-to-date: /mission_planning_ws/install/as2_gazebo_assets/local/lib/python3.10/dist-packages/as2_gazebo_assets/bridges/bridge.py
[0.556s] -- Up-to-date: /mission_planning_ws/install/as2_gazebo_assets/local/lib/python3.10/dist-packages/as2_gazebo_assets/bridges/__init__.py
[0.556s] -- Up-to-date: /mission_planning_ws/install/as2_gazebo_assets/local/lib/python3.10/dist-packages/as2_gazebo_assets/bridges/custom_bridges.py
[0.556s] -- Up-to-date: /mission_planning_ws/install/as2_gazebo_assets/local/lib/python3.10/dist-packages/as2_gazebo_assets/bridges/bridges.py
[0.556s] -- Up-to-date: /mission_planning_ws/install/as2_gazebo_assets/local/lib/python3.10/dist-packages/as2_gazebo_assets/models
[0.556s] -- Up-to-date: /mission_planning_ws/install/as2_gazebo_assets/local/lib/python3.10/dist-packages/as2_gazebo_assets/models/drone.py
[0.556s] -- Up-to-date: /mission_planning_ws/install/as2_gazebo_assets/local/lib/python3.10/dist-packages/as2_gazebo_assets/models/__init__.py
[0.556s] -- Up-to-date: /mission_planning_ws/install/as2_gazebo_assets/local/lib/python3.10/dist-packages/as2_gazebo_assets/models/entity.py
[0.556s] -- Up-to-date: /mission_planning_ws/install/as2_gazebo_assets/local/lib/python3.10/dist-packages/as2_gazebo_assets/models/payload.py
[0.557s] -- Up-to-date: /mission_planning_ws/install/as2_gazebo_assets/local/lib/python3.10/dist-packages/as2_gazebo_assets/models/object.py
[0.579s] Listing '/mission_planning_ws/install/as2_gazebo_assets/local/lib/python3.10/dist-packages/as2_gazebo_assets'...
[0.579s] Listing '/mission_planning_ws/install/as2_gazebo_assets/local/lib/python3.10/dist-packages/as2_gazebo_assets/bridges'...
[0.579s] Listing '/mission_planning_ws/install/as2_gazebo_assets/local/lib/python3.10/dist-packages/as2_gazebo_assets/models'...
[0.579s] Listing '/mission_planning_ws/install/as2_gazebo_assets/local/lib/python3.10/dist-packages/as2_gazebo_assets/tests'...
[0.579s] Listing '/mission_planning_ws/install/as2_gazebo_assets/local/lib/python3.10/dist-packages/as2_gazebo_assets/utils'...
[0.581s] -- Up-to-date: /mission_planning_ws/install/as2_gazebo_assets/include
[0.581s] -- Up-to-date: /mission_planning_ws/install/as2_gazebo_assets/include/as2_gazebo_assets
[0.582s] -- Up-to-date: /mission_planning_ws/install/as2_gazebo_assets/include/as2_gazebo_assets/object_tf_broadcaster.hpp
[0.582s] -- Up-to-date: /mission_planning_ws/install/as2_gazebo_assets/include/as2_gazebo_assets/set_entity_pose_bridge.hpp
[0.582s] -- Up-to-date: /mission_planning_ws/install/as2_gazebo_assets/include/as2_gazebo_assets/azimuth_bridge.hpp
[0.582s] -- Up-to-date: /mission_planning_ws/install/as2_gazebo_assets/include/as2_gazebo_assets/ground_truth_bridge.hpp
[0.582s] -- Up-to-date: /mission_planning_ws/install/as2_gazebo_assets/include/as2_gazebo_assets/gps_bridge.hpp
[0.582s] -- Up-to-date: /mission_planning_ws/install/as2_gazebo_assets/include/as2_gazebo_assets/gimbal_bridge.hpp
[0.582s] -- Up-to-date: /mission_planning_ws/install/as2_gazebo_assets/include/as2_gazebo_assets/acro_bridge.hpp
[0.582s] -- Up-to-date: /mission_planning_ws/install/as2_gazebo_assets/share/as2_gazebo_assets/launch
[0.582s] -- Up-to-date: /mission_planning_ws/install/as2_gazebo_assets/share/as2_gazebo_assets/launch/drone_bridges.py
[0.582s] -- Up-to-date: /mission_planning_ws/install/as2_gazebo_assets/share/as2_gazebo_assets/launch/object_bridges.py
[0.582s] -- Up-to-date: /mission_planning_ws/install/as2_gazebo_assets/share/as2_gazebo_assets/launch/world_bridges.py
[0.582s] -- Up-to-date: /mission_planning_ws/install/as2_gazebo_assets/share/as2_gazebo_assets/launch/monitor_sim.py
[0.582s] -- Up-to-date: /mission_planning_ws/install/as2_gazebo_assets/share/as2_gazebo_assets/launch/launch_simulation.py
[0.582s] -- Up-to-date: /mission_planning_ws/install/as2_gazebo_assets/share/as2_gazebo_assets/worlds
[0.582s] -- Up-to-date: /mission_planning_ws/install/as2_gazebo_assets/share/as2_gazebo_assets/worlds/test_gripper.sdf
[0.582s] -- Up-to-date: /mission_planning_ws/install/as2_gazebo_assets/share/as2_gazebo_assets/worlds/grass.sdf.jinja
[0.582s] -- Up-to-date: /mission_planning_ws/install/as2_gazebo_assets/share/as2_gazebo_assets/worlds/empty.sdf.jinja
[0.582s] -- Up-to-date: /mission_planning_ws/install/as2_gazebo_assets/share/as2_gazebo_assets/models
[0.582s] -- Up-to-date: /mission_planning_ws/install/as2_gazebo_assets/share/as2_gazebo_assets/models/planar_lidar
[0.582s] -- Up-to-date: /mission_planning_ws/install/as2_gazebo_assets/share/as2_gazebo_assets/models/planar_lidar/model.config
[0.583s] -- Up-to-date: /mission_planning_ws/install/as2_gazebo_assets/share/as2_gazebo_assets/models/planar_lidar/planar_lidar.sdf
[0.583s] -- Up-to-date: /mission_planning_ws/install/as2_gazebo_assets/share/as2_gazebo_assets/models/magnetometer
[0.583s] -- Up-to-date: /mission_planning_ws/install/as2_gazebo_assets/share/as2_gazebo_assets/models/magnetometer/magnetometer.sdf
[0.583s] -- Up-to-date: /mission_planning_ws/install/as2_gazebo_assets/share/as2_gazebo_assets/models/magnetometer/model.config
[0.583s] -- Up-to-date: /mission_planning_ws/install/as2_gazebo_assets/share/as2_gazebo_assets/models/grayscaled_camera
[0.583s] -- Up-to-date: /mission_planning_ws/install/as2_gazebo_assets/share/as2_gazebo_assets/models/grayscaled_camera/grayscaled_camera.sdf
[0.583s] -- Up-to-date: /mission_planning_ws/install/as2_gazebo_assets/share/as2_gazebo_assets/models/grayscaled_camera/model.config
[0.583s] -- Up-to-date: /mission_planning_ws/install/as2_gazebo_assets/share/as2_gazebo_assets/models/grayscaled_camera/grayscaled_camera.sdf.jinja
[0.583s] -- Up-to-date: /mission_planning_ws/install/as2_gazebo_assets/share/as2_gazebo_assets/models/ground_plane
[0.583s] -- Up-to-date: /mission_planning_ws/install/as2_gazebo_assets/share/as2_gazebo_assets/models/ground_plane/model.config
[0.583s] -- Up-to-date: /mission_planning_ws/install/as2_gazebo_assets/share/as2_gazebo_assets/models/ground_plane/ground_plane.sdf
[0.583s] -- Up-to-date: /mission_planning_ws/install/as2_gazebo_assets/share/as2_gazebo_assets/models/rgbd_camera
[0.583s] -- Up-to-date: /mission_planning_ws/install/as2_gazebo_assets/share/as2_gazebo_assets/models/rgbd_camera/rgbd_camera.sdf
[0.583s] -- Up-to-date: /mission_planning_ws/install/as2_gazebo_assets/share/as2_gazebo_assets/models/rgbd_camera/rgbd_camera.sdf.jinja
[0.583s] -- Up-to-date: /mission_planning_ws/install/as2_gazebo_assets/share/as2_gazebo_assets/models/rgbd_camera/model.config
[0.583s] -- Up-to-date: /mission_planning_ws/install/as2_gazebo_assets/share/as2_gazebo_assets/models/aruco_gate_1
[0.583s] -- Up-to-date: /mission_planning_ws/install/as2_gazebo_assets/share/as2_gazebo_assets/models/aruco_gate_1/model.config
[0.583s] -- Up-to-date: /mission_planning_ws/install/as2_gazebo_assets/share/as2_gazebo_assets/models/aruco_gate_1/aruco_gate_1.sdf
[0.583s] -- Up-to-date: /mission_planning_ws/install/as2_gazebo_assets/share/as2_gazebo_assets/models/aruco_gate_1/meshes
[0.583s] -- Up-to-date: /mission_planning_ws/install/as2_gazebo_assets/share/as2_gazebo_assets/models/aruco_gate_1/meshes/hoop_2.stl
[0.583s] -- Up-to-date: /mission_planning_ws/install/as2_gazebo_assets/share/as2_gazebo_assets/models/aruco_gate_1/meshes/base_2.stl
[0.583s] -- Up-to-date: /mission_planning_ws/install/as2_gazebo_assets/share/as2_gazebo_assets/models/aruco_gate_1/meshes/base.stl
[0.583s] -- Up-to-date: /mission_planning_ws/install/as2_gazebo_assets/share/as2_gazebo_assets/models/aruco_gate_1/meshes/background.stl
[0.584s] -- Up-to-date: /mission_planning_ws/install/as2_gazebo_assets/share/as2_gazebo_assets/models/aruco_gate_1/meshes/hoop.stl
[0.584s] -- Up-to-date: /mission_planning_ws/install/as2_gazebo_assets/share/as2_gazebo_assets/models/point_lidar
[0.584s] -- Up-to-date: /mission_planning_ws/install/as2_gazebo_assets/share/as2_gazebo_assets/models/point_lidar/model.config
[0.584s] -- Up-to-date: /mission_planning_ws/install/as2_gazebo_assets/share/as2_gazebo_assets/models/point_lidar/point_lidar.sdf
[0.584s] -- Up-to-date: /mission_planning_ws/install/as2_gazebo_assets/share/as2_gazebo_assets/models/suction_gripper
[0.584s] -- Up-to-date: /mission_planning_ws/install/as2_gazebo_assets/share/as2_gazebo_assets/models/suction_gripper/model.config
[0.584s] -- Up-to-date: /mission_planning_ws/install/as2_gazebo_assets/share/as2_gazebo_assets/models/suction_gripper/suction_gripper.sdf
[0.584s] -- Up-to-date: /mission_planning_ws/install/as2_gazebo_assets/share/as2_gazebo_assets/models/crazyflie
[0.584s] -- Up-to-date: /mission_planning_ws/install/as2_gazebo_assets/share/as2_gazebo_assets/models/crazyflie/crazyflie.sdf.jinja
[0.584s] -- Up-to-date: /mission_planning_ws/install/as2_gazebo_assets/share/as2_gazebo_assets/models/crazyflie/model.config
[0.584s] -- Up-to-date: /mission_planning_ws/install/as2_gazebo_assets/share/as2_gazebo_assets/models/crazyflie/crazyflie.sdf
[0.584s] -- Up-to-date: /mission_planning_ws/install/as2_gazebo_assets/share/as2_gazebo_assets/models/crazyflie/meshes
[0.584s] -- Up-to-date: /mission_planning_ws/install/as2_gazebo_assets/share/as2_gazebo_assets/models/crazyflie/meshes/ccw_prop.dae
[0.584s] -- Up-to-date: /mission_planning_ws/install/as2_gazebo_assets/share/as2_gazebo_assets/models/crazyflie/meshes/cf2_assembly.dae
[0.584s] -- Up-to-date: /mission_planning_ws/install/as2_gazebo_assets/share/as2_gazebo_assets/models/crazyflie/meshes/cw_prop.dae
[0.584s] -- Up-to-date: /mission_planning_ws/install/as2_gazebo_assets/share/as2_gazebo_assets/models/hd_camera
[0.584s] -- Up-to-date: /mission_planning_ws/install/as2_gazebo_assets/share/as2_gazebo_assets/models/hd_camera/hd_camera.sdf
[0.584s] -- Up-to-date: /mission_planning_ws/install/as2_gazebo_assets/share/as2_gazebo_assets/models/hd_camera/model.config
[0.584s] -- Up-to-date: /mission_planning_ws/install/as2_gazebo_assets/share/as2_gazebo_assets/models/hd_camera/hd_camera.sdf.jinja
[0.584s] -- Up-to-date: /mission_planning_ws/install/as2_gazebo_assets/share/as2_gazebo_assets/models/x500
[0.584s] -- Up-to-date: /mission_planning_ws/install/as2_gazebo_assets/share/as2_gazebo_assets/models/x500/x500.sdf.jinja
[0.584s] -- Up-to-date: /mission_planning_ws/install/as2_gazebo_assets/share/as2_gazebo_assets/models/x500/materials
[0.584s] -- Up-to-date: /mission_planning_ws/install/as2_gazebo_assets/share/as2_gazebo_assets/models/x500/materials/textures
[0.584s] -- Up-to-date: /mission_planning_ws/install/as2_gazebo_assets/share/as2_gazebo_assets/models/x500/materials/textures/CF.png
[0.584s] -- Up-to-date: /mission_planning_ws/install/as2_gazebo_assets/share/as2_gazebo_assets/models/x500/materials/textures/rd.png
[0.584s] -- Up-to-date: /mission_planning_ws/install/as2_gazebo_assets/share/as2_gazebo_assets/models/x500/materials/textures/nxp.png
[0.585s] -- Up-to-date: /mission_planning_ws/install/as2_gazebo_assets/share/as2_gazebo_assets/models/x500/x500.sdf
[0.585s] -- Up-to-date: /mission_planning_ws/install/as2_gazebo_assets/share/as2_gazebo_assets/models/x500/thumbnails
[0.585s] -- Up-to-date: /mission_planning_ws/install/as2_gazebo_assets/share/as2_gazebo_assets/models/x500/thumbnails/3.png
[0.585s] -- Up-to-date: /mission_planning_ws/install/as2_gazebo_assets/share/as2_gazebo_assets/models/x500/thumbnails/5.png
[0.585s] -- Up-to-date: /mission_planning_ws/install/as2_gazebo_assets/share/as2_gazebo_assets/models/x500/thumbnails/1.png
[0.585s] -- Up-to-date: /mission_planning_ws/install/as2_gazebo_assets/share/as2_gazebo_assets/models/x500/thumbnails/4.png
[0.585s] -- Up-to-date: /mission_planning_ws/install/as2_gazebo_assets/share/as2_gazebo_assets/models/x500/thumbnails/2.png
[0.585s] -- Up-to-date: /mission_planning_ws/install/as2_gazebo_assets/share/as2_gazebo_assets/models/x500/model.config
[0.585s] -- Up-to-date: /mission_planning_ws/install/as2_gazebo_assets/share/as2_gazebo_assets/models/x500/meshes
[0.585s] -- Up-to-date: /mission_planning_ws/install/as2_gazebo_assets/share/as2_gazebo_assets/models/x500/meshes/1345_prop_cw.stl
[0.585s] -- Up-to-date: /mission_planning_ws/install/as2_gazebo_assets/share/as2_gazebo_assets/models/x500/meshes/CF.png
[0.585s] -- Up-to-date: /mission_planning_ws/install/as2_gazebo_assets/share/as2_gazebo_assets/models/x500/meshes/NXP-HGD-CF.dae
[0.585s] -- Up-to-date: /mission_planning_ws/install/as2_gazebo_assets/share/as2_gazebo_assets/models/x500/meshes/5010Base.dae
[0.585s] -- Up-to-date: /mission_planning_ws/install/as2_gazebo_assets/share/as2_gazebo_assets/models/x500/meshes/5010Bell.dae
[0.585s] -- Up-to-date: /mission_planning_ws/install/as2_gazebo_assets/share/as2_gazebo_assets/models/x500/meshes/1345_prop_ccw.stl
[0.585s] -- Up-to-date: /mission_planning_ws/install/as2_gazebo_assets/share/as2_gazebo_assets/models/windmill
[0.585s] -- Up-to-date: /mission_planning_ws/install/as2_gazebo_assets/share/as2_gazebo_assets/models/windmill/windmill.sdf
[0.585s] -- Up-to-date: /mission_planning_ws/install/as2_gazebo_assets/share/as2_gazebo_assets/models/windmill/model.config
[0.585s] -- Up-to-date: /mission_planning_ws/install/as2_gazebo_assets/share/as2_gazebo_assets/models/windmill/meshes
[0.585s] -- Up-to-date: /mission_planning_ws/install/as2_gazebo_assets/share/as2_gazebo_assets/models/windmill/meshes/rotor.dae
[0.585s] -- Up-to-date: /mission_planning_ws/install/as2_gazebo_assets/share/as2_gazebo_assets/models/windmill/meshes/tower.dae
[0.585s] -- Up-to-date: /mission_planning_ws/install/as2_gazebo_assets/share/as2_gazebo_assets/models/windmill/meshes/Plastic010_1K_Displacement.jpg
[0.585s] -- Up-to-date: /mission_planning_ws/install/as2_gazebo_assets/share/as2_gazebo_assets/models/windmill/meshes/blades.dae
[0.585s] -- Up-to-date: /mission_planning_ws/install/as2_gazebo_assets/share/as2_gazebo_assets/models/semantic_camera
[0.585s] -- Up-to-date: /mission_planning_ws/install/as2_gazebo_assets/share/as2_gazebo_assets/models/semantic_camera/semantic_camera.sdf.jinja
[0.585s] -- Up-to-date: /mission_planning_ws/install/as2_gazebo_assets/share/as2_gazebo_assets/models/semantic_camera/model.config
[0.585s] -- Up-to-date: /mission_planning_ws/install/as2_gazebo_assets/share/as2_gazebo_assets/models/semantic_camera/semantic_camera.sdf
[0.586s] -- Up-to-date: /mission_planning_ws/install/as2_gazebo_assets/share/as2_gazebo_assets/models/3d_lidar
[0.586s] -- Up-to-date: /mission_planning_ws/install/as2_gazebo_assets/share/as2_gazebo_assets/models/3d_lidar/3d_lidar.sdf
[0.586s] -- Up-to-date: /mission_planning_ws/install/as2_gazebo_assets/share/as2_gazebo_assets/models/3d_lidar/model.config
[0.586s] -- Up-to-date: /mission_planning_ws/install/as2_gazebo_assets/share/as2_gazebo_assets/models/lidar_3d
[0.586s] -- Up-to-date: /mission_planning_ws/install/as2_gazebo_assets/share/as2_gazebo_assets/models/lidar_3d/lidar_3d.sdf
[0.586s] -- Up-to-date: /mission_planning_ws/install/as2_gazebo_assets/share/as2_gazebo_assets/models/lidar_3d/model.config
[0.586s] -- Up-to-date: /mission_planning_ws/install/as2_gazebo_assets/share/as2_gazebo_assets/models/gimbal
[0.586s] -- Up-to-date: /mission_planning_ws/install/as2_gazebo_assets/share/as2_gazebo_assets/models/gimbal/position_gimbal.sdf
[0.586s] -- Up-to-date: /mission_planning_ws/install/as2_gazebo_assets/share/as2_gazebo_assets/models/gimbal/speed_gimbal.sdf.jinja
[0.586s] -- Up-to-date: /mission_planning_ws/install/as2_gazebo_assets/share/as2_gazebo_assets/models/gimbal/model.config
[0.586s] -- Up-to-date: /mission_planning_ws/install/as2_gazebo_assets/share/as2_gazebo_assets/models/gimbal/position_gimbal.sdf.jinja
[0.586s] -- Up-to-date: /mission_planning_ws/install/as2_gazebo_assets/share/as2_gazebo_assets/models/grass_patch
[0.586s] -- Up-to-date: /mission_planning_ws/install/as2_gazebo_assets/share/as2_gazebo_assets/models/grass_patch/model.sdf
[0.586s] -- Up-to-date: /mission_planning_ws/install/as2_gazebo_assets/share/as2_gazebo_assets/models/grass_patch/materials
[0.586s] -- Up-to-date: /mission_planning_ws/install/as2_gazebo_assets/share/as2_gazebo_assets/models/grass_patch/materials/textures
[0.586s] -- Up-to-date: /mission_planning_ws/install/as2_gazebo_assets/share/as2_gazebo_assets/models/grass_patch/materials/textures/grass_dry.png
[0.586s] -- Up-to-date: /mission_planning_ws/install/as2_gazebo_assets/share/as2_gazebo_assets/models/grass_patch/thumbnails
[0.586s] -- Up-to-date: /mission_planning_ws/install/as2_gazebo_assets/share/as2_gazebo_assets/models/grass_patch/thumbnails/grasspatch.jpg
[0.586s] -- Up-to-date: /mission_planning_ws/install/as2_gazebo_assets/share/as2_gazebo_assets/models/grass_patch/model.config
[0.586s] -- Up-to-date: /mission_planning_ws/install/as2_gazebo_assets/share/as2_gazebo_assets/models/px4vision
[0.586s] -- Up-to-date: /mission_planning_ws/install/as2_gazebo_assets/share/as2_gazebo_assets/models/px4vision/px4vision.sdf.jinja
[0.586s] -- Up-to-date: /mission_planning_ws/install/as2_gazebo_assets/share/as2_gazebo_assets/models/px4vision/thumbnails
[0.586s] -- Up-to-date: /mission_planning_ws/install/as2_gazebo_assets/share/as2_gazebo_assets/models/px4vision/thumbnails/px4vision_diagonal.png
[0.586s] -- Up-to-date: /mission_planning_ws/install/as2_gazebo_assets/share/as2_gazebo_assets/models/px4vision/thumbnails/px4_vision_top.png
[0.586s] -- Up-to-date: /mission_planning_ws/install/as2_gazebo_assets/share/as2_gazebo_assets/models/px4vision/thumbnails/px4_vision_front.png
[0.586s] -- Up-to-date: /mission_planning_ws/install/as2_gazebo_assets/share/as2_gazebo_assets/models/px4vision/model.config
[0.586s] -- Up-to-date: /mission_planning_ws/install/as2_gazebo_assets/share/as2_gazebo_assets/models/px4vision/px4vision.sdf
[0.586s] -- Up-to-date: /mission_planning_ws/install/as2_gazebo_assets/share/as2_gazebo_assets/models/px4vision/meshes
[0.586s] -- Up-to-date: /mission_planning_ws/install/as2_gazebo_assets/share/as2_gazebo_assets/models/px4vision/meshes/iris_prop_cw.dae
[0.586s] -- Up-to-date: /mission_planning_ws/install/as2_gazebo_assets/share/as2_gazebo_assets/models/px4vision/meshes/body.dae
[0.586s] -- Up-to-date: /mission_planning_ws/install/as2_gazebo_assets/share/as2_gazebo_assets/models/px4vision/meshes/iris_prop_ccw.dae
[0.586s] -- Up-to-date: /mission_planning_ws/install/as2_gazebo_assets/share/as2_gazebo_assets/models/aruco_gate_2
[0.586s] -- Up-to-date: /mission_planning_ws/install/as2_gazebo_assets/share/as2_gazebo_assets/models/aruco_gate_2/aruco_gate_2.sdf
[0.586s] -- Up-to-date: /mission_planning_ws/install/as2_gazebo_assets/share/as2_gazebo_assets/models/aruco_gate_2/model.config
[0.586s] -- Up-to-date: /mission_planning_ws/install/as2_gazebo_assets/share/as2_gazebo_assets/models/aruco
[0.586s] -- Up-to-date: /mission_planning_ws/install/as2_gazebo_assets/share/as2_gazebo_assets/models/aruco/aruco.sdf
[0.586s] -- Up-to-date: /mission_planning_ws/install/as2_gazebo_assets/share/as2_gazebo_assets/models/aruco/materials
[0.586s] -- Up-to-date: /mission_planning_ws/install/as2_gazebo_assets/share/as2_gazebo_assets/models/aruco/materials/textures
[0.587s] -- Up-to-date: /mission_planning_ws/install/as2_gazebo_assets/share/as2_gazebo_assets/models/aruco/materials/textures/marker5.png
[0.587s] -- Up-to-date: /mission_planning_ws/install/as2_gazebo_assets/share/as2_gazebo_assets/models/aruco/materials/textures/marker4.png
[0.587s] -- Up-to-date: /mission_planning_ws/install/as2_gazebo_assets/share/as2_gazebo_assets/models/aruco/materials/textures/marker3.png
[0.587s] -- Up-to-date: /mission_planning_ws/install/as2_gazebo_assets/share/as2_gazebo_assets/models/aruco/materials/textures/marker1.png
[0.587s] -- Up-to-date: /mission_planning_ws/install/as2_gazebo_assets/share/as2_gazebo_assets/models/aruco/materials/textures/marker2.png
[0.587s] -- Up-to-date: /mission_planning_ws/install/as2_gazebo_assets/share/as2_gazebo_assets/models/aruco/materials/scripts
[0.587s] -- Up-to-date: /mission_planning_ws/install/as2_gazebo_assets/share/as2_gazebo_assets/models/aruco/materials/scripts/aruco.material
[0.587s] -- Up-to-date: /mission_planning_ws/install/as2_gazebo_assets/share/as2_gazebo_assets/models/aruco/model.config
[0.587s] -- Up-to-date: /mission_planning_ws/install/as2_gazebo_assets/share/as2_gazebo_assets/models/aruco/meshes
[0.587s] -- Up-to-date: /mission_planning_ws/install/as2_gazebo_assets/share/as2_gazebo_assets/models/aruco/meshes/checkerboard_plane.dae
[0.587s] -- Up-to-date: /mission_planning_ws/install/as2_gazebo_assets/share/as2_gazebo_assets/models/gps
[0.587s] -- Up-to-date: /mission_planning_ws/install/as2_gazebo_assets/share/as2_gazebo_assets/models/gps/gps.sdf
[0.587s] -- Up-to-date: /mission_planning_ws/install/as2_gazebo_assets/share/as2_gazebo_assets/models/gps/model.config
[0.587s] -- Up-to-date: /mission_planning_ws/install/as2_gazebo_assets/share/as2_gazebo_assets/models/vga_camera
[0.587s] -- Up-to-date: /mission_planning_ws/install/as2_gazebo_assets/share/as2_gazebo_assets/models/vga_camera/model.config
[0.587s] -- Up-to-date: /mission_planning_ws/install/as2_gazebo_assets/share/as2_gazebo_assets/models/vga_camera/vga_camera.sdf.jinja
[0.587s] -- Up-to-date: /mission_planning_ws/install/as2_gazebo_assets/share/as2_gazebo_assets/models/vga_camera/vga_camera.sdf
[0.587s] -- Up-to-date: /mission_planning_ws/install/as2_gazebo_assets/share/as2_gazebo_assets/models/quadrotor_base
[0.587s] -- Up-to-date: /mission_planning_ws/install/as2_gazebo_assets/share/as2_gazebo_assets/models/quadrotor_base/materials
[0.587s] -- Up-to-date: /mission_planning_ws/install/as2_gazebo_assets/share/as2_gazebo_assets/models/quadrotor_base/materials/textures
[0.587s] -- Up-to-date: /mission_planning_ws/install/as2_gazebo_assets/share/as2_gazebo_assets/models/quadrotor_base/materials/textures/led.jpg
[0.587s] -- Up-to-date: /mission_planning_ws/install/as2_gazebo_assets/share/as2_gazebo_assets/models/quadrotor_base/quadrotor_base.sdf.jinja
[0.587s] -- Up-to-date: /mission_planning_ws/install/as2_gazebo_assets/share/as2_gazebo_assets/models/quadrotor_base/quadrotor_base.sdf
[0.587s] -- Up-to-date: /mission_planning_ws/install/as2_gazebo_assets/share/as2_gazebo_assets/models/quadrotor_base/model.config
[0.587s] -- Up-to-date: /mission_planning_ws/install/as2_gazebo_assets/share/as2_gazebo_assets/models/quadrotor_base/meshes
[0.587s] -- Up-to-date: /mission_planning_ws/install/as2_gazebo_assets/share/as2_gazebo_assets/models/quadrotor_base/meshes/quadrotor.jpg
[0.587s] -- Up-to-date: /mission_planning_ws/install/as2_gazebo_assets/share/as2_gazebo_assets/models/quadrotor_base/meshes/propeller_cw.dae
[0.587s] -- Up-to-date: /mission_planning_ws/install/as2_gazebo_assets/share/as2_gazebo_assets/models/quadrotor_base/meshes/led_lamp.dae
[0.587s] -- Up-to-date: /mission_planning_ws/install/as2_gazebo_assets/share/as2_gazebo_assets/models/quadrotor_base/meshes/quadrotor.dae
[0.587s] -- Up-to-date: /mission_planning_ws/install/as2_gazebo_assets/share/as2_gazebo_assets/models/quadrotor_base/meshes/led.dae
[0.587s] -- Up-to-date: /mission_planning_ws/install/as2_gazebo_assets/share/as2_gazebo_assets/models/quadrotor_base/meshes/propeller_ccw.dae
[0.587s] -- Up-to-date: /mission_planning_ws/install/as2_gazebo_assets/share/as2_gazebo_assets/models/gate
[0.587s] -- Up-to-date: /mission_planning_ws/install/as2_gazebo_assets/share/as2_gazebo_assets/models/gate/model.config
[0.587s] -- Up-to-date: /mission_planning_ws/install/as2_gazebo_assets/share/as2_gazebo_assets/models/gate/gate.sdf
[0.587s] -- Up-to-date: /mission_planning_ws/install/as2_gazebo_assets/share/as2_gazebo_assets/models/gate/meshes
[0.588s] -- Up-to-date: /mission_planning_ws/install/as2_gazebo_assets/share/as2_gazebo_assets/models/gate/meshes/gate.dae
[0.588s] -- Up-to-date: /mission_planning_ws/install/as2_gazebo_assets/share/as2_gazebo_assets/models/gate/meshes/gate_color.png
[0.588s] -- Up-to-date: /mission_planning_ws/install/as2_gazebo_assets/share/as2_gazebo_assets/models/hexrotor_base
[0.588s] -- Up-to-date: /mission_planning_ws/install/as2_gazebo_assets/share/as2_gazebo_assets/models/hexrotor_base/materials
[0.588s] -- Up-to-date: /mission_planning_ws/install/as2_gazebo_assets/share/as2_gazebo_assets/models/hexrotor_base/materials/textures
[0.588s] -- Up-to-date: /mission_planning_ws/install/as2_gazebo_assets/share/as2_gazebo_assets/models/hexrotor_base/materials/textures/led.jpg
[0.588s] -- Up-to-date: /mission_planning_ws/install/as2_gazebo_assets/share/as2_gazebo_assets/models/hexrotor_base/model.config
[0.588s] -- Up-to-date: /mission_planning_ws/install/as2_gazebo_assets/share/as2_gazebo_assets/models/hexrotor_base/hexrotor_base.sdf
[0.588s] -- Up-to-date: /mission_planning_ws/install/as2_gazebo_assets/share/as2_gazebo_assets/models/hexrotor_base/hexrotor_base.sdf.jinja
[0.588s] -- Up-to-date: /mission_planning_ws/install/as2_gazebo_assets/share/as2_gazebo_assets/models/hexrotor_base/meshes
[0.589s] -- Up-to-date: /mission_planning_ws/install/as2_gazebo_assets/share/as2_gazebo_assets/models/hexrotor_base/meshes/neo11_propeller_cw.dae
[0.589s] -- Up-to-date: /mission_planning_ws/install/as2_gazebo_assets/share/as2_gazebo_assets/models/hexrotor_base/meshes/hexrotor.jpg
[0.589s] -- Up-to-date: /mission_planning_ws/install/as2_gazebo_assets/share/as2_gazebo_assets/models/hexrotor_base/meshes/led_lamp.dae
[0.589s] -- Up-to-date: /mission_planning_ws/install/as2_gazebo_assets/share/as2_gazebo_assets/models/hexrotor_base/meshes/led.dae
[0.589s] -- Up-to-date: /mission_planning_ws/install/as2_gazebo_assets/share/as2_gazebo_assets/models/hexrotor_base/meshes/neo11_propeller_ccw.dae
[0.589s] -- Up-to-date: /mission_planning_ws/install/as2_gazebo_assets/share/as2_gazebo_assets/models/hexrotor_base/meshes/hexrotor.dae
[0.589s] -- Up-to-date: /mission_planning_ws/install/as2_gazebo_assets/share/as2_gazebo_assets/models/air_pressure
[0.589s] -- Up-to-date: /mission_planning_ws/install/as2_gazebo_assets/share/as2_gazebo_assets/models/air_pressure/model.config
[0.589s] -- Up-to-date: /mission_planning_ws/install/as2_gazebo_assets/share/as2_gazebo_assets/models/air_pressure/air_pressure.sdf
[0.589s] -- Up-to-date: /mission_planning_ws/install/as2_gazebo_assets/share/as2_gazebo_assets/scripts
[0.589s] -- Up-to-date: /mission_planning_ws/install/as2_gazebo_assets/share/as2_gazebo_assets/scripts/jinja_gen.py
[0.590s] -- Up-to-date: /mission_planning_ws/install/as2_gazebo_assets/share/ament_index/resource_index/package_run_dependencies/as2_gazebo_assets
[0.591s] -- Up-to-date: /mission_planning_ws/install/as2_gazebo_assets/share/ament_index/resource_index/parent_prefix_path/as2_gazebo_assets
[0.591s] -- Up-to-date: /mission_planning_ws/install/as2_gazebo_assets/share/as2_gazebo_assets/environment/ament_prefix_path.sh
[0.591s] -- Up-to-date: /mission_planning_ws/install/as2_gazebo_assets/share/as2_gazebo_assets/environment/ament_prefix_path.dsv
[0.591s] -- Up-to-date: /mission_planning_ws/install/as2_gazebo_assets/share/as2_gazebo_assets/environment/path.sh
[0.591s] -- Up-to-date: /mission_planning_ws/install/as2_gazebo_assets/share/as2_gazebo_assets/environment/path.dsv
[0.591s] -- Up-to-date: /mission_planning_ws/install/as2_gazebo_assets/share/as2_gazebo_assets/local_setup.bash
[0.591s] -- Up-to-date: /mission_planning_ws/install/as2_gazebo_assets/share/as2_gazebo_assets/local_setup.sh
[0.591s] -- Up-to-date: /mission_planning_ws/install/as2_gazebo_assets/share/as2_gazebo_assets/local_setup.zsh
[0.591s] -- Up-to-date: /mission_planning_ws/install/as2_gazebo_assets/share/as2_gazebo_assets/local_setup.dsv
[0.591s] -- Installing: /mission_planning_ws/install/as2_gazebo_assets/share/as2_gazebo_assets/package.dsv
[0.591s] -- Up-to-date: /mission_planning_ws/install/as2_gazebo_assets/share/ament_index/resource_index/packages/as2_gazebo_assets
[0.591s] -- Up-to-date: /mission_planning_ws/install/as2_gazebo_assets/share/as2_gazebo_assets/cmake/as2_gazebo_assetsConfig.cmake
[0.591s] -- Up-to-date: /mission_planning_ws/install/as2_gazebo_assets/share/as2_gazebo_assets/cmake/as2_gazebo_assetsConfig-version.cmake
[0.591s] -- Up-to-date: /mission_planning_ws/install/as2_gazebo_assets/share/as2_gazebo_assets/package.xml
[0.617s] Invoked command in '/mission_planning_ws/build/as2_gazebo_assets' returned '0': AMENT_PREFIX_PATH=/mission_planning_ws/install/as2_core:/mission_planning_ws/install/as2_msgs:${AMENT_PREFIX_PATH} CMAKE_PREFIX_PATH=/mission_planning_ws/install/as2_core:/mission_planning_ws/install/as2_msgs:/root/project_gazebo_ws/install/aerostack2:/root/project_gazebo_ws/install/as2_usb_camera_interface:/root/project_gazebo_ws/install/as2_state_estimator:/root/project_gazebo_ws/install/as2_rviz_plugins:/root/project_gazebo_ws/install/as2_realsense_interface:/root/project_gazebo_ws/install/as2_platform_multirotor_simulator:/root/project_gazebo_ws/install/as2_platform_gazebo:/root/project_gazebo_ws/install/as2_motion_controller:/root/project_gazebo_ws/install/as2_behaviors_trajectory_generation:/root/project_gazebo_ws/install/as2_behaviors_motion:/root/project_gazebo_ws/install/as2_motion_reference_handlers:/root/project_gazebo_ws/install/as2_map_server:/root/project_gazebo_ws/install/as2_geozones:/root/project_gazebo_ws/install/as2_gazebo_assets:/root/project_gazebo_ws/install/as2_external_object_to_tf:/root/project_gazebo_ws/install/as2_behaviors_platform:/root/project_gazebo_ws/install/as2_behaviors_perception:/root/project_gazebo_ws/install/as2_behaviors_path_planning:/root/project_gazebo_ws/install/as2_behavior_tree:/root/project_gazebo_ws/install/as2_behavior:/root/project_gazebo_ws/install/as2_alphanumeric_viewer:/root/project_gazebo_ws/install/as2_core:/root/project_gazebo_ws/install/as2_msgs:/root/project_gazebo_ws/install/as2_cli:/root/project_gazebo_ws/install/as2_visualization:/root/project_gazebo_ws/install/as2_keyboard_teleoperation:/root/project_gazebo_ws/install/as2_python_api:/opt/ros/humble LD_LIBRARY_PATH=/mission_planning_ws/install/as2_core/lib:/mission_planning_ws/install/as2_msgs/lib:${LD_LIBRARY_PATH} PYTHONPATH=/mission_planning_ws/install/as2_core/local/lib/python3.10/dist-packages:/mission_planning_ws/install/as2_msgs/local/lib/python3.10/dist-packages:${PYTHONPATH} /usr/bin/cmake --install /mission_planning_ws/build/as2_gazebo_assets
