[0.008s] Invoking command in '/mission_planning_ws/build/as2_core': AMENT_PREFIX_PATH=/mission_planning_ws/install/as2_msgs:${AMENT_PREFIX_PATH} CMAKE_PREFIX_PATH=/mission_planning_ws/install/as2_msgs:/root/project_gazebo_ws/install/aerostack2:/root/project_gazebo_ws/install/as2_usb_camera_interface:/root/project_gazebo_ws/install/as2_state_estimator:/root/project_gazebo_ws/install/as2_rviz_plugins:/root/project_gazebo_ws/install/as2_realsense_interface:/root/project_gazebo_ws/install/as2_platform_multirotor_simulator:/root/project_gazebo_ws/install/as2_platform_gazebo:/root/project_gazebo_ws/install/as2_motion_controller:/root/project_gazebo_ws/install/as2_behaviors_trajectory_generation:/root/project_gazebo_ws/install/as2_behaviors_motion:/root/project_gazebo_ws/install/as2_motion_reference_handlers:/root/project_gazebo_ws/install/as2_map_server:/root/project_gazebo_ws/install/as2_geozones:/root/project_gazebo_ws/install/as2_gazebo_assets:/root/project_gazebo_ws/install/as2_external_object_to_tf:/root/project_gazebo_ws/install/as2_behaviors_platform:/root/project_gazebo_ws/install/as2_behaviors_perception:/root/project_gazebo_ws/install/as2_behaviors_path_planning:/root/project_gazebo_ws/install/as2_behavior_tree:/root/project_gazebo_ws/install/as2_behavior:/root/project_gazebo_ws/install/as2_alphanumeric_viewer:/root/project_gazebo_ws/install/as2_core:/root/project_gazebo_ws/install/as2_msgs:/root/project_gazebo_ws/install/as2_cli:/root/project_gazebo_ws/install/as2_visualization:/root/project_gazebo_ws/install/as2_keyboard_teleoperation:/root/project_gazebo_ws/install/as2_python_api:/opt/ros/humble LD_LIBRARY_PATH=/mission_planning_ws/install/as2_msgs/lib:${LD_LIBRARY_PATH} PYTHONPATH=/mission_planning_ws/install/as2_msgs/local/lib/python3.10/dist-packages:${PYTHONPATH} /usr/bin/cmake /mission_planning_ws/src/aerostack2/as2_core -DCMAKE_INSTALL_PREFIX=/mission_planning_ws/install/as2_core
[0.051s] -- The C compiler identification is GNU 11.4.0
[0.096s] -- The CXX compiler identification is GNU 11.4.0
[0.100s] -- Detecting C compiler ABI info
[0.163s] -- Detecting C compiler ABI info - done
[0.174s] -- Check for working C compiler: /usr/bin/cc - skipped
[0.174s] -- Detecting C compile features
[0.174s] -- Detecting C compile features - done
[0.176s] -- Detecting CXX compiler ABI info
[0.240s] -- Detecting CXX compiler ABI info - done
[0.246s] -- Check for working CXX compiler: /usr/bin/c++ - skipped
[0.246s] -- Detecting CXX compile features
[0.247s] -- Detecting CXX compile features - done
[0.247s] -- Detected ROS_DISTRO: humble
[0.253s] -- Found ament_cmake: 1.3.11 (/opt/ros/humble/share/ament_cmake/cmake)
[0.408s] -- Found Python3: /usr/bin/python3 (found version "3.10.12") found components: Interpreter 
[0.542s] -- Found rclcpp: 16.0.11 (/opt/ros/humble/share/rclcpp/cmake)
[0.631s] -- Found rosidl_generator_c: 3.1.6 (/opt/ros/humble/share/rosidl_generator_c/cmake)
[0.636s] -- Found rosidl_adapter: 3.1.6 (/opt/ros/humble/share/rosidl_adapter/cmake)
[0.645s] -- Found rosidl_generator_cpp: 3.1.6 (/opt/ros/humble/share/rosidl_generator_cpp/cmake)
[0.656s] -- Using all available rosidl_typesupport_c: rosidl_typesupport_fastrtps_c;rosidl_typesupport_introspection_c
[0.672s] -- Using all available rosidl_typesupport_cpp: rosidl_typesupport_fastrtps_cpp;rosidl_typesupport_introspection_cpp
[0.732s] -- Found rmw_implementation_cmake: 6.1.2 (/opt/ros/humble/share/rmw_implementation_cmake/cmake)
[0.739s] -- Found rmw_fastrtps_cpp: 6.2.7 (/opt/ros/humble/share/rmw_fastrtps_cpp/cmake)
[0.854s] -- Found OpenSSL: /usr/lib/x86_64-linux-gnu/libcrypto.so (found version "3.0.2")  
[0.876s] -- Found FastRTPS: /opt/ros/humble/include  
[0.912s] -- Using RMW implementation 'rmw_fastrtps_cpp' as default
[0.928s] -- Looking for pthread.h
[1.002s] -- Looking for pthread.h - found
[1.002s] -- Performing Test CMAKE_HAVE_LIBC_PTHREAD
[1.063s] -- Performing Test CMAKE_HAVE_LIBC_PTHREAD - Success
[1.064s] -- Found Threads: TRUE  
[1.133s] -- Found nav_msgs: 4.2.4 (/opt/ros/humble/share/nav_msgs/cmake)
[1.155s] -- Found sensor_msgs: 4.2.4 (/opt/ros/humble/share/sensor_msgs/cmake)
[1.164s] -- Found as2_msgs: 1.1.2 (/mission_planning_ws/install/as2_msgs/share/as2_msgs/cmake)
[1.215s] -- Found std_srvs: 4.2.4 (/opt/ros/humble/share/std_srvs/cmake)
[1.227s] -- Found tf2_geometry_msgs: 0.25.12 (/opt/ros/humble/share/tf2_geometry_msgs/cmake)
[1.250s] -- Found eigen3_cmake_module: 0.1.1 (/opt/ros/humble/share/eigen3_cmake_module/cmake)
[1.251s] -- Found Eigen3: TRUE (found version "3.4.0") 
[1.251s] -- Ensuring Eigen3 include directory is part of orocos-kdl CMake target
[1.344s] -- Found rclcpp_lifecycle: 16.0.11 (/opt/ros/humble/share/rclcpp_lifecycle/cmake)
[1.375s] -- Found image_transport: 3.1.10 (/opt/ros/humble/share/image_transport/cmake)
[1.403s] -- Found cv_bridge: 3.2.1 (/opt/ros/humble/share/cv_bridge/cmake)
[1.416s] -- Found GeographicLib: /usr/lib/x86_64-linux-gnu  
[1.546s] -- Found Python3: /usr/bin/python3 (found version "3.10.12") found components: Interpreter Development Development.Module Development.Embed 
[1.602s] -- Performing Test HAS_FLTO
[1.766s] -- Performing Test HAS_FLTO - Success
[1.767s] -- Found pybind11: /usr/include (found version "2.9.1")
[1.857s] -- Found ament_lint_auto: 0.12.11 (/opt/ros/humble/share/ament_lint_auto/cmake)
[1.948s] -- Found gtest sources under '/opt/ros/humble/src/gtest_vendor': C++ tests using 'Google Test' will be built
[1.990s] -- Added test 'copyright' to check source files copyright and LICENSE
[1.995s] -- Added test 'cppcheck' to perform static code analysis on C / C++ code
[1.996s] -- Configured cppcheck include dirs: /mission_planning_ws/src/aerostack2/as2_core/include;/mission_planning_ws/src/aerostack2/as2_core/include/as2_core;$<BUILD_INTERFACE:/mission_planning_ws/src/aerostack2/as2_core/include>
[1.996s] -- Configured cppcheck exclude dirs and/or files: 
[1.998s] -- Added test 'cpplint' to check C / C++ code against the Google style
[1.998s] -- Configured cpplint exclude dirs and/or files: 
[1.999s] -- Added test 'flake8' to check Python code syntax and style conventions
[2.000s] -- Added test 'lint_cmake' to check CMake code style
[2.000s] -- Added test 'pep257' to check Python code against some of the docstring style conventions in PEP 257
[2.003s] -- Added test 'uncrustify' to check C / C++ code style
[2.003s] -- Configured uncrustify additional arguments: 
[2.004s] -- Added test 'xmllint' to check XML markup files
[2.005s] -- Configuring done
[2.038s] -- Generating done
[2.050s] -- Build files have been written to: /mission_planning_ws/build/as2_core
[2.059s] Invoked command in '/mission_planning_ws/build/as2_core' returned '0': AMENT_PREFIX_PATH=/mission_planning_ws/install/as2_msgs:${AMENT_PREFIX_PATH} CMAKE_PREFIX_PATH=/mission_planning_ws/install/as2_msgs:/root/project_gazebo_ws/install/aerostack2:/root/project_gazebo_ws/install/as2_usb_camera_interface:/root/project_gazebo_ws/install/as2_state_estimator:/root/project_gazebo_ws/install/as2_rviz_plugins:/root/project_gazebo_ws/install/as2_realsense_interface:/root/project_gazebo_ws/install/as2_platform_multirotor_simulator:/root/project_gazebo_ws/install/as2_platform_gazebo:/root/project_gazebo_ws/install/as2_motion_controller:/root/project_gazebo_ws/install/as2_behaviors_trajectory_generation:/root/project_gazebo_ws/install/as2_behaviors_motion:/root/project_gazebo_ws/install/as2_motion_reference_handlers:/root/project_gazebo_ws/install/as2_map_server:/root/project_gazebo_ws/install/as2_geozones:/root/project_gazebo_ws/install/as2_gazebo_assets:/root/project_gazebo_ws/install/as2_external_object_to_tf:/root/project_gazebo_ws/install/as2_behaviors_platform:/root/project_gazebo_ws/install/as2_behaviors_perception:/root/project_gazebo_ws/install/as2_behaviors_path_planning:/root/project_gazebo_ws/install/as2_behavior_tree:/root/project_gazebo_ws/install/as2_behavior:/root/project_gazebo_ws/install/as2_alphanumeric_viewer:/root/project_gazebo_ws/install/as2_core:/root/project_gazebo_ws/install/as2_msgs:/root/project_gazebo_ws/install/as2_cli:/root/project_gazebo_ws/install/as2_visualization:/root/project_gazebo_ws/install/as2_keyboard_teleoperation:/root/project_gazebo_ws/install/as2_python_api:/opt/ros/humble LD_LIBRARY_PATH=/mission_planning_ws/install/as2_msgs/lib:${LD_LIBRARY_PATH} PYTHONPATH=/mission_planning_ws/install/as2_msgs/local/lib/python3.10/dist-packages:${PYTHONPATH} /usr/bin/cmake /mission_planning_ws/src/aerostack2/as2_core -DCMAKE_INSTALL_PREFIX=/mission_planning_ws/install/as2_core
[2.060s] Invoking command in '/mission_planning_ws/build/as2_core': AMENT_PREFIX_PATH=/mission_planning_ws/install/as2_msgs:${AMENT_PREFIX_PATH} CMAKE_PREFIX_PATH=/mission_planning_ws/install/as2_msgs:/root/project_gazebo_ws/install/aerostack2:/root/project_gazebo_ws/install/as2_usb_camera_interface:/root/project_gazebo_ws/install/as2_state_estimator:/root/project_gazebo_ws/install/as2_rviz_plugins:/root/project_gazebo_ws/install/as2_realsense_interface:/root/project_gazebo_ws/install/as2_platform_multirotor_simulator:/root/project_gazebo_ws/install/as2_platform_gazebo:/root/project_gazebo_ws/install/as2_motion_controller:/root/project_gazebo_ws/install/as2_behaviors_trajectory_generation:/root/project_gazebo_ws/install/as2_behaviors_motion:/root/project_gazebo_ws/install/as2_motion_reference_handlers:/root/project_gazebo_ws/install/as2_map_server:/root/project_gazebo_ws/install/as2_geozones:/root/project_gazebo_ws/install/as2_gazebo_assets:/root/project_gazebo_ws/install/as2_external_object_to_tf:/root/project_gazebo_ws/install/as2_behaviors_platform:/root/project_gazebo_ws/install/as2_behaviors_perception:/root/project_gazebo_ws/install/as2_behaviors_path_planning:/root/project_gazebo_ws/install/as2_behavior_tree:/root/project_gazebo_ws/install/as2_behavior:/root/project_gazebo_ws/install/as2_alphanumeric_viewer:/root/project_gazebo_ws/install/as2_core:/root/project_gazebo_ws/install/as2_msgs:/root/project_gazebo_ws/install/as2_cli:/root/project_gazebo_ws/install/as2_visualization:/root/project_gazebo_ws/install/as2_keyboard_teleoperation:/root/project_gazebo_ws/install/as2_python_api:/opt/ros/humble LD_LIBRARY_PATH=/mission_planning_ws/install/as2_msgs/lib:${LD_LIBRARY_PATH} PYTHONPATH=/mission_planning_ws/install/as2_msgs/local/lib/python3.10/dist-packages:${PYTHONPATH} /usr/bin/cmake --build /mission_planning_ws/build/as2_core -- -j22 -l22
[2.110s] [  3%] [32mBuilding CXX object CMakeFiles/mocks.dir/tests/mocks/aerial_platform/mock_aerial_platform.cpp.o[0m
[2.112s] [  6%] [32mBuilding CXX object CMakeFiles/mocks.dir/tests/mocks/executor_thread_util/executor_thread_util.cpp.o[0m
[2.113s] [  9%] [32mBuilding CXX object CMakeFiles/as2_core.dir/src/node.cpp.o[0m
[2.113s] [ 12%] [32mBuilding CXX object CMakeFiles/as2_core.dir/src/utils/yaml_utils.cpp.o[0m
[2.114s] [ 16%] [32mBuilding CXX object CMakeFiles/as2_names.dir/src/_as2_core_pybind11.cpp.o[0m
[2.115s] [ 19%] [32mBuilding CXX object CMakeFiles/as2_core.dir/src/sensor.cpp.o[0m
[2.115s] [ 22%] [32mBuilding CXX object CMakeFiles/as2_core.dir/src/utils/frame_utils.cpp.o[0m
[2.116s] [ 29%] [32mBuilding CXX object CMakeFiles/as2_core.dir/src/utils/tf_utils.cpp.o[0m
[2.116s] [ 29%] [32mBuilding CXX object CMakeFiles/as2_core.dir/src/rate.cpp.o[0m
[2.117s] [ 32%] [32mBuilding CXX object CMakeFiles/as2_core.dir/src/utils/gps_utils.cpp.o[0m
[2.117s] [ 35%] [32mBuilding CXX object gtest/CMakeFiles/gtest_main.dir/src/gtest_main.cc.o[0m
[2.117s] [ 38%] [32mBuilding CXX object gtest/CMakeFiles/gtest.dir/src/gtest-all.cc.o[0m
[2.118s] [ 41%] [32mBuilding CXX object CMakeFiles/as2_core.dir/src/aerial_platform.cpp.o[0m
[2.118s] [ 48%] [32mBuilding CXX object CMakeFiles/as2_core.dir/src/utils/control_mode_utils.cpp.o[0m
[2.118s] [ 48%] [32mBuilding CXX object CMakeFiles/as2_core.dir/src/core_functions.cpp.o[0m
[2.119s] [ 51%] [32mBuilding CXX object CMakeFiles/as2_core.dir/src/platform_state_machine.cpp.o[0m
[2.120s] [ 51%] Built target ament_cmake_python_copy_as2_core
[2.400s] running egg_info
[2.400s] creating as2_core.egg-info
[2.400s] writing as2_core.egg-info/PKG-INFO
[2.400s] writing dependency_links to as2_core.egg-info/dependency_links.txt
[2.400s] writing top-level names to as2_core.egg-info/top_level.txt
[2.401s] writing manifest file 'as2_core.egg-info/SOURCES.txt'
[2.402s] reading manifest file 'as2_core.egg-info/SOURCES.txt'
[2.403s] writing manifest file 'as2_core.egg-info/SOURCES.txt'
[2.435s] [ 51%] Built target ament_cmake_python_build_as2_core_egg
[3.276s] [ 54%] [32m[1mLinking CXX static library libgtest_main.a[0m
[3.326s] [ 54%] Built target gtest_main
[6.995s] [ 58%] [32m[1mLinking CXX shared module as2_names.cpython-310-x86_64-linux-gnu.so[0m
[7.133s] lto-wrapper: warning: using serial compilation of 2 LTRANS jobs
[8.705s] [ 58%] Built target as2_names
[9.039s] [ 61%] [32m[1mLinking CXX static library libgtest.a[0m
[9.080s] [ 61%] Built target gtest
[23.706s] [ 64%] [32m[1mLinking CXX shared library libmocks.so[0m
[23.935s] [ 64%] Built target mocks
[23.958s] [ 67%] [32m[1mLinking CXX static library libas2_core.a[0m
[24.039s] [ 67%] Built target as2_core
[24.055s] [ 70%] [32mBuilding CXX object tests/CMakeFiles/frame_test.dir/frame_test.cpp.o[0m
[24.059s] [ 74%] [32mBuilding CXX object tests/CMakeFiles/tf_utils_gtest.dir/tf_utils_gtest.cpp.o[0m
[24.059s] [ 77%] [32mBuilding CXX object tests/CMakeFiles/platform_state_machine_test.dir/platform_state_machine_test.cpp.o[0m
[24.060s] [ 80%] [32mBuilding CXX object tests/CMakeFiles/tf2_namespace_test.dir/tf2_namespace_test.cpp.o[0m
[24.060s] [ 83%] [32mBuilding CXX object tests/CMakeFiles/sensor_test.dir/sensor_test.cpp.o[0m
[27.042s] [ 87%] [32m[1mLinking CXX executable platform_state_machine_test[0m
[27.203s] [ 87%] Built target platform_state_machine_test
[27.660s] [ 90%] [32m[1mLinking CXX executable frame_test[0m
[27.663s] [ 93%] [32m[1mLinking CXX executable tf2_namespace_test[0m
[27.809s] [ 93%] Built target tf2_namespace_test
[27.809s] [ 93%] Built target frame_test
[29.318s] [ 96%] [32m[1mLinking CXX executable tf_utils_gtest[0m
[29.470s] [ 96%] Built target tf_utils_gtest
[31.340s] [100%] [32m[1mLinking CXX executable sensor_test[0m
[31.697s] [100%] Built target sensor_test
[31.708s] Invoked command in '/mission_planning_ws/build/as2_core' returned '0': AMENT_PREFIX_PATH=/mission_planning_ws/install/as2_msgs:${AMENT_PREFIX_PATH} CMAKE_PREFIX_PATH=/mission_planning_ws/install/as2_msgs:/root/project_gazebo_ws/install/aerostack2:/root/project_gazebo_ws/install/as2_usb_camera_interface:/root/project_gazebo_ws/install/as2_state_estimator:/root/project_gazebo_ws/install/as2_rviz_plugins:/root/project_gazebo_ws/install/as2_realsense_interface:/root/project_gazebo_ws/install/as2_platform_multirotor_simulator:/root/project_gazebo_ws/install/as2_platform_gazebo:/root/project_gazebo_ws/install/as2_motion_controller:/root/project_gazebo_ws/install/as2_behaviors_trajectory_generation:/root/project_gazebo_ws/install/as2_behaviors_motion:/root/project_gazebo_ws/install/as2_motion_reference_handlers:/root/project_gazebo_ws/install/as2_map_server:/root/project_gazebo_ws/install/as2_geozones:/root/project_gazebo_ws/install/as2_gazebo_assets:/root/project_gazebo_ws/install/as2_external_object_to_tf:/root/project_gazebo_ws/install/as2_behaviors_platform:/root/project_gazebo_ws/install/as2_behaviors_perception:/root/project_gazebo_ws/install/as2_behaviors_path_planning:/root/project_gazebo_ws/install/as2_behavior_tree:/root/project_gazebo_ws/install/as2_behavior:/root/project_gazebo_ws/install/as2_alphanumeric_viewer:/root/project_gazebo_ws/install/as2_core:/root/project_gazebo_ws/install/as2_msgs:/root/project_gazebo_ws/install/as2_cli:/root/project_gazebo_ws/install/as2_visualization:/root/project_gazebo_ws/install/as2_keyboard_teleoperation:/root/project_gazebo_ws/install/as2_python_api:/opt/ros/humble LD_LIBRARY_PATH=/mission_planning_ws/install/as2_msgs/lib:${LD_LIBRARY_PATH} PYTHONPATH=/mission_planning_ws/install/as2_msgs/local/lib/python3.10/dist-packages:${PYTHONPATH} /usr/bin/cmake --build /mission_planning_ws/build/as2_core -- -j22 -l22
[31.709s] Invoking command in '/mission_planning_ws/build/as2_core': AMENT_PREFIX_PATH=/mission_planning_ws/install/as2_msgs:${AMENT_PREFIX_PATH} CMAKE_PREFIX_PATH=/mission_planning_ws/install/as2_msgs:/root/project_gazebo_ws/install/aerostack2:/root/project_gazebo_ws/install/as2_usb_camera_interface:/root/project_gazebo_ws/install/as2_state_estimator:/root/project_gazebo_ws/install/as2_rviz_plugins:/root/project_gazebo_ws/install/as2_realsense_interface:/root/project_gazebo_ws/install/as2_platform_multirotor_simulator:/root/project_gazebo_ws/install/as2_platform_gazebo:/root/project_gazebo_ws/install/as2_motion_controller:/root/project_gazebo_ws/install/as2_behaviors_trajectory_generation:/root/project_gazebo_ws/install/as2_behaviors_motion:/root/project_gazebo_ws/install/as2_motion_reference_handlers:/root/project_gazebo_ws/install/as2_map_server:/root/project_gazebo_ws/install/as2_geozones:/root/project_gazebo_ws/install/as2_gazebo_assets:/root/project_gazebo_ws/install/as2_external_object_to_tf:/root/project_gazebo_ws/install/as2_behaviors_platform:/root/project_gazebo_ws/install/as2_behaviors_perception:/root/project_gazebo_ws/install/as2_behaviors_path_planning:/root/project_gazebo_ws/install/as2_behavior_tree:/root/project_gazebo_ws/install/as2_behavior:/root/project_gazebo_ws/install/as2_alphanumeric_viewer:/root/project_gazebo_ws/install/as2_core:/root/project_gazebo_ws/install/as2_msgs:/root/project_gazebo_ws/install/as2_cli:/root/project_gazebo_ws/install/as2_visualization:/root/project_gazebo_ws/install/as2_keyboard_teleoperation:/root/project_gazebo_ws/install/as2_python_api:/opt/ros/humble LD_LIBRARY_PATH=/mission_planning_ws/install/as2_msgs/lib:${LD_LIBRARY_PATH} PYTHONPATH=/mission_planning_ws/install/as2_msgs/local/lib/python3.10/dist-packages:${PYTHONPATH} /usr/bin/cmake --install /mission_planning_ws/build/as2_core
[31.721s] -- Install configuration: "Release"
[31.722s] -- Installing: /mission_planning_ws/install/as2_core/share/as2_core/environment/pythonpath.sh
[31.722s] -- Installing: /mission_planning_ws/install/as2_core/share/as2_core/environment/pythonpath.dsv
[31.722s] -- Installing: /mission_planning_ws/install/as2_core/local/lib/python3.10/dist-packages/as2_core-1.1.2-py3.10.egg-info
[31.722s] -- Installing: /mission_planning_ws/install/as2_core/local/lib/python3.10/dist-packages/as2_core-1.1.2-py3.10.egg-info/dependency_links.txt
[31.722s] -- Installing: /mission_planning_ws/install/as2_core/local/lib/python3.10/dist-packages/as2_core-1.1.2-py3.10.egg-info/PKG-INFO
[31.722s] -- Installing: /mission_planning_ws/install/as2_core/local/lib/python3.10/dist-packages/as2_core-1.1.2-py3.10.egg-info/top_level.txt
[31.722s] -- Installing: /mission_planning_ws/install/as2_core/local/lib/python3.10/dist-packages/as2_core-1.1.2-py3.10.egg-info/SOURCES.txt
[31.722s] -- Installing: /mission_planning_ws/install/as2_core/local/lib/python3.10/dist-packages/as2_core
[31.722s] -- Installing: /mission_planning_ws/install/as2_core/local/lib/python3.10/dist-packages/as2_core/__init__.py
[31.722s] -- Installing: /mission_planning_ws/install/as2_core/local/lib/python3.10/dist-packages/as2_core/launch_plugin_utils.py
[31.722s] -- Installing: /mission_planning_ws/install/as2_core/local/lib/python3.10/dist-packages/as2_core/declare_launch_arguments_from_config_file.py
[31.722s] -- Installing: /mission_planning_ws/install/as2_core/local/lib/python3.10/dist-packages/as2_core/launch_param_utils.py
[31.723s] -- Installing: /mission_planning_ws/install/as2_core/local/lib/python3.10/dist-packages/as2_core/launch_configuration_from_config_file.py
[31.746s] Listing '/mission_planning_ws/install/as2_core/local/lib/python3.10/dist-packages/as2_core'...
[31.746s] Compiling '/mission_planning_ws/install/as2_core/local/lib/python3.10/dist-packages/as2_core/__init__.py'...
[31.746s] Compiling '/mission_planning_ws/install/as2_core/local/lib/python3.10/dist-packages/as2_core/declare_launch_arguments_from_config_file.py'...
[31.746s] Compiling '/mission_planning_ws/install/as2_core/local/lib/python3.10/dist-packages/as2_core/launch_configuration_from_config_file.py'...
[31.746s] Compiling '/mission_planning_ws/install/as2_core/local/lib/python3.10/dist-packages/as2_core/launch_param_utils.py'...
[31.746s] Compiling '/mission_planning_ws/install/as2_core/local/lib/python3.10/dist-packages/as2_core/launch_plugin_utils.py'...
[31.748s] -- Installing: /mission_planning_ws/install/as2_core/include/as2_core/mocks/
[31.748s] -- Installing: /mission_planning_ws/install/as2_core/include/as2_core/mocks//executor_thread_util
[31.748s] -- Installing: /mission_planning_ws/install/as2_core/include/as2_core/mocks//executor_thread_util/executor_thread_util.hpp
[31.748s] -- Installing: /mission_planning_ws/install/as2_core/include/as2_core/mocks//aerial_platform
[31.748s] -- Installing: /mission_planning_ws/install/as2_core/include/as2_core/mocks//aerial_platform/mock_aerial_platform.hpp
[31.749s] -- Installing: /mission_planning_ws/install/as2_core/share/as2_core/environment/library_path.sh
[31.749s] -- Installing: /mission_planning_ws/install/as2_core/share/as2_core/environment/library_path.dsv
[31.749s] -- Installing: /mission_planning_ws/install/as2_core/local/lib/python3.10/dist-packages/as2_core/as2_names.cpython-310-x86_64-linux-gnu.so
[31.749s] -- Set runtime path of "/mission_planning_ws/install/as2_core/local/lib/python3.10/dist-packages/as2_core/as2_names.cpython-310-x86_64-linux-gnu.so" to ""
[31.749s] -- Up-to-date: /mission_planning_ws/install/as2_core/include
[31.749s] -- Up-to-date: /mission_planning_ws/install/as2_core/include/as2_core
[31.749s] -- Installing: /mission_planning_ws/install/as2_core/include/as2_core/custom
[31.749s] -- Installing: /mission_planning_ws/install/as2_core/include/as2_core/custom/tf2_geometry_msgs.hpp
[31.749s] -- Installing: /mission_planning_ws/install/as2_core/include/as2_core/custom/tf2_geometry_msgs.hpp.in
[31.749s] -- Installing: /mission_planning_ws/install/as2_core/include/as2_core/core_functions.hpp
[31.749s] -- Installing: /mission_planning_ws/install/as2_core/include/as2_core/sensor.hpp
[31.749s] -- Installing: /mission_planning_ws/install/as2_core/include/as2_core/synchronous_service_client.hpp
[31.750s] -- Installing: /mission_planning_ws/install/as2_core/include/as2_core/utils
[31.750s] -- Installing: /mission_planning_ws/install/as2_core/include/as2_core/utils/tf_utils.hpp
[31.750s] -- Installing: /mission_planning_ws/install/as2_core/include/as2_core/utils/control_mode_utils.hpp
[31.750s] -- Installing: /mission_planning_ws/install/as2_core/include/as2_core/utils/yaml_utils.hpp
[31.750s] -- Installing: /mission_planning_ws/install/as2_core/include/as2_core/utils/gps_utils.hpp
[31.750s] -- Installing: /mission_planning_ws/install/as2_core/include/as2_core/utils/frame_utils.hpp
[31.750s] -- Installing: /mission_planning_ws/install/as2_core/include/as2_core/names
[31.750s] -- Installing: /mission_planning_ws/install/as2_core/include/as2_core/names/services.hpp
[31.750s] -- Installing: /mission_planning_ws/install/as2_core/include/as2_core/names/topics.hpp
[31.750s] -- Installing: /mission_planning_ws/install/as2_core/include/as2_core/names/actions.hpp
[31.750s] -- Installing: /mission_planning_ws/install/as2_core/include/as2_core/platform_state_machine.hpp
[31.750s] -- Installing: /mission_planning_ws/install/as2_core/include/as2_core/as2_basic_behavior.hpp
[31.750s] -- Installing: /mission_planning_ws/install/as2_core/include/as2_core/aerial_platform.hpp
[31.751s] -- Installing: /mission_planning_ws/install/as2_core/include/as2_core/node.hpp
[31.751s] -- Installing: /mission_planning_ws/install/as2_core/include/as2_core/rate.hpp
[31.751s] -- Installing: /mission_planning_ws/install/as2_core/lib/libas2_core.a
[31.753s] -- Installing: /mission_planning_ws/install/as2_core/lib/libmocks.so
[31.755s] -- Set runtime path of "/mission_planning_ws/install/as2_core/lib/libmocks.so" to ""
[31.755s] -- Installing: /mission_planning_ws/install/as2_core/share/ament_index/resource_index/package_run_dependencies/as2_core
[31.755s] -- Installing: /mission_planning_ws/install/as2_core/share/ament_index/resource_index/parent_prefix_path/as2_core
[31.755s] -- Installing: /mission_planning_ws/install/as2_core/share/as2_core/environment/ament_prefix_path.sh
[31.755s] -- Installing: /mission_planning_ws/install/as2_core/share/as2_core/environment/ament_prefix_path.dsv
[31.755s] -- Installing: /mission_planning_ws/install/as2_core/share/as2_core/environment/path.sh
[31.755s] -- Installing: /mission_planning_ws/install/as2_core/share/as2_core/environment/path.dsv
[31.755s] -- Installing: /mission_planning_ws/install/as2_core/share/as2_core/local_setup.bash
[31.756s] -- Installing: /mission_planning_ws/install/as2_core/share/as2_core/local_setup.sh
[31.756s] -- Installing: /mission_planning_ws/install/as2_core/share/as2_core/local_setup.zsh
[31.756s] -- Installing: /mission_planning_ws/install/as2_core/share/as2_core/local_setup.dsv
[31.756s] -- Installing: /mission_planning_ws/install/as2_core/share/as2_core/package.dsv
[31.756s] -- Installing: /mission_planning_ws/install/as2_core/share/ament_index/resource_index/packages/as2_core
[31.756s] -- Installing: /mission_planning_ws/install/as2_core/share/as2_core/cmake/export_as2_coreExport.cmake
[31.756s] -- Installing: /mission_planning_ws/install/as2_core/share/as2_core/cmake/export_as2_coreExport-release.cmake
[31.756s] -- Installing: /mission_planning_ws/install/as2_core/share/as2_core/cmake/ament_cmake_export_targets-extras.cmake
[31.756s] -- Installing: /mission_planning_ws/install/as2_core/share/as2_core/cmake/ament_cmake_export_dependencies-extras.cmake
[31.756s] -- Installing: /mission_planning_ws/install/as2_core/share/as2_core/cmake/ament_cmake_export_include_directories-extras.cmake
[31.756s] -- Installing: /mission_planning_ws/install/as2_core/share/as2_core/cmake/ament_cmake_export_libraries-extras.cmake
[31.756s] -- Installing: /mission_planning_ws/install/as2_core/share/as2_core/cmake/as2_coreConfig.cmake
[31.756s] -- Installing: /mission_planning_ws/install/as2_core/share/as2_core/cmake/as2_coreConfig-version.cmake
[31.756s] -- Installing: /mission_planning_ws/install/as2_core/share/as2_core/package.xml
[31.758s] Invoked command in '/mission_planning_ws/build/as2_core' returned '0': AMENT_PREFIX_PATH=/mission_planning_ws/install/as2_msgs:${AMENT_PREFIX_PATH} CMAKE_PREFIX_PATH=/mission_planning_ws/install/as2_msgs:/root/project_gazebo_ws/install/aerostack2:/root/project_gazebo_ws/install/as2_usb_camera_interface:/root/project_gazebo_ws/install/as2_state_estimator:/root/project_gazebo_ws/install/as2_rviz_plugins:/root/project_gazebo_ws/install/as2_realsense_interface:/root/project_gazebo_ws/install/as2_platform_multirotor_simulator:/root/project_gazebo_ws/install/as2_platform_gazebo:/root/project_gazebo_ws/install/as2_motion_controller:/root/project_gazebo_ws/install/as2_behaviors_trajectory_generation:/root/project_gazebo_ws/install/as2_behaviors_motion:/root/project_gazebo_ws/install/as2_motion_reference_handlers:/root/project_gazebo_ws/install/as2_map_server:/root/project_gazebo_ws/install/as2_geozones:/root/project_gazebo_ws/install/as2_gazebo_assets:/root/project_gazebo_ws/install/as2_external_object_to_tf:/root/project_gazebo_ws/install/as2_behaviors_platform:/root/project_gazebo_ws/install/as2_behaviors_perception:/root/project_gazebo_ws/install/as2_behaviors_path_planning:/root/project_gazebo_ws/install/as2_behavior_tree:/root/project_gazebo_ws/install/as2_behavior:/root/project_gazebo_ws/install/as2_alphanumeric_viewer:/root/project_gazebo_ws/install/as2_core:/root/project_gazebo_ws/install/as2_msgs:/root/project_gazebo_ws/install/as2_cli:/root/project_gazebo_ws/install/as2_visualization:/root/project_gazebo_ws/install/as2_keyboard_teleoperation:/root/project_gazebo_ws/install/as2_python_api:/opt/ros/humble LD_LIBRARY_PATH=/mission_planning_ws/install/as2_msgs/lib:${LD_LIBRARY_PATH} PYTHONPATH=/mission_planning_ws/install/as2_msgs/local/lib/python3.10/dist-packages:${PYTHONPATH} /usr/bin/cmake --install /mission_planning_ws/build/as2_core
