-- The C compiler identification is GNU 11.4.0
-- The CXX compiler identification is GNU 11.4.0
-- Detecting C compiler ABI info
-- Detecting C compiler ABI info - done
-- Check for working C compiler: /usr/bin/cc - skipped
-- Detecting C compile features
-- Detecting C compile features - done
-- Detecting CXX compiler ABI info
-- Detecting CXX compiler ABI info - done
-- Check for working CXX compiler: /usr/bin/c++ - skipped
-- Detecting CXX compile features
-- Detecting CXX compile features - done
-- Found ament_cmake: 1.3.11 (/opt/ros/humble/share/ament_cmake/cmake)
-- Found Python3: /usr/bin/python3 (found version "3.10.12") found components: Interpreter 
-- Found ament_cmake_ros: 0.10.0 (/opt/ros/humble/share/ament_cmake_ros/cmake)
-- Found rclcpp: 16.0.11 (/opt/ros/humble/share/rclcpp/cmake)
-- Found rosidl_generator_c: 3.1.6 (/opt/ros/humble/share/rosidl_generator_c/cmake)
-- Found rosidl_adapter: 3.1.6 (/opt/ros/humble/share/rosidl_adapter/cmake)
-- Found rosidl_generator_cpp: 3.1.6 (/opt/ros/humble/share/rosidl_generator_cpp/cmake)
-- Using all available rosidl_typesupport_c: rosidl_typesupport_fastrtps_c;rosidl_typesupport_introspection_c
-- Using all available rosidl_typesupport_cpp: rosidl_typesupport_fastrtps_cpp;rosidl_typesupport_introspection_cpp
-- Found rmw_implementation_cmake: 6.1.2 (/opt/ros/humble/share/rmw_implementation_cmake/cmake)
-- Found rmw_fastrtps_cpp: 6.2.7 (/opt/ros/humble/share/rmw_fastrtps_cpp/cmake)
-- Found OpenSSL: /usr/lib/x86_64-linux-gnu/libcrypto.so (found version "3.0.2")  
-- Found FastRTPS: /opt/ros/humble/include  
-- Using RMW implementation 'rmw_fastrtps_cpp' as default
-- Looking for pthread.h
-- Looking for pthread.h - found
-- Performing Test CMAKE_HAVE_LIBC_PTHREAD
-- Performing Test CMAKE_HAVE_LIBC_PTHREAD - Success
-- Found Threads: TRUE  
-- Found rclcpp_components: 16.0.11 (/opt/ros/humble/share/rclcpp_components/cmake)
-- Found pluginlib: 5.1.0 (/opt/ros/humble/share/pluginlib/cmake)
-- Found as2_core: 1.1.2 (/mission_planning_ws/src/install/as2_core/share/as2_core/cmake)
-- Found eigen3_cmake_module: 0.1.1 (/opt/ros/humble/share/eigen3_cmake_module/cmake)
-- Found Eigen3: TRUE (found version "3.4.0") 
-- Ensuring Eigen3 include directory is part of orocos-kdl CMake target
-- Found as2_behavior: 1.1.2 (/mission_planning_ws/src/install/as2_behavior/share/as2_behavior/cmake)
-- Found visualization_msgs: 4.2.4 (/opt/ros/humble/share/visualization_msgs/cmake)
-- Found OpenCV: /usr (found version "4.5.4") 
-- Found ament_lint_auto: 0.12.11 (/opt/ros/humble/share/ament_lint_auto/cmake)
-- Added test 'copyright' to check source files copyright and LICENSE
-- Added test 'cppcheck' to perform static code analysis on C / C++ code
-- Configured cppcheck include dirs: /mission_planning_ws/src/aerostack2/as2_behaviors/as2_behaviors_path_planning/include;/mission_planning_ws/src/aerostack2/as2_behaviors/as2_behaviors_path_planning/include/as2_behaviors_path_planning;/mission_planning_ws/src/aerostack2/as2_behaviors/as2_behaviors_path_planning/common/include;$<BUILD_INTERFACE:/mission_planning_ws/src/aerostack2/as2_behaviors/as2_behaviors_path_planning/include>
-- Configured cppcheck exclude dirs and/or files: /mission_planning_ws/src/aerostack2/as2_behaviors/as2_behaviors_path_planning/./plugins/voronoi/thirdparty/dynamicvoronoi/README.md;/mission_planning_ws/src/aerostack2/as2_behaviors/as2_behaviors_path_planning/./plugins/voronoi/thirdparty/dynamicvoronoi/bucketedqueue.h;/mission_planning_ws/src/aerostack2/as2_behaviors/as2_behaviors_path_planning/./plugins/voronoi/thirdparty/dynamicvoronoi/bucketedqueue.hxx;/mission_planning_ws/src/aerostack2/as2_behaviors/as2_behaviors_path_planning/./plugins/voronoi/thirdparty/dynamicvoronoi/dynamicvoronoi.cpp;/mission_planning_ws/src/aerostack2/as2_behaviors/as2_behaviors_path_planning/./plugins/voronoi/thirdparty/dynamicvoronoi/dynamicvoronoi.h;/mission_planning_ws/src/aerostack2/as2_behaviors/as2_behaviors_path_planning/./plugins/voronoi/thirdparty/dynamicvoronoi/point.h
-- Added test 'cpplint' to check C / C++ code against the Google style
-- Configured cpplint exclude dirs and/or files: /mission_planning_ws/src/aerostack2/as2_behaviors/as2_behaviors_path_planning/./plugins/voronoi/thirdparty/dynamicvoronoi/README.md;/mission_planning_ws/src/aerostack2/as2_behaviors/as2_behaviors_path_planning/./plugins/voronoi/thirdparty/dynamicvoronoi/bucketedqueue.h;/mission_planning_ws/src/aerostack2/as2_behaviors/as2_behaviors_path_planning/./plugins/voronoi/thirdparty/dynamicvoronoi/bucketedqueue.hxx;/mission_planning_ws/src/aerostack2/as2_behaviors/as2_behaviors_path_planning/./plugins/voronoi/thirdparty/dynamicvoronoi/dynamicvoronoi.cpp;/mission_planning_ws/src/aerostack2/as2_behaviors/as2_behaviors_path_planning/./plugins/voronoi/thirdparty/dynamicvoronoi/dynamicvoronoi.h;/mission_planning_ws/src/aerostack2/as2_behaviors/as2_behaviors_path_planning/./plugins/voronoi/thirdparty/dynamicvoronoi/point.h
-- Added test 'flake8' to check Python code syntax and style conventions
-- Added test 'lint_cmake' to check CMake code style
-- Added test 'pep257' to check Python code against some of the docstring style conventions in PEP 257
-- Added test 'uncrustify' to check C / C++ code style
-- Configured uncrustify additional arguments: 
-- Added test 'xmllint' to check XML markup files
-- Configuring done
-- Generating done
-- Build files have been written to: /mission_planning_ws/src/build/as2_behaviors_path_planning
[  7%] [32m[1mLinking CXX shared library libas2_behaviors_path_planning_plugin_base.so[0m
[  7%] Built target as2_behaviors_path_planning_plugin_base
[ 14%] [32m[1mLinking CXX shared library libpath_planner_common.so[0m
[ 14%] Built target path_planner_common
[ 21%] [32mBuilding CXX object plugins/a_star/CMakeFiles/a_star.dir/src/a_star.cpp.o[0m
[ 28%] [32mBuilding CXX object plugins/a_star/CMakeFiles/a_star.dir/src/a_star_searcher.cpp.o[0m
[ 35%] [32m[1mLinking CXX shared library liba_star.so[0m
[ 35%] Built target a_star
[ 42%] [32mBuilding CXX object plugins/voronoi/CMakeFiles/voronoi.dir/src/voronoi.cpp.o[0m
[ 50%] [32mBuilding CXX object plugins/voronoi/CMakeFiles/voronoi.dir/thirdparty/dynamicvoronoi/dynamicvoronoi.cpp.o[0m
[ 57%] [32mBuilding CXX object plugins/voronoi/CMakeFiles/voronoi.dir/src/voronoi_searcher.cpp.o[0m
[ 64%] [32m[1mLinking CXX shared library libvoronoi.so[0m
[ 64%] Built target voronoi
[ 71%] [32mBuilding CXX object CMakeFiles/as2_behaviors_path_planning_node.dir/src/path_planner_behavior.cpp.o[0m
[ 78%] [32mBuilding CXX object CMakeFiles/path_planner_component.dir/src/path_planner_behavior.cpp.o[0m
[ 85%] [32mBuilding CXX object CMakeFiles/as2_behaviors_path_planning_node.dir/src/path_planner_behavior_node.cpp.o[0m
[ 92%] [32m[1mLinking CXX executable as2_behaviors_path_planning_node[0m
[ 92%] Built target as2_behaviors_path_planning_node
[100%] [32m[1mLinking CXX shared library libpath_planner_component.so[0m
[100%] Built target path_planner_component
-- Install configuration: "Release"
-- Installing: /mission_planning_ws/src/install/as2_behaviors_path_planning/include
-- Installing: /mission_planning_ws/src/install/as2_behaviors_path_planning/include/as2_behaviors_path_planning
-- Installing: /mission_planning_ws/src/install/as2_behaviors_path_planning/include/as2_behaviors_path_planning/path_planner_behavior.hpp
-- Installing: /mission_planning_ws/src/install/as2_behaviors_path_planning/include/as2_behaviors_path_planning/path_planner_plugin_base.hpp
-- Installing: /mission_planning_ws/src/install/as2_behaviors_path_planning/share/as2_behaviors_path_planning/environment/library_path.sh
-- Installing: /mission_planning_ws/src/install/as2_behaviors_path_planning/share/as2_behaviors_path_planning/environment/library_path.dsv
-- Installing: /mission_planning_ws/src/install/as2_behaviors_path_planning/include/include
-- Installing: /mission_planning_ws/src/install/as2_behaviors_path_planning/include/include/graph_searcher.hpp
-- Installing: /mission_planning_ws/src/install/as2_behaviors_path_planning/include/include/cell_node.hpp
-- Installing: /mission_planning_ws/src/install/as2_behaviors_path_planning/include/include/utils.hpp
-- Installing: /mission_planning_ws/src/install/as2_behaviors_path_planning/lib/libas2_behaviors_path_planning_plugin_base.so
-- Set runtime path of "/mission_planning_ws/src/install/as2_behaviors_path_planning/lib/libas2_behaviors_path_planning_plugin_base.so" to ""
-- Installing: /mission_planning_ws/src/install/as2_behaviors_path_planning/lib/libpath_planner_component.so
-- Set runtime path of "/mission_planning_ws/src/install/as2_behaviors_path_planning/lib/libpath_planner_component.so" to ""
-- Installing: /mission_planning_ws/src/install/as2_behaviors_path_planning/share/as2_behaviors_path_planning/plugins.xml
-- Installing: /mission_planning_ws/src/install/as2_behaviors_path_planning/share/as2_behaviors_path_planning/launch
-- Installing: /mission_planning_ws/src/install/as2_behaviors_path_planning/share/as2_behaviors_path_planning/launch/a_star-path_planner_behavior.launch.py
-- Up-to-date: /mission_planning_ws/src/install/as2_behaviors_path_planning/share/as2_behaviors_path_planning/launch
-- Installing: /mission_planning_ws/src/install/as2_behaviors_path_planning/share/as2_behaviors_path_planning/launch/voronoi-path_planner_behavior.launch.py
-- Installing: /mission_planning_ws/src/install/as2_behaviors_path_planning/lib/as2_behaviors_path_planning/as2_behaviors_path_planning_node
-- Set runtime path of "/mission_planning_ws/src/install/as2_behaviors_path_planning/lib/as2_behaviors_path_planning/as2_behaviors_path_planning_node" to ""
-- Up-to-date: /mission_planning_ws/src/install/as2_behaviors_path_planning/share/as2_behaviors_path_planning/launch
-- Installing: /mission_planning_ws/src/install/as2_behaviors_path_planning/share/as2_behaviors_path_planning/launch/path_planner_behavior_launch.py
-- Installing: /mission_planning_ws/src/install/as2_behaviors_path_planning/share/as2_behaviors_path_planning/launch/composable_path_planner_behavior.launch.py
-- Installing: /mission_planning_ws/src/install/as2_behaviors_path_planning/share/as2_behaviors_path_planning/config
-- Installing: /mission_planning_ws/src/install/as2_behaviors_path_planning/share/as2_behaviors_path_planning/config/behavior_default.yaml
-- Installing: /mission_planning_ws/src/install/as2_behaviors_path_planning/share/ament_index/resource_index/package_run_dependencies/as2_behaviors_path_planning
-- Installing: /mission_planning_ws/src/install/as2_behaviors_path_planning/share/ament_index/resource_index/parent_prefix_path/as2_behaviors_path_planning
-- Installing: /mission_planning_ws/src/install/as2_behaviors_path_planning/share/as2_behaviors_path_planning/environment/ament_prefix_path.sh
-- Installing: /mission_planning_ws/src/install/as2_behaviors_path_planning/share/as2_behaviors_path_planning/environment/ament_prefix_path.dsv
-- Installing: /mission_planning_ws/src/install/as2_behaviors_path_planning/share/as2_behaviors_path_planning/environment/path.sh
-- Installing: /mission_planning_ws/src/install/as2_behaviors_path_planning/share/as2_behaviors_path_planning/environment/path.dsv
-- Installing: /mission_planning_ws/src/install/as2_behaviors_path_planning/share/as2_behaviors_path_planning/local_setup.bash
-- Installing: /mission_planning_ws/src/install/as2_behaviors_path_planning/share/as2_behaviors_path_planning/local_setup.sh
-- Installing: /mission_planning_ws/src/install/as2_behaviors_path_planning/share/as2_behaviors_path_planning/local_setup.zsh
-- Installing: /mission_planning_ws/src/install/as2_behaviors_path_planning/share/as2_behaviors_path_planning/local_setup.dsv
-- Installing: /mission_planning_ws/src/install/as2_behaviors_path_planning/share/as2_behaviors_path_planning/package.dsv
-- Installing: /mission_planning_ws/src/install/as2_behaviors_path_planning/share/ament_index/resource_index/packages/as2_behaviors_path_planning
-- Installing: /mission_planning_ws/src/install/as2_behaviors_path_planning/share/ament_index/resource_index/as2_behaviors_path_planning__pluginlib__plugin/as2_behaviors_path_planning
-- Installing: /mission_planning_ws/src/install/as2_behaviors_path_planning/share/as2_behaviors_path_planning/cmake/as2_behaviors_path_planning_plugin_baseExport.cmake
-- Installing: /mission_planning_ws/src/install/as2_behaviors_path_planning/share/as2_behaviors_path_planning/cmake/as2_behaviors_path_planning_plugin_baseExport-release.cmake
-- Installing: /mission_planning_ws/src/install/as2_behaviors_path_planning/share/ament_index/resource_index/rclcpp_components/as2_behaviors_path_planning
-- Installing: /mission_planning_ws/src/install/as2_behaviors_path_planning/share/as2_behaviors_path_planning/cmake/ament_cmake_export_include_directories-extras.cmake
-- Installing: /mission_planning_ws/src/install/as2_behaviors_path_planning/share/as2_behaviors_path_planning/cmake/ament_cmake_export_libraries-extras.cmake
-- Installing: /mission_planning_ws/src/install/as2_behaviors_path_planning/share/as2_behaviors_path_planning/cmake/ament_cmake_export_targets-extras.cmake
-- Installing: /mission_planning_ws/src/install/as2_behaviors_path_planning/share/as2_behaviors_path_planning/cmake/as2_behaviors_path_planningConfig.cmake
-- Installing: /mission_planning_ws/src/install/as2_behaviors_path_planning/share/as2_behaviors_path_planning/cmake/as2_behaviors_path_planningConfig-version.cmake
-- Installing: /mission_planning_ws/src/install/as2_behaviors_path_planning/share/as2_behaviors_path_planning/package.xml
-- Up-to-date: /mission_planning_ws/src/install/as2_behaviors_path_planning/include
-- Installing: /mission_planning_ws/src/install/as2_behaviors_path_planning/include/a_star.hpp
-- Installing: /mission_planning_ws/src/install/as2_behaviors_path_planning/include/a_star_algorithm.hpp
-- Installing: /mission_planning_ws/src/install/as2_behaviors_path_planning/include/a_star_searcher.hpp
-- Installing: /mission_planning_ws/src/install/as2_behaviors_path_planning/lib/liba_star.so
-- Set runtime path of "/mission_planning_ws/src/install/as2_behaviors_path_planning/lib/liba_star.so" to ""
-- Up-to-date: /mission_planning_ws/src/install/as2_behaviors_path_planning/include
-- Installing: /mission_planning_ws/src/install/as2_behaviors_path_planning/include/voronoi_searcher.hpp
-- Installing: /mission_planning_ws/src/install/as2_behaviors_path_planning/include/voronoi.hpp
-- Installing: /mission_planning_ws/src/install/as2_behaviors_path_planning/lib/libvoronoi.so
-- Set runtime path of "/mission_planning_ws/src/install/as2_behaviors_path_planning/lib/libvoronoi.so" to ""
