[  3%] Built target pid_controller
[ 17%] Built target gtest
[ 20%] Built target as2_motion_controller_plugin_base
[ 20%] Built target gtest_main
[ 31%] Built target as2_motion_controller
[ 37%] Built target pid_controller_pid_1d_gtest
[ 44%] Built target pid_controller_saturate_output_gtest
[ 51%] Built target pid_controller_pid_gtest
[ 58%] Built target as2_motion_controller_node
[ 65%] Built target as2_motion_controller_find_mode_match_test
[ 72%] Built target as2_motion_controller_as2_motion_controller_gtest
[ 79%] Built target pid_speed_controller
[ 86%] Built target differential_flatness_controller
[ 93%] Built target as2_motion_controller_differential_flatness_controller_gtest
[100%] Built target as2_motion_controller_pid_speed_controller_gtest
-- Install configuration: "Release"
-- Up-to-date: /mission_planning_ws/install/as2_motion_controller/lib/libas2_motion_controller.so
-- Up-to-date: /mission_planning_ws/install/as2_motion_controller/lib/libas2_motion_controller_plugin_base.so
-- Up-to-date: /mission_planning_ws/install/as2_motion_controller/lib/as2_motion_controller/as2_motion_controller_node
-- Up-to-date: /mission_planning_ws/install/as2_motion_controller/include
-- Up-to-date: /mission_planning_ws/install/as2_motion_controller/include/as2_motion_controller
-- Up-to-date: /mission_planning_ws/install/as2_motion_controller/include/as2_motion_controller/controller_handler.hpp
-- Up-to-date: /mission_planning_ws/install/as2_motion_controller/include/as2_motion_controller/controller_base.hpp
-- Up-to-date: /mission_planning_ws/install/as2_motion_controller/include/as2_motion_controller/controller_manager.hpp
-- Up-to-date: /mission_planning_ws/install/as2_motion_controller/share/as2_motion_controller/environment/library_path.sh
-- Up-to-date: /mission_planning_ws/install/as2_motion_controller/share/as2_motion_controller/environment/library_path.dsv
-- Up-to-date: /mission_planning_ws/install/as2_motion_controller/share/as2_motion_controller/plugins.xml
-- Up-to-date: /mission_planning_ws/install/as2_motion_controller/share/as2_motion_controller/plugins/differential_flatness_controller/config
-- Up-to-date: /mission_planning_ws/install/as2_motion_controller/share/as2_motion_controller/plugins/differential_flatness_controller/config/controller_default.yaml
-- Up-to-date: /mission_planning_ws/install/as2_motion_controller/share/as2_motion_controller/plugins/differential_flatness_controller/config/available_modes.yaml
-- Up-to-date: /mission_planning_ws/install/as2_motion_controller/share/as2_motion_controller/plugins/pid_speed_controller/config
-- Up-to-date: /mission_planning_ws/install/as2_motion_controller/share/as2_motion_controller/plugins/pid_speed_controller/config/controller_default.yaml
-- Up-to-date: /mission_planning_ws/install/as2_motion_controller/share/as2_motion_controller/plugins/pid_speed_controller/config/available_modes.yaml
-- Up-to-date: /mission_planning_ws/install/as2_motion_controller/share/as2_motion_controller/launch
-- Up-to-date: /mission_planning_ws/install/as2_motion_controller/share/as2_motion_controller/launch/pid_speed_controller.launch.py
-- Up-to-date: /mission_planning_ws/install/as2_motion_controller/share/as2_motion_controller/launch/controller_launch.py
-- Up-to-date: /mission_planning_ws/install/as2_motion_controller/share/as2_motion_controller/launch/differential_flatness_controller.launch.py
-- Up-to-date: /mission_planning_ws/install/as2_motion_controller/share/as2_motion_controller/config
-- Up-to-date: /mission_planning_ws/install/as2_motion_controller/share/as2_motion_controller/config/motion_controller_default.yaml
-- Up-to-date: /mission_planning_ws/install/as2_motion_controller/share/ament_index/resource_index/package_run_dependencies/as2_motion_controller
-- Up-to-date: /mission_planning_ws/install/as2_motion_controller/share/ament_index/resource_index/parent_prefix_path/as2_motion_controller
-- Up-to-date: /mission_planning_ws/install/as2_motion_controller/share/as2_motion_controller/environment/ament_prefix_path.sh
-- Up-to-date: /mission_planning_ws/install/as2_motion_controller/share/as2_motion_controller/environment/ament_prefix_path.dsv
-- Up-to-date: /mission_planning_ws/install/as2_motion_controller/share/as2_motion_controller/environment/path.sh
-- Up-to-date: /mission_planning_ws/install/as2_motion_controller/share/as2_motion_controller/environment/path.dsv
-- Up-to-date: /mission_planning_ws/install/as2_motion_controller/share/as2_motion_controller/local_setup.bash
-- Up-to-date: /mission_planning_ws/install/as2_motion_controller/share/as2_motion_controller/local_setup.sh
-- Up-to-date: /mission_planning_ws/install/as2_motion_controller/share/as2_motion_controller/local_setup.zsh
-- Up-to-date: /mission_planning_ws/install/as2_motion_controller/share/as2_motion_controller/local_setup.dsv
-- Installing: /mission_planning_ws/install/as2_motion_controller/share/as2_motion_controller/package.dsv
-- Up-to-date: /mission_planning_ws/install/as2_motion_controller/share/ament_index/resource_index/packages/as2_motion_controller
-- Up-to-date: /mission_planning_ws/install/as2_motion_controller/share/ament_index/resource_index/as2_motion_controller__pluginlib__plugin/as2_motion_controller
-- Up-to-date: /mission_planning_ws/install/as2_motion_controller/share/as2_motion_controller/cmake/ament_cmake_export_include_directories-extras.cmake
-- Up-to-date: /mission_planning_ws/install/as2_motion_controller/share/as2_motion_controller/cmake/ament_cmake_export_libraries-extras.cmake
-- Up-to-date: /mission_planning_ws/install/as2_motion_controller/share/as2_motion_controller/cmake/as2_motion_controllerConfig.cmake
-- Up-to-date: /mission_planning_ws/install/as2_motion_controller/share/as2_motion_controller/cmake/as2_motion_controllerConfig-version.cmake
-- Up-to-date: /mission_planning_ws/install/as2_motion_controller/share/as2_motion_controller/package.xml
-- Up-to-date: /mission_planning_ws/install/as2_motion_controller/include
-- Up-to-date: /mission_planning_ws/install/as2_motion_controller/include/differential_flatness_controller
-- Up-to-date: /mission_planning_ws/install/as2_motion_controller/include/differential_flatness_controller/differential_flatness_controller.hpp
-- Up-to-date: /mission_planning_ws/install/as2_motion_controller/lib/libdifferential_flatness_controller.so
-- Up-to-date: /mission_planning_ws/install/as2_motion_controller/include
-- Up-to-date: /mission_planning_ws/install/as2_motion_controller/include/pid_speed_controller
-- Up-to-date: /mission_planning_ws/install/as2_motion_controller/include/pid_speed_controller/pid_speed_controller.hpp
-- Up-to-date: /mission_planning_ws/install/as2_motion_controller/lib/libpid_speed_controller.so
