[0.052s] Invoking command in '/mission_planning_ws/src/build/as2_platform_gazebo': AMENT_PREFIX_PATH=/mission_planning_ws/src/install/as2_gazebo_assets:/mission_planning_ws/src/install/as2_core:/mission_planning_ws/src/install/as2_msgs:${AMENT_PREFIX_PATH} CMAKE_PREFIX_PATH=/mission_planning_ws/src/install/as2_gazebo_assets:/mission_planning_ws/src/install/as2_core:/mission_planning_ws/src/install/as2_msgs:/root/project_gazebo_ws/install/aerostack2:/root/project_gazebo_ws/install/as2_usb_camera_interface:/root/project_gazebo_ws/install/as2_state_estimator:/root/project_gazebo_ws/install/as2_rviz_plugins:/root/project_gazebo_ws/install/as2_realsense_interface:/root/project_gazebo_ws/install/as2_platform_multirotor_simulator:/root/project_gazebo_ws/install/as2_platform_gazebo:/root/project_gazebo_ws/install/as2_motion_controller:/root/project_gazebo_ws/install/as2_behaviors_trajectory_generation:/root/project_gazebo_ws/install/as2_behaviors_motion:/root/project_gazebo_ws/install/as2_motion_reference_handlers:/root/project_gazebo_ws/install/as2_map_server:/root/project_gazebo_ws/install/as2_geozones:/root/project_gazebo_ws/install/as2_gazebo_assets:/root/project_gazebo_ws/install/as2_external_object_to_tf:/root/project_gazebo_ws/install/as2_behaviors_platform:/root/project_gazebo_ws/install/as2_behaviors_perception:/root/project_gazebo_ws/install/as2_behaviors_path_planning:/root/project_gazebo_ws/install/as2_behavior_tree:/root/project_gazebo_ws/install/as2_behavior:/root/project_gazebo_ws/install/as2_alphanumeric_viewer:/root/project_gazebo_ws/install/as2_core:/root/project_gazebo_ws/install/as2_msgs:/root/project_gazebo_ws/install/as2_cli:/root/project_gazebo_ws/install/as2_visualization:/root/project_gazebo_ws/install/as2_keyboard_teleoperation:/root/project_gazebo_ws/install/as2_python_api:/opt/ros/humble GZ_SIM_RESOURCE_PATH=/mission_planning_ws/src/install/as2_gazebo_assets/share/as2_ign_gazebo_assets/worlds:/mission_planning_ws/src/install/as2_gazebo_assets/share/as2_ign_gazebo_assets/models:${GZ_SIM_RESOURCE_PATH} GZ_SIM_SYSTEM_PLUGIN_PATH=/mission_planning_ws/src/install/as2_gazebo_assets/lib:${GZ_SIM_SYSTEM_PLUGIN_PATH} GZ_VERSION=@GZ_VERSION@ LD_LIBRARY_PATH=/mission_planning_ws/src/install/as2_gazebo_assets/lib:/mission_planning_ws/src/install/as2_core/lib:/mission_planning_ws/src/install/as2_msgs/lib:${LD_LIBRARY_PATH} PYTHONPATH=/mission_planning_ws/src/install/as2_gazebo_assets/local/lib/python3.10/dist-packages:/mission_planning_ws/src/install/as2_core/local/lib/python3.10/dist-packages:/mission_planning_ws/src/install/as2_msgs/local/lib/python3.10/dist-packages:${PYTHONPATH} /usr/bin/cmake /mission_planning_ws/src/aerostack2/as2_aerial_platforms/as2_platform_gazebo -DCMAKE_INSTALL_PREFIX=/mission_planning_ws/src/install/as2_platform_gazebo
[0.115s] -- The C compiler identification is GNU 11.4.0
[0.185s] -- The CXX compiler identification is GNU 11.4.0
[0.196s] -- Detecting C compiler ABI info
[0.298s] -- Detecting C compiler ABI info - done
[0.314s] -- Check for working C compiler: /usr/bin/cc - skipped
[0.314s] -- Detecting C compile features
[0.315s] -- Detecting C compile features - done
[0.319s] -- Detecting CXX compiler ABI info
[0.441s] -- Detecting CXX compiler ABI info - done
[0.452s] -- Check for working CXX compiler: /usr/bin/c++ - skipped
[0.453s] -- Detecting CXX compile features
[0.453s] -- Detecting CXX compile features - done
[0.466s] -- Found ament_cmake: 1.3.11 (/opt/ros/humble/share/ament_cmake/cmake)
[0.801s] -- Found Python3: /usr/bin/python3 (found version "3.10.12") found components: Interpreter 
[1.083s] -- Found ament_cmake_ros: 0.10.0 (/opt/ros/humble/share/ament_cmake_ros/cmake)
[1.130s] -- Found rclcpp: 16.0.11 (/opt/ros/humble/share/rclcpp/cmake)
[1.249s] -- Found rosidl_generator_c: 3.1.6 (/opt/ros/humble/share/rosidl_generator_c/cmake)
[1.265s] -- Found rosidl_adapter: 3.1.6 (/opt/ros/humble/share/rosidl_adapter/cmake)
[1.284s] -- Found rosidl_generator_cpp: 3.1.6 (/opt/ros/humble/share/rosidl_generator_cpp/cmake)
[1.308s] -- Using all available rosidl_typesupport_c: rosidl_typesupport_fastrtps_c;rosidl_typesupport_introspection_c
[1.342s] -- Using all available rosidl_typesupport_cpp: rosidl_typesupport_fastrtps_cpp;rosidl_typesupport_introspection_cpp
[1.439s] -- Found rmw_implementation_cmake: 6.1.2 (/opt/ros/humble/share/rmw_implementation_cmake/cmake)
[1.447s] -- Found rmw_fastrtps_cpp: 6.2.7 (/opt/ros/humble/share/rmw_fastrtps_cpp/cmake)
[1.595s] -- Found OpenSSL: /usr/lib/x86_64-linux-gnu/libcrypto.so (found version "3.0.2")  
[1.637s] -- Found FastRTPS: /opt/ros/humble/include  
[1.700s] -- Using RMW implementation 'rmw_fastrtps_cpp' as default
[1.724s] -- Looking for pthread.h
[1.799s] -- Looking for pthread.h - found
[1.800s] -- Performing Test CMAKE_HAVE_LIBC_PTHREAD
[1.920s] -- Performing Test CMAKE_HAVE_LIBC_PTHREAD - Success
[1.922s] -- Found Threads: TRUE  
[2.015s] -- Found as2_core: 1.1.2 (/mission_planning_ws/src/install/as2_core/share/as2_core/cmake)
[2.240s] -- Found eigen3_cmake_module: 0.1.1 (/opt/ros/humble/share/eigen3_cmake_module/cmake)
[2.241s] -- Found Eigen3: TRUE (found version "3.4.0") 
[2.241s] -- Ensuring Eigen3 include directory is part of orocos-kdl CMake target
[2.554s] -- Found as2_gazebo_assets: 1.1.2 (/mission_planning_ws/src/install/as2_gazebo_assets/share/as2_gazebo_assets/cmake)
[2.571s] -- Found ament_lint_auto: 0.12.11 (/opt/ros/humble/share/ament_lint_auto/cmake)
[2.777s] -- Found gtest sources under '/opt/ros/humble/src/gtest_vendor': C++ tests using 'Google Test' will be built
[2.791s] -- Added test 'copyright' to check source files copyright and LICENSE
[2.796s] -- Added test 'cppcheck' to perform static code analysis on C / C++ code
[2.796s] -- Configured cppcheck include dirs: /mission_planning_ws/src/aerostack2/as2_aerial_platforms/as2_platform_gazebo/include;/mission_planning_ws/src/aerostack2/as2_aerial_platforms/as2_platform_gazebo/include/as2_platform_gazebo
[2.796s] -- Configured cppcheck exclude dirs and/or files: 
[2.799s] -- Added test 'cpplint' to check C / C++ code against the Google style
[2.799s] -- Configured cpplint exclude dirs and/or files: 
[2.801s] -- Added test 'flake8' to check Python code syntax and style conventions
[2.802s] -- Added test 'lint_cmake' to check CMake code style
[2.803s] -- Added test 'pep257' to check Python code against some of the docstring style conventions in PEP 257
[2.806s] -- Added test 'uncrustify' to check C / C++ code style
[2.806s] -- Configured uncrustify additional arguments: 
[2.807s] -- Added test 'xmllint' to check XML markup files
[2.810s] -- Configuring done
[2.859s] -- Generating done
[2.876s] -- Build files have been written to: /mission_planning_ws/src/build/as2_platform_gazebo
[2.898s] Invoked command in '/mission_planning_ws/src/build/as2_platform_gazebo' returned '0': AMENT_PREFIX_PATH=/mission_planning_ws/src/install/as2_gazebo_assets:/mission_planning_ws/src/install/as2_core:/mission_planning_ws/src/install/as2_msgs:${AMENT_PREFIX_PATH} CMAKE_PREFIX_PATH=/mission_planning_ws/src/install/as2_gazebo_assets:/mission_planning_ws/src/install/as2_core:/mission_planning_ws/src/install/as2_msgs:/root/project_gazebo_ws/install/aerostack2:/root/project_gazebo_ws/install/as2_usb_camera_interface:/root/project_gazebo_ws/install/as2_state_estimator:/root/project_gazebo_ws/install/as2_rviz_plugins:/root/project_gazebo_ws/install/as2_realsense_interface:/root/project_gazebo_ws/install/as2_platform_multirotor_simulator:/root/project_gazebo_ws/install/as2_platform_gazebo:/root/project_gazebo_ws/install/as2_motion_controller:/root/project_gazebo_ws/install/as2_behaviors_trajectory_generation:/root/project_gazebo_ws/install/as2_behaviors_motion:/root/project_gazebo_ws/install/as2_motion_reference_handlers:/root/project_gazebo_ws/install/as2_map_server:/root/project_gazebo_ws/install/as2_geozones:/root/project_gazebo_ws/install/as2_gazebo_assets:/root/project_gazebo_ws/install/as2_external_object_to_tf:/root/project_gazebo_ws/install/as2_behaviors_platform:/root/project_gazebo_ws/install/as2_behaviors_perception:/root/project_gazebo_ws/install/as2_behaviors_path_planning:/root/project_gazebo_ws/install/as2_behavior_tree:/root/project_gazebo_ws/install/as2_behavior:/root/project_gazebo_ws/install/as2_alphanumeric_viewer:/root/project_gazebo_ws/install/as2_core:/root/project_gazebo_ws/install/as2_msgs:/root/project_gazebo_ws/install/as2_cli:/root/project_gazebo_ws/install/as2_visualization:/root/project_gazebo_ws/install/as2_keyboard_teleoperation:/root/project_gazebo_ws/install/as2_python_api:/opt/ros/humble GZ_SIM_RESOURCE_PATH=/mission_planning_ws/src/install/as2_gazebo_assets/share/as2_ign_gazebo_assets/worlds:/mission_planning_ws/src/install/as2_gazebo_assets/share/as2_ign_gazebo_assets/models:${GZ_SIM_RESOURCE_PATH} GZ_SIM_SYSTEM_PLUGIN_PATH=/mission_planning_ws/src/install/as2_gazebo_assets/lib:${GZ_SIM_SYSTEM_PLUGIN_PATH} GZ_VERSION=@GZ_VERSION@ LD_LIBRARY_PATH=/mission_planning_ws/src/install/as2_gazebo_assets/lib:/mission_planning_ws/src/install/as2_core/lib:/mission_planning_ws/src/install/as2_msgs/lib:${LD_LIBRARY_PATH} PYTHONPATH=/mission_planning_ws/src/install/as2_gazebo_assets/local/lib/python3.10/dist-packages:/mission_planning_ws/src/install/as2_core/local/lib/python3.10/dist-packages:/mission_planning_ws/src/install/as2_msgs/local/lib/python3.10/dist-packages:${PYTHONPATH} /usr/bin/cmake /mission_planning_ws/src/aerostack2/as2_aerial_platforms/as2_platform_gazebo -DCMAKE_INSTALL_PREFIX=/mission_planning_ws/src/install/as2_platform_gazebo
[2.900s] Invoking command in '/mission_planning_ws/src/build/as2_platform_gazebo': AMENT_PREFIX_PATH=/mission_planning_ws/src/install/as2_gazebo_assets:/mission_planning_ws/src/install/as2_core:/mission_planning_ws/src/install/as2_msgs:${AMENT_PREFIX_PATH} CMAKE_PREFIX_PATH=/mission_planning_ws/src/install/as2_gazebo_assets:/mission_planning_ws/src/install/as2_core:/mission_planning_ws/src/install/as2_msgs:/root/project_gazebo_ws/install/aerostack2:/root/project_gazebo_ws/install/as2_usb_camera_interface:/root/project_gazebo_ws/install/as2_state_estimator:/root/project_gazebo_ws/install/as2_rviz_plugins:/root/project_gazebo_ws/install/as2_realsense_interface:/root/project_gazebo_ws/install/as2_platform_multirotor_simulator:/root/project_gazebo_ws/install/as2_platform_gazebo:/root/project_gazebo_ws/install/as2_motion_controller:/root/project_gazebo_ws/install/as2_behaviors_trajectory_generation:/root/project_gazebo_ws/install/as2_behaviors_motion:/root/project_gazebo_ws/install/as2_motion_reference_handlers:/root/project_gazebo_ws/install/as2_map_server:/root/project_gazebo_ws/install/as2_geozones:/root/project_gazebo_ws/install/as2_gazebo_assets:/root/project_gazebo_ws/install/as2_external_object_to_tf:/root/project_gazebo_ws/install/as2_behaviors_platform:/root/project_gazebo_ws/install/as2_behaviors_perception:/root/project_gazebo_ws/install/as2_behaviors_path_planning:/root/project_gazebo_ws/install/as2_behavior_tree:/root/project_gazebo_ws/install/as2_behavior:/root/project_gazebo_ws/install/as2_alphanumeric_viewer:/root/project_gazebo_ws/install/as2_core:/root/project_gazebo_ws/install/as2_msgs:/root/project_gazebo_ws/install/as2_cli:/root/project_gazebo_ws/install/as2_visualization:/root/project_gazebo_ws/install/as2_keyboard_teleoperation:/root/project_gazebo_ws/install/as2_python_api:/opt/ros/humble GZ_SIM_RESOURCE_PATH=/mission_planning_ws/src/install/as2_gazebo_assets/share/as2_ign_gazebo_assets/worlds:/mission_planning_ws/src/install/as2_gazebo_assets/share/as2_ign_gazebo_assets/models:${GZ_SIM_RESOURCE_PATH} GZ_SIM_SYSTEM_PLUGIN_PATH=/mission_planning_ws/src/install/as2_gazebo_assets/lib:${GZ_SIM_SYSTEM_PLUGIN_PATH} GZ_VERSION=@GZ_VERSION@ LD_LIBRARY_PATH=/mission_planning_ws/src/install/as2_gazebo_assets/lib:/mission_planning_ws/src/install/as2_core/lib:/mission_planning_ws/src/install/as2_msgs/lib:${LD_LIBRARY_PATH} PYTHONPATH=/mission_planning_ws/src/install/as2_gazebo_assets/local/lib/python3.10/dist-packages:/mission_planning_ws/src/install/as2_core/local/lib/python3.10/dist-packages:/mission_planning_ws/src/install/as2_msgs/local/lib/python3.10/dist-packages:${PYTHONPATH} /usr/bin/cmake --build /mission_planning_ws/src/build/as2_platform_gazebo -- -j22 -l22
[2.984s] [  9%] [32mBuilding CXX object CMakeFiles/as2_platform_gazebo_node.dir/src/as2_platform_gazebo_node.cpp.o[0m
[2.986s] [ 18%] [32mBuilding CXX object gtest/CMakeFiles/gtest.dir/src/gtest-all.cc.o[0m
[2.988s] [ 27%] [32mBuilding CXX object CMakeFiles/as2_platform_gazebo_node.dir/src/as2_platform_gazebo.cpp.o[0m
[2.989s] [ 36%] [32mBuilding CXX object gtest/CMakeFiles/gtest_main.dir/src/gtest_main.cc.o[0m
[2.994s] [ 45%] [32mBuilding CXX object CMakeFiles/as2_platform_gazebo.dir/src/as2_platform_gazebo.cpp.o[0m
[4.413s] [ 54%] [32m[1mLinking CXX static library libgtest_main.a[0m
[4.474s] [ 54%] Built target gtest_main
[16.585s] [ 63%] [32m[1mLinking CXX static library libgtest.a[0m
[16.653s] [ 63%] Built target gtest
[23.261s] [ 72%] [32m[1mLinking CXX static library libas2_platform_gazebo.a[0m
[23.328s] [ 72%] Built target as2_platform_gazebo
[23.360s] [ 81%] [32mBuilding CXX object tests/CMakeFiles/as2_platform_gazebo_as2_platform_gazebo_gtest.dir/as2_platform_gazebo_gtest.cpp.o[0m
[27.591s] [ 90%] [32m[1mLinking CXX executable as2_platform_gazebo_node[0m
[28.045s] [ 90%] Built target as2_platform_gazebo_node
[28.819s] [100%] [32m[1mLinking CXX executable as2_platform_gazebo_as2_platform_gazebo_gtest[0m
[29.253s] [100%] Built target as2_platform_gazebo_as2_platform_gazebo_gtest
[29.266s] Invoked command in '/mission_planning_ws/src/build/as2_platform_gazebo' returned '0': AMENT_PREFIX_PATH=/mission_planning_ws/src/install/as2_gazebo_assets:/mission_planning_ws/src/install/as2_core:/mission_planning_ws/src/install/as2_msgs:${AMENT_PREFIX_PATH} CMAKE_PREFIX_PATH=/mission_planning_ws/src/install/as2_gazebo_assets:/mission_planning_ws/src/install/as2_core:/mission_planning_ws/src/install/as2_msgs:/root/project_gazebo_ws/install/aerostack2:/root/project_gazebo_ws/install/as2_usb_camera_interface:/root/project_gazebo_ws/install/as2_state_estimator:/root/project_gazebo_ws/install/as2_rviz_plugins:/root/project_gazebo_ws/install/as2_realsense_interface:/root/project_gazebo_ws/install/as2_platform_multirotor_simulator:/root/project_gazebo_ws/install/as2_platform_gazebo:/root/project_gazebo_ws/install/as2_motion_controller:/root/project_gazebo_ws/install/as2_behaviors_trajectory_generation:/root/project_gazebo_ws/install/as2_behaviors_motion:/root/project_gazebo_ws/install/as2_motion_reference_handlers:/root/project_gazebo_ws/install/as2_map_server:/root/project_gazebo_ws/install/as2_geozones:/root/project_gazebo_ws/install/as2_gazebo_assets:/root/project_gazebo_ws/install/as2_external_object_to_tf:/root/project_gazebo_ws/install/as2_behaviors_platform:/root/project_gazebo_ws/install/as2_behaviors_perception:/root/project_gazebo_ws/install/as2_behaviors_path_planning:/root/project_gazebo_ws/install/as2_behavior_tree:/root/project_gazebo_ws/install/as2_behavior:/root/project_gazebo_ws/install/as2_alphanumeric_viewer:/root/project_gazebo_ws/install/as2_core:/root/project_gazebo_ws/install/as2_msgs:/root/project_gazebo_ws/install/as2_cli:/root/project_gazebo_ws/install/as2_visualization:/root/project_gazebo_ws/install/as2_keyboard_teleoperation:/root/project_gazebo_ws/install/as2_python_api:/opt/ros/humble GZ_SIM_RESOURCE_PATH=/mission_planning_ws/src/install/as2_gazebo_assets/share/as2_ign_gazebo_assets/worlds:/mission_planning_ws/src/install/as2_gazebo_assets/share/as2_ign_gazebo_assets/models:${GZ_SIM_RESOURCE_PATH} GZ_SIM_SYSTEM_PLUGIN_PATH=/mission_planning_ws/src/install/as2_gazebo_assets/lib:${GZ_SIM_SYSTEM_PLUGIN_PATH} GZ_VERSION=@GZ_VERSION@ LD_LIBRARY_PATH=/mission_planning_ws/src/install/as2_gazebo_assets/lib:/mission_planning_ws/src/install/as2_core/lib:/mission_planning_ws/src/install/as2_msgs/lib:${LD_LIBRARY_PATH} PYTHONPATH=/mission_planning_ws/src/install/as2_gazebo_assets/local/lib/python3.10/dist-packages:/mission_planning_ws/src/install/as2_core/local/lib/python3.10/dist-packages:/mission_planning_ws/src/install/as2_msgs/local/lib/python3.10/dist-packages:${PYTHONPATH} /usr/bin/cmake --build /mission_planning_ws/src/build/as2_platform_gazebo -- -j22 -l22
[29.268s] Invoking command in '/mission_planning_ws/src/build/as2_platform_gazebo': AMENT_PREFIX_PATH=/mission_planning_ws/src/install/as2_gazebo_assets:/mission_planning_ws/src/install/as2_core:/mission_planning_ws/src/install/as2_msgs:${AMENT_PREFIX_PATH} CMAKE_PREFIX_PATH=/mission_planning_ws/src/install/as2_gazebo_assets:/mission_planning_ws/src/install/as2_core:/mission_planning_ws/src/install/as2_msgs:/root/project_gazebo_ws/install/aerostack2:/root/project_gazebo_ws/install/as2_usb_camera_interface:/root/project_gazebo_ws/install/as2_state_estimator:/root/project_gazebo_ws/install/as2_rviz_plugins:/root/project_gazebo_ws/install/as2_realsense_interface:/root/project_gazebo_ws/install/as2_platform_multirotor_simulator:/root/project_gazebo_ws/install/as2_platform_gazebo:/root/project_gazebo_ws/install/as2_motion_controller:/root/project_gazebo_ws/install/as2_behaviors_trajectory_generation:/root/project_gazebo_ws/install/as2_behaviors_motion:/root/project_gazebo_ws/install/as2_motion_reference_handlers:/root/project_gazebo_ws/install/as2_map_server:/root/project_gazebo_ws/install/as2_geozones:/root/project_gazebo_ws/install/as2_gazebo_assets:/root/project_gazebo_ws/install/as2_external_object_to_tf:/root/project_gazebo_ws/install/as2_behaviors_platform:/root/project_gazebo_ws/install/as2_behaviors_perception:/root/project_gazebo_ws/install/as2_behaviors_path_planning:/root/project_gazebo_ws/install/as2_behavior_tree:/root/project_gazebo_ws/install/as2_behavior:/root/project_gazebo_ws/install/as2_alphanumeric_viewer:/root/project_gazebo_ws/install/as2_core:/root/project_gazebo_ws/install/as2_msgs:/root/project_gazebo_ws/install/as2_cli:/root/project_gazebo_ws/install/as2_visualization:/root/project_gazebo_ws/install/as2_keyboard_teleoperation:/root/project_gazebo_ws/install/as2_python_api:/opt/ros/humble GZ_SIM_RESOURCE_PATH=/mission_planning_ws/src/install/as2_gazebo_assets/share/as2_ign_gazebo_assets/worlds:/mission_planning_ws/src/install/as2_gazebo_assets/share/as2_ign_gazebo_assets/models:${GZ_SIM_RESOURCE_PATH} GZ_SIM_SYSTEM_PLUGIN_PATH=/mission_planning_ws/src/install/as2_gazebo_assets/lib:${GZ_SIM_SYSTEM_PLUGIN_PATH} GZ_VERSION=@GZ_VERSION@ LD_LIBRARY_PATH=/mission_planning_ws/src/install/as2_gazebo_assets/lib:/mission_planning_ws/src/install/as2_core/lib:/mission_planning_ws/src/install/as2_msgs/lib:${LD_LIBRARY_PATH} PYTHONPATH=/mission_planning_ws/src/install/as2_gazebo_assets/local/lib/python3.10/dist-packages:/mission_planning_ws/src/install/as2_core/local/lib/python3.10/dist-packages:/mission_planning_ws/src/install/as2_msgs/local/lib/python3.10/dist-packages:${PYTHONPATH} /usr/bin/cmake --install /mission_planning_ws/src/build/as2_platform_gazebo
[29.276s] -- Install configuration: "Release"
[29.276s] -- Installing: /mission_planning_ws/src/install/as2_platform_gazebo/include
[29.276s] -- Installing: /mission_planning_ws/src/install/as2_platform_gazebo/include/as2_platform_gazebo
[29.276s] -- Installing: /mission_planning_ws/src/install/as2_platform_gazebo/include/as2_platform_gazebo/as2_platform_gazebo.hpp
[29.276s] -- Installing: /mission_planning_ws/src/install/as2_platform_gazebo/lib/as2_platform_gazebo/as2_platform_gazebo_node
[29.279s] -- Set runtime path of "/mission_planning_ws/src/install/as2_platform_gazebo/lib/as2_platform_gazebo/as2_platform_gazebo_node" to ""
[29.279s] -- Installing: /mission_planning_ws/src/install/as2_platform_gazebo/lib/libas2_platform_gazebo.a
[29.280s] -- Installing: /mission_planning_ws/src/install/as2_platform_gazebo/share/as2_platform_gazebo/launch
[29.281s] -- Installing: /mission_planning_ws/src/install/as2_platform_gazebo/share/as2_platform_gazebo/launch/platform_gazebo_launch.py
[29.281s] -- Installing: /mission_planning_ws/src/install/as2_platform_gazebo/share/as2_platform_gazebo/config
[29.281s] -- Installing: /mission_planning_ws/src/install/as2_platform_gazebo/share/as2_platform_gazebo/config/control_modes.yaml
[29.282s] -- Installing: /mission_planning_ws/src/install/as2_platform_gazebo/share/as2_platform_gazebo/config/platform_config_file.yaml
[29.282s] -- Installing: /mission_planning_ws/src/install/as2_platform_gazebo/share/as2_platform_gazebo/config/control_modes_acro.yaml
[29.282s] -- Installing: /mission_planning_ws/src/install/as2_platform_gazebo/share/ament_index/resource_index/package_run_dependencies/as2_platform_gazebo
[29.282s] -- Installing: /mission_planning_ws/src/install/as2_platform_gazebo/share/ament_index/resource_index/parent_prefix_path/as2_platform_gazebo
[29.283s] -- Installing: /mission_planning_ws/src/install/as2_platform_gazebo/share/as2_platform_gazebo/environment/ament_prefix_path.sh
[29.283s] -- Installing: /mission_planning_ws/src/install/as2_platform_gazebo/share/as2_platform_gazebo/environment/ament_prefix_path.dsv
[29.283s] -- Installing: /mission_planning_ws/src/install/as2_platform_gazebo/share/as2_platform_gazebo/environment/path.sh
[29.283s] -- Installing: /mission_planning_ws/src/install/as2_platform_gazebo/share/as2_platform_gazebo/environment/path.dsv
[29.283s] -- Installing: /mission_planning_ws/src/install/as2_platform_gazebo/share/as2_platform_gazebo/local_setup.bash
[29.283s] -- Installing: /mission_planning_ws/src/install/as2_platform_gazebo/share/as2_platform_gazebo/local_setup.sh
[29.283s] -- Installing: /mission_planning_ws/src/install/as2_platform_gazebo/share/as2_platform_gazebo/local_setup.zsh
[29.284s] -- Installing: /mission_planning_ws/src/install/as2_platform_gazebo/share/as2_platform_gazebo/local_setup.dsv
[29.284s] -- Installing: /mission_planning_ws/src/install/as2_platform_gazebo/share/as2_platform_gazebo/package.dsv
[29.284s] -- Installing: /mission_planning_ws/src/install/as2_platform_gazebo/share/ament_index/resource_index/packages/as2_platform_gazebo
[29.284s] -- Installing: /mission_planning_ws/src/install/as2_platform_gazebo/share/as2_platform_gazebo/cmake/as2_platform_gazeboConfig.cmake
[29.284s] -- Installing: /mission_planning_ws/src/install/as2_platform_gazebo/share/as2_platform_gazebo/cmake/as2_platform_gazeboConfig-version.cmake
[29.284s] -- Installing: /mission_planning_ws/src/install/as2_platform_gazebo/share/as2_platform_gazebo/package.xml
[29.287s] Invoked command in '/mission_planning_ws/src/build/as2_platform_gazebo' returned '0': AMENT_PREFIX_PATH=/mission_planning_ws/src/install/as2_gazebo_assets:/mission_planning_ws/src/install/as2_core:/mission_planning_ws/src/install/as2_msgs:${AMENT_PREFIX_PATH} CMAKE_PREFIX_PATH=/mission_planning_ws/src/install/as2_gazebo_assets:/mission_planning_ws/src/install/as2_core:/mission_planning_ws/src/install/as2_msgs:/root/project_gazebo_ws/install/aerostack2:/root/project_gazebo_ws/install/as2_usb_camera_interface:/root/project_gazebo_ws/install/as2_state_estimator:/root/project_gazebo_ws/install/as2_rviz_plugins:/root/project_gazebo_ws/install/as2_realsense_interface:/root/project_gazebo_ws/install/as2_platform_multirotor_simulator:/root/project_gazebo_ws/install/as2_platform_gazebo:/root/project_gazebo_ws/install/as2_motion_controller:/root/project_gazebo_ws/install/as2_behaviors_trajectory_generation:/root/project_gazebo_ws/install/as2_behaviors_motion:/root/project_gazebo_ws/install/as2_motion_reference_handlers:/root/project_gazebo_ws/install/as2_map_server:/root/project_gazebo_ws/install/as2_geozones:/root/project_gazebo_ws/install/as2_gazebo_assets:/root/project_gazebo_ws/install/as2_external_object_to_tf:/root/project_gazebo_ws/install/as2_behaviors_platform:/root/project_gazebo_ws/install/as2_behaviors_perception:/root/project_gazebo_ws/install/as2_behaviors_path_planning:/root/project_gazebo_ws/install/as2_behavior_tree:/root/project_gazebo_ws/install/as2_behavior:/root/project_gazebo_ws/install/as2_alphanumeric_viewer:/root/project_gazebo_ws/install/as2_core:/root/project_gazebo_ws/install/as2_msgs:/root/project_gazebo_ws/install/as2_cli:/root/project_gazebo_ws/install/as2_visualization:/root/project_gazebo_ws/install/as2_keyboard_teleoperation:/root/project_gazebo_ws/install/as2_python_api:/opt/ros/humble GZ_SIM_RESOURCE_PATH=/mission_planning_ws/src/install/as2_gazebo_assets/share/as2_ign_gazebo_assets/worlds:/mission_planning_ws/src/install/as2_gazebo_assets/share/as2_ign_gazebo_assets/models:${GZ_SIM_RESOURCE_PATH} GZ_SIM_SYSTEM_PLUGIN_PATH=/mission_planning_ws/src/install/as2_gazebo_assets/lib:${GZ_SIM_SYSTEM_PLUGIN_PATH} GZ_VERSION=@GZ_VERSION@ LD_LIBRARY_PATH=/mission_planning_ws/src/install/as2_gazebo_assets/lib:/mission_planning_ws/src/install/as2_core/lib:/mission_planning_ws/src/install/as2_msgs/lib:${LD_LIBRARY_PATH} PYTHONPATH=/mission_planning_ws/src/install/as2_gazebo_assets/local/lib/python3.10/dist-packages:/mission_planning_ws/src/install/as2_core/local/lib/python3.10/dist-packages:/mission_planning_ws/src/install/as2_msgs/local/lib/python3.10/dist-packages:${PYTHONPATH} /usr/bin/cmake --install /mission_planning_ws/src/build/as2_platform_gazebo
