-- The C compiler identification is GNU 11.4.0
-- The CXX compiler identification is GNU 11.4.0
-- Detecting C compiler ABI info
-- Detecting C compiler ABI info - done
-- Check for working C compiler: /usr/bin/cc - skipped
-- Detecting C compile features
-- Detecting C compile features - done
-- Detecting CXX compiler ABI info
-- Detecting CXX compiler ABI info - done
-- Check for working CXX compiler: /usr/bin/c++ - skipped
-- Detecting CXX compile features
-- Detecting CXX compile features - done
-- Found ament_cmake: 1.3.11 (/opt/ros/humble/share/ament_cmake/cmake)
-- Found Python3: /usr/bin/python3 (found version "3.10.12") found components: Interpreter 
-- Configuring done
-- Generating done
-- Build files have been written to: /mission_planning_ws/src/build/as2_cli
-- Install configuration: ""
-- Installing: /mission_planning_ws/src/install/as2_cli/share/ament_index/resource_index/package_run_dependencies/as2_cli
-- Installing: /mission_planning_ws/src/install/as2_cli/share/ament_index/resource_index/parent_prefix_path/as2_cli
-- Installing: /mission_planning_ws/src/install/as2_cli/share/as2_cli/environment/ament_prefix_path.sh
-- Installing: /mission_planning_ws/src/install/as2_cli/share/as2_cli/environment/ament_prefix_path.dsv
-- Installing: /mission_planning_ws/src/install/as2_cli/share/as2_cli/environment/path.sh
-- Installing: /mission_planning_ws/src/install/as2_cli/share/as2_cli/environment/path.dsv
-- Installing: /mission_planning_ws/src/install/as2_cli/share/as2_cli/local_setup.bash
-- Installing: /mission_planning_ws/src/install/as2_cli/share/as2_cli/local_setup.sh
-- Installing: /mission_planning_ws/src/install/as2_cli/share/as2_cli/local_setup.zsh
-- Installing: /mission_planning_ws/src/install/as2_cli/share/as2_cli/local_setup.dsv
-- Installing: /mission_planning_ws/src/install/as2_cli/share/as2_cli/package.dsv
-- Installing: /mission_planning_ws/src/install/as2_cli/share/ament_index/resource_index/packages/as2_cli
-- Installing: /mission_planning_ws/src/install/as2_cli/share/as2_cli/cmake/as2_cliConfig.cmake
-- Installing: /mission_planning_ws/src/install/as2_cli/share/as2_cli/cmake/as2_cliConfig-version.cmake
-- Installing: /mission_planning_ws/src/install/as2_cli/share/as2_cli/package.xml
