[0.510s] Invoking command in '/mission_planning_ws/src/build/as2_rviz_plugins': AMENT_PREFIX_PATH=/mission_planning_ws/src/install/as2_motion_reference_handlers:/mission_planning_ws/src/install/as2_core:/mission_planning_ws/src/install/as2_msgs:${AMENT_PREFIX_PATH} CMAKE_PREFIX_PATH=/mission_planning_ws/src/install/as2_motion_reference_handlers:/mission_planning_ws/src/install/as2_core:/mission_planning_ws/src/install/as2_msgs:/root/project_gazebo_ws/install/aerostack2:/root/project_gazebo_ws/install/as2_usb_camera_interface:/root/project_gazebo_ws/install/as2_state_estimator:/root/project_gazebo_ws/install/as2_rviz_plugins:/root/project_gazebo_ws/install/as2_realsense_interface:/root/project_gazebo_ws/install/as2_platform_multirotor_simulator:/root/project_gazebo_ws/install/as2_platform_gazebo:/root/project_gazebo_ws/install/as2_motion_controller:/root/project_gazebo_ws/install/as2_behaviors_trajectory_generation:/root/project_gazebo_ws/install/as2_behaviors_motion:/root/project_gazebo_ws/install/as2_motion_reference_handlers:/root/project_gazebo_ws/install/as2_map_server:/root/project_gazebo_ws/install/as2_geozones:/root/project_gazebo_ws/install/as2_gazebo_assets:/root/project_gazebo_ws/install/as2_external_object_to_tf:/root/project_gazebo_ws/install/as2_behaviors_platform:/root/project_gazebo_ws/install/as2_behaviors_perception:/root/project_gazebo_ws/install/as2_behaviors_path_planning:/root/project_gazebo_ws/install/as2_behavior_tree:/root/project_gazebo_ws/install/as2_behavior:/root/project_gazebo_ws/install/as2_alphanumeric_viewer:/root/project_gazebo_ws/install/as2_core:/root/project_gazebo_ws/install/as2_msgs:/root/project_gazebo_ws/install/as2_cli:/root/project_gazebo_ws/install/as2_visualization:/root/project_gazebo_ws/install/as2_keyboard_teleoperation:/root/project_gazebo_ws/install/as2_python_api:/opt/ros/humble LD_LIBRARY_PATH=/mission_planning_ws/src/install/as2_motion_reference_handlers/lib:/mission_planning_ws/src/install/as2_core/lib:/mission_planning_ws/src/install/as2_msgs/lib:${LD_LIBRARY_PATH} PYTHONPATH=/mission_planning_ws/src/install/as2_motion_reference_handlers/local/lib/python3.10/dist-packages:/mission_planning_ws/src/install/as2_core/local/lib/python3.10/dist-packages:/mission_planning_ws/src/install/as2_msgs/local/lib/python3.10/dist-packages:${PYTHONPATH} /usr/bin/cmake /mission_planning_ws/src/aerostack2/as2_user_interfaces/as2_visualization/as2_rviz_plugins -DCMAKE_INSTALL_PREFIX=/mission_planning_ws/src/install/as2_rviz_plugins
[0.638s] -- The C compiler identification is GNU 11.4.0
[0.773s] -- The CXX compiler identification is GNU 11.4.0
[0.784s] -- Detecting C compiler ABI info
[0.934s] -- Detecting C compiler ABI info - done
[0.950s] -- Check for working C compiler: /usr/bin/cc - skipped
[0.950s] -- Detecting C compile features
[0.951s] -- Detecting C compile features - done
[0.959s] -- Detecting CXX compiler ABI info
[1.116s] -- Detecting CXX compiler ABI info - done
[1.130s] -- Check for working CXX compiler: /usr/bin/c++ - skipped
[1.131s] -- Detecting CXX compile features
[1.132s] -- Detecting CXX compile features - done
[1.258s] -- Found ament_cmake: 1.3.11 (/opt/ros/humble/share/ament_cmake/cmake)
[1.661s] -- Found Python3: /usr/bin/python3 (found version "3.10.12") found components: Interpreter 
[2.019s] -- Found ament_cmake_ros: 0.10.0 (/opt/ros/humble/share/ament_cmake_ros/cmake)
[2.082s] -- Found geometry_msgs: 4.2.4 (/opt/ros/humble/share/geometry_msgs/cmake)
[2.328s] -- Found rosidl_generator_c: 3.1.6 (/opt/ros/humble/share/rosidl_generator_c/cmake)
[2.365s] -- Found rosidl_adapter: 3.1.6 (/opt/ros/humble/share/rosidl_adapter/cmake)
[2.389s] -- Found rosidl_generator_cpp: 3.1.6 (/opt/ros/humble/share/rosidl_generator_cpp/cmake)
[2.462s] -- Using all available rosidl_typesupport_c: rosidl_typesupport_fastrtps_c;rosidl_typesupport_introspection_c
[2.538s] -- Using all available rosidl_typesupport_cpp: rosidl_typesupport_fastrtps_cpp;rosidl_typesupport_introspection_cpp
[2.662s] -- Found pluginlib: 5.1.0 (/opt/ros/humble/share/pluginlib/cmake)
[2.816s] -- Found rclcpp: 16.0.11 (/opt/ros/humble/share/rclcpp/cmake)
[2.951s] -- Found rmw_implementation_cmake: 6.1.2 (/opt/ros/humble/share/rmw_implementation_cmake/cmake)
[2.966s] -- Found rmw_fastrtps_cpp: 6.2.7 (/opt/ros/humble/share/rmw_fastrtps_cpp/cmake)
[3.064s] -- Found TinyXML2 via Config file: TinyXML2_DIR-NOTFOUND
[3.188s] -- Found OpenSSL: /usr/lib/x86_64-linux-gnu/libcrypto.so (found version "3.0.2")  
[3.193s] -- Found TinyXML2 via Config file: TinyXML2_DIR-NOTFOUND
[3.224s] -- Found FastRTPS: /opt/ros/humble/include  
[3.230s] -- Found TinyXML2 via Config file: TinyXML2_DIR-NOTFOUND
[3.251s] -- Found TinyXML2 via Config file: TinyXML2_DIR-NOTFOUND
[3.282s] -- Using RMW implementation 'rmw_fastrtps_cpp' as default
[3.327s] -- Looking for pthread.h
[3.469s] -- Looking for pthread.h - found
[3.470s] -- Performing Test CMAKE_HAVE_LIBC_PTHREAD
[3.616s] -- Performing Test CMAKE_HAVE_LIBC_PTHREAD - Success
[3.621s] -- Found Threads: TRUE  
[3.738s] -- Found rclcpp_action: 16.0.11 (/opt/ros/humble/share/rclcpp_action/cmake)
[3.906s] -- Found rviz_common: 11.2.16 (/opt/ros/humble/share/rviz_common/cmake)
[3.946s] -- Setting assimp_DIR to: '/opt/ros/humble/share/rviz_assimp_vendor/cmake/../../../opt/rviz_assimp_vendor/lib/cmake/assimp-4.1'
[3.990s] -- Setting OGRE_DIR to: '/opt/ros/humble/share/rviz_ogre_vendor/cmake/../../../opt/rviz_ogre_vendor/lib/OGRE/cmake'
[3.993s] -- Found OGRE
[3.994s] --   static     : OFF
[3.994s] --   components : HLMS;MeshLodGenerator;Overlay;Paging;Property;RTShaderSystem;Terrain;Volume
[3.994s] --   plugins    : Plugin_BSPSceneManager;Plugin_OctreeSceneManager;Plugin_PCZSceneManager;Plugin_ParticleFX;RenderSystem_GL;RenderSystem_GL3Plus;Codec_STBI
[3.994s] --   media      : /opt/ros/humble/opt/rviz_ogre_vendor/share/OGRE/Media
[3.994s] -- OGRE_LIBRARIES: OgreHLMS;OgreMeshLodGenerator;OgreOverlay;OgrePaging;OgreProperty;OgreRTShaderSystem;OgreTerrain;OgreVolume;OgreMain
[3.994s] -- OGRE_LIBRARY_DIRS: /opt/ros/humble/opt/rviz_ogre_vendor/lib
[3.994s] -- OGRE_PLUGINS: Plugin_BSPSceneManager;Plugin_OctreeSceneManager;Plugin_PCZSceneManager;Plugin_ParticleFX;RenderSystem_GL;RenderSystem_GL3Plus;Codec_STBI
[3.994s] -- OGRE_PLUGIN_DIR: /opt/ros/humble/opt/rviz_ogre_vendor/lib/OGRE
[3.995s] -- rviz_ogre_vendor::OgreOverlay for IMPORTED_LOCATION_RELEASE: /opt/ros/humble/opt/rviz_ogre_vendor/lib/libOgreOverlay.so
[3.995s] -- rviz_ogre_vendor::OgreOverlay for IMPORTED_LOCATION_DEBUG: /opt/ros/humble/opt/rviz_ogre_vendor/lib/libOgreOverlay.so
[3.995s] -- rviz_ogre_vendor::OgreMain for IMPORTED_LOCATION_RELEASE: /opt/ros/humble/opt/rviz_ogre_vendor/lib/libOgreMain.so
[3.995s] -- rviz_ogre_vendor::OgreMain for IMPORTED_LOCATION_DEBUG: /opt/ros/humble/opt/rviz_ogre_vendor/lib/libOgreMain.so
[3.997s] -- Could not find freeimage library
[4.039s] -- Found ZLIB: /usr/lib/x86_64-linux-gnu/libz.so (found version "1.2.11") 
[4.060s] -- Found OpenGL: /usr/lib/x86_64-linux-gnu/libOpenGL.so   
[4.285s] -- Found X11: /usr/include   
[4.286s] -- Looking for XOpenDisplay in /usr/lib/x86_64-linux-gnu/libX11.so;/usr/lib/x86_64-linux-gnu/libXext.so
[4.416s] -- Looking for XOpenDisplay in /usr/lib/x86_64-linux-gnu/libX11.so;/usr/lib/x86_64-linux-gnu/libXext.so - found
[4.417s] -- Looking for gethostbyname
[4.532s] -- Looking for gethostbyname - found
[4.532s] -- Looking for connect
[4.666s] -- Looking for connect - found
[4.666s] -- Looking for remove
[4.776s] -- Looking for remove - found
[4.776s] -- Looking for shmat
[4.915s] -- Looking for shmat - found
[4.915s] -- Looking for IceConnectionNumber in ICE
[5.041s] -- Looking for IceConnectionNumber in ICE - found
[5.305s] -- library: /usr/lib/x86_64-linux-gnu/libcurl.so
[5.412s] -- Found Eigen3: TRUE (found version "3.4.0") 
[5.412s] -- Ensuring Eigen3 include directory is part of orocos-kdl CMake target
[5.680s] -- Found as2_core: 1.1.2 (/mission_planning_ws/src/install/as2_core/share/as2_core/cmake)
[6.014s] -- Found as2_motion_reference_handlers: 1.1.2 (/mission_planning_ws/src/install/as2_motion_reference_handlers/share/as2_motion_reference_handlers/cmake)
[6.113s] -- Found ament_lint_auto: 0.12.11 (/opt/ros/humble/share/ament_lint_auto/cmake)
[6.429s] -- Added test 'copyright' to check source files copyright and LICENSE
[6.433s] -- Added test 'cppcheck' to perform static code analysis on C / C++ code
[6.433s] -- Configured cppcheck include dirs: 
[6.433s] -- Configured cppcheck exclude dirs and/or files: 
[6.440s] -- Added test 'cpplint' to check C / C++ code against the Google style
[6.441s] -- Configured cpplint exclude dirs and/or files: 
[6.441s] -- Added test 'lint_cmake' to check CMake code style
[6.444s] -- Added test 'uncrustify' to check C / C++ code style
[6.444s] -- Configured uncrustify additional arguments: 
[6.446s] -- Added test 'xmllint' to check XML markup files
[6.451s] -- Configuring done
[6.551s] -- Generating done
[6.565s] -- Build files have been written to: /mission_planning_ws/src/build/as2_rviz_plugins
[6.596s] Invoked command in '/mission_planning_ws/src/build/as2_rviz_plugins' returned '0': AMENT_PREFIX_PATH=/mission_planning_ws/src/install/as2_motion_reference_handlers:/mission_planning_ws/src/install/as2_core:/mission_planning_ws/src/install/as2_msgs:${AMENT_PREFIX_PATH} CMAKE_PREFIX_PATH=/mission_planning_ws/src/install/as2_motion_reference_handlers:/mission_planning_ws/src/install/as2_core:/mission_planning_ws/src/install/as2_msgs:/root/project_gazebo_ws/install/aerostack2:/root/project_gazebo_ws/install/as2_usb_camera_interface:/root/project_gazebo_ws/install/as2_state_estimator:/root/project_gazebo_ws/install/as2_rviz_plugins:/root/project_gazebo_ws/install/as2_realsense_interface:/root/project_gazebo_ws/install/as2_platform_multirotor_simulator:/root/project_gazebo_ws/install/as2_platform_gazebo:/root/project_gazebo_ws/install/as2_motion_controller:/root/project_gazebo_ws/install/as2_behaviors_trajectory_generation:/root/project_gazebo_ws/install/as2_behaviors_motion:/root/project_gazebo_ws/install/as2_motion_reference_handlers:/root/project_gazebo_ws/install/as2_map_server:/root/project_gazebo_ws/install/as2_geozones:/root/project_gazebo_ws/install/as2_gazebo_assets:/root/project_gazebo_ws/install/as2_external_object_to_tf:/root/project_gazebo_ws/install/as2_behaviors_platform:/root/project_gazebo_ws/install/as2_behaviors_perception:/root/project_gazebo_ws/install/as2_behaviors_path_planning:/root/project_gazebo_ws/install/as2_behavior_tree:/root/project_gazebo_ws/install/as2_behavior:/root/project_gazebo_ws/install/as2_alphanumeric_viewer:/root/project_gazebo_ws/install/as2_core:/root/project_gazebo_ws/install/as2_msgs:/root/project_gazebo_ws/install/as2_cli:/root/project_gazebo_ws/install/as2_visualization:/root/project_gazebo_ws/install/as2_keyboard_teleoperation:/root/project_gazebo_ws/install/as2_python_api:/opt/ros/humble LD_LIBRARY_PATH=/mission_planning_ws/src/install/as2_motion_reference_handlers/lib:/mission_planning_ws/src/install/as2_core/lib:/mission_planning_ws/src/install/as2_msgs/lib:${LD_LIBRARY_PATH} PYTHONPATH=/mission_planning_ws/src/install/as2_motion_reference_handlers/local/lib/python3.10/dist-packages:/mission_planning_ws/src/install/as2_core/local/lib/python3.10/dist-packages:/mission_planning_ws/src/install/as2_msgs/local/lib/python3.10/dist-packages:${PYTHONPATH} /usr/bin/cmake /mission_planning_ws/src/aerostack2/as2_user_interfaces/as2_visualization/as2_rviz_plugins -DCMAKE_INSTALL_PREFIX=/mission_planning_ws/src/install/as2_rviz_plugins
[6.601s] Invoking command in '/mission_planning_ws/src/build/as2_rviz_plugins': AMENT_PREFIX_PATH=/mission_planning_ws/src/install/as2_motion_reference_handlers:/mission_planning_ws/src/install/as2_core:/mission_planning_ws/src/install/as2_msgs:${AMENT_PREFIX_PATH} CMAKE_PREFIX_PATH=/mission_planning_ws/src/install/as2_motion_reference_handlers:/mission_planning_ws/src/install/as2_core:/mission_planning_ws/src/install/as2_msgs:/root/project_gazebo_ws/install/aerostack2:/root/project_gazebo_ws/install/as2_usb_camera_interface:/root/project_gazebo_ws/install/as2_state_estimator:/root/project_gazebo_ws/install/as2_rviz_plugins:/root/project_gazebo_ws/install/as2_realsense_interface:/root/project_gazebo_ws/install/as2_platform_multirotor_simulator:/root/project_gazebo_ws/install/as2_platform_gazebo:/root/project_gazebo_ws/install/as2_motion_controller:/root/project_gazebo_ws/install/as2_behaviors_trajectory_generation:/root/project_gazebo_ws/install/as2_behaviors_motion:/root/project_gazebo_ws/install/as2_motion_reference_handlers:/root/project_gazebo_ws/install/as2_map_server:/root/project_gazebo_ws/install/as2_geozones:/root/project_gazebo_ws/install/as2_gazebo_assets:/root/project_gazebo_ws/install/as2_external_object_to_tf:/root/project_gazebo_ws/install/as2_behaviors_platform:/root/project_gazebo_ws/install/as2_behaviors_perception:/root/project_gazebo_ws/install/as2_behaviors_path_planning:/root/project_gazebo_ws/install/as2_behavior_tree:/root/project_gazebo_ws/install/as2_behavior:/root/project_gazebo_ws/install/as2_alphanumeric_viewer:/root/project_gazebo_ws/install/as2_core:/root/project_gazebo_ws/install/as2_msgs:/root/project_gazebo_ws/install/as2_cli:/root/project_gazebo_ws/install/as2_visualization:/root/project_gazebo_ws/install/as2_keyboard_teleoperation:/root/project_gazebo_ws/install/as2_python_api:/opt/ros/humble LD_LIBRARY_PATH=/mission_planning_ws/src/install/as2_motion_reference_handlers/lib:/mission_planning_ws/src/install/as2_core/lib:/mission_planning_ws/src/install/as2_msgs/lib:${LD_LIBRARY_PATH} PYTHONPATH=/mission_planning_ws/src/install/as2_motion_reference_handlers/local/lib/python3.10/dist-packages:/mission_planning_ws/src/install/as2_core/local/lib/python3.10/dist-packages:/mission_planning_ws/src/install/as2_msgs/local/lib/python3.10/dist-packages:${PYTHONPATH} /usr/bin/cmake --build /mission_planning_ws/src/build/as2_rviz_plugins -- -j22 -l22
[9.241s] [ 25%] [34m[1mAutomatic MOC for target as2_rviz_plugins[0m
[9.241s] [ 25%] Built target as2_rviz_plugins_autogen
[9.241s] [ 50%] [32mBuilding CXX object CMakeFiles/as2_rviz_plugins.dir/as2_rviz_plugins_autogen/mocs_compilation.cpp.o[0m
[13.085s] [ 75%] [32mBuilding CXX object CMakeFiles/as2_rviz_plugins.dir/src/teleop_panel.cpp.o[0m
[24.312s] [100%] [32m[1mLinking CXX shared library libas2_rviz_plugins.so[0m
[26.442s] [100%] Built target as2_rviz_plugins
[26.456s] Invoked command in '/mission_planning_ws/src/build/as2_rviz_plugins' returned '0': AMENT_PREFIX_PATH=/mission_planning_ws/src/install/as2_motion_reference_handlers:/mission_planning_ws/src/install/as2_core:/mission_planning_ws/src/install/as2_msgs:${AMENT_PREFIX_PATH} CMAKE_PREFIX_PATH=/mission_planning_ws/src/install/as2_motion_reference_handlers:/mission_planning_ws/src/install/as2_core:/mission_planning_ws/src/install/as2_msgs:/root/project_gazebo_ws/install/aerostack2:/root/project_gazebo_ws/install/as2_usb_camera_interface:/root/project_gazebo_ws/install/as2_state_estimator:/root/project_gazebo_ws/install/as2_rviz_plugins:/root/project_gazebo_ws/install/as2_realsense_interface:/root/project_gazebo_ws/install/as2_platform_multirotor_simulator:/root/project_gazebo_ws/install/as2_platform_gazebo:/root/project_gazebo_ws/install/as2_motion_controller:/root/project_gazebo_ws/install/as2_behaviors_trajectory_generation:/root/project_gazebo_ws/install/as2_behaviors_motion:/root/project_gazebo_ws/install/as2_motion_reference_handlers:/root/project_gazebo_ws/install/as2_map_server:/root/project_gazebo_ws/install/as2_geozones:/root/project_gazebo_ws/install/as2_gazebo_assets:/root/project_gazebo_ws/install/as2_external_object_to_tf:/root/project_gazebo_ws/install/as2_behaviors_platform:/root/project_gazebo_ws/install/as2_behaviors_perception:/root/project_gazebo_ws/install/as2_behaviors_path_planning:/root/project_gazebo_ws/install/as2_behavior_tree:/root/project_gazebo_ws/install/as2_behavior:/root/project_gazebo_ws/install/as2_alphanumeric_viewer:/root/project_gazebo_ws/install/as2_core:/root/project_gazebo_ws/install/as2_msgs:/root/project_gazebo_ws/install/as2_cli:/root/project_gazebo_ws/install/as2_visualization:/root/project_gazebo_ws/install/as2_keyboard_teleoperation:/root/project_gazebo_ws/install/as2_python_api:/opt/ros/humble LD_LIBRARY_PATH=/mission_planning_ws/src/install/as2_motion_reference_handlers/lib:/mission_planning_ws/src/install/as2_core/lib:/mission_planning_ws/src/install/as2_msgs/lib:${LD_LIBRARY_PATH} PYTHONPATH=/mission_planning_ws/src/install/as2_motion_reference_handlers/local/lib/python3.10/dist-packages:/mission_planning_ws/src/install/as2_core/local/lib/python3.10/dist-packages:/mission_planning_ws/src/install/as2_msgs/local/lib/python3.10/dist-packages:${PYTHONPATH} /usr/bin/cmake --build /mission_planning_ws/src/build/as2_rviz_plugins -- -j22 -l22
[26.458s] Invoking command in '/mission_planning_ws/src/build/as2_rviz_plugins': AMENT_PREFIX_PATH=/mission_planning_ws/src/install/as2_motion_reference_handlers:/mission_planning_ws/src/install/as2_core:/mission_planning_ws/src/install/as2_msgs:${AMENT_PREFIX_PATH} CMAKE_PREFIX_PATH=/mission_planning_ws/src/install/as2_motion_reference_handlers:/mission_planning_ws/src/install/as2_core:/mission_planning_ws/src/install/as2_msgs:/root/project_gazebo_ws/install/aerostack2:/root/project_gazebo_ws/install/as2_usb_camera_interface:/root/project_gazebo_ws/install/as2_state_estimator:/root/project_gazebo_ws/install/as2_rviz_plugins:/root/project_gazebo_ws/install/as2_realsense_interface:/root/project_gazebo_ws/install/as2_platform_multirotor_simulator:/root/project_gazebo_ws/install/as2_platform_gazebo:/root/project_gazebo_ws/install/as2_motion_controller:/root/project_gazebo_ws/install/as2_behaviors_trajectory_generation:/root/project_gazebo_ws/install/as2_behaviors_motion:/root/project_gazebo_ws/install/as2_motion_reference_handlers:/root/project_gazebo_ws/install/as2_map_server:/root/project_gazebo_ws/install/as2_geozones:/root/project_gazebo_ws/install/as2_gazebo_assets:/root/project_gazebo_ws/install/as2_external_object_to_tf:/root/project_gazebo_ws/install/as2_behaviors_platform:/root/project_gazebo_ws/install/as2_behaviors_perception:/root/project_gazebo_ws/install/as2_behaviors_path_planning:/root/project_gazebo_ws/install/as2_behavior_tree:/root/project_gazebo_ws/install/as2_behavior:/root/project_gazebo_ws/install/as2_alphanumeric_viewer:/root/project_gazebo_ws/install/as2_core:/root/project_gazebo_ws/install/as2_msgs:/root/project_gazebo_ws/install/as2_cli:/root/project_gazebo_ws/install/as2_visualization:/root/project_gazebo_ws/install/as2_keyboard_teleoperation:/root/project_gazebo_ws/install/as2_python_api:/opt/ros/humble LD_LIBRARY_PATH=/mission_planning_ws/src/install/as2_motion_reference_handlers/lib:/mission_planning_ws/src/install/as2_core/lib:/mission_planning_ws/src/install/as2_msgs/lib:${LD_LIBRARY_PATH} PYTHONPATH=/mission_planning_ws/src/install/as2_motion_reference_handlers/local/lib/python3.10/dist-packages:/mission_planning_ws/src/install/as2_core/local/lib/python3.10/dist-packages:/mission_planning_ws/src/install/as2_msgs/local/lib/python3.10/dist-packages:${PYTHONPATH} /usr/bin/cmake --install /mission_planning_ws/src/build/as2_rviz_plugins
[26.469s] -- Install configuration: ""
[26.470s] -- Installing: /mission_planning_ws/src/install/as2_rviz_plugins/share/as2_rviz_plugins/plugin_description.xml
[26.470s] -- Installing: /mission_planning_ws/src/install/as2_rviz_plugins/lib/as2_rviz_plugins/libas2_rviz_plugins.so
[26.475s] -- Set runtime path of "/mission_planning_ws/src/install/as2_rviz_plugins/lib/as2_rviz_plugins/libas2_rviz_plugins.so" to ""
[26.475s] -- Installing: /mission_planning_ws/src/install/as2_rviz_plugins/share/as2_rviz_plugins/icons
[26.475s] -- Installing: /mission_planning_ws/src/install/as2_rviz_plugins/share/as2_rviz_plugins/icons/classes
[26.475s] -- Installing: /mission_planning_ws/src/install/as2_rviz_plugins/share/as2_rviz_plugins/icons/classes/Teleop.png
[26.476s] -- Installing: /mission_planning_ws/src/install/as2_rviz_plugins/share/as2_rviz_plugins/icons/classes/PlantFlag.png
[26.476s] -- Installing: /mission_planning_ws/src/install/as2_rviz_plugins/share/as2_rviz_plugins/icons/classes/Imu.png
[26.476s] -- Installing: /mission_planning_ws/src/install/as2_rviz_plugins/share/ament_index/resource_index/package_run_dependencies/as2_rviz_plugins
[26.477s] -- Installing: /mission_planning_ws/src/install/as2_rviz_plugins/share/ament_index/resource_index/parent_prefix_path/as2_rviz_plugins
[26.477s] -- Installing: /mission_planning_ws/src/install/as2_rviz_plugins/share/as2_rviz_plugins/environment/ament_prefix_path.sh
[26.477s] -- Installing: /mission_planning_ws/src/install/as2_rviz_plugins/share/as2_rviz_plugins/environment/ament_prefix_path.dsv
[26.477s] -- Installing: /mission_planning_ws/src/install/as2_rviz_plugins/share/as2_rviz_plugins/environment/path.sh
[26.477s] -- Installing: /mission_planning_ws/src/install/as2_rviz_plugins/share/as2_rviz_plugins/environment/path.dsv
[26.477s] -- Installing: /mission_planning_ws/src/install/as2_rviz_plugins/share/as2_rviz_plugins/local_setup.bash
[26.478s] -- Installing: /mission_planning_ws/src/install/as2_rviz_plugins/share/as2_rviz_plugins/local_setup.sh
[26.478s] -- Installing: /mission_planning_ws/src/install/as2_rviz_plugins/share/as2_rviz_plugins/local_setup.zsh
[26.478s] -- Installing: /mission_planning_ws/src/install/as2_rviz_plugins/share/as2_rviz_plugins/local_setup.dsv
[26.478s] -- Installing: /mission_planning_ws/src/install/as2_rviz_plugins/share/as2_rviz_plugins/package.dsv
[26.478s] -- Installing: /mission_planning_ws/src/install/as2_rviz_plugins/share/ament_index/resource_index/packages/as2_rviz_plugins
[26.478s] -- Installing: /mission_planning_ws/src/install/as2_rviz_plugins/share/ament_index/resource_index/rviz_common__pluginlib__plugin/as2_rviz_plugins
[26.479s] -- Installing: /mission_planning_ws/src/install/as2_rviz_plugins/share/as2_rviz_plugins/cmake/ament_cmake_export_dependencies-extras.cmake
[26.479s] -- Installing: /mission_planning_ws/src/install/as2_rviz_plugins/share/as2_rviz_plugins/cmake/as2_rviz_pluginsConfig.cmake
[26.479s] -- Installing: /mission_planning_ws/src/install/as2_rviz_plugins/share/as2_rviz_plugins/cmake/as2_rviz_pluginsConfig-version.cmake
[26.479s] -- Installing: /mission_planning_ws/src/install/as2_rviz_plugins/share/as2_rviz_plugins/package.xml
[26.482s] Invoked command in '/mission_planning_ws/src/build/as2_rviz_plugins' returned '0': AMENT_PREFIX_PATH=/mission_planning_ws/src/install/as2_motion_reference_handlers:/mission_planning_ws/src/install/as2_core:/mission_planning_ws/src/install/as2_msgs:${AMENT_PREFIX_PATH} CMAKE_PREFIX_PATH=/mission_planning_ws/src/install/as2_motion_reference_handlers:/mission_planning_ws/src/install/as2_core:/mission_planning_ws/src/install/as2_msgs:/root/project_gazebo_ws/install/aerostack2:/root/project_gazebo_ws/install/as2_usb_camera_interface:/root/project_gazebo_ws/install/as2_state_estimator:/root/project_gazebo_ws/install/as2_rviz_plugins:/root/project_gazebo_ws/install/as2_realsense_interface:/root/project_gazebo_ws/install/as2_platform_multirotor_simulator:/root/project_gazebo_ws/install/as2_platform_gazebo:/root/project_gazebo_ws/install/as2_motion_controller:/root/project_gazebo_ws/install/as2_behaviors_trajectory_generation:/root/project_gazebo_ws/install/as2_behaviors_motion:/root/project_gazebo_ws/install/as2_motion_reference_handlers:/root/project_gazebo_ws/install/as2_map_server:/root/project_gazebo_ws/install/as2_geozones:/root/project_gazebo_ws/install/as2_gazebo_assets:/root/project_gazebo_ws/install/as2_external_object_to_tf:/root/project_gazebo_ws/install/as2_behaviors_platform:/root/project_gazebo_ws/install/as2_behaviors_perception:/root/project_gazebo_ws/install/as2_behaviors_path_planning:/root/project_gazebo_ws/install/as2_behavior_tree:/root/project_gazebo_ws/install/as2_behavior:/root/project_gazebo_ws/install/as2_alphanumeric_viewer:/root/project_gazebo_ws/install/as2_core:/root/project_gazebo_ws/install/as2_msgs:/root/project_gazebo_ws/install/as2_cli:/root/project_gazebo_ws/install/as2_visualization:/root/project_gazebo_ws/install/as2_keyboard_teleoperation:/root/project_gazebo_ws/install/as2_python_api:/opt/ros/humble LD_LIBRARY_PATH=/mission_planning_ws/src/install/as2_motion_reference_handlers/lib:/mission_planning_ws/src/install/as2_core/lib:/mission_planning_ws/src/install/as2_msgs/lib:${LD_LIBRARY_PATH} PYTHONPATH=/mission_planning_ws/src/install/as2_motion_reference_handlers/local/lib/python3.10/dist-packages:/mission_planning_ws/src/install/as2_core/local/lib/python3.10/dist-packages:/mission_planning_ws/src/install/as2_msgs/local/lib/python3.10/dist-packages:${PYTHONPATH} /usr/bin/cmake --install /mission_planning_ws/src/build/as2_rviz_plugins
