[0.011s] Invoking command in '/mission_planning_ws/build/as2_core': CMAKE_PREFIX_PATH=/mission_planning_ws/install/as2_msgs:/mission_planning_ws/install/aerostack2:/mission_planning_ws/install/as2_state_estimator:/mission_planning_ws/install/as2_external_object_to_tf:/mission_planning_ws/install/mocap4r2_msgs:/mission_planning_ws/install/as2_usb_camera_interface:/mission_planning_ws/install/as2_rviz_plugins:/mission_planning_ws/install/as2_realsense_interface:/mission_planning_ws/install/as2_platform_multirotor_simulator:/mission_planning_ws/install/as2_platform_gazebo:/mission_planning_ws/install/as2_platform_crazyflie:/mission_planning_ws/install/as2_motion_controller:/mission_planning_ws/install/as2_behaviors_trajectory_generation:/mission_planning_ws/install/as2_behaviors_motion:/mission_planning_ws/install/as2_motion_reference_handlers:/mission_planning_ws/install/as2_map_server:/mission_planning_ws/install/as2_geozones:/mission_planning_ws/install/as2_gazebo_assets:/mission_planning_ws/install/as2_behaviors_platform:/mission_planning_ws/install/as2_behaviors_perception:/mission_planning_ws/install/as2_behaviors_path_planning:/mission_planning_ws/install/as2_behavior_tree:/mission_planning_ws/install/as2_behavior:/mission_planning_ws/install/as2_alphanumeric_viewer:/mission_planning_ws/install/as2_core:/mission_planning_ws/install/as2_cli:/root/project_gazebo_ws/install/aerostack2:/root/project_gazebo_ws/install/as2_usb_camera_interface:/root/project_gazebo_ws/install/as2_state_estimator:/root/project_gazebo_ws/install/as2_rviz_plugins:/root/project_gazebo_ws/install/as2_realsense_interface:/root/project_gazebo_ws/install/as2_platform_multirotor_simulator:/root/project_gazebo_ws/install/as2_platform_gazebo:/root/project_gazebo_ws/install/as2_motion_controller:/root/project_gazebo_ws/install/as2_behaviors_trajectory_generation:/root/project_gazebo_ws/install/as2_behaviors_motion:/root/project_gazebo_ws/install/as2_motion_reference_handlers:/root/project_gazebo_ws/install/as2_map_server:/root/project_gazebo_ws/install/as2_geozones:/root/project_gazebo_ws/install/as2_gazebo_assets:/root/project_gazebo_ws/install/as2_external_object_to_tf:/root/project_gazebo_ws/install/as2_behaviors_platform:/root/project_gazebo_ws/install/as2_behaviors_perception:/root/project_gazebo_ws/install/as2_behaviors_path_planning:/root/project_gazebo_ws/install/as2_behavior_tree:/root/project_gazebo_ws/install/as2_behavior:/root/project_gazebo_ws/install/as2_alphanumeric_viewer:/root/project_gazebo_ws/install/as2_core:/root/project_gazebo_ws/install/as2_msgs:/root/project_gazebo_ws/install/as2_cli:/mission_planning_ws/install/as2_visualization:/mission_planning_ws/install/as2_keyboard_teleoperation:/mission_planning_ws/install/as2_python_api:/root/project_gazebo_ws/install/as2_visualization:/root/project_gazebo_ws/install/as2_keyboard_teleoperation:/root/project_gazebo_ws/install/as2_python_api:/opt/ros/humble LD_LIBRARY_PATH=/mission_planning_ws/install/as2_msgs/lib:/mission_planning_ws/install/as2_state_estimator/lib:/mission_planning_ws/install/mocap4r2_msgs/lib:/mission_planning_ws/install/as2_python_api/lib:/mission_planning_ws/install/as2_motion_controller/lib:/mission_planning_ws/install/as2_behaviors_trajectory_generation/lib:/mission_planning_ws/install/as2_behaviors_motion/lib:/mission_planning_ws/install/as2_motion_reference_handlers/lib:/mission_planning_ws/install/as2_map_server/lib:/mission_planning_ws/install/as2_gazebo_assets/lib:/mission_planning_ws/install/as2_behaviors_perception/lib:/mission_planning_ws/install/as2_behaviors_path_planning/lib:/mission_planning_ws/install/as2_behavior_tree/lib:/mission_planning_ws/install/as2_behavior/lib:/mission_planning_ws/install/as2_core/lib:/root/project_gazebo_ws/install/as2_state_estimator/lib:/root/project_gazebo_ws/install/as2_python_api/lib:/root/project_gazebo_ws/install/as2_motion_controller/lib:/root/project_gazebo_ws/install/as2_behaviors_trajectory_generation/lib:/root/project_gazebo_ws/install/as2_behaviors_motion/lib:/root/project_gazebo_ws/install/as2_motion_reference_handlers/lib:/root/project_gazebo_ws/install/as2_map_server/lib:/root/project_gazebo_ws/install/as2_gazebo_assets/lib:/root/project_gazebo_ws/install/as2_behaviors_perception/lib:/root/project_gazebo_ws/install/as2_behaviors_path_planning/lib:/root/project_gazebo_ws/install/as2_behavior_tree/lib:/root/project_gazebo_ws/install/as2_behavior/lib:/root/project_gazebo_ws/install/as2_core/lib:/root/project_gazebo_ws/install/as2_msgs/lib:/opt/ros/humble/opt/rviz_ogre_vendor/lib:/opt/ros/humble/lib/x86_64-linux-gnu:/opt/ros/humble/lib /usr/bin/cmake --build /mission_planning_ws/build/as2_core -- -j22 -l22
[0.057s] [  6%] Built target gtest_main
[0.058s] [ 12%] Built target gtest
[0.064s] [ 12%] Built target ament_cmake_python_copy_as2_core
[0.064s] [ 19%] Built target as2_names
[0.068s] [ 29%] Built target mocks
[0.072s] [ 67%] Built target as2_core
[0.099s] [ 77%] Built target tf_utils_gtest
[0.099s] [ 80%] Built target frame_test
[0.099s] [ 87%] Built target platform_state_machine_test
[0.100s] [ 93%] Built target tf2_namespace_test
[0.100s] [100%] Built target sensor_test
[0.218s] running egg_info
[0.218s] writing as2_core.egg-info/PKG-INFO
[0.218s] writing dependency_links to as2_core.egg-info/dependency_links.txt
[0.218s] writing top-level names to as2_core.egg-info/top_level.txt
[0.219s] reading manifest file 'as2_core.egg-info/SOURCES.txt'
[0.220s] writing manifest file 'as2_core.egg-info/SOURCES.txt'
[0.239s] [100%] Built target ament_cmake_python_build_as2_core_egg
[0.252s] Invoked command in '/mission_planning_ws/build/as2_core' returned '0': CMAKE_PREFIX_PATH=/mission_planning_ws/install/as2_msgs:/mission_planning_ws/install/aerostack2:/mission_planning_ws/install/as2_state_estimator:/mission_planning_ws/install/as2_external_object_to_tf:/mission_planning_ws/install/mocap4r2_msgs:/mission_planning_ws/install/as2_usb_camera_interface:/mission_planning_ws/install/as2_rviz_plugins:/mission_planning_ws/install/as2_realsense_interface:/mission_planning_ws/install/as2_platform_multirotor_simulator:/mission_planning_ws/install/as2_platform_gazebo:/mission_planning_ws/install/as2_platform_crazyflie:/mission_planning_ws/install/as2_motion_controller:/mission_planning_ws/install/as2_behaviors_trajectory_generation:/mission_planning_ws/install/as2_behaviors_motion:/mission_planning_ws/install/as2_motion_reference_handlers:/mission_planning_ws/install/as2_map_server:/mission_planning_ws/install/as2_geozones:/mission_planning_ws/install/as2_gazebo_assets:/mission_planning_ws/install/as2_behaviors_platform:/mission_planning_ws/install/as2_behaviors_perception:/mission_planning_ws/install/as2_behaviors_path_planning:/mission_planning_ws/install/as2_behavior_tree:/mission_planning_ws/install/as2_behavior:/mission_planning_ws/install/as2_alphanumeric_viewer:/mission_planning_ws/install/as2_core:/mission_planning_ws/install/as2_cli:/root/project_gazebo_ws/install/aerostack2:/root/project_gazebo_ws/install/as2_usb_camera_interface:/root/project_gazebo_ws/install/as2_state_estimator:/root/project_gazebo_ws/install/as2_rviz_plugins:/root/project_gazebo_ws/install/as2_realsense_interface:/root/project_gazebo_ws/install/as2_platform_multirotor_simulator:/root/project_gazebo_ws/install/as2_platform_gazebo:/root/project_gazebo_ws/install/as2_motion_controller:/root/project_gazebo_ws/install/as2_behaviors_trajectory_generation:/root/project_gazebo_ws/install/as2_behaviors_motion:/root/project_gazebo_ws/install/as2_motion_reference_handlers:/root/project_gazebo_ws/install/as2_map_server:/root/project_gazebo_ws/install/as2_geozones:/root/project_gazebo_ws/install/as2_gazebo_assets:/root/project_gazebo_ws/install/as2_external_object_to_tf:/root/project_gazebo_ws/install/as2_behaviors_platform:/root/project_gazebo_ws/install/as2_behaviors_perception:/root/project_gazebo_ws/install/as2_behaviors_path_planning:/root/project_gazebo_ws/install/as2_behavior_tree:/root/project_gazebo_ws/install/as2_behavior:/root/project_gazebo_ws/install/as2_alphanumeric_viewer:/root/project_gazebo_ws/install/as2_core:/root/project_gazebo_ws/install/as2_msgs:/root/project_gazebo_ws/install/as2_cli:/mission_planning_ws/install/as2_visualization:/mission_planning_ws/install/as2_keyboard_teleoperation:/mission_planning_ws/install/as2_python_api:/root/project_gazebo_ws/install/as2_visualization:/root/project_gazebo_ws/install/as2_keyboard_teleoperation:/root/project_gazebo_ws/install/as2_python_api:/opt/ros/humble LD_LIBRARY_PATH=/mission_planning_ws/install/as2_msgs/lib:/mission_planning_ws/install/as2_state_estimator/lib:/mission_planning_ws/install/mocap4r2_msgs/lib:/mission_planning_ws/install/as2_python_api/lib:/mission_planning_ws/install/as2_motion_controller/lib:/mission_planning_ws/install/as2_behaviors_trajectory_generation/lib:/mission_planning_ws/install/as2_behaviors_motion/lib:/mission_planning_ws/install/as2_motion_reference_handlers/lib:/mission_planning_ws/install/as2_map_server/lib:/mission_planning_ws/install/as2_gazebo_assets/lib:/mission_planning_ws/install/as2_behaviors_perception/lib:/mission_planning_ws/install/as2_behaviors_path_planning/lib:/mission_planning_ws/install/as2_behavior_tree/lib:/mission_planning_ws/install/as2_behavior/lib:/mission_planning_ws/install/as2_core/lib:/root/project_gazebo_ws/install/as2_state_estimator/lib:/root/project_gazebo_ws/install/as2_python_api/lib:/root/project_gazebo_ws/install/as2_motion_controller/lib:/root/project_gazebo_ws/install/as2_behaviors_trajectory_generation/lib:/root/project_gazebo_ws/install/as2_behaviors_motion/lib:/root/project_gazebo_ws/install/as2_motion_reference_handlers/lib:/root/project_gazebo_ws/install/as2_map_server/lib:/root/project_gazebo_ws/install/as2_gazebo_assets/lib:/root/project_gazebo_ws/install/as2_behaviors_perception/lib:/root/project_gazebo_ws/install/as2_behaviors_path_planning/lib:/root/project_gazebo_ws/install/as2_behavior_tree/lib:/root/project_gazebo_ws/install/as2_behavior/lib:/root/project_gazebo_ws/install/as2_core/lib:/root/project_gazebo_ws/install/as2_msgs/lib:/opt/ros/humble/opt/rviz_ogre_vendor/lib:/opt/ros/humble/lib/x86_64-linux-gnu:/opt/ros/humble/lib /usr/bin/cmake --build /mission_planning_ws/build/as2_core -- -j22 -l22
[0.253s] Invoking command in '/mission_planning_ws/build/as2_core': CMAKE_PREFIX_PATH=/mission_planning_ws/install/as2_msgs:/mission_planning_ws/install/aerostack2:/mission_planning_ws/install/as2_state_estimator:/mission_planning_ws/install/as2_external_object_to_tf:/mission_planning_ws/install/mocap4r2_msgs:/mission_planning_ws/install/as2_usb_camera_interface:/mission_planning_ws/install/as2_rviz_plugins:/mission_planning_ws/install/as2_realsense_interface:/mission_planning_ws/install/as2_platform_multirotor_simulator:/mission_planning_ws/install/as2_platform_gazebo:/mission_planning_ws/install/as2_platform_crazyflie:/mission_planning_ws/install/as2_motion_controller:/mission_planning_ws/install/as2_behaviors_trajectory_generation:/mission_planning_ws/install/as2_behaviors_motion:/mission_planning_ws/install/as2_motion_reference_handlers:/mission_planning_ws/install/as2_map_server:/mission_planning_ws/install/as2_geozones:/mission_planning_ws/install/as2_gazebo_assets:/mission_planning_ws/install/as2_behaviors_platform:/mission_planning_ws/install/as2_behaviors_perception:/mission_planning_ws/install/as2_behaviors_path_planning:/mission_planning_ws/install/as2_behavior_tree:/mission_planning_ws/install/as2_behavior:/mission_planning_ws/install/as2_alphanumeric_viewer:/mission_planning_ws/install/as2_core:/mission_planning_ws/install/as2_cli:/root/project_gazebo_ws/install/aerostack2:/root/project_gazebo_ws/install/as2_usb_camera_interface:/root/project_gazebo_ws/install/as2_state_estimator:/root/project_gazebo_ws/install/as2_rviz_plugins:/root/project_gazebo_ws/install/as2_realsense_interface:/root/project_gazebo_ws/install/as2_platform_multirotor_simulator:/root/project_gazebo_ws/install/as2_platform_gazebo:/root/project_gazebo_ws/install/as2_motion_controller:/root/project_gazebo_ws/install/as2_behaviors_trajectory_generation:/root/project_gazebo_ws/install/as2_behaviors_motion:/root/project_gazebo_ws/install/as2_motion_reference_handlers:/root/project_gazebo_ws/install/as2_map_server:/root/project_gazebo_ws/install/as2_geozones:/root/project_gazebo_ws/install/as2_gazebo_assets:/root/project_gazebo_ws/install/as2_external_object_to_tf:/root/project_gazebo_ws/install/as2_behaviors_platform:/root/project_gazebo_ws/install/as2_behaviors_perception:/root/project_gazebo_ws/install/as2_behaviors_path_planning:/root/project_gazebo_ws/install/as2_behavior_tree:/root/project_gazebo_ws/install/as2_behavior:/root/project_gazebo_ws/install/as2_alphanumeric_viewer:/root/project_gazebo_ws/install/as2_core:/root/project_gazebo_ws/install/as2_msgs:/root/project_gazebo_ws/install/as2_cli:/mission_planning_ws/install/as2_visualization:/mission_planning_ws/install/as2_keyboard_teleoperation:/mission_planning_ws/install/as2_python_api:/root/project_gazebo_ws/install/as2_visualization:/root/project_gazebo_ws/install/as2_keyboard_teleoperation:/root/project_gazebo_ws/install/as2_python_api:/opt/ros/humble LD_LIBRARY_PATH=/mission_planning_ws/install/as2_msgs/lib:/mission_planning_ws/install/as2_state_estimator/lib:/mission_planning_ws/install/mocap4r2_msgs/lib:/mission_planning_ws/install/as2_python_api/lib:/mission_planning_ws/install/as2_motion_controller/lib:/mission_planning_ws/install/as2_behaviors_trajectory_generation/lib:/mission_planning_ws/install/as2_behaviors_motion/lib:/mission_planning_ws/install/as2_motion_reference_handlers/lib:/mission_planning_ws/install/as2_map_server/lib:/mission_planning_ws/install/as2_gazebo_assets/lib:/mission_planning_ws/install/as2_behaviors_perception/lib:/mission_planning_ws/install/as2_behaviors_path_planning/lib:/mission_planning_ws/install/as2_behavior_tree/lib:/mission_planning_ws/install/as2_behavior/lib:/mission_planning_ws/install/as2_core/lib:/root/project_gazebo_ws/install/as2_state_estimator/lib:/root/project_gazebo_ws/install/as2_python_api/lib:/root/project_gazebo_ws/install/as2_motion_controller/lib:/root/project_gazebo_ws/install/as2_behaviors_trajectory_generation/lib:/root/project_gazebo_ws/install/as2_behaviors_motion/lib:/root/project_gazebo_ws/install/as2_motion_reference_handlers/lib:/root/project_gazebo_ws/install/as2_map_server/lib:/root/project_gazebo_ws/install/as2_gazebo_assets/lib:/root/project_gazebo_ws/install/as2_behaviors_perception/lib:/root/project_gazebo_ws/install/as2_behaviors_path_planning/lib:/root/project_gazebo_ws/install/as2_behavior_tree/lib:/root/project_gazebo_ws/install/as2_behavior/lib:/root/project_gazebo_ws/install/as2_core/lib:/root/project_gazebo_ws/install/as2_msgs/lib:/opt/ros/humble/opt/rviz_ogre_vendor/lib:/opt/ros/humble/lib/x86_64-linux-gnu:/opt/ros/humble/lib /usr/bin/cmake --install /mission_planning_ws/build/as2_core
[0.264s] -- Install configuration: "Release"
[0.264s] -- Up-to-date: /mission_planning_ws/install/as2_core/share/as2_core/environment/pythonpath.sh
[0.264s] -- Up-to-date: /mission_planning_ws/install/as2_core/share/as2_core/environment/pythonpath.dsv
[0.264s] -- Up-to-date: /mission_planning_ws/install/as2_core/local/lib/python3.10/dist-packages/as2_core-1.1.2-py3.10.egg-info
[0.264s] -- Installing: /mission_planning_ws/install/as2_core/local/lib/python3.10/dist-packages/as2_core-1.1.2-py3.10.egg-info/dependency_links.txt
[0.265s] -- Installing: /mission_planning_ws/install/as2_core/local/lib/python3.10/dist-packages/as2_core-1.1.2-py3.10.egg-info/PKG-INFO
[0.265s] -- Installing: /mission_planning_ws/install/as2_core/local/lib/python3.10/dist-packages/as2_core-1.1.2-py3.10.egg-info/top_level.txt
[0.265s] -- Installing: /mission_planning_ws/install/as2_core/local/lib/python3.10/dist-packages/as2_core-1.1.2-py3.10.egg-info/SOURCES.txt
[0.265s] -- Up-to-date: /mission_planning_ws/install/as2_core/local/lib/python3.10/dist-packages/as2_core
[0.265s] -- Up-to-date: /mission_planning_ws/install/as2_core/local/lib/python3.10/dist-packages/as2_core/__init__.py
[0.265s] -- Up-to-date: /mission_planning_ws/install/as2_core/local/lib/python3.10/dist-packages/as2_core/launch_plugin_utils.py
[0.265s] -- Up-to-date: /mission_planning_ws/install/as2_core/local/lib/python3.10/dist-packages/as2_core/declare_launch_arguments_from_config_file.py
[0.265s] -- Up-to-date: /mission_planning_ws/install/as2_core/local/lib/python3.10/dist-packages/as2_core/launch_param_utils.py
[0.265s] -- Up-to-date: /mission_planning_ws/install/as2_core/local/lib/python3.10/dist-packages/as2_core/launch_configuration_from_config_file.py
[0.291s] Listing '/mission_planning_ws/install/as2_core/local/lib/python3.10/dist-packages/as2_core'...
[0.293s] -- Up-to-date: /mission_planning_ws/install/as2_core/include/as2_core/mocks/
[0.293s] -- Up-to-date: /mission_planning_ws/install/as2_core/include/as2_core/mocks//executor_thread_util
[0.293s] -- Up-to-date: /mission_planning_ws/install/as2_core/include/as2_core/mocks//executor_thread_util/executor_thread_util.hpp
[0.294s] -- Up-to-date: /mission_planning_ws/install/as2_core/include/as2_core/mocks//aerial_platform
[0.294s] -- Up-to-date: /mission_planning_ws/install/as2_core/include/as2_core/mocks//aerial_platform/mock_aerial_platform.hpp
[0.294s] -- Up-to-date: /mission_planning_ws/install/as2_core/share/as2_core/environment/library_path.sh
[0.294s] -- Up-to-date: /mission_planning_ws/install/as2_core/share/as2_core/environment/library_path.dsv
[0.294s] -- Up-to-date: /mission_planning_ws/install/as2_core/local/lib/python3.10/dist-packages/as2_core/as2_names.cpython-310-x86_64-linux-gnu.so
[0.294s] -- Up-to-date: /mission_planning_ws/install/as2_core/include
[0.294s] -- Up-to-date: /mission_planning_ws/install/as2_core/include/as2_core
[0.294s] -- Up-to-date: /mission_planning_ws/install/as2_core/include/as2_core/custom
[0.294s] -- Up-to-date: /mission_planning_ws/install/as2_core/include/as2_core/custom/tf2_geometry_msgs.hpp
[0.294s] -- Up-to-date: /mission_planning_ws/install/as2_core/include/as2_core/custom/tf2_geometry_msgs.hpp.in
[0.294s] -- Up-to-date: /mission_planning_ws/install/as2_core/include/as2_core/core_functions.hpp
[0.294s] -- Up-to-date: /mission_planning_ws/install/as2_core/include/as2_core/sensor.hpp
[0.294s] -- Up-to-date: /mission_planning_ws/install/as2_core/include/as2_core/synchronous_service_client.hpp
[0.294s] -- Up-to-date: /mission_planning_ws/install/as2_core/include/as2_core/utils
[0.294s] -- Up-to-date: /mission_planning_ws/install/as2_core/include/as2_core/utils/tf_utils.hpp
[0.294s] -- Up-to-date: /mission_planning_ws/install/as2_core/include/as2_core/utils/control_mode_utils.hpp
[0.294s] -- Up-to-date: /mission_planning_ws/install/as2_core/include/as2_core/utils/yaml_utils.hpp
[0.294s] -- Up-to-date: /mission_planning_ws/install/as2_core/include/as2_core/utils/gps_utils.hpp
[0.294s] -- Up-to-date: /mission_planning_ws/install/as2_core/include/as2_core/utils/frame_utils.hpp
[0.294s] -- Up-to-date: /mission_planning_ws/install/as2_core/include/as2_core/names
[0.294s] -- Up-to-date: /mission_planning_ws/install/as2_core/include/as2_core/names/services.hpp
[0.294s] -- Up-to-date: /mission_planning_ws/install/as2_core/include/as2_core/names/topics.hpp
[0.295s] -- Up-to-date: /mission_planning_ws/install/as2_core/include/as2_core/names/actions.hpp
[0.295s] -- Up-to-date: /mission_planning_ws/install/as2_core/include/as2_core/platform_state_machine.hpp
[0.295s] -- Up-to-date: /mission_planning_ws/install/as2_core/include/as2_core/as2_basic_behavior.hpp
[0.295s] -- Up-to-date: /mission_planning_ws/install/as2_core/include/as2_core/aerial_platform.hpp
[0.295s] -- Up-to-date: /mission_planning_ws/install/as2_core/include/as2_core/node.hpp
[0.295s] -- Up-to-date: /mission_planning_ws/install/as2_core/include/as2_core/rate.hpp
[0.295s] -- Up-to-date: /mission_planning_ws/install/as2_core/lib/libas2_core.a
[0.295s] -- Up-to-date: /mission_planning_ws/install/as2_core/lib/libmocks.so
[0.295s] -- Up-to-date: /mission_planning_ws/install/as2_core/share/ament_index/resource_index/package_run_dependencies/as2_core
[0.295s] -- Up-to-date: /mission_planning_ws/install/as2_core/share/ament_index/resource_index/parent_prefix_path/as2_core
[0.295s] -- Up-to-date: /mission_planning_ws/install/as2_core/share/as2_core/environment/ament_prefix_path.sh
[0.295s] -- Up-to-date: /mission_planning_ws/install/as2_core/share/as2_core/environment/ament_prefix_path.dsv
[0.295s] -- Up-to-date: /mission_planning_ws/install/as2_core/share/as2_core/environment/path.sh
[0.295s] -- Up-to-date: /mission_planning_ws/install/as2_core/share/as2_core/environment/path.dsv
[0.295s] -- Up-to-date: /mission_planning_ws/install/as2_core/share/as2_core/local_setup.bash
[0.295s] -- Up-to-date: /mission_planning_ws/install/as2_core/share/as2_core/local_setup.sh
[0.295s] -- Up-to-date: /mission_planning_ws/install/as2_core/share/as2_core/local_setup.zsh
[0.295s] -- Up-to-date: /mission_planning_ws/install/as2_core/share/as2_core/local_setup.dsv
[0.295s] -- Installing: /mission_planning_ws/install/as2_core/share/as2_core/package.dsv
[0.295s] -- Up-to-date: /mission_planning_ws/install/as2_core/share/ament_index/resource_index/packages/as2_core
[0.295s] -- Up-to-date: /mission_planning_ws/install/as2_core/share/as2_core/cmake/export_as2_coreExport.cmake
[0.295s] -- Up-to-date: /mission_planning_ws/install/as2_core/share/as2_core/cmake/export_as2_coreExport-release.cmake
[0.295s] -- Up-to-date: /mission_planning_ws/install/as2_core/share/as2_core/cmake/ament_cmake_export_targets-extras.cmake
[0.295s] -- Up-to-date: /mission_planning_ws/install/as2_core/share/as2_core/cmake/ament_cmake_export_dependencies-extras.cmake
[0.295s] -- Up-to-date: /mission_planning_ws/install/as2_core/share/as2_core/cmake/ament_cmake_export_include_directories-extras.cmake
[0.295s] -- Up-to-date: /mission_planning_ws/install/as2_core/share/as2_core/cmake/ament_cmake_export_libraries-extras.cmake
[0.295s] -- Up-to-date: /mission_planning_ws/install/as2_core/share/as2_core/cmake/as2_coreConfig.cmake
[0.295s] -- Up-to-date: /mission_planning_ws/install/as2_core/share/as2_core/cmake/as2_coreConfig-version.cmake
[0.295s] -- Up-to-date: /mission_planning_ws/install/as2_core/share/as2_core/package.xml
[0.296s] Invoked command in '/mission_planning_ws/build/as2_core' returned '0': CMAKE_PREFIX_PATH=/mission_planning_ws/install/as2_msgs:/mission_planning_ws/install/aerostack2:/mission_planning_ws/install/as2_state_estimator:/mission_planning_ws/install/as2_external_object_to_tf:/mission_planning_ws/install/mocap4r2_msgs:/mission_planning_ws/install/as2_usb_camera_interface:/mission_planning_ws/install/as2_rviz_plugins:/mission_planning_ws/install/as2_realsense_interface:/mission_planning_ws/install/as2_platform_multirotor_simulator:/mission_planning_ws/install/as2_platform_gazebo:/mission_planning_ws/install/as2_platform_crazyflie:/mission_planning_ws/install/as2_motion_controller:/mission_planning_ws/install/as2_behaviors_trajectory_generation:/mission_planning_ws/install/as2_behaviors_motion:/mission_planning_ws/install/as2_motion_reference_handlers:/mission_planning_ws/install/as2_map_server:/mission_planning_ws/install/as2_geozones:/mission_planning_ws/install/as2_gazebo_assets:/mission_planning_ws/install/as2_behaviors_platform:/mission_planning_ws/install/as2_behaviors_perception:/mission_planning_ws/install/as2_behaviors_path_planning:/mission_planning_ws/install/as2_behavior_tree:/mission_planning_ws/install/as2_behavior:/mission_planning_ws/install/as2_alphanumeric_viewer:/mission_planning_ws/install/as2_core:/mission_planning_ws/install/as2_cli:/root/project_gazebo_ws/install/aerostack2:/root/project_gazebo_ws/install/as2_usb_camera_interface:/root/project_gazebo_ws/install/as2_state_estimator:/root/project_gazebo_ws/install/as2_rviz_plugins:/root/project_gazebo_ws/install/as2_realsense_interface:/root/project_gazebo_ws/install/as2_platform_multirotor_simulator:/root/project_gazebo_ws/install/as2_platform_gazebo:/root/project_gazebo_ws/install/as2_motion_controller:/root/project_gazebo_ws/install/as2_behaviors_trajectory_generation:/root/project_gazebo_ws/install/as2_behaviors_motion:/root/project_gazebo_ws/install/as2_motion_reference_handlers:/root/project_gazebo_ws/install/as2_map_server:/root/project_gazebo_ws/install/as2_geozones:/root/project_gazebo_ws/install/as2_gazebo_assets:/root/project_gazebo_ws/install/as2_external_object_to_tf:/root/project_gazebo_ws/install/as2_behaviors_platform:/root/project_gazebo_ws/install/as2_behaviors_perception:/root/project_gazebo_ws/install/as2_behaviors_path_planning:/root/project_gazebo_ws/install/as2_behavior_tree:/root/project_gazebo_ws/install/as2_behavior:/root/project_gazebo_ws/install/as2_alphanumeric_viewer:/root/project_gazebo_ws/install/as2_core:/root/project_gazebo_ws/install/as2_msgs:/root/project_gazebo_ws/install/as2_cli:/mission_planning_ws/install/as2_visualization:/mission_planning_ws/install/as2_keyboard_teleoperation:/mission_planning_ws/install/as2_python_api:/root/project_gazebo_ws/install/as2_visualization:/root/project_gazebo_ws/install/as2_keyboard_teleoperation:/root/project_gazebo_ws/install/as2_python_api:/opt/ros/humble LD_LIBRARY_PATH=/mission_planning_ws/install/as2_msgs/lib:/mission_planning_ws/install/as2_state_estimator/lib:/mission_planning_ws/install/mocap4r2_msgs/lib:/mission_planning_ws/install/as2_python_api/lib:/mission_planning_ws/install/as2_motion_controller/lib:/mission_planning_ws/install/as2_behaviors_trajectory_generation/lib:/mission_planning_ws/install/as2_behaviors_motion/lib:/mission_planning_ws/install/as2_motion_reference_handlers/lib:/mission_planning_ws/install/as2_map_server/lib:/mission_planning_ws/install/as2_gazebo_assets/lib:/mission_planning_ws/install/as2_behaviors_perception/lib:/mission_planning_ws/install/as2_behaviors_path_planning/lib:/mission_planning_ws/install/as2_behavior_tree/lib:/mission_planning_ws/install/as2_behavior/lib:/mission_planning_ws/install/as2_core/lib:/root/project_gazebo_ws/install/as2_state_estimator/lib:/root/project_gazebo_ws/install/as2_python_api/lib:/root/project_gazebo_ws/install/as2_motion_controller/lib:/root/project_gazebo_ws/install/as2_behaviors_trajectory_generation/lib:/root/project_gazebo_ws/install/as2_behaviors_motion/lib:/root/project_gazebo_ws/install/as2_motion_reference_handlers/lib:/root/project_gazebo_ws/install/as2_map_server/lib:/root/project_gazebo_ws/install/as2_gazebo_assets/lib:/root/project_gazebo_ws/install/as2_behaviors_perception/lib:/root/project_gazebo_ws/install/as2_behaviors_path_planning/lib:/root/project_gazebo_ws/install/as2_behavior_tree/lib:/root/project_gazebo_ws/install/as2_behavior/lib:/root/project_gazebo_ws/install/as2_core/lib:/root/project_gazebo_ws/install/as2_msgs/lib:/opt/ros/humble/opt/rviz_ogre_vendor/lib:/opt/ros/humble/lib/x86_64-linux-gnu:/opt/ros/humble/lib /usr/bin/cmake --install /mission_planning_ws/build/as2_core
