[ 25%] [34m[1mAutomatic MOC for target as2_rviz_plugins[0m
[ 25%] Built target as2_rviz_plugins_autogen
[35m[1mConsolidate compiler generated dependencies of target as2_rviz_plugins[0m
[100%] Built target as2_rviz_plugins
-- Install configuration: ""
-- Up-to-date: /mission_planning_ws/install/as2_rviz_plugins/share/as2_rviz_plugins/plugin_description.xml
-- Up-to-date: /mission_planning_ws/install/as2_rviz_plugins/lib/as2_rviz_plugins/libas2_rviz_plugins.so
-- Up-to-date: /mission_planning_ws/install/as2_rviz_plugins/share/as2_rviz_plugins/icons
-- Up-to-date: /mission_planning_ws/install/as2_rviz_plugins/share/as2_rviz_plugins/icons/classes
-- Up-to-date: /mission_planning_ws/install/as2_rviz_plugins/share/as2_rviz_plugins/icons/classes/Teleop.png
-- Up-to-date: /mission_planning_ws/install/as2_rviz_plugins/share/as2_rviz_plugins/icons/classes/PlantFlag.png
-- Up-to-date: /mission_planning_ws/install/as2_rviz_plugins/share/as2_rviz_plugins/icons/classes/Imu.png
-- Up-to-date: /mission_planning_ws/install/as2_rviz_plugins/share/ament_index/resource_index/package_run_dependencies/as2_rviz_plugins
-- Up-to-date: /mission_planning_ws/install/as2_rviz_plugins/share/ament_index/resource_index/parent_prefix_path/as2_rviz_plugins
-- Up-to-date: /mission_planning_ws/install/as2_rviz_plugins/share/as2_rviz_plugins/environment/ament_prefix_path.sh
-- Up-to-date: /mission_planning_ws/install/as2_rviz_plugins/share/as2_rviz_plugins/environment/ament_prefix_path.dsv
-- Up-to-date: /mission_planning_ws/install/as2_rviz_plugins/share/as2_rviz_plugins/environment/path.sh
-- Up-to-date: /mission_planning_ws/install/as2_rviz_plugins/share/as2_rviz_plugins/environment/path.dsv
-- Up-to-date: /mission_planning_ws/install/as2_rviz_plugins/share/as2_rviz_plugins/local_setup.bash
-- Up-to-date: /mission_planning_ws/install/as2_rviz_plugins/share/as2_rviz_plugins/local_setup.sh
-- Up-to-date: /mission_planning_ws/install/as2_rviz_plugins/share/as2_rviz_plugins/local_setup.zsh
-- Up-to-date: /mission_planning_ws/install/as2_rviz_plugins/share/as2_rviz_plugins/local_setup.dsv
-- Installing: /mission_planning_ws/install/as2_rviz_plugins/share/as2_rviz_plugins/package.dsv
-- Up-to-date: /mission_planning_ws/install/as2_rviz_plugins/share/ament_index/resource_index/packages/as2_rviz_plugins
-- Up-to-date: /mission_planning_ws/install/as2_rviz_plugins/share/ament_index/resource_index/rviz_common__pluginlib__plugin/as2_rviz_plugins
-- Up-to-date: /mission_planning_ws/install/as2_rviz_plugins/share/as2_rviz_plugins/cmake/ament_cmake_export_dependencies-extras.cmake
-- Up-to-date: /mission_planning_ws/install/as2_rviz_plugins/share/as2_rviz_plugins/cmake/as2_rviz_pluginsConfig.cmake
-- Up-to-date: /mission_planning_ws/install/as2_rviz_plugins/share/as2_rviz_plugins/cmake/as2_rviz_pluginsConfig-version.cmake
-- Up-to-date: /mission_planning_ws/install/as2_rviz_plugins/share/as2_rviz_plugins/package.xml
