[1.633s] Invoking command in '/mission_planning_ws/src/aerostack2/as2_python_api': AMENT_PREFIX_PATH=/mission_planning_ws/src/install/as2_motion_reference_handlers:/mission_planning_ws/src/install/as2_core:/mission_planning_ws/src/install/as2_msgs:${AMENT_PREFIX_PATH} CMAKE_PREFIX_PATH=/mission_planning_ws/src/install/as2_motion_reference_handlers:/mission_planning_ws/src/install/as2_core:/mission_planning_ws/src/install/as2_msgs:${CMAKE_PREFIX_PATH} LD_LIBRARY_PATH=/mission_planning_ws/src/install/as2_motion_reference_handlers/lib:/mission_planning_ws/src/install/as2_core/lib:/mission_planning_ws/src/install/as2_msgs/lib:${LD_LIBRARY_PATH} PYTHONPATH=/mission_planning_ws/src/build/as2_python_api/prefix_override:/usr/lib/python3/dist-packages/colcon_core/task/python/colcon_distutils_commands:/mission_planning_ws/src/install/as2_python_api/lib/python3.10/site-packages:/mission_planning_ws/src/install/as2_motion_reference_handlers/local/lib/python3.10/dist-packages:/mission_planning_ws/src/install/as2_core/local/lib/python3.10/dist-packages:/mission_planning_ws/src/install/as2_msgs/local/lib/python3.10/dist-packages:${PYTHONPATH} /usr/bin/python3 -W ignore:setup.py install is deprecated -W ignore:easy_install command is deprecated setup.py egg_info --egg-base ../../build/as2_python_api build --build-base /mission_planning_ws/src/build/as2_python_api/build install --record /mission_planning_ws/src/build/as2_python_api/install.log --single-version-externally-managed install_data
[5.178s] running egg_info
[5.178s] creating ../../build/as2_python_api/as2_python_api.egg-info
[5.178s] writing ../../build/as2_python_api/as2_python_api.egg-info/PKG-INFO
[5.178s] writing dependency_links to ../../build/as2_python_api/as2_python_api.egg-info/dependency_links.txt
[5.178s] writing entry points to ../../build/as2_python_api/as2_python_api.egg-info/entry_points.txt
[5.179s] writing requirements to ../../build/as2_python_api/as2_python_api.egg-info/requires.txt
[5.179s] writing top-level names to ../../build/as2_python_api/as2_python_api.egg-info/top_level.txt
[5.179s] writing manifest file '../../build/as2_python_api/as2_python_api.egg-info/SOURCES.txt'
[5.179s] reading manifest file '../../build/as2_python_api/as2_python_api.egg-info/SOURCES.txt'
[5.179s] writing manifest file '../../build/as2_python_api/as2_python_api.egg-info/SOURCES.txt'
[5.179s] running build
[5.179s] running build_py
[5.179s] creating /mission_planning_ws/src/build/as2_python_api/build
[5.179s] creating /mission_planning_ws/src/build/as2_python_api/build/lib
[5.179s] creating /mission_planning_ws/src/build/as2_python_api/build/lib/as2_python_api
[5.179s] copying as2_python_api/__init__.py -> /mission_planning_ws/src/build/as2_python_api/build/lib/as2_python_api
[5.180s] copying as2_python_api/drone_interface_base.py -> /mission_planning_ws/src/build/as2_python_api/build/lib/as2_python_api
[5.180s] copying as2_python_api/drone_interface_gps.py -> /mission_planning_ws/src/build/as2_python_api/build/lib/as2_python_api
[5.180s] copying as2_python_api/drone_interface.py -> /mission_planning_ws/src/build/as2_python_api/build/lib/as2_python_api
[5.180s] copying as2_python_api/drone_interface_teleop.py -> /mission_planning_ws/src/build/as2_python_api/build/lib/as2_python_api
[5.180s] creating /mission_planning_ws/src/build/as2_python_api/build/lib/as2_python_api/modules
[5.180s] copying as2_python_api/modules/module_base.py -> /mission_planning_ws/src/build/as2_python_api/build/lib/as2_python_api/modules
[5.180s] copying as2_python_api/modules/__init__.py -> /mission_planning_ws/src/build/as2_python_api/build/lib/as2_python_api/modules
[5.180s] copying as2_python_api/modules/follow_reference_module.py -> /mission_planning_ws/src/build/as2_python_api/build/lib/as2_python_api/modules
[5.180s] copying as2_python_api/modules/point_gimbal_module.py -> /mission_planning_ws/src/build/as2_python_api/build/lib/as2_python_api/modules
[5.180s] copying as2_python_api/modules/navigate_to_module.py -> /mission_planning_ws/src/build/as2_python_api/build/lib/as2_python_api/modules
[5.180s] copying as2_python_api/modules/follow_path_gps_module.py -> /mission_planning_ws/src/build/as2_python_api/build/lib/as2_python_api/modules
[5.181s] copying as2_python_api/modules/trajectory_generation_module.py -> /mission_planning_ws/src/build/as2_python_api/build/lib/as2_python_api/modules
[5.181s] copying as2_python_api/modules/dummy_module.py -> /mission_planning_ws/src/build/as2_python_api/build/lib/as2_python_api/modules
[5.181s] copying as2_python_api/modules/motion_reference_handler_module.py -> /mission_planning_ws/src/build/as2_python_api/build/lib/as2_python_api/modules
[5.181s] copying as2_python_api/modules/go_to_module.py -> /mission_planning_ws/src/build/as2_python_api/build/lib/as2_python_api/modules
[5.181s] copying as2_python_api/modules/follow_path_module.py -> /mission_planning_ws/src/build/as2_python_api/build/lib/as2_python_api/modules
[5.181s] copying as2_python_api/modules/rtl_module.py -> /mission_planning_ws/src/build/as2_python_api/build/lib/as2_python_api/modules
[5.181s] copying as2_python_api/modules/land_module.py -> /mission_planning_ws/src/build/as2_python_api/build/lib/as2_python_api/modules
[5.181s] copying as2_python_api/modules/gps_module.py -> /mission_planning_ws/src/build/as2_python_api/build/lib/as2_python_api/modules
[5.181s] copying as2_python_api/modules/go_to_gps_module.py -> /mission_planning_ws/src/build/as2_python_api/build/lib/as2_python_api/modules
[5.181s] copying as2_python_api/modules/takeoff_module.py -> /mission_planning_ws/src/build/as2_python_api/build/lib/as2_python_api/modules
[5.181s] creating /mission_planning_ws/src/build/as2_python_api/build/lib/as2_python_api/behavior_manager
[5.181s] copying as2_python_api/behavior_manager/__init__.py -> /mission_planning_ws/src/build/as2_python_api/build/lib/as2_python_api/behavior_manager
[5.182s] copying as2_python_api/behavior_manager/behavior_manager.py -> /mission_planning_ws/src/build/as2_python_api/build/lib/as2_python_api/behavior_manager
[5.182s] creating /mission_planning_ws/src/build/as2_python_api/build/lib/as2_python_api/tools
[5.182s] copying as2_python_api/tools/__init__.py -> /mission_planning_ws/src/build/as2_python_api/build/lib/as2_python_api/tools
[5.182s] copying as2_python_api/tools/utils.py -> /mission_planning_ws/src/build/as2_python_api/build/lib/as2_python_api/tools
[5.182s] creating /mission_planning_ws/src/build/as2_python_api/build/lib/as2_python_api/behavior_actions
[5.182s] copying as2_python_api/behavior_actions/trajectory_generation_behavior.py -> /mission_planning_ws/src/build/as2_python_api/build/lib/as2_python_api/behavior_actions
[5.182s] copying as2_python_api/behavior_actions/navigate_to_behavior.py -> /mission_planning_ws/src/build/as2_python_api/build/lib/as2_python_api/behavior_actions
[5.182s] copying as2_python_api/behavior_actions/__init__.py -> /mission_planning_ws/src/build/as2_python_api/build/lib/as2_python_api/behavior_actions
[5.182s] copying as2_python_api/behavior_actions/go_to_behavior.py -> /mission_planning_ws/src/build/as2_python_api/build/lib/as2_python_api/behavior_actions
[5.182s] copying as2_python_api/behavior_actions/land_behavior.py -> /mission_planning_ws/src/build/as2_python_api/build/lib/as2_python_api/behavior_actions
[5.182s] copying as2_python_api/behavior_actions/point_gimbal_behavior.py -> /mission_planning_ws/src/build/as2_python_api/build/lib/as2_python_api/behavior_actions
[5.182s] copying as2_python_api/behavior_actions/behavior_handler.py -> /mission_planning_ws/src/build/as2_python_api/build/lib/as2_python_api/behavior_actions
[5.183s] copying as2_python_api/behavior_actions/takeoff_behavior.py -> /mission_planning_ws/src/build/as2_python_api/build/lib/as2_python_api/behavior_actions
[5.183s] copying as2_python_api/behavior_actions/follow_reference_behavior.py -> /mission_planning_ws/src/build/as2_python_api/build/lib/as2_python_api/behavior_actions
[5.183s] copying as2_python_api/behavior_actions/followpath_behavior.py -> /mission_planning_ws/src/build/as2_python_api/build/lib/as2_python_api/behavior_actions
[5.183s] creating /mission_planning_ws/src/build/as2_python_api/build/lib/as2_python_api/shared_data
[5.183s] copying as2_python_api/shared_data/__init__.py -> /mission_planning_ws/src/build/as2_python_api/build/lib/as2_python_api/shared_data
[5.183s] copying as2_python_api/shared_data/platform_info_data.py -> /mission_planning_ws/src/build/as2_python_api/build/lib/as2_python_api/shared_data
[5.183s] copying as2_python_api/shared_data/gps_data.py -> /mission_planning_ws/src/build/as2_python_api/build/lib/as2_python_api/shared_data
[5.183s] copying as2_python_api/shared_data/orientation_data.py -> /mission_planning_ws/src/build/as2_python_api/build/lib/as2_python_api/shared_data
[5.183s] copying as2_python_api/shared_data/pose_data.py -> /mission_planning_ws/src/build/as2_python_api/build/lib/as2_python_api/shared_data
[5.183s] copying as2_python_api/shared_data/twist_data.py -> /mission_planning_ws/src/build/as2_python_api/build/lib/as2_python_api/shared_data
[5.183s] copying as2_python_api/shared_data/position_data.py -> /mission_planning_ws/src/build/as2_python_api/build/lib/as2_python_api/shared_data
[5.183s] creating /mission_planning_ws/src/build/as2_python_api/build/lib/as2_python_api/mission_interpreter
[5.184s] copying as2_python_api/mission_interpreter/__init__.py -> /mission_planning_ws/src/build/as2_python_api/build/lib/as2_python_api/mission_interpreter
[5.184s] copying as2_python_api/mission_interpreter/mission.py -> /mission_planning_ws/src/build/as2_python_api/build/lib/as2_python_api/mission_interpreter
[5.184s] copying as2_python_api/mission_interpreter/mission_interpreter.py -> /mission_planning_ws/src/build/as2_python_api/build/lib/as2_python_api/mission_interpreter
[5.184s] copying as2_python_api/mission_interpreter/mission_stack.py -> /mission_planning_ws/src/build/as2_python_api/build/lib/as2_python_api/mission_interpreter
[5.184s] copying as2_python_api/mission_interpreter/ros2_adapter.py -> /mission_planning_ws/src/build/as2_python_api/build/lib/as2_python_api/mission_interpreter
[5.184s] creating /mission_planning_ws/src/build/as2_python_api/build/lib/as2_python_api/service_clients
[5.185s] copying as2_python_api/service_clients/__init__.py -> /mission_planning_ws/src/build/as2_python_api/build/lib/as2_python_api/service_clients
[5.185s] copying as2_python_api/service_clients/arming.py -> /mission_planning_ws/src/build/as2_python_api/build/lib/as2_python_api/service_clients
[5.185s] copying as2_python_api/service_clients/service_handler.py -> /mission_planning_ws/src/build/as2_python_api/build/lib/as2_python_api/service_clients
[5.185s] copying as2_python_api/service_clients/offboard.py -> /mission_planning_ws/src/build/as2_python_api/build/lib/as2_python_api/service_clients
[5.186s] running install
[5.186s] running install_lib
[5.186s] creating /mission_planning_ws/src/install/as2_python_api/lib/python3.10/site-packages/as2_python_api
[5.186s] copying /mission_planning_ws/src/build/as2_python_api/build/lib/as2_python_api/__init__.py -> /mission_planning_ws/src/install/as2_python_api/lib/python3.10/site-packages/as2_python_api
[5.186s] copying /mission_planning_ws/src/build/as2_python_api/build/lib/as2_python_api/drone_interface_base.py -> /mission_planning_ws/src/install/as2_python_api/lib/python3.10/site-packages/as2_python_api
[5.186s] copying /mission_planning_ws/src/build/as2_python_api/build/lib/as2_python_api/drone_interface_gps.py -> /mission_planning_ws/src/install/as2_python_api/lib/python3.10/site-packages/as2_python_api
[5.186s] creating /mission_planning_ws/src/install/as2_python_api/lib/python3.10/site-packages/as2_python_api/modules
[5.186s] copying /mission_planning_ws/src/build/as2_python_api/build/lib/as2_python_api/modules/module_base.py -> /mission_planning_ws/src/install/as2_python_api/lib/python3.10/site-packages/as2_python_api/modules
[5.186s] copying /mission_planning_ws/src/build/as2_python_api/build/lib/as2_python_api/modules/__init__.py -> /mission_planning_ws/src/install/as2_python_api/lib/python3.10/site-packages/as2_python_api/modules
[5.186s] copying /mission_planning_ws/src/build/as2_python_api/build/lib/as2_python_api/modules/follow_reference_module.py -> /mission_planning_ws/src/install/as2_python_api/lib/python3.10/site-packages/as2_python_api/modules
[5.187s] copying /mission_planning_ws/src/build/as2_python_api/build/lib/as2_python_api/modules/point_gimbal_module.py -> /mission_planning_ws/src/install/as2_python_api/lib/python3.10/site-packages/as2_python_api/modules
[5.188s] copying /mission_planning_ws/src/build/as2_python_api/build/lib/as2_python_api/modules/navigate_to_module.py -> /mission_planning_ws/src/install/as2_python_api/lib/python3.10/site-packages/as2_python_api/modules
[5.188s] copying /mission_planning_ws/src/build/as2_python_api/build/lib/as2_python_api/modules/follow_path_gps_module.py -> /mission_planning_ws/src/install/as2_python_api/lib/python3.10/site-packages/as2_python_api/modules
[5.188s] copying /mission_planning_ws/src/build/as2_python_api/build/lib/as2_python_api/modules/trajectory_generation_module.py -> /mission_planning_ws/src/install/as2_python_api/lib/python3.10/site-packages/as2_python_api/modules
[5.188s] copying /mission_planning_ws/src/build/as2_python_api/build/lib/as2_python_api/modules/dummy_module.py -> /mission_planning_ws/src/install/as2_python_api/lib/python3.10/site-packages/as2_python_api/modules
[5.188s] copying /mission_planning_ws/src/build/as2_python_api/build/lib/as2_python_api/modules/motion_reference_handler_module.py -> /mission_planning_ws/src/install/as2_python_api/lib/python3.10/site-packages/as2_python_api/modules
[5.188s] copying /mission_planning_ws/src/build/as2_python_api/build/lib/as2_python_api/modules/go_to_module.py -> /mission_planning_ws/src/install/as2_python_api/lib/python3.10/site-packages/as2_python_api/modules
[5.188s] copying /mission_planning_ws/src/build/as2_python_api/build/lib/as2_python_api/modules/follow_path_module.py -> /mission_planning_ws/src/install/as2_python_api/lib/python3.10/site-packages/as2_python_api/modules
[5.188s] copying /mission_planning_ws/src/build/as2_python_api/build/lib/as2_python_api/modules/rtl_module.py -> /mission_planning_ws/src/install/as2_python_api/lib/python3.10/site-packages/as2_python_api/modules
[5.188s] copying /mission_planning_ws/src/build/as2_python_api/build/lib/as2_python_api/modules/land_module.py -> /mission_planning_ws/src/install/as2_python_api/lib/python3.10/site-packages/as2_python_api/modules
[5.188s] copying /mission_planning_ws/src/build/as2_python_api/build/lib/as2_python_api/modules/gps_module.py -> /mission_planning_ws/src/install/as2_python_api/lib/python3.10/site-packages/as2_python_api/modules
[5.189s] copying /mission_planning_ws/src/build/as2_python_api/build/lib/as2_python_api/modules/go_to_gps_module.py -> /mission_planning_ws/src/install/as2_python_api/lib/python3.10/site-packages/as2_python_api/modules
[5.189s] copying /mission_planning_ws/src/build/as2_python_api/build/lib/as2_python_api/modules/takeoff_module.py -> /mission_planning_ws/src/install/as2_python_api/lib/python3.10/site-packages/as2_python_api/modules
[5.189s] creating /mission_planning_ws/src/install/as2_python_api/lib/python3.10/site-packages/as2_python_api/behavior_manager
[5.189s] copying /mission_planning_ws/src/build/as2_python_api/build/lib/as2_python_api/behavior_manager/__init__.py -> /mission_planning_ws/src/install/as2_python_api/lib/python3.10/site-packages/as2_python_api/behavior_manager
[5.189s] copying /mission_planning_ws/src/build/as2_python_api/build/lib/as2_python_api/behavior_manager/behavior_manager.py -> /mission_planning_ws/src/install/as2_python_api/lib/python3.10/site-packages/as2_python_api/behavior_manager
[5.189s] creating /mission_planning_ws/src/install/as2_python_api/lib/python3.10/site-packages/as2_python_api/tools
[5.189s] copying /mission_planning_ws/src/build/as2_python_api/build/lib/as2_python_api/tools/__init__.py -> /mission_planning_ws/src/install/as2_python_api/lib/python3.10/site-packages/as2_python_api/tools
[5.189s] copying /mission_planning_ws/src/build/as2_python_api/build/lib/as2_python_api/tools/utils.py -> /mission_planning_ws/src/install/as2_python_api/lib/python3.10/site-packages/as2_python_api/tools
[5.190s] creating /mission_planning_ws/src/install/as2_python_api/lib/python3.10/site-packages/as2_python_api/behavior_actions
[5.190s] copying /mission_planning_ws/src/build/as2_python_api/build/lib/as2_python_api/behavior_actions/trajectory_generation_behavior.py -> /mission_planning_ws/src/install/as2_python_api/lib/python3.10/site-packages/as2_python_api/behavior_actions
[5.190s] copying /mission_planning_ws/src/build/as2_python_api/build/lib/as2_python_api/behavior_actions/navigate_to_behavior.py -> /mission_planning_ws/src/install/as2_python_api/lib/python3.10/site-packages/as2_python_api/behavior_actions
[5.190s] copying /mission_planning_ws/src/build/as2_python_api/build/lib/as2_python_api/behavior_actions/__init__.py -> /mission_planning_ws/src/install/as2_python_api/lib/python3.10/site-packages/as2_python_api/behavior_actions
[5.190s] copying /mission_planning_ws/src/build/as2_python_api/build/lib/as2_python_api/behavior_actions/go_to_behavior.py -> /mission_planning_ws/src/install/as2_python_api/lib/python3.10/site-packages/as2_python_api/behavior_actions
[5.190s] copying /mission_planning_ws/src/build/as2_python_api/build/lib/as2_python_api/behavior_actions/land_behavior.py -> /mission_planning_ws/src/install/as2_python_api/lib/python3.10/site-packages/as2_python_api/behavior_actions
[5.190s] copying /mission_planning_ws/src/build/as2_python_api/build/lib/as2_python_api/behavior_actions/point_gimbal_behavior.py -> /mission_planning_ws/src/install/as2_python_api/lib/python3.10/site-packages/as2_python_api/behavior_actions
[5.190s] copying /mission_planning_ws/src/build/as2_python_api/build/lib/as2_python_api/behavior_actions/behavior_handler.py -> /mission_planning_ws/src/install/as2_python_api/lib/python3.10/site-packages/as2_python_api/behavior_actions
[5.190s] copying /mission_planning_ws/src/build/as2_python_api/build/lib/as2_python_api/behavior_actions/takeoff_behavior.py -> /mission_planning_ws/src/install/as2_python_api/lib/python3.10/site-packages/as2_python_api/behavior_actions
[5.190s] copying /mission_planning_ws/src/build/as2_python_api/build/lib/as2_python_api/behavior_actions/follow_reference_behavior.py -> /mission_planning_ws/src/install/as2_python_api/lib/python3.10/site-packages/as2_python_api/behavior_actions
[5.191s] copying /mission_planning_ws/src/build/as2_python_api/build/lib/as2_python_api/behavior_actions/followpath_behavior.py -> /mission_planning_ws/src/install/as2_python_api/lib/python3.10/site-packages/as2_python_api/behavior_actions
[5.191s] copying /mission_planning_ws/src/build/as2_python_api/build/lib/as2_python_api/drone_interface.py -> /mission_planning_ws/src/install/as2_python_api/lib/python3.10/site-packages/as2_python_api
[5.191s] creating /mission_planning_ws/src/install/as2_python_api/lib/python3.10/site-packages/as2_python_api/shared_data
[5.191s] copying /mission_planning_ws/src/build/as2_python_api/build/lib/as2_python_api/shared_data/__init__.py -> /mission_planning_ws/src/install/as2_python_api/lib/python3.10/site-packages/as2_python_api/shared_data
[5.191s] copying /mission_planning_ws/src/build/as2_python_api/build/lib/as2_python_api/shared_data/platform_info_data.py -> /mission_planning_ws/src/install/as2_python_api/lib/python3.10/site-packages/as2_python_api/shared_data
[5.191s] copying /mission_planning_ws/src/build/as2_python_api/build/lib/as2_python_api/shared_data/gps_data.py -> /mission_planning_ws/src/install/as2_python_api/lib/python3.10/site-packages/as2_python_api/shared_data
[5.191s] copying /mission_planning_ws/src/build/as2_python_api/build/lib/as2_python_api/shared_data/orientation_data.py -> /mission_planning_ws/src/install/as2_python_api/lib/python3.10/site-packages/as2_python_api/shared_data
[5.191s] copying /mission_planning_ws/src/build/as2_python_api/build/lib/as2_python_api/shared_data/pose_data.py -> /mission_planning_ws/src/install/as2_python_api/lib/python3.10/site-packages/as2_python_api/shared_data
[5.191s] copying /mission_planning_ws/src/build/as2_python_api/build/lib/as2_python_api/shared_data/twist_data.py -> /mission_planning_ws/src/install/as2_python_api/lib/python3.10/site-packages/as2_python_api/shared_data
[5.191s] copying /mission_planning_ws/src/build/as2_python_api/build/lib/as2_python_api/shared_data/position_data.py -> /mission_planning_ws/src/install/as2_python_api/lib/python3.10/site-packages/as2_python_api/shared_data
[5.191s] creating /mission_planning_ws/src/install/as2_python_api/lib/python3.10/site-packages/as2_python_api/mission_interpreter
[5.191s] copying /mission_planning_ws/src/build/as2_python_api/build/lib/as2_python_api/mission_interpreter/__init__.py -> /mission_planning_ws/src/install/as2_python_api/lib/python3.10/site-packages/as2_python_api/mission_interpreter
[5.192s] copying /mission_planning_ws/src/build/as2_python_api/build/lib/as2_python_api/mission_interpreter/mission.py -> /mission_planning_ws/src/install/as2_python_api/lib/python3.10/site-packages/as2_python_api/mission_interpreter
[5.192s] copying /mission_planning_ws/src/build/as2_python_api/build/lib/as2_python_api/mission_interpreter/mission_interpreter.py -> /mission_planning_ws/src/install/as2_python_api/lib/python3.10/site-packages/as2_python_api/mission_interpreter
[5.192s] copying /mission_planning_ws/src/build/as2_python_api/build/lib/as2_python_api/mission_interpreter/mission_stack.py -> /mission_planning_ws/src/install/as2_python_api/lib/python3.10/site-packages/as2_python_api/mission_interpreter
[5.192s] copying /mission_planning_ws/src/build/as2_python_api/build/lib/as2_python_api/mission_interpreter/ros2_adapter.py -> /mission_planning_ws/src/install/as2_python_api/lib/python3.10/site-packages/as2_python_api/mission_interpreter
[5.192s] creating /mission_planning_ws/src/install/as2_python_api/lib/python3.10/site-packages/as2_python_api/service_clients
[5.192s] copying /mission_planning_ws/src/build/as2_python_api/build/lib/as2_python_api/service_clients/__init__.py -> /mission_planning_ws/src/install/as2_python_api/lib/python3.10/site-packages/as2_python_api/service_clients
[5.192s] copying /mission_planning_ws/src/build/as2_python_api/build/lib/as2_python_api/service_clients/arming.py -> /mission_planning_ws/src/install/as2_python_api/lib/python3.10/site-packages/as2_python_api/service_clients
[5.193s] copying /mission_planning_ws/src/build/as2_python_api/build/lib/as2_python_api/service_clients/service_handler.py -> /mission_planning_ws/src/install/as2_python_api/lib/python3.10/site-packages/as2_python_api/service_clients
[5.193s] copying /mission_planning_ws/src/build/as2_python_api/build/lib/as2_python_api/service_clients/offboard.py -> /mission_planning_ws/src/install/as2_python_api/lib/python3.10/site-packages/as2_python_api/service_clients
[5.194s] copying /mission_planning_ws/src/build/as2_python_api/build/lib/as2_python_api/drone_interface_teleop.py -> /mission_planning_ws/src/install/as2_python_api/lib/python3.10/site-packages/as2_python_api
[5.194s] byte-compiling /mission_planning_ws/src/install/as2_python_api/lib/python3.10/site-packages/as2_python_api/__init__.py to __init__.cpython-310.pyc
[5.194s] byte-compiling /mission_planning_ws/src/install/as2_python_api/lib/python3.10/site-packages/as2_python_api/drone_interface_base.py to drone_interface_base.cpython-310.pyc
[5.197s] byte-compiling /mission_planning_ws/src/install/as2_python_api/lib/python3.10/site-packages/as2_python_api/drone_interface_gps.py to drone_interface_gps.cpython-310.pyc
[5.197s] byte-compiling /mission_planning_ws/src/install/as2_python_api/lib/python3.10/site-packages/as2_python_api/modules/module_base.py to module_base.cpython-310.pyc
[5.197s] byte-compiling /mission_planning_ws/src/install/as2_python_api/lib/python3.10/site-packages/as2_python_api/modules/__init__.py to __init__.cpython-310.pyc
[5.197s] byte-compiling /mission_planning_ws/src/install/as2_python_api/lib/python3.10/site-packages/as2_python_api/modules/follow_reference_module.py to follow_reference_module.cpython-310.pyc
[5.197s] byte-compiling /mission_planning_ws/src/install/as2_python_api/lib/python3.10/site-packages/as2_python_api/modules/point_gimbal_module.py to point_gimbal_module.cpython-310.pyc
[5.198s] byte-compiling /mission_planning_ws/src/install/as2_python_api/lib/python3.10/site-packages/as2_python_api/modules/navigate_to_module.py to navigate_to_module.cpython-310.pyc
[5.198s] byte-compiling /mission_planning_ws/src/install/as2_python_api/lib/python3.10/site-packages/as2_python_api/modules/follow_path_gps_module.py to follow_path_gps_module.cpython-310.pyc
[5.198s] byte-compiling /mission_planning_ws/src/install/as2_python_api/lib/python3.10/site-packages/as2_python_api/modules/trajectory_generation_module.py to trajectory_generation_module.cpython-310.pyc
[5.198s] byte-compiling /mission_planning_ws/src/install/as2_python_api/lib/python3.10/site-packages/as2_python_api/modules/dummy_module.py to dummy_module.cpython-310.pyc
[5.198s] byte-compiling /mission_planning_ws/src/install/as2_python_api/lib/python3.10/site-packages/as2_python_api/modules/motion_reference_handler_module.py to motion_reference_handler_module.cpython-310.pyc
[5.198s] byte-compiling /mission_planning_ws/src/install/as2_python_api/lib/python3.10/site-packages/as2_python_api/modules/go_to_module.py to go_to_module.cpython-310.pyc
[5.199s] byte-compiling /mission_planning_ws/src/install/as2_python_api/lib/python3.10/site-packages/as2_python_api/modules/follow_path_module.py to follow_path_module.cpython-310.pyc
[5.199s] byte-compiling /mission_planning_ws/src/install/as2_python_api/lib/python3.10/site-packages/as2_python_api/modules/rtl_module.py to rtl_module.cpython-310.pyc
[5.199s] byte-compiling /mission_planning_ws/src/install/as2_python_api/lib/python3.10/site-packages/as2_python_api/modules/land_module.py to land_module.cpython-310.pyc
[5.199s] byte-compiling /mission_planning_ws/src/install/as2_python_api/lib/python3.10/site-packages/as2_python_api/modules/gps_module.py to gps_module.cpython-310.pyc
[5.199s] byte-compiling /mission_planning_ws/src/install/as2_python_api/lib/python3.10/site-packages/as2_python_api/modules/go_to_gps_module.py to go_to_gps_module.cpython-310.pyc
[5.199s] byte-compiling /mission_planning_ws/src/install/as2_python_api/lib/python3.10/site-packages/as2_python_api/modules/takeoff_module.py to takeoff_module.cpython-310.pyc
[5.199s] byte-compiling /mission_planning_ws/src/install/as2_python_api/lib/python3.10/site-packages/as2_python_api/behavior_manager/__init__.py to __init__.cpython-310.pyc
[5.200s] byte-compiling /mission_planning_ws/src/install/as2_python_api/lib/python3.10/site-packages/as2_python_api/behavior_manager/behavior_manager.py to behavior_manager.cpython-310.pyc
[5.200s] byte-compiling /mission_planning_ws/src/install/as2_python_api/lib/python3.10/site-packages/as2_python_api/tools/__init__.py to __init__.cpython-310.pyc
[5.200s] byte-compiling /mission_planning_ws/src/install/as2_python_api/lib/python3.10/site-packages/as2_python_api/tools/utils.py to utils.cpython-310.pyc
[5.200s] byte-compiling /mission_planning_ws/src/install/as2_python_api/lib/python3.10/site-packages/as2_python_api/behavior_actions/trajectory_generation_behavior.py to trajectory_generation_behavior.cpython-310.pyc
[5.201s] byte-compiling /mission_planning_ws/src/install/as2_python_api/lib/python3.10/site-packages/as2_python_api/behavior_actions/navigate_to_behavior.py to navigate_to_behavior.cpython-310.pyc
[5.201s] byte-compiling /mission_planning_ws/src/install/as2_python_api/lib/python3.10/site-packages/as2_python_api/behavior_actions/__init__.py to __init__.cpython-310.pyc
[5.201s] byte-compiling /mission_planning_ws/src/install/as2_python_api/lib/python3.10/site-packages/as2_python_api/behavior_actions/go_to_behavior.py to go_to_behavior.cpython-310.pyc
[5.201s] byte-compiling /mission_planning_ws/src/install/as2_python_api/lib/python3.10/site-packages/as2_python_api/behavior_actions/land_behavior.py to land_behavior.cpython-310.pyc
[5.202s] byte-compiling /mission_planning_ws/src/install/as2_python_api/lib/python3.10/site-packages/as2_python_api/behavior_actions/point_gimbal_behavior.py to point_gimbal_behavior.cpython-310.pyc
[5.203s] byte-compiling /mission_planning_ws/src/install/as2_python_api/lib/python3.10/site-packages/as2_python_api/behavior_actions/behavior_handler.py to behavior_handler.cpython-310.pyc
[5.203s] byte-compiling /mission_planning_ws/src/install/as2_python_api/lib/python3.10/site-packages/as2_python_api/behavior_actions/takeoff_behavior.py to takeoff_behavior.cpython-310.pyc
[5.204s] byte-compiling /mission_planning_ws/src/install/as2_python_api/lib/python3.10/site-packages/as2_python_api/behavior_actions/follow_reference_behavior.py to follow_reference_behavior.cpython-310.pyc
[5.206s] byte-compiling /mission_planning_ws/src/install/as2_python_api/lib/python3.10/site-packages/as2_python_api/behavior_actions/followpath_behavior.py to followpath_behavior.cpython-310.pyc
[5.206s] byte-compiling /mission_planning_ws/src/install/as2_python_api/lib/python3.10/site-packages/as2_python_api/drone_interface.py to drone_interface.cpython-310.pyc
[5.207s] byte-compiling /mission_planning_ws/src/install/as2_python_api/lib/python3.10/site-packages/as2_python_api/shared_data/__init__.py to __init__.cpython-310.pyc
[5.207s] byte-compiling /mission_planning_ws/src/install/as2_python_api/lib/python3.10/site-packages/as2_python_api/shared_data/platform_info_data.py to platform_info_data.cpython-310.pyc
[5.208s] byte-compiling /mission_planning_ws/src/install/as2_python_api/lib/python3.10/site-packages/as2_python_api/shared_data/gps_data.py to gps_data.cpython-310.pyc
[5.208s] byte-compiling /mission_planning_ws/src/install/as2_python_api/lib/python3.10/site-packages/as2_python_api/shared_data/orientation_data.py to orientation_data.cpython-310.pyc
[5.209s] byte-compiling /mission_planning_ws/src/install/as2_python_api/lib/python3.10/site-packages/as2_python_api/shared_data/pose_data.py to pose_data.cpython-310.pyc
[5.210s] byte-compiling /mission_planning_ws/src/install/as2_python_api/lib/python3.10/site-packages/as2_python_api/shared_data/twist_data.py to twist_data.cpython-310.pyc
[5.210s] byte-compiling /mission_planning_ws/src/install/as2_python_api/lib/python3.10/site-packages/as2_python_api/shared_data/position_data.py to position_data.cpython-310.pyc
[5.212s] byte-compiling /mission_planning_ws/src/install/as2_python_api/lib/python3.10/site-packages/as2_python_api/mission_interpreter/__init__.py to __init__.cpython-310.pyc
[5.213s] byte-compiling /mission_planning_ws/src/install/as2_python_api/lib/python3.10/site-packages/as2_python_api/mission_interpreter/mission.py to mission.cpython-310.pyc
[5.215s] byte-compiling /mission_planning_ws/src/install/as2_python_api/lib/python3.10/site-packages/as2_python_api/mission_interpreter/mission_interpreter.py to mission_interpreter.cpython-310.pyc
[5.218s] byte-compiling /mission_planning_ws/src/install/as2_python_api/lib/python3.10/site-packages/as2_python_api/mission_interpreter/mission_stack.py to mission_stack.cpython-310.pyc
[5.219s] byte-compiling /mission_planning_ws/src/install/as2_python_api/lib/python3.10/site-packages/as2_python_api/mission_interpreter/ros2_adapter.py to ros2_adapter.cpython-310.pyc
[5.220s] byte-compiling /mission_planning_ws/src/install/as2_python_api/lib/python3.10/site-packages/as2_python_api/service_clients/__init__.py to __init__.cpython-310.pyc
[5.221s] byte-compiling /mission_planning_ws/src/install/as2_python_api/lib/python3.10/site-packages/as2_python_api/service_clients/arming.py to arming.cpython-310.pyc
[5.222s] byte-compiling /mission_planning_ws/src/install/as2_python_api/lib/python3.10/site-packages/as2_python_api/service_clients/service_handler.py to service_handler.cpython-310.pyc
[5.223s] byte-compiling /mission_planning_ws/src/install/as2_python_api/lib/python3.10/site-packages/as2_python_api/service_clients/offboard.py to offboard.cpython-310.pyc
[5.223s] byte-compiling /mission_planning_ws/src/install/as2_python_api/lib/python3.10/site-packages/as2_python_api/drone_interface_teleop.py to drone_interface_teleop.cpython-310.pyc
[5.224s] running install_data
[5.224s] creating /mission_planning_ws/src/install/as2_python_api/share/ament_index
[5.224s] creating /mission_planning_ws/src/install/as2_python_api/share/ament_index/resource_index
[5.225s] creating /mission_planning_ws/src/install/as2_python_api/share/ament_index/resource_index/packages
[5.225s] copying resource/as2_python_api -> /mission_planning_ws/src/install/as2_python_api/share/ament_index/resource_index/packages
[5.226s] creating /mission_planning_ws/src/install/as2_python_api/share/as2_python_api/hooks
[5.226s] copying hooks/resource_paths.sh -> /mission_planning_ws/src/install/as2_python_api/share/as2_python_api/hooks
[5.226s] copying package.xml -> /mission_planning_ws/src/install/as2_python_api/share/as2_python_api
[5.226s] running install_egg_info
[5.227s] Copying ../../build/as2_python_api/as2_python_api.egg-info to /mission_planning_ws/src/install/as2_python_api/lib/python3.10/site-packages/as2_python_api-1.1.2-py3.10.egg-info
[5.231s] running install_scripts
[5.262s] Installing mission_executor script to /mission_planning_ws/src/install/as2_python_api/lib/as2_python_api
[5.263s] writing list of installed files to '/mission_planning_ws/src/build/as2_python_api/install.log'
[5.350s] Invoked command in '/mission_planning_ws/src/aerostack2/as2_python_api' returned '0': AMENT_PREFIX_PATH=/mission_planning_ws/src/install/as2_motion_reference_handlers:/mission_planning_ws/src/install/as2_core:/mission_planning_ws/src/install/as2_msgs:${AMENT_PREFIX_PATH} CMAKE_PREFIX_PATH=/mission_planning_ws/src/install/as2_motion_reference_handlers:/mission_planning_ws/src/install/as2_core:/mission_planning_ws/src/install/as2_msgs:${CMAKE_PREFIX_PATH} LD_LIBRARY_PATH=/mission_planning_ws/src/install/as2_motion_reference_handlers/lib:/mission_planning_ws/src/install/as2_core/lib:/mission_planning_ws/src/install/as2_msgs/lib:${LD_LIBRARY_PATH} PYTHONPATH=/mission_planning_ws/src/build/as2_python_api/prefix_override:/usr/lib/python3/dist-packages/colcon_core/task/python/colcon_distutils_commands:/mission_planning_ws/src/install/as2_python_api/lib/python3.10/site-packages:/mission_planning_ws/src/install/as2_motion_reference_handlers/local/lib/python3.10/dist-packages:/mission_planning_ws/src/install/as2_core/local/lib/python3.10/dist-packages:/mission_planning_ws/src/install/as2_msgs/local/lib/python3.10/dist-packages:${PYTHONPATH} /usr/bin/python3 -W ignore:setup.py install is deprecated -W ignore:easy_install command is deprecated setup.py egg_info --egg-base ../../build/as2_python_api build --build-base /mission_planning_ws/src/build/as2_python_api/build install --record /mission_planning_ws/src/build/as2_python_api/install.log --single-version-externally-managed install_data
