[0.070s] Invoking command in '/mission_planning_ws/src/build/as2_behaviors_motion': AMENT_PREFIX_PATH=/mission_planning_ws/src/install/as2_motion_reference_handlers:/mission_planning_ws/src/install/as2_behavior:/mission_planning_ws/src/install/as2_core:/mission_planning_ws/src/install/as2_msgs:${AMENT_PREFIX_PATH} CMAKE_PREFIX_PATH=/mission_planning_ws/src/install/as2_motion_reference_handlers:/mission_planning_ws/src/install/as2_behavior:/mission_planning_ws/src/install/as2_core:/mission_planning_ws/src/install/as2_msgs:/root/project_gazebo_ws/install/aerostack2:/root/project_gazebo_ws/install/as2_usb_camera_interface:/root/project_gazebo_ws/install/as2_state_estimator:/root/project_gazebo_ws/install/as2_rviz_plugins:/root/project_gazebo_ws/install/as2_realsense_interface:/root/project_gazebo_ws/install/as2_platform_multirotor_simulator:/root/project_gazebo_ws/install/as2_platform_gazebo:/root/project_gazebo_ws/install/as2_motion_controller:/root/project_gazebo_ws/install/as2_behaviors_trajectory_generation:/root/project_gazebo_ws/install/as2_behaviors_motion:/root/project_gazebo_ws/install/as2_motion_reference_handlers:/root/project_gazebo_ws/install/as2_map_server:/root/project_gazebo_ws/install/as2_geozones:/root/project_gazebo_ws/install/as2_gazebo_assets:/root/project_gazebo_ws/install/as2_external_object_to_tf:/root/project_gazebo_ws/install/as2_behaviors_platform:/root/project_gazebo_ws/install/as2_behaviors_perception:/root/project_gazebo_ws/install/as2_behaviors_path_planning:/root/project_gazebo_ws/install/as2_behavior_tree:/root/project_gazebo_ws/install/as2_behavior:/root/project_gazebo_ws/install/as2_alphanumeric_viewer:/root/project_gazebo_ws/install/as2_core:/root/project_gazebo_ws/install/as2_msgs:/root/project_gazebo_ws/install/as2_cli:/root/project_gazebo_ws/install/as2_visualization:/root/project_gazebo_ws/install/as2_keyboard_teleoperation:/root/project_gazebo_ws/install/as2_python_api:/opt/ros/humble LD_LIBRARY_PATH=/mission_planning_ws/src/install/as2_motion_reference_handlers/lib:/mission_planning_ws/src/install/as2_behavior/lib:/mission_planning_ws/src/install/as2_core/lib:/mission_planning_ws/src/install/as2_msgs/lib:${LD_LIBRARY_PATH} PYTHONPATH=/mission_planning_ws/src/install/as2_motion_reference_handlers/local/lib/python3.10/dist-packages:/mission_planning_ws/src/install/as2_core/local/lib/python3.10/dist-packages:/mission_planning_ws/src/install/as2_msgs/local/lib/python3.10/dist-packages:${PYTHONPATH} /usr/bin/cmake /mission_planning_ws/src/aerostack2/as2_behaviors/as2_behaviors_motion -DCMAKE_INSTALL_PREFIX=/mission_planning_ws/src/install/as2_behaviors_motion
[0.173s] -- The C compiler identification is GNU 11.4.0
[0.286s] -- The CXX compiler identification is GNU 11.4.0
[0.299s] -- Detecting C compiler ABI info
[0.441s] -- Detecting C compiler ABI info - done
[0.451s] -- Check for working C compiler: /usr/bin/cc - skipped
[0.452s] -- Detecting C compile features
[0.454s] -- Detecting C compile features - done
[0.459s] -- Detecting CXX compiler ABI info
[0.637s] -- Detecting CXX compiler ABI info - done
[0.648s] -- Check for working CXX compiler: /usr/bin/c++ - skipped
[0.648s] -- Detecting CXX compile features
[0.649s] -- Detecting CXX compile features - done
[0.664s] -- Found ament_cmake: 1.3.11 (/opt/ros/humble/share/ament_cmake/cmake)
[1.041s] -- Found Python3: /usr/bin/python3 (found version "3.10.12") found components: Interpreter 
[1.425s] -- Found ament_cmake_ros: 0.10.0 (/opt/ros/humble/share/ament_cmake_ros/cmake)
[1.491s] -- Found pluginlib: 5.1.0 (/opt/ros/humble/share/pluginlib/cmake)
[1.680s] -- Found rclcpp: 16.0.11 (/opt/ros/humble/share/rclcpp/cmake)
[1.810s] -- Found rosidl_generator_c: 3.1.6 (/opt/ros/humble/share/rosidl_generator_c/cmake)
[1.841s] -- Found rosidl_adapter: 3.1.6 (/opt/ros/humble/share/rosidl_adapter/cmake)
[1.871s] -- Found rosidl_generator_cpp: 3.1.6 (/opt/ros/humble/share/rosidl_generator_cpp/cmake)
[1.925s] -- Using all available rosidl_typesupport_c: rosidl_typesupport_fastrtps_c;rosidl_typesupport_introspection_c
[1.968s] -- Using all available rosidl_typesupport_cpp: rosidl_typesupport_fastrtps_cpp;rosidl_typesupport_introspection_cpp
[2.149s] -- Found rmw_implementation_cmake: 6.1.2 (/opt/ros/humble/share/rmw_implementation_cmake/cmake)
[2.165s] -- Found rmw_fastrtps_cpp: 6.2.7 (/opt/ros/humble/share/rmw_fastrtps_cpp/cmake)
[2.255s] -- Found TinyXML2 via Config file: TinyXML2_DIR-NOTFOUND
[2.369s] -- Found OpenSSL: /usr/lib/x86_64-linux-gnu/libcrypto.so (found version "3.0.2")  
[2.373s] -- Found TinyXML2 via Config file: TinyXML2_DIR-NOTFOUND
[2.402s] -- Found FastRTPS: /opt/ros/humble/include  
[2.409s] -- Found TinyXML2 via Config file: TinyXML2_DIR-NOTFOUND
[2.423s] -- Found TinyXML2 via Config file: TinyXML2_DIR-NOTFOUND
[2.449s] -- Using RMW implementation 'rmw_fastrtps_cpp' as default
[2.492s] -- Looking for pthread.h
[2.624s] -- Looking for pthread.h - found
[2.624s] -- Performing Test CMAKE_HAVE_LIBC_PTHREAD
[2.756s] -- Performing Test CMAKE_HAVE_LIBC_PTHREAD - Success
[2.758s] -- Found Threads: TRUE  
[2.895s] -- Found rclcpp_action: 16.0.11 (/opt/ros/humble/share/rclcpp_action/cmake)
[2.983s] -- Found as2_core: 1.1.2 (/mission_planning_ws/src/install/as2_core/share/as2_core/cmake)
[3.276s] -- Found eigen3_cmake_module: 0.1.1 (/opt/ros/humble/share/eigen3_cmake_module/cmake)
[3.278s] -- Found Eigen3: TRUE (found version "3.4.0") 
[3.279s] -- Ensuring Eigen3 include directory is part of orocos-kdl CMake target
[3.574s] -- Found as2_behavior: 1.1.2 (/mission_planning_ws/src/install/as2_behavior/share/as2_behavior/cmake)
[3.577s] -- Found as2_motion_reference_handlers: 1.1.2 (/mission_planning_ws/src/install/as2_motion_reference_handlers/share/as2_motion_reference_handlers/cmake)
[3.778s] -- Found ament_lint_auto: 0.12.11 (/opt/ros/humble/share/ament_lint_auto/cmake)
[4.056s] -- Added test 'copyright' to check source files copyright and LICENSE
[4.088s] -- Added test 'cppcheck' to perform static code analysis on C / C++ code
[4.096s] -- Configured cppcheck include dirs: /mission_planning_ws/src/aerostack2/as2_behaviors/as2_behaviors_motion/follow_path_behavior/include;/mission_planning_ws/src/aerostack2/as2_behaviors/as2_behaviors_motion/follow_path_behavior/include/as2_behaviors_motion;/mission_planning_ws/src/aerostack2/as2_behaviors/as2_behaviors_motion/go_to_behavior/include;/mission_planning_ws/src/aerostack2/as2_behaviors/as2_behaviors_motion/go_to_behavior/include/as2_behaviors_motion;/mission_planning_ws/src/aerostack2/as2_behaviors/as2_behaviors_motion/land_behavior/include;/mission_planning_ws/src/aerostack2/as2_behaviors/as2_behaviors_motion/land_behavior/include/as2_behaviors_motion;/mission_planning_ws/src/aerostack2/as2_behaviors/as2_behaviors_motion/takeoff_behavior/include;/mission_planning_ws/src/aerostack2/as2_behaviors/as2_behaviors_motion/takeoff_behavior/include/as2_behaviors_motion;/mission_planning_ws/src/aerostack2/as2_behaviors/as2_behaviors_motion/follow_reference_behavior/include;/mission_planning_ws/src/aerostack2/as2_behaviors/as2_behaviors_motion/follow_reference_behavior/include/as2_behaviors_motion;$<BUILD_INTERFACE:/mission_planning_ws/src/aerostack2/as2_behaviors/as2_behaviors_motion/include>
[4.096s] -- Configured cppcheck exclude dirs and/or files: 
[4.107s] -- Added test 'cpplint' to check C / C++ code against the Google style
[4.107s] -- Configured cpplint exclude dirs and/or files: 
[4.109s] -- Added test 'flake8' to check Python code syntax and style conventions
[4.113s] -- Added test 'lint_cmake' to check CMake code style
[4.115s] -- Added test 'pep257' to check Python code against some of the docstring style conventions in PEP 257
[4.126s] -- Added test 'uncrustify' to check C / C++ code style
[4.126s] -- Configured uncrustify additional arguments: 
[4.129s] -- Added test 'xmllint' to check XML markup files
[4.134s] -- Configuring done
[4.272s] -- Generating done
[4.327s] -- Build files have been written to: /mission_planning_ws/src/build/as2_behaviors_motion
[4.346s] Invoked command in '/mission_planning_ws/src/build/as2_behaviors_motion' returned '0': AMENT_PREFIX_PATH=/mission_planning_ws/src/install/as2_motion_reference_handlers:/mission_planning_ws/src/install/as2_behavior:/mission_planning_ws/src/install/as2_core:/mission_planning_ws/src/install/as2_msgs:${AMENT_PREFIX_PATH} CMAKE_PREFIX_PATH=/mission_planning_ws/src/install/as2_motion_reference_handlers:/mission_planning_ws/src/install/as2_behavior:/mission_planning_ws/src/install/as2_core:/mission_planning_ws/src/install/as2_msgs:/root/project_gazebo_ws/install/aerostack2:/root/project_gazebo_ws/install/as2_usb_camera_interface:/root/project_gazebo_ws/install/as2_state_estimator:/root/project_gazebo_ws/install/as2_rviz_plugins:/root/project_gazebo_ws/install/as2_realsense_interface:/root/project_gazebo_ws/install/as2_platform_multirotor_simulator:/root/project_gazebo_ws/install/as2_platform_gazebo:/root/project_gazebo_ws/install/as2_motion_controller:/root/project_gazebo_ws/install/as2_behaviors_trajectory_generation:/root/project_gazebo_ws/install/as2_behaviors_motion:/root/project_gazebo_ws/install/as2_motion_reference_handlers:/root/project_gazebo_ws/install/as2_map_server:/root/project_gazebo_ws/install/as2_geozones:/root/project_gazebo_ws/install/as2_gazebo_assets:/root/project_gazebo_ws/install/as2_external_object_to_tf:/root/project_gazebo_ws/install/as2_behaviors_platform:/root/project_gazebo_ws/install/as2_behaviors_perception:/root/project_gazebo_ws/install/as2_behaviors_path_planning:/root/project_gazebo_ws/install/as2_behavior_tree:/root/project_gazebo_ws/install/as2_behavior:/root/project_gazebo_ws/install/as2_alphanumeric_viewer:/root/project_gazebo_ws/install/as2_core:/root/project_gazebo_ws/install/as2_msgs:/root/project_gazebo_ws/install/as2_cli:/root/project_gazebo_ws/install/as2_visualization:/root/project_gazebo_ws/install/as2_keyboard_teleoperation:/root/project_gazebo_ws/install/as2_python_api:/opt/ros/humble LD_LIBRARY_PATH=/mission_planning_ws/src/install/as2_motion_reference_handlers/lib:/mission_planning_ws/src/install/as2_behavior/lib:/mission_planning_ws/src/install/as2_core/lib:/mission_planning_ws/src/install/as2_msgs/lib:${LD_LIBRARY_PATH} PYTHONPATH=/mission_planning_ws/src/install/as2_motion_reference_handlers/local/lib/python3.10/dist-packages:/mission_planning_ws/src/install/as2_core/local/lib/python3.10/dist-packages:/mission_planning_ws/src/install/as2_msgs/local/lib/python3.10/dist-packages:${PYTHONPATH} /usr/bin/cmake /mission_planning_ws/src/aerostack2/as2_behaviors/as2_behaviors_motion -DCMAKE_INSTALL_PREFIX=/mission_planning_ws/src/install/as2_behaviors_motion
[4.348s] Invoking command in '/mission_planning_ws/src/build/as2_behaviors_motion': AMENT_PREFIX_PATH=/mission_planning_ws/src/install/as2_motion_reference_handlers:/mission_planning_ws/src/install/as2_behavior:/mission_planning_ws/src/install/as2_core:/mission_planning_ws/src/install/as2_msgs:${AMENT_PREFIX_PATH} CMAKE_PREFIX_PATH=/mission_planning_ws/src/install/as2_motion_reference_handlers:/mission_planning_ws/src/install/as2_behavior:/mission_planning_ws/src/install/as2_core:/mission_planning_ws/src/install/as2_msgs:/root/project_gazebo_ws/install/aerostack2:/root/project_gazebo_ws/install/as2_usb_camera_interface:/root/project_gazebo_ws/install/as2_state_estimator:/root/project_gazebo_ws/install/as2_rviz_plugins:/root/project_gazebo_ws/install/as2_realsense_interface:/root/project_gazebo_ws/install/as2_platform_multirotor_simulator:/root/project_gazebo_ws/install/as2_platform_gazebo:/root/project_gazebo_ws/install/as2_motion_controller:/root/project_gazebo_ws/install/as2_behaviors_trajectory_generation:/root/project_gazebo_ws/install/as2_behaviors_motion:/root/project_gazebo_ws/install/as2_motion_reference_handlers:/root/project_gazebo_ws/install/as2_map_server:/root/project_gazebo_ws/install/as2_geozones:/root/project_gazebo_ws/install/as2_gazebo_assets:/root/project_gazebo_ws/install/as2_external_object_to_tf:/root/project_gazebo_ws/install/as2_behaviors_platform:/root/project_gazebo_ws/install/as2_behaviors_perception:/root/project_gazebo_ws/install/as2_behaviors_path_planning:/root/project_gazebo_ws/install/as2_behavior_tree:/root/project_gazebo_ws/install/as2_behavior:/root/project_gazebo_ws/install/as2_alphanumeric_viewer:/root/project_gazebo_ws/install/as2_core:/root/project_gazebo_ws/install/as2_msgs:/root/project_gazebo_ws/install/as2_cli:/root/project_gazebo_ws/install/as2_visualization:/root/project_gazebo_ws/install/as2_keyboard_teleoperation:/root/project_gazebo_ws/install/as2_python_api:/opt/ros/humble LD_LIBRARY_PATH=/mission_planning_ws/src/install/as2_motion_reference_handlers/lib:/mission_planning_ws/src/install/as2_behavior/lib:/mission_planning_ws/src/install/as2_core/lib:/mission_planning_ws/src/install/as2_msgs/lib:${LD_LIBRARY_PATH} PYTHONPATH=/mission_planning_ws/src/install/as2_motion_reference_handlers/local/lib/python3.10/dist-packages:/mission_planning_ws/src/install/as2_core/local/lib/python3.10/dist-packages:/mission_planning_ws/src/install/as2_msgs/local/lib/python3.10/dist-packages:${PYTHONPATH} /usr/bin/cmake --build /mission_planning_ws/src/build/as2_behaviors_motion -- -j22 -l22
[10.560s] [  2%] [32mBuilding CXX object CMakeFiles/as2_behaviors_motion.dir/follow_path_behavior/plugins/follow_path_plugin_position.cpp.o[0m
[10.561s] [  5%] [32mBuilding CXX object CMakeFiles/as2_behaviors_motion.dir/takeoff_behavior/plugins/takeoff_plugin_trajectory.cpp.o[0m
[20.550s] [  8%] [32mBuilding CXX object CMakeFiles/as2_behaviors_motion.dir/takeoff_behavior/plugins/takeoff_plugin_speed.cpp.o[0m
[25.057s] [ 10%] [32mBuilding CXX object CMakeFiles/as2_behaviors_motion.dir/takeoff_behavior/plugins/takeoff_plugin_position.cpp.o[0m
[29.547s] [ 13%] [32mBuilding CXX object CMakeFiles/as2_behaviors_motion.dir/takeoff_behavior/plugins/takeoff_plugin_platform.cpp.o[0m
[34.171s] [ 16%] [32mBuilding CXX object CMakeFiles/as2_behaviors_motion.dir/land_behavior/plugins/land_plugin_trajectory.cpp.o[0m
[42.895s] [ 18%] [32mBuilding CXX object CMakeFiles/as2_behaviors_motion.dir/land_behavior/plugins/land_plugin_speed.cpp.o[0m
[48.022s] [ 21%] [32mBuilding CXX object CMakeFiles/as2_behaviors_motion.dir/go_to_behavior/plugins/go_to_plugin_trajectory.cpp.o[0m
[48.026s] [ 24%] [32mBuilding CXX object CMakeFiles/as2_behaviors_motion.dir/land_behavior/plugins/land_plugin_platform.cpp.o[0m
[55.301s] [ 27%] [32mBuilding CXX object CMakeFiles/as2_behaviors_motion.dir/go_to_behavior/plugins/go_to_plugin_position.cpp.o[0m
[55.304s] [ 29%] [32mBuilding CXX object CMakeFiles/as2_behaviors_motion.dir/follow_path_behavior/plugins/follow_path_plugin_trajectory.cpp.o[0m
[67.339s] [ 32%] [32m[1mLinking CXX shared library libas2_behaviors_motion.so[0m
[67.865s] [ 32%] Built target as2_behaviors_motion
[67.922s] [ 35%] [32mBuilding CXX object CMakeFiles/follow_reference_component.dir/follow_reference_behavior/src/follow_reference_behavior.cpp.o[0m
[67.923s] [ 37%] [32mBuilding CXX object CMakeFiles/go_to_component.dir/go_to_behavior/src/go_to_behavior.cpp.o[0m
[67.925s] [ 40%] [32mBuilding CXX object CMakeFiles/follow_path_component.dir/follow_path_behavior/src/follow_path_behavior.cpp.o[0m
[67.927s] [ 43%] [32mBuilding CXX object CMakeFiles/land_component.dir/land_behavior/src/land_behavior.cpp.o[0m
[67.936s] [ 45%] [32mBuilding CXX object CMakeFiles/takeoff_component.dir/takeoff_behavior/src/takeoff_behavior.cpp.o[0m
[90.407s] [ 48%] [32m[1mLinking CXX shared library libfollow_reference_component.so[0m
[90.765s] [ 48%] Built target follow_reference_component
[90.798s] [ 51%] [32mBuilding CXX object CMakeFiles/follow_reference_behavior_node.dir/follow_reference_behavior/src/follow_reference_behavior_node.cpp.o[0m
[90.806s] [ 54%] [32mBuilding CXX object CMakeFiles/follow_reference_behavior_node.dir/follow_reference_behavior/src/follow_reference_behavior.cpp.o[0m
[90.814s] [ 56%] [32mBuilding CXX object CMakeFiles/go_to_behavior_node.dir/go_to_behavior/src/go_to_behavior_node.cpp.o[0m
[90.814s] [ 59%] [32mBuilding CXX object CMakeFiles/go_to_behavior_node.dir/go_to_behavior/src/go_to_behavior.cpp.o[0m
[90.817s] [ 62%] [32mBuilding CXX object CMakeFiles/follow_path_behavior_node.dir/follow_path_behavior/src/follow_path_behavior.cpp.o[0m
[90.822s] [ 64%] [32mBuilding CXX object CMakeFiles/land_behavior_node.dir/land_behavior/src/land_behavior.cpp.o[0m
[90.833s] [ 70%] [32mBuilding CXX object CMakeFiles/land_behavior_node.dir/land_behavior/src/land_behavior_node.cpp.o[0m
[90.833s] [ 70%] [32mBuilding CXX object CMakeFiles/takeoff_behavior_node.dir/takeoff_behavior/src/takeoff_behavior.cpp.o[0m
[90.833s] [ 72%] [32mBuilding CXX object CMakeFiles/follow_path_behavior_node.dir/follow_path_behavior/src/follow_path_behavior_node.cpp.o[0m
[90.854s] [ 75%] [32mBuilding CXX object CMakeFiles/takeoff_behavior_node.dir/takeoff_behavior/src/takeoff_behavior_node.cpp.o[0m
[100.860s] [ 78%] [32m[1mLinking CXX shared library libtakeoff_component.so[0m
[101.251s] [ 78%] Built target takeoff_component
[101.948s] [ 81%] [32m[1mLinking CXX shared library libfollow_path_component.so[0m
[102.465s] [ 81%] Built target follow_path_component
[107.588s] [ 83%] [32m[1mLinking CXX shared library libland_component.so[0m
[108.021s] [ 83%] Built target land_component
[110.358s] [ 86%] [32m[1mLinking CXX shared library libgo_to_component.so[0m
[110.799s] [ 86%] Built target go_to_component
[113.798s] [ 89%] [32m[1mLinking CXX executable follow_reference_behavior_node[0m
[114.211s] [ 89%] Built target follow_reference_behavior_node
[115.744s] [ 91%] [32m[1mLinking CXX executable takeoff_behavior_node[0m
[116.026s] [ 91%] Built target takeoff_behavior_node
[120.318s] [ 94%] [32m[1mLinking CXX executable follow_path_behavior_node[0m
[120.604s] [ 94%] Built target follow_path_behavior_node
[121.100s] [ 97%] [32m[1mLinking CXX executable land_behavior_node[0m
[121.328s] [ 97%] Built target land_behavior_node
[121.671s] [100%] [32m[1mLinking CXX executable go_to_behavior_node[0m
[121.881s] [100%] Built target go_to_behavior_node
[121.892s] Invoked command in '/mission_planning_ws/src/build/as2_behaviors_motion' returned '0': AMENT_PREFIX_PATH=/mission_planning_ws/src/install/as2_motion_reference_handlers:/mission_planning_ws/src/install/as2_behavior:/mission_planning_ws/src/install/as2_core:/mission_planning_ws/src/install/as2_msgs:${AMENT_PREFIX_PATH} CMAKE_PREFIX_PATH=/mission_planning_ws/src/install/as2_motion_reference_handlers:/mission_planning_ws/src/install/as2_behavior:/mission_planning_ws/src/install/as2_core:/mission_planning_ws/src/install/as2_msgs:/root/project_gazebo_ws/install/aerostack2:/root/project_gazebo_ws/install/as2_usb_camera_interface:/root/project_gazebo_ws/install/as2_state_estimator:/root/project_gazebo_ws/install/as2_rviz_plugins:/root/project_gazebo_ws/install/as2_realsense_interface:/root/project_gazebo_ws/install/as2_platform_multirotor_simulator:/root/project_gazebo_ws/install/as2_platform_gazebo:/root/project_gazebo_ws/install/as2_motion_controller:/root/project_gazebo_ws/install/as2_behaviors_trajectory_generation:/root/project_gazebo_ws/install/as2_behaviors_motion:/root/project_gazebo_ws/install/as2_motion_reference_handlers:/root/project_gazebo_ws/install/as2_map_server:/root/project_gazebo_ws/install/as2_geozones:/root/project_gazebo_ws/install/as2_gazebo_assets:/root/project_gazebo_ws/install/as2_external_object_to_tf:/root/project_gazebo_ws/install/as2_behaviors_platform:/root/project_gazebo_ws/install/as2_behaviors_perception:/root/project_gazebo_ws/install/as2_behaviors_path_planning:/root/project_gazebo_ws/install/as2_behavior_tree:/root/project_gazebo_ws/install/as2_behavior:/root/project_gazebo_ws/install/as2_alphanumeric_viewer:/root/project_gazebo_ws/install/as2_core:/root/project_gazebo_ws/install/as2_msgs:/root/project_gazebo_ws/install/as2_cli:/root/project_gazebo_ws/install/as2_visualization:/root/project_gazebo_ws/install/as2_keyboard_teleoperation:/root/project_gazebo_ws/install/as2_python_api:/opt/ros/humble LD_LIBRARY_PATH=/mission_planning_ws/src/install/as2_motion_reference_handlers/lib:/mission_planning_ws/src/install/as2_behavior/lib:/mission_planning_ws/src/install/as2_core/lib:/mission_planning_ws/src/install/as2_msgs/lib:${LD_LIBRARY_PATH} PYTHONPATH=/mission_planning_ws/src/install/as2_motion_reference_handlers/local/lib/python3.10/dist-packages:/mission_planning_ws/src/install/as2_core/local/lib/python3.10/dist-packages:/mission_planning_ws/src/install/as2_msgs/local/lib/python3.10/dist-packages:${PYTHONPATH} /usr/bin/cmake --build /mission_planning_ws/src/build/as2_behaviors_motion -- -j22 -l22
[121.893s] Invoking command in '/mission_planning_ws/src/build/as2_behaviors_motion': AMENT_PREFIX_PATH=/mission_planning_ws/src/install/as2_motion_reference_handlers:/mission_planning_ws/src/install/as2_behavior:/mission_planning_ws/src/install/as2_core:/mission_planning_ws/src/install/as2_msgs:${AMENT_PREFIX_PATH} CMAKE_PREFIX_PATH=/mission_planning_ws/src/install/as2_motion_reference_handlers:/mission_planning_ws/src/install/as2_behavior:/mission_planning_ws/src/install/as2_core:/mission_planning_ws/src/install/as2_msgs:/root/project_gazebo_ws/install/aerostack2:/root/project_gazebo_ws/install/as2_usb_camera_interface:/root/project_gazebo_ws/install/as2_state_estimator:/root/project_gazebo_ws/install/as2_rviz_plugins:/root/project_gazebo_ws/install/as2_realsense_interface:/root/project_gazebo_ws/install/as2_platform_multirotor_simulator:/root/project_gazebo_ws/install/as2_platform_gazebo:/root/project_gazebo_ws/install/as2_motion_controller:/root/project_gazebo_ws/install/as2_behaviors_trajectory_generation:/root/project_gazebo_ws/install/as2_behaviors_motion:/root/project_gazebo_ws/install/as2_motion_reference_handlers:/root/project_gazebo_ws/install/as2_map_server:/root/project_gazebo_ws/install/as2_geozones:/root/project_gazebo_ws/install/as2_gazebo_assets:/root/project_gazebo_ws/install/as2_external_object_to_tf:/root/project_gazebo_ws/install/as2_behaviors_platform:/root/project_gazebo_ws/install/as2_behaviors_perception:/root/project_gazebo_ws/install/as2_behaviors_path_planning:/root/project_gazebo_ws/install/as2_behavior_tree:/root/project_gazebo_ws/install/as2_behavior:/root/project_gazebo_ws/install/as2_alphanumeric_viewer:/root/project_gazebo_ws/install/as2_core:/root/project_gazebo_ws/install/as2_msgs:/root/project_gazebo_ws/install/as2_cli:/root/project_gazebo_ws/install/as2_visualization:/root/project_gazebo_ws/install/as2_keyboard_teleoperation:/root/project_gazebo_ws/install/as2_python_api:/opt/ros/humble LD_LIBRARY_PATH=/mission_planning_ws/src/install/as2_motion_reference_handlers/lib:/mission_planning_ws/src/install/as2_behavior/lib:/mission_planning_ws/src/install/as2_core/lib:/mission_planning_ws/src/install/as2_msgs/lib:${LD_LIBRARY_PATH} PYTHONPATH=/mission_planning_ws/src/install/as2_motion_reference_handlers/local/lib/python3.10/dist-packages:/mission_planning_ws/src/install/as2_core/local/lib/python3.10/dist-packages:/mission_planning_ws/src/install/as2_msgs/local/lib/python3.10/dist-packages:${PYTHONPATH} /usr/bin/cmake --install /mission_planning_ws/src/build/as2_behaviors_motion
[121.899s] -- Install configuration: "Release"
[121.899s] -- Installing: /mission_planning_ws/src/install/as2_behaviors_motion/share/as2_behaviors_motion/plugins.xml
[121.900s] -- Installing: /mission_planning_ws/src/install/as2_behaviors_motion/lib/libas2_behaviors_motion.so
[121.901s] -- Set runtime path of "/mission_planning_ws/src/install/as2_behaviors_motion/lib/libas2_behaviors_motion.so" to ""
[121.901s] -- Installing: /mission_planning_ws/src/install/as2_behaviors_motion/share/as2_behaviors_motion/environment/library_path.sh
[121.901s] -- Installing: /mission_planning_ws/src/install/as2_behaviors_motion/share/as2_behaviors_motion/environment/library_path.dsv
[121.901s] -- Installing: /mission_planning_ws/src/install/as2_behaviors_motion/lib/as2_behaviors_motion/follow_path_behavior_node
[121.902s] -- Set runtime path of "/mission_planning_ws/src/install/as2_behaviors_motion/lib/as2_behaviors_motion/follow_path_behavior_node" to ""
[121.902s] -- Installing: /mission_planning_ws/src/install/as2_behaviors_motion/include
[121.902s] -- Installing: /mission_planning_ws/src/install/as2_behaviors_motion/include/follow_path_behavior
[121.902s] -- Installing: /mission_planning_ws/src/install/as2_behaviors_motion/include/follow_path_behavior/follow_path_base.hpp
[121.902s] -- Installing: /mission_planning_ws/src/install/as2_behaviors_motion/include/follow_path_behavior/follow_path_behavior.hpp
[121.902s] -- Installing: /mission_planning_ws/src/install/as2_behaviors_motion/share/as2_behaviors_motion/follow_path_behavior/config/
[121.903s] -- Installing: /mission_planning_ws/src/install/as2_behaviors_motion/share/as2_behaviors_motion/follow_path_behavior/config//config_default.yaml
[121.903s] -- Installing: /mission_planning_ws/src/install/as2_behaviors_motion/lib/as2_behaviors_motion/go_to_behavior_node
[121.904s] -- Set runtime path of "/mission_planning_ws/src/install/as2_behaviors_motion/lib/as2_behaviors_motion/go_to_behavior_node" to ""
[121.904s] -- Up-to-date: /mission_planning_ws/src/install/as2_behaviors_motion/include
[121.904s] -- Installing: /mission_planning_ws/src/install/as2_behaviors_motion/include/go_to_behavior
[121.904s] -- Installing: /mission_planning_ws/src/install/as2_behaviors_motion/include/go_to_behavior/go_to_base.hpp
[121.904s] -- Installing: /mission_planning_ws/src/install/as2_behaviors_motion/include/go_to_behavior/go_to_behavior.hpp
[121.904s] -- Installing: /mission_planning_ws/src/install/as2_behaviors_motion/share/as2_behaviors_motion/go_to_behavior/config/
[121.904s] -- Installing: /mission_planning_ws/src/install/as2_behaviors_motion/share/as2_behaviors_motion/go_to_behavior/config//config_default.yaml
[121.905s] -- Installing: /mission_planning_ws/src/install/as2_behaviors_motion/lib/as2_behaviors_motion/land_behavior_node
[121.906s] -- Set runtime path of "/mission_planning_ws/src/install/as2_behaviors_motion/lib/as2_behaviors_motion/land_behavior_node" to ""
[121.906s] -- Up-to-date: /mission_planning_ws/src/install/as2_behaviors_motion/include
[121.906s] -- Installing: /mission_planning_ws/src/install/as2_behaviors_motion/include/land_behavior
[121.906s] -- Installing: /mission_planning_ws/src/install/as2_behaviors_motion/include/land_behavior/land_base.hpp
[121.906s] -- Installing: /mission_planning_ws/src/install/as2_behaviors_motion/include/land_behavior/land_behavior.hpp
[121.906s] -- Installing: /mission_planning_ws/src/install/as2_behaviors_motion/share/as2_behaviors_motion/land_behavior/config/
[121.906s] -- Installing: /mission_planning_ws/src/install/as2_behaviors_motion/share/as2_behaviors_motion/land_behavior/config//config_default.yaml
[121.906s] -- Installing: /mission_planning_ws/src/install/as2_behaviors_motion/lib/as2_behaviors_motion/takeoff_behavior_node
[121.908s] -- Set runtime path of "/mission_planning_ws/src/install/as2_behaviors_motion/lib/as2_behaviors_motion/takeoff_behavior_node" to ""
[121.908s] -- Up-to-date: /mission_planning_ws/src/install/as2_behaviors_motion/include
[121.908s] -- Installing: /mission_planning_ws/src/install/as2_behaviors_motion/include/takeoff_behavior
[121.908s] -- Installing: /mission_planning_ws/src/install/as2_behaviors_motion/include/takeoff_behavior/takeoff_base.hpp
[121.908s] -- Installing: /mission_planning_ws/src/install/as2_behaviors_motion/include/takeoff_behavior/takeoff_behavior.hpp
[121.908s] -- Installing: /mission_planning_ws/src/install/as2_behaviors_motion/share/as2_behaviors_motion/takeoff_behavior/config/
[121.908s] -- Installing: /mission_planning_ws/src/install/as2_behaviors_motion/share/as2_behaviors_motion/takeoff_behavior/config//config_default.yaml
[121.908s] -- Installing: /mission_planning_ws/src/install/as2_behaviors_motion/lib/as2_behaviors_motion/follow_reference_behavior_node
[121.909s] -- Set runtime path of "/mission_planning_ws/src/install/as2_behaviors_motion/lib/as2_behaviors_motion/follow_reference_behavior_node" to ""
[121.909s] -- Up-to-date: /mission_planning_ws/src/install/as2_behaviors_motion/include
[121.909s] -- Installing: /mission_planning_ws/src/install/as2_behaviors_motion/include/follow_reference_behavior
[121.909s] -- Installing: /mission_planning_ws/src/install/as2_behaviors_motion/include/follow_reference_behavior/follow_reference_behavior.hpp
[121.909s] -- Installing: /mission_planning_ws/src/install/as2_behaviors_motion/share/as2_behaviors_motion/follow_reference_behavior/config/
[121.909s] -- Installing: /mission_planning_ws/src/install/as2_behaviors_motion/share/as2_behaviors_motion/follow_reference_behavior/config//config_default.yaml
[121.910s] -- Installing: /mission_planning_ws/src/install/as2_behaviors_motion/lib/libtakeoff_component.so
[121.911s] -- Set runtime path of "/mission_planning_ws/src/install/as2_behaviors_motion/lib/libtakeoff_component.so" to ""
[121.911s] -- Installing: /mission_planning_ws/src/install/as2_behaviors_motion/lib/libland_component.so
[121.913s] -- Set runtime path of "/mission_planning_ws/src/install/as2_behaviors_motion/lib/libland_component.so" to ""
[121.913s] -- Installing: /mission_planning_ws/src/install/as2_behaviors_motion/lib/libgo_to_component.so
[121.914s] -- Set runtime path of "/mission_planning_ws/src/install/as2_behaviors_motion/lib/libgo_to_component.so" to ""
[121.915s] -- Installing: /mission_planning_ws/src/install/as2_behaviors_motion/lib/libfollow_path_component.so
[121.916s] -- Set runtime path of "/mission_planning_ws/src/install/as2_behaviors_motion/lib/libfollow_path_component.so" to ""
[121.916s] -- Installing: /mission_planning_ws/src/install/as2_behaviors_motion/lib/libfollow_reference_component.so
[121.918s] -- Set runtime path of "/mission_planning_ws/src/install/as2_behaviors_motion/lib/libfollow_reference_component.so" to ""
[121.918s] -- Installing: /mission_planning_ws/src/install/as2_behaviors_motion/share/as2_behaviors_motion/launch
[121.918s] -- Installing: /mission_planning_ws/src/install/as2_behaviors_motion/share/as2_behaviors_motion/launch/motion_behaviors_launch.py
[121.918s] -- Installing: /mission_planning_ws/src/install/as2_behaviors_motion/share/as2_behaviors_motion/launch/composable_motion_behaviors.launch.py
[121.918s] -- Installing: /mission_planning_ws/src/install/as2_behaviors_motion/share/as2_behaviors_motion/launch/land_behavior_launch.py
[121.919s] -- Installing: /mission_planning_ws/src/install/as2_behaviors_motion/share/as2_behaviors_motion/launch/takeoff_behavior_launch.py
[121.919s] -- Installing: /mission_planning_ws/src/install/as2_behaviors_motion/share/as2_behaviors_motion/launch/composable_follow_reference.launch.py
[121.919s] -- Installing: /mission_planning_ws/src/install/as2_behaviors_motion/share/as2_behaviors_motion/launch/follow_path_behavior_launch.py
[121.920s] -- Installing: /mission_planning_ws/src/install/as2_behaviors_motion/share/as2_behaviors_motion/launch/follow_reference_behavior_launch.py
[121.920s] -- Installing: /mission_planning_ws/src/install/as2_behaviors_motion/share/as2_behaviors_motion/launch/go_to_behavior_launch.py
[121.920s] -- Installing: /mission_planning_ws/src/install/as2_behaviors_motion/share/ament_index/resource_index/package_run_dependencies/as2_behaviors_motion
[121.920s] -- Installing: /mission_planning_ws/src/install/as2_behaviors_motion/share/ament_index/resource_index/parent_prefix_path/as2_behaviors_motion
[121.920s] -- Installing: /mission_planning_ws/src/install/as2_behaviors_motion/share/as2_behaviors_motion/environment/ament_prefix_path.sh
[121.920s] -- Installing: /mission_planning_ws/src/install/as2_behaviors_motion/share/as2_behaviors_motion/environment/ament_prefix_path.dsv
[121.920s] -- Installing: /mission_planning_ws/src/install/as2_behaviors_motion/share/as2_behaviors_motion/environment/path.sh
[121.921s] -- Installing: /mission_planning_ws/src/install/as2_behaviors_motion/share/as2_behaviors_motion/environment/path.dsv
[121.921s] -- Installing: /mission_planning_ws/src/install/as2_behaviors_motion/share/as2_behaviors_motion/local_setup.bash
[121.921s] -- Installing: /mission_planning_ws/src/install/as2_behaviors_motion/share/as2_behaviors_motion/local_setup.sh
[121.921s] -- Installing: /mission_planning_ws/src/install/as2_behaviors_motion/share/as2_behaviors_motion/local_setup.zsh
[121.921s] -- Installing: /mission_planning_ws/src/install/as2_behaviors_motion/share/as2_behaviors_motion/local_setup.dsv
[121.921s] -- Installing: /mission_planning_ws/src/install/as2_behaviors_motion/share/as2_behaviors_motion/package.dsv
[121.921s] -- Installing: /mission_planning_ws/src/install/as2_behaviors_motion/share/ament_index/resource_index/packages/as2_behaviors_motion
[121.921s] -- Installing: /mission_planning_ws/src/install/as2_behaviors_motion/share/ament_index/resource_index/as2_behaviors_motion__pluginlib__plugin/as2_behaviors_motion
[121.921s] -- Installing: /mission_planning_ws/src/install/as2_behaviors_motion/share/as2_behaviors_motion/cmake/export_as2_behaviors_motionExport.cmake
[121.921s] -- Installing: /mission_planning_ws/src/install/as2_behaviors_motion/share/as2_behaviors_motion/cmake/export_as2_behaviors_motionExport-release.cmake
[121.921s] -- Installing: /mission_planning_ws/src/install/as2_behaviors_motion/share/ament_index/resource_index/rclcpp_components/as2_behaviors_motion
[121.922s] -- Installing: /mission_planning_ws/src/install/as2_behaviors_motion/share/as2_behaviors_motion/cmake/ament_cmake_export_libraries-extras.cmake
[121.922s] -- Installing: /mission_planning_ws/src/install/as2_behaviors_motion/share/as2_behaviors_motion/cmake/ament_cmake_export_targets-extras.cmake
[121.922s] -- Installing: /mission_planning_ws/src/install/as2_behaviors_motion/share/as2_behaviors_motion/cmake/ament_cmake_export_include_directories-extras.cmake
[121.922s] -- Installing: /mission_planning_ws/src/install/as2_behaviors_motion/share/as2_behaviors_motion/cmake/as2_behaviors_motionConfig.cmake
[121.922s] -- Installing: /mission_planning_ws/src/install/as2_behaviors_motion/share/as2_behaviors_motion/cmake/as2_behaviors_motionConfig-version.cmake
[121.922s] -- Installing: /mission_planning_ws/src/install/as2_behaviors_motion/share/as2_behaviors_motion/package.xml
[121.923s] Invoked command in '/mission_planning_ws/src/build/as2_behaviors_motion' returned '0': AMENT_PREFIX_PATH=/mission_planning_ws/src/install/as2_motion_reference_handlers:/mission_planning_ws/src/install/as2_behavior:/mission_planning_ws/src/install/as2_core:/mission_planning_ws/src/install/as2_msgs:${AMENT_PREFIX_PATH} CMAKE_PREFIX_PATH=/mission_planning_ws/src/install/as2_motion_reference_handlers:/mission_planning_ws/src/install/as2_behavior:/mission_planning_ws/src/install/as2_core:/mission_planning_ws/src/install/as2_msgs:/root/project_gazebo_ws/install/aerostack2:/root/project_gazebo_ws/install/as2_usb_camera_interface:/root/project_gazebo_ws/install/as2_state_estimator:/root/project_gazebo_ws/install/as2_rviz_plugins:/root/project_gazebo_ws/install/as2_realsense_interface:/root/project_gazebo_ws/install/as2_platform_multirotor_simulator:/root/project_gazebo_ws/install/as2_platform_gazebo:/root/project_gazebo_ws/install/as2_motion_controller:/root/project_gazebo_ws/install/as2_behaviors_trajectory_generation:/root/project_gazebo_ws/install/as2_behaviors_motion:/root/project_gazebo_ws/install/as2_motion_reference_handlers:/root/project_gazebo_ws/install/as2_map_server:/root/project_gazebo_ws/install/as2_geozones:/root/project_gazebo_ws/install/as2_gazebo_assets:/root/project_gazebo_ws/install/as2_external_object_to_tf:/root/project_gazebo_ws/install/as2_behaviors_platform:/root/project_gazebo_ws/install/as2_behaviors_perception:/root/project_gazebo_ws/install/as2_behaviors_path_planning:/root/project_gazebo_ws/install/as2_behavior_tree:/root/project_gazebo_ws/install/as2_behavior:/root/project_gazebo_ws/install/as2_alphanumeric_viewer:/root/project_gazebo_ws/install/as2_core:/root/project_gazebo_ws/install/as2_msgs:/root/project_gazebo_ws/install/as2_cli:/root/project_gazebo_ws/install/as2_visualization:/root/project_gazebo_ws/install/as2_keyboard_teleoperation:/root/project_gazebo_ws/install/as2_python_api:/opt/ros/humble LD_LIBRARY_PATH=/mission_planning_ws/src/install/as2_motion_reference_handlers/lib:/mission_planning_ws/src/install/as2_behavior/lib:/mission_planning_ws/src/install/as2_core/lib:/mission_planning_ws/src/install/as2_msgs/lib:${LD_LIBRARY_PATH} PYTHONPATH=/mission_planning_ws/src/install/as2_motion_reference_handlers/local/lib/python3.10/dist-packages:/mission_planning_ws/src/install/as2_core/local/lib/python3.10/dist-packages:/mission_planning_ws/src/install/as2_msgs/local/lib/python3.10/dist-packages:${PYTHONPATH} /usr/bin/cmake --install /mission_planning_ws/src/build/as2_behaviors_motion
