[0.033s] Invoking command in '/mission_planning_ws/src/build/as2_platform_crazyflie': AMENT_PREFIX_PATH=/mission_planning_ws/src/install/as2_core:/mission_planning_ws/src/install/as2_msgs:${AMENT_PREFIX_PATH} CMAKE_PREFIX_PATH=/mission_planning_ws/src/install/as2_core:/mission_planning_ws/src/install/as2_msgs:/root/project_gazebo_ws/install/aerostack2:/root/project_gazebo_ws/install/as2_usb_camera_interface:/root/project_gazebo_ws/install/as2_state_estimator:/root/project_gazebo_ws/install/as2_rviz_plugins:/root/project_gazebo_ws/install/as2_realsense_interface:/root/project_gazebo_ws/install/as2_platform_multirotor_simulator:/root/project_gazebo_ws/install/as2_platform_gazebo:/root/project_gazebo_ws/install/as2_motion_controller:/root/project_gazebo_ws/install/as2_behaviors_trajectory_generation:/root/project_gazebo_ws/install/as2_behaviors_motion:/root/project_gazebo_ws/install/as2_motion_reference_handlers:/root/project_gazebo_ws/install/as2_map_server:/root/project_gazebo_ws/install/as2_geozones:/root/project_gazebo_ws/install/as2_gazebo_assets:/root/project_gazebo_ws/install/as2_external_object_to_tf:/root/project_gazebo_ws/install/as2_behaviors_platform:/root/project_gazebo_ws/install/as2_behaviors_perception:/root/project_gazebo_ws/install/as2_behaviors_path_planning:/root/project_gazebo_ws/install/as2_behavior_tree:/root/project_gazebo_ws/install/as2_behavior:/root/project_gazebo_ws/install/as2_alphanumeric_viewer:/root/project_gazebo_ws/install/as2_core:/root/project_gazebo_ws/install/as2_msgs:/root/project_gazebo_ws/install/as2_cli:/root/project_gazebo_ws/install/as2_visualization:/root/project_gazebo_ws/install/as2_keyboard_teleoperation:/root/project_gazebo_ws/install/as2_python_api:/opt/ros/humble LD_LIBRARY_PATH=/mission_planning_ws/src/install/as2_core/lib:/mission_planning_ws/src/install/as2_msgs/lib:${LD_LIBRARY_PATH} PYTHONPATH=/mission_planning_ws/src/install/as2_core/local/lib/python3.10/dist-packages:/mission_planning_ws/src/install/as2_msgs/local/lib/python3.10/dist-packages:${PYTHONPATH} /usr/bin/cmake /mission_planning_ws/src/as2_platform_crazyflie -DCMAKE_INSTALL_PREFIX=/mission_planning_ws/src/install/as2_platform_crazyflie
[0.082s] -- The C compiler identification is GNU 11.4.0
[0.125s] -- The CXX compiler identification is GNU 11.4.0
[0.133s] -- Detecting C compiler ABI info
[0.214s] -- Detecting C compiler ABI info - done
[0.222s] -- Check for working C compiler: /usr/bin/cc - skipped
[0.223s] -- Detecting C compile features
[0.223s] -- Detecting C compile features - done
[0.227s] -- Detecting CXX compiler ABI info
[0.308s] -- Detecting CXX compiler ABI info - done
[0.317s] -- Check for working CXX compiler: /usr/bin/c++ - skipped
[0.317s] -- Detecting CXX compile features
[0.317s] -- Detecting CXX compile features - done
[0.324s] -- Found ament_cmake: 1.3.11 (/opt/ros/humble/share/ament_cmake/cmake)
[0.517s] -- Found Python3: /usr/bin/python3 (found version "3.10.12") found components: Interpreter 
[0.771s] -- Found rclpy: 3.3.15 (/opt/ros/humble/share/rclpy/cmake)
[0.779s] -- Found rclcpp: 16.0.11 (/opt/ros/humble/share/rclcpp/cmake)
[0.926s] -- Found rosidl_generator_c: 3.1.6 (/opt/ros/humble/share/rosidl_generator_c/cmake)
[0.952s] -- Found rosidl_adapter: 3.1.6 (/opt/ros/humble/share/rosidl_adapter/cmake)
[0.983s] -- Found rosidl_generator_cpp: 3.1.6 (/opt/ros/humble/share/rosidl_generator_cpp/cmake)
[1.020s] -- Using all available rosidl_typesupport_c: rosidl_typesupport_fastrtps_c;rosidl_typesupport_introspection_c
[1.054s] -- Using all available rosidl_typesupport_cpp: rosidl_typesupport_fastrtps_cpp;rosidl_typesupport_introspection_cpp
[1.162s] -- Found rmw_implementation_cmake: 6.1.2 (/opt/ros/humble/share/rmw_implementation_cmake/cmake)
[1.171s] -- Found rmw_fastrtps_cpp: 6.2.7 (/opt/ros/humble/share/rmw_fastrtps_cpp/cmake)
[1.368s] -- Found OpenSSL: /usr/lib/x86_64-linux-gnu/libcrypto.so (found version "3.0.2")  
[1.421s] -- Found FastRTPS: /opt/ros/humble/include  
[1.506s] -- Using RMW implementation 'rmw_fastrtps_cpp' as default
[1.539s] -- Looking for pthread.h
[1.642s] -- Looking for pthread.h - found
[1.643s] -- Performing Test CMAKE_HAVE_LIBC_PTHREAD
[1.740s] -- Performing Test CMAKE_HAVE_LIBC_PTHREAD - Success
[1.742s] -- Found Threads: TRUE  
[1.855s] -- Found sensor_msgs: 4.2.4 (/opt/ros/humble/share/sensor_msgs/cmake)
[1.912s] -- Found std_srvs: 4.2.4 (/opt/ros/humble/share/std_srvs/cmake)
[1.932s] -- Found nav_msgs: 4.2.4 (/opt/ros/humble/share/nav_msgs/cmake)
[1.954s] -- Found as2_core: 1.1.2 (/mission_planning_ws/src/install/as2_core/share/as2_core/cmake)
[2.122s] -- Found eigen3_cmake_module: 0.1.1 (/opt/ros/humble/share/eigen3_cmake_module/cmake)
[2.124s] -- Found Eigen3: TRUE (found version "3.4.0") 
[2.124s] -- Ensuring Eigen3 include directory is part of orocos-kdl CMake target
[2.438s] -- crazyflie_cpp not found
[17.514s] -- Found libusb: /usr/lib/x86_64-linux-gnu/libusb-1.0.so  
[17.704s] -- Found ament_lint_auto: 0.12.11 (/opt/ros/humble/share/ament_lint_auto/cmake)
[22.881s] -- Added test 'copyright' to check source files copyright and LICENSE
[23.057s] -- Added test 'cppcheck' to perform static code analysis on C / C++ code
[23.232s] -- Configured cppcheck include dirs: /mission_planning_ws/src/as2_platform_crazyflie/include;/mission_planning_ws/src/as2_platform_crazyflie/include/as2_platform_crazyflie
[23.232s] -- Configured cppcheck exclude dirs and/or files: 
[23.273s] -- Added test 'cpplint' to check C / C++ code against the Google style
[23.281s] -- Configured cpplint exclude dirs and/or files: 
[23.301s] -- Added test 'flake8' to check Python code syntax and style conventions
[23.316s] -- Added test 'lint_cmake' to check CMake code style
[23.346s] -- Added test 'pep257' to check Python code against some of the docstring style conventions in PEP 257
[23.358s] -- Added test 'uncrustify' to check C / C++ code style
[23.377s] -- Configured uncrustify additional arguments: 
[23.379s] -- Added test 'xmllint' to check XML markup files
[23.703s] -- Configuring done
[27.063s] -- Generating done
[27.208s] -- Build files have been written to: /mission_planning_ws/src/build/as2_platform_crazyflie
[30.012s] Invoked command in '/mission_planning_ws/src/build/as2_platform_crazyflie' returned '0': AMENT_PREFIX_PATH=/mission_planning_ws/src/install/as2_core:/mission_planning_ws/src/install/as2_msgs:${AMENT_PREFIX_PATH} CMAKE_PREFIX_PATH=/mission_planning_ws/src/install/as2_core:/mission_planning_ws/src/install/as2_msgs:/root/project_gazebo_ws/install/aerostack2:/root/project_gazebo_ws/install/as2_usb_camera_interface:/root/project_gazebo_ws/install/as2_state_estimator:/root/project_gazebo_ws/install/as2_rviz_plugins:/root/project_gazebo_ws/install/as2_realsense_interface:/root/project_gazebo_ws/install/as2_platform_multirotor_simulator:/root/project_gazebo_ws/install/as2_platform_gazebo:/root/project_gazebo_ws/install/as2_motion_controller:/root/project_gazebo_ws/install/as2_behaviors_trajectory_generation:/root/project_gazebo_ws/install/as2_behaviors_motion:/root/project_gazebo_ws/install/as2_motion_reference_handlers:/root/project_gazebo_ws/install/as2_map_server:/root/project_gazebo_ws/install/as2_geozones:/root/project_gazebo_ws/install/as2_gazebo_assets:/root/project_gazebo_ws/install/as2_external_object_to_tf:/root/project_gazebo_ws/install/as2_behaviors_platform:/root/project_gazebo_ws/install/as2_behaviors_perception:/root/project_gazebo_ws/install/as2_behaviors_path_planning:/root/project_gazebo_ws/install/as2_behavior_tree:/root/project_gazebo_ws/install/as2_behavior:/root/project_gazebo_ws/install/as2_alphanumeric_viewer:/root/project_gazebo_ws/install/as2_core:/root/project_gazebo_ws/install/as2_msgs:/root/project_gazebo_ws/install/as2_cli:/root/project_gazebo_ws/install/as2_visualization:/root/project_gazebo_ws/install/as2_keyboard_teleoperation:/root/project_gazebo_ws/install/as2_python_api:/opt/ros/humble LD_LIBRARY_PATH=/mission_planning_ws/src/install/as2_core/lib:/mission_planning_ws/src/install/as2_msgs/lib:${LD_LIBRARY_PATH} PYTHONPATH=/mission_planning_ws/src/install/as2_core/local/lib/python3.10/dist-packages:/mission_planning_ws/src/install/as2_msgs/local/lib/python3.10/dist-packages:${PYTHONPATH} /usr/bin/cmake /mission_planning_ws/src/as2_platform_crazyflie -DCMAKE_INSTALL_PREFIX=/mission_planning_ws/src/install/as2_platform_crazyflie
[31.655s] Invoking command in '/mission_planning_ws/src/build/as2_platform_crazyflie': AMENT_PREFIX_PATH=/mission_planning_ws/src/install/as2_core:/mission_planning_ws/src/install/as2_msgs:${AMENT_PREFIX_PATH} CMAKE_PREFIX_PATH=/mission_planning_ws/src/install/as2_core:/mission_planning_ws/src/install/as2_msgs:/root/project_gazebo_ws/install/aerostack2:/root/project_gazebo_ws/install/as2_usb_camera_interface:/root/project_gazebo_ws/install/as2_state_estimator:/root/project_gazebo_ws/install/as2_rviz_plugins:/root/project_gazebo_ws/install/as2_realsense_interface:/root/project_gazebo_ws/install/as2_platform_multirotor_simulator:/root/project_gazebo_ws/install/as2_platform_gazebo:/root/project_gazebo_ws/install/as2_motion_controller:/root/project_gazebo_ws/install/as2_behaviors_trajectory_generation:/root/project_gazebo_ws/install/as2_behaviors_motion:/root/project_gazebo_ws/install/as2_motion_reference_handlers:/root/project_gazebo_ws/install/as2_map_server:/root/project_gazebo_ws/install/as2_geozones:/root/project_gazebo_ws/install/as2_gazebo_assets:/root/project_gazebo_ws/install/as2_external_object_to_tf:/root/project_gazebo_ws/install/as2_behaviors_platform:/root/project_gazebo_ws/install/as2_behaviors_perception:/root/project_gazebo_ws/install/as2_behaviors_path_planning:/root/project_gazebo_ws/install/as2_behavior_tree:/root/project_gazebo_ws/install/as2_behavior:/root/project_gazebo_ws/install/as2_alphanumeric_viewer:/root/project_gazebo_ws/install/as2_core:/root/project_gazebo_ws/install/as2_msgs:/root/project_gazebo_ws/install/as2_cli:/root/project_gazebo_ws/install/as2_visualization:/root/project_gazebo_ws/install/as2_keyboard_teleoperation:/root/project_gazebo_ws/install/as2_python_api:/opt/ros/humble LD_LIBRARY_PATH=/mission_planning_ws/src/install/as2_core/lib:/mission_planning_ws/src/install/as2_msgs/lib:${LD_LIBRARY_PATH} PYTHONPATH=/mission_planning_ws/src/install/as2_core/local/lib/python3.10/dist-packages:/mission_planning_ws/src/install/as2_msgs/local/lib/python3.10/dist-packages:${PYTHONPATH} /usr/bin/cmake --build /mission_planning_ws/src/build/as2_platform_crazyflie -- -j22 -l22
[32.078s] [  5%] [32mBuilding CXX object _deps/crazyflie_cpp-build/crazyflie-link-cpp/CMakeFiles/crazyflieLinkCpp.dir/src/USBManager.cpp.o[0m
[37.281s] [ 11%] [32mBuilding CXX object _deps/crazyflie_cpp-build/crazyflie-link-cpp/CMakeFiles/crazyflieLinkCpp.dir/src/Version.cpp.o[0m
[37.415s] [ 16%] [32mBuilding CXX object _deps/crazyflie_cpp-build/crazyflie-link-cpp/CMakeFiles/crazyflieLinkCpp.dir/src/CrazyflieUSBThread.cpp.o[0m
[39.115s] [ 22%] [32mBuilding CXX object _deps/crazyflie_cpp-build/crazyflie-link-cpp/CMakeFiles/crazyflieLinkCpp.dir/src/CrazyflieUSB.cpp.o[0m
[40.972s] [ 27%] [32mBuilding CXX object _deps/crazyflie_cpp-build/crazyflie-link-cpp/CMakeFiles/crazyflieLinkCpp.dir/src/CrazyradioThread.cpp.o[0m
[43.899s] [ 33%] [32mBuilding CXX object _deps/crazyflie_cpp-build/crazyflie-link-cpp/CMakeFiles/crazyflieLinkCpp.dir/src/Crazyradio.cpp.o[0m
[44.526s] [ 38%] [32mBuilding CXX object _deps/crazyflie_cpp-build/crazyflie-link-cpp/CMakeFiles/crazyflieLinkCpp.dir/src/USBDevice.cpp.o[0m
[45.177s] [ 44%] [32mBuilding CXX object _deps/crazyflie_cpp-build/crazyflie-link-cpp/CMakeFiles/crazyflieLinkCpp.dir/src/Connection.cpp.o[0m
[53.245s] [ 50%] [32m[1mLinking CXX static library libcrazyflieLinkCpp.a[0m
[54.196s] [ 50%] Built target crazyflieLinkCpp
[54.606s] [ 50%] Built target ament_cmake_python_copy_as2_platform_crazyflie
[54.781s] [ 55%] [32mBuilding CXX object _deps/crazyflie_cpp-build/CMakeFiles/crazyflie_cpp.dir/src/Crazyflie.cpp.o[0m
[60.476s] [ 61%] [32mBuilding CXX object _deps/crazyflie_cpp-build/CMakeFiles/crazyflie_cpp.dir/src/crtp.cpp.o[0m
[61.092s] [ 66%] [32m[1mLinking CXX static library libcrazyflie_cpp.a[0m
[61.235s] [ 66%] Built target crazyflie_cpp
[61.896s] running egg_info
[61.897s] creating as2_platform_crazyflie.egg-info
[61.898s] writing as2_platform_crazyflie.egg-info/PKG-INFO
[61.899s] writing dependency_links to as2_platform_crazyflie.egg-info/dependency_links.txt
[61.899s] writing top-level names to as2_platform_crazyflie.egg-info/top_level.txt
[61.900s] writing manifest file 'as2_platform_crazyflie.egg-info/SOURCES.txt'
[61.903s] reading manifest file 'as2_platform_crazyflie.egg-info/SOURCES.txt'
[61.903s] writing manifest file 'as2_platform_crazyflie.egg-info/SOURCES.txt'
[61.970s] [ 66%] Built target ament_cmake_python_build_as2_platform_crazyflie_egg
[62.015s] [ 72%] [32mBuilding CXX object CMakeFiles/as2_platform_crazyflie_swarm_node.dir/src/crazyflie_swarm_nodes.cpp.o[0m
[72.407s] [ 77%] [32mBuilding CXX object CMakeFiles/as2_platform_crazyflie_swarm_node.dir/src/crazyflie_platform.cpp.o[0m
[91.059s] [ 83%] [32m[1mLinking CXX executable as2_platform_crazyflie_swarm_node[0m
[92.513s] [ 83%] Built target as2_platform_crazyflie_swarm_node
[92.539s] [ 88%] [32mBuilding CXX object CMakeFiles/as2_platform_crazyflie_node.dir/src/crazyflie_node.cpp.o[0m
[99.553s] [ 94%] [32mBuilding CXX object CMakeFiles/as2_platform_crazyflie_node.dir/src/crazyflie_platform.cpp.o[0m
[112.515s] [100%] [32m[1mLinking CXX executable as2_platform_crazyflie_node[0m
[113.997s] [100%] Built target as2_platform_crazyflie_node
[114.016s] Invoked command in '/mission_planning_ws/src/build/as2_platform_crazyflie' returned '0': AMENT_PREFIX_PATH=/mission_planning_ws/src/install/as2_core:/mission_planning_ws/src/install/as2_msgs:${AMENT_PREFIX_PATH} CMAKE_PREFIX_PATH=/mission_planning_ws/src/install/as2_core:/mission_planning_ws/src/install/as2_msgs:/root/project_gazebo_ws/install/aerostack2:/root/project_gazebo_ws/install/as2_usb_camera_interface:/root/project_gazebo_ws/install/as2_state_estimator:/root/project_gazebo_ws/install/as2_rviz_plugins:/root/project_gazebo_ws/install/as2_realsense_interface:/root/project_gazebo_ws/install/as2_platform_multirotor_simulator:/root/project_gazebo_ws/install/as2_platform_gazebo:/root/project_gazebo_ws/install/as2_motion_controller:/root/project_gazebo_ws/install/as2_behaviors_trajectory_generation:/root/project_gazebo_ws/install/as2_behaviors_motion:/root/project_gazebo_ws/install/as2_motion_reference_handlers:/root/project_gazebo_ws/install/as2_map_server:/root/project_gazebo_ws/install/as2_geozones:/root/project_gazebo_ws/install/as2_gazebo_assets:/root/project_gazebo_ws/install/as2_external_object_to_tf:/root/project_gazebo_ws/install/as2_behaviors_platform:/root/project_gazebo_ws/install/as2_behaviors_perception:/root/project_gazebo_ws/install/as2_behaviors_path_planning:/root/project_gazebo_ws/install/as2_behavior_tree:/root/project_gazebo_ws/install/as2_behavior:/root/project_gazebo_ws/install/as2_alphanumeric_viewer:/root/project_gazebo_ws/install/as2_core:/root/project_gazebo_ws/install/as2_msgs:/root/project_gazebo_ws/install/as2_cli:/root/project_gazebo_ws/install/as2_visualization:/root/project_gazebo_ws/install/as2_keyboard_teleoperation:/root/project_gazebo_ws/install/as2_python_api:/opt/ros/humble LD_LIBRARY_PATH=/mission_planning_ws/src/install/as2_core/lib:/mission_planning_ws/src/install/as2_msgs/lib:${LD_LIBRARY_PATH} PYTHONPATH=/mission_planning_ws/src/install/as2_core/local/lib/python3.10/dist-packages:/mission_planning_ws/src/install/as2_msgs/local/lib/python3.10/dist-packages:${PYTHONPATH} /usr/bin/cmake --build /mission_planning_ws/src/build/as2_platform_crazyflie -- -j22 -l22
[114.017s] Invoking command in '/mission_planning_ws/src/build/as2_platform_crazyflie': AMENT_PREFIX_PATH=/mission_planning_ws/src/install/as2_core:/mission_planning_ws/src/install/as2_msgs:${AMENT_PREFIX_PATH} CMAKE_PREFIX_PATH=/mission_planning_ws/src/install/as2_core:/mission_planning_ws/src/install/as2_msgs:/root/project_gazebo_ws/install/aerostack2:/root/project_gazebo_ws/install/as2_usb_camera_interface:/root/project_gazebo_ws/install/as2_state_estimator:/root/project_gazebo_ws/install/as2_rviz_plugins:/root/project_gazebo_ws/install/as2_realsense_interface:/root/project_gazebo_ws/install/as2_platform_multirotor_simulator:/root/project_gazebo_ws/install/as2_platform_gazebo:/root/project_gazebo_ws/install/as2_motion_controller:/root/project_gazebo_ws/install/as2_behaviors_trajectory_generation:/root/project_gazebo_ws/install/as2_behaviors_motion:/root/project_gazebo_ws/install/as2_motion_reference_handlers:/root/project_gazebo_ws/install/as2_map_server:/root/project_gazebo_ws/install/as2_geozones:/root/project_gazebo_ws/install/as2_gazebo_assets:/root/project_gazebo_ws/install/as2_external_object_to_tf:/root/project_gazebo_ws/install/as2_behaviors_platform:/root/project_gazebo_ws/install/as2_behaviors_perception:/root/project_gazebo_ws/install/as2_behaviors_path_planning:/root/project_gazebo_ws/install/as2_behavior_tree:/root/project_gazebo_ws/install/as2_behavior:/root/project_gazebo_ws/install/as2_alphanumeric_viewer:/root/project_gazebo_ws/install/as2_core:/root/project_gazebo_ws/install/as2_msgs:/root/project_gazebo_ws/install/as2_cli:/root/project_gazebo_ws/install/as2_visualization:/root/project_gazebo_ws/install/as2_keyboard_teleoperation:/root/project_gazebo_ws/install/as2_python_api:/opt/ros/humble LD_LIBRARY_PATH=/mission_planning_ws/src/install/as2_core/lib:/mission_planning_ws/src/install/as2_msgs/lib:${LD_LIBRARY_PATH} PYTHONPATH=/mission_planning_ws/src/install/as2_core/local/lib/python3.10/dist-packages:/mission_planning_ws/src/install/as2_msgs/local/lib/python3.10/dist-packages:${PYTHONPATH} /usr/bin/cmake --install /mission_planning_ws/src/build/as2_platform_crazyflie
[114.026s] -- Install configuration: ""
[114.026s] -- Installing: /mission_planning_ws/src/install/as2_platform_crazyflie/share/as2_platform_crazyflie/launch
[114.027s] -- Installing: /mission_planning_ws/src/install/as2_platform_crazyflie/share/as2_platform_crazyflie/launch/crazyflie_aideck_stream_launch.py
[114.027s] -- Installing: /mission_planning_ws/src/install/as2_platform_crazyflie/share/as2_platform_crazyflie/launch/crazyflie_swarm_launch.py
[114.028s] -- Installing: /mission_planning_ws/src/install/as2_platform_crazyflie/share/as2_platform_crazyflie/config
[114.028s] -- Installing: /mission_planning_ws/src/install/as2_platform_crazyflie/share/as2_platform_crazyflie/config/control_modes.yaml
[114.028s] -- Installing: /mission_planning_ws/src/install/as2_platform_crazyflie/share/as2_platform_crazyflie/config/swarm_config_file.yaml
[114.029s] -- Installing: /mission_planning_ws/src/install/as2_platform_crazyflie/share/as2_platform_crazyflie/config/camera_calibration.yaml
[114.029s] -- Installing: /mission_planning_ws/src/install/as2_platform_crazyflie/share/as2_platform_crazyflie/config/platform_config_file.yaml
[114.029s] -- Installing: /mission_planning_ws/src/install/as2_platform_crazyflie/share/as2_platform_crazyflie/config/aideck_config_file.yaml
[114.029s] -- Installing: /mission_planning_ws/src/install/as2_platform_crazyflie/lib/as2_platform_crazyflie/as2_platform_crazyflie_node
[114.037s] -- Set runtime path of "/mission_planning_ws/src/install/as2_platform_crazyflie/lib/as2_platform_crazyflie/as2_platform_crazyflie_node" to ""
[114.037s] -- Installing: /mission_planning_ws/src/install/as2_platform_crazyflie/lib/as2_platform_crazyflie/as2_platform_crazyflie_swarm_node
[114.045s] -- Set runtime path of "/mission_planning_ws/src/install/as2_platform_crazyflie/lib/as2_platform_crazyflie/as2_platform_crazyflie_swarm_node" to ""
[114.045s] -- Installing: /mission_planning_ws/src/install/as2_platform_crazyflie/share/as2_platform_crazyflie/environment/pythonpath.sh
[114.045s] -- Installing: /mission_planning_ws/src/install/as2_platform_crazyflie/share/as2_platform_crazyflie/environment/pythonpath.dsv
[114.046s] -- Installing: /mission_planning_ws/src/install/as2_platform_crazyflie/local/lib/python3.10/dist-packages/as2_platform_crazyflie-1.1.0-py3.10.egg-info
[114.046s] -- Installing: /mission_planning_ws/src/install/as2_platform_crazyflie/local/lib/python3.10/dist-packages/as2_platform_crazyflie-1.1.0-py3.10.egg-info/dependency_links.txt
[114.046s] -- Installing: /mission_planning_ws/src/install/as2_platform_crazyflie/local/lib/python3.10/dist-packages/as2_platform_crazyflie-1.1.0-py3.10.egg-info/PKG-INFO
[114.046s] -- Installing: /mission_planning_ws/src/install/as2_platform_crazyflie/local/lib/python3.10/dist-packages/as2_platform_crazyflie-1.1.0-py3.10.egg-info/top_level.txt
[114.046s] -- Installing: /mission_planning_ws/src/install/as2_platform_crazyflie/local/lib/python3.10/dist-packages/as2_platform_crazyflie-1.1.0-py3.10.egg-info/SOURCES.txt
[114.046s] -- Installing: /mission_planning_ws/src/install/as2_platform_crazyflie/local/lib/python3.10/dist-packages/as2_platform_crazyflie
[114.046s] -- Installing: /mission_planning_ws/src/install/as2_platform_crazyflie/local/lib/python3.10/dist-packages/as2_platform_crazyflie/__init__.py
[114.047s] -- Installing: /mission_planning_ws/src/install/as2_platform_crazyflie/local/lib/python3.10/dist-packages/as2_platform_crazyflie/viewer.py
[114.100s] Listing '/mission_planning_ws/src/install/as2_platform_crazyflie/local/lib/python3.10/dist-packages/as2_platform_crazyflie'...
[114.100s] Compiling '/mission_planning_ws/src/install/as2_platform_crazyflie/local/lib/python3.10/dist-packages/as2_platform_crazyflie/__init__.py'...
[114.100s] Compiling '/mission_planning_ws/src/install/as2_platform_crazyflie/local/lib/python3.10/dist-packages/as2_platform_crazyflie/viewer.py'...
[114.106s] -- Installing: /mission_planning_ws/src/install/as2_platform_crazyflie/lib/as2_platform_crazyflie/aideck_node.py
[114.107s] -- Installing: /mission_planning_ws/src/install/as2_platform_crazyflie/share/ament_index/resource_index/package_run_dependencies/as2_platform_crazyflie
[114.108s] -- Installing: /mission_planning_ws/src/install/as2_platform_crazyflie/share/ament_index/resource_index/parent_prefix_path/as2_platform_crazyflie
[114.108s] -- Installing: /mission_planning_ws/src/install/as2_platform_crazyflie/share/as2_platform_crazyflie/environment/ament_prefix_path.sh
[114.108s] -- Installing: /mission_planning_ws/src/install/as2_platform_crazyflie/share/as2_platform_crazyflie/environment/ament_prefix_path.dsv
[114.108s] -- Installing: /mission_planning_ws/src/install/as2_platform_crazyflie/share/as2_platform_crazyflie/environment/path.sh
[114.109s] -- Installing: /mission_planning_ws/src/install/as2_platform_crazyflie/share/as2_platform_crazyflie/environment/path.dsv
[114.109s] -- Installing: /mission_planning_ws/src/install/as2_platform_crazyflie/share/as2_platform_crazyflie/local_setup.bash
[114.109s] -- Installing: /mission_planning_ws/src/install/as2_platform_crazyflie/share/as2_platform_crazyflie/local_setup.sh
[114.109s] -- Installing: /mission_planning_ws/src/install/as2_platform_crazyflie/share/as2_platform_crazyflie/local_setup.zsh
[114.109s] -- Installing: /mission_planning_ws/src/install/as2_platform_crazyflie/share/as2_platform_crazyflie/local_setup.dsv
[114.109s] -- Installing: /mission_planning_ws/src/install/as2_platform_crazyflie/share/as2_platform_crazyflie/package.dsv
[114.109s] -- Installing: /mission_planning_ws/src/install/as2_platform_crazyflie/share/ament_index/resource_index/packages/as2_platform_crazyflie
[114.109s] -- Installing: /mission_planning_ws/src/install/as2_platform_crazyflie/share/as2_platform_crazyflie/cmake/as2_platform_crazyflieConfig.cmake
[114.109s] -- Installing: /mission_planning_ws/src/install/as2_platform_crazyflie/share/as2_platform_crazyflie/cmake/as2_platform_crazyflieConfig-version.cmake
[114.110s] -- Installing: /mission_planning_ws/src/install/as2_platform_crazyflie/share/as2_platform_crazyflie/package.xml
[114.114s] Invoked command in '/mission_planning_ws/src/build/as2_platform_crazyflie' returned '0': AMENT_PREFIX_PATH=/mission_planning_ws/src/install/as2_core:/mission_planning_ws/src/install/as2_msgs:${AMENT_PREFIX_PATH} CMAKE_PREFIX_PATH=/mission_planning_ws/src/install/as2_core:/mission_planning_ws/src/install/as2_msgs:/root/project_gazebo_ws/install/aerostack2:/root/project_gazebo_ws/install/as2_usb_camera_interface:/root/project_gazebo_ws/install/as2_state_estimator:/root/project_gazebo_ws/install/as2_rviz_plugins:/root/project_gazebo_ws/install/as2_realsense_interface:/root/project_gazebo_ws/install/as2_platform_multirotor_simulator:/root/project_gazebo_ws/install/as2_platform_gazebo:/root/project_gazebo_ws/install/as2_motion_controller:/root/project_gazebo_ws/install/as2_behaviors_trajectory_generation:/root/project_gazebo_ws/install/as2_behaviors_motion:/root/project_gazebo_ws/install/as2_motion_reference_handlers:/root/project_gazebo_ws/install/as2_map_server:/root/project_gazebo_ws/install/as2_geozones:/root/project_gazebo_ws/install/as2_gazebo_assets:/root/project_gazebo_ws/install/as2_external_object_to_tf:/root/project_gazebo_ws/install/as2_behaviors_platform:/root/project_gazebo_ws/install/as2_behaviors_perception:/root/project_gazebo_ws/install/as2_behaviors_path_planning:/root/project_gazebo_ws/install/as2_behavior_tree:/root/project_gazebo_ws/install/as2_behavior:/root/project_gazebo_ws/install/as2_alphanumeric_viewer:/root/project_gazebo_ws/install/as2_core:/root/project_gazebo_ws/install/as2_msgs:/root/project_gazebo_ws/install/as2_cli:/root/project_gazebo_ws/install/as2_visualization:/root/project_gazebo_ws/install/as2_keyboard_teleoperation:/root/project_gazebo_ws/install/as2_python_api:/opt/ros/humble LD_LIBRARY_PATH=/mission_planning_ws/src/install/as2_core/lib:/mission_planning_ws/src/install/as2_msgs/lib:${LD_LIBRARY_PATH} PYTHONPATH=/mission_planning_ws/src/install/as2_core/local/lib/python3.10/dist-packages:/mission_planning_ws/src/install/as2_msgs/local/lib/python3.10/dist-packages:${PYTHONPATH} /usr/bin/cmake --install /mission_planning_ws/src/build/as2_platform_crazyflie
