[0.062s] Invoking command in '/mission_planning_ws/build/as2_state_estimator': AMENT_PREFIX_PATH=/mission_planning_ws/install/as2_core:/mission_planning_ws/install/mocap4r2_msgs:/mission_planning_ws/install/as2_msgs:${AMENT_PREFIX_PATH} CMAKE_PREFIX_PATH=/mission_planning_ws/install/as2_core:/mission_planning_ws/install/mocap4r2_msgs:/mission_planning_ws/install/as2_msgs:/root/project_gazebo_ws/install/aerostack2:/root/project_gazebo_ws/install/as2_usb_camera_interface:/root/project_gazebo_ws/install/as2_state_estimator:/root/project_gazebo_ws/install/as2_rviz_plugins:/root/project_gazebo_ws/install/as2_realsense_interface:/root/project_gazebo_ws/install/as2_platform_multirotor_simulator:/root/project_gazebo_ws/install/as2_platform_gazebo:/root/project_gazebo_ws/install/as2_motion_controller:/root/project_gazebo_ws/install/as2_behaviors_trajectory_generation:/root/project_gazebo_ws/install/as2_behaviors_motion:/root/project_gazebo_ws/install/as2_motion_reference_handlers:/root/project_gazebo_ws/install/as2_map_server:/root/project_gazebo_ws/install/as2_geozones:/root/project_gazebo_ws/install/as2_gazebo_assets:/root/project_gazebo_ws/install/as2_external_object_to_tf:/root/project_gazebo_ws/install/as2_behaviors_platform:/root/project_gazebo_ws/install/as2_behaviors_perception:/root/project_gazebo_ws/install/as2_behaviors_path_planning:/root/project_gazebo_ws/install/as2_behavior_tree:/root/project_gazebo_ws/install/as2_behavior:/root/project_gazebo_ws/install/as2_alphanumeric_viewer:/root/project_gazebo_ws/install/as2_core:/root/project_gazebo_ws/install/as2_msgs:/root/project_gazebo_ws/install/as2_cli:/root/project_gazebo_ws/install/as2_visualization:/root/project_gazebo_ws/install/as2_keyboard_teleoperation:/root/project_gazebo_ws/install/as2_python_api:/opt/ros/humble LD_LIBRARY_PATH=/mission_planning_ws/install/as2_core/lib:/mission_planning_ws/install/mocap4r2_msgs/lib:/mission_planning_ws/install/as2_msgs/lib:${LD_LIBRARY_PATH} PYTHONPATH=/mission_planning_ws/install/as2_core/local/lib/python3.10/dist-packages:/mission_planning_ws/install/mocap4r2_msgs/local/lib/python3.10/dist-packages:/mission_planning_ws/install/as2_msgs/local/lib/python3.10/dist-packages:${PYTHONPATH} /usr/bin/cmake --build /mission_planning_ws/build/as2_state_estimator -- -j22 -l22
[0.206s] [  5%] Built target as2_state_estimator_plugin_base
[0.209s] [ 15%] Built target gtest_main
[0.218s] [ 26%] Built target gtest
[0.220s] [ 36%] Built target as2_state_estimator
[0.314s] [ 47%] Built target as2_state_estimator_node
[0.314s] [ 57%] Built target as2_state_estimator_as2_state_estimator_gtest
[0.321s] [ 68%] Built target ground_truth
[0.322s] [ 78%] Built target raw_odometry
[0.323s] [ 89%] Built target mocap_pose
[0.354s] [100%] Built target as2_state_estimator_mocap_gtest
[0.404s] Invoked command in '/mission_planning_ws/build/as2_state_estimator' returned '0': AMENT_PREFIX_PATH=/mission_planning_ws/install/as2_core:/mission_planning_ws/install/mocap4r2_msgs:/mission_planning_ws/install/as2_msgs:${AMENT_PREFIX_PATH} CMAKE_PREFIX_PATH=/mission_planning_ws/install/as2_core:/mission_planning_ws/install/mocap4r2_msgs:/mission_planning_ws/install/as2_msgs:/root/project_gazebo_ws/install/aerostack2:/root/project_gazebo_ws/install/as2_usb_camera_interface:/root/project_gazebo_ws/install/as2_state_estimator:/root/project_gazebo_ws/install/as2_rviz_plugins:/root/project_gazebo_ws/install/as2_realsense_interface:/root/project_gazebo_ws/install/as2_platform_multirotor_simulator:/root/project_gazebo_ws/install/as2_platform_gazebo:/root/project_gazebo_ws/install/as2_motion_controller:/root/project_gazebo_ws/install/as2_behaviors_trajectory_generation:/root/project_gazebo_ws/install/as2_behaviors_motion:/root/project_gazebo_ws/install/as2_motion_reference_handlers:/root/project_gazebo_ws/install/as2_map_server:/root/project_gazebo_ws/install/as2_geozones:/root/project_gazebo_ws/install/as2_gazebo_assets:/root/project_gazebo_ws/install/as2_external_object_to_tf:/root/project_gazebo_ws/install/as2_behaviors_platform:/root/project_gazebo_ws/install/as2_behaviors_perception:/root/project_gazebo_ws/install/as2_behaviors_path_planning:/root/project_gazebo_ws/install/as2_behavior_tree:/root/project_gazebo_ws/install/as2_behavior:/root/project_gazebo_ws/install/as2_alphanumeric_viewer:/root/project_gazebo_ws/install/as2_core:/root/project_gazebo_ws/install/as2_msgs:/root/project_gazebo_ws/install/as2_cli:/root/project_gazebo_ws/install/as2_visualization:/root/project_gazebo_ws/install/as2_keyboard_teleoperation:/root/project_gazebo_ws/install/as2_python_api:/opt/ros/humble LD_LIBRARY_PATH=/mission_planning_ws/install/as2_core/lib:/mission_planning_ws/install/mocap4r2_msgs/lib:/mission_planning_ws/install/as2_msgs/lib:${LD_LIBRARY_PATH} PYTHONPATH=/mission_planning_ws/install/as2_core/local/lib/python3.10/dist-packages:/mission_planning_ws/install/mocap4r2_msgs/local/lib/python3.10/dist-packages:/mission_planning_ws/install/as2_msgs/local/lib/python3.10/dist-packages:${PYTHONPATH} /usr/bin/cmake --build /mission_planning_ws/build/as2_state_estimator -- -j22 -l22
[0.406s] Invoking command in '/mission_planning_ws/build/as2_state_estimator': AMENT_PREFIX_PATH=/mission_planning_ws/install/as2_core:/mission_planning_ws/install/mocap4r2_msgs:/mission_planning_ws/install/as2_msgs:${AMENT_PREFIX_PATH} CMAKE_PREFIX_PATH=/mission_planning_ws/install/as2_core:/mission_planning_ws/install/mocap4r2_msgs:/mission_planning_ws/install/as2_msgs:/root/project_gazebo_ws/install/aerostack2:/root/project_gazebo_ws/install/as2_usb_camera_interface:/root/project_gazebo_ws/install/as2_state_estimator:/root/project_gazebo_ws/install/as2_rviz_plugins:/root/project_gazebo_ws/install/as2_realsense_interface:/root/project_gazebo_ws/install/as2_platform_multirotor_simulator:/root/project_gazebo_ws/install/as2_platform_gazebo:/root/project_gazebo_ws/install/as2_motion_controller:/root/project_gazebo_ws/install/as2_behaviors_trajectory_generation:/root/project_gazebo_ws/install/as2_behaviors_motion:/root/project_gazebo_ws/install/as2_motion_reference_handlers:/root/project_gazebo_ws/install/as2_map_server:/root/project_gazebo_ws/install/as2_geozones:/root/project_gazebo_ws/install/as2_gazebo_assets:/root/project_gazebo_ws/install/as2_external_object_to_tf:/root/project_gazebo_ws/install/as2_behaviors_platform:/root/project_gazebo_ws/install/as2_behaviors_perception:/root/project_gazebo_ws/install/as2_behaviors_path_planning:/root/project_gazebo_ws/install/as2_behavior_tree:/root/project_gazebo_ws/install/as2_behavior:/root/project_gazebo_ws/install/as2_alphanumeric_viewer:/root/project_gazebo_ws/install/as2_core:/root/project_gazebo_ws/install/as2_msgs:/root/project_gazebo_ws/install/as2_cli:/root/project_gazebo_ws/install/as2_visualization:/root/project_gazebo_ws/install/as2_keyboard_teleoperation:/root/project_gazebo_ws/install/as2_python_api:/opt/ros/humble LD_LIBRARY_PATH=/mission_planning_ws/install/as2_core/lib:/mission_planning_ws/install/mocap4r2_msgs/lib:/mission_planning_ws/install/as2_msgs/lib:${LD_LIBRARY_PATH} PYTHONPATH=/mission_planning_ws/install/as2_core/local/lib/python3.10/dist-packages:/mission_planning_ws/install/mocap4r2_msgs/local/lib/python3.10/dist-packages:/mission_planning_ws/install/as2_msgs/local/lib/python3.10/dist-packages:${PYTHONPATH} /usr/bin/cmake --install /mission_planning_ws/build/as2_state_estimator
[0.413s] -- Install configuration: "Release"
[0.414s] -- Up-to-date: /mission_planning_ws/install/as2_state_estimator/lib/libas2_state_estimator.so
[0.415s] -- Up-to-date: /mission_planning_ws/install/as2_state_estimator/lib/libas2_state_estimator_plugin_base.so
[0.416s] -- Up-to-date: /mission_planning_ws/install/as2_state_estimator/lib/as2_state_estimator/as2_state_estimator_node
[0.416s] -- Up-to-date: /mission_planning_ws/install/as2_state_estimator/include
[0.416s] -- Up-to-date: /mission_planning_ws/install/as2_state_estimator/include/as2_state_estimator
[0.416s] -- Up-to-date: /mission_planning_ws/install/as2_state_estimator/include/as2_state_estimator/as2_state_estimator.hpp
[0.416s] -- Up-to-date: /mission_planning_ws/install/as2_state_estimator/include/as2_state_estimator/plugin_base.hpp
[0.417s] -- Up-to-date: /mission_planning_ws/install/as2_state_estimator/share/as2_state_estimator/plugins.xml
[0.417s] -- Up-to-date: /mission_planning_ws/install/as2_state_estimator/share/as2_state_estimator/plugins/raw_odometry/config
[0.417s] -- Up-to-date: /mission_planning_ws/install/as2_state_estimator/share/as2_state_estimator/plugins/raw_odometry/config/plugin_default.yaml
[0.417s] -- Up-to-date: /mission_planning_ws/install/as2_state_estimator/share/as2_state_estimator/plugins/ground_truth/config
[0.421s] -- Up-to-date: /mission_planning_ws/install/as2_state_estimator/share/as2_state_estimator/plugins/ground_truth/config/plugin_default.yaml
[0.421s] -- Up-to-date: /mission_planning_ws/install/as2_state_estimator/share/as2_state_estimator/plugins/mocap_pose/config
[0.421s] -- Up-to-date: /mission_planning_ws/install/as2_state_estimator/share/as2_state_estimator/plugins/mocap_pose/config/plugin_default.yaml
[0.421s] -- Up-to-date: /mission_planning_ws/install/as2_state_estimator/share/as2_state_estimator/launch
[0.421s] -- Up-to-date: /mission_planning_ws/install/as2_state_estimator/share/as2_state_estimator/launch/raw_odometry_state_estimator.launch.py
[0.421s] -- Up-to-date: /mission_planning_ws/install/as2_state_estimator/share/as2_state_estimator/launch/ground_truth_state_estimator.launch.py
[0.421s] -- Up-to-date: /mission_planning_ws/install/as2_state_estimator/share/as2_state_estimator/launch/mocap_pose_state_estimator.launch.py
[0.421s] -- Up-to-date: /mission_planning_ws/install/as2_state_estimator/share/as2_state_estimator/launch/state_estimator_launch.py
[0.421s] -- Up-to-date: /mission_planning_ws/install/as2_state_estimator/share/as2_state_estimator/config
[0.421s] -- Up-to-date: /mission_planning_ws/install/as2_state_estimator/share/as2_state_estimator/config/state_estimator_default.yaml
[0.421s] -- Up-to-date: /mission_planning_ws/install/as2_state_estimator/share/ament_index/resource_index/package_run_dependencies/as2_state_estimator
[0.421s] -- Up-to-date: /mission_planning_ws/install/as2_state_estimator/share/ament_index/resource_index/parent_prefix_path/as2_state_estimator
[0.421s] -- Up-to-date: /mission_planning_ws/install/as2_state_estimator/share/as2_state_estimator/environment/ament_prefix_path.sh
[0.421s] -- Up-to-date: /mission_planning_ws/install/as2_state_estimator/share/as2_state_estimator/environment/ament_prefix_path.dsv
[0.421s] -- Up-to-date: /mission_planning_ws/install/as2_state_estimator/share/as2_state_estimator/environment/path.sh
[0.421s] -- Up-to-date: /mission_planning_ws/install/as2_state_estimator/share/as2_state_estimator/environment/path.dsv
[0.421s] -- Up-to-date: /mission_planning_ws/install/as2_state_estimator/share/as2_state_estimator/local_setup.bash
[0.421s] -- Up-to-date: /mission_planning_ws/install/as2_state_estimator/share/as2_state_estimator/local_setup.sh
[0.421s] -- Up-to-date: /mission_planning_ws/install/as2_state_estimator/share/as2_state_estimator/local_setup.zsh
[0.421s] -- Up-to-date: /mission_planning_ws/install/as2_state_estimator/share/as2_state_estimator/local_setup.dsv
[0.422s] -- Installing: /mission_planning_ws/install/as2_state_estimator/share/as2_state_estimator/package.dsv
[0.422s] -- Up-to-date: /mission_planning_ws/install/as2_state_estimator/share/ament_index/resource_index/packages/as2_state_estimator
[0.422s] -- Up-to-date: /mission_planning_ws/install/as2_state_estimator/share/ament_index/resource_index/as2_state_estimator__pluginlib__plugin/as2_state_estimator
[0.422s] -- Up-to-date: /mission_planning_ws/install/as2_state_estimator/share/as2_state_estimator/cmake/as2_state_estimatorConfig.cmake
[0.422s] -- Up-to-date: /mission_planning_ws/install/as2_state_estimator/share/as2_state_estimator/cmake/as2_state_estimatorConfig-version.cmake
[0.422s] -- Up-to-date: /mission_planning_ws/install/as2_state_estimator/share/as2_state_estimator/package.xml
[0.422s] -- Up-to-date: /mission_planning_ws/install/as2_state_estimator/include
[0.422s] -- Up-to-date: /mission_planning_ws/install/as2_state_estimator/include/raw_odometry.hpp
[0.422s] -- Up-to-date: /mission_planning_ws/install/as2_state_estimator/share/as2_state_estimator/environment/library_path.sh
[0.423s] -- Up-to-date: /mission_planning_ws/install/as2_state_estimator/share/as2_state_estimator/environment/library_path.dsv
[0.424s] -- Up-to-date: /mission_planning_ws/install/as2_state_estimator/lib/libraw_odometry.so
[0.424s] -- Up-to-date: /mission_planning_ws/install/as2_state_estimator/include
[0.425s] -- Up-to-date: /mission_planning_ws/install/as2_state_estimator/include/ground_truth.hpp
[0.425s] -- Up-to-date: /mission_planning_ws/install/as2_state_estimator/share/as2_state_estimator/environment/library_path.sh
[0.425s] -- Up-to-date: /mission_planning_ws/install/as2_state_estimator/share/as2_state_estimator/environment/library_path.dsv
[0.426s] -- Up-to-date: /mission_planning_ws/install/as2_state_estimator/lib/libground_truth.so
[0.426s] -- Up-to-date: /mission_planning_ws/install/as2_state_estimator/include
[0.427s] -- Up-to-date: /mission_planning_ws/install/as2_state_estimator/include/mocap_pose.hpp
[0.427s] -- Up-to-date: /mission_planning_ws/install/as2_state_estimator/share/as2_state_estimator/environment/library_path.sh
[0.427s] -- Up-to-date: /mission_planning_ws/install/as2_state_estimator/share/as2_state_estimator/environment/library_path.dsv
[0.427s] -- Up-to-date: /mission_planning_ws/install/as2_state_estimator/lib/libmocap_pose.so
[0.535s] Invoked command in '/mission_planning_ws/build/as2_state_estimator' returned '0': AMENT_PREFIX_PATH=/mission_planning_ws/install/as2_core:/mission_planning_ws/install/mocap4r2_msgs:/mission_planning_ws/install/as2_msgs:${AMENT_PREFIX_PATH} CMAKE_PREFIX_PATH=/mission_planning_ws/install/as2_core:/mission_planning_ws/install/mocap4r2_msgs:/mission_planning_ws/install/as2_msgs:/root/project_gazebo_ws/install/aerostack2:/root/project_gazebo_ws/install/as2_usb_camera_interface:/root/project_gazebo_ws/install/as2_state_estimator:/root/project_gazebo_ws/install/as2_rviz_plugins:/root/project_gazebo_ws/install/as2_realsense_interface:/root/project_gazebo_ws/install/as2_platform_multirotor_simulator:/root/project_gazebo_ws/install/as2_platform_gazebo:/root/project_gazebo_ws/install/as2_motion_controller:/root/project_gazebo_ws/install/as2_behaviors_trajectory_generation:/root/project_gazebo_ws/install/as2_behaviors_motion:/root/project_gazebo_ws/install/as2_motion_reference_handlers:/root/project_gazebo_ws/install/as2_map_server:/root/project_gazebo_ws/install/as2_geozones:/root/project_gazebo_ws/install/as2_gazebo_assets:/root/project_gazebo_ws/install/as2_external_object_to_tf:/root/project_gazebo_ws/install/as2_behaviors_platform:/root/project_gazebo_ws/install/as2_behaviors_perception:/root/project_gazebo_ws/install/as2_behaviors_path_planning:/root/project_gazebo_ws/install/as2_behavior_tree:/root/project_gazebo_ws/install/as2_behavior:/root/project_gazebo_ws/install/as2_alphanumeric_viewer:/root/project_gazebo_ws/install/as2_core:/root/project_gazebo_ws/install/as2_msgs:/root/project_gazebo_ws/install/as2_cli:/root/project_gazebo_ws/install/as2_visualization:/root/project_gazebo_ws/install/as2_keyboard_teleoperation:/root/project_gazebo_ws/install/as2_python_api:/opt/ros/humble LD_LIBRARY_PATH=/mission_planning_ws/install/as2_core/lib:/mission_planning_ws/install/mocap4r2_msgs/lib:/mission_planning_ws/install/as2_msgs/lib:${LD_LIBRARY_PATH} PYTHONPATH=/mission_planning_ws/install/as2_core/local/lib/python3.10/dist-packages:/mission_planning_ws/install/mocap4r2_msgs/local/lib/python3.10/dist-packages:/mission_planning_ws/install/as2_msgs/local/lib/python3.10/dist-packages:${PYTHONPATH} /usr/bin/cmake --install /mission_planning_ws/build/as2_state_estimator
