running egg_info
creating ../../../build/as2_python_api/as2_python_api.egg-info
writing ../../../build/as2_python_api/as2_python_api.egg-info/PKG-INFO
writing dependency_links to ../../../build/as2_python_api/as2_python_api.egg-info/dependency_links.txt
writing entry points to ../../../build/as2_python_api/as2_python_api.egg-info/entry_points.txt
writing requirements to ../../../build/as2_python_api/as2_python_api.egg-info/requires.txt
writing top-level names to ../../../build/as2_python_api/as2_python_api.egg-info/top_level.txt
writing manifest file '../../../build/as2_python_api/as2_python_api.egg-info/SOURCES.txt'
reading manifest file '../../../build/as2_python_api/as2_python_api.egg-info/SOURCES.txt'
writing manifest file '../../../build/as2_python_api/as2_python_api.egg-info/SOURCES.txt'
running build
running build_py
creating /mission_planning_ws/build/as2_python_api/build
creating /mission_planning_ws/build/as2_python_api/build/lib
creating /mission_planning_ws/build/as2_python_api/build/lib/as2_python_api
copying as2_python_api/__init__.py -> /mission_planning_ws/build/as2_python_api/build/lib/as2_python_api
copying as2_python_api/drone_interface_base.py -> /mission_planning_ws/build/as2_python_api/build/lib/as2_python_api
copying as2_python_api/drone_interface_gps.py -> /mission_planning_ws/build/as2_python_api/build/lib/as2_python_api
copying as2_python_api/drone_interface.py -> /mission_planning_ws/build/as2_python_api/build/lib/as2_python_api
copying as2_python_api/drone_interface_teleop.py -> /mission_planning_ws/build/as2_python_api/build/lib/as2_python_api
creating /mission_planning_ws/build/as2_python_api/build/lib/as2_python_api/modules
copying as2_python_api/modules/module_base.py -> /mission_planning_ws/build/as2_python_api/build/lib/as2_python_api/modules
copying as2_python_api/modules/__init__.py -> /mission_planning_ws/build/as2_python_api/build/lib/as2_python_api/modules
copying as2_python_api/modules/follow_reference_module.py -> /mission_planning_ws/build/as2_python_api/build/lib/as2_python_api/modules
copying as2_python_api/modules/point_gimbal_module.py -> /mission_planning_ws/build/as2_python_api/build/lib/as2_python_api/modules
copying as2_python_api/modules/navigate_to_module.py -> /mission_planning_ws/build/as2_python_api/build/lib/as2_python_api/modules
copying as2_python_api/modules/follow_path_gps_module.py -> /mission_planning_ws/build/as2_python_api/build/lib/as2_python_api/modules
copying as2_python_api/modules/trajectory_generation_module.py -> /mission_planning_ws/build/as2_python_api/build/lib/as2_python_api/modules
copying as2_python_api/modules/dummy_module.py -> /mission_planning_ws/build/as2_python_api/build/lib/as2_python_api/modules
copying as2_python_api/modules/motion_reference_handler_module.py -> /mission_planning_ws/build/as2_python_api/build/lib/as2_python_api/modules
copying as2_python_api/modules/go_to_module.py -> /mission_planning_ws/build/as2_python_api/build/lib/as2_python_api/modules
copying as2_python_api/modules/follow_path_module.py -> /mission_planning_ws/build/as2_python_api/build/lib/as2_python_api/modules
copying as2_python_api/modules/rtl_module.py -> /mission_planning_ws/build/as2_python_api/build/lib/as2_python_api/modules
copying as2_python_api/modules/land_module.py -> /mission_planning_ws/build/as2_python_api/build/lib/as2_python_api/modules
copying as2_python_api/modules/gps_module.py -> /mission_planning_ws/build/as2_python_api/build/lib/as2_python_api/modules
copying as2_python_api/modules/go_to_gps_module.py -> /mission_planning_ws/build/as2_python_api/build/lib/as2_python_api/modules
copying as2_python_api/modules/takeoff_module.py -> /mission_planning_ws/build/as2_python_api/build/lib/as2_python_api/modules
creating /mission_planning_ws/build/as2_python_api/build/lib/as2_python_api/behavior_manager
copying as2_python_api/behavior_manager/__init__.py -> /mission_planning_ws/build/as2_python_api/build/lib/as2_python_api/behavior_manager
copying as2_python_api/behavior_manager/behavior_manager.py -> /mission_planning_ws/build/as2_python_api/build/lib/as2_python_api/behavior_manager
creating /mission_planning_ws/build/as2_python_api/build/lib/as2_python_api/tools
copying as2_python_api/tools/__init__.py -> /mission_planning_ws/build/as2_python_api/build/lib/as2_python_api/tools
copying as2_python_api/tools/utils.py -> /mission_planning_ws/build/as2_python_api/build/lib/as2_python_api/tools
creating /mission_planning_ws/build/as2_python_api/build/lib/as2_python_api/behavior_actions
copying as2_python_api/behavior_actions/trajectory_generation_behavior.py -> /mission_planning_ws/build/as2_python_api/build/lib/as2_python_api/behavior_actions
copying as2_python_api/behavior_actions/navigate_to_behavior.py -> /mission_planning_ws/build/as2_python_api/build/lib/as2_python_api/behavior_actions
copying as2_python_api/behavior_actions/__init__.py -> /mission_planning_ws/build/as2_python_api/build/lib/as2_python_api/behavior_actions
copying as2_python_api/behavior_actions/go_to_behavior.py -> /mission_planning_ws/build/as2_python_api/build/lib/as2_python_api/behavior_actions
copying as2_python_api/behavior_actions/land_behavior.py -> /mission_planning_ws/build/as2_python_api/build/lib/as2_python_api/behavior_actions
copying as2_python_api/behavior_actions/point_gimbal_behavior.py -> /mission_planning_ws/build/as2_python_api/build/lib/as2_python_api/behavior_actions
copying as2_python_api/behavior_actions/behavior_handler.py -> /mission_planning_ws/build/as2_python_api/build/lib/as2_python_api/behavior_actions
copying as2_python_api/behavior_actions/takeoff_behavior.py -> /mission_planning_ws/build/as2_python_api/build/lib/as2_python_api/behavior_actions
copying as2_python_api/behavior_actions/follow_reference_behavior.py -> /mission_planning_ws/build/as2_python_api/build/lib/as2_python_api/behavior_actions
copying as2_python_api/behavior_actions/followpath_behavior.py -> /mission_planning_ws/build/as2_python_api/build/lib/as2_python_api/behavior_actions
creating /mission_planning_ws/build/as2_python_api/build/lib/as2_python_api/shared_data
copying as2_python_api/shared_data/__init__.py -> /mission_planning_ws/build/as2_python_api/build/lib/as2_python_api/shared_data
copying as2_python_api/shared_data/platform_info_data.py -> /mission_planning_ws/build/as2_python_api/build/lib/as2_python_api/shared_data
copying as2_python_api/shared_data/gps_data.py -> /mission_planning_ws/build/as2_python_api/build/lib/as2_python_api/shared_data
copying as2_python_api/shared_data/orientation_data.py -> /mission_planning_ws/build/as2_python_api/build/lib/as2_python_api/shared_data
copying as2_python_api/shared_data/pose_data.py -> /mission_planning_ws/build/as2_python_api/build/lib/as2_python_api/shared_data
copying as2_python_api/shared_data/twist_data.py -> /mission_planning_ws/build/as2_python_api/build/lib/as2_python_api/shared_data
copying as2_python_api/shared_data/position_data.py -> /mission_planning_ws/build/as2_python_api/build/lib/as2_python_api/shared_data
creating /mission_planning_ws/build/as2_python_api/build/lib/as2_python_api/mission_interpreter
copying as2_python_api/mission_interpreter/__init__.py -> /mission_planning_ws/build/as2_python_api/build/lib/as2_python_api/mission_interpreter
copying as2_python_api/mission_interpreter/mission.py -> /mission_planning_ws/build/as2_python_api/build/lib/as2_python_api/mission_interpreter
copying as2_python_api/mission_interpreter/mission_interpreter.py -> /mission_planning_ws/build/as2_python_api/build/lib/as2_python_api/mission_interpreter
copying as2_python_api/mission_interpreter/mission_stack.py -> /mission_planning_ws/build/as2_python_api/build/lib/as2_python_api/mission_interpreter
copying as2_python_api/mission_interpreter/ros2_adapter.py -> /mission_planning_ws/build/as2_python_api/build/lib/as2_python_api/mission_interpreter
creating /mission_planning_ws/build/as2_python_api/build/lib/as2_python_api/service_clients
copying as2_python_api/service_clients/__init__.py -> /mission_planning_ws/build/as2_python_api/build/lib/as2_python_api/service_clients
copying as2_python_api/service_clients/arming.py -> /mission_planning_ws/build/as2_python_api/build/lib/as2_python_api/service_clients
copying as2_python_api/service_clients/service_handler.py -> /mission_planning_ws/build/as2_python_api/build/lib/as2_python_api/service_clients
copying as2_python_api/service_clients/offboard.py -> /mission_planning_ws/build/as2_python_api/build/lib/as2_python_api/service_clients
running install
running install_lib
creating /mission_planning_ws/install/as2_python_api/lib/python3.10/site-packages/as2_python_api
copying /mission_planning_ws/build/as2_python_api/build/lib/as2_python_api/__init__.py -> /mission_planning_ws/install/as2_python_api/lib/python3.10/site-packages/as2_python_api
copying /mission_planning_ws/build/as2_python_api/build/lib/as2_python_api/drone_interface_base.py -> /mission_planning_ws/install/as2_python_api/lib/python3.10/site-packages/as2_python_api
copying /mission_planning_ws/build/as2_python_api/build/lib/as2_python_api/drone_interface_gps.py -> /mission_planning_ws/install/as2_python_api/lib/python3.10/site-packages/as2_python_api
creating /mission_planning_ws/install/as2_python_api/lib/python3.10/site-packages/as2_python_api/modules
copying /mission_planning_ws/build/as2_python_api/build/lib/as2_python_api/modules/module_base.py -> /mission_planning_ws/install/as2_python_api/lib/python3.10/site-packages/as2_python_api/modules
copying /mission_planning_ws/build/as2_python_api/build/lib/as2_python_api/modules/__init__.py -> /mission_planning_ws/install/as2_python_api/lib/python3.10/site-packages/as2_python_api/modules
copying /mission_planning_ws/build/as2_python_api/build/lib/as2_python_api/modules/follow_reference_module.py -> /mission_planning_ws/install/as2_python_api/lib/python3.10/site-packages/as2_python_api/modules
copying /mission_planning_ws/build/as2_python_api/build/lib/as2_python_api/modules/point_gimbal_module.py -> /mission_planning_ws/install/as2_python_api/lib/python3.10/site-packages/as2_python_api/modules
copying /mission_planning_ws/build/as2_python_api/build/lib/as2_python_api/modules/navigate_to_module.py -> /mission_planning_ws/install/as2_python_api/lib/python3.10/site-packages/as2_python_api/modules
copying /mission_planning_ws/build/as2_python_api/build/lib/as2_python_api/modules/follow_path_gps_module.py -> /mission_planning_ws/install/as2_python_api/lib/python3.10/site-packages/as2_python_api/modules
copying /mission_planning_ws/build/as2_python_api/build/lib/as2_python_api/modules/trajectory_generation_module.py -> /mission_planning_ws/install/as2_python_api/lib/python3.10/site-packages/as2_python_api/modules
copying /mission_planning_ws/build/as2_python_api/build/lib/as2_python_api/modules/dummy_module.py -> /mission_planning_ws/install/as2_python_api/lib/python3.10/site-packages/as2_python_api/modules
copying /mission_planning_ws/build/as2_python_api/build/lib/as2_python_api/modules/motion_reference_handler_module.py -> /mission_planning_ws/install/as2_python_api/lib/python3.10/site-packages/as2_python_api/modules
copying /mission_planning_ws/build/as2_python_api/build/lib/as2_python_api/modules/go_to_module.py -> /mission_planning_ws/install/as2_python_api/lib/python3.10/site-packages/as2_python_api/modules
copying /mission_planning_ws/build/as2_python_api/build/lib/as2_python_api/modules/follow_path_module.py -> /mission_planning_ws/install/as2_python_api/lib/python3.10/site-packages/as2_python_api/modules
copying /mission_planning_ws/build/as2_python_api/build/lib/as2_python_api/modules/rtl_module.py -> /mission_planning_ws/install/as2_python_api/lib/python3.10/site-packages/as2_python_api/modules
copying /mission_planning_ws/build/as2_python_api/build/lib/as2_python_api/modules/land_module.py -> /mission_planning_ws/install/as2_python_api/lib/python3.10/site-packages/as2_python_api/modules
copying /mission_planning_ws/build/as2_python_api/build/lib/as2_python_api/modules/gps_module.py -> /mission_planning_ws/install/as2_python_api/lib/python3.10/site-packages/as2_python_api/modules
copying /mission_planning_ws/build/as2_python_api/build/lib/as2_python_api/modules/go_to_gps_module.py -> /mission_planning_ws/install/as2_python_api/lib/python3.10/site-packages/as2_python_api/modules
copying /mission_planning_ws/build/as2_python_api/build/lib/as2_python_api/modules/takeoff_module.py -> /mission_planning_ws/install/as2_python_api/lib/python3.10/site-packages/as2_python_api/modules
creating /mission_planning_ws/install/as2_python_api/lib/python3.10/site-packages/as2_python_api/behavior_manager
copying /mission_planning_ws/build/as2_python_api/build/lib/as2_python_api/behavior_manager/__init__.py -> /mission_planning_ws/install/as2_python_api/lib/python3.10/site-packages/as2_python_api/behavior_manager
copying /mission_planning_ws/build/as2_python_api/build/lib/as2_python_api/behavior_manager/behavior_manager.py -> /mission_planning_ws/install/as2_python_api/lib/python3.10/site-packages/as2_python_api/behavior_manager
creating /mission_planning_ws/install/as2_python_api/lib/python3.10/site-packages/as2_python_api/tools
copying /mission_planning_ws/build/as2_python_api/build/lib/as2_python_api/tools/__init__.py -> /mission_planning_ws/install/as2_python_api/lib/python3.10/site-packages/as2_python_api/tools
copying /mission_planning_ws/build/as2_python_api/build/lib/as2_python_api/tools/utils.py -> /mission_planning_ws/install/as2_python_api/lib/python3.10/site-packages/as2_python_api/tools
creating /mission_planning_ws/install/as2_python_api/lib/python3.10/site-packages/as2_python_api/behavior_actions
copying /mission_planning_ws/build/as2_python_api/build/lib/as2_python_api/behavior_actions/trajectory_generation_behavior.py -> /mission_planning_ws/install/as2_python_api/lib/python3.10/site-packages/as2_python_api/behavior_actions
copying /mission_planning_ws/build/as2_python_api/build/lib/as2_python_api/behavior_actions/navigate_to_behavior.py -> /mission_planning_ws/install/as2_python_api/lib/python3.10/site-packages/as2_python_api/behavior_actions
copying /mission_planning_ws/build/as2_python_api/build/lib/as2_python_api/behavior_actions/__init__.py -> /mission_planning_ws/install/as2_python_api/lib/python3.10/site-packages/as2_python_api/behavior_actions
copying /mission_planning_ws/build/as2_python_api/build/lib/as2_python_api/behavior_actions/go_to_behavior.py -> /mission_planning_ws/install/as2_python_api/lib/python3.10/site-packages/as2_python_api/behavior_actions
copying /mission_planning_ws/build/as2_python_api/build/lib/as2_python_api/behavior_actions/land_behavior.py -> /mission_planning_ws/install/as2_python_api/lib/python3.10/site-packages/as2_python_api/behavior_actions
copying /mission_planning_ws/build/as2_python_api/build/lib/as2_python_api/behavior_actions/point_gimbal_behavior.py -> /mission_planning_ws/install/as2_python_api/lib/python3.10/site-packages/as2_python_api/behavior_actions
copying /mission_planning_ws/build/as2_python_api/build/lib/as2_python_api/behavior_actions/behavior_handler.py -> /mission_planning_ws/install/as2_python_api/lib/python3.10/site-packages/as2_python_api/behavior_actions
copying /mission_planning_ws/build/as2_python_api/build/lib/as2_python_api/behavior_actions/takeoff_behavior.py -> /mission_planning_ws/install/as2_python_api/lib/python3.10/site-packages/as2_python_api/behavior_actions
copying /mission_planning_ws/build/as2_python_api/build/lib/as2_python_api/behavior_actions/follow_reference_behavior.py -> /mission_planning_ws/install/as2_python_api/lib/python3.10/site-packages/as2_python_api/behavior_actions
copying /mission_planning_ws/build/as2_python_api/build/lib/as2_python_api/behavior_actions/followpath_behavior.py -> /mission_planning_ws/install/as2_python_api/lib/python3.10/site-packages/as2_python_api/behavior_actions
copying /mission_planning_ws/build/as2_python_api/build/lib/as2_python_api/drone_interface.py -> /mission_planning_ws/install/as2_python_api/lib/python3.10/site-packages/as2_python_api
creating /mission_planning_ws/install/as2_python_api/lib/python3.10/site-packages/as2_python_api/shared_data
copying /mission_planning_ws/build/as2_python_api/build/lib/as2_python_api/shared_data/__init__.py -> /mission_planning_ws/install/as2_python_api/lib/python3.10/site-packages/as2_python_api/shared_data
copying /mission_planning_ws/build/as2_python_api/build/lib/as2_python_api/shared_data/platform_info_data.py -> /mission_planning_ws/install/as2_python_api/lib/python3.10/site-packages/as2_python_api/shared_data
copying /mission_planning_ws/build/as2_python_api/build/lib/as2_python_api/shared_data/gps_data.py -> /mission_planning_ws/install/as2_python_api/lib/python3.10/site-packages/as2_python_api/shared_data
copying /mission_planning_ws/build/as2_python_api/build/lib/as2_python_api/shared_data/orientation_data.py -> /mission_planning_ws/install/as2_python_api/lib/python3.10/site-packages/as2_python_api/shared_data
copying /mission_planning_ws/build/as2_python_api/build/lib/as2_python_api/shared_data/pose_data.py -> /mission_planning_ws/install/as2_python_api/lib/python3.10/site-packages/as2_python_api/shared_data
copying /mission_planning_ws/build/as2_python_api/build/lib/as2_python_api/shared_data/twist_data.py -> /mission_planning_ws/install/as2_python_api/lib/python3.10/site-packages/as2_python_api/shared_data
copying /mission_planning_ws/build/as2_python_api/build/lib/as2_python_api/shared_data/position_data.py -> /mission_planning_ws/install/as2_python_api/lib/python3.10/site-packages/as2_python_api/shared_data
creating /mission_planning_ws/install/as2_python_api/lib/python3.10/site-packages/as2_python_api/mission_interpreter
copying /mission_planning_ws/build/as2_python_api/build/lib/as2_python_api/mission_interpreter/__init__.py -> /mission_planning_ws/install/as2_python_api/lib/python3.10/site-packages/as2_python_api/mission_interpreter
copying /mission_planning_ws/build/as2_python_api/build/lib/as2_python_api/mission_interpreter/mission.py -> /mission_planning_ws/install/as2_python_api/lib/python3.10/site-packages/as2_python_api/mission_interpreter
copying /mission_planning_ws/build/as2_python_api/build/lib/as2_python_api/mission_interpreter/mission_interpreter.py -> /mission_planning_ws/install/as2_python_api/lib/python3.10/site-packages/as2_python_api/mission_interpreter
copying /mission_planning_ws/build/as2_python_api/build/lib/as2_python_api/mission_interpreter/mission_stack.py -> /mission_planning_ws/install/as2_python_api/lib/python3.10/site-packages/as2_python_api/mission_interpreter
copying /mission_planning_ws/build/as2_python_api/build/lib/as2_python_api/mission_interpreter/ros2_adapter.py -> /mission_planning_ws/install/as2_python_api/lib/python3.10/site-packages/as2_python_api/mission_interpreter
creating /mission_planning_ws/install/as2_python_api/lib/python3.10/site-packages/as2_python_api/service_clients
copying /mission_planning_ws/build/as2_python_api/build/lib/as2_python_api/service_clients/__init__.py -> /mission_planning_ws/install/as2_python_api/lib/python3.10/site-packages/as2_python_api/service_clients
copying /mission_planning_ws/build/as2_python_api/build/lib/as2_python_api/service_clients/arming.py -> /mission_planning_ws/install/as2_python_api/lib/python3.10/site-packages/as2_python_api/service_clients
copying /mission_planning_ws/build/as2_python_api/build/lib/as2_python_api/service_clients/service_handler.py -> /mission_planning_ws/install/as2_python_api/lib/python3.10/site-packages/as2_python_api/service_clients
copying /mission_planning_ws/build/as2_python_api/build/lib/as2_python_api/service_clients/offboard.py -> /mission_planning_ws/install/as2_python_api/lib/python3.10/site-packages/as2_python_api/service_clients
copying /mission_planning_ws/build/as2_python_api/build/lib/as2_python_api/drone_interface_teleop.py -> /mission_planning_ws/install/as2_python_api/lib/python3.10/site-packages/as2_python_api
byte-compiling /mission_planning_ws/install/as2_python_api/lib/python3.10/site-packages/as2_python_api/__init__.py to __init__.cpython-310.pyc
byte-compiling /mission_planning_ws/install/as2_python_api/lib/python3.10/site-packages/as2_python_api/drone_interface_base.py to drone_interface_base.cpython-310.pyc
byte-compiling /mission_planning_ws/install/as2_python_api/lib/python3.10/site-packages/as2_python_api/drone_interface_gps.py to drone_interface_gps.cpython-310.pyc
byte-compiling /mission_planning_ws/install/as2_python_api/lib/python3.10/site-packages/as2_python_api/modules/module_base.py to module_base.cpython-310.pyc
byte-compiling /mission_planning_ws/install/as2_python_api/lib/python3.10/site-packages/as2_python_api/modules/__init__.py to __init__.cpython-310.pyc
byte-compiling /mission_planning_ws/install/as2_python_api/lib/python3.10/site-packages/as2_python_api/modules/follow_reference_module.py to follow_reference_module.cpython-310.pyc
byte-compiling /mission_planning_ws/install/as2_python_api/lib/python3.10/site-packages/as2_python_api/modules/point_gimbal_module.py to point_gimbal_module.cpython-310.pyc
byte-compiling /mission_planning_ws/install/as2_python_api/lib/python3.10/site-packages/as2_python_api/modules/navigate_to_module.py to navigate_to_module.cpython-310.pyc
byte-compiling /mission_planning_ws/install/as2_python_api/lib/python3.10/site-packages/as2_python_api/modules/follow_path_gps_module.py to follow_path_gps_module.cpython-310.pyc
byte-compiling /mission_planning_ws/install/as2_python_api/lib/python3.10/site-packages/as2_python_api/modules/trajectory_generation_module.py to trajectory_generation_module.cpython-310.pyc
byte-compiling /mission_planning_ws/install/as2_python_api/lib/python3.10/site-packages/as2_python_api/modules/dummy_module.py to dummy_module.cpython-310.pyc
byte-compiling /mission_planning_ws/install/as2_python_api/lib/python3.10/site-packages/as2_python_api/modules/motion_reference_handler_module.py to motion_reference_handler_module.cpython-310.pyc
byte-compiling /mission_planning_ws/install/as2_python_api/lib/python3.10/site-packages/as2_python_api/modules/go_to_module.py to go_to_module.cpython-310.pyc
byte-compiling /mission_planning_ws/install/as2_python_api/lib/python3.10/site-packages/as2_python_api/modules/follow_path_module.py to follow_path_module.cpython-310.pyc
byte-compiling /mission_planning_ws/install/as2_python_api/lib/python3.10/site-packages/as2_python_api/modules/rtl_module.py to rtl_module.cpython-310.pyc
byte-compiling /mission_planning_ws/install/as2_python_api/lib/python3.10/site-packages/as2_python_api/modules/land_module.py to land_module.cpython-310.pyc
byte-compiling /mission_planning_ws/install/as2_python_api/lib/python3.10/site-packages/as2_python_api/modules/gps_module.py to gps_module.cpython-310.pyc
byte-compiling /mission_planning_ws/install/as2_python_api/lib/python3.10/site-packages/as2_python_api/modules/go_to_gps_module.py to go_to_gps_module.cpython-310.pyc
byte-compiling /mission_planning_ws/install/as2_python_api/lib/python3.10/site-packages/as2_python_api/modules/takeoff_module.py to takeoff_module.cpython-310.pyc
byte-compiling /mission_planning_ws/install/as2_python_api/lib/python3.10/site-packages/as2_python_api/behavior_manager/__init__.py to __init__.cpython-310.pyc
byte-compiling /mission_planning_ws/install/as2_python_api/lib/python3.10/site-packages/as2_python_api/behavior_manager/behavior_manager.py to behavior_manager.cpython-310.pyc
byte-compiling /mission_planning_ws/install/as2_python_api/lib/python3.10/site-packages/as2_python_api/tools/__init__.py to __init__.cpython-310.pyc
byte-compiling /mission_planning_ws/install/as2_python_api/lib/python3.10/site-packages/as2_python_api/tools/utils.py to utils.cpython-310.pyc
byte-compiling /mission_planning_ws/install/as2_python_api/lib/python3.10/site-packages/as2_python_api/behavior_actions/trajectory_generation_behavior.py to trajectory_generation_behavior.cpython-310.pyc
byte-compiling /mission_planning_ws/install/as2_python_api/lib/python3.10/site-packages/as2_python_api/behavior_actions/navigate_to_behavior.py to navigate_to_behavior.cpython-310.pyc
byte-compiling /mission_planning_ws/install/as2_python_api/lib/python3.10/site-packages/as2_python_api/behavior_actions/__init__.py to __init__.cpython-310.pyc
byte-compiling /mission_planning_ws/install/as2_python_api/lib/python3.10/site-packages/as2_python_api/behavior_actions/go_to_behavior.py to go_to_behavior.cpython-310.pyc
byte-compiling /mission_planning_ws/install/as2_python_api/lib/python3.10/site-packages/as2_python_api/behavior_actions/land_behavior.py to land_behavior.cpython-310.pyc
byte-compiling /mission_planning_ws/install/as2_python_api/lib/python3.10/site-packages/as2_python_api/behavior_actions/point_gimbal_behavior.py to point_gimbal_behavior.cpython-310.pyc
byte-compiling /mission_planning_ws/install/as2_python_api/lib/python3.10/site-packages/as2_python_api/behavior_actions/behavior_handler.py to behavior_handler.cpython-310.pyc
byte-compiling /mission_planning_ws/install/as2_python_api/lib/python3.10/site-packages/as2_python_api/behavior_actions/takeoff_behavior.py to takeoff_behavior.cpython-310.pyc
byte-compiling /mission_planning_ws/install/as2_python_api/lib/python3.10/site-packages/as2_python_api/behavior_actions/follow_reference_behavior.py to follow_reference_behavior.cpython-310.pyc
byte-compiling /mission_planning_ws/install/as2_python_api/lib/python3.10/site-packages/as2_python_api/behavior_actions/followpath_behavior.py to followpath_behavior.cpython-310.pyc
byte-compiling /mission_planning_ws/install/as2_python_api/lib/python3.10/site-packages/as2_python_api/drone_interface.py to drone_interface.cpython-310.pyc
byte-compiling /mission_planning_ws/install/as2_python_api/lib/python3.10/site-packages/as2_python_api/shared_data/__init__.py to __init__.cpython-310.pyc
byte-compiling /mission_planning_ws/install/as2_python_api/lib/python3.10/site-packages/as2_python_api/shared_data/platform_info_data.py to platform_info_data.cpython-310.pyc
byte-compiling /mission_planning_ws/install/as2_python_api/lib/python3.10/site-packages/as2_python_api/shared_data/gps_data.py to gps_data.cpython-310.pyc
byte-compiling /mission_planning_ws/install/as2_python_api/lib/python3.10/site-packages/as2_python_api/shared_data/orientation_data.py to orientation_data.cpython-310.pyc
byte-compiling /mission_planning_ws/install/as2_python_api/lib/python3.10/site-packages/as2_python_api/shared_data/pose_data.py to pose_data.cpython-310.pyc
byte-compiling /mission_planning_ws/install/as2_python_api/lib/python3.10/site-packages/as2_python_api/shared_data/twist_data.py to twist_data.cpython-310.pyc
byte-compiling /mission_planning_ws/install/as2_python_api/lib/python3.10/site-packages/as2_python_api/shared_data/position_data.py to position_data.cpython-310.pyc
byte-compiling /mission_planning_ws/install/as2_python_api/lib/python3.10/site-packages/as2_python_api/mission_interpreter/__init__.py to __init__.cpython-310.pyc
byte-compiling /mission_planning_ws/install/as2_python_api/lib/python3.10/site-packages/as2_python_api/mission_interpreter/mission.py to mission.cpython-310.pyc
byte-compiling /mission_planning_ws/install/as2_python_api/lib/python3.10/site-packages/as2_python_api/mission_interpreter/mission_interpreter.py to mission_interpreter.cpython-310.pyc
byte-compiling /mission_planning_ws/install/as2_python_api/lib/python3.10/site-packages/as2_python_api/mission_interpreter/mission_stack.py to mission_stack.cpython-310.pyc
byte-compiling /mission_planning_ws/install/as2_python_api/lib/python3.10/site-packages/as2_python_api/mission_interpreter/ros2_adapter.py to ros2_adapter.cpython-310.pyc
byte-compiling /mission_planning_ws/install/as2_python_api/lib/python3.10/site-packages/as2_python_api/service_clients/__init__.py to __init__.cpython-310.pyc
byte-compiling /mission_planning_ws/install/as2_python_api/lib/python3.10/site-packages/as2_python_api/service_clients/arming.py to arming.cpython-310.pyc
byte-compiling /mission_planning_ws/install/as2_python_api/lib/python3.10/site-packages/as2_python_api/service_clients/service_handler.py to service_handler.cpython-310.pyc
byte-compiling /mission_planning_ws/install/as2_python_api/lib/python3.10/site-packages/as2_python_api/service_clients/offboard.py to offboard.cpython-310.pyc
byte-compiling /mission_planning_ws/install/as2_python_api/lib/python3.10/site-packages/as2_python_api/drone_interface_teleop.py to drone_interface_teleop.cpython-310.pyc
running install_data
creating /mission_planning_ws/install/as2_python_api/share/ament_index
creating /mission_planning_ws/install/as2_python_api/share/ament_index/resource_index
creating /mission_planning_ws/install/as2_python_api/share/ament_index/resource_index/packages
copying resource/as2_python_api -> /mission_planning_ws/install/as2_python_api/share/ament_index/resource_index/packages
creating /mission_planning_ws/install/as2_python_api/share/as2_python_api/hooks
copying hooks/resource_paths.sh -> /mission_planning_ws/install/as2_python_api/share/as2_python_api/hooks
copying package.xml -> /mission_planning_ws/install/as2_python_api/share/as2_python_api
running install_egg_info
Copying ../../../build/as2_python_api/as2_python_api.egg-info to /mission_planning_ws/install/as2_python_api/lib/python3.10/site-packages/as2_python_api-1.1.2-py3.10.egg-info
running install_scripts
Installing mission_executor script to /mission_planning_ws/install/as2_python_api/lib/as2_python_api
writing list of installed files to '/mission_planning_ws/build/as2_python_api/install.log'
