[1.442s] Invoking command in '/mission_planning_ws/src/aerostack2/as2_python_api': AMENT_PREFIX_PATH=/mission_planning_ws/install/as2_motion_reference_handlers:/mission_planning_ws/install/as2_core:/mission_planning_ws/install/as2_msgs:${AMENT_PREFIX_PATH} CMAKE_PREFIX_PATH=/mission_planning_ws/install/as2_motion_reference_handlers:/mission_planning_ws/install/as2_core:/mission_planning_ws/install/as2_msgs:${CMAKE_PREFIX_PATH} LD_LIBRARY_PATH=/mission_planning_ws/install/as2_motion_reference_handlers/lib:/mission_planning_ws/install/as2_core/lib:/mission_planning_ws/install/as2_msgs/lib:${LD_LIBRARY_PATH} PYTHONPATH=/mission_planning_ws/build/as2_python_api/prefix_override:/usr/lib/python3/dist-packages/colcon_core/task/python/colcon_distutils_commands:/mission_planning_ws/install/as2_python_api/lib/python3.10/site-packages:/mission_planning_ws/install/as2_motion_reference_handlers/local/lib/python3.10/dist-packages:/mission_planning_ws/install/as2_core/local/lib/python3.10/dist-packages:/mission_planning_ws/install/as2_msgs/local/lib/python3.10/dist-packages:${PYTHONPATH} /usr/bin/python3 -W ignore:setup.py install is deprecated -W ignore:easy_install command is deprecated setup.py egg_info --egg-base ../../../build/as2_python_api build --build-base /mission_planning_ws/build/as2_python_api/build install --record /mission_planning_ws/build/as2_python_api/install.log --single-version-externally-managed install_data
[6.365s] running egg_info
[6.365s] creating ../../../build/as2_python_api/as2_python_api.egg-info
[6.365s] writing ../../../build/as2_python_api/as2_python_api.egg-info/PKG-INFO
[6.365s] writing dependency_links to ../../../build/as2_python_api/as2_python_api.egg-info/dependency_links.txt
[6.365s] writing entry points to ../../../build/as2_python_api/as2_python_api.egg-info/entry_points.txt
[6.365s] writing requirements to ../../../build/as2_python_api/as2_python_api.egg-info/requires.txt
[6.365s] writing top-level names to ../../../build/as2_python_api/as2_python_api.egg-info/top_level.txt
[6.365s] writing manifest file '../../../build/as2_python_api/as2_python_api.egg-info/SOURCES.txt'
[6.366s] reading manifest file '../../../build/as2_python_api/as2_python_api.egg-info/SOURCES.txt'
[6.366s] writing manifest file '../../../build/as2_python_api/as2_python_api.egg-info/SOURCES.txt'
[6.366s] running build
[6.366s] running build_py
[6.366s] creating /mission_planning_ws/build/as2_python_api/build
[6.366s] creating /mission_planning_ws/build/as2_python_api/build/lib
[6.366s] creating /mission_planning_ws/build/as2_python_api/build/lib/as2_python_api
[6.366s] copying as2_python_api/__init__.py -> /mission_planning_ws/build/as2_python_api/build/lib/as2_python_api
[6.366s] copying as2_python_api/drone_interface_base.py -> /mission_planning_ws/build/as2_python_api/build/lib/as2_python_api
[6.366s] copying as2_python_api/drone_interface_gps.py -> /mission_planning_ws/build/as2_python_api/build/lib/as2_python_api
[6.366s] copying as2_python_api/drone_interface.py -> /mission_planning_ws/build/as2_python_api/build/lib/as2_python_api
[6.366s] copying as2_python_api/drone_interface_teleop.py -> /mission_planning_ws/build/as2_python_api/build/lib/as2_python_api
[6.366s] creating /mission_planning_ws/build/as2_python_api/build/lib/as2_python_api/modules
[6.366s] copying as2_python_api/modules/module_base.py -> /mission_planning_ws/build/as2_python_api/build/lib/as2_python_api/modules
[6.367s] copying as2_python_api/modules/__init__.py -> /mission_planning_ws/build/as2_python_api/build/lib/as2_python_api/modules
[6.367s] copying as2_python_api/modules/follow_reference_module.py -> /mission_planning_ws/build/as2_python_api/build/lib/as2_python_api/modules
[6.367s] copying as2_python_api/modules/point_gimbal_module.py -> /mission_planning_ws/build/as2_python_api/build/lib/as2_python_api/modules
[6.367s] copying as2_python_api/modules/navigate_to_module.py -> /mission_planning_ws/build/as2_python_api/build/lib/as2_python_api/modules
[6.367s] copying as2_python_api/modules/follow_path_gps_module.py -> /mission_planning_ws/build/as2_python_api/build/lib/as2_python_api/modules
[6.367s] copying as2_python_api/modules/trajectory_generation_module.py -> /mission_planning_ws/build/as2_python_api/build/lib/as2_python_api/modules
[6.367s] copying as2_python_api/modules/dummy_module.py -> /mission_planning_ws/build/as2_python_api/build/lib/as2_python_api/modules
[6.367s] copying as2_python_api/modules/motion_reference_handler_module.py -> /mission_planning_ws/build/as2_python_api/build/lib/as2_python_api/modules
[6.367s] copying as2_python_api/modules/go_to_module.py -> /mission_planning_ws/build/as2_python_api/build/lib/as2_python_api/modules
[6.367s] copying as2_python_api/modules/follow_path_module.py -> /mission_planning_ws/build/as2_python_api/build/lib/as2_python_api/modules
[6.367s] copying as2_python_api/modules/rtl_module.py -> /mission_planning_ws/build/as2_python_api/build/lib/as2_python_api/modules
[6.369s] copying as2_python_api/modules/land_module.py -> /mission_planning_ws/build/as2_python_api/build/lib/as2_python_api/modules
[6.370s] copying as2_python_api/modules/gps_module.py -> /mission_planning_ws/build/as2_python_api/build/lib/as2_python_api/modules
[6.370s] copying as2_python_api/modules/go_to_gps_module.py -> /mission_planning_ws/build/as2_python_api/build/lib/as2_python_api/modules
[6.370s] copying as2_python_api/modules/takeoff_module.py -> /mission_planning_ws/build/as2_python_api/build/lib/as2_python_api/modules
[6.370s] creating /mission_planning_ws/build/as2_python_api/build/lib/as2_python_api/behavior_manager
[6.370s] copying as2_python_api/behavior_manager/__init__.py -> /mission_planning_ws/build/as2_python_api/build/lib/as2_python_api/behavior_manager
[6.370s] copying as2_python_api/behavior_manager/behavior_manager.py -> /mission_planning_ws/build/as2_python_api/build/lib/as2_python_api/behavior_manager
[6.370s] creating /mission_planning_ws/build/as2_python_api/build/lib/as2_python_api/tools
[6.370s] copying as2_python_api/tools/__init__.py -> /mission_planning_ws/build/as2_python_api/build/lib/as2_python_api/tools
[6.370s] copying as2_python_api/tools/utils.py -> /mission_planning_ws/build/as2_python_api/build/lib/as2_python_api/tools
[6.370s] creating /mission_planning_ws/build/as2_python_api/build/lib/as2_python_api/behavior_actions
[6.370s] copying as2_python_api/behavior_actions/trajectory_generation_behavior.py -> /mission_planning_ws/build/as2_python_api/build/lib/as2_python_api/behavior_actions
[6.370s] copying as2_python_api/behavior_actions/navigate_to_behavior.py -> /mission_planning_ws/build/as2_python_api/build/lib/as2_python_api/behavior_actions
[6.370s] copying as2_python_api/behavior_actions/__init__.py -> /mission_planning_ws/build/as2_python_api/build/lib/as2_python_api/behavior_actions
[6.371s] copying as2_python_api/behavior_actions/go_to_behavior.py -> /mission_planning_ws/build/as2_python_api/build/lib/as2_python_api/behavior_actions
[6.371s] copying as2_python_api/behavior_actions/land_behavior.py -> /mission_planning_ws/build/as2_python_api/build/lib/as2_python_api/behavior_actions
[6.371s] copying as2_python_api/behavior_actions/point_gimbal_behavior.py -> /mission_planning_ws/build/as2_python_api/build/lib/as2_python_api/behavior_actions
[6.371s] copying as2_python_api/behavior_actions/behavior_handler.py -> /mission_planning_ws/build/as2_python_api/build/lib/as2_python_api/behavior_actions
[6.371s] copying as2_python_api/behavior_actions/takeoff_behavior.py -> /mission_planning_ws/build/as2_python_api/build/lib/as2_python_api/behavior_actions
[6.371s] copying as2_python_api/behavior_actions/follow_reference_behavior.py -> /mission_planning_ws/build/as2_python_api/build/lib/as2_python_api/behavior_actions
[6.371s] copying as2_python_api/behavior_actions/followpath_behavior.py -> /mission_planning_ws/build/as2_python_api/build/lib/as2_python_api/behavior_actions
[6.371s] creating /mission_planning_ws/build/as2_python_api/build/lib/as2_python_api/shared_data
[6.371s] copying as2_python_api/shared_data/__init__.py -> /mission_planning_ws/build/as2_python_api/build/lib/as2_python_api/shared_data
[6.371s] copying as2_python_api/shared_data/platform_info_data.py -> /mission_planning_ws/build/as2_python_api/build/lib/as2_python_api/shared_data
[6.371s] copying as2_python_api/shared_data/gps_data.py -> /mission_planning_ws/build/as2_python_api/build/lib/as2_python_api/shared_data
[6.371s] copying as2_python_api/shared_data/orientation_data.py -> /mission_planning_ws/build/as2_python_api/build/lib/as2_python_api/shared_data
[6.372s] copying as2_python_api/shared_data/pose_data.py -> /mission_planning_ws/build/as2_python_api/build/lib/as2_python_api/shared_data
[6.372s] copying as2_python_api/shared_data/twist_data.py -> /mission_planning_ws/build/as2_python_api/build/lib/as2_python_api/shared_data
[6.372s] copying as2_python_api/shared_data/position_data.py -> /mission_planning_ws/build/as2_python_api/build/lib/as2_python_api/shared_data
[6.372s] creating /mission_planning_ws/build/as2_python_api/build/lib/as2_python_api/mission_interpreter
[6.372s] copying as2_python_api/mission_interpreter/__init__.py -> /mission_planning_ws/build/as2_python_api/build/lib/as2_python_api/mission_interpreter
[6.372s] copying as2_python_api/mission_interpreter/mission.py -> /mission_planning_ws/build/as2_python_api/build/lib/as2_python_api/mission_interpreter
[6.372s] copying as2_python_api/mission_interpreter/mission_interpreter.py -> /mission_planning_ws/build/as2_python_api/build/lib/as2_python_api/mission_interpreter
[6.372s] copying as2_python_api/mission_interpreter/mission_stack.py -> /mission_planning_ws/build/as2_python_api/build/lib/as2_python_api/mission_interpreter
[6.372s] copying as2_python_api/mission_interpreter/ros2_adapter.py -> /mission_planning_ws/build/as2_python_api/build/lib/as2_python_api/mission_interpreter
[6.372s] creating /mission_planning_ws/build/as2_python_api/build/lib/as2_python_api/service_clients
[6.372s] copying as2_python_api/service_clients/__init__.py -> /mission_planning_ws/build/as2_python_api/build/lib/as2_python_api/service_clients
[6.372s] copying as2_python_api/service_clients/arming.py -> /mission_planning_ws/build/as2_python_api/build/lib/as2_python_api/service_clients
[6.372s] copying as2_python_api/service_clients/service_handler.py -> /mission_planning_ws/build/as2_python_api/build/lib/as2_python_api/service_clients
[6.373s] copying as2_python_api/service_clients/offboard.py -> /mission_planning_ws/build/as2_python_api/build/lib/as2_python_api/service_clients
[6.373s] running install
[6.373s] running install_lib
[6.373s] creating /mission_planning_ws/install/as2_python_api/lib/python3.10/site-packages/as2_python_api
[6.373s] copying /mission_planning_ws/build/as2_python_api/build/lib/as2_python_api/__init__.py -> /mission_planning_ws/install/as2_python_api/lib/python3.10/site-packages/as2_python_api
[6.373s] copying /mission_planning_ws/build/as2_python_api/build/lib/as2_python_api/drone_interface_base.py -> /mission_planning_ws/install/as2_python_api/lib/python3.10/site-packages/as2_python_api
[6.373s] copying /mission_planning_ws/build/as2_python_api/build/lib/as2_python_api/drone_interface_gps.py -> /mission_planning_ws/install/as2_python_api/lib/python3.10/site-packages/as2_python_api
[6.373s] creating /mission_planning_ws/install/as2_python_api/lib/python3.10/site-packages/as2_python_api/modules
[6.373s] copying /mission_planning_ws/build/as2_python_api/build/lib/as2_python_api/modules/module_base.py -> /mission_planning_ws/install/as2_python_api/lib/python3.10/site-packages/as2_python_api/modules
[6.373s] copying /mission_planning_ws/build/as2_python_api/build/lib/as2_python_api/modules/__init__.py -> /mission_planning_ws/install/as2_python_api/lib/python3.10/site-packages/as2_python_api/modules
[6.373s] copying /mission_planning_ws/build/as2_python_api/build/lib/as2_python_api/modules/follow_reference_module.py -> /mission_planning_ws/install/as2_python_api/lib/python3.10/site-packages/as2_python_api/modules
[6.373s] copying /mission_planning_ws/build/as2_python_api/build/lib/as2_python_api/modules/point_gimbal_module.py -> /mission_planning_ws/install/as2_python_api/lib/python3.10/site-packages/as2_python_api/modules
[6.373s] copying /mission_planning_ws/build/as2_python_api/build/lib/as2_python_api/modules/navigate_to_module.py -> /mission_planning_ws/install/as2_python_api/lib/python3.10/site-packages/as2_python_api/modules
[6.373s] copying /mission_planning_ws/build/as2_python_api/build/lib/as2_python_api/modules/follow_path_gps_module.py -> /mission_planning_ws/install/as2_python_api/lib/python3.10/site-packages/as2_python_api/modules
[6.374s] copying /mission_planning_ws/build/as2_python_api/build/lib/as2_python_api/modules/trajectory_generation_module.py -> /mission_planning_ws/install/as2_python_api/lib/python3.10/site-packages/as2_python_api/modules
[6.374s] copying /mission_planning_ws/build/as2_python_api/build/lib/as2_python_api/modules/dummy_module.py -> /mission_planning_ws/install/as2_python_api/lib/python3.10/site-packages/as2_python_api/modules
[6.374s] copying /mission_planning_ws/build/as2_python_api/build/lib/as2_python_api/modules/motion_reference_handler_module.py -> /mission_planning_ws/install/as2_python_api/lib/python3.10/site-packages/as2_python_api/modules
[6.374s] copying /mission_planning_ws/build/as2_python_api/build/lib/as2_python_api/modules/go_to_module.py -> /mission_planning_ws/install/as2_python_api/lib/python3.10/site-packages/as2_python_api/modules
[6.374s] copying /mission_planning_ws/build/as2_python_api/build/lib/as2_python_api/modules/follow_path_module.py -> /mission_planning_ws/install/as2_python_api/lib/python3.10/site-packages/as2_python_api/modules
[6.374s] copying /mission_planning_ws/build/as2_python_api/build/lib/as2_python_api/modules/rtl_module.py -> /mission_planning_ws/install/as2_python_api/lib/python3.10/site-packages/as2_python_api/modules
[6.374s] copying /mission_planning_ws/build/as2_python_api/build/lib/as2_python_api/modules/land_module.py -> /mission_planning_ws/install/as2_python_api/lib/python3.10/site-packages/as2_python_api/modules
[6.374s] copying /mission_planning_ws/build/as2_python_api/build/lib/as2_python_api/modules/gps_module.py -> /mission_planning_ws/install/as2_python_api/lib/python3.10/site-packages/as2_python_api/modules
[6.374s] copying /mission_planning_ws/build/as2_python_api/build/lib/as2_python_api/modules/go_to_gps_module.py -> /mission_planning_ws/install/as2_python_api/lib/python3.10/site-packages/as2_python_api/modules
[6.374s] copying /mission_planning_ws/build/as2_python_api/build/lib/as2_python_api/modules/takeoff_module.py -> /mission_planning_ws/install/as2_python_api/lib/python3.10/site-packages/as2_python_api/modules
[6.374s] creating /mission_planning_ws/install/as2_python_api/lib/python3.10/site-packages/as2_python_api/behavior_manager
[6.374s] copying /mission_planning_ws/build/as2_python_api/build/lib/as2_python_api/behavior_manager/__init__.py -> /mission_planning_ws/install/as2_python_api/lib/python3.10/site-packages/as2_python_api/behavior_manager
[6.374s] copying /mission_planning_ws/build/as2_python_api/build/lib/as2_python_api/behavior_manager/behavior_manager.py -> /mission_planning_ws/install/as2_python_api/lib/python3.10/site-packages/as2_python_api/behavior_manager
[6.374s] creating /mission_planning_ws/install/as2_python_api/lib/python3.10/site-packages/as2_python_api/tools
[6.375s] copying /mission_planning_ws/build/as2_python_api/build/lib/as2_python_api/tools/__init__.py -> /mission_planning_ws/install/as2_python_api/lib/python3.10/site-packages/as2_python_api/tools
[6.375s] copying /mission_planning_ws/build/as2_python_api/build/lib/as2_python_api/tools/utils.py -> /mission_planning_ws/install/as2_python_api/lib/python3.10/site-packages/as2_python_api/tools
[6.375s] creating /mission_planning_ws/install/as2_python_api/lib/python3.10/site-packages/as2_python_api/behavior_actions
[6.375s] copying /mission_planning_ws/build/as2_python_api/build/lib/as2_python_api/behavior_actions/trajectory_generation_behavior.py -> /mission_planning_ws/install/as2_python_api/lib/python3.10/site-packages/as2_python_api/behavior_actions
[6.375s] copying /mission_planning_ws/build/as2_python_api/build/lib/as2_python_api/behavior_actions/navigate_to_behavior.py -> /mission_planning_ws/install/as2_python_api/lib/python3.10/site-packages/as2_python_api/behavior_actions
[6.375s] copying /mission_planning_ws/build/as2_python_api/build/lib/as2_python_api/behavior_actions/__init__.py -> /mission_planning_ws/install/as2_python_api/lib/python3.10/site-packages/as2_python_api/behavior_actions
[6.375s] copying /mission_planning_ws/build/as2_python_api/build/lib/as2_python_api/behavior_actions/go_to_behavior.py -> /mission_planning_ws/install/as2_python_api/lib/python3.10/site-packages/as2_python_api/behavior_actions
[6.375s] copying /mission_planning_ws/build/as2_python_api/build/lib/as2_python_api/behavior_actions/land_behavior.py -> /mission_planning_ws/install/as2_python_api/lib/python3.10/site-packages/as2_python_api/behavior_actions
[6.375s] copying /mission_planning_ws/build/as2_python_api/build/lib/as2_python_api/behavior_actions/point_gimbal_behavior.py -> /mission_planning_ws/install/as2_python_api/lib/python3.10/site-packages/as2_python_api/behavior_actions
[6.375s] copying /mission_planning_ws/build/as2_python_api/build/lib/as2_python_api/behavior_actions/behavior_handler.py -> /mission_planning_ws/install/as2_python_api/lib/python3.10/site-packages/as2_python_api/behavior_actions
[6.375s] copying /mission_planning_ws/build/as2_python_api/build/lib/as2_python_api/behavior_actions/takeoff_behavior.py -> /mission_planning_ws/install/as2_python_api/lib/python3.10/site-packages/as2_python_api/behavior_actions
[6.375s] copying /mission_planning_ws/build/as2_python_api/build/lib/as2_python_api/behavior_actions/follow_reference_behavior.py -> /mission_planning_ws/install/as2_python_api/lib/python3.10/site-packages/as2_python_api/behavior_actions
[6.375s] copying /mission_planning_ws/build/as2_python_api/build/lib/as2_python_api/behavior_actions/followpath_behavior.py -> /mission_planning_ws/install/as2_python_api/lib/python3.10/site-packages/as2_python_api/behavior_actions
[6.376s] copying /mission_planning_ws/build/as2_python_api/build/lib/as2_python_api/drone_interface.py -> /mission_planning_ws/install/as2_python_api/lib/python3.10/site-packages/as2_python_api
[6.376s] creating /mission_planning_ws/install/as2_python_api/lib/python3.10/site-packages/as2_python_api/shared_data
[6.376s] copying /mission_planning_ws/build/as2_python_api/build/lib/as2_python_api/shared_data/__init__.py -> /mission_planning_ws/install/as2_python_api/lib/python3.10/site-packages/as2_python_api/shared_data
[6.376s] copying /mission_planning_ws/build/as2_python_api/build/lib/as2_python_api/shared_data/platform_info_data.py -> /mission_planning_ws/install/as2_python_api/lib/python3.10/site-packages/as2_python_api/shared_data
[6.376s] copying /mission_planning_ws/build/as2_python_api/build/lib/as2_python_api/shared_data/gps_data.py -> /mission_planning_ws/install/as2_python_api/lib/python3.10/site-packages/as2_python_api/shared_data
[6.376s] copying /mission_planning_ws/build/as2_python_api/build/lib/as2_python_api/shared_data/orientation_data.py -> /mission_planning_ws/install/as2_python_api/lib/python3.10/site-packages/as2_python_api/shared_data
[6.376s] copying /mission_planning_ws/build/as2_python_api/build/lib/as2_python_api/shared_data/pose_data.py -> /mission_planning_ws/install/as2_python_api/lib/python3.10/site-packages/as2_python_api/shared_data
[6.376s] copying /mission_planning_ws/build/as2_python_api/build/lib/as2_python_api/shared_data/twist_data.py -> /mission_planning_ws/install/as2_python_api/lib/python3.10/site-packages/as2_python_api/shared_data
[6.376s] copying /mission_planning_ws/build/as2_python_api/build/lib/as2_python_api/shared_data/position_data.py -> /mission_planning_ws/install/as2_python_api/lib/python3.10/site-packages/as2_python_api/shared_data
[6.376s] creating /mission_planning_ws/install/as2_python_api/lib/python3.10/site-packages/as2_python_api/mission_interpreter
[6.376s] copying /mission_planning_ws/build/as2_python_api/build/lib/as2_python_api/mission_interpreter/__init__.py -> /mission_planning_ws/install/as2_python_api/lib/python3.10/site-packages/as2_python_api/mission_interpreter
[6.376s] copying /mission_planning_ws/build/as2_python_api/build/lib/as2_python_api/mission_interpreter/mission.py -> /mission_planning_ws/install/as2_python_api/lib/python3.10/site-packages/as2_python_api/mission_interpreter
[6.377s] copying /mission_planning_ws/build/as2_python_api/build/lib/as2_python_api/mission_interpreter/mission_interpreter.py -> /mission_planning_ws/install/as2_python_api/lib/python3.10/site-packages/as2_python_api/mission_interpreter
[6.377s] copying /mission_planning_ws/build/as2_python_api/build/lib/as2_python_api/mission_interpreter/mission_stack.py -> /mission_planning_ws/install/as2_python_api/lib/python3.10/site-packages/as2_python_api/mission_interpreter
[6.377s] copying /mission_planning_ws/build/as2_python_api/build/lib/as2_python_api/mission_interpreter/ros2_adapter.py -> /mission_planning_ws/install/as2_python_api/lib/python3.10/site-packages/as2_python_api/mission_interpreter
[6.377s] creating /mission_planning_ws/install/as2_python_api/lib/python3.10/site-packages/as2_python_api/service_clients
[6.377s] copying /mission_planning_ws/build/as2_python_api/build/lib/as2_python_api/service_clients/__init__.py -> /mission_planning_ws/install/as2_python_api/lib/python3.10/site-packages/as2_python_api/service_clients
[6.377s] copying /mission_planning_ws/build/as2_python_api/build/lib/as2_python_api/service_clients/arming.py -> /mission_planning_ws/install/as2_python_api/lib/python3.10/site-packages/as2_python_api/service_clients
[6.377s] copying /mission_planning_ws/build/as2_python_api/build/lib/as2_python_api/service_clients/service_handler.py -> /mission_planning_ws/install/as2_python_api/lib/python3.10/site-packages/as2_python_api/service_clients
[6.377s] copying /mission_planning_ws/build/as2_python_api/build/lib/as2_python_api/service_clients/offboard.py -> /mission_planning_ws/install/as2_python_api/lib/python3.10/site-packages/as2_python_api/service_clients
[6.377s] copying /mission_planning_ws/build/as2_python_api/build/lib/as2_python_api/drone_interface_teleop.py -> /mission_planning_ws/install/as2_python_api/lib/python3.10/site-packages/as2_python_api
[6.378s] byte-compiling /mission_planning_ws/install/as2_python_api/lib/python3.10/site-packages/as2_python_api/__init__.py to __init__.cpython-310.pyc
[6.378s] byte-compiling /mission_planning_ws/install/as2_python_api/lib/python3.10/site-packages/as2_python_api/drone_interface_base.py to drone_interface_base.cpython-310.pyc
[6.378s] byte-compiling /mission_planning_ws/install/as2_python_api/lib/python3.10/site-packages/as2_python_api/drone_interface_gps.py to drone_interface_gps.cpython-310.pyc
[6.378s] byte-compiling /mission_planning_ws/install/as2_python_api/lib/python3.10/site-packages/as2_python_api/modules/module_base.py to module_base.cpython-310.pyc
[6.378s] byte-compiling /mission_planning_ws/install/as2_python_api/lib/python3.10/site-packages/as2_python_api/modules/__init__.py to __init__.cpython-310.pyc
[6.378s] byte-compiling /mission_planning_ws/install/as2_python_api/lib/python3.10/site-packages/as2_python_api/modules/follow_reference_module.py to follow_reference_module.cpython-310.pyc
[6.378s] byte-compiling /mission_planning_ws/install/as2_python_api/lib/python3.10/site-packages/as2_python_api/modules/point_gimbal_module.py to point_gimbal_module.cpython-310.pyc
[6.378s] byte-compiling /mission_planning_ws/install/as2_python_api/lib/python3.10/site-packages/as2_python_api/modules/navigate_to_module.py to navigate_to_module.cpython-310.pyc
[6.378s] byte-compiling /mission_planning_ws/install/as2_python_api/lib/python3.10/site-packages/as2_python_api/modules/follow_path_gps_module.py to follow_path_gps_module.cpython-310.pyc
[6.378s] byte-compiling /mission_planning_ws/install/as2_python_api/lib/python3.10/site-packages/as2_python_api/modules/trajectory_generation_module.py to trajectory_generation_module.cpython-310.pyc
[6.378s] byte-compiling /mission_planning_ws/install/as2_python_api/lib/python3.10/site-packages/as2_python_api/modules/dummy_module.py to dummy_module.cpython-310.pyc
[6.379s] byte-compiling /mission_planning_ws/install/as2_python_api/lib/python3.10/site-packages/as2_python_api/modules/motion_reference_handler_module.py to motion_reference_handler_module.cpython-310.pyc
[6.379s] byte-compiling /mission_planning_ws/install/as2_python_api/lib/python3.10/site-packages/as2_python_api/modules/go_to_module.py to go_to_module.cpython-310.pyc
[6.380s] byte-compiling /mission_planning_ws/install/as2_python_api/lib/python3.10/site-packages/as2_python_api/modules/follow_path_module.py to follow_path_module.cpython-310.pyc
[6.380s] byte-compiling /mission_planning_ws/install/as2_python_api/lib/python3.10/site-packages/as2_python_api/modules/rtl_module.py to rtl_module.cpython-310.pyc
[6.381s] byte-compiling /mission_planning_ws/install/as2_python_api/lib/python3.10/site-packages/as2_python_api/modules/land_module.py to land_module.cpython-310.pyc
[6.382s] byte-compiling /mission_planning_ws/install/as2_python_api/lib/python3.10/site-packages/as2_python_api/modules/gps_module.py to gps_module.cpython-310.pyc
[6.383s] byte-compiling /mission_planning_ws/install/as2_python_api/lib/python3.10/site-packages/as2_python_api/modules/go_to_gps_module.py to go_to_gps_module.cpython-310.pyc
[6.384s] byte-compiling /mission_planning_ws/install/as2_python_api/lib/python3.10/site-packages/as2_python_api/modules/takeoff_module.py to takeoff_module.cpython-310.pyc
[6.385s] byte-compiling /mission_planning_ws/install/as2_python_api/lib/python3.10/site-packages/as2_python_api/behavior_manager/__init__.py to __init__.cpython-310.pyc
[6.387s] byte-compiling /mission_planning_ws/install/as2_python_api/lib/python3.10/site-packages/as2_python_api/behavior_manager/behavior_manager.py to behavior_manager.cpython-310.pyc
[6.387s] byte-compiling /mission_planning_ws/install/as2_python_api/lib/python3.10/site-packages/as2_python_api/tools/__init__.py to __init__.cpython-310.pyc
[6.388s] byte-compiling /mission_planning_ws/install/as2_python_api/lib/python3.10/site-packages/as2_python_api/tools/utils.py to utils.cpython-310.pyc
[6.389s] byte-compiling /mission_planning_ws/install/as2_python_api/lib/python3.10/site-packages/as2_python_api/behavior_actions/trajectory_generation_behavior.py to trajectory_generation_behavior.cpython-310.pyc
[6.390s] byte-compiling /mission_planning_ws/install/as2_python_api/lib/python3.10/site-packages/as2_python_api/behavior_actions/navigate_to_behavior.py to navigate_to_behavior.cpython-310.pyc
[6.391s] byte-compiling /mission_planning_ws/install/as2_python_api/lib/python3.10/site-packages/as2_python_api/behavior_actions/__init__.py to __init__.cpython-310.pyc
[6.394s] byte-compiling /mission_planning_ws/install/as2_python_api/lib/python3.10/site-packages/as2_python_api/behavior_actions/go_to_behavior.py to go_to_behavior.cpython-310.pyc
[6.395s] byte-compiling /mission_planning_ws/install/as2_python_api/lib/python3.10/site-packages/as2_python_api/behavior_actions/land_behavior.py to land_behavior.cpython-310.pyc
[6.395s] byte-compiling /mission_planning_ws/install/as2_python_api/lib/python3.10/site-packages/as2_python_api/behavior_actions/point_gimbal_behavior.py to point_gimbal_behavior.cpython-310.pyc
[6.395s] byte-compiling /mission_planning_ws/install/as2_python_api/lib/python3.10/site-packages/as2_python_api/behavior_actions/behavior_handler.py to behavior_handler.cpython-310.pyc
[6.396s] byte-compiling /mission_planning_ws/install/as2_python_api/lib/python3.10/site-packages/as2_python_api/behavior_actions/takeoff_behavior.py to takeoff_behavior.cpython-310.pyc
[6.397s] byte-compiling /mission_planning_ws/install/as2_python_api/lib/python3.10/site-packages/as2_python_api/behavior_actions/follow_reference_behavior.py to follow_reference_behavior.cpython-310.pyc
[6.398s] byte-compiling /mission_planning_ws/install/as2_python_api/lib/python3.10/site-packages/as2_python_api/behavior_actions/followpath_behavior.py to followpath_behavior.cpython-310.pyc
[6.399s] byte-compiling /mission_planning_ws/install/as2_python_api/lib/python3.10/site-packages/as2_python_api/drone_interface.py to drone_interface.cpython-310.pyc
[6.400s] byte-compiling /mission_planning_ws/install/as2_python_api/lib/python3.10/site-packages/as2_python_api/shared_data/__init__.py to __init__.cpython-310.pyc
[6.400s] byte-compiling /mission_planning_ws/install/as2_python_api/lib/python3.10/site-packages/as2_python_api/shared_data/platform_info_data.py to platform_info_data.cpython-310.pyc
[6.401s] byte-compiling /mission_planning_ws/install/as2_python_api/lib/python3.10/site-packages/as2_python_api/shared_data/gps_data.py to gps_data.cpython-310.pyc
[6.402s] byte-compiling /mission_planning_ws/install/as2_python_api/lib/python3.10/site-packages/as2_python_api/shared_data/orientation_data.py to orientation_data.cpython-310.pyc
[6.403s] byte-compiling /mission_planning_ws/install/as2_python_api/lib/python3.10/site-packages/as2_python_api/shared_data/pose_data.py to pose_data.cpython-310.pyc
[6.404s] byte-compiling /mission_planning_ws/install/as2_python_api/lib/python3.10/site-packages/as2_python_api/shared_data/twist_data.py to twist_data.cpython-310.pyc
[6.404s] byte-compiling /mission_planning_ws/install/as2_python_api/lib/python3.10/site-packages/as2_python_api/shared_data/position_data.py to position_data.cpython-310.pyc
[6.405s] byte-compiling /mission_planning_ws/install/as2_python_api/lib/python3.10/site-packages/as2_python_api/mission_interpreter/__init__.py to __init__.cpython-310.pyc
[6.406s] byte-compiling /mission_planning_ws/install/as2_python_api/lib/python3.10/site-packages/as2_python_api/mission_interpreter/mission.py to mission.cpython-310.pyc
[6.407s] byte-compiling /mission_planning_ws/install/as2_python_api/lib/python3.10/site-packages/as2_python_api/mission_interpreter/mission_interpreter.py to mission_interpreter.cpython-310.pyc
[6.409s] byte-compiling /mission_planning_ws/install/as2_python_api/lib/python3.10/site-packages/as2_python_api/mission_interpreter/mission_stack.py to mission_stack.cpython-310.pyc
[6.410s] byte-compiling /mission_planning_ws/install/as2_python_api/lib/python3.10/site-packages/as2_python_api/mission_interpreter/ros2_adapter.py to ros2_adapter.cpython-310.pyc
[6.412s] byte-compiling /mission_planning_ws/install/as2_python_api/lib/python3.10/site-packages/as2_python_api/service_clients/__init__.py to __init__.cpython-310.pyc
[6.412s] byte-compiling /mission_planning_ws/install/as2_python_api/lib/python3.10/site-packages/as2_python_api/service_clients/arming.py to arming.cpython-310.pyc
[6.413s] byte-compiling /mission_planning_ws/install/as2_python_api/lib/python3.10/site-packages/as2_python_api/service_clients/service_handler.py to service_handler.cpython-310.pyc
[6.413s] byte-compiling /mission_planning_ws/install/as2_python_api/lib/python3.10/site-packages/as2_python_api/service_clients/offboard.py to offboard.cpython-310.pyc
[6.414s] byte-compiling /mission_planning_ws/install/as2_python_api/lib/python3.10/site-packages/as2_python_api/drone_interface_teleop.py to drone_interface_teleop.cpython-310.pyc
[6.414s] running install_data
[6.415s] creating /mission_planning_ws/install/as2_python_api/share/ament_index
[6.415s] creating /mission_planning_ws/install/as2_python_api/share/ament_index/resource_index
[6.415s] creating /mission_planning_ws/install/as2_python_api/share/ament_index/resource_index/packages
[6.415s] copying resource/as2_python_api -> /mission_planning_ws/install/as2_python_api/share/ament_index/resource_index/packages
[6.415s] creating /mission_planning_ws/install/as2_python_api/share/as2_python_api/hooks
[6.415s] copying hooks/resource_paths.sh -> /mission_planning_ws/install/as2_python_api/share/as2_python_api/hooks
[6.416s] copying package.xml -> /mission_planning_ws/install/as2_python_api/share/as2_python_api
[6.417s] running install_egg_info
[6.420s] Copying ../../../build/as2_python_api/as2_python_api.egg-info to /mission_planning_ws/install/as2_python_api/lib/python3.10/site-packages/as2_python_api-1.1.2-py3.10.egg-info
[6.421s] running install_scripts
[6.458s] Installing mission_executor script to /mission_planning_ws/install/as2_python_api/lib/as2_python_api
[6.460s] writing list of installed files to '/mission_planning_ws/build/as2_python_api/install.log'
[6.495s] Invoked command in '/mission_planning_ws/src/aerostack2/as2_python_api' returned '0': AMENT_PREFIX_PATH=/mission_planning_ws/install/as2_motion_reference_handlers:/mission_planning_ws/install/as2_core:/mission_planning_ws/install/as2_msgs:${AMENT_PREFIX_PATH} CMAKE_PREFIX_PATH=/mission_planning_ws/install/as2_motion_reference_handlers:/mission_planning_ws/install/as2_core:/mission_planning_ws/install/as2_msgs:${CMAKE_PREFIX_PATH} LD_LIBRARY_PATH=/mission_planning_ws/install/as2_motion_reference_handlers/lib:/mission_planning_ws/install/as2_core/lib:/mission_planning_ws/install/as2_msgs/lib:${LD_LIBRARY_PATH} PYTHONPATH=/mission_planning_ws/build/as2_python_api/prefix_override:/usr/lib/python3/dist-packages/colcon_core/task/python/colcon_distutils_commands:/mission_planning_ws/install/as2_python_api/lib/python3.10/site-packages:/mission_planning_ws/install/as2_motion_reference_handlers/local/lib/python3.10/dist-packages:/mission_planning_ws/install/as2_core/local/lib/python3.10/dist-packages:/mission_planning_ws/install/as2_msgs/local/lib/python3.10/dist-packages:${PYTHONPATH} /usr/bin/python3 -W ignore:setup.py install is deprecated -W ignore:easy_install command is deprecated setup.py egg_info --egg-base ../../../build/as2_python_api build --build-base /mission_planning_ws/build/as2_python_api/build install --record /mission_planning_ws/build/as2_python_api/install.log --single-version-externally-managed install_data
