[0.076s] Invoking command in '/mission_planning_ws/build/as2_behaviors_path_planning': AMENT_PREFIX_PATH=/mission_planning_ws/install/as2_behavior:/mission_planning_ws/install/as2_core:/mission_planning_ws/install/as2_msgs:${AMENT_PREFIX_PATH} CMAKE_PREFIX_PATH=/mission_planning_ws/install/as2_behavior:/mission_planning_ws/install/as2_core:/mission_planning_ws/install/as2_msgs:/root/project_gazebo_ws/install/aerostack2:/root/project_gazebo_ws/install/as2_usb_camera_interface:/root/project_gazebo_ws/install/as2_state_estimator:/root/project_gazebo_ws/install/as2_rviz_plugins:/root/project_gazebo_ws/install/as2_realsense_interface:/root/project_gazebo_ws/install/as2_platform_multirotor_simulator:/root/project_gazebo_ws/install/as2_platform_gazebo:/root/project_gazebo_ws/install/as2_motion_controller:/root/project_gazebo_ws/install/as2_behaviors_trajectory_generation:/root/project_gazebo_ws/install/as2_behaviors_motion:/root/project_gazebo_ws/install/as2_motion_reference_handlers:/root/project_gazebo_ws/install/as2_map_server:/root/project_gazebo_ws/install/as2_geozones:/root/project_gazebo_ws/install/as2_gazebo_assets:/root/project_gazebo_ws/install/as2_external_object_to_tf:/root/project_gazebo_ws/install/as2_behaviors_platform:/root/project_gazebo_ws/install/as2_behaviors_perception:/root/project_gazebo_ws/install/as2_behaviors_path_planning:/root/project_gazebo_ws/install/as2_behavior_tree:/root/project_gazebo_ws/install/as2_behavior:/root/project_gazebo_ws/install/as2_alphanumeric_viewer:/root/project_gazebo_ws/install/as2_core:/root/project_gazebo_ws/install/as2_msgs:/root/project_gazebo_ws/install/as2_cli:/root/project_gazebo_ws/install/as2_visualization:/root/project_gazebo_ws/install/as2_keyboard_teleoperation:/root/project_gazebo_ws/install/as2_python_api:/opt/ros/humble LD_LIBRARY_PATH=/mission_planning_ws/install/as2_behavior/lib:/mission_planning_ws/install/as2_core/lib:/mission_planning_ws/install/as2_msgs/lib:${LD_LIBRARY_PATH} PYTHONPATH=/mission_planning_ws/install/as2_core/local/lib/python3.10/dist-packages:/mission_planning_ws/install/as2_msgs/local/lib/python3.10/dist-packages:${PYTHONPATH} /usr/bin/cmake --build /mission_planning_ws/build/as2_behaviors_path_planning -- -j22 -l22
[0.122s] [35m[1mConsolidate compiler generated dependencies of target path_planner_component[0m
[0.132s] [  7%] Built target as2_behaviors_path_planning_plugin_base
[0.133s] [ 14%] Built target path_planner_common
[0.143s] [ 28%] Built target path_planner_component
[0.148s] [35m[1mConsolidate compiler generated dependencies of target a_star[0m
[0.149s] [35m[1mConsolidate compiler generated dependencies of target as2_behaviors_path_planning_node[0m
[0.149s] [35m[1mConsolidate compiler generated dependencies of target voronoi[0m
[0.166s] [ 50%] Built target as2_behaviors_path_planning_node
[0.168s] [ 71%] Built target a_star
[0.169s] [100%] Built target voronoi
[0.181s] Invoked command in '/mission_planning_ws/build/as2_behaviors_path_planning' returned '0': AMENT_PREFIX_PATH=/mission_planning_ws/install/as2_behavior:/mission_planning_ws/install/as2_core:/mission_planning_ws/install/as2_msgs:${AMENT_PREFIX_PATH} CMAKE_PREFIX_PATH=/mission_planning_ws/install/as2_behavior:/mission_planning_ws/install/as2_core:/mission_planning_ws/install/as2_msgs:/root/project_gazebo_ws/install/aerostack2:/root/project_gazebo_ws/install/as2_usb_camera_interface:/root/project_gazebo_ws/install/as2_state_estimator:/root/project_gazebo_ws/install/as2_rviz_plugins:/root/project_gazebo_ws/install/as2_realsense_interface:/root/project_gazebo_ws/install/as2_platform_multirotor_simulator:/root/project_gazebo_ws/install/as2_platform_gazebo:/root/project_gazebo_ws/install/as2_motion_controller:/root/project_gazebo_ws/install/as2_behaviors_trajectory_generation:/root/project_gazebo_ws/install/as2_behaviors_motion:/root/project_gazebo_ws/install/as2_motion_reference_handlers:/root/project_gazebo_ws/install/as2_map_server:/root/project_gazebo_ws/install/as2_geozones:/root/project_gazebo_ws/install/as2_gazebo_assets:/root/project_gazebo_ws/install/as2_external_object_to_tf:/root/project_gazebo_ws/install/as2_behaviors_platform:/root/project_gazebo_ws/install/as2_behaviors_perception:/root/project_gazebo_ws/install/as2_behaviors_path_planning:/root/project_gazebo_ws/install/as2_behavior_tree:/root/project_gazebo_ws/install/as2_behavior:/root/project_gazebo_ws/install/as2_alphanumeric_viewer:/root/project_gazebo_ws/install/as2_core:/root/project_gazebo_ws/install/as2_msgs:/root/project_gazebo_ws/install/as2_cli:/root/project_gazebo_ws/install/as2_visualization:/root/project_gazebo_ws/install/as2_keyboard_teleoperation:/root/project_gazebo_ws/install/as2_python_api:/opt/ros/humble LD_LIBRARY_PATH=/mission_planning_ws/install/as2_behavior/lib:/mission_planning_ws/install/as2_core/lib:/mission_planning_ws/install/as2_msgs/lib:${LD_LIBRARY_PATH} PYTHONPATH=/mission_planning_ws/install/as2_core/local/lib/python3.10/dist-packages:/mission_planning_ws/install/as2_msgs/local/lib/python3.10/dist-packages:${PYTHONPATH} /usr/bin/cmake --build /mission_planning_ws/build/as2_behaviors_path_planning -- -j22 -l22
[0.184s] Invoking command in '/mission_planning_ws/build/as2_behaviors_path_planning': AMENT_PREFIX_PATH=/mission_planning_ws/install/as2_behavior:/mission_planning_ws/install/as2_core:/mission_planning_ws/install/as2_msgs:${AMENT_PREFIX_PATH} CMAKE_PREFIX_PATH=/mission_planning_ws/install/as2_behavior:/mission_planning_ws/install/as2_core:/mission_planning_ws/install/as2_msgs:/root/project_gazebo_ws/install/aerostack2:/root/project_gazebo_ws/install/as2_usb_camera_interface:/root/project_gazebo_ws/install/as2_state_estimator:/root/project_gazebo_ws/install/as2_rviz_plugins:/root/project_gazebo_ws/install/as2_realsense_interface:/root/project_gazebo_ws/install/as2_platform_multirotor_simulator:/root/project_gazebo_ws/install/as2_platform_gazebo:/root/project_gazebo_ws/install/as2_motion_controller:/root/project_gazebo_ws/install/as2_behaviors_trajectory_generation:/root/project_gazebo_ws/install/as2_behaviors_motion:/root/project_gazebo_ws/install/as2_motion_reference_handlers:/root/project_gazebo_ws/install/as2_map_server:/root/project_gazebo_ws/install/as2_geozones:/root/project_gazebo_ws/install/as2_gazebo_assets:/root/project_gazebo_ws/install/as2_external_object_to_tf:/root/project_gazebo_ws/install/as2_behaviors_platform:/root/project_gazebo_ws/install/as2_behaviors_perception:/root/project_gazebo_ws/install/as2_behaviors_path_planning:/root/project_gazebo_ws/install/as2_behavior_tree:/root/project_gazebo_ws/install/as2_behavior:/root/project_gazebo_ws/install/as2_alphanumeric_viewer:/root/project_gazebo_ws/install/as2_core:/root/project_gazebo_ws/install/as2_msgs:/root/project_gazebo_ws/install/as2_cli:/root/project_gazebo_ws/install/as2_visualization:/root/project_gazebo_ws/install/as2_keyboard_teleoperation:/root/project_gazebo_ws/install/as2_python_api:/opt/ros/humble LD_LIBRARY_PATH=/mission_planning_ws/install/as2_behavior/lib:/mission_planning_ws/install/as2_core/lib:/mission_planning_ws/install/as2_msgs/lib:${LD_LIBRARY_PATH} PYTHONPATH=/mission_planning_ws/install/as2_core/local/lib/python3.10/dist-packages:/mission_planning_ws/install/as2_msgs/local/lib/python3.10/dist-packages:${PYTHONPATH} /usr/bin/cmake --install /mission_planning_ws/build/as2_behaviors_path_planning
[0.193s] -- Install configuration: "Release"
[0.194s] -- Up-to-date: /mission_planning_ws/install/as2_behaviors_path_planning/include
[0.194s] -- Up-to-date: /mission_planning_ws/install/as2_behaviors_path_planning/include/as2_behaviors_path_planning
[0.194s] -- Up-to-date: /mission_planning_ws/install/as2_behaviors_path_planning/include/as2_behaviors_path_planning/path_planner_behavior.hpp
[0.194s] -- Up-to-date: /mission_planning_ws/install/as2_behaviors_path_planning/include/as2_behaviors_path_planning/path_planner_plugin_base.hpp
[0.195s] -- Up-to-date: /mission_planning_ws/install/as2_behaviors_path_planning/share/as2_behaviors_path_planning/environment/library_path.sh
[0.195s] -- Up-to-date: /mission_planning_ws/install/as2_behaviors_path_planning/share/as2_behaviors_path_planning/environment/library_path.dsv
[0.195s] -- Up-to-date: /mission_planning_ws/install/as2_behaviors_path_planning/include/include
[0.196s] -- Up-to-date: /mission_planning_ws/install/as2_behaviors_path_planning/include/include/graph_searcher.hpp
[0.196s] -- Up-to-date: /mission_planning_ws/install/as2_behaviors_path_planning/include/include/cell_node.hpp
[0.196s] -- Up-to-date: /mission_planning_ws/install/as2_behaviors_path_planning/include/include/utils.hpp
[0.196s] -- Up-to-date: /mission_planning_ws/install/as2_behaviors_path_planning/lib/libas2_behaviors_path_planning_plugin_base.so
[0.197s] -- Up-to-date: /mission_planning_ws/install/as2_behaviors_path_planning/lib/libpath_planner_component.so
[0.197s] -- Up-to-date: /mission_planning_ws/install/as2_behaviors_path_planning/share/as2_behaviors_path_planning/plugins.xml
[0.197s] -- Up-to-date: /mission_planning_ws/install/as2_behaviors_path_planning/share/as2_behaviors_path_planning/launch
[0.198s] -- Up-to-date: /mission_planning_ws/install/as2_behaviors_path_planning/share/as2_behaviors_path_planning/launch/a_star-path_planner_behavior.launch.py
[0.198s] -- Up-to-date: /mission_planning_ws/install/as2_behaviors_path_planning/share/as2_behaviors_path_planning/launch
[0.198s] -- Up-to-date: /mission_planning_ws/install/as2_behaviors_path_planning/share/as2_behaviors_path_planning/launch/voronoi-path_planner_behavior.launch.py
[0.199s] -- Up-to-date: /mission_planning_ws/install/as2_behaviors_path_planning/lib/as2_behaviors_path_planning/as2_behaviors_path_planning_node
[0.199s] -- Up-to-date: /mission_planning_ws/install/as2_behaviors_path_planning/share/as2_behaviors_path_planning/launch
[0.199s] -- Up-to-date: /mission_planning_ws/install/as2_behaviors_path_planning/share/as2_behaviors_path_planning/launch/path_planner_behavior_launch.py
[0.199s] -- Up-to-date: /mission_planning_ws/install/as2_behaviors_path_planning/share/as2_behaviors_path_planning/launch/composable_path_planner_behavior.launch.py
[0.199s] -- Up-to-date: /mission_planning_ws/install/as2_behaviors_path_planning/share/as2_behaviors_path_planning/config
[0.199s] -- Up-to-date: /mission_planning_ws/install/as2_behaviors_path_planning/share/as2_behaviors_path_planning/config/behavior_default.yaml
[0.200s] -- Up-to-date: /mission_planning_ws/install/as2_behaviors_path_planning/share/ament_index/resource_index/package_run_dependencies/as2_behaviors_path_planning
[0.200s] -- Up-to-date: /mission_planning_ws/install/as2_behaviors_path_planning/share/ament_index/resource_index/parent_prefix_path/as2_behaviors_path_planning
[0.200s] -- Up-to-date: /mission_planning_ws/install/as2_behaviors_path_planning/share/as2_behaviors_path_planning/environment/ament_prefix_path.sh
[0.200s] -- Up-to-date: /mission_planning_ws/install/as2_behaviors_path_planning/share/as2_behaviors_path_planning/environment/ament_prefix_path.dsv
[0.200s] -- Up-to-date: /mission_planning_ws/install/as2_behaviors_path_planning/share/as2_behaviors_path_planning/environment/path.sh
[0.200s] -- Up-to-date: /mission_planning_ws/install/as2_behaviors_path_planning/share/as2_behaviors_path_planning/environment/path.dsv
[0.200s] -- Up-to-date: /mission_planning_ws/install/as2_behaviors_path_planning/share/as2_behaviors_path_planning/local_setup.bash
[0.200s] -- Up-to-date: /mission_planning_ws/install/as2_behaviors_path_planning/share/as2_behaviors_path_planning/local_setup.sh
[0.200s] -- Up-to-date: /mission_planning_ws/install/as2_behaviors_path_planning/share/as2_behaviors_path_planning/local_setup.zsh
[0.200s] -- Up-to-date: /mission_planning_ws/install/as2_behaviors_path_planning/share/as2_behaviors_path_planning/local_setup.dsv
[0.200s] -- Installing: /mission_planning_ws/install/as2_behaviors_path_planning/share/as2_behaviors_path_planning/package.dsv
[0.201s] -- Up-to-date: /mission_planning_ws/install/as2_behaviors_path_planning/share/ament_index/resource_index/packages/as2_behaviors_path_planning
[0.201s] -- Up-to-date: /mission_planning_ws/install/as2_behaviors_path_planning/share/ament_index/resource_index/as2_behaviors_path_planning__pluginlib__plugin/as2_behaviors_path_planning
[0.203s] -- Up-to-date: /mission_planning_ws/install/as2_behaviors_path_planning/share/as2_behaviors_path_planning/cmake/as2_behaviors_path_planning_plugin_baseExport.cmake
[0.203s] -- Up-to-date: /mission_planning_ws/install/as2_behaviors_path_planning/share/as2_behaviors_path_planning/cmake/as2_behaviors_path_planning_plugin_baseExport-release.cmake
[0.203s] -- Up-to-date: /mission_planning_ws/install/as2_behaviors_path_planning/share/ament_index/resource_index/rclcpp_components/as2_behaviors_path_planning
[0.203s] -- Up-to-date: /mission_planning_ws/install/as2_behaviors_path_planning/share/as2_behaviors_path_planning/cmake/ament_cmake_export_include_directories-extras.cmake
[0.203s] -- Up-to-date: /mission_planning_ws/install/as2_behaviors_path_planning/share/as2_behaviors_path_planning/cmake/ament_cmake_export_libraries-extras.cmake
[0.204s] -- Up-to-date: /mission_planning_ws/install/as2_behaviors_path_planning/share/as2_behaviors_path_planning/cmake/ament_cmake_export_targets-extras.cmake
[0.204s] -- Up-to-date: /mission_planning_ws/install/as2_behaviors_path_planning/share/as2_behaviors_path_planning/cmake/as2_behaviors_path_planningConfig.cmake
[0.204s] -- Up-to-date: /mission_planning_ws/install/as2_behaviors_path_planning/share/as2_behaviors_path_planning/cmake/as2_behaviors_path_planningConfig-version.cmake
[0.204s] -- Up-to-date: /mission_planning_ws/install/as2_behaviors_path_planning/share/as2_behaviors_path_planning/package.xml
[0.204s] -- Up-to-date: /mission_planning_ws/install/as2_behaviors_path_planning/include
[0.204s] -- Up-to-date: /mission_planning_ws/install/as2_behaviors_path_planning/include/a_star.hpp
[0.204s] -- Up-to-date: /mission_planning_ws/install/as2_behaviors_path_planning/include/a_star_algorithm.hpp
[0.204s] -- Up-to-date: /mission_planning_ws/install/as2_behaviors_path_planning/include/a_star_searcher.hpp
[0.204s] -- Up-to-date: /mission_planning_ws/install/as2_behaviors_path_planning/lib/liba_star.so
[0.204s] -- Up-to-date: /mission_planning_ws/install/as2_behaviors_path_planning/include
[0.204s] -- Up-to-date: /mission_planning_ws/install/as2_behaviors_path_planning/include/voronoi_searcher.hpp
[0.204s] -- Up-to-date: /mission_planning_ws/install/as2_behaviors_path_planning/include/voronoi.hpp
[0.206s] -- Up-to-date: /mission_planning_ws/install/as2_behaviors_path_planning/lib/libvoronoi.so
[0.236s] Invoked command in '/mission_planning_ws/build/as2_behaviors_path_planning' returned '0': AMENT_PREFIX_PATH=/mission_planning_ws/install/as2_behavior:/mission_planning_ws/install/as2_core:/mission_planning_ws/install/as2_msgs:${AMENT_PREFIX_PATH} CMAKE_PREFIX_PATH=/mission_planning_ws/install/as2_behavior:/mission_planning_ws/install/as2_core:/mission_planning_ws/install/as2_msgs:/root/project_gazebo_ws/install/aerostack2:/root/project_gazebo_ws/install/as2_usb_camera_interface:/root/project_gazebo_ws/install/as2_state_estimator:/root/project_gazebo_ws/install/as2_rviz_plugins:/root/project_gazebo_ws/install/as2_realsense_interface:/root/project_gazebo_ws/install/as2_platform_multirotor_simulator:/root/project_gazebo_ws/install/as2_platform_gazebo:/root/project_gazebo_ws/install/as2_motion_controller:/root/project_gazebo_ws/install/as2_behaviors_trajectory_generation:/root/project_gazebo_ws/install/as2_behaviors_motion:/root/project_gazebo_ws/install/as2_motion_reference_handlers:/root/project_gazebo_ws/install/as2_map_server:/root/project_gazebo_ws/install/as2_geozones:/root/project_gazebo_ws/install/as2_gazebo_assets:/root/project_gazebo_ws/install/as2_external_object_to_tf:/root/project_gazebo_ws/install/as2_behaviors_platform:/root/project_gazebo_ws/install/as2_behaviors_perception:/root/project_gazebo_ws/install/as2_behaviors_path_planning:/root/project_gazebo_ws/install/as2_behavior_tree:/root/project_gazebo_ws/install/as2_behavior:/root/project_gazebo_ws/install/as2_alphanumeric_viewer:/root/project_gazebo_ws/install/as2_core:/root/project_gazebo_ws/install/as2_msgs:/root/project_gazebo_ws/install/as2_cli:/root/project_gazebo_ws/install/as2_visualization:/root/project_gazebo_ws/install/as2_keyboard_teleoperation:/root/project_gazebo_ws/install/as2_python_api:/opt/ros/humble LD_LIBRARY_PATH=/mission_planning_ws/install/as2_behavior/lib:/mission_planning_ws/install/as2_core/lib:/mission_planning_ws/install/as2_msgs/lib:${LD_LIBRARY_PATH} PYTHONPATH=/mission_planning_ws/install/as2_core/local/lib/python3.10/dist-packages:/mission_planning_ws/install/as2_msgs/local/lib/python3.10/dist-packages:${PYTHONPATH} /usr/bin/cmake --install /mission_planning_ws/build/as2_behaviors_path_planning
