[0.048s] Invoking command in '/mission_planning_ws/build/as2_platform_crazyflie': AMENT_PREFIX_PATH=/mission_planning_ws/install/as2_core:/mission_planning_ws/install/as2_msgs:${AMENT_PREFIX_PATH} CMAKE_PREFIX_PATH=/mission_planning_ws/install/as2_core:/mission_planning_ws/install/as2_msgs:/root/project_gazebo_ws/install/aerostack2:/root/project_gazebo_ws/install/as2_usb_camera_interface:/root/project_gazebo_ws/install/as2_state_estimator:/root/project_gazebo_ws/install/as2_rviz_plugins:/root/project_gazebo_ws/install/as2_realsense_interface:/root/project_gazebo_ws/install/as2_platform_multirotor_simulator:/root/project_gazebo_ws/install/as2_platform_gazebo:/root/project_gazebo_ws/install/as2_motion_controller:/root/project_gazebo_ws/install/as2_behaviors_trajectory_generation:/root/project_gazebo_ws/install/as2_behaviors_motion:/root/project_gazebo_ws/install/as2_motion_reference_handlers:/root/project_gazebo_ws/install/as2_map_server:/root/project_gazebo_ws/install/as2_geozones:/root/project_gazebo_ws/install/as2_gazebo_assets:/root/project_gazebo_ws/install/as2_external_object_to_tf:/root/project_gazebo_ws/install/as2_behaviors_platform:/root/project_gazebo_ws/install/as2_behaviors_perception:/root/project_gazebo_ws/install/as2_behaviors_path_planning:/root/project_gazebo_ws/install/as2_behavior_tree:/root/project_gazebo_ws/install/as2_behavior:/root/project_gazebo_ws/install/as2_alphanumeric_viewer:/root/project_gazebo_ws/install/as2_core:/root/project_gazebo_ws/install/as2_msgs:/root/project_gazebo_ws/install/as2_cli:/root/project_gazebo_ws/install/as2_visualization:/root/project_gazebo_ws/install/as2_keyboard_teleoperation:/root/project_gazebo_ws/install/as2_python_api:/opt/ros/humble LD_LIBRARY_PATH=/mission_planning_ws/install/as2_core/lib:/mission_planning_ws/install/as2_msgs/lib:${LD_LIBRARY_PATH} PYTHONPATH=/mission_planning_ws/install/as2_core/local/lib/python3.10/dist-packages:/mission_planning_ws/install/as2_msgs/local/lib/python3.10/dist-packages:${PYTHONPATH} /usr/bin/cmake --build /mission_planning_ws/build/as2_platform_crazyflie -- -j22 -l22
[0.226s] [35m[1mConsolidate compiler generated dependencies of target crazyflieLinkCpp[0m
[0.268s] [  0%] Built target ament_cmake_python_copy_as2_platform_crazyflie
[0.281s] [ 50%] Built target crazyflieLinkCpp
[0.317s] [35m[1mConsolidate compiler generated dependencies of target crazyflie_cpp[0m
[0.346s] [ 66%] Built target crazyflie_cpp
[0.357s] [35m[1mConsolidate compiler generated dependencies of target as2_platform_crazyflie_swarm_node[0m
[0.360s] [35m[1mConsolidate compiler generated dependencies of target as2_platform_crazyflie_node[0m
[0.384s] [ 83%] Built target as2_platform_crazyflie_node
[0.384s] [100%] Built target as2_platform_crazyflie_swarm_node
[0.495s] running egg_info
[0.496s] writing as2_platform_crazyflie.egg-info/PKG-INFO
[0.496s] writing dependency_links to as2_platform_crazyflie.egg-info/dependency_links.txt
[0.496s] writing top-level names to as2_platform_crazyflie.egg-info/top_level.txt
[0.499s] reading manifest file 'as2_platform_crazyflie.egg-info/SOURCES.txt'
[0.500s] writing manifest file 'as2_platform_crazyflie.egg-info/SOURCES.txt'
[0.537s] [100%] Built target ament_cmake_python_build_as2_platform_crazyflie_egg
[0.590s] Invoked command in '/mission_planning_ws/build/as2_platform_crazyflie' returned '0': AMENT_PREFIX_PATH=/mission_planning_ws/install/as2_core:/mission_planning_ws/install/as2_msgs:${AMENT_PREFIX_PATH} CMAKE_PREFIX_PATH=/mission_planning_ws/install/as2_core:/mission_planning_ws/install/as2_msgs:/root/project_gazebo_ws/install/aerostack2:/root/project_gazebo_ws/install/as2_usb_camera_interface:/root/project_gazebo_ws/install/as2_state_estimator:/root/project_gazebo_ws/install/as2_rviz_plugins:/root/project_gazebo_ws/install/as2_realsense_interface:/root/project_gazebo_ws/install/as2_platform_multirotor_simulator:/root/project_gazebo_ws/install/as2_platform_gazebo:/root/project_gazebo_ws/install/as2_motion_controller:/root/project_gazebo_ws/install/as2_behaviors_trajectory_generation:/root/project_gazebo_ws/install/as2_behaviors_motion:/root/project_gazebo_ws/install/as2_motion_reference_handlers:/root/project_gazebo_ws/install/as2_map_server:/root/project_gazebo_ws/install/as2_geozones:/root/project_gazebo_ws/install/as2_gazebo_assets:/root/project_gazebo_ws/install/as2_external_object_to_tf:/root/project_gazebo_ws/install/as2_behaviors_platform:/root/project_gazebo_ws/install/as2_behaviors_perception:/root/project_gazebo_ws/install/as2_behaviors_path_planning:/root/project_gazebo_ws/install/as2_behavior_tree:/root/project_gazebo_ws/install/as2_behavior:/root/project_gazebo_ws/install/as2_alphanumeric_viewer:/root/project_gazebo_ws/install/as2_core:/root/project_gazebo_ws/install/as2_msgs:/root/project_gazebo_ws/install/as2_cli:/root/project_gazebo_ws/install/as2_visualization:/root/project_gazebo_ws/install/as2_keyboard_teleoperation:/root/project_gazebo_ws/install/as2_python_api:/opt/ros/humble LD_LIBRARY_PATH=/mission_planning_ws/install/as2_core/lib:/mission_planning_ws/install/as2_msgs/lib:${LD_LIBRARY_PATH} PYTHONPATH=/mission_planning_ws/install/as2_core/local/lib/python3.10/dist-packages:/mission_planning_ws/install/as2_msgs/local/lib/python3.10/dist-packages:${PYTHONPATH} /usr/bin/cmake --build /mission_planning_ws/build/as2_platform_crazyflie -- -j22 -l22
[0.592s] Invoking command in '/mission_planning_ws/build/as2_platform_crazyflie': AMENT_PREFIX_PATH=/mission_planning_ws/install/as2_core:/mission_planning_ws/install/as2_msgs:${AMENT_PREFIX_PATH} CMAKE_PREFIX_PATH=/mission_planning_ws/install/as2_core:/mission_planning_ws/install/as2_msgs:/root/project_gazebo_ws/install/aerostack2:/root/project_gazebo_ws/install/as2_usb_camera_interface:/root/project_gazebo_ws/install/as2_state_estimator:/root/project_gazebo_ws/install/as2_rviz_plugins:/root/project_gazebo_ws/install/as2_realsense_interface:/root/project_gazebo_ws/install/as2_platform_multirotor_simulator:/root/project_gazebo_ws/install/as2_platform_gazebo:/root/project_gazebo_ws/install/as2_motion_controller:/root/project_gazebo_ws/install/as2_behaviors_trajectory_generation:/root/project_gazebo_ws/install/as2_behaviors_motion:/root/project_gazebo_ws/install/as2_motion_reference_handlers:/root/project_gazebo_ws/install/as2_map_server:/root/project_gazebo_ws/install/as2_geozones:/root/project_gazebo_ws/install/as2_gazebo_assets:/root/project_gazebo_ws/install/as2_external_object_to_tf:/root/project_gazebo_ws/install/as2_behaviors_platform:/root/project_gazebo_ws/install/as2_behaviors_perception:/root/project_gazebo_ws/install/as2_behaviors_path_planning:/root/project_gazebo_ws/install/as2_behavior_tree:/root/project_gazebo_ws/install/as2_behavior:/root/project_gazebo_ws/install/as2_alphanumeric_viewer:/root/project_gazebo_ws/install/as2_core:/root/project_gazebo_ws/install/as2_msgs:/root/project_gazebo_ws/install/as2_cli:/root/project_gazebo_ws/install/as2_visualization:/root/project_gazebo_ws/install/as2_keyboard_teleoperation:/root/project_gazebo_ws/install/as2_python_api:/opt/ros/humble LD_LIBRARY_PATH=/mission_planning_ws/install/as2_core/lib:/mission_planning_ws/install/as2_msgs/lib:${LD_LIBRARY_PATH} PYTHONPATH=/mission_planning_ws/install/as2_core/local/lib/python3.10/dist-packages:/mission_planning_ws/install/as2_msgs/local/lib/python3.10/dist-packages:${PYTHONPATH} /usr/bin/cmake --install /mission_planning_ws/build/as2_platform_crazyflie
[0.598s] -- Install configuration: ""
[0.598s] -- Up-to-date: /mission_planning_ws/install/as2_platform_crazyflie/share/as2_platform_crazyflie/launch
[0.599s] -- Up-to-date: /mission_planning_ws/install/as2_platform_crazyflie/share/as2_platform_crazyflie/launch/crazyflie_aideck_stream_launch.py
[0.599s] -- Up-to-date: /mission_planning_ws/install/as2_platform_crazyflie/share/as2_platform_crazyflie/launch/crazyflie_swarm_launch.py
[0.599s] -- Up-to-date: /mission_planning_ws/install/as2_platform_crazyflie/share/as2_platform_crazyflie/config
[0.599s] -- Up-to-date: /mission_planning_ws/install/as2_platform_crazyflie/share/as2_platform_crazyflie/config/control_modes.yaml
[0.599s] -- Up-to-date: /mission_planning_ws/install/as2_platform_crazyflie/share/as2_platform_crazyflie/config/swarm_config_file.yaml
[0.599s] -- Up-to-date: /mission_planning_ws/install/as2_platform_crazyflie/share/as2_platform_crazyflie/config/camera_calibration.yaml
[0.599s] -- Up-to-date: /mission_planning_ws/install/as2_platform_crazyflie/share/as2_platform_crazyflie/config/platform_config_file.yaml
[0.599s] -- Up-to-date: /mission_planning_ws/install/as2_platform_crazyflie/share/as2_platform_crazyflie/config/aideck_config_file.yaml
[0.600s] -- Up-to-date: /mission_planning_ws/install/as2_platform_crazyflie/lib/as2_platform_crazyflie/as2_platform_crazyflie_node
[0.601s] -- Up-to-date: /mission_planning_ws/install/as2_platform_crazyflie/lib/as2_platform_crazyflie/as2_platform_crazyflie_swarm_node
[0.601s] -- Up-to-date: /mission_planning_ws/install/as2_platform_crazyflie/share/as2_platform_crazyflie/environment/pythonpath.sh
[0.601s] -- Up-to-date: /mission_planning_ws/install/as2_platform_crazyflie/share/as2_platform_crazyflie/environment/pythonpath.dsv
[0.602s] -- Up-to-date: /mission_planning_ws/install/as2_platform_crazyflie/local/lib/python3.10/dist-packages/as2_platform_crazyflie-1.1.0-py3.10.egg-info
[0.602s] -- Installing: /mission_planning_ws/install/as2_platform_crazyflie/local/lib/python3.10/dist-packages/as2_platform_crazyflie-1.1.0-py3.10.egg-info/dependency_links.txt
[0.603s] -- Installing: /mission_planning_ws/install/as2_platform_crazyflie/local/lib/python3.10/dist-packages/as2_platform_crazyflie-1.1.0-py3.10.egg-info/PKG-INFO
[0.603s] -- Installing: /mission_planning_ws/install/as2_platform_crazyflie/local/lib/python3.10/dist-packages/as2_platform_crazyflie-1.1.0-py3.10.egg-info/top_level.txt
[0.603s] -- Installing: /mission_planning_ws/install/as2_platform_crazyflie/local/lib/python3.10/dist-packages/as2_platform_crazyflie-1.1.0-py3.10.egg-info/SOURCES.txt
[0.603s] -- Up-to-date: /mission_planning_ws/install/as2_platform_crazyflie/local/lib/python3.10/dist-packages/as2_platform_crazyflie
[0.604s] -- Up-to-date: /mission_planning_ws/install/as2_platform_crazyflie/local/lib/python3.10/dist-packages/as2_platform_crazyflie/__init__.py
[0.604s] -- Up-to-date: /mission_planning_ws/install/as2_platform_crazyflie/local/lib/python3.10/dist-packages/as2_platform_crazyflie/viewer.py
[0.627s] Listing '/mission_planning_ws/install/as2_platform_crazyflie/local/lib/python3.10/dist-packages/as2_platform_crazyflie'...
[0.630s] -- Up-to-date: /mission_planning_ws/install/as2_platform_crazyflie/lib/as2_platform_crazyflie/aideck_node.py
[0.631s] -- Up-to-date: /mission_planning_ws/install/as2_platform_crazyflie/share/ament_index/resource_index/package_run_dependencies/as2_platform_crazyflie
[0.631s] -- Up-to-date: /mission_planning_ws/install/as2_platform_crazyflie/share/ament_index/resource_index/parent_prefix_path/as2_platform_crazyflie
[0.631s] -- Up-to-date: /mission_planning_ws/install/as2_platform_crazyflie/share/as2_platform_crazyflie/environment/ament_prefix_path.sh
[0.631s] -- Up-to-date: /mission_planning_ws/install/as2_platform_crazyflie/share/as2_platform_crazyflie/environment/ament_prefix_path.dsv
[0.631s] -- Up-to-date: /mission_planning_ws/install/as2_platform_crazyflie/share/as2_platform_crazyflie/environment/path.sh
[0.631s] -- Up-to-date: /mission_planning_ws/install/as2_platform_crazyflie/share/as2_platform_crazyflie/environment/path.dsv
[0.631s] -- Up-to-date: /mission_planning_ws/install/as2_platform_crazyflie/share/as2_platform_crazyflie/local_setup.bash
[0.631s] -- Up-to-date: /mission_planning_ws/install/as2_platform_crazyflie/share/as2_platform_crazyflie/local_setup.sh
[0.631s] -- Up-to-date: /mission_planning_ws/install/as2_platform_crazyflie/share/as2_platform_crazyflie/local_setup.zsh
[0.631s] -- Up-to-date: /mission_planning_ws/install/as2_platform_crazyflie/share/as2_platform_crazyflie/local_setup.dsv
[0.631s] -- Installing: /mission_planning_ws/install/as2_platform_crazyflie/share/as2_platform_crazyflie/package.dsv
[0.632s] -- Up-to-date: /mission_planning_ws/install/as2_platform_crazyflie/share/ament_index/resource_index/packages/as2_platform_crazyflie
[0.632s] -- Up-to-date: /mission_planning_ws/install/as2_platform_crazyflie/share/as2_platform_crazyflie/cmake/as2_platform_crazyflieConfig.cmake
[0.632s] -- Up-to-date: /mission_planning_ws/install/as2_platform_crazyflie/share/as2_platform_crazyflie/cmake/as2_platform_crazyflieConfig-version.cmake
[0.632s] -- Up-to-date: /mission_planning_ws/install/as2_platform_crazyflie/share/as2_platform_crazyflie/package.xml
[0.813s] Invoked command in '/mission_planning_ws/build/as2_platform_crazyflie' returned '0': AMENT_PREFIX_PATH=/mission_planning_ws/install/as2_core:/mission_planning_ws/install/as2_msgs:${AMENT_PREFIX_PATH} CMAKE_PREFIX_PATH=/mission_planning_ws/install/as2_core:/mission_planning_ws/install/as2_msgs:/root/project_gazebo_ws/install/aerostack2:/root/project_gazebo_ws/install/as2_usb_camera_interface:/root/project_gazebo_ws/install/as2_state_estimator:/root/project_gazebo_ws/install/as2_rviz_plugins:/root/project_gazebo_ws/install/as2_realsense_interface:/root/project_gazebo_ws/install/as2_platform_multirotor_simulator:/root/project_gazebo_ws/install/as2_platform_gazebo:/root/project_gazebo_ws/install/as2_motion_controller:/root/project_gazebo_ws/install/as2_behaviors_trajectory_generation:/root/project_gazebo_ws/install/as2_behaviors_motion:/root/project_gazebo_ws/install/as2_motion_reference_handlers:/root/project_gazebo_ws/install/as2_map_server:/root/project_gazebo_ws/install/as2_geozones:/root/project_gazebo_ws/install/as2_gazebo_assets:/root/project_gazebo_ws/install/as2_external_object_to_tf:/root/project_gazebo_ws/install/as2_behaviors_platform:/root/project_gazebo_ws/install/as2_behaviors_perception:/root/project_gazebo_ws/install/as2_behaviors_path_planning:/root/project_gazebo_ws/install/as2_behavior_tree:/root/project_gazebo_ws/install/as2_behavior:/root/project_gazebo_ws/install/as2_alphanumeric_viewer:/root/project_gazebo_ws/install/as2_core:/root/project_gazebo_ws/install/as2_msgs:/root/project_gazebo_ws/install/as2_cli:/root/project_gazebo_ws/install/as2_visualization:/root/project_gazebo_ws/install/as2_keyboard_teleoperation:/root/project_gazebo_ws/install/as2_python_api:/opt/ros/humble LD_LIBRARY_PATH=/mission_planning_ws/install/as2_core/lib:/mission_planning_ws/install/as2_msgs/lib:${LD_LIBRARY_PATH} PYTHONPATH=/mission_planning_ws/install/as2_core/local/lib/python3.10/dist-packages:/mission_planning_ws/install/as2_msgs/local/lib/python3.10/dist-packages:${PYTHONPATH} /usr/bin/cmake --install /mission_planning_ws/build/as2_platform_crazyflie
