[0.035s] Invoking command in '/mission_planning_ws/build/as2_behavior_tree': AMENT_PREFIX_PATH=/mission_planning_ws/install/as2_core:/mission_planning_ws/install/as2_msgs:${AMENT_PREFIX_PATH} CMAKE_PREFIX_PATH=/mission_planning_ws/install/as2_core:/mission_planning_ws/install/as2_msgs:/root/project_gazebo_ws/install/aerostack2:/root/project_gazebo_ws/install/as2_usb_camera_interface:/root/project_gazebo_ws/install/as2_state_estimator:/root/project_gazebo_ws/install/as2_rviz_plugins:/root/project_gazebo_ws/install/as2_realsense_interface:/root/project_gazebo_ws/install/as2_platform_multirotor_simulator:/root/project_gazebo_ws/install/as2_platform_gazebo:/root/project_gazebo_ws/install/as2_motion_controller:/root/project_gazebo_ws/install/as2_behaviors_trajectory_generation:/root/project_gazebo_ws/install/as2_behaviors_motion:/root/project_gazebo_ws/install/as2_motion_reference_handlers:/root/project_gazebo_ws/install/as2_map_server:/root/project_gazebo_ws/install/as2_geozones:/root/project_gazebo_ws/install/as2_gazebo_assets:/root/project_gazebo_ws/install/as2_external_object_to_tf:/root/project_gazebo_ws/install/as2_behaviors_platform:/root/project_gazebo_ws/install/as2_behaviors_perception:/root/project_gazebo_ws/install/as2_behaviors_path_planning:/root/project_gazebo_ws/install/as2_behavior_tree:/root/project_gazebo_ws/install/as2_behavior:/root/project_gazebo_ws/install/as2_alphanumeric_viewer:/root/project_gazebo_ws/install/as2_core:/root/project_gazebo_ws/install/as2_msgs:/root/project_gazebo_ws/install/as2_cli:/root/project_gazebo_ws/install/as2_visualization:/root/project_gazebo_ws/install/as2_keyboard_teleoperation:/root/project_gazebo_ws/install/as2_python_api:/opt/ros/humble LD_LIBRARY_PATH=/mission_planning_ws/install/as2_core/lib:/mission_planning_ws/install/as2_msgs/lib:${LD_LIBRARY_PATH} PYTHONPATH=/mission_planning_ws/install/as2_core/local/lib/python3.10/dist-packages:/mission_planning_ws/install/as2_msgs/local/lib/python3.10/dist-packages:${PYTHONPATH} /usr/bin/cmake /mission_planning_ws/src/aerostack2/as2_behavior_tree -DCMAKE_INSTALL_PREFIX=/mission_planning_ws/install/as2_behavior_tree
[0.089s] -- The C compiler identification is GNU 11.4.0
[0.146s] -- The CXX compiler identification is GNU 11.4.0
[0.153s] -- Detecting C compiler ABI info
[0.234s] -- Detecting C compiler ABI info - done
[0.241s] -- Check for working C compiler: /usr/bin/cc - skipped
[0.242s] -- Detecting C compile features
[0.242s] -- Detecting C compile features - done
[0.245s] -- Detecting CXX compiler ABI info
[0.343s] -- Detecting CXX compiler ABI info - done
[0.349s] -- Check for working CXX compiler: /usr/bin/c++ - skipped
[0.349s] -- Detecting CXX compile features
[0.350s] -- Detecting CXX compile features - done
[0.355s] -- Found ament_cmake: 1.3.11 (/opt/ros/humble/share/ament_cmake/cmake)
[0.549s] -- Found Python3: /usr/bin/python3 (found version "3.10.12") found components: Interpreter 
[0.810s] -- Found ament_cmake_ros: 0.10.0 (/opt/ros/humble/share/ament_cmake_ros/cmake)
[0.870s] -- Found nav2_msgs: 1.1.18 (/opt/ros/humble/share/nav2_msgs/cmake)
[0.995s] -- Found rosidl_generator_c: 3.1.6 (/opt/ros/humble/share/rosidl_generator_c/cmake)
[1.015s] -- Found rosidl_adapter: 3.1.6 (/opt/ros/humble/share/rosidl_adapter/cmake)
[1.040s] -- Found rosidl_generator_cpp: 3.1.6 (/opt/ros/humble/share/rosidl_generator_cpp/cmake)
[1.075s] -- Using all available rosidl_typesupport_c: rosidl_typesupport_fastrtps_c;rosidl_typesupport_introspection_c
[1.123s] -- Using all available rosidl_typesupport_cpp: rosidl_typesupport_fastrtps_cpp;rosidl_typesupport_introspection_cpp
[1.277s] -- Found rclcpp: 16.0.11 (/opt/ros/humble/share/rclcpp/cmake)
[1.401s] -- Found rmw_implementation_cmake: 6.1.2 (/opt/ros/humble/share/rmw_implementation_cmake/cmake)
[1.415s] -- Found rmw_fastrtps_cpp: 6.2.7 (/opt/ros/humble/share/rmw_fastrtps_cpp/cmake)
[1.594s] -- Found OpenSSL: /usr/lib/x86_64-linux-gnu/libcrypto.so (found version "3.0.2")  
[1.654s] -- Found FastRTPS: /opt/ros/humble/include  
[1.715s] -- Using RMW implementation 'rmw_fastrtps_cpp' as default
[1.746s] -- Looking for pthread.h
[1.837s] -- Looking for pthread.h - found
[1.837s] -- Performing Test CMAKE_HAVE_LIBC_PTHREAD
[1.923s] -- Performing Test CMAKE_HAVE_LIBC_PTHREAD - Success
[1.925s] -- Found Threads: TRUE  
[1.997s] -- Found rclcpp_action: 16.0.11 (/opt/ros/humble/share/rclcpp_action/cmake)
[2.012s] -- Found as2_core: 1.1.2 (/mission_planning_ws/install/as2_core/share/as2_core/cmake)
[2.167s] -- Found eigen3_cmake_module: 0.1.1 (/opt/ros/humble/share/eigen3_cmake_module/cmake)
[2.169s] -- Found Eigen3: TRUE (found version "3.4.0") 
[2.169s] -- Ensuring Eigen3 include directory is part of orocos-kdl CMake target
[2.481s] -- Found ament_lint_auto: 0.12.11 (/opt/ros/humble/share/ament_lint_auto/cmake)
[2.733s] -- Added test 'copyright' to check source files copyright and LICENSE
[2.765s] -- Added test 'cppcheck' to perform static code analysis on C / C++ code
[2.765s] -- Configured cppcheck include dirs: /mission_planning_ws/src/aerostack2/as2_behavior_tree/include;/mission_planning_ws/src/aerostack2/as2_behavior_tree/include/as2_behavior_tree
[2.765s] -- Configured cppcheck exclude dirs and/or files: 
[2.786s] -- Added test 'cpplint' to check C / C++ code against the Google style
[2.786s] -- Configured cpplint exclude dirs and/or files: 
[2.790s] -- Added test 'flake8' to check Python code syntax and style conventions
[2.796s] -- Added test 'lint_cmake' to check CMake code style
[2.801s] -- Added test 'pep257' to check Python code against some of the docstring style conventions in PEP 257
[2.819s] -- Added test 'uncrustify' to check C / C++ code style
[2.819s] -- Configured uncrustify additional arguments: 
[2.834s] -- Added test 'xmllint' to check XML markup files
[2.835s] -- Configuring done
[3.055s] -- Generating done
[3.108s] -- Build files have been written to: /mission_planning_ws/build/as2_behavior_tree
[3.144s] Invoked command in '/mission_planning_ws/build/as2_behavior_tree' returned '0': AMENT_PREFIX_PATH=/mission_planning_ws/install/as2_core:/mission_planning_ws/install/as2_msgs:${AMENT_PREFIX_PATH} CMAKE_PREFIX_PATH=/mission_planning_ws/install/as2_core:/mission_planning_ws/install/as2_msgs:/root/project_gazebo_ws/install/aerostack2:/root/project_gazebo_ws/install/as2_usb_camera_interface:/root/project_gazebo_ws/install/as2_state_estimator:/root/project_gazebo_ws/install/as2_rviz_plugins:/root/project_gazebo_ws/install/as2_realsense_interface:/root/project_gazebo_ws/install/as2_platform_multirotor_simulator:/root/project_gazebo_ws/install/as2_platform_gazebo:/root/project_gazebo_ws/install/as2_motion_controller:/root/project_gazebo_ws/install/as2_behaviors_trajectory_generation:/root/project_gazebo_ws/install/as2_behaviors_motion:/root/project_gazebo_ws/install/as2_motion_reference_handlers:/root/project_gazebo_ws/install/as2_map_server:/root/project_gazebo_ws/install/as2_geozones:/root/project_gazebo_ws/install/as2_gazebo_assets:/root/project_gazebo_ws/install/as2_external_object_to_tf:/root/project_gazebo_ws/install/as2_behaviors_platform:/root/project_gazebo_ws/install/as2_behaviors_perception:/root/project_gazebo_ws/install/as2_behaviors_path_planning:/root/project_gazebo_ws/install/as2_behavior_tree:/root/project_gazebo_ws/install/as2_behavior:/root/project_gazebo_ws/install/as2_alphanumeric_viewer:/root/project_gazebo_ws/install/as2_core:/root/project_gazebo_ws/install/as2_msgs:/root/project_gazebo_ws/install/as2_cli:/root/project_gazebo_ws/install/as2_visualization:/root/project_gazebo_ws/install/as2_keyboard_teleoperation:/root/project_gazebo_ws/install/as2_python_api:/opt/ros/humble LD_LIBRARY_PATH=/mission_planning_ws/install/as2_core/lib:/mission_planning_ws/install/as2_msgs/lib:${LD_LIBRARY_PATH} PYTHONPATH=/mission_planning_ws/install/as2_core/local/lib/python3.10/dist-packages:/mission_planning_ws/install/as2_msgs/local/lib/python3.10/dist-packages:${PYTHONPATH} /usr/bin/cmake /mission_planning_ws/src/aerostack2/as2_behavior_tree -DCMAKE_INSTALL_PREFIX=/mission_planning_ws/install/as2_behavior_tree
[3.145s] Invoking command in '/mission_planning_ws/build/as2_behavior_tree': AMENT_PREFIX_PATH=/mission_planning_ws/install/as2_core:/mission_planning_ws/install/as2_msgs:${AMENT_PREFIX_PATH} CMAKE_PREFIX_PATH=/mission_planning_ws/install/as2_core:/mission_planning_ws/install/as2_msgs:/root/project_gazebo_ws/install/aerostack2:/root/project_gazebo_ws/install/as2_usb_camera_interface:/root/project_gazebo_ws/install/as2_state_estimator:/root/project_gazebo_ws/install/as2_rviz_plugins:/root/project_gazebo_ws/install/as2_realsense_interface:/root/project_gazebo_ws/install/as2_platform_multirotor_simulator:/root/project_gazebo_ws/install/as2_platform_gazebo:/root/project_gazebo_ws/install/as2_motion_controller:/root/project_gazebo_ws/install/as2_behaviors_trajectory_generation:/root/project_gazebo_ws/install/as2_behaviors_motion:/root/project_gazebo_ws/install/as2_motion_reference_handlers:/root/project_gazebo_ws/install/as2_map_server:/root/project_gazebo_ws/install/as2_geozones:/root/project_gazebo_ws/install/as2_gazebo_assets:/root/project_gazebo_ws/install/as2_external_object_to_tf:/root/project_gazebo_ws/install/as2_behaviors_platform:/root/project_gazebo_ws/install/as2_behaviors_perception:/root/project_gazebo_ws/install/as2_behaviors_path_planning:/root/project_gazebo_ws/install/as2_behavior_tree:/root/project_gazebo_ws/install/as2_behavior:/root/project_gazebo_ws/install/as2_alphanumeric_viewer:/root/project_gazebo_ws/install/as2_core:/root/project_gazebo_ws/install/as2_msgs:/root/project_gazebo_ws/install/as2_cli:/root/project_gazebo_ws/install/as2_visualization:/root/project_gazebo_ws/install/as2_keyboard_teleoperation:/root/project_gazebo_ws/install/as2_python_api:/opt/ros/humble LD_LIBRARY_PATH=/mission_planning_ws/install/as2_core/lib:/mission_planning_ws/install/as2_msgs/lib:${LD_LIBRARY_PATH} PYTHONPATH=/mission_planning_ws/install/as2_core/local/lib/python3.10/dist-packages:/mission_planning_ws/install/as2_msgs/local/lib/python3.10/dist-packages:${PYTHONPATH} /usr/bin/cmake --build /mission_planning_ws/build/as2_behavior_tree -- -j22 -l22
[3.711s] [  3%] [32mBuilding CXX object CMakeFiles/as2_behavior_tree.dir/plugins/action/arm_service.cpp.o[0m
[3.741s] [  6%] [32mBuilding CXX object CMakeFiles/as2_behavior_tree.dir/plugins/action/takeoff_action.cpp.o[0m
[3.750s] [  9%] [32mBuilding CXX object CMakeFiles/as2_behavior_tree.dir/plugins/action/land_action.cpp.o[0m
[3.750s] [ 12%] [32mBuilding CXX object CMakeFiles/as2_behavior_tree.dir/plugins/action/offboard_service.cpp.o[0m
[3.760s] [ 16%] [32mBuilding CXX object CMakeFiles/as2_behavior_tree.dir/plugins/action/send_event.cpp.o[0m
[3.762s] [ 19%] [32mBuilding CXX object tests/node_emulators/CMakeFiles/follow_path_emulator.dir/src/follow_path_emulator.cpp.o[0m
[3.776s] [ 22%] [32mBuilding CXX object tests/node_emulators/CMakeFiles/takeoff_emulator.dir/src/takeoff_emulator.cpp.o[0m
[3.778s] [ 25%] [32mBuilding CXX object CMakeFiles/as2_behavior_tree.dir/plugins/action/set_origin.cpp.o[0m
[3.798s] [ 29%] [32mBuilding CXX object CMakeFiles/as2_behavior_tree.dir/plugins/action/get_origin.cpp.o[0m
[3.862s] [ 32%] [32mBuilding CXX object CMakeFiles/as2_behavior_tree.dir/plugins/decorator/wait_for_event.cpp.o[0m
[3.893s] [ 35%] [32mBuilding CXX object CMakeFiles/as2_behavior_tree.dir/plugins/decorator/wait_for_alert.cpp.o[0m
[3.961s] [ 38%] [32mBuilding CXX object CMakeFiles/as2_behavior_tree.dir/plugins/action/go_to_action.cpp.o[0m
[4.034s] [ 41%] [32mBuilding CXX object CMakeFiles/as2_behavior_tree.dir/plugins/action/echo.cpp.o[0m
[4.034s] [ 51%] [32mBuilding CXX object tests/node_emulators/CMakeFiles/go_to_emulator.dir/src/go_to_emulator.cpp.o[0m
[4.064s] [ 48%] [32mBuilding CXX object CMakeFiles/as2_behavior_tree.dir/plugins/action/gps_to_cartesian.cpp.o[0m
[4.064s] [ 48%] [32mBuilding CXX object tests/node_emulators/CMakeFiles/platform_emulator.dir/src/platform_emulator.cpp.o[0m
[4.065s] [ 54%] [32mBuilding CXX object CMakeFiles/as2_behavior_tree.dir/plugins/action/go_to_gps_action.cpp.o[0m
[4.065s] [ 58%] [32mBuilding CXX object CMakeFiles/as2_behavior_tree.dir/plugins/condition/is_flying_condition.cpp.o[0m
[4.097s] [ 61%] [32mBuilding CXX object tests/node_emulators/CMakeFiles/land_emulator.dir/src/land_emulator.cpp.o[0m
[44.493s] [ 64%] [32m[1mLinking CXX executable land_emulator[0m
[45.761s] [ 64%] Built target land_emulator
[46.725s] [ 67%] [32m[1mLinking CXX executable go_to_emulator[0m
[47.612s] [ 67%] Built target go_to_emulator
[49.528s] [ 70%] [32m[1mLinking CXX executable platform_emulator[0m
[51.180s] [ 70%] Built target platform_emulator
[53.055s] [ 74%] [32m[1mLinking CXX executable follow_path_emulator[0m
[53.572s] [ 74%] Built target follow_path_emulator
[54.837s] [ 77%] [32m[1mLinking CXX executable takeoff_emulator[0m
[55.420s] [ 77%] Built target takeoff_emulator
[62.235s] [ 80%] [32m[1mLinking CXX shared library libas2_behavior_tree.so[0m
[62.849s] [ 80%] Built target as2_behavior_tree
[62.885s] [ 83%] [32mBuilding CXX object CMakeFiles/as2_behavior_tree_node.dir/src/as2_behavior_tree_node.cpp.o[0m
[74.339s] [ 87%] [32m[1mLinking CXX executable as2_behavior_tree_node[0m
[74.663s] [ 87%] Built target as2_behavior_tree_node
[74.700s] [ 90%] [32mBuilding CXX object tests/CMakeFiles/as2_behavior_tree_port_test.dir/port_test.cpp.o[0m
[77.924s] [ 93%] [32m[1mLinking CXX executable as2_behavior_tree_port_test[0m
[78.214s] [ 93%] Built target as2_behavior_tree_port_test
[78.252s] [ 96%] [32mBuilding CXX object tests/CMakeFiles/as2_behavior_tree_port_pose_test.dir/port_pose_test.cpp.o[0m
[81.946s] [100%] [32m[1mLinking CXX executable as2_behavior_tree_port_pose_test[0m
[82.154s] [100%] Built target as2_behavior_tree_port_pose_test
[82.212s] Invoked command in '/mission_planning_ws/build/as2_behavior_tree' returned '0': AMENT_PREFIX_PATH=/mission_planning_ws/install/as2_core:/mission_planning_ws/install/as2_msgs:${AMENT_PREFIX_PATH} CMAKE_PREFIX_PATH=/mission_planning_ws/install/as2_core:/mission_planning_ws/install/as2_msgs:/root/project_gazebo_ws/install/aerostack2:/root/project_gazebo_ws/install/as2_usb_camera_interface:/root/project_gazebo_ws/install/as2_state_estimator:/root/project_gazebo_ws/install/as2_rviz_plugins:/root/project_gazebo_ws/install/as2_realsense_interface:/root/project_gazebo_ws/install/as2_platform_multirotor_simulator:/root/project_gazebo_ws/install/as2_platform_gazebo:/root/project_gazebo_ws/install/as2_motion_controller:/root/project_gazebo_ws/install/as2_behaviors_trajectory_generation:/root/project_gazebo_ws/install/as2_behaviors_motion:/root/project_gazebo_ws/install/as2_motion_reference_handlers:/root/project_gazebo_ws/install/as2_map_server:/root/project_gazebo_ws/install/as2_geozones:/root/project_gazebo_ws/install/as2_gazebo_assets:/root/project_gazebo_ws/install/as2_external_object_to_tf:/root/project_gazebo_ws/install/as2_behaviors_platform:/root/project_gazebo_ws/install/as2_behaviors_perception:/root/project_gazebo_ws/install/as2_behaviors_path_planning:/root/project_gazebo_ws/install/as2_behavior_tree:/root/project_gazebo_ws/install/as2_behavior:/root/project_gazebo_ws/install/as2_alphanumeric_viewer:/root/project_gazebo_ws/install/as2_core:/root/project_gazebo_ws/install/as2_msgs:/root/project_gazebo_ws/install/as2_cli:/root/project_gazebo_ws/install/as2_visualization:/root/project_gazebo_ws/install/as2_keyboard_teleoperation:/root/project_gazebo_ws/install/as2_python_api:/opt/ros/humble LD_LIBRARY_PATH=/mission_planning_ws/install/as2_core/lib:/mission_planning_ws/install/as2_msgs/lib:${LD_LIBRARY_PATH} PYTHONPATH=/mission_planning_ws/install/as2_core/local/lib/python3.10/dist-packages:/mission_planning_ws/install/as2_msgs/local/lib/python3.10/dist-packages:${PYTHONPATH} /usr/bin/cmake --build /mission_planning_ws/build/as2_behavior_tree -- -j22 -l22
[82.218s] Invoking command in '/mission_planning_ws/build/as2_behavior_tree': AMENT_PREFIX_PATH=/mission_planning_ws/install/as2_core:/mission_planning_ws/install/as2_msgs:${AMENT_PREFIX_PATH} CMAKE_PREFIX_PATH=/mission_planning_ws/install/as2_core:/mission_planning_ws/install/as2_msgs:/root/project_gazebo_ws/install/aerostack2:/root/project_gazebo_ws/install/as2_usb_camera_interface:/root/project_gazebo_ws/install/as2_state_estimator:/root/project_gazebo_ws/install/as2_rviz_plugins:/root/project_gazebo_ws/install/as2_realsense_interface:/root/project_gazebo_ws/install/as2_platform_multirotor_simulator:/root/project_gazebo_ws/install/as2_platform_gazebo:/root/project_gazebo_ws/install/as2_motion_controller:/root/project_gazebo_ws/install/as2_behaviors_trajectory_generation:/root/project_gazebo_ws/install/as2_behaviors_motion:/root/project_gazebo_ws/install/as2_motion_reference_handlers:/root/project_gazebo_ws/install/as2_map_server:/root/project_gazebo_ws/install/as2_geozones:/root/project_gazebo_ws/install/as2_gazebo_assets:/root/project_gazebo_ws/install/as2_external_object_to_tf:/root/project_gazebo_ws/install/as2_behaviors_platform:/root/project_gazebo_ws/install/as2_behaviors_perception:/root/project_gazebo_ws/install/as2_behaviors_path_planning:/root/project_gazebo_ws/install/as2_behavior_tree:/root/project_gazebo_ws/install/as2_behavior:/root/project_gazebo_ws/install/as2_alphanumeric_viewer:/root/project_gazebo_ws/install/as2_core:/root/project_gazebo_ws/install/as2_msgs:/root/project_gazebo_ws/install/as2_cli:/root/project_gazebo_ws/install/as2_visualization:/root/project_gazebo_ws/install/as2_keyboard_teleoperation:/root/project_gazebo_ws/install/as2_python_api:/opt/ros/humble LD_LIBRARY_PATH=/mission_planning_ws/install/as2_core/lib:/mission_planning_ws/install/as2_msgs/lib:${LD_LIBRARY_PATH} PYTHONPATH=/mission_planning_ws/install/as2_core/local/lib/python3.10/dist-packages:/mission_planning_ws/install/as2_msgs/local/lib/python3.10/dist-packages:${PYTHONPATH} /usr/bin/cmake --install /mission_planning_ws/build/as2_behavior_tree
[86.430s] -- Install configuration: "Release"
[86.431s] -- Installing: /mission_planning_ws/install/as2_behavior_tree/include
[86.432s] -- Installing: /mission_planning_ws/install/as2_behavior_tree/include/as2_behavior_tree
[86.433s] -- Installing: /mission_planning_ws/install/as2_behavior_tree/include/as2_behavior_tree/action
[86.435s] -- Installing: /mission_planning_ws/install/as2_behavior_tree/include/as2_behavior_tree/action/offboard_service.hpp
[86.435s] -- Installing: /mission_planning_ws/install/as2_behavior_tree/include/as2_behavior_tree/action/get_origin.hpp
[86.435s] -- Installing: /mission_planning_ws/install/as2_behavior_tree/include/as2_behavior_tree/action/set_origin.hpp
[86.436s] -- Installing: /mission_planning_ws/install/as2_behavior_tree/include/as2_behavior_tree/action/gps_to_cartesian.hpp
[86.436s] -- Installing: /mission_planning_ws/install/as2_behavior_tree/include/as2_behavior_tree/action/arm_service.hpp
[86.436s] -- Installing: /mission_planning_ws/install/as2_behavior_tree/include/as2_behavior_tree/action/send_event.hpp
[86.436s] -- Installing: /mission_planning_ws/install/as2_behavior_tree/include/as2_behavior_tree/action/follow_path.hpp
[86.436s] -- Installing: /mission_planning_ws/install/as2_behavior_tree/include/as2_behavior_tree/action/go_to_action.hpp
[86.436s] -- Installing: /mission_planning_ws/install/as2_behavior_tree/include/as2_behavior_tree/action/go_to_gps_action.hpp
[86.436s] -- Installing: /mission_planning_ws/install/as2_behavior_tree/include/as2_behavior_tree/action/takeoff_action.hpp
[86.437s] -- Installing: /mission_planning_ws/install/as2_behavior_tree/include/as2_behavior_tree/action/land_action.hpp
[86.437s] -- Installing: /mission_planning_ws/install/as2_behavior_tree/include/as2_behavior_tree/action/echo.hpp
[86.437s] -- Installing: /mission_planning_ws/install/as2_behavior_tree/include/as2_behavior_tree/bt_action_node.hpp
[86.437s] -- Installing: /mission_planning_ws/install/as2_behavior_tree/include/as2_behavior_tree/condition
[86.437s] -- Installing: /mission_planning_ws/install/as2_behavior_tree/include/as2_behavior_tree/condition/is_flying_condition.hpp
[86.437s] -- Installing: /mission_planning_ws/install/as2_behavior_tree/include/as2_behavior_tree/bt_service_node.hpp
[86.437s] -- Installing: /mission_planning_ws/install/as2_behavior_tree/include/as2_behavior_tree/port_specialization.hpp
[86.437s] -- Installing: /mission_planning_ws/install/as2_behavior_tree/include/as2_behavior_tree/decorator
[86.438s] -- Installing: /mission_planning_ws/install/as2_behavior_tree/include/as2_behavior_tree/decorator/wait_for_alert.hpp
[86.438s] -- Installing: /mission_planning_ws/install/as2_behavior_tree/include/as2_behavior_tree/decorator/wait_for_event.hpp
[86.438s] -- Installing: /mission_planning_ws/install/as2_behavior_tree/lib/as2_behavior_tree/as2_behavior_tree_node
[86.438s] -- Set runtime path of "/mission_planning_ws/install/as2_behavior_tree/lib/as2_behavior_tree/as2_behavior_tree_node" to ""
[86.438s] -- Installing: /mission_planning_ws/install/as2_behavior_tree/lib/libas2_behavior_tree.so
[86.438s] -- Set runtime path of "/mission_planning_ws/install/as2_behavior_tree/lib/libas2_behavior_tree.so" to ""
[86.438s] -- Installing: /mission_planning_ws/install/as2_behavior_tree/share/as2_behavior_tree/launch
[86.438s] -- Installing: /mission_planning_ws/install/as2_behavior_tree/share/as2_behavior_tree/launch/behavior_trees.launch.py
[86.438s] -- Installing: /mission_planning_ws/install/as2_behavior_tree/share/as2_behavior_tree/resource
[86.438s] -- Installing: /mission_planning_ws/install/as2_behavior_tree/share/as2_behavior_tree/resource/event_test.xml
[86.439s] -- Installing: /mission_planning_ws/install/as2_behavior_tree/share/as2_behavior_tree/resource/RTL_test_2.xml
[86.439s] -- Installing: /mission_planning_ws/install/as2_behavior_tree/share/as2_behavior_tree/resource/actions.xml
[86.439s] -- Installing: /mission_planning_ws/install/as2_behavior_tree/share/as2_behavior_tree/resource/basic_mission.xml
[86.439s] -- Installing: /mission_planning_ws/install/as2_behavior_tree/share/as2_behavior_tree/resource/test.xml
[86.439s] -- Installing: /mission_planning_ws/install/as2_behavior_tree/share/as2_behavior_tree/resource/event_test_2.xml
[86.439s] -- Installing: /mission_planning_ws/install/as2_behavior_tree/share/as2_behavior_tree/resource/takeoff.xml
[86.442s] -- Installing: /mission_planning_ws/install/as2_behavior_tree/share/as2_behavior_tree/resource/follow_path_test.xml
[86.442s] -- Installing: /mission_planning_ws/install/as2_behavior_tree/share/as2_behavior_tree/resource/arm_test.xml
[86.442s] -- Installing: /mission_planning_ws/install/as2_behavior_tree/share/ament_index/resource_index/package_run_dependencies/as2_behavior_tree
[86.442s] -- Installing: /mission_planning_ws/install/as2_behavior_tree/share/ament_index/resource_index/parent_prefix_path/as2_behavior_tree
[86.442s] -- Installing: /mission_planning_ws/install/as2_behavior_tree/share/as2_behavior_tree/environment/ament_prefix_path.sh
[86.443s] -- Installing: /mission_planning_ws/install/as2_behavior_tree/share/as2_behavior_tree/environment/ament_prefix_path.dsv
[86.443s] -- Installing: /mission_planning_ws/install/as2_behavior_tree/share/as2_behavior_tree/environment/path.sh
[86.443s] -- Installing: /mission_planning_ws/install/as2_behavior_tree/share/as2_behavior_tree/environment/path.dsv
[86.443s] -- Installing: /mission_planning_ws/install/as2_behavior_tree/share/as2_behavior_tree/local_setup.bash
[86.443s] -- Installing: /mission_planning_ws/install/as2_behavior_tree/share/as2_behavior_tree/local_setup.sh
[86.443s] -- Installing: /mission_planning_ws/install/as2_behavior_tree/share/as2_behavior_tree/local_setup.zsh
[86.443s] -- Installing: /mission_planning_ws/install/as2_behavior_tree/share/as2_behavior_tree/local_setup.dsv
[86.444s] -- Installing: /mission_planning_ws/install/as2_behavior_tree/share/as2_behavior_tree/package.dsv
[86.444s] -- Installing: /mission_planning_ws/install/as2_behavior_tree/share/ament_index/resource_index/packages/as2_behavior_tree
[86.444s] -- Installing: /mission_planning_ws/install/as2_behavior_tree/share/as2_behavior_tree/cmake/as2_behavior_treeConfig.cmake
[86.444s] -- Installing: /mission_planning_ws/install/as2_behavior_tree/share/as2_behavior_tree/cmake/as2_behavior_treeConfig-version.cmake
[86.444s] -- Installing: /mission_planning_ws/install/as2_behavior_tree/share/as2_behavior_tree/package.xml
[86.444s] -- Up-to-date: /mission_planning_ws/install/as2_behavior_tree/share/as2_behavior_tree/launch
[86.444s] -- Installing: /mission_planning_ws/install/as2_behavior_tree/share/as2_behavior_tree/launch/all_emulator.launch.py
[86.445s] -- Installing: /mission_planning_ws/install/as2_behavior_tree/share/as2_behavior_tree/launch/land_emulator.launch.py
[86.445s] -- Installing: /mission_planning_ws/install/as2_behavior_tree/share/as2_behavior_tree/launch/takeoff_emulator.launch.py
[86.445s] -- Installing: /mission_planning_ws/install/as2_behavior_tree/lib/as2_behavior_tree/platform_emulator
[86.445s] -- Set runtime path of "/mission_planning_ws/install/as2_behavior_tree/lib/as2_behavior_tree/platform_emulator" to ""
[86.445s] -- Installing: /mission_planning_ws/install/as2_behavior_tree/lib/as2_behavior_tree/takeoff_emulator
[86.445s] -- Set runtime path of "/mission_planning_ws/install/as2_behavior_tree/lib/as2_behavior_tree/takeoff_emulator" to ""
[86.445s] -- Installing: /mission_planning_ws/install/as2_behavior_tree/lib/as2_behavior_tree/land_emulator
[86.445s] -- Set runtime path of "/mission_planning_ws/install/as2_behavior_tree/lib/as2_behavior_tree/land_emulator" to ""
[86.445s] -- Installing: /mission_planning_ws/install/as2_behavior_tree/lib/as2_behavior_tree/go_to_emulator
[86.445s] -- Set runtime path of "/mission_planning_ws/install/as2_behavior_tree/lib/as2_behavior_tree/go_to_emulator" to ""
[86.445s] -- Installing: /mission_planning_ws/install/as2_behavior_tree/lib/as2_behavior_tree/follow_path_emulator
[86.445s] -- Set runtime path of "/mission_planning_ws/install/as2_behavior_tree/lib/as2_behavior_tree/follow_path_emulator" to ""
[86.470s] Invoked command in '/mission_planning_ws/build/as2_behavior_tree' returned '0': AMENT_PREFIX_PATH=/mission_planning_ws/install/as2_core:/mission_planning_ws/install/as2_msgs:${AMENT_PREFIX_PATH} CMAKE_PREFIX_PATH=/mission_planning_ws/install/as2_core:/mission_planning_ws/install/as2_msgs:/root/project_gazebo_ws/install/aerostack2:/root/project_gazebo_ws/install/as2_usb_camera_interface:/root/project_gazebo_ws/install/as2_state_estimator:/root/project_gazebo_ws/install/as2_rviz_plugins:/root/project_gazebo_ws/install/as2_realsense_interface:/root/project_gazebo_ws/install/as2_platform_multirotor_simulator:/root/project_gazebo_ws/install/as2_platform_gazebo:/root/project_gazebo_ws/install/as2_motion_controller:/root/project_gazebo_ws/install/as2_behaviors_trajectory_generation:/root/project_gazebo_ws/install/as2_behaviors_motion:/root/project_gazebo_ws/install/as2_motion_reference_handlers:/root/project_gazebo_ws/install/as2_map_server:/root/project_gazebo_ws/install/as2_geozones:/root/project_gazebo_ws/install/as2_gazebo_assets:/root/project_gazebo_ws/install/as2_external_object_to_tf:/root/project_gazebo_ws/install/as2_behaviors_platform:/root/project_gazebo_ws/install/as2_behaviors_perception:/root/project_gazebo_ws/install/as2_behaviors_path_planning:/root/project_gazebo_ws/install/as2_behavior_tree:/root/project_gazebo_ws/install/as2_behavior:/root/project_gazebo_ws/install/as2_alphanumeric_viewer:/root/project_gazebo_ws/install/as2_core:/root/project_gazebo_ws/install/as2_msgs:/root/project_gazebo_ws/install/as2_cli:/root/project_gazebo_ws/install/as2_visualization:/root/project_gazebo_ws/install/as2_keyboard_teleoperation:/root/project_gazebo_ws/install/as2_python_api:/opt/ros/humble LD_LIBRARY_PATH=/mission_planning_ws/install/as2_core/lib:/mission_planning_ws/install/as2_msgs/lib:${LD_LIBRARY_PATH} PYTHONPATH=/mission_planning_ws/install/as2_core/local/lib/python3.10/dist-packages:/mission_planning_ws/install/as2_msgs/local/lib/python3.10/dist-packages:${PYTHONPATH} /usr/bin/cmake --install /mission_planning_ws/build/as2_behavior_tree
