[0.520s] Invoking command in '/mission_planning_ws/src/build/as2_motion_controller': AMENT_PREFIX_PATH=/mission_planning_ws/src/install/as2_motion_reference_handlers:/mission_planning_ws/src/install/as2_core:/mission_planning_ws/src/install/as2_msgs:${AMENT_PREFIX_PATH} CMAKE_PREFIX_PATH=/mission_planning_ws/src/install/as2_motion_reference_handlers:/mission_planning_ws/src/install/as2_core:/mission_planning_ws/src/install/as2_msgs:/root/project_gazebo_ws/install/aerostack2:/root/project_gazebo_ws/install/as2_usb_camera_interface:/root/project_gazebo_ws/install/as2_state_estimator:/root/project_gazebo_ws/install/as2_rviz_plugins:/root/project_gazebo_ws/install/as2_realsense_interface:/root/project_gazebo_ws/install/as2_platform_multirotor_simulator:/root/project_gazebo_ws/install/as2_platform_gazebo:/root/project_gazebo_ws/install/as2_motion_controller:/root/project_gazebo_ws/install/as2_behaviors_trajectory_generation:/root/project_gazebo_ws/install/as2_behaviors_motion:/root/project_gazebo_ws/install/as2_motion_reference_handlers:/root/project_gazebo_ws/install/as2_map_server:/root/project_gazebo_ws/install/as2_geozones:/root/project_gazebo_ws/install/as2_gazebo_assets:/root/project_gazebo_ws/install/as2_external_object_to_tf:/root/project_gazebo_ws/install/as2_behaviors_platform:/root/project_gazebo_ws/install/as2_behaviors_perception:/root/project_gazebo_ws/install/as2_behaviors_path_planning:/root/project_gazebo_ws/install/as2_behavior_tree:/root/project_gazebo_ws/install/as2_behavior:/root/project_gazebo_ws/install/as2_alphanumeric_viewer:/root/project_gazebo_ws/install/as2_core:/root/project_gazebo_ws/install/as2_msgs:/root/project_gazebo_ws/install/as2_cli:/root/project_gazebo_ws/install/as2_visualization:/root/project_gazebo_ws/install/as2_keyboard_teleoperation:/root/project_gazebo_ws/install/as2_python_api:/opt/ros/humble LD_LIBRARY_PATH=/mission_planning_ws/src/install/as2_motion_reference_handlers/lib:/mission_planning_ws/src/install/as2_core/lib:/mission_planning_ws/src/install/as2_msgs/lib:${LD_LIBRARY_PATH} PYTHONPATH=/mission_planning_ws/src/install/as2_motion_reference_handlers/local/lib/python3.10/dist-packages:/mission_planning_ws/src/install/as2_core/local/lib/python3.10/dist-packages:/mission_planning_ws/src/install/as2_msgs/local/lib/python3.10/dist-packages:${PYTHONPATH} /usr/bin/cmake /mission_planning_ws/src/aerostack2/as2_motion_controller -DCMAKE_INSTALL_PREFIX=/mission_planning_ws/src/install/as2_motion_controller
[0.647s] -- The C compiler identification is GNU 11.4.0
[0.762s] -- The CXX compiler identification is GNU 11.4.0
[0.785s] -- Detecting C compiler ABI info
[0.944s] -- Detecting C compiler ABI info - done
[0.966s] -- Check for working C compiler: /usr/bin/cc - skipped
[0.967s] -- Detecting C compile features
[0.968s] -- Detecting C compile features - done
[0.974s] -- Detecting CXX compiler ABI info
[1.137s] -- Detecting CXX compiler ABI info - done
[1.153s] -- Check for working CXX compiler: /usr/bin/c++ - skipped
[1.153s] -- Detecting CXX compile features
[1.155s] -- Detecting CXX compile features - done
[1.202s] -- Found ament_cmake: 1.3.11 (/opt/ros/humble/share/ament_cmake/cmake)
[1.567s] -- Found Python3: /usr/bin/python3 (found version "3.10.12") found components: Interpreter 
[2.044s] -- Found rclcpp: 16.0.11 (/opt/ros/humble/share/rclcpp/cmake)
[2.311s] -- Found rosidl_generator_c: 3.1.6 (/opt/ros/humble/share/rosidl_generator_c/cmake)
[2.355s] -- Found rosidl_adapter: 3.1.6 (/opt/ros/humble/share/rosidl_adapter/cmake)
[2.401s] -- Found rosidl_generator_cpp: 3.1.6 (/opt/ros/humble/share/rosidl_generator_cpp/cmake)
[2.475s] -- Using all available rosidl_typesupport_c: rosidl_typesupport_fastrtps_c;rosidl_typesupport_introspection_c
[2.551s] -- Using all available rosidl_typesupport_cpp: rosidl_typesupport_fastrtps_cpp;rosidl_typesupport_introspection_cpp
[2.780s] -- Found rmw_implementation_cmake: 6.1.2 (/opt/ros/humble/share/rmw_implementation_cmake/cmake)
[2.798s] -- Found rmw_fastrtps_cpp: 6.2.7 (/opt/ros/humble/share/rmw_fastrtps_cpp/cmake)
[3.070s] -- Found OpenSSL: /usr/lib/x86_64-linux-gnu/libcrypto.so (found version "3.0.2")  
[3.137s] -- Found FastRTPS: /opt/ros/humble/include  
[3.260s] -- Using RMW implementation 'rmw_fastrtps_cpp' as default
[3.313s] -- Looking for pthread.h
[3.460s] -- Looking for pthread.h - found
[3.460s] -- Performing Test CMAKE_HAVE_LIBC_PTHREAD
[3.560s] -- Performing Test CMAKE_HAVE_LIBC_PTHREAD - Success
[3.563s] -- Found Threads: TRUE  
[3.750s] -- Found pluginlib: 5.1.0 (/opt/ros/humble/share/pluginlib/cmake)
[3.873s] -- Found as2_core: 1.1.2 (/mission_planning_ws/src/install/as2_core/share/as2_core/cmake)
[4.360s] -- Found eigen3_cmake_module: 0.1.1 (/opt/ros/humble/share/eigen3_cmake_module/cmake)
[4.363s] -- Found Eigen3: TRUE (found version "3.4.0") 
[4.363s] -- Ensuring Eigen3 include directory is part of orocos-kdl CMake target
[4.738s] -- Found as2_motion_reference_handlers: 1.1.2 (/mission_planning_ws/src/install/as2_motion_reference_handlers/share/as2_motion_reference_handlers/cmake)
[4.863s] -- Found ament_cmake_gtest: 1.3.11 (/opt/ros/humble/share/ament_cmake_gtest/cmake)
[4.876s] -- Found gtest sources under '/opt/ros/humble/src/gtest_vendor': C++ tests using 'Google Test' will be built
[4.892s] -- pid_controller not found
[7.007s] -- Found GTest: /usr/lib/x86_64-linux-gnu/cmake/GTest/GTestConfig.cmake (found version "1.11.0")  
[7.018s] -- Found ament_cmake_gtest: 1.3.11 (/opt/ros/humble/share/ament_cmake_gtest/cmake)
[7.020s] -- Found gtest sources under '/opt/ros/humble/src/gtest_vendor': C++ tests using 'Google Test' will be built
[7.047s] -- Found ament_lint_auto: 0.12.11 (/opt/ros/humble/share/ament_lint_auto/cmake)
[7.286s] -- Found ament_cmake_gtest: 1.3.11 (/opt/ros/humble/share/ament_cmake_gtest/cmake)
[7.288s] -- Found gtest sources under '/opt/ros/humble/src/gtest_vendor': C++ tests using 'Google Test' will be built
[7.305s] -- Added test 'copyright' to check source files copyright and LICENSE
[7.317s] -- Added test 'cppcheck' to perform static code analysis on C / C++ code
[7.317s] -- Configured cppcheck include dirs: /mission_planning_ws/src/aerostack2/as2_motion_controller/include;/mission_planning_ws/src/aerostack2/as2_motion_controller/include/as2_motion_controller;$<BUILD_INTERFACE:/mission_planning_ws/src/aerostack2/as2_motion_controller/include>
[7.317s] -- Configured cppcheck exclude dirs and/or files: 
[7.324s] -- Added test 'cpplint' to check C / C++ code against the Google style
[7.324s] -- Configured cpplint exclude dirs and/or files: 
[7.326s] -- Added test 'flake8' to check Python code syntax and style conventions
[7.329s] -- Added test 'lint_cmake' to check CMake code style
[7.331s] -- Added test 'pep257' to check Python code against some of the docstring style conventions in PEP 257
[7.338s] -- Added test 'uncrustify' to check C / C++ code style
[7.338s] -- Configured uncrustify additional arguments: 
[7.340s] -- Added test 'xmllint' to check XML markup files
[7.345s] -- Configuring done
[7.531s] -- Generating done
[7.605s] -- Build files have been written to: /mission_planning_ws/src/build/as2_motion_controller
[7.648s] Invoked command in '/mission_planning_ws/src/build/as2_motion_controller' returned '0': AMENT_PREFIX_PATH=/mission_planning_ws/src/install/as2_motion_reference_handlers:/mission_planning_ws/src/install/as2_core:/mission_planning_ws/src/install/as2_msgs:${AMENT_PREFIX_PATH} CMAKE_PREFIX_PATH=/mission_planning_ws/src/install/as2_motion_reference_handlers:/mission_planning_ws/src/install/as2_core:/mission_planning_ws/src/install/as2_msgs:/root/project_gazebo_ws/install/aerostack2:/root/project_gazebo_ws/install/as2_usb_camera_interface:/root/project_gazebo_ws/install/as2_state_estimator:/root/project_gazebo_ws/install/as2_rviz_plugins:/root/project_gazebo_ws/install/as2_realsense_interface:/root/project_gazebo_ws/install/as2_platform_multirotor_simulator:/root/project_gazebo_ws/install/as2_platform_gazebo:/root/project_gazebo_ws/install/as2_motion_controller:/root/project_gazebo_ws/install/as2_behaviors_trajectory_generation:/root/project_gazebo_ws/install/as2_behaviors_motion:/root/project_gazebo_ws/install/as2_motion_reference_handlers:/root/project_gazebo_ws/install/as2_map_server:/root/project_gazebo_ws/install/as2_geozones:/root/project_gazebo_ws/install/as2_gazebo_assets:/root/project_gazebo_ws/install/as2_external_object_to_tf:/root/project_gazebo_ws/install/as2_behaviors_platform:/root/project_gazebo_ws/install/as2_behaviors_perception:/root/project_gazebo_ws/install/as2_behaviors_path_planning:/root/project_gazebo_ws/install/as2_behavior_tree:/root/project_gazebo_ws/install/as2_behavior:/root/project_gazebo_ws/install/as2_alphanumeric_viewer:/root/project_gazebo_ws/install/as2_core:/root/project_gazebo_ws/install/as2_msgs:/root/project_gazebo_ws/install/as2_cli:/root/project_gazebo_ws/install/as2_visualization:/root/project_gazebo_ws/install/as2_keyboard_teleoperation:/root/project_gazebo_ws/install/as2_python_api:/opt/ros/humble LD_LIBRARY_PATH=/mission_planning_ws/src/install/as2_motion_reference_handlers/lib:/mission_planning_ws/src/install/as2_core/lib:/mission_planning_ws/src/install/as2_msgs/lib:${LD_LIBRARY_PATH} PYTHONPATH=/mission_planning_ws/src/install/as2_motion_reference_handlers/local/lib/python3.10/dist-packages:/mission_planning_ws/src/install/as2_core/local/lib/python3.10/dist-packages:/mission_planning_ws/src/install/as2_msgs/local/lib/python3.10/dist-packages:${PYTHONPATH} /usr/bin/cmake /mission_planning_ws/src/aerostack2/as2_motion_controller -DCMAKE_INSTALL_PREFIX=/mission_planning_ws/src/install/as2_motion_controller
[7.649s] Invoking command in '/mission_planning_ws/src/build/as2_motion_controller': AMENT_PREFIX_PATH=/mission_planning_ws/src/install/as2_motion_reference_handlers:/mission_planning_ws/src/install/as2_core:/mission_planning_ws/src/install/as2_msgs:${AMENT_PREFIX_PATH} CMAKE_PREFIX_PATH=/mission_planning_ws/src/install/as2_motion_reference_handlers:/mission_planning_ws/src/install/as2_core:/mission_planning_ws/src/install/as2_msgs:/root/project_gazebo_ws/install/aerostack2:/root/project_gazebo_ws/install/as2_usb_camera_interface:/root/project_gazebo_ws/install/as2_state_estimator:/root/project_gazebo_ws/install/as2_rviz_plugins:/root/project_gazebo_ws/install/as2_realsense_interface:/root/project_gazebo_ws/install/as2_platform_multirotor_simulator:/root/project_gazebo_ws/install/as2_platform_gazebo:/root/project_gazebo_ws/install/as2_motion_controller:/root/project_gazebo_ws/install/as2_behaviors_trajectory_generation:/root/project_gazebo_ws/install/as2_behaviors_motion:/root/project_gazebo_ws/install/as2_motion_reference_handlers:/root/project_gazebo_ws/install/as2_map_server:/root/project_gazebo_ws/install/as2_geozones:/root/project_gazebo_ws/install/as2_gazebo_assets:/root/project_gazebo_ws/install/as2_external_object_to_tf:/root/project_gazebo_ws/install/as2_behaviors_platform:/root/project_gazebo_ws/install/as2_behaviors_perception:/root/project_gazebo_ws/install/as2_behaviors_path_planning:/root/project_gazebo_ws/install/as2_behavior_tree:/root/project_gazebo_ws/install/as2_behavior:/root/project_gazebo_ws/install/as2_alphanumeric_viewer:/root/project_gazebo_ws/install/as2_core:/root/project_gazebo_ws/install/as2_msgs:/root/project_gazebo_ws/install/as2_cli:/root/project_gazebo_ws/install/as2_visualization:/root/project_gazebo_ws/install/as2_keyboard_teleoperation:/root/project_gazebo_ws/install/as2_python_api:/opt/ros/humble LD_LIBRARY_PATH=/mission_planning_ws/src/install/as2_motion_reference_handlers/lib:/mission_planning_ws/src/install/as2_core/lib:/mission_planning_ws/src/install/as2_msgs/lib:${LD_LIBRARY_PATH} PYTHONPATH=/mission_planning_ws/src/install/as2_motion_reference_handlers/local/lib/python3.10/dist-packages:/mission_planning_ws/src/install/as2_core/local/lib/python3.10/dist-packages:/mission_planning_ws/src/install/as2_msgs/local/lib/python3.10/dist-packages:${PYTHONPATH} /usr/bin/cmake --build /mission_planning_ws/src/build/as2_motion_controller -- -j22 -l22
[9.404s] [  3%] [32m[1mLinking CXX shared library libas2_motion_controller_plugin_base.so[0m
[9.405s] [  3%] Built target as2_motion_controller_plugin_base
[9.405s] [  6%] [32m[1mLinking CXX shared library libpid_controller.so[0m
[9.405s] [  6%] Built target pid_controller
[9.405s] [ 10%] [32mBuilding CXX object gtest/CMakeFiles/gtest.dir/src/gtest-all.cc.o[0m
[19.931s] [ 13%] [32m[1mLinking CXX static library libgtest.a[0m
[19.994s] [ 13%] Built target gtest
[20.039s] [ 17%] [32mBuilding CXX object _deps/pid_controller-build/tests/CMakeFiles/pid_controller_saturate_output_gtest.dir/pid_test/saturate_output_gtest.cpp.o[0m
[22.753s] [ 20%] [32m[1mLinking CXX executable pid_controller_saturate_output_gtest[0m
[22.922s] [ 20%] Built target pid_controller_saturate_output_gtest
[22.962s] [ 24%] [32mBuilding CXX object _deps/pid_controller-build/tests/CMakeFiles/pid_controller_pid_gtest.dir/pid_test/pid_gtest.cpp.o[0m
[27.075s] [ 27%] [32m[1mLinking CXX executable pid_controller_pid_gtest[0m
[27.181s] [ 27%] Built target pid_controller_pid_gtest
[27.216s] [ 31%] [32mBuilding CXX object _deps/pid_controller-build/tests/CMakeFiles/pid_controller_pid_1d_gtest.dir/pid_1d_test/pid_1d_gtest.cpp.o[0m
[29.705s] [ 34%] [32m[1mLinking CXX executable pid_controller_pid_1d_gtest[0m
[29.852s] [ 34%] Built target pid_controller_pid_1d_gtest
[29.886s] [ 37%] [32mBuilding CXX object gtest/CMakeFiles/gtest_main.dir/src/gtest_main.cc.o[0m
[31.096s] [ 41%] [32m[1mLinking CXX static library libgtest_main.a[0m
[31.141s] [ 41%] Built target gtest_main
[31.166s] [ 44%] [32mBuilding CXX object CMakeFiles/as2_motion_controller.dir/src/controller_handler.cpp.o[0m
[65.874s] [ 48%] [32mBuilding CXX object CMakeFiles/as2_motion_controller.dir/src/controller_manager.cpp.o[0m
[84.561s] [ 51%] [32m[1mLinking CXX shared library libas2_motion_controller.so[0m
[85.044s] [ 51%] Built target as2_motion_controller
[85.081s] [ 55%] [32mBuilding CXX object tests/CMakeFiles/as2_motion_controller_as2_motion_controller_gtest.dir/as2_motion_controller_gtest.cpp.o[0m
[85.081s] [ 58%] [32mBuilding CXX object CMakeFiles/as2_motion_controller_node.dir/src/controller_manager_node.cpp.o[0m
[85.081s] [ 62%] [32mBuilding CXX object plugins/differential_flatness_controller/CMakeFiles/differential_flatness_controller.dir/src/differential_flatness_controller.cpp.o[0m
[85.082s] [ 65%] [32mBuilding CXX object tests/CMakeFiles/as2_motion_controller_find_mode_match_test.dir/find_mode_match_test.cpp.o[0m
[85.086s] [ 68%] [32mBuilding CXX object plugins/pid_speed_controller/CMakeFiles/pid_speed_controller.dir/src/pid_speed_controller.cpp.o[0m
[87.442s] [ 72%] [32m[1mLinking CXX executable as2_motion_controller_find_mode_match_test[0m
[87.681s] [ 72%] Built target as2_motion_controller_find_mode_match_test
[90.943s] [ 75%] [32m[1mLinking CXX executable as2_motion_controller_as2_motion_controller_gtest[0m
[91.199s] [ 75%] Built target as2_motion_controller_as2_motion_controller_gtest
[93.139s] [ 79%] [32m[1mLinking CXX shared library libpid_speed_controller.so[0m
[93.150s] [ 82%] [32m[1mLinking CXX executable as2_motion_controller_node[0m
[93.440s] [ 82%] Built target as2_motion_controller_node
[93.485s] [ 82%] Built target pid_speed_controller
[93.511s] [ 86%] [32mBuilding CXX object plugins/pid_speed_controller/tests/CMakeFiles/as2_motion_controller_pid_speed_controller_gtest.dir/pid_speed_controller_gtest.cpp.o[0m
[94.154s] [ 89%] [32m[1mLinking CXX shared library libdifferential_flatness_controller.so[0m
[94.518s] [ 89%] Built target differential_flatness_controller
[94.556s] [ 93%] [32mBuilding CXX object plugins/differential_flatness_controller/tests/CMakeFiles/as2_motion_controller_differential_flatness_controller_gtest.dir/differential_flatness_controller_gtest.cpp.o[0m
[106.144s] [ 96%] [32m[1mLinking CXX executable as2_motion_controller_pid_speed_controller_gtest[0m
[106.183s] [100%] [32m[1mLinking CXX executable as2_motion_controller_differential_flatness_controller_gtest[0m
[106.458s] [100%] Built target as2_motion_controller_pid_speed_controller_gtest
[106.601s] [100%] Built target as2_motion_controller_differential_flatness_controller_gtest
[106.617s] Invoked command in '/mission_planning_ws/src/build/as2_motion_controller' returned '0': AMENT_PREFIX_PATH=/mission_planning_ws/src/install/as2_motion_reference_handlers:/mission_planning_ws/src/install/as2_core:/mission_planning_ws/src/install/as2_msgs:${AMENT_PREFIX_PATH} CMAKE_PREFIX_PATH=/mission_planning_ws/src/install/as2_motion_reference_handlers:/mission_planning_ws/src/install/as2_core:/mission_planning_ws/src/install/as2_msgs:/root/project_gazebo_ws/install/aerostack2:/root/project_gazebo_ws/install/as2_usb_camera_interface:/root/project_gazebo_ws/install/as2_state_estimator:/root/project_gazebo_ws/install/as2_rviz_plugins:/root/project_gazebo_ws/install/as2_realsense_interface:/root/project_gazebo_ws/install/as2_platform_multirotor_simulator:/root/project_gazebo_ws/install/as2_platform_gazebo:/root/project_gazebo_ws/install/as2_motion_controller:/root/project_gazebo_ws/install/as2_behaviors_trajectory_generation:/root/project_gazebo_ws/install/as2_behaviors_motion:/root/project_gazebo_ws/install/as2_motion_reference_handlers:/root/project_gazebo_ws/install/as2_map_server:/root/project_gazebo_ws/install/as2_geozones:/root/project_gazebo_ws/install/as2_gazebo_assets:/root/project_gazebo_ws/install/as2_external_object_to_tf:/root/project_gazebo_ws/install/as2_behaviors_platform:/root/project_gazebo_ws/install/as2_behaviors_perception:/root/project_gazebo_ws/install/as2_behaviors_path_planning:/root/project_gazebo_ws/install/as2_behavior_tree:/root/project_gazebo_ws/install/as2_behavior:/root/project_gazebo_ws/install/as2_alphanumeric_viewer:/root/project_gazebo_ws/install/as2_core:/root/project_gazebo_ws/install/as2_msgs:/root/project_gazebo_ws/install/as2_cli:/root/project_gazebo_ws/install/as2_visualization:/root/project_gazebo_ws/install/as2_keyboard_teleoperation:/root/project_gazebo_ws/install/as2_python_api:/opt/ros/humble LD_LIBRARY_PATH=/mission_planning_ws/src/install/as2_motion_reference_handlers/lib:/mission_planning_ws/src/install/as2_core/lib:/mission_planning_ws/src/install/as2_msgs/lib:${LD_LIBRARY_PATH} PYTHONPATH=/mission_planning_ws/src/install/as2_motion_reference_handlers/local/lib/python3.10/dist-packages:/mission_planning_ws/src/install/as2_core/local/lib/python3.10/dist-packages:/mission_planning_ws/src/install/as2_msgs/local/lib/python3.10/dist-packages:${PYTHONPATH} /usr/bin/cmake --build /mission_planning_ws/src/build/as2_motion_controller -- -j22 -l22
[106.619s] Invoking command in '/mission_planning_ws/src/build/as2_motion_controller': AMENT_PREFIX_PATH=/mission_planning_ws/src/install/as2_motion_reference_handlers:/mission_planning_ws/src/install/as2_core:/mission_planning_ws/src/install/as2_msgs:${AMENT_PREFIX_PATH} CMAKE_PREFIX_PATH=/mission_planning_ws/src/install/as2_motion_reference_handlers:/mission_planning_ws/src/install/as2_core:/mission_planning_ws/src/install/as2_msgs:/root/project_gazebo_ws/install/aerostack2:/root/project_gazebo_ws/install/as2_usb_camera_interface:/root/project_gazebo_ws/install/as2_state_estimator:/root/project_gazebo_ws/install/as2_rviz_plugins:/root/project_gazebo_ws/install/as2_realsense_interface:/root/project_gazebo_ws/install/as2_platform_multirotor_simulator:/root/project_gazebo_ws/install/as2_platform_gazebo:/root/project_gazebo_ws/install/as2_motion_controller:/root/project_gazebo_ws/install/as2_behaviors_trajectory_generation:/root/project_gazebo_ws/install/as2_behaviors_motion:/root/project_gazebo_ws/install/as2_motion_reference_handlers:/root/project_gazebo_ws/install/as2_map_server:/root/project_gazebo_ws/install/as2_geozones:/root/project_gazebo_ws/install/as2_gazebo_assets:/root/project_gazebo_ws/install/as2_external_object_to_tf:/root/project_gazebo_ws/install/as2_behaviors_platform:/root/project_gazebo_ws/install/as2_behaviors_perception:/root/project_gazebo_ws/install/as2_behaviors_path_planning:/root/project_gazebo_ws/install/as2_behavior_tree:/root/project_gazebo_ws/install/as2_behavior:/root/project_gazebo_ws/install/as2_alphanumeric_viewer:/root/project_gazebo_ws/install/as2_core:/root/project_gazebo_ws/install/as2_msgs:/root/project_gazebo_ws/install/as2_cli:/root/project_gazebo_ws/install/as2_visualization:/root/project_gazebo_ws/install/as2_keyboard_teleoperation:/root/project_gazebo_ws/install/as2_python_api:/opt/ros/humble LD_LIBRARY_PATH=/mission_planning_ws/src/install/as2_motion_reference_handlers/lib:/mission_planning_ws/src/install/as2_core/lib:/mission_planning_ws/src/install/as2_msgs/lib:${LD_LIBRARY_PATH} PYTHONPATH=/mission_planning_ws/src/install/as2_motion_reference_handlers/local/lib/python3.10/dist-packages:/mission_planning_ws/src/install/as2_core/local/lib/python3.10/dist-packages:/mission_planning_ws/src/install/as2_msgs/local/lib/python3.10/dist-packages:${PYTHONPATH} /usr/bin/cmake --install /mission_planning_ws/src/build/as2_motion_controller
[106.635s] -- Install configuration: "Release"
[106.635s] -- Installing: /mission_planning_ws/src/install/as2_motion_controller/lib/libas2_motion_controller.so
[106.641s] -- Set runtime path of "/mission_planning_ws/src/install/as2_motion_controller/lib/libas2_motion_controller.so" to ""
[106.641s] -- Installing: /mission_planning_ws/src/install/as2_motion_controller/lib/libas2_motion_controller_plugin_base.so
[106.641s] -- Set runtime path of "/mission_planning_ws/src/install/as2_motion_controller/lib/libas2_motion_controller_plugin_base.so" to ""
[106.641s] -- Installing: /mission_planning_ws/src/install/as2_motion_controller/lib/as2_motion_controller/as2_motion_controller_node
[106.642s] -- Set runtime path of "/mission_planning_ws/src/install/as2_motion_controller/lib/as2_motion_controller/as2_motion_controller_node" to ""
[106.642s] -- Installing: /mission_planning_ws/src/install/as2_motion_controller/include
[106.642s] -- Installing: /mission_planning_ws/src/install/as2_motion_controller/include/as2_motion_controller
[106.642s] -- Installing: /mission_planning_ws/src/install/as2_motion_controller/include/as2_motion_controller/controller_handler.hpp
[106.643s] -- Installing: /mission_planning_ws/src/install/as2_motion_controller/include/as2_motion_controller/controller_base.hpp
[106.643s] -- Installing: /mission_planning_ws/src/install/as2_motion_controller/include/as2_motion_controller/controller_manager.hpp
[106.643s] -- Installing: /mission_planning_ws/src/install/as2_motion_controller/share/as2_motion_controller/environment/library_path.sh
[106.643s] -- Installing: /mission_planning_ws/src/install/as2_motion_controller/share/as2_motion_controller/environment/library_path.dsv
[106.644s] -- Installing: /mission_planning_ws/src/install/as2_motion_controller/share/as2_motion_controller/plugins.xml
[106.644s] -- Installing: /mission_planning_ws/src/install/as2_motion_controller/share/as2_motion_controller/plugins/differential_flatness_controller/config
[106.645s] -- Installing: /mission_planning_ws/src/install/as2_motion_controller/share/as2_motion_controller/plugins/differential_flatness_controller/config/controller_default.yaml
[106.645s] -- Installing: /mission_planning_ws/src/install/as2_motion_controller/share/as2_motion_controller/plugins/differential_flatness_controller/config/available_modes.yaml
[106.646s] -- Installing: /mission_planning_ws/src/install/as2_motion_controller/share/as2_motion_controller/plugins/pid_speed_controller/config
[106.646s] -- Installing: /mission_planning_ws/src/install/as2_motion_controller/share/as2_motion_controller/plugins/pid_speed_controller/config/controller_default.yaml
[106.646s] -- Installing: /mission_planning_ws/src/install/as2_motion_controller/share/as2_motion_controller/plugins/pid_speed_controller/config/available_modes.yaml
[106.647s] -- Installing: /mission_planning_ws/src/install/as2_motion_controller/share/as2_motion_controller/launch
[106.647s] -- Installing: /mission_planning_ws/src/install/as2_motion_controller/share/as2_motion_controller/launch/pid_speed_controller.launch.py
[106.651s] -- Installing: /mission_planning_ws/src/install/as2_motion_controller/share/as2_motion_controller/launch/controller_launch.py
[106.651s] -- Installing: /mission_planning_ws/src/install/as2_motion_controller/share/as2_motion_controller/launch/differential_flatness_controller.launch.py
[106.651s] -- Installing: /mission_planning_ws/src/install/as2_motion_controller/share/as2_motion_controller/config
[106.652s] -- Installing: /mission_planning_ws/src/install/as2_motion_controller/share/as2_motion_controller/config/motion_controller_default.yaml
[106.652s] -- Installing: /mission_planning_ws/src/install/as2_motion_controller/share/ament_index/resource_index/package_run_dependencies/as2_motion_controller
[106.652s] -- Installing: /mission_planning_ws/src/install/as2_motion_controller/share/ament_index/resource_index/parent_prefix_path/as2_motion_controller
[106.653s] -- Installing: /mission_planning_ws/src/install/as2_motion_controller/share/as2_motion_controller/environment/ament_prefix_path.sh
[106.653s] -- Installing: /mission_planning_ws/src/install/as2_motion_controller/share/as2_motion_controller/environment/ament_prefix_path.dsv
[106.653s] -- Installing: /mission_planning_ws/src/install/as2_motion_controller/share/as2_motion_controller/environment/path.sh
[106.653s] -- Installing: /mission_planning_ws/src/install/as2_motion_controller/share/as2_motion_controller/environment/path.dsv
[106.654s] -- Installing: /mission_planning_ws/src/install/as2_motion_controller/share/as2_motion_controller/local_setup.bash
[106.654s] -- Installing: /mission_planning_ws/src/install/as2_motion_controller/share/as2_motion_controller/local_setup.sh
[106.654s] -- Installing: /mission_planning_ws/src/install/as2_motion_controller/share/as2_motion_controller/local_setup.zsh
[106.655s] -- Installing: /mission_planning_ws/src/install/as2_motion_controller/share/as2_motion_controller/local_setup.dsv
[106.655s] -- Installing: /mission_planning_ws/src/install/as2_motion_controller/share/as2_motion_controller/package.dsv
[106.655s] -- Installing: /mission_planning_ws/src/install/as2_motion_controller/share/ament_index/resource_index/packages/as2_motion_controller
[106.655s] -- Installing: /mission_planning_ws/src/install/as2_motion_controller/share/ament_index/resource_index/as2_motion_controller__pluginlib__plugin/as2_motion_controller
[106.656s] -- Installing: /mission_planning_ws/src/install/as2_motion_controller/share/as2_motion_controller/cmake/ament_cmake_export_include_directories-extras.cmake
[106.656s] -- Installing: /mission_planning_ws/src/install/as2_motion_controller/share/as2_motion_controller/cmake/ament_cmake_export_libraries-extras.cmake
[106.656s] -- Installing: /mission_planning_ws/src/install/as2_motion_controller/share/as2_motion_controller/cmake/as2_motion_controllerConfig.cmake
[106.656s] -- Installing: /mission_planning_ws/src/install/as2_motion_controller/share/as2_motion_controller/cmake/as2_motion_controllerConfig-version.cmake
[106.656s] -- Installing: /mission_planning_ws/src/install/as2_motion_controller/share/as2_motion_controller/package.xml
[106.657s] -- Up-to-date: /mission_planning_ws/src/install/as2_motion_controller/include
[106.657s] -- Installing: /mission_planning_ws/src/install/as2_motion_controller/include/differential_flatness_controller
[106.657s] -- Installing: /mission_planning_ws/src/install/as2_motion_controller/include/differential_flatness_controller/differential_flatness_controller.hpp
[106.657s] -- Installing: /mission_planning_ws/src/install/as2_motion_controller/lib/libdifferential_flatness_controller.so
[106.658s] -- Set runtime path of "/mission_planning_ws/src/install/as2_motion_controller/lib/libdifferential_flatness_controller.so" to ""
[106.659s] -- Up-to-date: /mission_planning_ws/src/install/as2_motion_controller/include
[106.659s] -- Installing: /mission_planning_ws/src/install/as2_motion_controller/include/pid_speed_controller
[106.659s] -- Installing: /mission_planning_ws/src/install/as2_motion_controller/include/pid_speed_controller/pid_speed_controller.hpp
[106.659s] -- Installing: /mission_planning_ws/src/install/as2_motion_controller/lib/libpid_speed_controller.so
[106.660s] -- Set runtime path of "/mission_planning_ws/src/install/as2_motion_controller/lib/libpid_speed_controller.so" to ""
[106.664s] Invoked command in '/mission_planning_ws/src/build/as2_motion_controller' returned '0': AMENT_PREFIX_PATH=/mission_planning_ws/src/install/as2_motion_reference_handlers:/mission_planning_ws/src/install/as2_core:/mission_planning_ws/src/install/as2_msgs:${AMENT_PREFIX_PATH} CMAKE_PREFIX_PATH=/mission_planning_ws/src/install/as2_motion_reference_handlers:/mission_planning_ws/src/install/as2_core:/mission_planning_ws/src/install/as2_msgs:/root/project_gazebo_ws/install/aerostack2:/root/project_gazebo_ws/install/as2_usb_camera_interface:/root/project_gazebo_ws/install/as2_state_estimator:/root/project_gazebo_ws/install/as2_rviz_plugins:/root/project_gazebo_ws/install/as2_realsense_interface:/root/project_gazebo_ws/install/as2_platform_multirotor_simulator:/root/project_gazebo_ws/install/as2_platform_gazebo:/root/project_gazebo_ws/install/as2_motion_controller:/root/project_gazebo_ws/install/as2_behaviors_trajectory_generation:/root/project_gazebo_ws/install/as2_behaviors_motion:/root/project_gazebo_ws/install/as2_motion_reference_handlers:/root/project_gazebo_ws/install/as2_map_server:/root/project_gazebo_ws/install/as2_geozones:/root/project_gazebo_ws/install/as2_gazebo_assets:/root/project_gazebo_ws/install/as2_external_object_to_tf:/root/project_gazebo_ws/install/as2_behaviors_platform:/root/project_gazebo_ws/install/as2_behaviors_perception:/root/project_gazebo_ws/install/as2_behaviors_path_planning:/root/project_gazebo_ws/install/as2_behavior_tree:/root/project_gazebo_ws/install/as2_behavior:/root/project_gazebo_ws/install/as2_alphanumeric_viewer:/root/project_gazebo_ws/install/as2_core:/root/project_gazebo_ws/install/as2_msgs:/root/project_gazebo_ws/install/as2_cli:/root/project_gazebo_ws/install/as2_visualization:/root/project_gazebo_ws/install/as2_keyboard_teleoperation:/root/project_gazebo_ws/install/as2_python_api:/opt/ros/humble LD_LIBRARY_PATH=/mission_planning_ws/src/install/as2_motion_reference_handlers/lib:/mission_planning_ws/src/install/as2_core/lib:/mission_planning_ws/src/install/as2_msgs/lib:${LD_LIBRARY_PATH} PYTHONPATH=/mission_planning_ws/src/install/as2_motion_reference_handlers/local/lib/python3.10/dist-packages:/mission_planning_ws/src/install/as2_core/local/lib/python3.10/dist-packages:/mission_planning_ws/src/install/as2_msgs/local/lib/python3.10/dist-packages:${PYTHONPATH} /usr/bin/cmake --install /mission_planning_ws/src/build/as2_motion_controller
