[0.010s] Invoking command in '/mission_planning_ws/build/as2_cli': CMAKE_PREFIX_PATH=${CMAKE_PREFIX_PATH}:/root/project_gazebo_ws/install/as2_visualization:/root/project_gazebo_ws/install/as2_keyboard_teleoperation:/root/project_gazebo_ws/install/as2_python_api:/opt/ros/humble /usr/bin/cmake /mission_planning_ws/src/aerostack2/as2_cli -DCMAKE_INSTALL_PREFIX=/mission_planning_ws/install/as2_cli
[0.170s] -- The C compiler identification is GNU 11.4.0
[0.274s] -- The CXX compiler identification is GNU 11.4.0
[0.282s] -- Detecting C compiler ABI info
[0.342s] -- Detecting C compiler ABI info - done
[0.347s] -- Check for working C compiler: /usr/bin/cc - skipped
[0.347s] -- Detecting C compile features
[0.347s] -- Detecting C compile features - done
[0.349s] -- Detecting CXX compiler ABI info
[0.407s] -- Detecting CXX compiler ABI info - done
[0.411s] -- Check for working CXX compiler: /usr/bin/c++ - skipped
[0.411s] -- Detecting CXX compile features
[0.412s] -- Detecting CXX compile features - done
[0.417s] -- Found ament_cmake: 1.3.11 (/opt/ros/humble/share/ament_cmake/cmake)
[0.538s] -- Found Python3: /usr/bin/python3 (found version "3.10.12") found components: Interpreter 
[0.693s] -- Configuring done
[0.697s] -- Generating done
[0.698s] -- Build files have been written to: /mission_planning_ws/build/as2_cli
[0.701s] Invoked command in '/mission_planning_ws/build/as2_cli' returned '0': CMAKE_PREFIX_PATH=${CMAKE_PREFIX_PATH}:/root/project_gazebo_ws/install/as2_visualization:/root/project_gazebo_ws/install/as2_keyboard_teleoperation:/root/project_gazebo_ws/install/as2_python_api:/opt/ros/humble /usr/bin/cmake /mission_planning_ws/src/aerostack2/as2_cli -DCMAKE_INSTALL_PREFIX=/mission_planning_ws/install/as2_cli
[0.704s] Invoking command in '/mission_planning_ws/build/as2_cli': CMAKE_PREFIX_PATH=${CMAKE_PREFIX_PATH}:/root/project_gazebo_ws/install/as2_visualization:/root/project_gazebo_ws/install/as2_keyboard_teleoperation:/root/project_gazebo_ws/install/as2_python_api:/opt/ros/humble /usr/bin/cmake --build /mission_planning_ws/build/as2_cli -- -j22 -l22
[0.734s] Invoked command in '/mission_planning_ws/build/as2_cli' returned '0': CMAKE_PREFIX_PATH=${CMAKE_PREFIX_PATH}:/root/project_gazebo_ws/install/as2_visualization:/root/project_gazebo_ws/install/as2_keyboard_teleoperation:/root/project_gazebo_ws/install/as2_python_api:/opt/ros/humble /usr/bin/cmake --build /mission_planning_ws/build/as2_cli -- -j22 -l22
[0.740s] Invoking command in '/mission_planning_ws/build/as2_cli': CMAKE_PREFIX_PATH=${CMAKE_PREFIX_PATH}:/root/project_gazebo_ws/install/as2_visualization:/root/project_gazebo_ws/install/as2_keyboard_teleoperation:/root/project_gazebo_ws/install/as2_python_api:/opt/ros/humble /usr/bin/cmake --install /mission_planning_ws/build/as2_cli
[0.745s] -- Install configuration: ""
[0.745s] -- Installing: /mission_planning_ws/install/as2_cli/share/ament_index/resource_index/package_run_dependencies/as2_cli
[0.745s] -- Installing: /mission_planning_ws/install/as2_cli/share/ament_index/resource_index/parent_prefix_path/as2_cli
[0.745s] -- Installing: /mission_planning_ws/install/as2_cli/share/as2_cli/environment/ament_prefix_path.sh
[0.745s] -- Installing: /mission_planning_ws/install/as2_cli/share/as2_cli/environment/ament_prefix_path.dsv
[0.745s] -- Installing: /mission_planning_ws/install/as2_cli/share/as2_cli/environment/path.sh
[0.745s] -- Installing: /mission_planning_ws/install/as2_cli/share/as2_cli/environment/path.dsv
[0.745s] -- Installing: /mission_planning_ws/install/as2_cli/share/as2_cli/local_setup.bash
[0.746s] -- Installing: /mission_planning_ws/install/as2_cli/share/as2_cli/local_setup.sh
[0.746s] -- Installing: /mission_planning_ws/install/as2_cli/share/as2_cli/local_setup.zsh
[0.746s] -- Installing: /mission_planning_ws/install/as2_cli/share/as2_cli/local_setup.dsv
[0.746s] -- Installing: /mission_planning_ws/install/as2_cli/share/as2_cli/package.dsv
[0.746s] -- Installing: /mission_planning_ws/install/as2_cli/share/ament_index/resource_index/packages/as2_cli
[0.746s] -- Installing: /mission_planning_ws/install/as2_cli/share/as2_cli/cmake/as2_cliConfig.cmake
[0.746s] -- Installing: /mission_planning_ws/install/as2_cli/share/as2_cli/cmake/as2_cliConfig-version.cmake
[0.746s] -- Installing: /mission_planning_ws/install/as2_cli/share/as2_cli/package.xml
[0.747s] Invoked command in '/mission_planning_ws/build/as2_cli' returned '0': CMAKE_PREFIX_PATH=${CMAKE_PREFIX_PATH}:/root/project_gazebo_ws/install/as2_visualization:/root/project_gazebo_ws/install/as2_keyboard_teleoperation:/root/project_gazebo_ws/install/as2_python_api:/opt/ros/humble /usr/bin/cmake --install /mission_planning_ws/build/as2_cli
