[0.631s] Invoking command in '/mission_planning_ws/build/as2_rviz_plugins': AMENT_PREFIX_PATH=/mission_planning_ws/install/as2_motion_reference_handlers:/mission_planning_ws/install/as2_core:/mission_planning_ws/install/as2_msgs:${AMENT_PREFIX_PATH} CMAKE_PREFIX_PATH=/mission_planning_ws/install/as2_motion_reference_handlers:/mission_planning_ws/install/as2_core:/mission_planning_ws/install/as2_msgs:/root/project_gazebo_ws/install/aerostack2:/root/project_gazebo_ws/install/as2_usb_camera_interface:/root/project_gazebo_ws/install/as2_state_estimator:/root/project_gazebo_ws/install/as2_rviz_plugins:/root/project_gazebo_ws/install/as2_realsense_interface:/root/project_gazebo_ws/install/as2_platform_multirotor_simulator:/root/project_gazebo_ws/install/as2_platform_gazebo:/root/project_gazebo_ws/install/as2_motion_controller:/root/project_gazebo_ws/install/as2_behaviors_trajectory_generation:/root/project_gazebo_ws/install/as2_behaviors_motion:/root/project_gazebo_ws/install/as2_motion_reference_handlers:/root/project_gazebo_ws/install/as2_map_server:/root/project_gazebo_ws/install/as2_geozones:/root/project_gazebo_ws/install/as2_gazebo_assets:/root/project_gazebo_ws/install/as2_external_object_to_tf:/root/project_gazebo_ws/install/as2_behaviors_platform:/root/project_gazebo_ws/install/as2_behaviors_perception:/root/project_gazebo_ws/install/as2_behaviors_path_planning:/root/project_gazebo_ws/install/as2_behavior_tree:/root/project_gazebo_ws/install/as2_behavior:/root/project_gazebo_ws/install/as2_alphanumeric_viewer:/root/project_gazebo_ws/install/as2_core:/root/project_gazebo_ws/install/as2_msgs:/root/project_gazebo_ws/install/as2_cli:/root/project_gazebo_ws/install/as2_visualization:/root/project_gazebo_ws/install/as2_keyboard_teleoperation:/root/project_gazebo_ws/install/as2_python_api:/opt/ros/humble LD_LIBRARY_PATH=/mission_planning_ws/install/as2_motion_reference_handlers/lib:/mission_planning_ws/install/as2_core/lib:/mission_planning_ws/install/as2_msgs/lib:${LD_LIBRARY_PATH} PYTHONPATH=/mission_planning_ws/install/as2_motion_reference_handlers/local/lib/python3.10/dist-packages:/mission_planning_ws/install/as2_core/local/lib/python3.10/dist-packages:/mission_planning_ws/install/as2_msgs/local/lib/python3.10/dist-packages:${PYTHONPATH} /usr/bin/cmake /mission_planning_ws/src/aerostack2/as2_user_interfaces/as2_visualization/as2_rviz_plugins -DCMAKE_INSTALL_PREFIX=/mission_planning_ws/install/as2_rviz_plugins
[6.101s] -- The C compiler identification is GNU 11.4.0
[6.101s] -- The CXX compiler identification is GNU 11.4.0
[6.102s] -- Detecting C compiler ABI info
[6.102s] -- Detecting C compiler ABI info - done
[6.102s] -- Check for working C compiler: /usr/bin/cc - skipped
[6.102s] -- Detecting C compile features
[6.102s] -- Detecting C compile features - done
[6.102s] -- Detecting CXX compiler ABI info
[6.102s] -- Detecting CXX compiler ABI info - done
[6.102s] -- Check for working CXX compiler: /usr/bin/c++ - skipped
[6.102s] -- Detecting CXX compile features
[6.102s] -- Detecting CXX compile features - done
[6.103s] -- Found ament_cmake: 1.3.11 (/opt/ros/humble/share/ament_cmake/cmake)
[6.103s] -- Found Python3: /usr/bin/python3 (found version "3.10.12") found components: Interpreter 
[6.103s] -- Found ament_cmake_ros: 0.10.0 (/opt/ros/humble/share/ament_cmake_ros/cmake)
[6.103s] -- Found geometry_msgs: 4.2.4 (/opt/ros/humble/share/geometry_msgs/cmake)
[6.103s] -- Found rosidl_generator_c: 3.1.6 (/opt/ros/humble/share/rosidl_generator_c/cmake)
[6.103s] -- Found rosidl_adapter: 3.1.6 (/opt/ros/humble/share/rosidl_adapter/cmake)
[6.103s] -- Found rosidl_generator_cpp: 3.1.6 (/opt/ros/humble/share/rosidl_generator_cpp/cmake)
[6.104s] -- Using all available rosidl_typesupport_c: rosidl_typesupport_fastrtps_c;rosidl_typesupport_introspection_c
[6.104s] -- Using all available rosidl_typesupport_cpp: rosidl_typesupport_fastrtps_cpp;rosidl_typesupport_introspection_cpp
[6.104s] -- Found pluginlib: 5.1.0 (/opt/ros/humble/share/pluginlib/cmake)
[6.104s] -- Found rclcpp: 16.0.11 (/opt/ros/humble/share/rclcpp/cmake)
[6.104s] -- Found rmw_implementation_cmake: 6.1.2 (/opt/ros/humble/share/rmw_implementation_cmake/cmake)
[6.104s] -- Found rmw_fastrtps_cpp: 6.2.7 (/opt/ros/humble/share/rmw_fastrtps_cpp/cmake)
[6.104s] -- Found TinyXML2 via Config file: TinyXML2_DIR-NOTFOUND
[6.104s] -- Found OpenSSL: /usr/lib/x86_64-linux-gnu/libcrypto.so (found version "3.0.2")  
[6.104s] -- Found TinyXML2 via Config file: TinyXML2_DIR-NOTFOUND
[6.104s] -- Found FastRTPS: /opt/ros/humble/include  
[6.104s] -- Found TinyXML2 via Config file: TinyXML2_DIR-NOTFOUND
[6.104s] -- Found TinyXML2 via Config file: TinyXML2_DIR-NOTFOUND
[6.105s] -- Using RMW implementation 'rmw_fastrtps_cpp' as default
[6.105s] -- Looking for pthread.h
[6.105s] -- Looking for pthread.h - found
[6.105s] -- Performing Test CMAKE_HAVE_LIBC_PTHREAD
[6.105s] -- Performing Test CMAKE_HAVE_LIBC_PTHREAD - Success
[6.105s] -- Found Threads: TRUE  
[6.105s] -- Found rclcpp_action: 16.0.11 (/opt/ros/humble/share/rclcpp_action/cmake)
[6.105s] -- Found rviz_common: 11.2.16 (/opt/ros/humble/share/rviz_common/cmake)
[6.107s] -- Setting assimp_DIR to: '/opt/ros/humble/share/rviz_assimp_vendor/cmake/../../../opt/rviz_assimp_vendor/lib/cmake/assimp-4.1'
[6.107s] -- Setting OGRE_DIR to: '/opt/ros/humble/share/rviz_ogre_vendor/cmake/../../../opt/rviz_ogre_vendor/lib/OGRE/cmake'
[6.108s] -- Found OGRE
[6.108s] --   static     : OFF
[6.108s] --   components : HLMS;MeshLodGenerator;Overlay;Paging;Property;RTShaderSystem;Terrain;Volume
[6.108s] --   plugins    : Plugin_BSPSceneManager;Plugin_OctreeSceneManager;Plugin_PCZSceneManager;Plugin_ParticleFX;RenderSystem_GL;RenderSystem_GL3Plus;Codec_STBI
[6.108s] --   media      : /opt/ros/humble/opt/rviz_ogre_vendor/share/OGRE/Media
[6.108s] -- OGRE_LIBRARIES: OgreHLMS;OgreMeshLodGenerator;OgreOverlay;OgrePaging;OgreProperty;OgreRTShaderSystem;OgreTerrain;OgreVolume;OgreMain
[6.108s] -- OGRE_LIBRARY_DIRS: /opt/ros/humble/opt/rviz_ogre_vendor/lib
[6.108s] -- OGRE_PLUGINS: Plugin_BSPSceneManager;Plugin_OctreeSceneManager;Plugin_PCZSceneManager;Plugin_ParticleFX;RenderSystem_GL;RenderSystem_GL3Plus;Codec_STBI
[6.108s] -- OGRE_PLUGIN_DIR: /opt/ros/humble/opt/rviz_ogre_vendor/lib/OGRE
[6.108s] -- rviz_ogre_vendor::OgreOverlay for IMPORTED_LOCATION_RELEASE: /opt/ros/humble/opt/rviz_ogre_vendor/lib/libOgreOverlay.so
[6.108s] -- rviz_ogre_vendor::OgreOverlay for IMPORTED_LOCATION_DEBUG: /opt/ros/humble/opt/rviz_ogre_vendor/lib/libOgreOverlay.so
[6.108s] -- rviz_ogre_vendor::OgreMain for IMPORTED_LOCATION_RELEASE: /opt/ros/humble/opt/rviz_ogre_vendor/lib/libOgreMain.so
[6.108s] -- rviz_ogre_vendor::OgreMain for IMPORTED_LOCATION_DEBUG: /opt/ros/humble/opt/rviz_ogre_vendor/lib/libOgreMain.so
[6.108s] -- Could not find freeimage library
[6.109s] -- Found ZLIB: /usr/lib/x86_64-linux-gnu/libz.so (found version "1.2.11") 
[6.109s] -- Found OpenGL: /usr/lib/x86_64-linux-gnu/libOpenGL.so   
[6.109s] -- Found X11: /usr/include   
[6.109s] -- Looking for XOpenDisplay in /usr/lib/x86_64-linux-gnu/libX11.so;/usr/lib/x86_64-linux-gnu/libXext.so
[6.109s] -- Looking for XOpenDisplay in /usr/lib/x86_64-linux-gnu/libX11.so;/usr/lib/x86_64-linux-gnu/libXext.so - found
[6.109s] -- Looking for gethostbyname
[6.109s] -- Looking for gethostbyname - found
[6.109s] -- Looking for connect
[6.109s] -- Looking for connect - found
[6.109s] -- Looking for remove
[6.109s] -- Looking for remove - found
[6.109s] -- Looking for shmat
[6.109s] -- Looking for shmat - found
[6.109s] -- Looking for IceConnectionNumber in ICE
[6.109s] -- Looking for IceConnectionNumber in ICE - found
[6.110s] -- library: /usr/lib/x86_64-linux-gnu/libcurl.so
[6.110s] -- Found Eigen3: TRUE (found version "3.4.0") 
[6.110s] -- Ensuring Eigen3 include directory is part of orocos-kdl CMake target
[6.110s] -- Found as2_core: 1.1.2 (/mission_planning_ws/install/as2_core/share/as2_core/cmake)
[6.110s] -- Found as2_motion_reference_handlers: 1.1.2 (/mission_planning_ws/install/as2_motion_reference_handlers/share/as2_motion_reference_handlers/cmake)
[6.110s] -- Found ament_lint_auto: 0.12.11 (/opt/ros/humble/share/ament_lint_auto/cmake)
[6.198s] -- Added test 'copyright' to check source files copyright and LICENSE
[6.202s] -- Added test 'cppcheck' to perform static code analysis on C / C++ code
[6.202s] -- Configured cppcheck include dirs: 
[6.202s] -- Configured cppcheck exclude dirs and/or files: 
[6.205s] -- Added test 'cpplint' to check C / C++ code against the Google style
[6.205s] -- Configured cpplint exclude dirs and/or files: 
[6.208s] -- Added test 'lint_cmake' to check CMake code style
[6.211s] -- Added test 'uncrustify' to check C / C++ code style
[6.211s] -- Configured uncrustify additional arguments: 
[6.212s] -- Added test 'xmllint' to check XML markup files
[6.216s] -- Configuring done
[6.285s] -- Generating done
[6.297s] -- Build files have been written to: /mission_planning_ws/build/as2_rviz_plugins
[6.315s] Invoked command in '/mission_planning_ws/build/as2_rviz_plugins' returned '0': AMENT_PREFIX_PATH=/mission_planning_ws/install/as2_motion_reference_handlers:/mission_planning_ws/install/as2_core:/mission_planning_ws/install/as2_msgs:${AMENT_PREFIX_PATH} CMAKE_PREFIX_PATH=/mission_planning_ws/install/as2_motion_reference_handlers:/mission_planning_ws/install/as2_core:/mission_planning_ws/install/as2_msgs:/root/project_gazebo_ws/install/aerostack2:/root/project_gazebo_ws/install/as2_usb_camera_interface:/root/project_gazebo_ws/install/as2_state_estimator:/root/project_gazebo_ws/install/as2_rviz_plugins:/root/project_gazebo_ws/install/as2_realsense_interface:/root/project_gazebo_ws/install/as2_platform_multirotor_simulator:/root/project_gazebo_ws/install/as2_platform_gazebo:/root/project_gazebo_ws/install/as2_motion_controller:/root/project_gazebo_ws/install/as2_behaviors_trajectory_generation:/root/project_gazebo_ws/install/as2_behaviors_motion:/root/project_gazebo_ws/install/as2_motion_reference_handlers:/root/project_gazebo_ws/install/as2_map_server:/root/project_gazebo_ws/install/as2_geozones:/root/project_gazebo_ws/install/as2_gazebo_assets:/root/project_gazebo_ws/install/as2_external_object_to_tf:/root/project_gazebo_ws/install/as2_behaviors_platform:/root/project_gazebo_ws/install/as2_behaviors_perception:/root/project_gazebo_ws/install/as2_behaviors_path_planning:/root/project_gazebo_ws/install/as2_behavior_tree:/root/project_gazebo_ws/install/as2_behavior:/root/project_gazebo_ws/install/as2_alphanumeric_viewer:/root/project_gazebo_ws/install/as2_core:/root/project_gazebo_ws/install/as2_msgs:/root/project_gazebo_ws/install/as2_cli:/root/project_gazebo_ws/install/as2_visualization:/root/project_gazebo_ws/install/as2_keyboard_teleoperation:/root/project_gazebo_ws/install/as2_python_api:/opt/ros/humble LD_LIBRARY_PATH=/mission_planning_ws/install/as2_motion_reference_handlers/lib:/mission_planning_ws/install/as2_core/lib:/mission_planning_ws/install/as2_msgs/lib:${LD_LIBRARY_PATH} PYTHONPATH=/mission_planning_ws/install/as2_motion_reference_handlers/local/lib/python3.10/dist-packages:/mission_planning_ws/install/as2_core/local/lib/python3.10/dist-packages:/mission_planning_ws/install/as2_msgs/local/lib/python3.10/dist-packages:${PYTHONPATH} /usr/bin/cmake /mission_planning_ws/src/aerostack2/as2_user_interfaces/as2_visualization/as2_rviz_plugins -DCMAKE_INSTALL_PREFIX=/mission_planning_ws/install/as2_rviz_plugins
[6.329s] Invoking command in '/mission_planning_ws/build/as2_rviz_plugins': AMENT_PREFIX_PATH=/mission_planning_ws/install/as2_motion_reference_handlers:/mission_planning_ws/install/as2_core:/mission_planning_ws/install/as2_msgs:${AMENT_PREFIX_PATH} CMAKE_PREFIX_PATH=/mission_planning_ws/install/as2_motion_reference_handlers:/mission_planning_ws/install/as2_core:/mission_planning_ws/install/as2_msgs:/root/project_gazebo_ws/install/aerostack2:/root/project_gazebo_ws/install/as2_usb_camera_interface:/root/project_gazebo_ws/install/as2_state_estimator:/root/project_gazebo_ws/install/as2_rviz_plugins:/root/project_gazebo_ws/install/as2_realsense_interface:/root/project_gazebo_ws/install/as2_platform_multirotor_simulator:/root/project_gazebo_ws/install/as2_platform_gazebo:/root/project_gazebo_ws/install/as2_motion_controller:/root/project_gazebo_ws/install/as2_behaviors_trajectory_generation:/root/project_gazebo_ws/install/as2_behaviors_motion:/root/project_gazebo_ws/install/as2_motion_reference_handlers:/root/project_gazebo_ws/install/as2_map_server:/root/project_gazebo_ws/install/as2_geozones:/root/project_gazebo_ws/install/as2_gazebo_assets:/root/project_gazebo_ws/install/as2_external_object_to_tf:/root/project_gazebo_ws/install/as2_behaviors_platform:/root/project_gazebo_ws/install/as2_behaviors_perception:/root/project_gazebo_ws/install/as2_behaviors_path_planning:/root/project_gazebo_ws/install/as2_behavior_tree:/root/project_gazebo_ws/install/as2_behavior:/root/project_gazebo_ws/install/as2_alphanumeric_viewer:/root/project_gazebo_ws/install/as2_core:/root/project_gazebo_ws/install/as2_msgs:/root/project_gazebo_ws/install/as2_cli:/root/project_gazebo_ws/install/as2_visualization:/root/project_gazebo_ws/install/as2_keyboard_teleoperation:/root/project_gazebo_ws/install/as2_python_api:/opt/ros/humble LD_LIBRARY_PATH=/mission_planning_ws/install/as2_motion_reference_handlers/lib:/mission_planning_ws/install/as2_core/lib:/mission_planning_ws/install/as2_msgs/lib:${LD_LIBRARY_PATH} PYTHONPATH=/mission_planning_ws/install/as2_motion_reference_handlers/local/lib/python3.10/dist-packages:/mission_planning_ws/install/as2_core/local/lib/python3.10/dist-packages:/mission_planning_ws/install/as2_msgs/local/lib/python3.10/dist-packages:${PYTHONPATH} /usr/bin/cmake --build /mission_planning_ws/build/as2_rviz_plugins -- -j22 -l22
[6.451s] [ 25%] [34m[1mAutomatic MOC for target as2_rviz_plugins[0m
[6.463s] [ 25%] Built target as2_rviz_plugins_autogen
[6.498s] [ 50%] [32mBuilding CXX object CMakeFiles/as2_rviz_plugins.dir/as2_rviz_plugins_autogen/mocs_compilation.cpp.o[0m
[12.593s] [ 75%] [32mBuilding CXX object CMakeFiles/as2_rviz_plugins.dir/src/teleop_panel.cpp.o[0m
[23.782s] [100%] [32m[1mLinking CXX shared library libas2_rviz_plugins.so[0m
[25.853s] [100%] Built target as2_rviz_plugins
[25.865s] Invoked command in '/mission_planning_ws/build/as2_rviz_plugins' returned '0': AMENT_PREFIX_PATH=/mission_planning_ws/install/as2_motion_reference_handlers:/mission_planning_ws/install/as2_core:/mission_planning_ws/install/as2_msgs:${AMENT_PREFIX_PATH} CMAKE_PREFIX_PATH=/mission_planning_ws/install/as2_motion_reference_handlers:/mission_planning_ws/install/as2_core:/mission_planning_ws/install/as2_msgs:/root/project_gazebo_ws/install/aerostack2:/root/project_gazebo_ws/install/as2_usb_camera_interface:/root/project_gazebo_ws/install/as2_state_estimator:/root/project_gazebo_ws/install/as2_rviz_plugins:/root/project_gazebo_ws/install/as2_realsense_interface:/root/project_gazebo_ws/install/as2_platform_multirotor_simulator:/root/project_gazebo_ws/install/as2_platform_gazebo:/root/project_gazebo_ws/install/as2_motion_controller:/root/project_gazebo_ws/install/as2_behaviors_trajectory_generation:/root/project_gazebo_ws/install/as2_behaviors_motion:/root/project_gazebo_ws/install/as2_motion_reference_handlers:/root/project_gazebo_ws/install/as2_map_server:/root/project_gazebo_ws/install/as2_geozones:/root/project_gazebo_ws/install/as2_gazebo_assets:/root/project_gazebo_ws/install/as2_external_object_to_tf:/root/project_gazebo_ws/install/as2_behaviors_platform:/root/project_gazebo_ws/install/as2_behaviors_perception:/root/project_gazebo_ws/install/as2_behaviors_path_planning:/root/project_gazebo_ws/install/as2_behavior_tree:/root/project_gazebo_ws/install/as2_behavior:/root/project_gazebo_ws/install/as2_alphanumeric_viewer:/root/project_gazebo_ws/install/as2_core:/root/project_gazebo_ws/install/as2_msgs:/root/project_gazebo_ws/install/as2_cli:/root/project_gazebo_ws/install/as2_visualization:/root/project_gazebo_ws/install/as2_keyboard_teleoperation:/root/project_gazebo_ws/install/as2_python_api:/opt/ros/humble LD_LIBRARY_PATH=/mission_planning_ws/install/as2_motion_reference_handlers/lib:/mission_planning_ws/install/as2_core/lib:/mission_planning_ws/install/as2_msgs/lib:${LD_LIBRARY_PATH} PYTHONPATH=/mission_planning_ws/install/as2_motion_reference_handlers/local/lib/python3.10/dist-packages:/mission_planning_ws/install/as2_core/local/lib/python3.10/dist-packages:/mission_planning_ws/install/as2_msgs/local/lib/python3.10/dist-packages:${PYTHONPATH} /usr/bin/cmake --build /mission_planning_ws/build/as2_rviz_plugins -- -j22 -l22
[25.868s] Invoking command in '/mission_planning_ws/build/as2_rviz_plugins': AMENT_PREFIX_PATH=/mission_planning_ws/install/as2_motion_reference_handlers:/mission_planning_ws/install/as2_core:/mission_planning_ws/install/as2_msgs:${AMENT_PREFIX_PATH} CMAKE_PREFIX_PATH=/mission_planning_ws/install/as2_motion_reference_handlers:/mission_planning_ws/install/as2_core:/mission_planning_ws/install/as2_msgs:/root/project_gazebo_ws/install/aerostack2:/root/project_gazebo_ws/install/as2_usb_camera_interface:/root/project_gazebo_ws/install/as2_state_estimator:/root/project_gazebo_ws/install/as2_rviz_plugins:/root/project_gazebo_ws/install/as2_realsense_interface:/root/project_gazebo_ws/install/as2_platform_multirotor_simulator:/root/project_gazebo_ws/install/as2_platform_gazebo:/root/project_gazebo_ws/install/as2_motion_controller:/root/project_gazebo_ws/install/as2_behaviors_trajectory_generation:/root/project_gazebo_ws/install/as2_behaviors_motion:/root/project_gazebo_ws/install/as2_motion_reference_handlers:/root/project_gazebo_ws/install/as2_map_server:/root/project_gazebo_ws/install/as2_geozones:/root/project_gazebo_ws/install/as2_gazebo_assets:/root/project_gazebo_ws/install/as2_external_object_to_tf:/root/project_gazebo_ws/install/as2_behaviors_platform:/root/project_gazebo_ws/install/as2_behaviors_perception:/root/project_gazebo_ws/install/as2_behaviors_path_planning:/root/project_gazebo_ws/install/as2_behavior_tree:/root/project_gazebo_ws/install/as2_behavior:/root/project_gazebo_ws/install/as2_alphanumeric_viewer:/root/project_gazebo_ws/install/as2_core:/root/project_gazebo_ws/install/as2_msgs:/root/project_gazebo_ws/install/as2_cli:/root/project_gazebo_ws/install/as2_visualization:/root/project_gazebo_ws/install/as2_keyboard_teleoperation:/root/project_gazebo_ws/install/as2_python_api:/opt/ros/humble LD_LIBRARY_PATH=/mission_planning_ws/install/as2_motion_reference_handlers/lib:/mission_planning_ws/install/as2_core/lib:/mission_planning_ws/install/as2_msgs/lib:${LD_LIBRARY_PATH} PYTHONPATH=/mission_planning_ws/install/as2_motion_reference_handlers/local/lib/python3.10/dist-packages:/mission_planning_ws/install/as2_core/local/lib/python3.10/dist-packages:/mission_planning_ws/install/as2_msgs/local/lib/python3.10/dist-packages:${PYTHONPATH} /usr/bin/cmake --install /mission_planning_ws/build/as2_rviz_plugins
[25.880s] -- Install configuration: ""
[25.881s] -- Installing: /mission_planning_ws/install/as2_rviz_plugins/share/as2_rviz_plugins/plugin_description.xml
[25.881s] -- Installing: /mission_planning_ws/install/as2_rviz_plugins/lib/as2_rviz_plugins/libas2_rviz_plugins.so
[25.888s] -- Set runtime path of "/mission_planning_ws/install/as2_rviz_plugins/lib/as2_rviz_plugins/libas2_rviz_plugins.so" to ""
[25.888s] -- Installing: /mission_planning_ws/install/as2_rviz_plugins/share/as2_rviz_plugins/icons
[25.888s] -- Installing: /mission_planning_ws/install/as2_rviz_plugins/share/as2_rviz_plugins/icons/classes
[25.888s] -- Installing: /mission_planning_ws/install/as2_rviz_plugins/share/as2_rviz_plugins/icons/classes/Teleop.png
[25.888s] -- Installing: /mission_planning_ws/install/as2_rviz_plugins/share/as2_rviz_plugins/icons/classes/PlantFlag.png
[25.889s] -- Installing: /mission_planning_ws/install/as2_rviz_plugins/share/as2_rviz_plugins/icons/classes/Imu.png
[25.892s] -- Installing: /mission_planning_ws/install/as2_rviz_plugins/share/ament_index/resource_index/package_run_dependencies/as2_rviz_plugins
[25.892s] -- Installing: /mission_planning_ws/install/as2_rviz_plugins/share/ament_index/resource_index/parent_prefix_path/as2_rviz_plugins
[25.892s] -- Installing: /mission_planning_ws/install/as2_rviz_plugins/share/as2_rviz_plugins/environment/ament_prefix_path.sh
[25.893s] -- Installing: /mission_planning_ws/install/as2_rviz_plugins/share/as2_rviz_plugins/environment/ament_prefix_path.dsv
[25.893s] -- Installing: /mission_planning_ws/install/as2_rviz_plugins/share/as2_rviz_plugins/environment/path.sh
[25.893s] -- Installing: /mission_planning_ws/install/as2_rviz_plugins/share/as2_rviz_plugins/environment/path.dsv
[25.893s] -- Installing: /mission_planning_ws/install/as2_rviz_plugins/share/as2_rviz_plugins/local_setup.bash
[25.894s] -- Installing: /mission_planning_ws/install/as2_rviz_plugins/share/as2_rviz_plugins/local_setup.sh
[25.894s] -- Installing: /mission_planning_ws/install/as2_rviz_plugins/share/as2_rviz_plugins/local_setup.zsh
[25.894s] -- Installing: /mission_planning_ws/install/as2_rviz_plugins/share/as2_rviz_plugins/local_setup.dsv
[25.894s] -- Installing: /mission_planning_ws/install/as2_rviz_plugins/share/as2_rviz_plugins/package.dsv
[25.895s] -- Installing: /mission_planning_ws/install/as2_rviz_plugins/share/ament_index/resource_index/packages/as2_rviz_plugins
[25.895s] -- Installing: /mission_planning_ws/install/as2_rviz_plugins/share/ament_index/resource_index/rviz_common__pluginlib__plugin/as2_rviz_plugins
[25.895s] -- Installing: /mission_planning_ws/install/as2_rviz_plugins/share/as2_rviz_plugins/cmake/ament_cmake_export_dependencies-extras.cmake
[25.895s] -- Installing: /mission_planning_ws/install/as2_rviz_plugins/share/as2_rviz_plugins/cmake/as2_rviz_pluginsConfig.cmake
[25.896s] -- Installing: /mission_planning_ws/install/as2_rviz_plugins/share/as2_rviz_plugins/cmake/as2_rviz_pluginsConfig-version.cmake
[25.896s] -- Installing: /mission_planning_ws/install/as2_rviz_plugins/share/as2_rviz_plugins/package.xml
[25.900s] Invoked command in '/mission_planning_ws/build/as2_rviz_plugins' returned '0': AMENT_PREFIX_PATH=/mission_planning_ws/install/as2_motion_reference_handlers:/mission_planning_ws/install/as2_core:/mission_planning_ws/install/as2_msgs:${AMENT_PREFIX_PATH} CMAKE_PREFIX_PATH=/mission_planning_ws/install/as2_motion_reference_handlers:/mission_planning_ws/install/as2_core:/mission_planning_ws/install/as2_msgs:/root/project_gazebo_ws/install/aerostack2:/root/project_gazebo_ws/install/as2_usb_camera_interface:/root/project_gazebo_ws/install/as2_state_estimator:/root/project_gazebo_ws/install/as2_rviz_plugins:/root/project_gazebo_ws/install/as2_realsense_interface:/root/project_gazebo_ws/install/as2_platform_multirotor_simulator:/root/project_gazebo_ws/install/as2_platform_gazebo:/root/project_gazebo_ws/install/as2_motion_controller:/root/project_gazebo_ws/install/as2_behaviors_trajectory_generation:/root/project_gazebo_ws/install/as2_behaviors_motion:/root/project_gazebo_ws/install/as2_motion_reference_handlers:/root/project_gazebo_ws/install/as2_map_server:/root/project_gazebo_ws/install/as2_geozones:/root/project_gazebo_ws/install/as2_gazebo_assets:/root/project_gazebo_ws/install/as2_external_object_to_tf:/root/project_gazebo_ws/install/as2_behaviors_platform:/root/project_gazebo_ws/install/as2_behaviors_perception:/root/project_gazebo_ws/install/as2_behaviors_path_planning:/root/project_gazebo_ws/install/as2_behavior_tree:/root/project_gazebo_ws/install/as2_behavior:/root/project_gazebo_ws/install/as2_alphanumeric_viewer:/root/project_gazebo_ws/install/as2_core:/root/project_gazebo_ws/install/as2_msgs:/root/project_gazebo_ws/install/as2_cli:/root/project_gazebo_ws/install/as2_visualization:/root/project_gazebo_ws/install/as2_keyboard_teleoperation:/root/project_gazebo_ws/install/as2_python_api:/opt/ros/humble LD_LIBRARY_PATH=/mission_planning_ws/install/as2_motion_reference_handlers/lib:/mission_planning_ws/install/as2_core/lib:/mission_planning_ws/install/as2_msgs/lib:${LD_LIBRARY_PATH} PYTHONPATH=/mission_planning_ws/install/as2_motion_reference_handlers/local/lib/python3.10/dist-packages:/mission_planning_ws/install/as2_core/local/lib/python3.10/dist-packages:/mission_planning_ws/install/as2_msgs/local/lib/python3.10/dist-packages:${PYTHONPATH} /usr/bin/cmake --install /mission_planning_ws/build/as2_rviz_plugins
