[0.013s] Invoking command in '/mission_planning_ws/build/as2_core': AMENT_PREFIX_PATH=/mission_planning_ws/install/as2_msgs:${AMENT_PREFIX_PATH} CMAKE_PREFIX_PATH=/mission_planning_ws/install/as2_msgs:/root/project_gazebo_ws/install/aerostack2:/root/project_gazebo_ws/install/as2_usb_camera_interface:/root/project_gazebo_ws/install/as2_state_estimator:/root/project_gazebo_ws/install/as2_rviz_plugins:/root/project_gazebo_ws/install/as2_realsense_interface:/root/project_gazebo_ws/install/as2_platform_multirotor_simulator:/root/project_gazebo_ws/install/as2_platform_gazebo:/root/project_gazebo_ws/install/as2_motion_controller:/root/project_gazebo_ws/install/as2_behaviors_trajectory_generation:/root/project_gazebo_ws/install/as2_behaviors_motion:/root/project_gazebo_ws/install/as2_motion_reference_handlers:/root/project_gazebo_ws/install/as2_map_server:/root/project_gazebo_ws/install/as2_geozones:/root/project_gazebo_ws/install/as2_gazebo_assets:/root/project_gazebo_ws/install/as2_external_object_to_tf:/root/project_gazebo_ws/install/as2_behaviors_platform:/root/project_gazebo_ws/install/as2_behaviors_perception:/root/project_gazebo_ws/install/as2_behaviors_path_planning:/root/project_gazebo_ws/install/as2_behavior_tree:/root/project_gazebo_ws/install/as2_behavior:/root/project_gazebo_ws/install/as2_alphanumeric_viewer:/root/project_gazebo_ws/install/as2_core:/root/project_gazebo_ws/install/as2_msgs:/root/project_gazebo_ws/install/as2_cli:/root/project_gazebo_ws/install/as2_visualization:/root/project_gazebo_ws/install/as2_keyboard_teleoperation:/root/project_gazebo_ws/install/as2_python_api:/opt/ros/humble LD_LIBRARY_PATH=/mission_planning_ws/install/as2_msgs/lib:${LD_LIBRARY_PATH} PYTHONPATH=/mission_planning_ws/install/as2_msgs/local/lib/python3.10/dist-packages:${PYTHONPATH} /usr/bin/cmake --build /mission_planning_ws/build/as2_core -- -j22 -l22
[0.075s] [35m[1mConsolidate compiler generated dependencies of target gtest_main[0m
[0.075s] [35m[1mConsolidate compiler generated dependencies of target as2_names[0m
[0.075s] [35m[1mConsolidate compiler generated dependencies of target gtest[0m
[0.079s] [35m[1mConsolidate compiler generated dependencies of target mocks[0m
[0.084s] [35m[1mConsolidate compiler generated dependencies of target as2_core[0m
[0.087s] [  6%] Built target gtest_main
[0.088s] [  6%] Built target ament_cmake_python_copy_as2_core
[0.088s] [ 12%] Built target gtest
[0.111s] [ 19%] Built target as2_names
[0.112s] [ 29%] Built target mocks
[0.127s] [ 67%] Built target as2_core
[0.138s] [35m[1mConsolidate compiler generated dependencies of target tf_utils_gtest[0m
[0.139s] [35m[1mConsolidate compiler generated dependencies of target frame_test[0m
[0.140s] [35m[1mConsolidate compiler generated dependencies of target sensor_test[0m
[0.140s] [35m[1mConsolidate compiler generated dependencies of target platform_state_machine_test[0m
[0.140s] [35m[1mConsolidate compiler generated dependencies of target tf2_namespace_test[0m
[0.153s] [ 80%] Built target platform_state_machine_test
[0.154s] [ 80%] Built target tf2_namespace_test
[0.156s] [ 87%] Built target sensor_test
[0.157s] [ 96%] Built target tf_utils_gtest
[0.157s] [100%] Built target frame_test
[0.240s] running egg_info
[0.240s] writing as2_core.egg-info/PKG-INFO
[0.241s] writing dependency_links to as2_core.egg-info/dependency_links.txt
[0.241s] writing top-level names to as2_core.egg-info/top_level.txt
[0.242s] reading manifest file 'as2_core.egg-info/SOURCES.txt'
[0.243s] writing manifest file 'as2_core.egg-info/SOURCES.txt'
[0.259s] [100%] Built target ament_cmake_python_build_as2_core_egg
[0.267s] Invoked command in '/mission_planning_ws/build/as2_core' returned '0': AMENT_PREFIX_PATH=/mission_planning_ws/install/as2_msgs:${AMENT_PREFIX_PATH} CMAKE_PREFIX_PATH=/mission_planning_ws/install/as2_msgs:/root/project_gazebo_ws/install/aerostack2:/root/project_gazebo_ws/install/as2_usb_camera_interface:/root/project_gazebo_ws/install/as2_state_estimator:/root/project_gazebo_ws/install/as2_rviz_plugins:/root/project_gazebo_ws/install/as2_realsense_interface:/root/project_gazebo_ws/install/as2_platform_multirotor_simulator:/root/project_gazebo_ws/install/as2_platform_gazebo:/root/project_gazebo_ws/install/as2_motion_controller:/root/project_gazebo_ws/install/as2_behaviors_trajectory_generation:/root/project_gazebo_ws/install/as2_behaviors_motion:/root/project_gazebo_ws/install/as2_motion_reference_handlers:/root/project_gazebo_ws/install/as2_map_server:/root/project_gazebo_ws/install/as2_geozones:/root/project_gazebo_ws/install/as2_gazebo_assets:/root/project_gazebo_ws/install/as2_external_object_to_tf:/root/project_gazebo_ws/install/as2_behaviors_platform:/root/project_gazebo_ws/install/as2_behaviors_perception:/root/project_gazebo_ws/install/as2_behaviors_path_planning:/root/project_gazebo_ws/install/as2_behavior_tree:/root/project_gazebo_ws/install/as2_behavior:/root/project_gazebo_ws/install/as2_alphanumeric_viewer:/root/project_gazebo_ws/install/as2_core:/root/project_gazebo_ws/install/as2_msgs:/root/project_gazebo_ws/install/as2_cli:/root/project_gazebo_ws/install/as2_visualization:/root/project_gazebo_ws/install/as2_keyboard_teleoperation:/root/project_gazebo_ws/install/as2_python_api:/opt/ros/humble LD_LIBRARY_PATH=/mission_planning_ws/install/as2_msgs/lib:${LD_LIBRARY_PATH} PYTHONPATH=/mission_planning_ws/install/as2_msgs/local/lib/python3.10/dist-packages:${PYTHONPATH} /usr/bin/cmake --build /mission_planning_ws/build/as2_core -- -j22 -l22
[0.269s] Invoking command in '/mission_planning_ws/build/as2_core': AMENT_PREFIX_PATH=/mission_planning_ws/install/as2_msgs:${AMENT_PREFIX_PATH} CMAKE_PREFIX_PATH=/mission_planning_ws/install/as2_msgs:/root/project_gazebo_ws/install/aerostack2:/root/project_gazebo_ws/install/as2_usb_camera_interface:/root/project_gazebo_ws/install/as2_state_estimator:/root/project_gazebo_ws/install/as2_rviz_plugins:/root/project_gazebo_ws/install/as2_realsense_interface:/root/project_gazebo_ws/install/as2_platform_multirotor_simulator:/root/project_gazebo_ws/install/as2_platform_gazebo:/root/project_gazebo_ws/install/as2_motion_controller:/root/project_gazebo_ws/install/as2_behaviors_trajectory_generation:/root/project_gazebo_ws/install/as2_behaviors_motion:/root/project_gazebo_ws/install/as2_motion_reference_handlers:/root/project_gazebo_ws/install/as2_map_server:/root/project_gazebo_ws/install/as2_geozones:/root/project_gazebo_ws/install/as2_gazebo_assets:/root/project_gazebo_ws/install/as2_external_object_to_tf:/root/project_gazebo_ws/install/as2_behaviors_platform:/root/project_gazebo_ws/install/as2_behaviors_perception:/root/project_gazebo_ws/install/as2_behaviors_path_planning:/root/project_gazebo_ws/install/as2_behavior_tree:/root/project_gazebo_ws/install/as2_behavior:/root/project_gazebo_ws/install/as2_alphanumeric_viewer:/root/project_gazebo_ws/install/as2_core:/root/project_gazebo_ws/install/as2_msgs:/root/project_gazebo_ws/install/as2_cli:/root/project_gazebo_ws/install/as2_visualization:/root/project_gazebo_ws/install/as2_keyboard_teleoperation:/root/project_gazebo_ws/install/as2_python_api:/opt/ros/humble LD_LIBRARY_PATH=/mission_planning_ws/install/as2_msgs/lib:${LD_LIBRARY_PATH} PYTHONPATH=/mission_planning_ws/install/as2_msgs/local/lib/python3.10/dist-packages:${PYTHONPATH} /usr/bin/cmake --install /mission_planning_ws/build/as2_core
[0.275s] -- Install configuration: "Release"
[0.276s] -- Up-to-date: /mission_planning_ws/install/as2_core/share/as2_core/environment/pythonpath.sh
[0.276s] -- Up-to-date: /mission_planning_ws/install/as2_core/share/as2_core/environment/pythonpath.dsv
[0.276s] -- Up-to-date: /mission_planning_ws/install/as2_core/local/lib/python3.10/dist-packages/as2_core-1.1.2-py3.10.egg-info
[0.276s] -- Installing: /mission_planning_ws/install/as2_core/local/lib/python3.10/dist-packages/as2_core-1.1.2-py3.10.egg-info/dependency_links.txt
[0.276s] -- Installing: /mission_planning_ws/install/as2_core/local/lib/python3.10/dist-packages/as2_core-1.1.2-py3.10.egg-info/PKG-INFO
[0.276s] -- Installing: /mission_planning_ws/install/as2_core/local/lib/python3.10/dist-packages/as2_core-1.1.2-py3.10.egg-info/top_level.txt
[0.276s] -- Installing: /mission_planning_ws/install/as2_core/local/lib/python3.10/dist-packages/as2_core-1.1.2-py3.10.egg-info/SOURCES.txt
[0.276s] -- Up-to-date: /mission_planning_ws/install/as2_core/local/lib/python3.10/dist-packages/as2_core
[0.277s] -- Up-to-date: /mission_planning_ws/install/as2_core/local/lib/python3.10/dist-packages/as2_core/__init__.py
[0.277s] -- Up-to-date: /mission_planning_ws/install/as2_core/local/lib/python3.10/dist-packages/as2_core/launch_plugin_utils.py
[0.277s] -- Up-to-date: /mission_planning_ws/install/as2_core/local/lib/python3.10/dist-packages/as2_core/declare_launch_arguments_from_config_file.py
[0.277s] -- Up-to-date: /mission_planning_ws/install/as2_core/local/lib/python3.10/dist-packages/as2_core/launch_param_utils.py
[0.277s] -- Up-to-date: /mission_planning_ws/install/as2_core/local/lib/python3.10/dist-packages/as2_core/launch_configuration_from_config_file.py
[0.302s] Listing '/mission_planning_ws/install/as2_core/local/lib/python3.10/dist-packages/as2_core'...
[0.305s] -- Up-to-date: /mission_planning_ws/install/as2_core/include/as2_core/mocks/
[0.305s] -- Up-to-date: /mission_planning_ws/install/as2_core/include/as2_core/mocks//executor_thread_util
[0.305s] -- Up-to-date: /mission_planning_ws/install/as2_core/include/as2_core/mocks//executor_thread_util/executor_thread_util.hpp
[0.305s] -- Up-to-date: /mission_planning_ws/install/as2_core/include/as2_core/mocks//aerial_platform
[0.305s] -- Up-to-date: /mission_planning_ws/install/as2_core/include/as2_core/mocks//aerial_platform/mock_aerial_platform.hpp
[0.305s] -- Up-to-date: /mission_planning_ws/install/as2_core/share/as2_core/environment/library_path.sh
[0.306s] -- Up-to-date: /mission_planning_ws/install/as2_core/share/as2_core/environment/library_path.dsv
[0.306s] -- Up-to-date: /mission_planning_ws/install/as2_core/local/lib/python3.10/dist-packages/as2_core/as2_names.cpython-310-x86_64-linux-gnu.so
[0.306s] -- Up-to-date: /mission_planning_ws/install/as2_core/include
[0.306s] -- Up-to-date: /mission_planning_ws/install/as2_core/include/as2_core
[0.306s] -- Up-to-date: /mission_planning_ws/install/as2_core/include/as2_core/custom
[0.306s] -- Up-to-date: /mission_planning_ws/install/as2_core/include/as2_core/custom/tf2_geometry_msgs.hpp
[0.307s] -- Up-to-date: /mission_planning_ws/install/as2_core/include/as2_core/custom/tf2_geometry_msgs.hpp.in
[0.307s] -- Up-to-date: /mission_planning_ws/install/as2_core/include/as2_core/core_functions.hpp
[0.307s] -- Up-to-date: /mission_planning_ws/install/as2_core/include/as2_core/sensor.hpp
[0.307s] -- Up-to-date: /mission_planning_ws/install/as2_core/include/as2_core/synchronous_service_client.hpp
[0.307s] -- Up-to-date: /mission_planning_ws/install/as2_core/include/as2_core/utils
[0.307s] -- Up-to-date: /mission_planning_ws/install/as2_core/include/as2_core/utils/tf_utils.hpp
[0.307s] -- Up-to-date: /mission_planning_ws/install/as2_core/include/as2_core/utils/control_mode_utils.hpp
[0.307s] -- Up-to-date: /mission_planning_ws/install/as2_core/include/as2_core/utils/yaml_utils.hpp
[0.307s] -- Up-to-date: /mission_planning_ws/install/as2_core/include/as2_core/utils/gps_utils.hpp
[0.307s] -- Up-to-date: /mission_planning_ws/install/as2_core/include/as2_core/utils/frame_utils.hpp
[0.307s] -- Up-to-date: /mission_planning_ws/install/as2_core/include/as2_core/names
[0.307s] -- Up-to-date: /mission_planning_ws/install/as2_core/include/as2_core/names/services.hpp
[0.307s] -- Up-to-date: /mission_planning_ws/install/as2_core/include/as2_core/names/topics.hpp
[0.307s] -- Up-to-date: /mission_planning_ws/install/as2_core/include/as2_core/names/actions.hpp
[0.307s] -- Up-to-date: /mission_planning_ws/install/as2_core/include/as2_core/platform_state_machine.hpp
[0.307s] -- Up-to-date: /mission_planning_ws/install/as2_core/include/as2_core/as2_basic_behavior.hpp
[0.307s] -- Up-to-date: /mission_planning_ws/install/as2_core/include/as2_core/aerial_platform.hpp
[0.307s] -- Up-to-date: /mission_planning_ws/install/as2_core/include/as2_core/node.hpp
[0.307s] -- Up-to-date: /mission_planning_ws/install/as2_core/include/as2_core/rate.hpp
[0.307s] -- Up-to-date: /mission_planning_ws/install/as2_core/lib/libas2_core.a
[0.308s] -- Up-to-date: /mission_planning_ws/install/as2_core/lib/libmocks.so
[0.308s] -- Up-to-date: /mission_planning_ws/install/as2_core/share/ament_index/resource_index/package_run_dependencies/as2_core
[0.309s] -- Up-to-date: /mission_planning_ws/install/as2_core/share/ament_index/resource_index/parent_prefix_path/as2_core
[0.309s] -- Up-to-date: /mission_planning_ws/install/as2_core/share/as2_core/environment/ament_prefix_path.sh
[0.309s] -- Up-to-date: /mission_planning_ws/install/as2_core/share/as2_core/environment/ament_prefix_path.dsv
[0.309s] -- Up-to-date: /mission_planning_ws/install/as2_core/share/as2_core/environment/path.sh
[0.309s] -- Up-to-date: /mission_planning_ws/install/as2_core/share/as2_core/environment/path.dsv
[0.309s] -- Up-to-date: /mission_planning_ws/install/as2_core/share/as2_core/local_setup.bash
[0.309s] -- Up-to-date: /mission_planning_ws/install/as2_core/share/as2_core/local_setup.sh
[0.309s] -- Up-to-date: /mission_planning_ws/install/as2_core/share/as2_core/local_setup.zsh
[0.309s] -- Up-to-date: /mission_planning_ws/install/as2_core/share/as2_core/local_setup.dsv
[0.309s] -- Installing: /mission_planning_ws/install/as2_core/share/as2_core/package.dsv
[0.309s] -- Up-to-date: /mission_planning_ws/install/as2_core/share/ament_index/resource_index/packages/as2_core
[0.311s] -- Up-to-date: /mission_planning_ws/install/as2_core/share/as2_core/cmake/export_as2_coreExport.cmake
[0.311s] -- Up-to-date: /mission_planning_ws/install/as2_core/share/as2_core/cmake/export_as2_coreExport-release.cmake
[0.311s] -- Up-to-date: /mission_planning_ws/install/as2_core/share/as2_core/cmake/ament_cmake_export_targets-extras.cmake
[0.311s] -- Up-to-date: /mission_planning_ws/install/as2_core/share/as2_core/cmake/ament_cmake_export_dependencies-extras.cmake
[0.311s] -- Up-to-date: /mission_planning_ws/install/as2_core/share/as2_core/cmake/ament_cmake_export_include_directories-extras.cmake
[0.311s] -- Up-to-date: /mission_planning_ws/install/as2_core/share/as2_core/cmake/ament_cmake_export_libraries-extras.cmake
[0.311s] -- Up-to-date: /mission_planning_ws/install/as2_core/share/as2_core/cmake/as2_coreConfig.cmake
[0.311s] -- Up-to-date: /mission_planning_ws/install/as2_core/share/as2_core/cmake/as2_coreConfig-version.cmake
[0.311s] -- Up-to-date: /mission_planning_ws/install/as2_core/share/as2_core/package.xml
[0.313s] Invoked command in '/mission_planning_ws/build/as2_core' returned '0': AMENT_PREFIX_PATH=/mission_planning_ws/install/as2_msgs:${AMENT_PREFIX_PATH} CMAKE_PREFIX_PATH=/mission_planning_ws/install/as2_msgs:/root/project_gazebo_ws/install/aerostack2:/root/project_gazebo_ws/install/as2_usb_camera_interface:/root/project_gazebo_ws/install/as2_state_estimator:/root/project_gazebo_ws/install/as2_rviz_plugins:/root/project_gazebo_ws/install/as2_realsense_interface:/root/project_gazebo_ws/install/as2_platform_multirotor_simulator:/root/project_gazebo_ws/install/as2_platform_gazebo:/root/project_gazebo_ws/install/as2_motion_controller:/root/project_gazebo_ws/install/as2_behaviors_trajectory_generation:/root/project_gazebo_ws/install/as2_behaviors_motion:/root/project_gazebo_ws/install/as2_motion_reference_handlers:/root/project_gazebo_ws/install/as2_map_server:/root/project_gazebo_ws/install/as2_geozones:/root/project_gazebo_ws/install/as2_gazebo_assets:/root/project_gazebo_ws/install/as2_external_object_to_tf:/root/project_gazebo_ws/install/as2_behaviors_platform:/root/project_gazebo_ws/install/as2_behaviors_perception:/root/project_gazebo_ws/install/as2_behaviors_path_planning:/root/project_gazebo_ws/install/as2_behavior_tree:/root/project_gazebo_ws/install/as2_behavior:/root/project_gazebo_ws/install/as2_alphanumeric_viewer:/root/project_gazebo_ws/install/as2_core:/root/project_gazebo_ws/install/as2_msgs:/root/project_gazebo_ws/install/as2_cli:/root/project_gazebo_ws/install/as2_visualization:/root/project_gazebo_ws/install/as2_keyboard_teleoperation:/root/project_gazebo_ws/install/as2_python_api:/opt/ros/humble LD_LIBRARY_PATH=/mission_planning_ws/install/as2_msgs/lib:${LD_LIBRARY_PATH} PYTHONPATH=/mission_planning_ws/install/as2_msgs/local/lib/python3.10/dist-packages:${PYTHONPATH} /usr/bin/cmake --install /mission_planning_ws/build/as2_core
