[35m[1mConsolidate compiler generated dependencies of target as2_alphanumeric_viewer_node[0m
[100%] Built target as2_alphanumeric_viewer_node
-- Install configuration: "Release"
-- Up-to-date: /mission_planning_ws/install/as2_alphanumeric_viewer/share/as2_alphanumeric_viewer/launch
-- Up-to-date: /mission_planning_ws/install/as2_alphanumeric_viewer/share/as2_alphanumeric_viewer/launch/alphanumeric_viewer_launch.py
-- Up-to-date: /mission_planning_ws/install/as2_alphanumeric_viewer/lib/as2_alphanumeric_viewer/as2_alphanumeric_viewer_node
-- Up-to-date: /mission_planning_ws/install/as2_alphanumeric_viewer/share/ament_index/resource_index/package_run_dependencies/as2_alphanumeric_viewer
-- Up-to-date: /mission_planning_ws/install/as2_alphanumeric_viewer/share/ament_index/resource_index/parent_prefix_path/as2_alphanumeric_viewer
-- Up-to-date: /mission_planning_ws/install/as2_alphanumeric_viewer/share/as2_alphanumeric_viewer/environment/ament_prefix_path.sh
-- Up-to-date: /mission_planning_ws/install/as2_alphanumeric_viewer/share/as2_alphanumeric_viewer/environment/ament_prefix_path.dsv
-- Up-to-date: /mission_planning_ws/install/as2_alphanumeric_viewer/share/as2_alphanumeric_viewer/environment/path.sh
-- Up-to-date: /mission_planning_ws/install/as2_alphanumeric_viewer/share/as2_alphanumeric_viewer/environment/path.dsv
-- Up-to-date: /mission_planning_ws/install/as2_alphanumeric_viewer/share/as2_alphanumeric_viewer/local_setup.bash
-- Up-to-date: /mission_planning_ws/install/as2_alphanumeric_viewer/share/as2_alphanumeric_viewer/local_setup.sh
-- Up-to-date: /mission_planning_ws/install/as2_alphanumeric_viewer/share/as2_alphanumeric_viewer/local_setup.zsh
-- Up-to-date: /mission_planning_ws/install/as2_alphanumeric_viewer/share/as2_alphanumeric_viewer/local_setup.dsv
-- Installing: /mission_planning_ws/install/as2_alphanumeric_viewer/share/as2_alphanumeric_viewer/package.dsv
-- Up-to-date: /mission_planning_ws/install/as2_alphanumeric_viewer/share/ament_index/resource_index/packages/as2_alphanumeric_viewer
-- Up-to-date: /mission_planning_ws/install/as2_alphanumeric_viewer/share/as2_alphanumeric_viewer/cmake/as2_alphanumeric_viewerConfig.cmake
-- Up-to-date: /mission_planning_ws/install/as2_alphanumeric_viewer/share/as2_alphanumeric_viewer/cmake/as2_alphanumeric_viewerConfig-version.cmake
-- Up-to-date: /mission_planning_ws/install/as2_alphanumeric_viewer/share/as2_alphanumeric_viewer/package.xml
