[ 11%] Built target mocap4r2_msgs__rosidl_generator_c
[ 11%] Built target ament_cmake_python_copy_mocap4r2_msgs
[ 12%] Built target mocap4r2_msgs__cpp
[ 23%] Built target mocap4r2_msgs__rosidl_typesupport_c
[ 34%] Built target mocap4r2_msgs__rosidl_typesupport_fastrtps_c
[ 46%] Built target mocap4r2_msgs__rosidl_typesupport_introspection_c
[ 57%] Built target mocap4r2_msgs__rosidl_typesupport_fastrtps_cpp
[ 68%] Built target mocap4r2_msgs__rosidl_typesupport_cpp
[ 79%] Built target mocap4r2_msgs__rosidl_typesupport_introspection_cpp
[ 79%] Built target mocap4r2_msgs
[ 80%] Built target mocap4r2_msgs__py
[ 90%] Built target mocap4r2_msgs__rosidl_generator_py
[ 93%] Built target mocap4r2_msgs__rosidl_typesupport_introspection_c__pyext
[ 96%] Built target mocap4r2_msgs__rosidl_typesupport_fastrtps_c__pyext
[100%] Built target mocap4r2_msgs__rosidl_typesupport_c__pyext
running egg_info
writing mocap4r2_msgs.egg-info/PKG-INFO
writing dependency_links to mocap4r2_msgs.egg-info/dependency_links.txt
writing top-level names to mocap4r2_msgs.egg-info/top_level.txt
reading manifest file 'mocap4r2_msgs.egg-info/SOURCES.txt'
writing manifest file 'mocap4r2_msgs.egg-info/SOURCES.txt'
[100%] Built target ament_cmake_python_build_mocap4r2_msgs_egg
-- Install configuration: ""
-- Up-to-date: /mission_planning_ws/install/mocap4r2_msgs/share/ament_index/resource_index/rosidl_interfaces/mocap4r2_msgs
-- Up-to-date: /mission_planning_ws/install/mocap4r2_msgs/include/mocap4r2_msgs/mocap4r2_msgs
-- Up-to-date: /mission_planning_ws/install/mocap4r2_msgs/include/mocap4r2_msgs/mocap4r2_msgs/msg
-- Up-to-date: /mission_planning_ws/install/mocap4r2_msgs/include/mocap4r2_msgs/mocap4r2_msgs/msg/rosidl_generator_c__visibility_control.h
-- Up-to-date: /mission_planning_ws/install/mocap4r2_msgs/include/mocap4r2_msgs/mocap4r2_msgs/msg/rigid_body.h
-- Up-to-date: /mission_planning_ws/install/mocap4r2_msgs/include/mocap4r2_msgs/mocap4r2_msgs/msg/marker.h
-- Up-to-date: /mission_planning_ws/install/mocap4r2_msgs/include/mocap4r2_msgs/mocap4r2_msgs/msg/rigid_bodies.h
-- Up-to-date: /mission_planning_ws/install/mocap4r2_msgs/include/mocap4r2_msgs/mocap4r2_msgs/msg/detail
-- Up-to-date: /mission_planning_ws/install/mocap4r2_msgs/include/mocap4r2_msgs/mocap4r2_msgs/msg/detail/rigid_body__functions.c
-- Up-to-date: /mission_planning_ws/install/mocap4r2_msgs/include/mocap4r2_msgs/mocap4r2_msgs/msg/detail/imus_info__struct.h
-- Up-to-date: /mission_planning_ws/install/mocap4r2_msgs/include/mocap4r2_msgs/mocap4r2_msgs/msg/detail/rigid_bodies__struct.h
-- Up-to-date: /mission_planning_ws/install/mocap4r2_msgs/include/mocap4r2_msgs/mocap4r2_msgs/msg/detail/marker__struct.h
-- Up-to-date: /mission_planning_ws/install/mocap4r2_msgs/include/mocap4r2_msgs/mocap4r2_msgs/msg/detail/rigid_body__functions.h
-- Up-to-date: /mission_planning_ws/install/mocap4r2_msgs/include/mocap4r2_msgs/mocap4r2_msgs/msg/detail/imus_info__type_support.h
-- Up-to-date: /mission_planning_ws/install/mocap4r2_msgs/include/mocap4r2_msgs/mocap4r2_msgs/msg/detail/rigid_body__struct.h
-- Up-to-date: /mission_planning_ws/install/mocap4r2_msgs/include/mocap4r2_msgs/mocap4r2_msgs/msg/detail/rigid_bodies__functions.c
-- Up-to-date: /mission_planning_ws/install/mocap4r2_msgs/include/mocap4r2_msgs/mocap4r2_msgs/msg/detail/marker__functions.h
-- Up-to-date: /mission_planning_ws/install/mocap4r2_msgs/include/mocap4r2_msgs/mocap4r2_msgs/msg/detail/markers__type_support.h
-- Up-to-date: /mission_planning_ws/install/mocap4r2_msgs/include/mocap4r2_msgs/mocap4r2_msgs/msg/detail/imus_info__functions.c
-- Up-to-date: /mission_planning_ws/install/mocap4r2_msgs/include/mocap4r2_msgs/mocap4r2_msgs/msg/detail/rigid_body__type_support.h
-- Up-to-date: /mission_planning_ws/install/mocap4r2_msgs/include/mocap4r2_msgs/mocap4r2_msgs/msg/detail/marker__functions.c
-- Up-to-date: /mission_planning_ws/install/mocap4r2_msgs/include/mocap4r2_msgs/mocap4r2_msgs/msg/detail/markers__functions.c
-- Up-to-date: /mission_planning_ws/install/mocap4r2_msgs/include/mocap4r2_msgs/mocap4r2_msgs/msg/detail/rigid_bodies__type_support.h
-- Up-to-date: /mission_planning_ws/install/mocap4r2_msgs/include/mocap4r2_msgs/mocap4r2_msgs/msg/detail/markers__functions.h
-- Up-to-date: /mission_planning_ws/install/mocap4r2_msgs/include/mocap4r2_msgs/mocap4r2_msgs/msg/detail/markers__struct.h
-- Up-to-date: /mission_planning_ws/install/mocap4r2_msgs/include/mocap4r2_msgs/mocap4r2_msgs/msg/detail/imus_info__functions.h
-- Up-to-date: /mission_planning_ws/install/mocap4r2_msgs/include/mocap4r2_msgs/mocap4r2_msgs/msg/detail/marker__type_support.h
-- Up-to-date: /mission_planning_ws/install/mocap4r2_msgs/include/mocap4r2_msgs/mocap4r2_msgs/msg/detail/rigid_bodies__functions.h
-- Up-to-date: /mission_planning_ws/install/mocap4r2_msgs/include/mocap4r2_msgs/mocap4r2_msgs/msg/imus_info.h
-- Up-to-date: /mission_planning_ws/install/mocap4r2_msgs/include/mocap4r2_msgs/mocap4r2_msgs/msg/markers.h
-- Up-to-date: /mission_planning_ws/install/mocap4r2_msgs/share/mocap4r2_msgs/environment/library_path.sh
-- Up-to-date: /mission_planning_ws/install/mocap4r2_msgs/share/mocap4r2_msgs/environment/library_path.dsv
-- Up-to-date: /mission_planning_ws/install/mocap4r2_msgs/lib/libmocap4r2_msgs__rosidl_generator_c.so
-- Up-to-date: /mission_planning_ws/install/mocap4r2_msgs/include/mocap4r2_msgs/mocap4r2_msgs
-- Up-to-date: /mission_planning_ws/install/mocap4r2_msgs/include/mocap4r2_msgs/mocap4r2_msgs/msg
-- Up-to-date: /mission_planning_ws/install/mocap4r2_msgs/include/mocap4r2_msgs/mocap4r2_msgs/msg/detail
-- Up-to-date: /mission_planning_ws/install/mocap4r2_msgs/include/mocap4r2_msgs/mocap4r2_msgs/msg/detail/imus_info__rosidl_typesupport_fastrtps_c.h
-- Up-to-date: /mission_planning_ws/install/mocap4r2_msgs/include/mocap4r2_msgs/mocap4r2_msgs/msg/detail/markers__rosidl_typesupport_fastrtps_c.h
-- Up-to-date: /mission_planning_ws/install/mocap4r2_msgs/include/mocap4r2_msgs/mocap4r2_msgs/msg/detail/rigid_body__rosidl_typesupport_fastrtps_c.h
-- Up-to-date: /mission_planning_ws/install/mocap4r2_msgs/include/mocap4r2_msgs/mocap4r2_msgs/msg/detail/marker__rosidl_typesupport_fastrtps_c.h
-- Up-to-date: /mission_planning_ws/install/mocap4r2_msgs/include/mocap4r2_msgs/mocap4r2_msgs/msg/detail/rigid_bodies__rosidl_typesupport_fastrtps_c.h
-- Up-to-date: /mission_planning_ws/install/mocap4r2_msgs/include/mocap4r2_msgs/mocap4r2_msgs/msg/rosidl_typesupport_fastrtps_c__visibility_control.h
-- Up-to-date: /mission_planning_ws/install/mocap4r2_msgs/lib/libmocap4r2_msgs__rosidl_typesupport_fastrtps_c.so
-- Up-to-date: /mission_planning_ws/install/mocap4r2_msgs/include/mocap4r2_msgs/mocap4r2_msgs
-- Up-to-date: /mission_planning_ws/install/mocap4r2_msgs/include/mocap4r2_msgs/mocap4r2_msgs/msg
-- Up-to-date: /mission_planning_ws/install/mocap4r2_msgs/include/mocap4r2_msgs/mocap4r2_msgs/msg/detail
-- Up-to-date: /mission_planning_ws/install/mocap4r2_msgs/include/mocap4r2_msgs/mocap4r2_msgs/msg/detail/rigid_bodies__rosidl_typesupport_introspection_c.h
-- Up-to-date: /mission_planning_ws/install/mocap4r2_msgs/include/mocap4r2_msgs/mocap4r2_msgs/msg/detail/marker__type_support.c
-- Up-to-date: /mission_planning_ws/install/mocap4r2_msgs/include/mocap4r2_msgs/mocap4r2_msgs/msg/detail/imus_info__rosidl_typesupport_introspection_c.h
-- Up-to-date: /mission_planning_ws/install/mocap4r2_msgs/include/mocap4r2_msgs/mocap4r2_msgs/msg/detail/rigid_bodies__type_support.c
-- Up-to-date: /mission_planning_ws/install/mocap4r2_msgs/include/mocap4r2_msgs/mocap4r2_msgs/msg/detail/markers__rosidl_typesupport_introspection_c.h
-- Up-to-date: /mission_planning_ws/install/mocap4r2_msgs/include/mocap4r2_msgs/mocap4r2_msgs/msg/detail/imus_info__type_support.c
-- Up-to-date: /mission_planning_ws/install/mocap4r2_msgs/include/mocap4r2_msgs/mocap4r2_msgs/msg/detail/rigid_body__type_support.c
-- Up-to-date: /mission_planning_ws/install/mocap4r2_msgs/include/mocap4r2_msgs/mocap4r2_msgs/msg/detail/rigid_body__rosidl_typesupport_introspection_c.h
-- Up-to-date: /mission_planning_ws/install/mocap4r2_msgs/include/mocap4r2_msgs/mocap4r2_msgs/msg/detail/markers__type_support.c
-- Up-to-date: /mission_planning_ws/install/mocap4r2_msgs/include/mocap4r2_msgs/mocap4r2_msgs/msg/detail/marker__rosidl_typesupport_introspection_c.h
-- Up-to-date: /mission_planning_ws/install/mocap4r2_msgs/include/mocap4r2_msgs/mocap4r2_msgs/msg/rosidl_typesupport_introspection_c__visibility_control.h
-- Up-to-date: /mission_planning_ws/install/mocap4r2_msgs/lib/libmocap4r2_msgs__rosidl_typesupport_introspection_c.so
-- Up-to-date: /mission_planning_ws/install/mocap4r2_msgs/lib/libmocap4r2_msgs__rosidl_typesupport_c.so
-- Up-to-date: /mission_planning_ws/install/mocap4r2_msgs/include/mocap4r2_msgs/mocap4r2_msgs
-- Up-to-date: /mission_planning_ws/install/mocap4r2_msgs/include/mocap4r2_msgs/mocap4r2_msgs/msg
-- Up-to-date: /mission_planning_ws/install/mocap4r2_msgs/include/mocap4r2_msgs/mocap4r2_msgs/msg/marker.hpp
-- Up-to-date: /mission_planning_ws/install/mocap4r2_msgs/include/mocap4r2_msgs/mocap4r2_msgs/msg/markers.hpp
-- Up-to-date: /mission_planning_ws/install/mocap4r2_msgs/include/mocap4r2_msgs/mocap4r2_msgs/msg/detail
-- Up-to-date: /mission_planning_ws/install/mocap4r2_msgs/include/mocap4r2_msgs/mocap4r2_msgs/msg/detail/marker__traits.hpp
-- Up-to-date: /mission_planning_ws/install/mocap4r2_msgs/include/mocap4r2_msgs/mocap4r2_msgs/msg/detail/marker__struct.hpp
-- Up-to-date: /mission_planning_ws/install/mocap4r2_msgs/include/mocap4r2_msgs/mocap4r2_msgs/msg/detail/imus_info__builder.hpp
-- Up-to-date: /mission_planning_ws/install/mocap4r2_msgs/include/mocap4r2_msgs/mocap4r2_msgs/msg/detail/imus_info__struct.hpp
-- Up-to-date: /mission_planning_ws/install/mocap4r2_msgs/include/mocap4r2_msgs/mocap4r2_msgs/msg/detail/rigid_body__type_support.hpp
-- Up-to-date: /mission_planning_ws/install/mocap4r2_msgs/include/mocap4r2_msgs/mocap4r2_msgs/msg/detail/rigid_body__traits.hpp
-- Up-to-date: /mission_planning_ws/install/mocap4r2_msgs/include/mocap4r2_msgs/mocap4r2_msgs/msg/detail/marker__type_support.hpp
-- Up-to-date: /mission_planning_ws/install/mocap4r2_msgs/include/mocap4r2_msgs/mocap4r2_msgs/msg/detail/markers__traits.hpp
-- Up-to-date: /mission_planning_ws/install/mocap4r2_msgs/include/mocap4r2_msgs/mocap4r2_msgs/msg/detail/rigid_bodies__struct.hpp
-- Up-to-date: /mission_planning_ws/install/mocap4r2_msgs/include/mocap4r2_msgs/mocap4r2_msgs/msg/detail/markers__builder.hpp
-- Up-to-date: /mission_planning_ws/install/mocap4r2_msgs/include/mocap4r2_msgs/mocap4r2_msgs/msg/detail/marker__builder.hpp
-- Up-to-date: /mission_planning_ws/install/mocap4r2_msgs/include/mocap4r2_msgs/mocap4r2_msgs/msg/detail/markers__type_support.hpp
-- Up-to-date: /mission_planning_ws/install/mocap4r2_msgs/include/mocap4r2_msgs/mocap4r2_msgs/msg/detail/imus_info__traits.hpp
-- Up-to-date: /mission_planning_ws/install/mocap4r2_msgs/include/mocap4r2_msgs/mocap4r2_msgs/msg/detail/rigid_bodies__builder.hpp
-- Up-to-date: /mission_planning_ws/install/mocap4r2_msgs/include/mocap4r2_msgs/mocap4r2_msgs/msg/detail/rigid_bodies__traits.hpp
-- Up-to-date: /mission_planning_ws/install/mocap4r2_msgs/include/mocap4r2_msgs/mocap4r2_msgs/msg/detail/rigid_body__builder.hpp
-- Up-to-date: /mission_planning_ws/install/mocap4r2_msgs/include/mocap4r2_msgs/mocap4r2_msgs/msg/detail/rigid_bodies__type_support.hpp
-- Up-to-date: /mission_planning_ws/install/mocap4r2_msgs/include/mocap4r2_msgs/mocap4r2_msgs/msg/detail/markers__struct.hpp
-- Up-to-date: /mission_planning_ws/install/mocap4r2_msgs/include/mocap4r2_msgs/mocap4r2_msgs/msg/detail/imus_info__type_support.hpp
-- Up-to-date: /mission_planning_ws/install/mocap4r2_msgs/include/mocap4r2_msgs/mocap4r2_msgs/msg/detail/rigid_body__struct.hpp
-- Up-to-date: /mission_planning_ws/install/mocap4r2_msgs/include/mocap4r2_msgs/mocap4r2_msgs/msg/rigid_body.hpp
-- Up-to-date: /mission_planning_ws/install/mocap4r2_msgs/include/mocap4r2_msgs/mocap4r2_msgs/msg/rosidl_generator_cpp__visibility_control.hpp
-- Up-to-date: /mission_planning_ws/install/mocap4r2_msgs/include/mocap4r2_msgs/mocap4r2_msgs/msg/imus_info.hpp
-- Up-to-date: /mission_planning_ws/install/mocap4r2_msgs/include/mocap4r2_msgs/mocap4r2_msgs/msg/rigid_bodies.hpp
-- Up-to-date: /mission_planning_ws/install/mocap4r2_msgs/include/mocap4r2_msgs/mocap4r2_msgs
-- Up-to-date: /mission_planning_ws/install/mocap4r2_msgs/include/mocap4r2_msgs/mocap4r2_msgs/msg
-- Up-to-date: /mission_planning_ws/install/mocap4r2_msgs/include/mocap4r2_msgs/mocap4r2_msgs/msg/rosidl_typesupport_fastrtps_cpp__visibility_control.h
-- Up-to-date: /mission_planning_ws/install/mocap4r2_msgs/include/mocap4r2_msgs/mocap4r2_msgs/msg/detail
-- Up-to-date: /mission_planning_ws/install/mocap4r2_msgs/include/mocap4r2_msgs/mocap4r2_msgs/msg/detail/rigid_bodies__rosidl_typesupport_fastrtps_cpp.hpp
-- Up-to-date: /mission_planning_ws/install/mocap4r2_msgs/include/mocap4r2_msgs/mocap4r2_msgs/msg/detail/imus_info__rosidl_typesupport_fastrtps_cpp.hpp
-- Up-to-date: /mission_planning_ws/install/mocap4r2_msgs/include/mocap4r2_msgs/mocap4r2_msgs/msg/detail/dds_fastrtps
-- Up-to-date: /mission_planning_ws/install/mocap4r2_msgs/include/mocap4r2_msgs/mocap4r2_msgs/msg/detail/rigid_body__rosidl_typesupport_fastrtps_cpp.hpp
-- Up-to-date: /mission_planning_ws/install/mocap4r2_msgs/include/mocap4r2_msgs/mocap4r2_msgs/msg/detail/marker__rosidl_typesupport_fastrtps_cpp.hpp
-- Up-to-date: /mission_planning_ws/install/mocap4r2_msgs/include/mocap4r2_msgs/mocap4r2_msgs/msg/detail/markers__rosidl_typesupport_fastrtps_cpp.hpp
-- Up-to-date: /mission_planning_ws/install/mocap4r2_msgs/lib/libmocap4r2_msgs__rosidl_typesupport_fastrtps_cpp.so
-- Up-to-date: /mission_planning_ws/install/mocap4r2_msgs/include/mocap4r2_msgs/mocap4r2_msgs
-- Up-to-date: /mission_planning_ws/install/mocap4r2_msgs/include/mocap4r2_msgs/mocap4r2_msgs/msg
-- Up-to-date: /mission_planning_ws/install/mocap4r2_msgs/include/mocap4r2_msgs/mocap4r2_msgs/msg/detail
-- Up-to-date: /mission_planning_ws/install/mocap4r2_msgs/include/mocap4r2_msgs/mocap4r2_msgs/msg/detail/marker__type_support.cpp
-- Up-to-date: /mission_planning_ws/install/mocap4r2_msgs/include/mocap4r2_msgs/mocap4r2_msgs/msg/detail/imus_info__rosidl_typesupport_introspection_cpp.hpp
-- Up-to-date: /mission_planning_ws/install/mocap4r2_msgs/include/mocap4r2_msgs/mocap4r2_msgs/msg/detail/marker__rosidl_typesupport_introspection_cpp.hpp
-- Up-to-date: /mission_planning_ws/install/mocap4r2_msgs/include/mocap4r2_msgs/mocap4r2_msgs/msg/detail/rigid_body__rosidl_typesupport_introspection_cpp.hpp
-- Up-to-date: /mission_planning_ws/install/mocap4r2_msgs/include/mocap4r2_msgs/mocap4r2_msgs/msg/detail/markers__type_support.cpp
-- Up-to-date: /mission_planning_ws/install/mocap4r2_msgs/include/mocap4r2_msgs/mocap4r2_msgs/msg/detail/rigid_bodies__type_support.cpp
-- Up-to-date: /mission_planning_ws/install/mocap4r2_msgs/include/mocap4r2_msgs/mocap4r2_msgs/msg/detail/rigid_body__type_support.cpp
-- Up-to-date: /mission_planning_ws/install/mocap4r2_msgs/include/mocap4r2_msgs/mocap4r2_msgs/msg/detail/rigid_bodies__rosidl_typesupport_introspection_cpp.hpp
-- Up-to-date: /mission_planning_ws/install/mocap4r2_msgs/include/mocap4r2_msgs/mocap4r2_msgs/msg/detail/markers__rosidl_typesupport_introspection_cpp.hpp
-- Up-to-date: /mission_planning_ws/install/mocap4r2_msgs/include/mocap4r2_msgs/mocap4r2_msgs/msg/detail/imus_info__type_support.cpp
-- Up-to-date: /mission_planning_ws/install/mocap4r2_msgs/lib/libmocap4r2_msgs__rosidl_typesupport_introspection_cpp.so
-- Up-to-date: /mission_planning_ws/install/mocap4r2_msgs/lib/libmocap4r2_msgs__rosidl_typesupport_cpp.so
-- Up-to-date: /mission_planning_ws/install/mocap4r2_msgs/share/mocap4r2_msgs/environment/pythonpath.sh
-- Up-to-date: /mission_planning_ws/install/mocap4r2_msgs/share/mocap4r2_msgs/environment/pythonpath.dsv
-- Up-to-date: /mission_planning_ws/install/mocap4r2_msgs/local/lib/python3.10/dist-packages/mocap4r2_msgs-0.0.3-py3.10.egg-info
-- Installing: /mission_planning_ws/install/mocap4r2_msgs/local/lib/python3.10/dist-packages/mocap4r2_msgs-0.0.3-py3.10.egg-info/dependency_links.txt
-- Installing: /mission_planning_ws/install/mocap4r2_msgs/local/lib/python3.10/dist-packages/mocap4r2_msgs-0.0.3-py3.10.egg-info/PKG-INFO
-- Installing: /mission_planning_ws/install/mocap4r2_msgs/local/lib/python3.10/dist-packages/mocap4r2_msgs-0.0.3-py3.10.egg-info/top_level.txt
-- Installing: /mission_planning_ws/install/mocap4r2_msgs/local/lib/python3.10/dist-packages/mocap4r2_msgs-0.0.3-py3.10.egg-info/SOURCES.txt
-- Up-to-date: /mission_planning_ws/install/mocap4r2_msgs/local/lib/python3.10/dist-packages/mocap4r2_msgs
-- Up-to-date: /mission_planning_ws/install/mocap4r2_msgs/local/lib/python3.10/dist-packages/mocap4r2_msgs/__init__.py
-- Up-to-date: /mission_planning_ws/install/mocap4r2_msgs/local/lib/python3.10/dist-packages/mocap4r2_msgs/_mocap4r2_msgs_s.ep.rosidl_typesupport_fastrtps_c.c
-- Up-to-date: /mission_planning_ws/install/mocap4r2_msgs/local/lib/python3.10/dist-packages/mocap4r2_msgs/mocap4r2_msgs_s__rosidl_typesupport_fastrtps_c.cpython-310-x86_64-linux-gnu.so
-- Up-to-date: /mission_planning_ws/install/mocap4r2_msgs/local/lib/python3.10/dist-packages/mocap4r2_msgs/_mocap4r2_msgs_s.ep.rosidl_typesupport_introspection_c.c
-- Up-to-date: /mission_planning_ws/install/mocap4r2_msgs/local/lib/python3.10/dist-packages/mocap4r2_msgs/mocap4r2_msgs_s__rosidl_typesupport_c.cpython-310-x86_64-linux-gnu.so
-- Up-to-date: /mission_planning_ws/install/mocap4r2_msgs/local/lib/python3.10/dist-packages/mocap4r2_msgs/msg
-- Up-to-date: /mission_planning_ws/install/mocap4r2_msgs/local/lib/python3.10/dist-packages/mocap4r2_msgs/msg/__init__.py
-- Up-to-date: /mission_planning_ws/install/mocap4r2_msgs/local/lib/python3.10/dist-packages/mocap4r2_msgs/msg/_rigid_bodies.py
-- Up-to-date: /mission_planning_ws/install/mocap4r2_msgs/local/lib/python3.10/dist-packages/mocap4r2_msgs/msg/_rigid_body.py
-- Up-to-date: /mission_planning_ws/install/mocap4r2_msgs/local/lib/python3.10/dist-packages/mocap4r2_msgs/msg/_imus_info.py
-- Up-to-date: /mission_planning_ws/install/mocap4r2_msgs/local/lib/python3.10/dist-packages/mocap4r2_msgs/msg/_markers.py
-- Up-to-date: /mission_planning_ws/install/mocap4r2_msgs/local/lib/python3.10/dist-packages/mocap4r2_msgs/msg/_markers_s.c
-- Up-to-date: /mission_planning_ws/install/mocap4r2_msgs/local/lib/python3.10/dist-packages/mocap4r2_msgs/msg/_marker_s.c
-- Up-to-date: /mission_planning_ws/install/mocap4r2_msgs/local/lib/python3.10/dist-packages/mocap4r2_msgs/msg/_marker.py
-- Up-to-date: /mission_planning_ws/install/mocap4r2_msgs/local/lib/python3.10/dist-packages/mocap4r2_msgs/msg/_rigid_body_s.c
-- Up-to-date: /mission_planning_ws/install/mocap4r2_msgs/local/lib/python3.10/dist-packages/mocap4r2_msgs/msg/_rigid_bodies_s.c
-- Up-to-date: /mission_planning_ws/install/mocap4r2_msgs/local/lib/python3.10/dist-packages/mocap4r2_msgs/msg/_imus_info_s.c
-- Up-to-date: /mission_planning_ws/install/mocap4r2_msgs/local/lib/python3.10/dist-packages/mocap4r2_msgs/mocap4r2_msgs_s__rosidl_typesupport_introspection_c.cpython-310-x86_64-linux-gnu.so
-- Up-to-date: /mission_planning_ws/install/mocap4r2_msgs/local/lib/python3.10/dist-packages/mocap4r2_msgs/_mocap4r2_msgs_s.ep.rosidl_typesupport_c.c
-- Up-to-date: /mission_planning_ws/install/mocap4r2_msgs/local/lib/python3.10/dist-packages/mocap4r2_msgs/libmocap4r2_msgs__rosidl_generator_py.so
Listing '/mission_planning_ws/install/mocap4r2_msgs/local/lib/python3.10/dist-packages/mocap4r2_msgs'...
Listing '/mission_planning_ws/install/mocap4r2_msgs/local/lib/python3.10/dist-packages/mocap4r2_msgs/msg'...
-- Up-to-date: /mission_planning_ws/install/mocap4r2_msgs/local/lib/python3.10/dist-packages/mocap4r2_msgs/mocap4r2_msgs_s__rosidl_typesupport_fastrtps_c.cpython-310-x86_64-linux-gnu.so
-- Up-to-date: /mission_planning_ws/install/mocap4r2_msgs/local/lib/python3.10/dist-packages/mocap4r2_msgs/mocap4r2_msgs_s__rosidl_typesupport_introspection_c.cpython-310-x86_64-linux-gnu.so
-- Up-to-date: /mission_planning_ws/install/mocap4r2_msgs/local/lib/python3.10/dist-packages/mocap4r2_msgs/mocap4r2_msgs_s__rosidl_typesupport_c.cpython-310-x86_64-linux-gnu.so
-- Up-to-date: /mission_planning_ws/install/mocap4r2_msgs/lib/libmocap4r2_msgs__rosidl_generator_py.so
-- Up-to-date: /mission_planning_ws/install/mocap4r2_msgs/share/mocap4r2_msgs/msg/Marker.idl
-- Up-to-date: /mission_planning_ws/install/mocap4r2_msgs/share/mocap4r2_msgs/msg/Markers.idl
-- Up-to-date: /mission_planning_ws/install/mocap4r2_msgs/share/mocap4r2_msgs/msg/ImusInfo.idl
-- Up-to-date: /mission_planning_ws/install/mocap4r2_msgs/share/mocap4r2_msgs/msg/RigidBody.idl
-- Up-to-date: /mission_planning_ws/install/mocap4r2_msgs/share/mocap4r2_msgs/msg/RigidBodies.idl
-- Up-to-date: /mission_planning_ws/install/mocap4r2_msgs/share/mocap4r2_msgs/msg/Marker.msg
-- Up-to-date: /mission_planning_ws/install/mocap4r2_msgs/share/mocap4r2_msgs/msg/Markers.msg
-- Up-to-date: /mission_planning_ws/install/mocap4r2_msgs/share/mocap4r2_msgs/msg/ImusInfo.msg
-- Up-to-date: /mission_planning_ws/install/mocap4r2_msgs/share/mocap4r2_msgs/msg/RigidBody.msg
-- Up-to-date: /mission_planning_ws/install/mocap4r2_msgs/share/mocap4r2_msgs/msg/RigidBodies.msg
-- Up-to-date: /mission_planning_ws/install/mocap4r2_msgs/share/mocap4r2_msgs/mocap4r2_bridge_mapping_rule.yaml
-- Up-to-date: /mission_planning_ws/install/mocap4r2_msgs/share/ament_index/resource_index/package_run_dependencies/mocap4r2_msgs
-- Up-to-date: /mission_planning_ws/install/mocap4r2_msgs/share/ament_index/resource_index/parent_prefix_path/mocap4r2_msgs
-- Up-to-date: /mission_planning_ws/install/mocap4r2_msgs/share/mocap4r2_msgs/environment/ament_prefix_path.sh
-- Up-to-date: /mission_planning_ws/install/mocap4r2_msgs/share/mocap4r2_msgs/environment/ament_prefix_path.dsv
-- Up-to-date: /mission_planning_ws/install/mocap4r2_msgs/share/mocap4r2_msgs/environment/path.sh
-- Up-to-date: /mission_planning_ws/install/mocap4r2_msgs/share/mocap4r2_msgs/environment/path.dsv
-- Up-to-date: /mission_planning_ws/install/mocap4r2_msgs/share/mocap4r2_msgs/local_setup.bash
-- Up-to-date: /mission_planning_ws/install/mocap4r2_msgs/share/mocap4r2_msgs/local_setup.sh
-- Up-to-date: /mission_planning_ws/install/mocap4r2_msgs/share/mocap4r2_msgs/local_setup.zsh
-- Up-to-date: /mission_planning_ws/install/mocap4r2_msgs/share/mocap4r2_msgs/local_setup.dsv
-- Installing: /mission_planning_ws/install/mocap4r2_msgs/share/mocap4r2_msgs/package.dsv
-- Up-to-date: /mission_planning_ws/install/mocap4r2_msgs/share/ament_index/resource_index/packages/mocap4r2_msgs
-- Up-to-date: /mission_planning_ws/install/mocap4r2_msgs/share/mocap4r2_msgs/cmake/export_mocap4r2_msgs__rosidl_generator_cExport.cmake
-- Up-to-date: /mission_planning_ws/install/mocap4r2_msgs/share/mocap4r2_msgs/cmake/export_mocap4r2_msgs__rosidl_generator_cExport-noconfig.cmake
-- Up-to-date: /mission_planning_ws/install/mocap4r2_msgs/share/mocap4r2_msgs/cmake/export_mocap4r2_msgs__rosidl_typesupport_fastrtps_cExport.cmake
-- Up-to-date: /mission_planning_ws/install/mocap4r2_msgs/share/mocap4r2_msgs/cmake/export_mocap4r2_msgs__rosidl_typesupport_fastrtps_cExport-noconfig.cmake
-- Up-to-date: /mission_planning_ws/install/mocap4r2_msgs/share/mocap4r2_msgs/cmake/mocap4r2_msgs__rosidl_typesupport_introspection_cExport.cmake
-- Up-to-date: /mission_planning_ws/install/mocap4r2_msgs/share/mocap4r2_msgs/cmake/mocap4r2_msgs__rosidl_typesupport_introspection_cExport-noconfig.cmake
-- Up-to-date: /mission_planning_ws/install/mocap4r2_msgs/share/mocap4r2_msgs/cmake/mocap4r2_msgs__rosidl_typesupport_cExport.cmake
-- Up-to-date: /mission_planning_ws/install/mocap4r2_msgs/share/mocap4r2_msgs/cmake/mocap4r2_msgs__rosidl_typesupport_cExport-noconfig.cmake
-- Up-to-date: /mission_planning_ws/install/mocap4r2_msgs/share/mocap4r2_msgs/cmake/export_mocap4r2_msgs__rosidl_generator_cppExport.cmake
-- Up-to-date: /mission_planning_ws/install/mocap4r2_msgs/share/mocap4r2_msgs/cmake/export_mocap4r2_msgs__rosidl_typesupport_fastrtps_cppExport.cmake
-- Up-to-date: /mission_planning_ws/install/mocap4r2_msgs/share/mocap4r2_msgs/cmake/export_mocap4r2_msgs__rosidl_typesupport_fastrtps_cppExport-noconfig.cmake
-- Up-to-date: /mission_planning_ws/install/mocap4r2_msgs/share/mocap4r2_msgs/cmake/mocap4r2_msgs__rosidl_typesupport_introspection_cppExport.cmake
-- Up-to-date: /mission_planning_ws/install/mocap4r2_msgs/share/mocap4r2_msgs/cmake/mocap4r2_msgs__rosidl_typesupport_introspection_cppExport-noconfig.cmake
-- Up-to-date: /mission_planning_ws/install/mocap4r2_msgs/share/mocap4r2_msgs/cmake/mocap4r2_msgs__rosidl_typesupport_cppExport.cmake
-- Up-to-date: /mission_planning_ws/install/mocap4r2_msgs/share/mocap4r2_msgs/cmake/mocap4r2_msgs__rosidl_typesupport_cppExport-noconfig.cmake
-- Up-to-date: /mission_planning_ws/install/mocap4r2_msgs/share/mocap4r2_msgs/cmake/export_mocap4r2_msgs__rosidl_generator_pyExport.cmake
-- Up-to-date: /mission_planning_ws/install/mocap4r2_msgs/share/mocap4r2_msgs/cmake/export_mocap4r2_msgs__rosidl_generator_pyExport-noconfig.cmake
-- Up-to-date: /mission_planning_ws/install/mocap4r2_msgs/share/mocap4r2_msgs/cmake/rosidl_cmake-extras.cmake
-- Up-to-date: /mission_planning_ws/install/mocap4r2_msgs/share/mocap4r2_msgs/cmake/ament_cmake_export_dependencies-extras.cmake
-- Up-to-date: /mission_planning_ws/install/mocap4r2_msgs/share/mocap4r2_msgs/cmake/ament_cmake_export_include_directories-extras.cmake
-- Up-to-date: /mission_planning_ws/install/mocap4r2_msgs/share/mocap4r2_msgs/cmake/ament_cmake_export_libraries-extras.cmake
-- Up-to-date: /mission_planning_ws/install/mocap4r2_msgs/share/mocap4r2_msgs/cmake/ament_cmake_export_targets-extras.cmake
-- Up-to-date: /mission_planning_ws/install/mocap4r2_msgs/share/mocap4r2_msgs/cmake/rosidl_cmake_export_typesupport_targets-extras.cmake
-- Up-to-date: /mission_planning_ws/install/mocap4r2_msgs/share/mocap4r2_msgs/cmake/rosidl_cmake_export_typesupport_libraries-extras.cmake
-- Up-to-date: /mission_planning_ws/install/mocap4r2_msgs/share/mocap4r2_msgs/cmake/mocap4r2_msgsConfig.cmake
-- Up-to-date: /mission_planning_ws/install/mocap4r2_msgs/share/mocap4r2_msgs/cmake/mocap4r2_msgsConfig-version.cmake
-- Up-to-date: /mission_planning_ws/install/mocap4r2_msgs/share/mocap4r2_msgs/package.xml
