-- The C compiler identification is GNU 11.4.0
-- The CXX compiler identification is GNU 11.4.0
-- Detecting C compiler ABI info
-- Detecting C compiler ABI info - done
-- Check for working C compiler: /usr/bin/cc - skipped
-- Detecting C compile features
-- Detecting C compile features - done
-- Detecting CXX compiler ABI info
-- Detecting CXX compiler ABI info - done
-- Check for working CXX compiler: /usr/bin/c++ - skipped
-- Detecting CXX compile features
-- Detecting CXX compile features - done
-- Found ament_cmake: 1.3.11 (/opt/ros/humble/share/ament_cmake/cmake)
-- Found Python3: /usr/bin/python3 (found version "3.10.12") found components: Interpreter 
-- Found ament_cmake_ros: 0.10.0 (/opt/ros/humble/share/ament_cmake_ros/cmake)
-- Found rclcpp: 16.0.11 (/opt/ros/humble/share/rclcpp/cmake)
-- Found rosidl_generator_c: 3.1.6 (/opt/ros/humble/share/rosidl_generator_c/cmake)
-- Found rosidl_adapter: 3.1.6 (/opt/ros/humble/share/rosidl_adapter/cmake)
-- Found rosidl_generator_cpp: 3.1.6 (/opt/ros/humble/share/rosidl_generator_cpp/cmake)
-- Using all available rosidl_typesupport_c: rosidl_typesupport_fastrtps_c;rosidl_typesupport_introspection_c
-- Using all available rosidl_typesupport_cpp: rosidl_typesupport_fastrtps_cpp;rosidl_typesupport_introspection_cpp
-- Found rmw_implementation_cmake: 6.1.2 (/opt/ros/humble/share/rmw_implementation_cmake/cmake)
-- Found rmw_fastrtps_cpp: 6.2.7 (/opt/ros/humble/share/rmw_fastrtps_cpp/cmake)
-- Found OpenSSL: /usr/lib/x86_64-linux-gnu/libcrypto.so (found version "3.0.2")  
-- Found FastRTPS: /opt/ros/humble/include  
-- Using RMW implementation 'rmw_fastrtps_cpp' as default
-- Looking for pthread.h
-- Looking for pthread.h - found
-- Performing Test CMAKE_HAVE_LIBC_PTHREAD
-- Performing Test CMAKE_HAVE_LIBC_PTHREAD - Success
-- Found Threads: TRUE  
-- Found as2_core: 1.1.2 (/mission_planning_ws/install/as2_core/share/as2_core/cmake)
-- Found eigen3_cmake_module: 0.1.1 (/opt/ros/humble/share/eigen3_cmake_module/cmake)
-- Found Eigen3: TRUE (found version "3.4.0") 
-- Ensuring Eigen3 include directory is part of orocos-kdl CMake target
-- Found as2_gazebo_assets: 1.1.2 (/mission_planning_ws/install/as2_gazebo_assets/share/as2_gazebo_assets/cmake)
-- Found ament_lint_auto: 0.12.11 (/opt/ros/humble/share/ament_lint_auto/cmake)
-- Found gtest sources under '/opt/ros/humble/src/gtest_vendor': C++ tests using 'Google Test' will be built
-- Added test 'copyright' to check source files copyright and LICENSE
-- Added test 'cppcheck' to perform static code analysis on C / C++ code
-- Configured cppcheck include dirs: /mission_planning_ws/src/aerostack2/as2_aerial_platforms/as2_platform_gazebo/include;/mission_planning_ws/src/aerostack2/as2_aerial_platforms/as2_platform_gazebo/include/as2_platform_gazebo
-- Configured cppcheck exclude dirs and/or files: 
-- Added test 'cpplint' to check C / C++ code against the Google style
-- Configured cpplint exclude dirs and/or files: 
-- Added test 'flake8' to check Python code syntax and style conventions
-- Added test 'lint_cmake' to check CMake code style
-- Added test 'pep257' to check Python code against some of the docstring style conventions in PEP 257
-- Added test 'uncrustify' to check C / C++ code style
-- Configured uncrustify additional arguments: 
-- Added test 'xmllint' to check XML markup files
-- Configuring done
-- Generating done
-- Build files have been written to: /mission_planning_ws/build/as2_platform_gazebo
[  9%] [32mBuilding CXX object gtest/CMakeFiles/gtest.dir/src/gtest-all.cc.o[0m
[ 18%] [32mBuilding CXX object CMakeFiles/as2_platform_gazebo.dir/src/as2_platform_gazebo.cpp.o[0m
[ 27%] [32mBuilding CXX object CMakeFiles/as2_platform_gazebo_node.dir/src/as2_platform_gazebo.cpp.o[0m
[ 36%] [32mBuilding CXX object gtest/CMakeFiles/gtest_main.dir/src/gtest_main.cc.o[0m
[ 45%] [32mBuilding CXX object CMakeFiles/as2_platform_gazebo_node.dir/src/as2_platform_gazebo_node.cpp.o[0m
[ 54%] [32m[1mLinking CXX static library libgtest_main.a[0m
[ 54%] Built target gtest_main
[ 63%] [32m[1mLinking CXX static library libgtest.a[0m
[ 63%] Built target gtest
[ 72%] [32m[1mLinking CXX executable as2_platform_gazebo_node[0m
[ 72%] Built target as2_platform_gazebo_node
[ 81%] [32m[1mLinking CXX static library libas2_platform_gazebo.a[0m
[ 81%] Built target as2_platform_gazebo
[ 90%] [32mBuilding CXX object tests/CMakeFiles/as2_platform_gazebo_as2_platform_gazebo_gtest.dir/as2_platform_gazebo_gtest.cpp.o[0m
[100%] [32m[1mLinking CXX executable as2_platform_gazebo_as2_platform_gazebo_gtest[0m
[100%] Built target as2_platform_gazebo_as2_platform_gazebo_gtest
-- Install configuration: "Release"
-- Installing: /mission_planning_ws/install/as2_platform_gazebo/include
-- Installing: /mission_planning_ws/install/as2_platform_gazebo/include/as2_platform_gazebo
-- Installing: /mission_planning_ws/install/as2_platform_gazebo/include/as2_platform_gazebo/as2_platform_gazebo.hpp
-- Installing: /mission_planning_ws/install/as2_platform_gazebo/lib/as2_platform_gazebo/as2_platform_gazebo_node
-- Set runtime path of "/mission_planning_ws/install/as2_platform_gazebo/lib/as2_platform_gazebo/as2_platform_gazebo_node" to ""
-- Installing: /mission_planning_ws/install/as2_platform_gazebo/lib/libas2_platform_gazebo.a
-- Installing: /mission_planning_ws/install/as2_platform_gazebo/share/as2_platform_gazebo/launch
-- Installing: /mission_planning_ws/install/as2_platform_gazebo/share/as2_platform_gazebo/launch/platform_gazebo_launch.py
-- Installing: /mission_planning_ws/install/as2_platform_gazebo/share/as2_platform_gazebo/config
-- Installing: /mission_planning_ws/install/as2_platform_gazebo/share/as2_platform_gazebo/config/control_modes.yaml
-- Installing: /mission_planning_ws/install/as2_platform_gazebo/share/as2_platform_gazebo/config/platform_config_file.yaml
-- Installing: /mission_planning_ws/install/as2_platform_gazebo/share/as2_platform_gazebo/config/control_modes_acro.yaml
-- Installing: /mission_planning_ws/install/as2_platform_gazebo/share/ament_index/resource_index/package_run_dependencies/as2_platform_gazebo
-- Installing: /mission_planning_ws/install/as2_platform_gazebo/share/ament_index/resource_index/parent_prefix_path/as2_platform_gazebo
-- Installing: /mission_planning_ws/install/as2_platform_gazebo/share/as2_platform_gazebo/environment/ament_prefix_path.sh
-- Installing: /mission_planning_ws/install/as2_platform_gazebo/share/as2_platform_gazebo/environment/ament_prefix_path.dsv
-- Installing: /mission_planning_ws/install/as2_platform_gazebo/share/as2_platform_gazebo/environment/path.sh
-- Installing: /mission_planning_ws/install/as2_platform_gazebo/share/as2_platform_gazebo/environment/path.dsv
-- Installing: /mission_planning_ws/install/as2_platform_gazebo/share/as2_platform_gazebo/local_setup.bash
-- Installing: /mission_planning_ws/install/as2_platform_gazebo/share/as2_platform_gazebo/local_setup.sh
-- Installing: /mission_planning_ws/install/as2_platform_gazebo/share/as2_platform_gazebo/local_setup.zsh
-- Installing: /mission_planning_ws/install/as2_platform_gazebo/share/as2_platform_gazebo/local_setup.dsv
-- Installing: /mission_planning_ws/install/as2_platform_gazebo/share/as2_platform_gazebo/package.dsv
-- Installing: /mission_planning_ws/install/as2_platform_gazebo/share/ament_index/resource_index/packages/as2_platform_gazebo
-- Installing: /mission_planning_ws/install/as2_platform_gazebo/share/as2_platform_gazebo/cmake/as2_platform_gazeboConfig.cmake
-- Installing: /mission_planning_ws/install/as2_platform_gazebo/share/as2_platform_gazebo/cmake/as2_platform_gazeboConfig-version.cmake
-- Installing: /mission_planning_ws/install/as2_platform_gazebo/share/as2_platform_gazebo/package.xml
