[0.035s] Invoking command in '/mission_planning_ws/build/as2_platform_gazebo': AMENT_PREFIX_PATH=/mission_planning_ws/install/as2_gazebo_assets:/mission_planning_ws/install/as2_core:/mission_planning_ws/install/as2_msgs:${AMENT_PREFIX_PATH} CMAKE_PREFIX_PATH=/mission_planning_ws/install/as2_gazebo_assets:/mission_planning_ws/install/as2_core:/mission_planning_ws/install/as2_msgs:/root/project_gazebo_ws/install/aerostack2:/root/project_gazebo_ws/install/as2_usb_camera_interface:/root/project_gazebo_ws/install/as2_state_estimator:/root/project_gazebo_ws/install/as2_rviz_plugins:/root/project_gazebo_ws/install/as2_realsense_interface:/root/project_gazebo_ws/install/as2_platform_multirotor_simulator:/root/project_gazebo_ws/install/as2_platform_gazebo:/root/project_gazebo_ws/install/as2_motion_controller:/root/project_gazebo_ws/install/as2_behaviors_trajectory_generation:/root/project_gazebo_ws/install/as2_behaviors_motion:/root/project_gazebo_ws/install/as2_motion_reference_handlers:/root/project_gazebo_ws/install/as2_map_server:/root/project_gazebo_ws/install/as2_geozones:/root/project_gazebo_ws/install/as2_gazebo_assets:/root/project_gazebo_ws/install/as2_external_object_to_tf:/root/project_gazebo_ws/install/as2_behaviors_platform:/root/project_gazebo_ws/install/as2_behaviors_perception:/root/project_gazebo_ws/install/as2_behaviors_path_planning:/root/project_gazebo_ws/install/as2_behavior_tree:/root/project_gazebo_ws/install/as2_behavior:/root/project_gazebo_ws/install/as2_alphanumeric_viewer:/root/project_gazebo_ws/install/as2_core:/root/project_gazebo_ws/install/as2_msgs:/root/project_gazebo_ws/install/as2_cli:/root/project_gazebo_ws/install/as2_visualization:/root/project_gazebo_ws/install/as2_keyboard_teleoperation:/root/project_gazebo_ws/install/as2_python_api:/opt/ros/humble GZ_SIM_RESOURCE_PATH=/mission_planning_ws/install/as2_gazebo_assets/share/as2_ign_gazebo_assets/worlds:/mission_planning_ws/install/as2_gazebo_assets/share/as2_ign_gazebo_assets/models:${GZ_SIM_RESOURCE_PATH} GZ_SIM_SYSTEM_PLUGIN_PATH=/mission_planning_ws/install/as2_gazebo_assets/lib:${GZ_SIM_SYSTEM_PLUGIN_PATH} GZ_VERSION=@GZ_VERSION@ LD_LIBRARY_PATH=/mission_planning_ws/install/as2_gazebo_assets/lib:/mission_planning_ws/install/as2_core/lib:/mission_planning_ws/install/as2_msgs/lib:${LD_LIBRARY_PATH} PYTHONPATH=/mission_planning_ws/install/as2_gazebo_assets/local/lib/python3.10/dist-packages:/mission_planning_ws/install/as2_core/local/lib/python3.10/dist-packages:/mission_planning_ws/install/as2_msgs/local/lib/python3.10/dist-packages:${PYTHONPATH} /usr/bin/cmake /mission_planning_ws/src/aerostack2/as2_aerial_platforms/as2_platform_gazebo -DCMAKE_INSTALL_PREFIX=/mission_planning_ws/install/as2_platform_gazebo
[0.168s] -- The C compiler identification is GNU 11.4.0
[0.288s] -- The CXX compiler identification is GNU 11.4.0
[0.300s] -- Detecting C compiler ABI info
[0.424s] -- Detecting C compiler ABI info - done
[0.434s] -- Check for working C compiler: /usr/bin/cc - skipped
[0.434s] -- Detecting C compile features
[0.434s] -- Detecting C compile features - done
[0.439s] -- Detecting CXX compiler ABI info
[0.613s] -- Detecting CXX compiler ABI info - done
[0.624s] -- Check for working CXX compiler: /usr/bin/c++ - skipped
[0.628s] -- Detecting CXX compile features
[0.628s] -- Detecting CXX compile features - done
[0.646s] -- Found ament_cmake: 1.3.11 (/opt/ros/humble/share/ament_cmake/cmake)
[1.041s] -- Found Python3: /usr/bin/python3 (found version "3.10.12") found components: Interpreter 
[1.445s] -- Found ament_cmake_ros: 0.10.0 (/opt/ros/humble/share/ament_cmake_ros/cmake)
[1.528s] -- Found rclcpp: 16.0.11 (/opt/ros/humble/share/rclcpp/cmake)
[1.737s] -- Found rosidl_generator_c: 3.1.6 (/opt/ros/humble/share/rosidl_generator_c/cmake)
[1.765s] -- Found rosidl_adapter: 3.1.6 (/opt/ros/humble/share/rosidl_adapter/cmake)
[1.799s] -- Found rosidl_generator_cpp: 3.1.6 (/opt/ros/humble/share/rosidl_generator_cpp/cmake)
[1.837s] -- Using all available rosidl_typesupport_c: rosidl_typesupport_fastrtps_c;rosidl_typesupport_introspection_c
[1.875s] -- Using all available rosidl_typesupport_cpp: rosidl_typesupport_fastrtps_cpp;rosidl_typesupport_introspection_cpp
[1.984s] -- Found rmw_implementation_cmake: 6.1.2 (/opt/ros/humble/share/rmw_implementation_cmake/cmake)
[1.994s] -- Found rmw_fastrtps_cpp: 6.2.7 (/opt/ros/humble/share/rmw_fastrtps_cpp/cmake)
[2.181s] -- Found OpenSSL: /usr/lib/x86_64-linux-gnu/libcrypto.so (found version "3.0.2")  
[2.250s] -- Found FastRTPS: /opt/ros/humble/include  
[2.355s] -- Using RMW implementation 'rmw_fastrtps_cpp' as default
[2.414s] -- Looking for pthread.h
[2.549s] -- Looking for pthread.h - found
[2.549s] -- Performing Test CMAKE_HAVE_LIBC_PTHREAD
[2.674s] -- Performing Test CMAKE_HAVE_LIBC_PTHREAD - Success
[2.676s] -- Found Threads: TRUE  
[2.791s] -- Found as2_core: 1.1.2 (/mission_planning_ws/install/as2_core/share/as2_core/cmake)
[3.114s] -- Found eigen3_cmake_module: 0.1.1 (/opt/ros/humble/share/eigen3_cmake_module/cmake)
[3.117s] -- Found Eigen3: TRUE (found version "3.4.0") 
[3.117s] -- Ensuring Eigen3 include directory is part of orocos-kdl CMake target
[3.435s] -- Found as2_gazebo_assets: 1.1.2 (/mission_planning_ws/install/as2_gazebo_assets/share/as2_gazebo_assets/cmake)
[3.449s] -- Found ament_lint_auto: 0.12.11 (/opt/ros/humble/share/ament_lint_auto/cmake)
[3.602s] -- Found gtest sources under '/opt/ros/humble/src/gtest_vendor': C++ tests using 'Google Test' will be built
[3.613s] -- Added test 'copyright' to check source files copyright and LICENSE
[3.617s] -- Added test 'cppcheck' to perform static code analysis on C / C++ code
[3.617s] -- Configured cppcheck include dirs: /mission_planning_ws/src/aerostack2/as2_aerial_platforms/as2_platform_gazebo/include;/mission_planning_ws/src/aerostack2/as2_aerial_platforms/as2_platform_gazebo/include/as2_platform_gazebo
[3.618s] -- Configured cppcheck exclude dirs and/or files: 
[3.621s] -- Added test 'cpplint' to check C / C++ code against the Google style
[3.621s] -- Configured cpplint exclude dirs and/or files: 
[3.622s] -- Added test 'flake8' to check Python code syntax and style conventions
[3.623s] -- Added test 'lint_cmake' to check CMake code style
[3.624s] -- Added test 'pep257' to check Python code against some of the docstring style conventions in PEP 257
[3.626s] -- Added test 'uncrustify' to check C / C++ code style
[3.626s] -- Configured uncrustify additional arguments: 
[3.627s] -- Added test 'xmllint' to check XML markup files
[3.629s] -- Configuring done
[3.667s] -- Generating done
[3.682s] -- Build files have been written to: /mission_planning_ws/build/as2_platform_gazebo
[3.700s] Invoked command in '/mission_planning_ws/build/as2_platform_gazebo' returned '0': AMENT_PREFIX_PATH=/mission_planning_ws/install/as2_gazebo_assets:/mission_planning_ws/install/as2_core:/mission_planning_ws/install/as2_msgs:${AMENT_PREFIX_PATH} CMAKE_PREFIX_PATH=/mission_planning_ws/install/as2_gazebo_assets:/mission_planning_ws/install/as2_core:/mission_planning_ws/install/as2_msgs:/root/project_gazebo_ws/install/aerostack2:/root/project_gazebo_ws/install/as2_usb_camera_interface:/root/project_gazebo_ws/install/as2_state_estimator:/root/project_gazebo_ws/install/as2_rviz_plugins:/root/project_gazebo_ws/install/as2_realsense_interface:/root/project_gazebo_ws/install/as2_platform_multirotor_simulator:/root/project_gazebo_ws/install/as2_platform_gazebo:/root/project_gazebo_ws/install/as2_motion_controller:/root/project_gazebo_ws/install/as2_behaviors_trajectory_generation:/root/project_gazebo_ws/install/as2_behaviors_motion:/root/project_gazebo_ws/install/as2_motion_reference_handlers:/root/project_gazebo_ws/install/as2_map_server:/root/project_gazebo_ws/install/as2_geozones:/root/project_gazebo_ws/install/as2_gazebo_assets:/root/project_gazebo_ws/install/as2_external_object_to_tf:/root/project_gazebo_ws/install/as2_behaviors_platform:/root/project_gazebo_ws/install/as2_behaviors_perception:/root/project_gazebo_ws/install/as2_behaviors_path_planning:/root/project_gazebo_ws/install/as2_behavior_tree:/root/project_gazebo_ws/install/as2_behavior:/root/project_gazebo_ws/install/as2_alphanumeric_viewer:/root/project_gazebo_ws/install/as2_core:/root/project_gazebo_ws/install/as2_msgs:/root/project_gazebo_ws/install/as2_cli:/root/project_gazebo_ws/install/as2_visualization:/root/project_gazebo_ws/install/as2_keyboard_teleoperation:/root/project_gazebo_ws/install/as2_python_api:/opt/ros/humble GZ_SIM_RESOURCE_PATH=/mission_planning_ws/install/as2_gazebo_assets/share/as2_ign_gazebo_assets/worlds:/mission_planning_ws/install/as2_gazebo_assets/share/as2_ign_gazebo_assets/models:${GZ_SIM_RESOURCE_PATH} GZ_SIM_SYSTEM_PLUGIN_PATH=/mission_planning_ws/install/as2_gazebo_assets/lib:${GZ_SIM_SYSTEM_PLUGIN_PATH} GZ_VERSION=@GZ_VERSION@ LD_LIBRARY_PATH=/mission_planning_ws/install/as2_gazebo_assets/lib:/mission_planning_ws/install/as2_core/lib:/mission_planning_ws/install/as2_msgs/lib:${LD_LIBRARY_PATH} PYTHONPATH=/mission_planning_ws/install/as2_gazebo_assets/local/lib/python3.10/dist-packages:/mission_planning_ws/install/as2_core/local/lib/python3.10/dist-packages:/mission_planning_ws/install/as2_msgs/local/lib/python3.10/dist-packages:${PYTHONPATH} /usr/bin/cmake /mission_planning_ws/src/aerostack2/as2_aerial_platforms/as2_platform_gazebo -DCMAKE_INSTALL_PREFIX=/mission_planning_ws/install/as2_platform_gazebo
[3.703s] Invoking command in '/mission_planning_ws/build/as2_platform_gazebo': AMENT_PREFIX_PATH=/mission_planning_ws/install/as2_gazebo_assets:/mission_planning_ws/install/as2_core:/mission_planning_ws/install/as2_msgs:${AMENT_PREFIX_PATH} CMAKE_PREFIX_PATH=/mission_planning_ws/install/as2_gazebo_assets:/mission_planning_ws/install/as2_core:/mission_planning_ws/install/as2_msgs:/root/project_gazebo_ws/install/aerostack2:/root/project_gazebo_ws/install/as2_usb_camera_interface:/root/project_gazebo_ws/install/as2_state_estimator:/root/project_gazebo_ws/install/as2_rviz_plugins:/root/project_gazebo_ws/install/as2_realsense_interface:/root/project_gazebo_ws/install/as2_platform_multirotor_simulator:/root/project_gazebo_ws/install/as2_platform_gazebo:/root/project_gazebo_ws/install/as2_motion_controller:/root/project_gazebo_ws/install/as2_behaviors_trajectory_generation:/root/project_gazebo_ws/install/as2_behaviors_motion:/root/project_gazebo_ws/install/as2_motion_reference_handlers:/root/project_gazebo_ws/install/as2_map_server:/root/project_gazebo_ws/install/as2_geozones:/root/project_gazebo_ws/install/as2_gazebo_assets:/root/project_gazebo_ws/install/as2_external_object_to_tf:/root/project_gazebo_ws/install/as2_behaviors_platform:/root/project_gazebo_ws/install/as2_behaviors_perception:/root/project_gazebo_ws/install/as2_behaviors_path_planning:/root/project_gazebo_ws/install/as2_behavior_tree:/root/project_gazebo_ws/install/as2_behavior:/root/project_gazebo_ws/install/as2_alphanumeric_viewer:/root/project_gazebo_ws/install/as2_core:/root/project_gazebo_ws/install/as2_msgs:/root/project_gazebo_ws/install/as2_cli:/root/project_gazebo_ws/install/as2_visualization:/root/project_gazebo_ws/install/as2_keyboard_teleoperation:/root/project_gazebo_ws/install/as2_python_api:/opt/ros/humble GZ_SIM_RESOURCE_PATH=/mission_planning_ws/install/as2_gazebo_assets/share/as2_ign_gazebo_assets/worlds:/mission_planning_ws/install/as2_gazebo_assets/share/as2_ign_gazebo_assets/models:${GZ_SIM_RESOURCE_PATH} GZ_SIM_SYSTEM_PLUGIN_PATH=/mission_planning_ws/install/as2_gazebo_assets/lib:${GZ_SIM_SYSTEM_PLUGIN_PATH} GZ_VERSION=@GZ_VERSION@ LD_LIBRARY_PATH=/mission_planning_ws/install/as2_gazebo_assets/lib:/mission_planning_ws/install/as2_core/lib:/mission_planning_ws/install/as2_msgs/lib:${LD_LIBRARY_PATH} PYTHONPATH=/mission_planning_ws/install/as2_gazebo_assets/local/lib/python3.10/dist-packages:/mission_planning_ws/install/as2_core/local/lib/python3.10/dist-packages:/mission_planning_ws/install/as2_msgs/local/lib/python3.10/dist-packages:${PYTHONPATH} /usr/bin/cmake --build /mission_planning_ws/build/as2_platform_gazebo -- -j22 -l22
[3.781s] [  9%] [32mBuilding CXX object gtest/CMakeFiles/gtest.dir/src/gtest-all.cc.o[0m
[3.783s] [ 18%] [32mBuilding CXX object CMakeFiles/as2_platform_gazebo.dir/src/as2_platform_gazebo.cpp.o[0m
[3.785s] [ 27%] [32mBuilding CXX object CMakeFiles/as2_platform_gazebo_node.dir/src/as2_platform_gazebo.cpp.o[0m
[3.787s] [ 36%] [32mBuilding CXX object gtest/CMakeFiles/gtest_main.dir/src/gtest_main.cc.o[0m
[3.789s] [ 45%] [32mBuilding CXX object CMakeFiles/as2_platform_gazebo_node.dir/src/as2_platform_gazebo_node.cpp.o[0m
[5.202s] [ 54%] [32m[1mLinking CXX static library libgtest_main.a[0m
[5.290s] [ 54%] Built target gtest_main
[14.853s] [ 63%] [32m[1mLinking CXX static library libgtest.a[0m
[15.003s] [ 63%] Built target gtest
[26.247s] [ 72%] [32m[1mLinking CXX executable as2_platform_gazebo_node[0m
[26.692s] [ 72%] Built target as2_platform_gazebo_node
[27.017s] [ 81%] [32m[1mLinking CXX static library libas2_platform_gazebo.a[0m
[27.076s] [ 81%] Built target as2_platform_gazebo
[27.102s] [ 90%] [32mBuilding CXX object tests/CMakeFiles/as2_platform_gazebo_as2_platform_gazebo_gtest.dir/as2_platform_gazebo_gtest.cpp.o[0m
[33.493s] [100%] [32m[1mLinking CXX executable as2_platform_gazebo_as2_platform_gazebo_gtest[0m
[33.959s] [100%] Built target as2_platform_gazebo_as2_platform_gazebo_gtest
[33.976s] Invoked command in '/mission_planning_ws/build/as2_platform_gazebo' returned '0': AMENT_PREFIX_PATH=/mission_planning_ws/install/as2_gazebo_assets:/mission_planning_ws/install/as2_core:/mission_planning_ws/install/as2_msgs:${AMENT_PREFIX_PATH} CMAKE_PREFIX_PATH=/mission_planning_ws/install/as2_gazebo_assets:/mission_planning_ws/install/as2_core:/mission_planning_ws/install/as2_msgs:/root/project_gazebo_ws/install/aerostack2:/root/project_gazebo_ws/install/as2_usb_camera_interface:/root/project_gazebo_ws/install/as2_state_estimator:/root/project_gazebo_ws/install/as2_rviz_plugins:/root/project_gazebo_ws/install/as2_realsense_interface:/root/project_gazebo_ws/install/as2_platform_multirotor_simulator:/root/project_gazebo_ws/install/as2_platform_gazebo:/root/project_gazebo_ws/install/as2_motion_controller:/root/project_gazebo_ws/install/as2_behaviors_trajectory_generation:/root/project_gazebo_ws/install/as2_behaviors_motion:/root/project_gazebo_ws/install/as2_motion_reference_handlers:/root/project_gazebo_ws/install/as2_map_server:/root/project_gazebo_ws/install/as2_geozones:/root/project_gazebo_ws/install/as2_gazebo_assets:/root/project_gazebo_ws/install/as2_external_object_to_tf:/root/project_gazebo_ws/install/as2_behaviors_platform:/root/project_gazebo_ws/install/as2_behaviors_perception:/root/project_gazebo_ws/install/as2_behaviors_path_planning:/root/project_gazebo_ws/install/as2_behavior_tree:/root/project_gazebo_ws/install/as2_behavior:/root/project_gazebo_ws/install/as2_alphanumeric_viewer:/root/project_gazebo_ws/install/as2_core:/root/project_gazebo_ws/install/as2_msgs:/root/project_gazebo_ws/install/as2_cli:/root/project_gazebo_ws/install/as2_visualization:/root/project_gazebo_ws/install/as2_keyboard_teleoperation:/root/project_gazebo_ws/install/as2_python_api:/opt/ros/humble GZ_SIM_RESOURCE_PATH=/mission_planning_ws/install/as2_gazebo_assets/share/as2_ign_gazebo_assets/worlds:/mission_planning_ws/install/as2_gazebo_assets/share/as2_ign_gazebo_assets/models:${GZ_SIM_RESOURCE_PATH} GZ_SIM_SYSTEM_PLUGIN_PATH=/mission_planning_ws/install/as2_gazebo_assets/lib:${GZ_SIM_SYSTEM_PLUGIN_PATH} GZ_VERSION=@GZ_VERSION@ LD_LIBRARY_PATH=/mission_planning_ws/install/as2_gazebo_assets/lib:/mission_planning_ws/install/as2_core/lib:/mission_planning_ws/install/as2_msgs/lib:${LD_LIBRARY_PATH} PYTHONPATH=/mission_planning_ws/install/as2_gazebo_assets/local/lib/python3.10/dist-packages:/mission_planning_ws/install/as2_core/local/lib/python3.10/dist-packages:/mission_planning_ws/install/as2_msgs/local/lib/python3.10/dist-packages:${PYTHONPATH} /usr/bin/cmake --build /mission_planning_ws/build/as2_platform_gazebo -- -j22 -l22
[33.978s] Invoking command in '/mission_planning_ws/build/as2_platform_gazebo': AMENT_PREFIX_PATH=/mission_planning_ws/install/as2_gazebo_assets:/mission_planning_ws/install/as2_core:/mission_planning_ws/install/as2_msgs:${AMENT_PREFIX_PATH} CMAKE_PREFIX_PATH=/mission_planning_ws/install/as2_gazebo_assets:/mission_planning_ws/install/as2_core:/mission_planning_ws/install/as2_msgs:/root/project_gazebo_ws/install/aerostack2:/root/project_gazebo_ws/install/as2_usb_camera_interface:/root/project_gazebo_ws/install/as2_state_estimator:/root/project_gazebo_ws/install/as2_rviz_plugins:/root/project_gazebo_ws/install/as2_realsense_interface:/root/project_gazebo_ws/install/as2_platform_multirotor_simulator:/root/project_gazebo_ws/install/as2_platform_gazebo:/root/project_gazebo_ws/install/as2_motion_controller:/root/project_gazebo_ws/install/as2_behaviors_trajectory_generation:/root/project_gazebo_ws/install/as2_behaviors_motion:/root/project_gazebo_ws/install/as2_motion_reference_handlers:/root/project_gazebo_ws/install/as2_map_server:/root/project_gazebo_ws/install/as2_geozones:/root/project_gazebo_ws/install/as2_gazebo_assets:/root/project_gazebo_ws/install/as2_external_object_to_tf:/root/project_gazebo_ws/install/as2_behaviors_platform:/root/project_gazebo_ws/install/as2_behaviors_perception:/root/project_gazebo_ws/install/as2_behaviors_path_planning:/root/project_gazebo_ws/install/as2_behavior_tree:/root/project_gazebo_ws/install/as2_behavior:/root/project_gazebo_ws/install/as2_alphanumeric_viewer:/root/project_gazebo_ws/install/as2_core:/root/project_gazebo_ws/install/as2_msgs:/root/project_gazebo_ws/install/as2_cli:/root/project_gazebo_ws/install/as2_visualization:/root/project_gazebo_ws/install/as2_keyboard_teleoperation:/root/project_gazebo_ws/install/as2_python_api:/opt/ros/humble GZ_SIM_RESOURCE_PATH=/mission_planning_ws/install/as2_gazebo_assets/share/as2_ign_gazebo_assets/worlds:/mission_planning_ws/install/as2_gazebo_assets/share/as2_ign_gazebo_assets/models:${GZ_SIM_RESOURCE_PATH} GZ_SIM_SYSTEM_PLUGIN_PATH=/mission_planning_ws/install/as2_gazebo_assets/lib:${GZ_SIM_SYSTEM_PLUGIN_PATH} GZ_VERSION=@GZ_VERSION@ LD_LIBRARY_PATH=/mission_planning_ws/install/as2_gazebo_assets/lib:/mission_planning_ws/install/as2_core/lib:/mission_planning_ws/install/as2_msgs/lib:${LD_LIBRARY_PATH} PYTHONPATH=/mission_planning_ws/install/as2_gazebo_assets/local/lib/python3.10/dist-packages:/mission_planning_ws/install/as2_core/local/lib/python3.10/dist-packages:/mission_planning_ws/install/as2_msgs/local/lib/python3.10/dist-packages:${PYTHONPATH} /usr/bin/cmake --install /mission_planning_ws/build/as2_platform_gazebo
[33.990s] -- Install configuration: "Release"
[33.990s] -- Installing: /mission_planning_ws/install/as2_platform_gazebo/include
[33.990s] -- Installing: /mission_planning_ws/install/as2_platform_gazebo/include/as2_platform_gazebo
[33.990s] -- Installing: /mission_planning_ws/install/as2_platform_gazebo/include/as2_platform_gazebo/as2_platform_gazebo.hpp
[33.990s] -- Installing: /mission_planning_ws/install/as2_platform_gazebo/lib/as2_platform_gazebo/as2_platform_gazebo_node
[33.992s] -- Set runtime path of "/mission_planning_ws/install/as2_platform_gazebo/lib/as2_platform_gazebo/as2_platform_gazebo_node" to ""
[33.992s] -- Installing: /mission_planning_ws/install/as2_platform_gazebo/lib/libas2_platform_gazebo.a
[33.994s] -- Installing: /mission_planning_ws/install/as2_platform_gazebo/share/as2_platform_gazebo/launch
[33.994s] -- Installing: /mission_planning_ws/install/as2_platform_gazebo/share/as2_platform_gazebo/launch/platform_gazebo_launch.py
[33.994s] -- Installing: /mission_planning_ws/install/as2_platform_gazebo/share/as2_platform_gazebo/config
[33.995s] -- Installing: /mission_planning_ws/install/as2_platform_gazebo/share/as2_platform_gazebo/config/control_modes.yaml
[33.995s] -- Installing: /mission_planning_ws/install/as2_platform_gazebo/share/as2_platform_gazebo/config/platform_config_file.yaml
[33.995s] -- Installing: /mission_planning_ws/install/as2_platform_gazebo/share/as2_platform_gazebo/config/control_modes_acro.yaml
[33.996s] -- Installing: /mission_planning_ws/install/as2_platform_gazebo/share/ament_index/resource_index/package_run_dependencies/as2_platform_gazebo
[33.996s] -- Installing: /mission_planning_ws/install/as2_platform_gazebo/share/ament_index/resource_index/parent_prefix_path/as2_platform_gazebo
[33.996s] -- Installing: /mission_planning_ws/install/as2_platform_gazebo/share/as2_platform_gazebo/environment/ament_prefix_path.sh
[33.996s] -- Installing: /mission_planning_ws/install/as2_platform_gazebo/share/as2_platform_gazebo/environment/ament_prefix_path.dsv
[33.996s] -- Installing: /mission_planning_ws/install/as2_platform_gazebo/share/as2_platform_gazebo/environment/path.sh
[33.996s] -- Installing: /mission_planning_ws/install/as2_platform_gazebo/share/as2_platform_gazebo/environment/path.dsv
[33.996s] -- Installing: /mission_planning_ws/install/as2_platform_gazebo/share/as2_platform_gazebo/local_setup.bash
[33.996s] -- Installing: /mission_planning_ws/install/as2_platform_gazebo/share/as2_platform_gazebo/local_setup.sh
[33.997s] -- Installing: /mission_planning_ws/install/as2_platform_gazebo/share/as2_platform_gazebo/local_setup.zsh
[33.997s] -- Installing: /mission_planning_ws/install/as2_platform_gazebo/share/as2_platform_gazebo/local_setup.dsv
[33.997s] -- Installing: /mission_planning_ws/install/as2_platform_gazebo/share/as2_platform_gazebo/package.dsv
[33.997s] -- Installing: /mission_planning_ws/install/as2_platform_gazebo/share/ament_index/resource_index/packages/as2_platform_gazebo
[33.997s] -- Installing: /mission_planning_ws/install/as2_platform_gazebo/share/as2_platform_gazebo/cmake/as2_platform_gazeboConfig.cmake
[33.997s] -- Installing: /mission_planning_ws/install/as2_platform_gazebo/share/as2_platform_gazebo/cmake/as2_platform_gazeboConfig-version.cmake
[33.997s] -- Installing: /mission_planning_ws/install/as2_platform_gazebo/share/as2_platform_gazebo/package.xml
[34.000s] Invoked command in '/mission_planning_ws/build/as2_platform_gazebo' returned '0': AMENT_PREFIX_PATH=/mission_planning_ws/install/as2_gazebo_assets:/mission_planning_ws/install/as2_core:/mission_planning_ws/install/as2_msgs:${AMENT_PREFIX_PATH} CMAKE_PREFIX_PATH=/mission_planning_ws/install/as2_gazebo_assets:/mission_planning_ws/install/as2_core:/mission_planning_ws/install/as2_msgs:/root/project_gazebo_ws/install/aerostack2:/root/project_gazebo_ws/install/as2_usb_camera_interface:/root/project_gazebo_ws/install/as2_state_estimator:/root/project_gazebo_ws/install/as2_rviz_plugins:/root/project_gazebo_ws/install/as2_realsense_interface:/root/project_gazebo_ws/install/as2_platform_multirotor_simulator:/root/project_gazebo_ws/install/as2_platform_gazebo:/root/project_gazebo_ws/install/as2_motion_controller:/root/project_gazebo_ws/install/as2_behaviors_trajectory_generation:/root/project_gazebo_ws/install/as2_behaviors_motion:/root/project_gazebo_ws/install/as2_motion_reference_handlers:/root/project_gazebo_ws/install/as2_map_server:/root/project_gazebo_ws/install/as2_geozones:/root/project_gazebo_ws/install/as2_gazebo_assets:/root/project_gazebo_ws/install/as2_external_object_to_tf:/root/project_gazebo_ws/install/as2_behaviors_platform:/root/project_gazebo_ws/install/as2_behaviors_perception:/root/project_gazebo_ws/install/as2_behaviors_path_planning:/root/project_gazebo_ws/install/as2_behavior_tree:/root/project_gazebo_ws/install/as2_behavior:/root/project_gazebo_ws/install/as2_alphanumeric_viewer:/root/project_gazebo_ws/install/as2_core:/root/project_gazebo_ws/install/as2_msgs:/root/project_gazebo_ws/install/as2_cli:/root/project_gazebo_ws/install/as2_visualization:/root/project_gazebo_ws/install/as2_keyboard_teleoperation:/root/project_gazebo_ws/install/as2_python_api:/opt/ros/humble GZ_SIM_RESOURCE_PATH=/mission_planning_ws/install/as2_gazebo_assets/share/as2_ign_gazebo_assets/worlds:/mission_planning_ws/install/as2_gazebo_assets/share/as2_ign_gazebo_assets/models:${GZ_SIM_RESOURCE_PATH} GZ_SIM_SYSTEM_PLUGIN_PATH=/mission_planning_ws/install/as2_gazebo_assets/lib:${GZ_SIM_SYSTEM_PLUGIN_PATH} GZ_VERSION=@GZ_VERSION@ LD_LIBRARY_PATH=/mission_planning_ws/install/as2_gazebo_assets/lib:/mission_planning_ws/install/as2_core/lib:/mission_planning_ws/install/as2_msgs/lib:${LD_LIBRARY_PATH} PYTHONPATH=/mission_planning_ws/install/as2_gazebo_assets/local/lib/python3.10/dist-packages:/mission_planning_ws/install/as2_core/local/lib/python3.10/dist-packages:/mission_planning_ws/install/as2_msgs/local/lib/python3.10/dist-packages:${PYTHONPATH} /usr/bin/cmake --install /mission_planning_ws/build/as2_platform_gazebo
