[0.033s] Invoking command in '/mission_planning_ws/src/build/as2_state_estimator': AMENT_PREFIX_PATH=/mission_planning_ws/src/install/as2_core:/mission_planning_ws/src/install/mocap4r2_msgs:/mission_planning_ws/src/install/as2_msgs:${AMENT_PREFIX_PATH} CMAKE_PREFIX_PATH=/mission_planning_ws/src/install/as2_core:/mission_planning_ws/src/install/mocap4r2_msgs:/mission_planning_ws/src/install/as2_msgs:/root/project_gazebo_ws/install/aerostack2:/root/project_gazebo_ws/install/as2_usb_camera_interface:/root/project_gazebo_ws/install/as2_state_estimator:/root/project_gazebo_ws/install/as2_rviz_plugins:/root/project_gazebo_ws/install/as2_realsense_interface:/root/project_gazebo_ws/install/as2_platform_multirotor_simulator:/root/project_gazebo_ws/install/as2_platform_gazebo:/root/project_gazebo_ws/install/as2_motion_controller:/root/project_gazebo_ws/install/as2_behaviors_trajectory_generation:/root/project_gazebo_ws/install/as2_behaviors_motion:/root/project_gazebo_ws/install/as2_motion_reference_handlers:/root/project_gazebo_ws/install/as2_map_server:/root/project_gazebo_ws/install/as2_geozones:/root/project_gazebo_ws/install/as2_gazebo_assets:/root/project_gazebo_ws/install/as2_external_object_to_tf:/root/project_gazebo_ws/install/as2_behaviors_platform:/root/project_gazebo_ws/install/as2_behaviors_perception:/root/project_gazebo_ws/install/as2_behaviors_path_planning:/root/project_gazebo_ws/install/as2_behavior_tree:/root/project_gazebo_ws/install/as2_behavior:/root/project_gazebo_ws/install/as2_alphanumeric_viewer:/root/project_gazebo_ws/install/as2_core:/root/project_gazebo_ws/install/as2_msgs:/root/project_gazebo_ws/install/as2_cli:/root/project_gazebo_ws/install/as2_visualization:/root/project_gazebo_ws/install/as2_keyboard_teleoperation:/root/project_gazebo_ws/install/as2_python_api:/opt/ros/humble LD_LIBRARY_PATH=/mission_planning_ws/src/install/as2_core/lib:/mission_planning_ws/src/install/mocap4r2_msgs/lib:/mission_planning_ws/src/install/as2_msgs/lib:${LD_LIBRARY_PATH} PYTHONPATH=/mission_planning_ws/src/install/as2_core/local/lib/python3.10/dist-packages:/mission_planning_ws/src/install/mocap4r2_msgs/local/lib/python3.10/dist-packages:/mission_planning_ws/src/install/as2_msgs/local/lib/python3.10/dist-packages:${PYTHONPATH} /usr/bin/cmake /mission_planning_ws/src/aerostack2/as2_state_estimator -DCMAKE_INSTALL_PREFIX=/mission_planning_ws/src/install/as2_state_estimator
[0.084s] -- The C compiler identification is GNU 11.4.0
[0.140s] -- The CXX compiler identification is GNU 11.4.0
[0.149s] -- Detecting C compiler ABI info
[0.223s] -- Detecting C compiler ABI info - done
[0.231s] -- Check for working C compiler: /usr/bin/cc - skipped
[0.231s] -- Detecting C compile features
[0.231s] -- Detecting C compile features - done
[0.235s] -- Detecting CXX compiler ABI info
[0.330s] -- Detecting CXX compiler ABI info - done
[0.338s] -- Check for working CXX compiler: /usr/bin/c++ - skipped
[0.338s] -- Detecting CXX compile features
[0.339s] -- Detecting CXX compile features - done
[0.348s] -- Found ament_cmake: 1.3.11 (/opt/ros/humble/share/ament_cmake/cmake)
[0.568s] -- Found Python3: /usr/bin/python3 (found version "3.10.12") found components: Interpreter 
[0.803s] -- Found rclcpp: 16.0.11 (/opt/ros/humble/share/rclcpp/cmake)
[0.938s] -- Found rosidl_generator_c: 3.1.6 (/opt/ros/humble/share/rosidl_generator_c/cmake)
[0.965s] -- Found rosidl_adapter: 3.1.6 (/opt/ros/humble/share/rosidl_adapter/cmake)
[0.987s] -- Found rosidl_generator_cpp: 3.1.6 (/opt/ros/humble/share/rosidl_generator_cpp/cmake)
[1.013s] -- Using all available rosidl_typesupport_c: rosidl_typesupport_fastrtps_c;rosidl_typesupport_introspection_c
[1.061s] -- Using all available rosidl_typesupport_cpp: rosidl_typesupport_fastrtps_cpp;rosidl_typesupport_introspection_cpp
[1.203s] -- Found rmw_implementation_cmake: 6.1.2 (/opt/ros/humble/share/rmw_implementation_cmake/cmake)
[1.218s] -- Found rmw_fastrtps_cpp: 6.2.7 (/opt/ros/humble/share/rmw_fastrtps_cpp/cmake)
[1.416s] -- Found OpenSSL: /usr/lib/x86_64-linux-gnu/libcrypto.so (found version "3.0.2")  
[1.464s] -- Found FastRTPS: /opt/ros/humble/include  
[1.545s] -- Using RMW implementation 'rmw_fastrtps_cpp' as default
[1.585s] -- Looking for pthread.h
[1.703s] -- Looking for pthread.h - found
[1.704s] -- Performing Test CMAKE_HAVE_LIBC_PTHREAD
[1.789s] -- Performing Test CMAKE_HAVE_LIBC_PTHREAD - Success
[1.791s] -- Found Threads: TRUE  
[1.899s] -- Found pluginlib: 5.1.0 (/opt/ros/humble/share/pluginlib/cmake)
[1.969s] -- Found as2_core: 1.1.2 (/mission_planning_ws/src/install/as2_core/share/as2_core/cmake)
[2.235s] -- Found eigen3_cmake_module: 0.1.1 (/opt/ros/humble/share/eigen3_cmake_module/cmake)
[2.237s] -- Found Eigen3: TRUE (found version "3.4.0") 
[2.237s] -- Ensuring Eigen3 include directory is part of orocos-kdl CMake target
[2.563s] -- Found mocap4r2_msgs: 0.0.3 (/mission_planning_ws/src/install/mocap4r2_msgs/share/mocap4r2_msgs/cmake)
[2.611s] -- Found ament_cmake_gtest: 1.3.11 (/opt/ros/humble/share/ament_cmake_gtest/cmake)
[2.624s] -- Found gtest sources under '/opt/ros/humble/src/gtest_vendor': C++ tests using 'Google Test' will be built
[2.648s] -- Found ament_lint_auto: 0.12.11 (/opt/ros/humble/share/ament_lint_auto/cmake)
[2.882s] -- Found gtest sources under '/opt/ros/humble/src/gtest_vendor': C++ tests using 'Google Test' will be built
[2.899s] -- Added test 'copyright' to check source files copyright and LICENSE
[2.923s] -- Added test 'cppcheck' to perform static code analysis on C / C++ code
[2.924s] -- Configured cppcheck include dirs: /mission_planning_ws/src/aerostack2/as2_state_estimator/include;/mission_planning_ws/src/aerostack2/as2_state_estimator/include/as2_state_estimator;$<BUILD_INTERFACE:/mission_planning_ws/src/aerostack2/as2_state_estimator/include>
[2.924s] -- Configured cppcheck exclude dirs and/or files: 
[2.953s] -- Added test 'cpplint' to check C / C++ code against the Google style
[2.953s] -- Configured cpplint exclude dirs and/or files: 
[2.966s] -- Added test 'flake8' to check Python code syntax and style conventions
[2.975s] -- Added test 'lint_cmake' to check CMake code style
[2.985s] -- Added test 'pep257' to check Python code against some of the docstring style conventions in PEP 257
[3.012s] -- Added test 'uncrustify' to check C / C++ code style
[3.012s] -- Configured uncrustify additional arguments: 
[3.021s] -- Added test 'xmllint' to check XML markup files
[3.036s] -- Configuring done
[3.394s] -- Generating done
[3.446s] -- Build files have been written to: /mission_planning_ws/src/build/as2_state_estimator
[3.490s] Invoked command in '/mission_planning_ws/src/build/as2_state_estimator' returned '0': AMENT_PREFIX_PATH=/mission_planning_ws/src/install/as2_core:/mission_planning_ws/src/install/mocap4r2_msgs:/mission_planning_ws/src/install/as2_msgs:${AMENT_PREFIX_PATH} CMAKE_PREFIX_PATH=/mission_planning_ws/src/install/as2_core:/mission_planning_ws/src/install/mocap4r2_msgs:/mission_planning_ws/src/install/as2_msgs:/root/project_gazebo_ws/install/aerostack2:/root/project_gazebo_ws/install/as2_usb_camera_interface:/root/project_gazebo_ws/install/as2_state_estimator:/root/project_gazebo_ws/install/as2_rviz_plugins:/root/project_gazebo_ws/install/as2_realsense_interface:/root/project_gazebo_ws/install/as2_platform_multirotor_simulator:/root/project_gazebo_ws/install/as2_platform_gazebo:/root/project_gazebo_ws/install/as2_motion_controller:/root/project_gazebo_ws/install/as2_behaviors_trajectory_generation:/root/project_gazebo_ws/install/as2_behaviors_motion:/root/project_gazebo_ws/install/as2_motion_reference_handlers:/root/project_gazebo_ws/install/as2_map_server:/root/project_gazebo_ws/install/as2_geozones:/root/project_gazebo_ws/install/as2_gazebo_assets:/root/project_gazebo_ws/install/as2_external_object_to_tf:/root/project_gazebo_ws/install/as2_behaviors_platform:/root/project_gazebo_ws/install/as2_behaviors_perception:/root/project_gazebo_ws/install/as2_behaviors_path_planning:/root/project_gazebo_ws/install/as2_behavior_tree:/root/project_gazebo_ws/install/as2_behavior:/root/project_gazebo_ws/install/as2_alphanumeric_viewer:/root/project_gazebo_ws/install/as2_core:/root/project_gazebo_ws/install/as2_msgs:/root/project_gazebo_ws/install/as2_cli:/root/project_gazebo_ws/install/as2_visualization:/root/project_gazebo_ws/install/as2_keyboard_teleoperation:/root/project_gazebo_ws/install/as2_python_api:/opt/ros/humble LD_LIBRARY_PATH=/mission_planning_ws/src/install/as2_core/lib:/mission_planning_ws/src/install/mocap4r2_msgs/lib:/mission_planning_ws/src/install/as2_msgs/lib:${LD_LIBRARY_PATH} PYTHONPATH=/mission_planning_ws/src/install/as2_core/local/lib/python3.10/dist-packages:/mission_planning_ws/src/install/mocap4r2_msgs/local/lib/python3.10/dist-packages:/mission_planning_ws/src/install/as2_msgs/local/lib/python3.10/dist-packages:${PYTHONPATH} /usr/bin/cmake /mission_planning_ws/src/aerostack2/as2_state_estimator -DCMAKE_INSTALL_PREFIX=/mission_planning_ws/src/install/as2_state_estimator
[3.491s] Invoking command in '/mission_planning_ws/src/build/as2_state_estimator': AMENT_PREFIX_PATH=/mission_planning_ws/src/install/as2_core:/mission_planning_ws/src/install/mocap4r2_msgs:/mission_planning_ws/src/install/as2_msgs:${AMENT_PREFIX_PATH} CMAKE_PREFIX_PATH=/mission_planning_ws/src/install/as2_core:/mission_planning_ws/src/install/mocap4r2_msgs:/mission_planning_ws/src/install/as2_msgs:/root/project_gazebo_ws/install/aerostack2:/root/project_gazebo_ws/install/as2_usb_camera_interface:/root/project_gazebo_ws/install/as2_state_estimator:/root/project_gazebo_ws/install/as2_rviz_plugins:/root/project_gazebo_ws/install/as2_realsense_interface:/root/project_gazebo_ws/install/as2_platform_multirotor_simulator:/root/project_gazebo_ws/install/as2_platform_gazebo:/root/project_gazebo_ws/install/as2_motion_controller:/root/project_gazebo_ws/install/as2_behaviors_trajectory_generation:/root/project_gazebo_ws/install/as2_behaviors_motion:/root/project_gazebo_ws/install/as2_motion_reference_handlers:/root/project_gazebo_ws/install/as2_map_server:/root/project_gazebo_ws/install/as2_geozones:/root/project_gazebo_ws/install/as2_gazebo_assets:/root/project_gazebo_ws/install/as2_external_object_to_tf:/root/project_gazebo_ws/install/as2_behaviors_platform:/root/project_gazebo_ws/install/as2_behaviors_perception:/root/project_gazebo_ws/install/as2_behaviors_path_planning:/root/project_gazebo_ws/install/as2_behavior_tree:/root/project_gazebo_ws/install/as2_behavior:/root/project_gazebo_ws/install/as2_alphanumeric_viewer:/root/project_gazebo_ws/install/as2_core:/root/project_gazebo_ws/install/as2_msgs:/root/project_gazebo_ws/install/as2_cli:/root/project_gazebo_ws/install/as2_visualization:/root/project_gazebo_ws/install/as2_keyboard_teleoperation:/root/project_gazebo_ws/install/as2_python_api:/opt/ros/humble LD_LIBRARY_PATH=/mission_planning_ws/src/install/as2_core/lib:/mission_planning_ws/src/install/mocap4r2_msgs/lib:/mission_planning_ws/src/install/as2_msgs/lib:${LD_LIBRARY_PATH} PYTHONPATH=/mission_planning_ws/src/install/as2_core/local/lib/python3.10/dist-packages:/mission_planning_ws/src/install/mocap4r2_msgs/local/lib/python3.10/dist-packages:/mission_planning_ws/src/install/as2_msgs/local/lib/python3.10/dist-packages:${PYTHONPATH} /usr/bin/cmake --build /mission_planning_ws/src/build/as2_state_estimator -- -j22 -l22
[4.150s] [  5%] [32mBuilding CXX object CMakeFiles/as2_state_estimator.dir/src/as2_state_estimator.cpp.o[0m
[4.187s] [ 10%] [32mBuilding CXX object gtest/CMakeFiles/gtest.dir/src/gtest-all.cc.o[0m
[4.250s] [ 15%] [32mBuilding CXX object gtest/CMakeFiles/gtest_main.dir/src/gtest_main.cc.o[0m
[4.281s] [ 21%] [32m[1mLinking CXX shared library libas2_state_estimator_plugin_base.so[0m
[5.856s] [ 21%] Built target as2_state_estimator_plugin_base
[6.614s] [ 26%] [32m[1mLinking CXX static library libgtest_main.a[0m
[7.631s] [ 26%] Built target gtest_main
[59.294s] [ 31%] [32m[1mLinking CXX static library libgtest.a[0m
[59.526s] [ 31%] Built target gtest
[66.982s] [ 36%] [32m[1mLinking CXX shared library libas2_state_estimator.so[0m
[67.341s] [ 36%] Built target as2_state_estimator
[67.394s] [ 42%] [32mBuilding CXX object CMakeFiles/as2_state_estimator_node.dir/src/as2_state_estimator_node.cpp.o[0m
[77.608s] [ 47%] [32m[1mLinking CXX executable as2_state_estimator_node[0m
[77.841s] [ 47%] Built target as2_state_estimator_node
[77.873s] [ 52%] [32mBuilding CXX object tests/CMakeFiles/as2_state_estimator_as2_state_estimator_gtest.dir/as2_state_estimator_gtest.cpp.o[0m
[88.792s] [ 57%] [32m[1mLinking CXX executable as2_state_estimator_as2_state_estimator_gtest[0m
[88.999s] [ 57%] Built target as2_state_estimator_as2_state_estimator_gtest
[89.222s] [ 63%] [32mBuilding CXX object plugins/mocap_pose/CMakeFiles/mocap_pose.dir/src/mocap_pose.cpp.o[0m
[101.337s] [ 68%] [32m[1mLinking CXX shared library libmocap_pose.so[0m
[101.658s] [ 68%] Built target mocap_pose
[101.700s] [ 73%] [32mBuilding CXX object plugins/ground_truth/CMakeFiles/ground_truth.dir/src/ground_truth.cpp.o[0m
[120.734s] [ 78%] [32m[1mLinking CXX shared library libground_truth.so[0m
[121.133s] [ 78%] Built target ground_truth
[121.172s] [ 84%] [32mBuilding CXX object plugins/mocap_pose/tests/CMakeFiles/as2_state_estimator_mocap_gtest.dir/mocap_gtest.cpp.o[0m
[121.177s] [ 89%] [32mBuilding CXX object plugins/raw_odometry/CMakeFiles/raw_odometry.dir/src/raw_odometry.cpp.o[0m
[133.892s] [ 94%] [32m[1mLinking CXX executable as2_state_estimator_mocap_gtest[0m
[134.475s] [ 94%] Built target as2_state_estimator_mocap_gtest
[146.513s] [100%] [32m[1mLinking CXX shared library libraw_odometry.so[0m
[147.035s] [100%] Built target raw_odometry
[147.099s] Invoked command in '/mission_planning_ws/src/build/as2_state_estimator' returned '0': AMENT_PREFIX_PATH=/mission_planning_ws/src/install/as2_core:/mission_planning_ws/src/install/mocap4r2_msgs:/mission_planning_ws/src/install/as2_msgs:${AMENT_PREFIX_PATH} CMAKE_PREFIX_PATH=/mission_planning_ws/src/install/as2_core:/mission_planning_ws/src/install/mocap4r2_msgs:/mission_planning_ws/src/install/as2_msgs:/root/project_gazebo_ws/install/aerostack2:/root/project_gazebo_ws/install/as2_usb_camera_interface:/root/project_gazebo_ws/install/as2_state_estimator:/root/project_gazebo_ws/install/as2_rviz_plugins:/root/project_gazebo_ws/install/as2_realsense_interface:/root/project_gazebo_ws/install/as2_platform_multirotor_simulator:/root/project_gazebo_ws/install/as2_platform_gazebo:/root/project_gazebo_ws/install/as2_motion_controller:/root/project_gazebo_ws/install/as2_behaviors_trajectory_generation:/root/project_gazebo_ws/install/as2_behaviors_motion:/root/project_gazebo_ws/install/as2_motion_reference_handlers:/root/project_gazebo_ws/install/as2_map_server:/root/project_gazebo_ws/install/as2_geozones:/root/project_gazebo_ws/install/as2_gazebo_assets:/root/project_gazebo_ws/install/as2_external_object_to_tf:/root/project_gazebo_ws/install/as2_behaviors_platform:/root/project_gazebo_ws/install/as2_behaviors_perception:/root/project_gazebo_ws/install/as2_behaviors_path_planning:/root/project_gazebo_ws/install/as2_behavior_tree:/root/project_gazebo_ws/install/as2_behavior:/root/project_gazebo_ws/install/as2_alphanumeric_viewer:/root/project_gazebo_ws/install/as2_core:/root/project_gazebo_ws/install/as2_msgs:/root/project_gazebo_ws/install/as2_cli:/root/project_gazebo_ws/install/as2_visualization:/root/project_gazebo_ws/install/as2_keyboard_teleoperation:/root/project_gazebo_ws/install/as2_python_api:/opt/ros/humble LD_LIBRARY_PATH=/mission_planning_ws/src/install/as2_core/lib:/mission_planning_ws/src/install/mocap4r2_msgs/lib:/mission_planning_ws/src/install/as2_msgs/lib:${LD_LIBRARY_PATH} PYTHONPATH=/mission_planning_ws/src/install/as2_core/local/lib/python3.10/dist-packages:/mission_planning_ws/src/install/mocap4r2_msgs/local/lib/python3.10/dist-packages:/mission_planning_ws/src/install/as2_msgs/local/lib/python3.10/dist-packages:${PYTHONPATH} /usr/bin/cmake --build /mission_planning_ws/src/build/as2_state_estimator -- -j22 -l22
[147.103s] Invoking command in '/mission_planning_ws/src/build/as2_state_estimator': AMENT_PREFIX_PATH=/mission_planning_ws/src/install/as2_core:/mission_planning_ws/src/install/mocap4r2_msgs:/mission_planning_ws/src/install/as2_msgs:${AMENT_PREFIX_PATH} CMAKE_PREFIX_PATH=/mission_planning_ws/src/install/as2_core:/mission_planning_ws/src/install/mocap4r2_msgs:/mission_planning_ws/src/install/as2_msgs:/root/project_gazebo_ws/install/aerostack2:/root/project_gazebo_ws/install/as2_usb_camera_interface:/root/project_gazebo_ws/install/as2_state_estimator:/root/project_gazebo_ws/install/as2_rviz_plugins:/root/project_gazebo_ws/install/as2_realsense_interface:/root/project_gazebo_ws/install/as2_platform_multirotor_simulator:/root/project_gazebo_ws/install/as2_platform_gazebo:/root/project_gazebo_ws/install/as2_motion_controller:/root/project_gazebo_ws/install/as2_behaviors_trajectory_generation:/root/project_gazebo_ws/install/as2_behaviors_motion:/root/project_gazebo_ws/install/as2_motion_reference_handlers:/root/project_gazebo_ws/install/as2_map_server:/root/project_gazebo_ws/install/as2_geozones:/root/project_gazebo_ws/install/as2_gazebo_assets:/root/project_gazebo_ws/install/as2_external_object_to_tf:/root/project_gazebo_ws/install/as2_behaviors_platform:/root/project_gazebo_ws/install/as2_behaviors_perception:/root/project_gazebo_ws/install/as2_behaviors_path_planning:/root/project_gazebo_ws/install/as2_behavior_tree:/root/project_gazebo_ws/install/as2_behavior:/root/project_gazebo_ws/install/as2_alphanumeric_viewer:/root/project_gazebo_ws/install/as2_core:/root/project_gazebo_ws/install/as2_msgs:/root/project_gazebo_ws/install/as2_cli:/root/project_gazebo_ws/install/as2_visualization:/root/project_gazebo_ws/install/as2_keyboard_teleoperation:/root/project_gazebo_ws/install/as2_python_api:/opt/ros/humble LD_LIBRARY_PATH=/mission_planning_ws/src/install/as2_core/lib:/mission_planning_ws/src/install/mocap4r2_msgs/lib:/mission_planning_ws/src/install/as2_msgs/lib:${LD_LIBRARY_PATH} PYTHONPATH=/mission_planning_ws/src/install/as2_core/local/lib/python3.10/dist-packages:/mission_planning_ws/src/install/mocap4r2_msgs/local/lib/python3.10/dist-packages:/mission_planning_ws/src/install/as2_msgs/local/lib/python3.10/dist-packages:${PYTHONPATH} /usr/bin/cmake --install /mission_planning_ws/src/build/as2_state_estimator
[147.117s] -- Install configuration: "Release"
[147.117s] -- Installing: /mission_planning_ws/src/install/as2_state_estimator/lib/libas2_state_estimator.so
[147.119s] -- Set runtime path of "/mission_planning_ws/src/install/as2_state_estimator/lib/libas2_state_estimator.so" to ""
[147.119s] -- Installing: /mission_planning_ws/src/install/as2_state_estimator/lib/libas2_state_estimator_plugin_base.so
[147.119s] -- Set runtime path of "/mission_planning_ws/src/install/as2_state_estimator/lib/libas2_state_estimator_plugin_base.so" to ""
[147.119s] -- Installing: /mission_planning_ws/src/install/as2_state_estimator/lib/as2_state_estimator/as2_state_estimator_node
[147.120s] -- Set runtime path of "/mission_planning_ws/src/install/as2_state_estimator/lib/as2_state_estimator/as2_state_estimator_node" to ""
[147.120s] -- Installing: /mission_planning_ws/src/install/as2_state_estimator/include
[147.120s] -- Installing: /mission_planning_ws/src/install/as2_state_estimator/include/as2_state_estimator
[147.121s] -- Installing: /mission_planning_ws/src/install/as2_state_estimator/include/as2_state_estimator/as2_state_estimator.hpp
[147.121s] -- Installing: /mission_planning_ws/src/install/as2_state_estimator/include/as2_state_estimator/plugin_base.hpp
[147.121s] -- Installing: /mission_planning_ws/src/install/as2_state_estimator/share/as2_state_estimator/plugins.xml
[147.122s] -- Installing: /mission_planning_ws/src/install/as2_state_estimator/share/as2_state_estimator/plugins/raw_odometry/config
[147.122s] -- Installing: /mission_planning_ws/src/install/as2_state_estimator/share/as2_state_estimator/plugins/raw_odometry/config/plugin_default.yaml
[147.123s] -- Installing: /mission_planning_ws/src/install/as2_state_estimator/share/as2_state_estimator/plugins/ground_truth/config
[147.123s] -- Installing: /mission_planning_ws/src/install/as2_state_estimator/share/as2_state_estimator/plugins/ground_truth/config/plugin_default.yaml
[147.123s] -- Installing: /mission_planning_ws/src/install/as2_state_estimator/share/as2_state_estimator/plugins/mocap_pose/config
[147.124s] -- Installing: /mission_planning_ws/src/install/as2_state_estimator/share/as2_state_estimator/plugins/mocap_pose/config/plugin_default.yaml
[147.124s] -- Installing: /mission_planning_ws/src/install/as2_state_estimator/share/as2_state_estimator/launch
[147.125s] -- Installing: /mission_planning_ws/src/install/as2_state_estimator/share/as2_state_estimator/launch/raw_odometry_state_estimator.launch.py
[147.125s] -- Installing: /mission_planning_ws/src/install/as2_state_estimator/share/as2_state_estimator/launch/ground_truth_state_estimator.launch.py
[147.125s] -- Installing: /mission_planning_ws/src/install/as2_state_estimator/share/as2_state_estimator/launch/mocap_pose_state_estimator.launch.py
[147.126s] -- Installing: /mission_planning_ws/src/install/as2_state_estimator/share/as2_state_estimator/launch/state_estimator_launch.py
[147.126s] -- Installing: /mission_planning_ws/src/install/as2_state_estimator/share/as2_state_estimator/config
[147.127s] -- Installing: /mission_planning_ws/src/install/as2_state_estimator/share/as2_state_estimator/config/state_estimator_default.yaml
[147.127s] -- Installing: /mission_planning_ws/src/install/as2_state_estimator/share/ament_index/resource_index/package_run_dependencies/as2_state_estimator
[147.128s] -- Installing: /mission_planning_ws/src/install/as2_state_estimator/share/ament_index/resource_index/parent_prefix_path/as2_state_estimator
[147.128s] -- Installing: /mission_planning_ws/src/install/as2_state_estimator/share/as2_state_estimator/environment/ament_prefix_path.sh
[147.129s] -- Installing: /mission_planning_ws/src/install/as2_state_estimator/share/as2_state_estimator/environment/ament_prefix_path.dsv
[147.129s] -- Installing: /mission_planning_ws/src/install/as2_state_estimator/share/as2_state_estimator/environment/path.sh
[147.129s] -- Installing: /mission_planning_ws/src/install/as2_state_estimator/share/as2_state_estimator/environment/path.dsv
[147.130s] -- Installing: /mission_planning_ws/src/install/as2_state_estimator/share/as2_state_estimator/local_setup.bash
[147.130s] -- Installing: /mission_planning_ws/src/install/as2_state_estimator/share/as2_state_estimator/local_setup.sh
[147.131s] -- Installing: /mission_planning_ws/src/install/as2_state_estimator/share/as2_state_estimator/local_setup.zsh
[147.131s] -- Installing: /mission_planning_ws/src/install/as2_state_estimator/share/as2_state_estimator/local_setup.dsv
[147.131s] -- Installing: /mission_planning_ws/src/install/as2_state_estimator/share/as2_state_estimator/package.dsv
[147.132s] -- Installing: /mission_planning_ws/src/install/as2_state_estimator/share/ament_index/resource_index/packages/as2_state_estimator
[147.132s] -- Installing: /mission_planning_ws/src/install/as2_state_estimator/share/ament_index/resource_index/as2_state_estimator__pluginlib__plugin/as2_state_estimator
[147.133s] -- Installing: /mission_planning_ws/src/install/as2_state_estimator/share/as2_state_estimator/cmake/as2_state_estimatorConfig.cmake
[147.133s] -- Installing: /mission_planning_ws/src/install/as2_state_estimator/share/as2_state_estimator/cmake/as2_state_estimatorConfig-version.cmake
[147.134s] -- Installing: /mission_planning_ws/src/install/as2_state_estimator/share/as2_state_estimator/package.xml
[147.134s] -- Up-to-date: /mission_planning_ws/src/install/as2_state_estimator/include
[147.135s] -- Installing: /mission_planning_ws/src/install/as2_state_estimator/include/raw_odometry.hpp
[147.135s] -- Installing: /mission_planning_ws/src/install/as2_state_estimator/share/as2_state_estimator/environment/library_path.sh
[147.135s] -- Installing: /mission_planning_ws/src/install/as2_state_estimator/share/as2_state_estimator/environment/library_path.dsv
[147.136s] -- Installing: /mission_planning_ws/src/install/as2_state_estimator/lib/libraw_odometry.so
[147.138s] -- Set runtime path of "/mission_planning_ws/src/install/as2_state_estimator/lib/libraw_odometry.so" to ""
[147.139s] -- Up-to-date: /mission_planning_ws/src/install/as2_state_estimator/include
[147.139s] -- Installing: /mission_planning_ws/src/install/as2_state_estimator/include/ground_truth.hpp
[147.139s] -- Up-to-date: /mission_planning_ws/src/install/as2_state_estimator/share/as2_state_estimator/environment/library_path.sh
[147.140s] -- Up-to-date: /mission_planning_ws/src/install/as2_state_estimator/share/as2_state_estimator/environment/library_path.dsv
[147.140s] -- Installing: /mission_planning_ws/src/install/as2_state_estimator/lib/libground_truth.so
[147.143s] -- Set runtime path of "/mission_planning_ws/src/install/as2_state_estimator/lib/libground_truth.so" to ""
[147.144s] -- Up-to-date: /mission_planning_ws/src/install/as2_state_estimator/include
[147.144s] -- Installing: /mission_planning_ws/src/install/as2_state_estimator/include/mocap_pose.hpp
[147.144s] -- Up-to-date: /mission_planning_ws/src/install/as2_state_estimator/share/as2_state_estimator/environment/library_path.sh
[147.145s] -- Up-to-date: /mission_planning_ws/src/install/as2_state_estimator/share/as2_state_estimator/environment/library_path.dsv
[147.146s] -- Installing: /mission_planning_ws/src/install/as2_state_estimator/lib/libmocap_pose.so
[147.146s] -- Set runtime path of "/mission_planning_ws/src/install/as2_state_estimator/lib/libmocap_pose.so" to ""
[147.151s] Invoked command in '/mission_planning_ws/src/build/as2_state_estimator' returned '0': AMENT_PREFIX_PATH=/mission_planning_ws/src/install/as2_core:/mission_planning_ws/src/install/mocap4r2_msgs:/mission_planning_ws/src/install/as2_msgs:${AMENT_PREFIX_PATH} CMAKE_PREFIX_PATH=/mission_planning_ws/src/install/as2_core:/mission_planning_ws/src/install/mocap4r2_msgs:/mission_planning_ws/src/install/as2_msgs:/root/project_gazebo_ws/install/aerostack2:/root/project_gazebo_ws/install/as2_usb_camera_interface:/root/project_gazebo_ws/install/as2_state_estimator:/root/project_gazebo_ws/install/as2_rviz_plugins:/root/project_gazebo_ws/install/as2_realsense_interface:/root/project_gazebo_ws/install/as2_platform_multirotor_simulator:/root/project_gazebo_ws/install/as2_platform_gazebo:/root/project_gazebo_ws/install/as2_motion_controller:/root/project_gazebo_ws/install/as2_behaviors_trajectory_generation:/root/project_gazebo_ws/install/as2_behaviors_motion:/root/project_gazebo_ws/install/as2_motion_reference_handlers:/root/project_gazebo_ws/install/as2_map_server:/root/project_gazebo_ws/install/as2_geozones:/root/project_gazebo_ws/install/as2_gazebo_assets:/root/project_gazebo_ws/install/as2_external_object_to_tf:/root/project_gazebo_ws/install/as2_behaviors_platform:/root/project_gazebo_ws/install/as2_behaviors_perception:/root/project_gazebo_ws/install/as2_behaviors_path_planning:/root/project_gazebo_ws/install/as2_behavior_tree:/root/project_gazebo_ws/install/as2_behavior:/root/project_gazebo_ws/install/as2_alphanumeric_viewer:/root/project_gazebo_ws/install/as2_core:/root/project_gazebo_ws/install/as2_msgs:/root/project_gazebo_ws/install/as2_cli:/root/project_gazebo_ws/install/as2_visualization:/root/project_gazebo_ws/install/as2_keyboard_teleoperation:/root/project_gazebo_ws/install/as2_python_api:/opt/ros/humble LD_LIBRARY_PATH=/mission_planning_ws/src/install/as2_core/lib:/mission_planning_ws/src/install/mocap4r2_msgs/lib:/mission_planning_ws/src/install/as2_msgs/lib:${LD_LIBRARY_PATH} PYTHONPATH=/mission_planning_ws/src/install/as2_core/local/lib/python3.10/dist-packages:/mission_planning_ws/src/install/mocap4r2_msgs/local/lib/python3.10/dist-packages:/mission_planning_ws/src/install/as2_msgs/local/lib/python3.10/dist-packages:${PYTHONPATH} /usr/bin/cmake --install /mission_planning_ws/src/build/as2_state_estimator
