[0.010s] Invoking command in '/mission_planning_ws/src/build/mocap4r2_msgs': CMAKE_PREFIX_PATH=${CMAKE_PREFIX_PATH}:/root/project_gazebo_ws/install/as2_visualization:/root/project_gazebo_ws/install/as2_keyboard_teleoperation:/root/project_gazebo_ws/install/as2_python_api:/opt/ros/humble /usr/bin/cmake /mission_planning_ws/src/mocap4r2_msgs -DCMAKE_INSTALL_PREFIX=/mission_planning_ws/src/install/mocap4r2_msgs
[0.056s] -- The C compiler identification is GNU 11.4.0
[0.093s] -- The CXX compiler identification is GNU 11.4.0
[0.097s] -- Detecting C compiler ABI info
[0.145s] -- Detecting C compiler ABI info - done
[0.151s] -- Check for working C compiler: /usr/bin/cc - skipped
[0.151s] -- Detecting C compile features
[0.152s] -- Detecting C compile features - done
[0.153s] -- Detecting CXX compiler ABI info
[0.203s] -- Detecting CXX compiler ABI info - done
[0.207s] -- Check for working CXX compiler: /usr/bin/c++ - skipped
[0.207s] -- Detecting CXX compile features
[0.207s] -- Detecting CXX compile features - done
[0.211s] -- Found ament_cmake: 1.3.11 (/opt/ros/humble/share/ament_cmake/cmake)
[0.334s] -- Found Python3: /usr/bin/python3 (found version "3.10.12") found components: Interpreter 
[0.438s] -- Found rosidl_default_generators: 1.2.0 (/opt/ros/humble/share/rosidl_default_generators/cmake)
[0.445s] -- Using all available rosidl_typesupport_c: rosidl_typesupport_fastrtps_c;rosidl_typesupport_introspection_c
[0.457s] -- Found rosidl_adapter: 3.1.6 (/opt/ros/humble/share/rosidl_adapter/cmake)
[0.505s] -- Using all available rosidl_typesupport_cpp: rosidl_typesupport_fastrtps_cpp;rosidl_typesupport_introspection_cpp
[0.542s] -- Found builtin_interfaces: 1.2.1 (/opt/ros/humble/share/builtin_interfaces/cmake)
[0.555s] -- Found std_msgs: 4.2.4 (/opt/ros/humble/share/std_msgs/cmake)
[0.569s] -- Found geometry_msgs: 4.2.4 (/opt/ros/humble/share/geometry_msgs/cmake)
[0.785s] -- Found ament_cmake_ros: 0.10.0 (/opt/ros/humble/share/ament_cmake_ros/cmake)
[0.972s] -- Using all available rosidl_typesupport_c: rosidl_typesupport_fastrtps_c;rosidl_typesupport_introspection_c
[1.197s] -- Using all available rosidl_typesupport_cpp: rosidl_typesupport_fastrtps_cpp;rosidl_typesupport_introspection_cpp
[1.217s] -- Found PythonInterp: /usr/bin/python3 (found suitable version "3.10.12", minimum required is "3.6") 
[1.222s] -- Found python_cmake_module: 0.10.0 (/opt/ros/humble/share/python_cmake_module/cmake)
[1.239s] -- Found PythonLibs: /usr/lib/x86_64-linux-gnu/libpython3.10.so (found suitable version "3.10.12", minimum required is "3.5") 
[1.239s] -- Using PYTHON_EXECUTABLE: /usr/bin/python3
[1.239s] -- Using PYTHON_INCLUDE_DIRS: /usr/include/python3.10
[1.239s] -- Using PYTHON_LIBRARIES: /usr/lib/x86_64-linux-gnu/libpython3.10.so
[1.257s] -- Found PythonExtra: .so  
[1.306s] -- Configuring done
[1.335s] -- Generating done
[1.345s] -- Build files have been written to: /mission_planning_ws/src/build/mocap4r2_msgs
[1.352s] Invoked command in '/mission_planning_ws/src/build/mocap4r2_msgs' returned '0': CMAKE_PREFIX_PATH=${CMAKE_PREFIX_PATH}:/root/project_gazebo_ws/install/as2_visualization:/root/project_gazebo_ws/install/as2_keyboard_teleoperation:/root/project_gazebo_ws/install/as2_python_api:/opt/ros/humble /usr/bin/cmake /mission_planning_ws/src/mocap4r2_msgs -DCMAKE_INSTALL_PREFIX=/mission_planning_ws/src/install/mocap4r2_msgs
[1.353s] Invoking command in '/mission_planning_ws/src/build/mocap4r2_msgs': CMAKE_PREFIX_PATH=${CMAKE_PREFIX_PATH}:/root/project_gazebo_ws/install/as2_visualization:/root/project_gazebo_ws/install/as2_keyboard_teleoperation:/root/project_gazebo_ws/install/as2_python_api:/opt/ros/humble /usr/bin/cmake --build /mission_planning_ws/src/build/mocap4r2_msgs -- -j22 -l22
[1.388s] [  1%] [34m[1mGenerating C code for ROS interfaces[0m
[1.396s] [  3%] [34m[1mGenerating C++ code for ROS interfaces[0m
[1.405s] [  3%] Built target ament_cmake_python_copy_mocap4r2_msgs
[1.578s] running egg_info
[1.578s] creating mocap4r2_msgs.egg-info
[1.578s] writing mocap4r2_msgs.egg-info/PKG-INFO
[1.578s] writing dependency_links to mocap4r2_msgs.egg-info/dependency_links.txt
[1.579s] writing top-level names to mocap4r2_msgs.egg-info/top_level.txt
[1.579s] writing manifest file 'mocap4r2_msgs.egg-info/SOURCES.txt'
[1.580s] reading manifest file 'mocap4r2_msgs.egg-info/SOURCES.txt'
[1.580s] writing manifest file 'mocap4r2_msgs.egg-info/SOURCES.txt'
[1.599s] [  3%] Built target ament_cmake_python_build_mocap4r2_msgs_egg
[1.681s] [  4%] [32mBuilding C object CMakeFiles/mocap4r2_msgs__rosidl_generator_c.dir/rosidl_generator_c/mocap4r2_msgs/msg/detail/rigid_body__functions.c.o[0m
[1.682s] [  4%] Built target mocap4r2_msgs__cpp
[1.682s] [  6%] [32mBuilding C object CMakeFiles/mocap4r2_msgs__rosidl_generator_c.dir/rosidl_generator_c/mocap4r2_msgs/msg/detail/marker__functions.c.o[0m
[1.682s] [  7%] [32mBuilding C object CMakeFiles/mocap4r2_msgs__rosidl_generator_c.dir/rosidl_generator_c/mocap4r2_msgs/msg/detail/markers__functions.c.o[0m
[1.682s] [  9%] [32mBuilding C object CMakeFiles/mocap4r2_msgs__rosidl_generator_c.dir/rosidl_generator_c/mocap4r2_msgs/msg/detail/rigid_bodies__functions.c.o[0m
[1.685s] [ 11%] [32mBuilding C object CMakeFiles/mocap4r2_msgs__rosidl_generator_c.dir/rosidl_generator_c/mocap4r2_msgs/msg/detail/imus_info__functions.c.o[0m
[1.689s] [ 12%] [34m[1mGenerating C++ type support dispatch for ROS interfaces[0m
[1.690s] [ 14%] [34m[1mGenerating C++ introspection for ROS interfaces[0m
[1.691s] [ 15%] [34m[1mGenerating C++ type support for eProsima Fast-RTPS[0m
[1.729s] [ 17%] [32m[1mLinking C shared library libmocap4r2_msgs__rosidl_generator_c.so[0m
[1.769s] [ 17%] Built target mocap4r2_msgs__rosidl_generator_c
[1.781s] [ 20%] [34m[1mGenerating C type support for eProsima Fast-RTPS[0m
[1.781s] [ 20%] [34m[1mGenerating C introspection for ROS interfaces[0m
[1.781s] [ 22%] [34m[1mGenerating C type support dispatch for ROS interfaces[0m
[1.908s] [ 25%] [32mBuilding CXX object CMakeFiles/mocap4r2_msgs__rosidl_typesupport_cpp.dir/rosidl_typesupport_cpp/mocap4r2_msgs/msg/rigid_bodies__type_support.cpp.o[0m
[1.908s] [ 25%] [32mBuilding CXX object CMakeFiles/mocap4r2_msgs__rosidl_typesupport_cpp.dir/rosidl_typesupport_cpp/mocap4r2_msgs/msg/marker__type_support.cpp.o[0m
[1.911s] [ 30%] [32mBuilding CXX object CMakeFiles/mocap4r2_msgs__rosidl_typesupport_cpp.dir/rosidl_typesupport_cpp/mocap4r2_msgs/msg/rigid_body__type_support.cpp.o[0m
[1.911s] [ 30%] [32mBuilding CXX object CMakeFiles/mocap4r2_msgs__rosidl_typesupport_cpp.dir/rosidl_typesupport_cpp/mocap4r2_msgs/msg/imus_info__type_support.cpp.o[0m
[1.911s] [ 30%] [32mBuilding CXX object CMakeFiles/mocap4r2_msgs__rosidl_typesupport_cpp.dir/rosidl_typesupport_cpp/mocap4r2_msgs/msg/markers__type_support.cpp.o[0m
[1.950s] [ 31%] [32mBuilding CXX object CMakeFiles/mocap4r2_msgs__rosidl_typesupport_introspection_cpp.dir/rosidl_typesupport_introspection_cpp/mocap4r2_msgs/msg/detail/marker__type_support.cpp.o[0m
[1.952s] [ 33%] [32mBuilding CXX object CMakeFiles/mocap4r2_msgs__rosidl_typesupport_introspection_cpp.dir/rosidl_typesupport_introspection_cpp/mocap4r2_msgs/msg/detail/markers__type_support.cpp.o[0m
[1.952s] [ 34%] [32mBuilding CXX object CMakeFiles/mocap4r2_msgs__rosidl_typesupport_introspection_cpp.dir/rosidl_typesupport_introspection_cpp/mocap4r2_msgs/msg/detail/imus_info__type_support.cpp.o[0m
[1.953s] [ 36%] [32mBuilding CXX object CMakeFiles/mocap4r2_msgs__rosidl_typesupport_introspection_cpp.dir/rosidl_typesupport_introspection_cpp/mocap4r2_msgs/msg/detail/rigid_bodies__type_support.cpp.o[0m
[1.954s] [ 38%] [32mBuilding CXX object CMakeFiles/mocap4r2_msgs__rosidl_typesupport_introspection_cpp.dir/rosidl_typesupport_introspection_cpp/mocap4r2_msgs/msg/detail/rigid_body__type_support.cpp.o[0m
[2.015s] [ 39%] [32mBuilding CXX object CMakeFiles/mocap4r2_msgs__rosidl_typesupport_c.dir/rosidl_typesupport_c/mocap4r2_msgs/msg/marker__type_support.cpp.o[0m
[2.016s] [ 41%] [32mBuilding CXX object CMakeFiles/mocap4r2_msgs__rosidl_typesupport_c.dir/rosidl_typesupport_c/mocap4r2_msgs/msg/markers__type_support.cpp.o[0m
[2.024s] [ 42%] [32mBuilding CXX object CMakeFiles/mocap4r2_msgs__rosidl_typesupport_c.dir/rosidl_typesupport_c/mocap4r2_msgs/msg/rigid_body__type_support.cpp.o[0m
[2.026s] [ 44%] [32mBuilding CXX object CMakeFiles/mocap4r2_msgs__rosidl_typesupport_c.dir/rosidl_typesupport_c/mocap4r2_msgs/msg/rigid_bodies__type_support.cpp.o[0m
[2.052s] [ 46%] [32mBuilding CXX object CMakeFiles/mocap4r2_msgs__rosidl_typesupport_fastrtps_cpp.dir/rosidl_typesupport_fastrtps_cpp/mocap4r2_msgs/msg/detail/dds_fastrtps/markers__type_support.cpp.o[0m
[2.056s] [ 49%] [32mBuilding CXX object CMakeFiles/mocap4r2_msgs__rosidl_typesupport_fastrtps_cpp.dir/rosidl_typesupport_fastrtps_cpp/mocap4r2_msgs/msg/detail/dds_fastrtps/imus_info__type_support.cpp.o[0m
[2.056s] [ 49%] [32mBuilding CXX object CMakeFiles/mocap4r2_msgs__rosidl_typesupport_fastrtps_cpp.dir/rosidl_typesupport_fastrtps_cpp/mocap4r2_msgs/msg/detail/dds_fastrtps/marker__type_support.cpp.o[0m
[2.057s] [ 50%] [32mBuilding CXX object CMakeFiles/mocap4r2_msgs__rosidl_typesupport_c.dir/rosidl_typesupport_c/mocap4r2_msgs/msg/imus_info__type_support.cpp.o[0m
[2.065s] [ 52%] [32mBuilding CXX object CMakeFiles/mocap4r2_msgs__rosidl_typesupport_fastrtps_cpp.dir/rosidl_typesupport_fastrtps_cpp/mocap4r2_msgs/msg/detail/dds_fastrtps/rigid_bodies__type_support.cpp.o[0m
[2.066s] [ 53%] [32mBuilding CXX object CMakeFiles/mocap4r2_msgs__rosidl_typesupport_fastrtps_cpp.dir/rosidl_typesupport_fastrtps_cpp/mocap4r2_msgs/msg/detail/dds_fastrtps/rigid_body__type_support.cpp.o[0m
[2.109s] [ 55%] [32m[1mLinking CXX shared library libmocap4r2_msgs__rosidl_typesupport_c.so[0m
[2.143s] [ 58%] [32mBuilding C object CMakeFiles/mocap4r2_msgs__rosidl_typesupport_introspection_c.dir/rosidl_typesupport_introspection_c/mocap4r2_msgs/msg/detail/imus_info__type_support.c.o[0m
[2.143s] [ 58%] [32mBuilding C object CMakeFiles/mocap4r2_msgs__rosidl_typesupport_introspection_c.dir/rosidl_typesupport_introspection_c/mocap4r2_msgs/msg/detail/marker__type_support.c.o[0m
[2.144s] [ 61%] [32mBuilding C object CMakeFiles/mocap4r2_msgs__rosidl_typesupport_introspection_c.dir/rosidl_typesupport_introspection_c/mocap4r2_msgs/msg/detail/markers__type_support.c.o[0m
[2.145s] [ 61%] [32mBuilding C object CMakeFiles/mocap4r2_msgs__rosidl_typesupport_introspection_c.dir/rosidl_typesupport_introspection_c/mocap4r2_msgs/msg/detail/rigid_body__type_support.c.o[0m
[2.149s] [ 63%] [32mBuilding C object CMakeFiles/mocap4r2_msgs__rosidl_typesupport_introspection_c.dir/rosidl_typesupport_introspection_c/mocap4r2_msgs/msg/detail/rigid_bodies__type_support.c.o[0m
[2.154s] [ 63%] Built target mocap4r2_msgs__rosidl_typesupport_c
[2.164s] [ 65%] [32mBuilding CXX object CMakeFiles/mocap4r2_msgs__rosidl_typesupport_fastrtps_c.dir/rosidl_typesupport_fastrtps_c/mocap4r2_msgs/msg/detail/marker__type_support_c.cpp.o[0m
[2.165s] [ 66%] [32mBuilding CXX object CMakeFiles/mocap4r2_msgs__rosidl_typesupport_fastrtps_c.dir/rosidl_typesupport_fastrtps_c/mocap4r2_msgs/msg/detail/markers__type_support_c.cpp.o[0m
[2.170s] [ 68%] [32mBuilding CXX object CMakeFiles/mocap4r2_msgs__rosidl_typesupport_fastrtps_c.dir/rosidl_typesupport_fastrtps_c/mocap4r2_msgs/msg/detail/imus_info__type_support_c.cpp.o[0m
[2.183s] [ 69%] [32mBuilding CXX object CMakeFiles/mocap4r2_msgs__rosidl_typesupport_fastrtps_c.dir/rosidl_typesupport_fastrtps_c/mocap4r2_msgs/msg/detail/rigid_bodies__type_support_c.cpp.o[0m
[2.191s] [ 71%] [32mBuilding CXX object CMakeFiles/mocap4r2_msgs__rosidl_typesupport_fastrtps_c.dir/rosidl_typesupport_fastrtps_c/mocap4r2_msgs/msg/detail/rigid_body__type_support_c.cpp.o[0m
[2.206s] [ 73%] [32m[1mLinking CXX shared library libmocap4r2_msgs__rosidl_typesupport_cpp.so[0m
[2.218s] [ 74%] [32m[1mLinking C shared library libmocap4r2_msgs__rosidl_typesupport_introspection_c.so[0m
[2.264s] [ 74%] Built target mocap4r2_msgs__rosidl_typesupport_introspection_c
[2.270s] [ 74%] Built target mocap4r2_msgs__rosidl_typesupport_cpp
[2.465s] [ 76%] [32m[1mLinking CXX shared library libmocap4r2_msgs__rosidl_typesupport_introspection_cpp.so[0m
[2.487s] [ 77%] [32m[1mLinking CXX shared library libmocap4r2_msgs__rosidl_typesupport_fastrtps_cpp.so[0m
[2.518s] [ 79%] [32m[1mLinking CXX shared library libmocap4r2_msgs__rosidl_typesupport_fastrtps_c.so[0m
[2.524s] [ 79%] Built target mocap4r2_msgs__rosidl_typesupport_introspection_cpp
[2.541s] [ 79%] Built target mocap4r2_msgs__rosidl_typesupport_fastrtps_cpp
[2.577s] [ 79%] Built target mocap4r2_msgs__rosidl_typesupport_fastrtps_c
[2.594s] [ 79%] Built target mocap4r2_msgs
[2.610s] [ 80%] [34m[1mGenerating Python code for ROS interfaces[0m
[3.007s] [ 80%] Built target mocap4r2_msgs__py
[3.021s] [ 84%] [32mBuilding C object CMakeFiles/mocap4r2_msgs__rosidl_generator_py.dir/rosidl_generator_py/mocap4r2_msgs/msg/_markers_s.c.o[0m
[3.021s] [ 84%] [32mBuilding C object CMakeFiles/mocap4r2_msgs__rosidl_generator_py.dir/rosidl_generator_py/mocap4r2_msgs/msg/_marker_s.c.o[0m
[3.023s] [ 87%] [32mBuilding C object CMakeFiles/mocap4r2_msgs__rosidl_generator_py.dir/rosidl_generator_py/mocap4r2_msgs/msg/_imus_info_s.c.o[0m
[3.024s] [ 87%] [32mBuilding C object CMakeFiles/mocap4r2_msgs__rosidl_generator_py.dir/rosidl_generator_py/mocap4r2_msgs/msg/_rigid_body_s.c.o[0m
[3.024s] [ 88%] [32mBuilding C object CMakeFiles/mocap4r2_msgs__rosidl_generator_py.dir/rosidl_generator_py/mocap4r2_msgs/msg/_rigid_bodies_s.c.o[0m
[3.112s] [ 90%] [32m[1mLinking C shared library rosidl_generator_py/mocap4r2_msgs/libmocap4r2_msgs__rosidl_generator_py.so[0m
[3.150s] [ 90%] Built target mocap4r2_msgs__rosidl_generator_py
[3.167s] [ 92%] [32mBuilding C object CMakeFiles/mocap4r2_msgs__rosidl_typesupport_fastrtps_c__pyext.dir/rosidl_generator_py/mocap4r2_msgs/_mocap4r2_msgs_s.ep.rosidl_typesupport_fastrtps_c.c.o[0m
[3.167s] [ 93%] [32mBuilding C object CMakeFiles/mocap4r2_msgs__rosidl_typesupport_introspection_c__pyext.dir/rosidl_generator_py/mocap4r2_msgs/_mocap4r2_msgs_s.ep.rosidl_typesupport_introspection_c.c.o[0m
[3.168s] [ 95%] [32mBuilding C object CMakeFiles/mocap4r2_msgs__rosidl_typesupport_c__pyext.dir/rosidl_generator_py/mocap4r2_msgs/_mocap4r2_msgs_s.ep.rosidl_typesupport_c.c.o[0m
[3.236s] [ 96%] [32m[1mLinking C shared library rosidl_generator_py/mocap4r2_msgs/mocap4r2_msgs_s__rosidl_typesupport_fastrtps_c.cpython-310-x86_64-linux-gnu.so[0m
[3.246s] [100%] [32m[1mLinking C shared library rosidl_generator_py/mocap4r2_msgs/mocap4r2_msgs_s__rosidl_typesupport_introspection_c.cpython-310-x86_64-linux-gnu.so[0m
[3.246s] [100%] [32m[1mLinking C shared library rosidl_generator_py/mocap4r2_msgs/mocap4r2_msgs_s__rosidl_typesupport_c.cpython-310-x86_64-linux-gnu.so[0m
[3.264s] [100%] Built target mocap4r2_msgs__rosidl_typesupport_fastrtps_c__pyext
[3.273s] [100%] Built target mocap4r2_msgs__rosidl_typesupport_c__pyext
[3.279s] [100%] Built target mocap4r2_msgs__rosidl_typesupport_introspection_c__pyext
[3.289s] Invoked command in '/mission_planning_ws/src/build/mocap4r2_msgs' returned '0': CMAKE_PREFIX_PATH=${CMAKE_PREFIX_PATH}:/root/project_gazebo_ws/install/as2_visualization:/root/project_gazebo_ws/install/as2_keyboard_teleoperation:/root/project_gazebo_ws/install/as2_python_api:/opt/ros/humble /usr/bin/cmake --build /mission_planning_ws/src/build/mocap4r2_msgs -- -j22 -l22
[3.291s] Invoking command in '/mission_planning_ws/src/build/mocap4r2_msgs': CMAKE_PREFIX_PATH=${CMAKE_PREFIX_PATH}:/root/project_gazebo_ws/install/as2_visualization:/root/project_gazebo_ws/install/as2_keyboard_teleoperation:/root/project_gazebo_ws/install/as2_python_api:/opt/ros/humble /usr/bin/cmake --install /mission_planning_ws/src/build/mocap4r2_msgs
[3.297s] -- Install configuration: ""
[3.297s] -- Installing: /mission_planning_ws/src/install/mocap4r2_msgs/share/ament_index/resource_index/rosidl_interfaces/mocap4r2_msgs
[3.298s] -- Installing: /mission_planning_ws/src/install/mocap4r2_msgs/include/mocap4r2_msgs/mocap4r2_msgs
[3.298s] -- Installing: /mission_planning_ws/src/install/mocap4r2_msgs/include/mocap4r2_msgs/mocap4r2_msgs/msg
[3.298s] -- Installing: /mission_planning_ws/src/install/mocap4r2_msgs/include/mocap4r2_msgs/mocap4r2_msgs/msg/rosidl_generator_c__visibility_control.h
[3.298s] -- Installing: /mission_planning_ws/src/install/mocap4r2_msgs/include/mocap4r2_msgs/mocap4r2_msgs/msg/rigid_body.h
[3.298s] -- Installing: /mission_planning_ws/src/install/mocap4r2_msgs/include/mocap4r2_msgs/mocap4r2_msgs/msg/marker.h
[3.298s] -- Installing: /mission_planning_ws/src/install/mocap4r2_msgs/include/mocap4r2_msgs/mocap4r2_msgs/msg/rigid_bodies.h
[3.298s] -- Installing: /mission_planning_ws/src/install/mocap4r2_msgs/include/mocap4r2_msgs/mocap4r2_msgs/msg/detail
[3.298s] -- Installing: /mission_planning_ws/src/install/mocap4r2_msgs/include/mocap4r2_msgs/mocap4r2_msgs/msg/detail/rigid_body__functions.c
[3.298s] -- Installing: /mission_planning_ws/src/install/mocap4r2_msgs/include/mocap4r2_msgs/mocap4r2_msgs/msg/detail/imus_info__struct.h
[3.298s] -- Installing: /mission_planning_ws/src/install/mocap4r2_msgs/include/mocap4r2_msgs/mocap4r2_msgs/msg/detail/rigid_bodies__struct.h
[3.299s] -- Installing: /mission_planning_ws/src/install/mocap4r2_msgs/include/mocap4r2_msgs/mocap4r2_msgs/msg/detail/marker__struct.h
[3.299s] -- Installing: /mission_planning_ws/src/install/mocap4r2_msgs/include/mocap4r2_msgs/mocap4r2_msgs/msg/detail/rigid_body__functions.h
[3.299s] -- Installing: /mission_planning_ws/src/install/mocap4r2_msgs/include/mocap4r2_msgs/mocap4r2_msgs/msg/detail/imus_info__type_support.h
[3.299s] -- Installing: /mission_planning_ws/src/install/mocap4r2_msgs/include/mocap4r2_msgs/mocap4r2_msgs/msg/detail/rigid_body__struct.h
[3.299s] -- Installing: /mission_planning_ws/src/install/mocap4r2_msgs/include/mocap4r2_msgs/mocap4r2_msgs/msg/detail/rigid_bodies__functions.c
[3.299s] -- Installing: /mission_planning_ws/src/install/mocap4r2_msgs/include/mocap4r2_msgs/mocap4r2_msgs/msg/detail/marker__functions.h
[3.299s] -- Installing: /mission_planning_ws/src/install/mocap4r2_msgs/include/mocap4r2_msgs/mocap4r2_msgs/msg/detail/markers__type_support.h
[3.299s] -- Installing: /mission_planning_ws/src/install/mocap4r2_msgs/include/mocap4r2_msgs/mocap4r2_msgs/msg/detail/imus_info__functions.c
[3.299s] -- Installing: /mission_planning_ws/src/install/mocap4r2_msgs/include/mocap4r2_msgs/mocap4r2_msgs/msg/detail/rigid_body__type_support.h
[3.300s] -- Installing: /mission_planning_ws/src/install/mocap4r2_msgs/include/mocap4r2_msgs/mocap4r2_msgs/msg/detail/marker__functions.c
[3.300s] -- Installing: /mission_planning_ws/src/install/mocap4r2_msgs/include/mocap4r2_msgs/mocap4r2_msgs/msg/detail/markers__functions.c
[3.300s] -- Installing: /mission_planning_ws/src/install/mocap4r2_msgs/include/mocap4r2_msgs/mocap4r2_msgs/msg/detail/rigid_bodies__type_support.h
[3.300s] -- Installing: /mission_planning_ws/src/install/mocap4r2_msgs/include/mocap4r2_msgs/mocap4r2_msgs/msg/detail/markers__functions.h
[3.300s] -- Installing: /mission_planning_ws/src/install/mocap4r2_msgs/include/mocap4r2_msgs/mocap4r2_msgs/msg/detail/markers__struct.h
[3.300s] -- Installing: /mission_planning_ws/src/install/mocap4r2_msgs/include/mocap4r2_msgs/mocap4r2_msgs/msg/detail/imus_info__functions.h
[3.300s] -- Installing: /mission_planning_ws/src/install/mocap4r2_msgs/include/mocap4r2_msgs/mocap4r2_msgs/msg/detail/marker__type_support.h
[3.300s] -- Installing: /mission_planning_ws/src/install/mocap4r2_msgs/include/mocap4r2_msgs/mocap4r2_msgs/msg/detail/rigid_bodies__functions.h
[3.300s] -- Installing: /mission_planning_ws/src/install/mocap4r2_msgs/include/mocap4r2_msgs/mocap4r2_msgs/msg/imus_info.h
[3.301s] -- Installing: /mission_planning_ws/src/install/mocap4r2_msgs/include/mocap4r2_msgs/mocap4r2_msgs/msg/markers.h
[3.301s] -- Installing: /mission_planning_ws/src/install/mocap4r2_msgs/share/mocap4r2_msgs/environment/library_path.sh
[3.301s] -- Installing: /mission_planning_ws/src/install/mocap4r2_msgs/share/mocap4r2_msgs/environment/library_path.dsv
[3.301s] -- Installing: /mission_planning_ws/src/install/mocap4r2_msgs/lib/libmocap4r2_msgs__rosidl_generator_c.so
[3.303s] -- Set runtime path of "/mission_planning_ws/src/install/mocap4r2_msgs/lib/libmocap4r2_msgs__rosidl_generator_c.so" to ""
[3.303s] -- Up-to-date: /mission_planning_ws/src/install/mocap4r2_msgs/include/mocap4r2_msgs/mocap4r2_msgs
[3.303s] -- Up-to-date: /mission_planning_ws/src/install/mocap4r2_msgs/include/mocap4r2_msgs/mocap4r2_msgs/msg
[3.303s] -- Up-to-date: /mission_planning_ws/src/install/mocap4r2_msgs/include/mocap4r2_msgs/mocap4r2_msgs/msg/detail
[3.303s] -- Installing: /mission_planning_ws/src/install/mocap4r2_msgs/include/mocap4r2_msgs/mocap4r2_msgs/msg/detail/imus_info__rosidl_typesupport_fastrtps_c.h
[3.303s] -- Installing: /mission_planning_ws/src/install/mocap4r2_msgs/include/mocap4r2_msgs/mocap4r2_msgs/msg/detail/markers__rosidl_typesupport_fastrtps_c.h
[3.303s] -- Installing: /mission_planning_ws/src/install/mocap4r2_msgs/include/mocap4r2_msgs/mocap4r2_msgs/msg/detail/rigid_body__rosidl_typesupport_fastrtps_c.h
[3.303s] -- Installing: /mission_planning_ws/src/install/mocap4r2_msgs/include/mocap4r2_msgs/mocap4r2_msgs/msg/detail/marker__rosidl_typesupport_fastrtps_c.h
[3.303s] -- Installing: /mission_planning_ws/src/install/mocap4r2_msgs/include/mocap4r2_msgs/mocap4r2_msgs/msg/detail/rigid_bodies__rosidl_typesupport_fastrtps_c.h
[3.303s] -- Installing: /mission_planning_ws/src/install/mocap4r2_msgs/include/mocap4r2_msgs/mocap4r2_msgs/msg/rosidl_typesupport_fastrtps_c__visibility_control.h
[3.303s] -- Installing: /mission_planning_ws/src/install/mocap4r2_msgs/lib/libmocap4r2_msgs__rosidl_typesupport_fastrtps_c.so
[3.303s] -- Set runtime path of "/mission_planning_ws/src/install/mocap4r2_msgs/lib/libmocap4r2_msgs__rosidl_typesupport_fastrtps_c.so" to ""
[3.303s] -- Up-to-date: /mission_planning_ws/src/install/mocap4r2_msgs/include/mocap4r2_msgs/mocap4r2_msgs
[3.304s] -- Up-to-date: /mission_planning_ws/src/install/mocap4r2_msgs/include/mocap4r2_msgs/mocap4r2_msgs/msg
[3.304s] -- Up-to-date: /mission_planning_ws/src/install/mocap4r2_msgs/include/mocap4r2_msgs/mocap4r2_msgs/msg/detail
[3.304s] -- Installing: /mission_planning_ws/src/install/mocap4r2_msgs/include/mocap4r2_msgs/mocap4r2_msgs/msg/detail/rigid_bodies__rosidl_typesupport_introspection_c.h
[3.304s] -- Installing: /mission_planning_ws/src/install/mocap4r2_msgs/include/mocap4r2_msgs/mocap4r2_msgs/msg/detail/marker__type_support.c
[3.304s] -- Installing: /mission_planning_ws/src/install/mocap4r2_msgs/include/mocap4r2_msgs/mocap4r2_msgs/msg/detail/imus_info__rosidl_typesupport_introspection_c.h
[3.304s] -- Installing: /mission_planning_ws/src/install/mocap4r2_msgs/include/mocap4r2_msgs/mocap4r2_msgs/msg/detail/rigid_bodies__type_support.c
[3.304s] -- Installing: /mission_planning_ws/src/install/mocap4r2_msgs/include/mocap4r2_msgs/mocap4r2_msgs/msg/detail/markers__rosidl_typesupport_introspection_c.h
[3.304s] -- Installing: /mission_planning_ws/src/install/mocap4r2_msgs/include/mocap4r2_msgs/mocap4r2_msgs/msg/detail/imus_info__type_support.c
[3.304s] -- Installing: /mission_planning_ws/src/install/mocap4r2_msgs/include/mocap4r2_msgs/mocap4r2_msgs/msg/detail/rigid_body__type_support.c
[3.304s] -- Installing: /mission_planning_ws/src/install/mocap4r2_msgs/include/mocap4r2_msgs/mocap4r2_msgs/msg/detail/rigid_body__rosidl_typesupport_introspection_c.h
[3.304s] -- Installing: /mission_planning_ws/src/install/mocap4r2_msgs/include/mocap4r2_msgs/mocap4r2_msgs/msg/detail/markers__type_support.c
[3.304s] -- Installing: /mission_planning_ws/src/install/mocap4r2_msgs/include/mocap4r2_msgs/mocap4r2_msgs/msg/detail/marker__rosidl_typesupport_introspection_c.h
[3.304s] -- Installing: /mission_planning_ws/src/install/mocap4r2_msgs/include/mocap4r2_msgs/mocap4r2_msgs/msg/rosidl_typesupport_introspection_c__visibility_control.h
[3.304s] -- Installing: /mission_planning_ws/src/install/mocap4r2_msgs/lib/libmocap4r2_msgs__rosidl_typesupport_introspection_c.so
[3.305s] -- Set runtime path of "/mission_planning_ws/src/install/mocap4r2_msgs/lib/libmocap4r2_msgs__rosidl_typesupport_introspection_c.so" to ""
[3.305s] -- Installing: /mission_planning_ws/src/install/mocap4r2_msgs/lib/libmocap4r2_msgs__rosidl_typesupport_c.so
[3.305s] -- Set runtime path of "/mission_planning_ws/src/install/mocap4r2_msgs/lib/libmocap4r2_msgs__rosidl_typesupport_c.so" to ""
[3.305s] -- Up-to-date: /mission_planning_ws/src/install/mocap4r2_msgs/include/mocap4r2_msgs/mocap4r2_msgs
[3.305s] -- Up-to-date: /mission_planning_ws/src/install/mocap4r2_msgs/include/mocap4r2_msgs/mocap4r2_msgs/msg
[3.305s] -- Installing: /mission_planning_ws/src/install/mocap4r2_msgs/include/mocap4r2_msgs/mocap4r2_msgs/msg/marker.hpp
[3.305s] -- Installing: /mission_planning_ws/src/install/mocap4r2_msgs/include/mocap4r2_msgs/mocap4r2_msgs/msg/markers.hpp
[3.305s] -- Up-to-date: /mission_planning_ws/src/install/mocap4r2_msgs/include/mocap4r2_msgs/mocap4r2_msgs/msg/detail
[3.305s] -- Installing: /mission_planning_ws/src/install/mocap4r2_msgs/include/mocap4r2_msgs/mocap4r2_msgs/msg/detail/marker__traits.hpp
[3.305s] -- Installing: /mission_planning_ws/src/install/mocap4r2_msgs/include/mocap4r2_msgs/mocap4r2_msgs/msg/detail/marker__struct.hpp
[3.305s] -- Installing: /mission_planning_ws/src/install/mocap4r2_msgs/include/mocap4r2_msgs/mocap4r2_msgs/msg/detail/imus_info__builder.hpp
[3.305s] -- Installing: /mission_planning_ws/src/install/mocap4r2_msgs/include/mocap4r2_msgs/mocap4r2_msgs/msg/detail/imus_info__struct.hpp
[3.305s] -- Installing: /mission_planning_ws/src/install/mocap4r2_msgs/include/mocap4r2_msgs/mocap4r2_msgs/msg/detail/rigid_body__type_support.hpp
[3.305s] -- Installing: /mission_planning_ws/src/install/mocap4r2_msgs/include/mocap4r2_msgs/mocap4r2_msgs/msg/detail/rigid_body__traits.hpp
[3.305s] -- Installing: /mission_planning_ws/src/install/mocap4r2_msgs/include/mocap4r2_msgs/mocap4r2_msgs/msg/detail/marker__type_support.hpp
[3.305s] -- Installing: /mission_planning_ws/src/install/mocap4r2_msgs/include/mocap4r2_msgs/mocap4r2_msgs/msg/detail/markers__traits.hpp
[3.305s] -- Installing: /mission_planning_ws/src/install/mocap4r2_msgs/include/mocap4r2_msgs/mocap4r2_msgs/msg/detail/rigid_bodies__struct.hpp
[3.306s] -- Installing: /mission_planning_ws/src/install/mocap4r2_msgs/include/mocap4r2_msgs/mocap4r2_msgs/msg/detail/markers__builder.hpp
[3.306s] -- Installing: /mission_planning_ws/src/install/mocap4r2_msgs/include/mocap4r2_msgs/mocap4r2_msgs/msg/detail/marker__builder.hpp
[3.306s] -- Installing: /mission_planning_ws/src/install/mocap4r2_msgs/include/mocap4r2_msgs/mocap4r2_msgs/msg/detail/markers__type_support.hpp
[3.306s] -- Installing: /mission_planning_ws/src/install/mocap4r2_msgs/include/mocap4r2_msgs/mocap4r2_msgs/msg/detail/imus_info__traits.hpp
[3.306s] -- Installing: /mission_planning_ws/src/install/mocap4r2_msgs/include/mocap4r2_msgs/mocap4r2_msgs/msg/detail/rigid_bodies__builder.hpp
[3.306s] -- Installing: /mission_planning_ws/src/install/mocap4r2_msgs/include/mocap4r2_msgs/mocap4r2_msgs/msg/detail/rigid_bodies__traits.hpp
[3.306s] -- Installing: /mission_planning_ws/src/install/mocap4r2_msgs/include/mocap4r2_msgs/mocap4r2_msgs/msg/detail/rigid_body__builder.hpp
[3.306s] -- Installing: /mission_planning_ws/src/install/mocap4r2_msgs/include/mocap4r2_msgs/mocap4r2_msgs/msg/detail/rigid_bodies__type_support.hpp
[3.306s] -- Installing: /mission_planning_ws/src/install/mocap4r2_msgs/include/mocap4r2_msgs/mocap4r2_msgs/msg/detail/markers__struct.hpp
[3.306s] -- Installing: /mission_planning_ws/src/install/mocap4r2_msgs/include/mocap4r2_msgs/mocap4r2_msgs/msg/detail/imus_info__type_support.hpp
[3.306s] -- Installing: /mission_planning_ws/src/install/mocap4r2_msgs/include/mocap4r2_msgs/mocap4r2_msgs/msg/detail/rigid_body__struct.hpp
[3.306s] -- Installing: /mission_planning_ws/src/install/mocap4r2_msgs/include/mocap4r2_msgs/mocap4r2_msgs/msg/rigid_body.hpp
[3.306s] -- Installing: /mission_planning_ws/src/install/mocap4r2_msgs/include/mocap4r2_msgs/mocap4r2_msgs/msg/rosidl_generator_cpp__visibility_control.hpp
[3.306s] -- Installing: /mission_planning_ws/src/install/mocap4r2_msgs/include/mocap4r2_msgs/mocap4r2_msgs/msg/imus_info.hpp
[3.306s] -- Installing: /mission_planning_ws/src/install/mocap4r2_msgs/include/mocap4r2_msgs/mocap4r2_msgs/msg/rigid_bodies.hpp
[3.306s] -- Up-to-date: /mission_planning_ws/src/install/mocap4r2_msgs/include/mocap4r2_msgs/mocap4r2_msgs
[3.307s] -- Up-to-date: /mission_planning_ws/src/install/mocap4r2_msgs/include/mocap4r2_msgs/mocap4r2_msgs/msg
[3.307s] -- Installing: /mission_planning_ws/src/install/mocap4r2_msgs/include/mocap4r2_msgs/mocap4r2_msgs/msg/rosidl_typesupport_fastrtps_cpp__visibility_control.h
[3.307s] -- Up-to-date: /mission_planning_ws/src/install/mocap4r2_msgs/include/mocap4r2_msgs/mocap4r2_msgs/msg/detail
[3.307s] -- Installing: /mission_planning_ws/src/install/mocap4r2_msgs/include/mocap4r2_msgs/mocap4r2_msgs/msg/detail/rigid_bodies__rosidl_typesupport_fastrtps_cpp.hpp
[3.307s] -- Installing: /mission_planning_ws/src/install/mocap4r2_msgs/include/mocap4r2_msgs/mocap4r2_msgs/msg/detail/imus_info__rosidl_typesupport_fastrtps_cpp.hpp
[3.307s] -- Installing: /mission_planning_ws/src/install/mocap4r2_msgs/include/mocap4r2_msgs/mocap4r2_msgs/msg/detail/dds_fastrtps
[3.307s] -- Installing: /mission_planning_ws/src/install/mocap4r2_msgs/include/mocap4r2_msgs/mocap4r2_msgs/msg/detail/rigid_body__rosidl_typesupport_fastrtps_cpp.hpp
[3.307s] -- Installing: /mission_planning_ws/src/install/mocap4r2_msgs/include/mocap4r2_msgs/mocap4r2_msgs/msg/detail/marker__rosidl_typesupport_fastrtps_cpp.hpp
[3.307s] -- Installing: /mission_planning_ws/src/install/mocap4r2_msgs/include/mocap4r2_msgs/mocap4r2_msgs/msg/detail/markers__rosidl_typesupport_fastrtps_cpp.hpp
[3.307s] -- Installing: /mission_planning_ws/src/install/mocap4r2_msgs/lib/libmocap4r2_msgs__rosidl_typesupport_fastrtps_cpp.so
[3.307s] -- Set runtime path of "/mission_planning_ws/src/install/mocap4r2_msgs/lib/libmocap4r2_msgs__rosidl_typesupport_fastrtps_cpp.so" to ""
[3.307s] -- Up-to-date: /mission_planning_ws/src/install/mocap4r2_msgs/include/mocap4r2_msgs/mocap4r2_msgs
[3.307s] -- Up-to-date: /mission_planning_ws/src/install/mocap4r2_msgs/include/mocap4r2_msgs/mocap4r2_msgs/msg
[3.307s] -- Up-to-date: /mission_planning_ws/src/install/mocap4r2_msgs/include/mocap4r2_msgs/mocap4r2_msgs/msg/detail
[3.307s] -- Installing: /mission_planning_ws/src/install/mocap4r2_msgs/include/mocap4r2_msgs/mocap4r2_msgs/msg/detail/marker__type_support.cpp
[3.307s] -- Installing: /mission_planning_ws/src/install/mocap4r2_msgs/include/mocap4r2_msgs/mocap4r2_msgs/msg/detail/imus_info__rosidl_typesupport_introspection_cpp.hpp
[3.308s] -- Installing: /mission_planning_ws/src/install/mocap4r2_msgs/include/mocap4r2_msgs/mocap4r2_msgs/msg/detail/marker__rosidl_typesupport_introspection_cpp.hpp
[3.308s] -- Installing: /mission_planning_ws/src/install/mocap4r2_msgs/include/mocap4r2_msgs/mocap4r2_msgs/msg/detail/rigid_body__rosidl_typesupport_introspection_cpp.hpp
[3.308s] -- Installing: /mission_planning_ws/src/install/mocap4r2_msgs/include/mocap4r2_msgs/mocap4r2_msgs/msg/detail/markers__type_support.cpp
[3.308s] -- Installing: /mission_planning_ws/src/install/mocap4r2_msgs/include/mocap4r2_msgs/mocap4r2_msgs/msg/detail/rigid_bodies__type_support.cpp
[3.308s] -- Installing: /mission_planning_ws/src/install/mocap4r2_msgs/include/mocap4r2_msgs/mocap4r2_msgs/msg/detail/rigid_body__type_support.cpp
[3.308s] -- Installing: /mission_planning_ws/src/install/mocap4r2_msgs/include/mocap4r2_msgs/mocap4r2_msgs/msg/detail/rigid_bodies__rosidl_typesupport_introspection_cpp.hpp
[3.308s] -- Installing: /mission_planning_ws/src/install/mocap4r2_msgs/include/mocap4r2_msgs/mocap4r2_msgs/msg/detail/markers__rosidl_typesupport_introspection_cpp.hpp
[3.308s] -- Installing: /mission_planning_ws/src/install/mocap4r2_msgs/include/mocap4r2_msgs/mocap4r2_msgs/msg/detail/imus_info__type_support.cpp
[3.308s] -- Installing: /mission_planning_ws/src/install/mocap4r2_msgs/lib/libmocap4r2_msgs__rosidl_typesupport_introspection_cpp.so
[3.308s] -- Set runtime path of "/mission_planning_ws/src/install/mocap4r2_msgs/lib/libmocap4r2_msgs__rosidl_typesupport_introspection_cpp.so" to ""
[3.308s] -- Installing: /mission_planning_ws/src/install/mocap4r2_msgs/lib/libmocap4r2_msgs__rosidl_typesupport_cpp.so
[3.309s] -- Set runtime path of "/mission_planning_ws/src/install/mocap4r2_msgs/lib/libmocap4r2_msgs__rosidl_typesupport_cpp.so" to ""
[3.309s] -- Installing: /mission_planning_ws/src/install/mocap4r2_msgs/share/mocap4r2_msgs/environment/pythonpath.sh
[3.309s] -- Installing: /mission_planning_ws/src/install/mocap4r2_msgs/share/mocap4r2_msgs/environment/pythonpath.dsv
[3.309s] -- Installing: /mission_planning_ws/src/install/mocap4r2_msgs/local/lib/python3.10/dist-packages/mocap4r2_msgs-0.0.3-py3.10.egg-info
[3.309s] -- Installing: /mission_planning_ws/src/install/mocap4r2_msgs/local/lib/python3.10/dist-packages/mocap4r2_msgs-0.0.3-py3.10.egg-info/dependency_links.txt
[3.309s] -- Installing: /mission_planning_ws/src/install/mocap4r2_msgs/local/lib/python3.10/dist-packages/mocap4r2_msgs-0.0.3-py3.10.egg-info/PKG-INFO
[3.309s] -- Installing: /mission_planning_ws/src/install/mocap4r2_msgs/local/lib/python3.10/dist-packages/mocap4r2_msgs-0.0.3-py3.10.egg-info/top_level.txt
[3.309s] -- Installing: /mission_planning_ws/src/install/mocap4r2_msgs/local/lib/python3.10/dist-packages/mocap4r2_msgs-0.0.3-py3.10.egg-info/SOURCES.txt
[3.309s] -- Installing: /mission_planning_ws/src/install/mocap4r2_msgs/local/lib/python3.10/dist-packages/mocap4r2_msgs
[3.309s] -- Installing: /mission_planning_ws/src/install/mocap4r2_msgs/local/lib/python3.10/dist-packages/mocap4r2_msgs/__init__.py
[3.309s] -- Installing: /mission_planning_ws/src/install/mocap4r2_msgs/local/lib/python3.10/dist-packages/mocap4r2_msgs/_mocap4r2_msgs_s.ep.rosidl_typesupport_fastrtps_c.c
[3.309s] -- Installing: /mission_planning_ws/src/install/mocap4r2_msgs/local/lib/python3.10/dist-packages/mocap4r2_msgs/mocap4r2_msgs_s__rosidl_typesupport_fastrtps_c.cpython-310-x86_64-linux-gnu.so
[3.309s] -- Installing: /mission_planning_ws/src/install/mocap4r2_msgs/local/lib/python3.10/dist-packages/mocap4r2_msgs/_mocap4r2_msgs_s.ep.rosidl_typesupport_introspection_c.c
[3.309s] -- Installing: /mission_planning_ws/src/install/mocap4r2_msgs/local/lib/python3.10/dist-packages/mocap4r2_msgs/mocap4r2_msgs_s__rosidl_typesupport_c.cpython-310-x86_64-linux-gnu.so
[3.310s] -- Installing: /mission_planning_ws/src/install/mocap4r2_msgs/local/lib/python3.10/dist-packages/mocap4r2_msgs/msg
[3.310s] -- Installing: /mission_planning_ws/src/install/mocap4r2_msgs/local/lib/python3.10/dist-packages/mocap4r2_msgs/msg/__init__.py
[3.310s] -- Installing: /mission_planning_ws/src/install/mocap4r2_msgs/local/lib/python3.10/dist-packages/mocap4r2_msgs/msg/_rigid_bodies.py
[3.310s] -- Installing: /mission_planning_ws/src/install/mocap4r2_msgs/local/lib/python3.10/dist-packages/mocap4r2_msgs/msg/_rigid_body.py
[3.310s] -- Installing: /mission_planning_ws/src/install/mocap4r2_msgs/local/lib/python3.10/dist-packages/mocap4r2_msgs/msg/_imus_info.py
[3.310s] -- Installing: /mission_planning_ws/src/install/mocap4r2_msgs/local/lib/python3.10/dist-packages/mocap4r2_msgs/msg/_markers.py
[3.310s] -- Installing: /mission_planning_ws/src/install/mocap4r2_msgs/local/lib/python3.10/dist-packages/mocap4r2_msgs/msg/_markers_s.c
[3.310s] -- Installing: /mission_planning_ws/src/install/mocap4r2_msgs/local/lib/python3.10/dist-packages/mocap4r2_msgs/msg/_marker_s.c
[3.310s] -- Installing: /mission_planning_ws/src/install/mocap4r2_msgs/local/lib/python3.10/dist-packages/mocap4r2_msgs/msg/_marker.py
[3.310s] -- Installing: /mission_planning_ws/src/install/mocap4r2_msgs/local/lib/python3.10/dist-packages/mocap4r2_msgs/msg/_rigid_body_s.c
[3.310s] -- Installing: /mission_planning_ws/src/install/mocap4r2_msgs/local/lib/python3.10/dist-packages/mocap4r2_msgs/msg/_rigid_bodies_s.c
[3.310s] -- Installing: /mission_planning_ws/src/install/mocap4r2_msgs/local/lib/python3.10/dist-packages/mocap4r2_msgs/msg/_imus_info_s.c
[3.310s] -- Installing: /mission_planning_ws/src/install/mocap4r2_msgs/local/lib/python3.10/dist-packages/mocap4r2_msgs/mocap4r2_msgs_s__rosidl_typesupport_introspection_c.cpython-310-x86_64-linux-gnu.so
[3.310s] -- Installing: /mission_planning_ws/src/install/mocap4r2_msgs/local/lib/python3.10/dist-packages/mocap4r2_msgs/_mocap4r2_msgs_s.ep.rosidl_typesupport_c.c
[3.310s] -- Installing: /mission_planning_ws/src/install/mocap4r2_msgs/local/lib/python3.10/dist-packages/mocap4r2_msgs/libmocap4r2_msgs__rosidl_generator_py.so
[3.348s] Listing '/mission_planning_ws/src/install/mocap4r2_msgs/local/lib/python3.10/dist-packages/mocap4r2_msgs'...
[3.348s] Compiling '/mission_planning_ws/src/install/mocap4r2_msgs/local/lib/python3.10/dist-packages/mocap4r2_msgs/__init__.py'...
[3.348s] Listing '/mission_planning_ws/src/install/mocap4r2_msgs/local/lib/python3.10/dist-packages/mocap4r2_msgs/msg'...
[3.348s] Compiling '/mission_planning_ws/src/install/mocap4r2_msgs/local/lib/python3.10/dist-packages/mocap4r2_msgs/msg/__init__.py'...
[3.348s] Compiling '/mission_planning_ws/src/install/mocap4r2_msgs/local/lib/python3.10/dist-packages/mocap4r2_msgs/msg/_imus_info.py'...
[3.348s] Compiling '/mission_planning_ws/src/install/mocap4r2_msgs/local/lib/python3.10/dist-packages/mocap4r2_msgs/msg/_marker.py'...
[3.348s] Compiling '/mission_planning_ws/src/install/mocap4r2_msgs/local/lib/python3.10/dist-packages/mocap4r2_msgs/msg/_markers.py'...
[3.348s] Compiling '/mission_planning_ws/src/install/mocap4r2_msgs/local/lib/python3.10/dist-packages/mocap4r2_msgs/msg/_rigid_bodies.py'...
[3.348s] Compiling '/mission_planning_ws/src/install/mocap4r2_msgs/local/lib/python3.10/dist-packages/mocap4r2_msgs/msg/_rigid_body.py'...
[3.352s] -- Installing: /mission_planning_ws/src/install/mocap4r2_msgs/local/lib/python3.10/dist-packages/mocap4r2_msgs/mocap4r2_msgs_s__rosidl_typesupport_fastrtps_c.cpython-310-x86_64-linux-gnu.so
[3.353s] -- Set runtime path of "/mission_planning_ws/src/install/mocap4r2_msgs/local/lib/python3.10/dist-packages/mocap4r2_msgs/mocap4r2_msgs_s__rosidl_typesupport_fastrtps_c.cpython-310-x86_64-linux-gnu.so" to ""
[3.353s] -- Installing: /mission_planning_ws/src/install/mocap4r2_msgs/local/lib/python3.10/dist-packages/mocap4r2_msgs/mocap4r2_msgs_s__rosidl_typesupport_introspection_c.cpython-310-x86_64-linux-gnu.so
[3.353s] -- Set runtime path of "/mission_planning_ws/src/install/mocap4r2_msgs/local/lib/python3.10/dist-packages/mocap4r2_msgs/mocap4r2_msgs_s__rosidl_typesupport_introspection_c.cpython-310-x86_64-linux-gnu.so" to ""
[3.353s] -- Installing: /mission_planning_ws/src/install/mocap4r2_msgs/local/lib/python3.10/dist-packages/mocap4r2_msgs/mocap4r2_msgs_s__rosidl_typesupport_c.cpython-310-x86_64-linux-gnu.so
[3.354s] -- Set runtime path of "/mission_planning_ws/src/install/mocap4r2_msgs/local/lib/python3.10/dist-packages/mocap4r2_msgs/mocap4r2_msgs_s__rosidl_typesupport_c.cpython-310-x86_64-linux-gnu.so" to ""
[3.354s] -- Installing: /mission_planning_ws/src/install/mocap4r2_msgs/lib/libmocap4r2_msgs__rosidl_generator_py.so
[3.354s] -- Set runtime path of "/mission_planning_ws/src/install/mocap4r2_msgs/lib/libmocap4r2_msgs__rosidl_generator_py.so" to ""
[3.354s] -- Installing: /mission_planning_ws/src/install/mocap4r2_msgs/share/mocap4r2_msgs/msg/Marker.idl
[3.354s] -- Installing: /mission_planning_ws/src/install/mocap4r2_msgs/share/mocap4r2_msgs/msg/Markers.idl
[3.354s] -- Installing: /mission_planning_ws/src/install/mocap4r2_msgs/share/mocap4r2_msgs/msg/ImusInfo.idl
[3.354s] -- Installing: /mission_planning_ws/src/install/mocap4r2_msgs/share/mocap4r2_msgs/msg/RigidBody.idl
[3.354s] -- Installing: /mission_planning_ws/src/install/mocap4r2_msgs/share/mocap4r2_msgs/msg/RigidBodies.idl
[3.355s] -- Installing: /mission_planning_ws/src/install/mocap4r2_msgs/share/mocap4r2_msgs/msg/Marker.msg
[3.355s] -- Installing: /mission_planning_ws/src/install/mocap4r2_msgs/share/mocap4r2_msgs/msg/Markers.msg
[3.355s] -- Installing: /mission_planning_ws/src/install/mocap4r2_msgs/share/mocap4r2_msgs/msg/ImusInfo.msg
[3.355s] -- Installing: /mission_planning_ws/src/install/mocap4r2_msgs/share/mocap4r2_msgs/msg/RigidBody.msg
[3.355s] -- Installing: /mission_planning_ws/src/install/mocap4r2_msgs/share/mocap4r2_msgs/msg/RigidBodies.msg
[3.355s] -- Installing: /mission_planning_ws/src/install/mocap4r2_msgs/share/mocap4r2_msgs/mocap4r2_bridge_mapping_rule.yaml
[3.355s] -- Installing: /mission_planning_ws/src/install/mocap4r2_msgs/share/ament_index/resource_index/package_run_dependencies/mocap4r2_msgs
[3.355s] -- Installing: /mission_planning_ws/src/install/mocap4r2_msgs/share/ament_index/resource_index/parent_prefix_path/mocap4r2_msgs
[3.356s] -- Installing: /mission_planning_ws/src/install/mocap4r2_msgs/share/mocap4r2_msgs/environment/ament_prefix_path.sh
[3.356s] -- Installing: /mission_planning_ws/src/install/mocap4r2_msgs/share/mocap4r2_msgs/environment/ament_prefix_path.dsv
[3.356s] -- Installing: /mission_planning_ws/src/install/mocap4r2_msgs/share/mocap4r2_msgs/environment/path.sh
[3.356s] -- Installing: /mission_planning_ws/src/install/mocap4r2_msgs/share/mocap4r2_msgs/environment/path.dsv
[3.356s] -- Installing: /mission_planning_ws/src/install/mocap4r2_msgs/share/mocap4r2_msgs/local_setup.bash
[3.356s] -- Installing: /mission_planning_ws/src/install/mocap4r2_msgs/share/mocap4r2_msgs/local_setup.sh
[3.356s] -- Installing: /mission_planning_ws/src/install/mocap4r2_msgs/share/mocap4r2_msgs/local_setup.zsh
[3.356s] -- Installing: /mission_planning_ws/src/install/mocap4r2_msgs/share/mocap4r2_msgs/local_setup.dsv
[3.356s] -- Installing: /mission_planning_ws/src/install/mocap4r2_msgs/share/mocap4r2_msgs/package.dsv
[3.357s] -- Installing: /mission_planning_ws/src/install/mocap4r2_msgs/share/ament_index/resource_index/packages/mocap4r2_msgs
[3.357s] -- Installing: /mission_planning_ws/src/install/mocap4r2_msgs/share/mocap4r2_msgs/cmake/export_mocap4r2_msgs__rosidl_generator_cExport.cmake
[3.357s] -- Installing: /mission_planning_ws/src/install/mocap4r2_msgs/share/mocap4r2_msgs/cmake/export_mocap4r2_msgs__rosidl_generator_cExport-noconfig.cmake
[3.357s] -- Installing: /mission_planning_ws/src/install/mocap4r2_msgs/share/mocap4r2_msgs/cmake/export_mocap4r2_msgs__rosidl_typesupport_fastrtps_cExport.cmake
[3.357s] -- Installing: /mission_planning_ws/src/install/mocap4r2_msgs/share/mocap4r2_msgs/cmake/export_mocap4r2_msgs__rosidl_typesupport_fastrtps_cExport-noconfig.cmake
[3.357s] -- Installing: /mission_planning_ws/src/install/mocap4r2_msgs/share/mocap4r2_msgs/cmake/mocap4r2_msgs__rosidl_typesupport_introspection_cExport.cmake
[3.357s] -- Installing: /mission_planning_ws/src/install/mocap4r2_msgs/share/mocap4r2_msgs/cmake/mocap4r2_msgs__rosidl_typesupport_introspection_cExport-noconfig.cmake
[3.358s] -- Installing: /mission_planning_ws/src/install/mocap4r2_msgs/share/mocap4r2_msgs/cmake/mocap4r2_msgs__rosidl_typesupport_cExport.cmake
[3.358s] -- Installing: /mission_planning_ws/src/install/mocap4r2_msgs/share/mocap4r2_msgs/cmake/mocap4r2_msgs__rosidl_typesupport_cExport-noconfig.cmake
[3.358s] -- Installing: /mission_planning_ws/src/install/mocap4r2_msgs/share/mocap4r2_msgs/cmake/export_mocap4r2_msgs__rosidl_generator_cppExport.cmake
[3.358s] -- Installing: /mission_planning_ws/src/install/mocap4r2_msgs/share/mocap4r2_msgs/cmake/export_mocap4r2_msgs__rosidl_typesupport_fastrtps_cppExport.cmake
[3.358s] -- Installing: /mission_planning_ws/src/install/mocap4r2_msgs/share/mocap4r2_msgs/cmake/export_mocap4r2_msgs__rosidl_typesupport_fastrtps_cppExport-noconfig.cmake
[3.358s] -- Installing: /mission_planning_ws/src/install/mocap4r2_msgs/share/mocap4r2_msgs/cmake/mocap4r2_msgs__rosidl_typesupport_introspection_cppExport.cmake
[3.358s] -- Installing: /mission_planning_ws/src/install/mocap4r2_msgs/share/mocap4r2_msgs/cmake/mocap4r2_msgs__rosidl_typesupport_introspection_cppExport-noconfig.cmake
[3.358s] -- Installing: /mission_planning_ws/src/install/mocap4r2_msgs/share/mocap4r2_msgs/cmake/mocap4r2_msgs__rosidl_typesupport_cppExport.cmake
[3.359s] -- Installing: /mission_planning_ws/src/install/mocap4r2_msgs/share/mocap4r2_msgs/cmake/mocap4r2_msgs__rosidl_typesupport_cppExport-noconfig.cmake
[3.359s] -- Installing: /mission_planning_ws/src/install/mocap4r2_msgs/share/mocap4r2_msgs/cmake/export_mocap4r2_msgs__rosidl_generator_pyExport.cmake
[3.359s] -- Installing: /mission_planning_ws/src/install/mocap4r2_msgs/share/mocap4r2_msgs/cmake/export_mocap4r2_msgs__rosidl_generator_pyExport-noconfig.cmake
[3.359s] -- Installing: /mission_planning_ws/src/install/mocap4r2_msgs/share/mocap4r2_msgs/cmake/rosidl_cmake-extras.cmake
[3.359s] -- Installing: /mission_planning_ws/src/install/mocap4r2_msgs/share/mocap4r2_msgs/cmake/ament_cmake_export_dependencies-extras.cmake
[3.359s] -- Installing: /mission_planning_ws/src/install/mocap4r2_msgs/share/mocap4r2_msgs/cmake/ament_cmake_export_include_directories-extras.cmake
[3.359s] -- Installing: /mission_planning_ws/src/install/mocap4r2_msgs/share/mocap4r2_msgs/cmake/ament_cmake_export_libraries-extras.cmake
[3.359s] -- Installing: /mission_planning_ws/src/install/mocap4r2_msgs/share/mocap4r2_msgs/cmake/ament_cmake_export_targets-extras.cmake
[3.360s] -- Installing: /mission_planning_ws/src/install/mocap4r2_msgs/share/mocap4r2_msgs/cmake/rosidl_cmake_export_typesupport_targets-extras.cmake
[3.360s] -- Installing: /mission_planning_ws/src/install/mocap4r2_msgs/share/mocap4r2_msgs/cmake/rosidl_cmake_export_typesupport_libraries-extras.cmake
[3.360s] -- Installing: /mission_planning_ws/src/install/mocap4r2_msgs/share/mocap4r2_msgs/cmake/mocap4r2_msgsConfig.cmake
[3.360s] -- Installing: /mission_planning_ws/src/install/mocap4r2_msgs/share/mocap4r2_msgs/cmake/mocap4r2_msgsConfig-version.cmake
[3.360s] -- Installing: /mission_planning_ws/src/install/mocap4r2_msgs/share/mocap4r2_msgs/package.xml
[3.363s] Invoked command in '/mission_planning_ws/src/build/mocap4r2_msgs' returned '0': CMAKE_PREFIX_PATH=${CMAKE_PREFIX_PATH}:/root/project_gazebo_ws/install/as2_visualization:/root/project_gazebo_ws/install/as2_keyboard_teleoperation:/root/project_gazebo_ws/install/as2_python_api:/opt/ros/humble /usr/bin/cmake --install /mission_planning_ws/src/build/mocap4r2_msgs
