[0.015s] Invoking command in '/mission_planning_ws/build/mocap4r2_msgs': CMAKE_PREFIX_PATH=${CMAKE_PREFIX_PATH}:/root/project_gazebo_ws/install/as2_visualization:/root/project_gazebo_ws/install/as2_keyboard_teleoperation:/root/project_gazebo_ws/install/as2_python_api:/opt/ros/humble /usr/bin/cmake --build /mission_planning_ws/build/mocap4r2_msgs -- -j22 -l22
[0.147s] [  1%] Built target mocap4r2_msgs__cpp
[0.170s] [  1%] Built target ament_cmake_python_copy_mocap4r2_msgs
[0.180s] [ 12%] Built target mocap4r2_msgs__rosidl_generator_c
[0.189s] [ 23%] Built target mocap4r2_msgs__rosidl_typesupport_introspection_cpp
[0.189s] [ 34%] Built target mocap4r2_msgs__rosidl_typesupport_cpp
[0.194s] [ 46%] Built target mocap4r2_msgs__rosidl_typesupport_fastrtps_cpp
[0.207s] [ 57%] Built target mocap4r2_msgs__rosidl_typesupport_c
[0.211s] [ 68%] Built target mocap4r2_msgs__rosidl_typesupport_fastrtps_c
[0.211s] [ 79%] Built target mocap4r2_msgs__rosidl_typesupport_introspection_c
[0.229s] [ 79%] Built target mocap4r2_msgs
[0.251s] [ 80%] Built target mocap4r2_msgs__py
[0.281s] [ 90%] Built target mocap4r2_msgs__rosidl_generator_py
[0.304s] [ 93%] Built target mocap4r2_msgs__rosidl_typesupport_c__pyext
[0.305s] [ 96%] Built target mocap4r2_msgs__rosidl_typesupport_fastrtps_c__pyext
[0.305s] [100%] Built target mocap4r2_msgs__rosidl_typesupport_introspection_c__pyext
[0.325s] running egg_info
[0.325s] writing mocap4r2_msgs.egg-info/PKG-INFO
[0.325s] writing dependency_links to mocap4r2_msgs.egg-info/dependency_links.txt
[0.325s] writing top-level names to mocap4r2_msgs.egg-info/top_level.txt
[0.327s] reading manifest file 'mocap4r2_msgs.egg-info/SOURCES.txt'
[0.328s] writing manifest file 'mocap4r2_msgs.egg-info/SOURCES.txt'
[0.346s] [100%] Built target ament_cmake_python_build_mocap4r2_msgs_egg
[0.355s] Invoked command in '/mission_planning_ws/build/mocap4r2_msgs' returned '0': CMAKE_PREFIX_PATH=${CMAKE_PREFIX_PATH}:/root/project_gazebo_ws/install/as2_visualization:/root/project_gazebo_ws/install/as2_keyboard_teleoperation:/root/project_gazebo_ws/install/as2_python_api:/opt/ros/humble /usr/bin/cmake --build /mission_planning_ws/build/mocap4r2_msgs -- -j22 -l22
[0.357s] Invoking command in '/mission_planning_ws/build/mocap4r2_msgs': CMAKE_PREFIX_PATH=${CMAKE_PREFIX_PATH}:/root/project_gazebo_ws/install/as2_visualization:/root/project_gazebo_ws/install/as2_keyboard_teleoperation:/root/project_gazebo_ws/install/as2_python_api:/opt/ros/humble /usr/bin/cmake --install /mission_planning_ws/build/mocap4r2_msgs
[0.362s] -- Install configuration: ""
[0.363s] -- Up-to-date: /mission_planning_ws/install/mocap4r2_msgs/share/ament_index/resource_index/rosidl_interfaces/mocap4r2_msgs
[0.363s] -- Up-to-date: /mission_planning_ws/install/mocap4r2_msgs/include/mocap4r2_msgs/mocap4r2_msgs
[0.363s] -- Up-to-date: /mission_planning_ws/install/mocap4r2_msgs/include/mocap4r2_msgs/mocap4r2_msgs/msg
[0.363s] -- Up-to-date: /mission_planning_ws/install/mocap4r2_msgs/include/mocap4r2_msgs/mocap4r2_msgs/msg/rosidl_generator_c__visibility_control.h
[0.363s] -- Up-to-date: /mission_planning_ws/install/mocap4r2_msgs/include/mocap4r2_msgs/mocap4r2_msgs/msg/rigid_body.h
[0.363s] -- Up-to-date: /mission_planning_ws/install/mocap4r2_msgs/include/mocap4r2_msgs/mocap4r2_msgs/msg/marker.h
[0.363s] -- Up-to-date: /mission_planning_ws/install/mocap4r2_msgs/include/mocap4r2_msgs/mocap4r2_msgs/msg/rigid_bodies.h
[0.363s] -- Up-to-date: /mission_planning_ws/install/mocap4r2_msgs/include/mocap4r2_msgs/mocap4r2_msgs/msg/detail
[0.363s] -- Up-to-date: /mission_planning_ws/install/mocap4r2_msgs/include/mocap4r2_msgs/mocap4r2_msgs/msg/detail/rigid_body__functions.c
[0.363s] -- Up-to-date: /mission_planning_ws/install/mocap4r2_msgs/include/mocap4r2_msgs/mocap4r2_msgs/msg/detail/imus_info__struct.h
[0.364s] -- Up-to-date: /mission_planning_ws/install/mocap4r2_msgs/include/mocap4r2_msgs/mocap4r2_msgs/msg/detail/rigid_bodies__struct.h
[0.364s] -- Up-to-date: /mission_planning_ws/install/mocap4r2_msgs/include/mocap4r2_msgs/mocap4r2_msgs/msg/detail/marker__struct.h
[0.364s] -- Up-to-date: /mission_planning_ws/install/mocap4r2_msgs/include/mocap4r2_msgs/mocap4r2_msgs/msg/detail/rigid_body__functions.h
[0.364s] -- Up-to-date: /mission_planning_ws/install/mocap4r2_msgs/include/mocap4r2_msgs/mocap4r2_msgs/msg/detail/imus_info__type_support.h
[0.364s] -- Up-to-date: /mission_planning_ws/install/mocap4r2_msgs/include/mocap4r2_msgs/mocap4r2_msgs/msg/detail/rigid_body__struct.h
[0.364s] -- Up-to-date: /mission_planning_ws/install/mocap4r2_msgs/include/mocap4r2_msgs/mocap4r2_msgs/msg/detail/rigid_bodies__functions.c
[0.364s] -- Up-to-date: /mission_planning_ws/install/mocap4r2_msgs/include/mocap4r2_msgs/mocap4r2_msgs/msg/detail/marker__functions.h
[0.364s] -- Up-to-date: /mission_planning_ws/install/mocap4r2_msgs/include/mocap4r2_msgs/mocap4r2_msgs/msg/detail/markers__type_support.h
[0.364s] -- Up-to-date: /mission_planning_ws/install/mocap4r2_msgs/include/mocap4r2_msgs/mocap4r2_msgs/msg/detail/imus_info__functions.c
[0.364s] -- Up-to-date: /mission_planning_ws/install/mocap4r2_msgs/include/mocap4r2_msgs/mocap4r2_msgs/msg/detail/rigid_body__type_support.h
[0.364s] -- Up-to-date: /mission_planning_ws/install/mocap4r2_msgs/include/mocap4r2_msgs/mocap4r2_msgs/msg/detail/marker__functions.c
[0.364s] -- Up-to-date: /mission_planning_ws/install/mocap4r2_msgs/include/mocap4r2_msgs/mocap4r2_msgs/msg/detail/markers__functions.c
[0.364s] -- Up-to-date: /mission_planning_ws/install/mocap4r2_msgs/include/mocap4r2_msgs/mocap4r2_msgs/msg/detail/rigid_bodies__type_support.h
[0.364s] -- Up-to-date: /mission_planning_ws/install/mocap4r2_msgs/include/mocap4r2_msgs/mocap4r2_msgs/msg/detail/markers__functions.h
[0.364s] -- Up-to-date: /mission_planning_ws/install/mocap4r2_msgs/include/mocap4r2_msgs/mocap4r2_msgs/msg/detail/markers__struct.h
[0.364s] -- Up-to-date: /mission_planning_ws/install/mocap4r2_msgs/include/mocap4r2_msgs/mocap4r2_msgs/msg/detail/imus_info__functions.h
[0.364s] -- Up-to-date: /mission_planning_ws/install/mocap4r2_msgs/include/mocap4r2_msgs/mocap4r2_msgs/msg/detail/marker__type_support.h
[0.364s] -- Up-to-date: /mission_planning_ws/install/mocap4r2_msgs/include/mocap4r2_msgs/mocap4r2_msgs/msg/detail/rigid_bodies__functions.h
[0.364s] -- Up-to-date: /mission_planning_ws/install/mocap4r2_msgs/include/mocap4r2_msgs/mocap4r2_msgs/msg/imus_info.h
[0.364s] -- Up-to-date: /mission_planning_ws/install/mocap4r2_msgs/include/mocap4r2_msgs/mocap4r2_msgs/msg/markers.h
[0.364s] -- Up-to-date: /mission_planning_ws/install/mocap4r2_msgs/share/mocap4r2_msgs/environment/library_path.sh
[0.364s] -- Up-to-date: /mission_planning_ws/install/mocap4r2_msgs/share/mocap4r2_msgs/environment/library_path.dsv
[0.365s] -- Up-to-date: /mission_planning_ws/install/mocap4r2_msgs/lib/libmocap4r2_msgs__rosidl_generator_c.so
[0.365s] -- Up-to-date: /mission_planning_ws/install/mocap4r2_msgs/include/mocap4r2_msgs/mocap4r2_msgs
[0.365s] -- Up-to-date: /mission_planning_ws/install/mocap4r2_msgs/include/mocap4r2_msgs/mocap4r2_msgs/msg
[0.365s] -- Up-to-date: /mission_planning_ws/install/mocap4r2_msgs/include/mocap4r2_msgs/mocap4r2_msgs/msg/detail
[0.366s] -- Up-to-date: /mission_planning_ws/install/mocap4r2_msgs/include/mocap4r2_msgs/mocap4r2_msgs/msg/detail/imus_info__rosidl_typesupport_fastrtps_c.h
[0.366s] -- Up-to-date: /mission_planning_ws/install/mocap4r2_msgs/include/mocap4r2_msgs/mocap4r2_msgs/msg/detail/markers__rosidl_typesupport_fastrtps_c.h
[0.366s] -- Up-to-date: /mission_planning_ws/install/mocap4r2_msgs/include/mocap4r2_msgs/mocap4r2_msgs/msg/detail/rigid_body__rosidl_typesupport_fastrtps_c.h
[0.366s] -- Up-to-date: /mission_planning_ws/install/mocap4r2_msgs/include/mocap4r2_msgs/mocap4r2_msgs/msg/detail/marker__rosidl_typesupport_fastrtps_c.h
[0.366s] -- Up-to-date: /mission_planning_ws/install/mocap4r2_msgs/include/mocap4r2_msgs/mocap4r2_msgs/msg/detail/rigid_bodies__rosidl_typesupport_fastrtps_c.h
[0.366s] -- Up-to-date: /mission_planning_ws/install/mocap4r2_msgs/include/mocap4r2_msgs/mocap4r2_msgs/msg/rosidl_typesupport_fastrtps_c__visibility_control.h
[0.366s] -- Up-to-date: /mission_planning_ws/install/mocap4r2_msgs/lib/libmocap4r2_msgs__rosidl_typesupport_fastrtps_c.so
[0.366s] -- Up-to-date: /mission_planning_ws/install/mocap4r2_msgs/include/mocap4r2_msgs/mocap4r2_msgs
[0.366s] -- Up-to-date: /mission_planning_ws/install/mocap4r2_msgs/include/mocap4r2_msgs/mocap4r2_msgs/msg
[0.367s] -- Up-to-date: /mission_planning_ws/install/mocap4r2_msgs/include/mocap4r2_msgs/mocap4r2_msgs/msg/detail
[0.367s] -- Up-to-date: /mission_planning_ws/install/mocap4r2_msgs/include/mocap4r2_msgs/mocap4r2_msgs/msg/detail/rigid_bodies__rosidl_typesupport_introspection_c.h
[0.367s] -- Up-to-date: /mission_planning_ws/install/mocap4r2_msgs/include/mocap4r2_msgs/mocap4r2_msgs/msg/detail/marker__type_support.c
[0.367s] -- Up-to-date: /mission_planning_ws/install/mocap4r2_msgs/include/mocap4r2_msgs/mocap4r2_msgs/msg/detail/imus_info__rosidl_typesupport_introspection_c.h
[0.367s] -- Up-to-date: /mission_planning_ws/install/mocap4r2_msgs/include/mocap4r2_msgs/mocap4r2_msgs/msg/detail/rigid_bodies__type_support.c
[0.367s] -- Up-to-date: /mission_planning_ws/install/mocap4r2_msgs/include/mocap4r2_msgs/mocap4r2_msgs/msg/detail/markers__rosidl_typesupport_introspection_c.h
[0.367s] -- Up-to-date: /mission_planning_ws/install/mocap4r2_msgs/include/mocap4r2_msgs/mocap4r2_msgs/msg/detail/imus_info__type_support.c
[0.367s] -- Up-to-date: /mission_planning_ws/install/mocap4r2_msgs/include/mocap4r2_msgs/mocap4r2_msgs/msg/detail/rigid_body__type_support.c
[0.367s] -- Up-to-date: /mission_planning_ws/install/mocap4r2_msgs/include/mocap4r2_msgs/mocap4r2_msgs/msg/detail/rigid_body__rosidl_typesupport_introspection_c.h
[0.367s] -- Up-to-date: /mission_planning_ws/install/mocap4r2_msgs/include/mocap4r2_msgs/mocap4r2_msgs/msg/detail/markers__type_support.c
[0.367s] -- Up-to-date: /mission_planning_ws/install/mocap4r2_msgs/include/mocap4r2_msgs/mocap4r2_msgs/msg/detail/marker__rosidl_typesupport_introspection_c.h
[0.367s] -- Up-to-date: /mission_planning_ws/install/mocap4r2_msgs/include/mocap4r2_msgs/mocap4r2_msgs/msg/rosidl_typesupport_introspection_c__visibility_control.h
[0.367s] -- Up-to-date: /mission_planning_ws/install/mocap4r2_msgs/lib/libmocap4r2_msgs__rosidl_typesupport_introspection_c.so
[0.368s] -- Up-to-date: /mission_planning_ws/install/mocap4r2_msgs/lib/libmocap4r2_msgs__rosidl_typesupport_c.so
[0.368s] -- Up-to-date: /mission_planning_ws/install/mocap4r2_msgs/include/mocap4r2_msgs/mocap4r2_msgs
[0.368s] -- Up-to-date: /mission_planning_ws/install/mocap4r2_msgs/include/mocap4r2_msgs/mocap4r2_msgs/msg
[0.368s] -- Up-to-date: /mission_planning_ws/install/mocap4r2_msgs/include/mocap4r2_msgs/mocap4r2_msgs/msg/marker.hpp
[0.368s] -- Up-to-date: /mission_planning_ws/install/mocap4r2_msgs/include/mocap4r2_msgs/mocap4r2_msgs/msg/markers.hpp
[0.368s] -- Up-to-date: /mission_planning_ws/install/mocap4r2_msgs/include/mocap4r2_msgs/mocap4r2_msgs/msg/detail
[0.368s] -- Up-to-date: /mission_planning_ws/install/mocap4r2_msgs/include/mocap4r2_msgs/mocap4r2_msgs/msg/detail/marker__traits.hpp
[0.368s] -- Up-to-date: /mission_planning_ws/install/mocap4r2_msgs/include/mocap4r2_msgs/mocap4r2_msgs/msg/detail/marker__struct.hpp
[0.368s] -- Up-to-date: /mission_planning_ws/install/mocap4r2_msgs/include/mocap4r2_msgs/mocap4r2_msgs/msg/detail/imus_info__builder.hpp
[0.368s] -- Up-to-date: /mission_planning_ws/install/mocap4r2_msgs/include/mocap4r2_msgs/mocap4r2_msgs/msg/detail/imus_info__struct.hpp
[0.368s] -- Up-to-date: /mission_planning_ws/install/mocap4r2_msgs/include/mocap4r2_msgs/mocap4r2_msgs/msg/detail/rigid_body__type_support.hpp
[0.368s] -- Up-to-date: /mission_planning_ws/install/mocap4r2_msgs/include/mocap4r2_msgs/mocap4r2_msgs/msg/detail/rigid_body__traits.hpp
[0.368s] -- Up-to-date: /mission_planning_ws/install/mocap4r2_msgs/include/mocap4r2_msgs/mocap4r2_msgs/msg/detail/marker__type_support.hpp
[0.368s] -- Up-to-date: /mission_planning_ws/install/mocap4r2_msgs/include/mocap4r2_msgs/mocap4r2_msgs/msg/detail/markers__traits.hpp
[0.368s] -- Up-to-date: /mission_planning_ws/install/mocap4r2_msgs/include/mocap4r2_msgs/mocap4r2_msgs/msg/detail/rigid_bodies__struct.hpp
[0.369s] -- Up-to-date: /mission_planning_ws/install/mocap4r2_msgs/include/mocap4r2_msgs/mocap4r2_msgs/msg/detail/markers__builder.hpp
[0.369s] -- Up-to-date: /mission_planning_ws/install/mocap4r2_msgs/include/mocap4r2_msgs/mocap4r2_msgs/msg/detail/marker__builder.hpp
[0.369s] -- Up-to-date: /mission_planning_ws/install/mocap4r2_msgs/include/mocap4r2_msgs/mocap4r2_msgs/msg/detail/markers__type_support.hpp
[0.369s] -- Up-to-date: /mission_planning_ws/install/mocap4r2_msgs/include/mocap4r2_msgs/mocap4r2_msgs/msg/detail/imus_info__traits.hpp
[0.369s] -- Up-to-date: /mission_planning_ws/install/mocap4r2_msgs/include/mocap4r2_msgs/mocap4r2_msgs/msg/detail/rigid_bodies__builder.hpp
[0.369s] -- Up-to-date: /mission_planning_ws/install/mocap4r2_msgs/include/mocap4r2_msgs/mocap4r2_msgs/msg/detail/rigid_bodies__traits.hpp
[0.369s] -- Up-to-date: /mission_planning_ws/install/mocap4r2_msgs/include/mocap4r2_msgs/mocap4r2_msgs/msg/detail/rigid_body__builder.hpp
[0.369s] -- Up-to-date: /mission_planning_ws/install/mocap4r2_msgs/include/mocap4r2_msgs/mocap4r2_msgs/msg/detail/rigid_bodies__type_support.hpp
[0.369s] -- Up-to-date: /mission_planning_ws/install/mocap4r2_msgs/include/mocap4r2_msgs/mocap4r2_msgs/msg/detail/markers__struct.hpp
[0.369s] -- Up-to-date: /mission_planning_ws/install/mocap4r2_msgs/include/mocap4r2_msgs/mocap4r2_msgs/msg/detail/imus_info__type_support.hpp
[0.369s] -- Up-to-date: /mission_planning_ws/install/mocap4r2_msgs/include/mocap4r2_msgs/mocap4r2_msgs/msg/detail/rigid_body__struct.hpp
[0.369s] -- Up-to-date: /mission_planning_ws/install/mocap4r2_msgs/include/mocap4r2_msgs/mocap4r2_msgs/msg/rigid_body.hpp
[0.369s] -- Up-to-date: /mission_planning_ws/install/mocap4r2_msgs/include/mocap4r2_msgs/mocap4r2_msgs/msg/rosidl_generator_cpp__visibility_control.hpp
[0.369s] -- Up-to-date: /mission_planning_ws/install/mocap4r2_msgs/include/mocap4r2_msgs/mocap4r2_msgs/msg/imus_info.hpp
[0.369s] -- Up-to-date: /mission_planning_ws/install/mocap4r2_msgs/include/mocap4r2_msgs/mocap4r2_msgs/msg/rigid_bodies.hpp
[0.369s] -- Up-to-date: /mission_planning_ws/install/mocap4r2_msgs/include/mocap4r2_msgs/mocap4r2_msgs
[0.369s] -- Up-to-date: /mission_planning_ws/install/mocap4r2_msgs/include/mocap4r2_msgs/mocap4r2_msgs/msg
[0.369s] -- Up-to-date: /mission_planning_ws/install/mocap4r2_msgs/include/mocap4r2_msgs/mocap4r2_msgs/msg/rosidl_typesupport_fastrtps_cpp__visibility_control.h
[0.369s] -- Up-to-date: /mission_planning_ws/install/mocap4r2_msgs/include/mocap4r2_msgs/mocap4r2_msgs/msg/detail
[0.369s] -- Up-to-date: /mission_planning_ws/install/mocap4r2_msgs/include/mocap4r2_msgs/mocap4r2_msgs/msg/detail/rigid_bodies__rosidl_typesupport_fastrtps_cpp.hpp
[0.369s] -- Up-to-date: /mission_planning_ws/install/mocap4r2_msgs/include/mocap4r2_msgs/mocap4r2_msgs/msg/detail/imus_info__rosidl_typesupport_fastrtps_cpp.hpp
[0.369s] -- Up-to-date: /mission_planning_ws/install/mocap4r2_msgs/include/mocap4r2_msgs/mocap4r2_msgs/msg/detail/dds_fastrtps
[0.369s] -- Up-to-date: /mission_planning_ws/install/mocap4r2_msgs/include/mocap4r2_msgs/mocap4r2_msgs/msg/detail/rigid_body__rosidl_typesupport_fastrtps_cpp.hpp
[0.369s] -- Up-to-date: /mission_planning_ws/install/mocap4r2_msgs/include/mocap4r2_msgs/mocap4r2_msgs/msg/detail/marker__rosidl_typesupport_fastrtps_cpp.hpp
[0.369s] -- Up-to-date: /mission_planning_ws/install/mocap4r2_msgs/include/mocap4r2_msgs/mocap4r2_msgs/msg/detail/markers__rosidl_typesupport_fastrtps_cpp.hpp
[0.370s] -- Up-to-date: /mission_planning_ws/install/mocap4r2_msgs/lib/libmocap4r2_msgs__rosidl_typesupport_fastrtps_cpp.so
[0.370s] -- Up-to-date: /mission_planning_ws/install/mocap4r2_msgs/include/mocap4r2_msgs/mocap4r2_msgs
[0.370s] -- Up-to-date: /mission_planning_ws/install/mocap4r2_msgs/include/mocap4r2_msgs/mocap4r2_msgs/msg
[0.370s] -- Up-to-date: /mission_planning_ws/install/mocap4r2_msgs/include/mocap4r2_msgs/mocap4r2_msgs/msg/detail
[0.370s] -- Up-to-date: /mission_planning_ws/install/mocap4r2_msgs/include/mocap4r2_msgs/mocap4r2_msgs/msg/detail/marker__type_support.cpp
[0.370s] -- Up-to-date: /mission_planning_ws/install/mocap4r2_msgs/include/mocap4r2_msgs/mocap4r2_msgs/msg/detail/imus_info__rosidl_typesupport_introspection_cpp.hpp
[0.370s] -- Up-to-date: /mission_planning_ws/install/mocap4r2_msgs/include/mocap4r2_msgs/mocap4r2_msgs/msg/detail/marker__rosidl_typesupport_introspection_cpp.hpp
[0.370s] -- Up-to-date: /mission_planning_ws/install/mocap4r2_msgs/include/mocap4r2_msgs/mocap4r2_msgs/msg/detail/rigid_body__rosidl_typesupport_introspection_cpp.hpp
[0.370s] -- Up-to-date: /mission_planning_ws/install/mocap4r2_msgs/include/mocap4r2_msgs/mocap4r2_msgs/msg/detail/markers__type_support.cpp
[0.370s] -- Up-to-date: /mission_planning_ws/install/mocap4r2_msgs/include/mocap4r2_msgs/mocap4r2_msgs/msg/detail/rigid_bodies__type_support.cpp
[0.370s] -- Up-to-date: /mission_planning_ws/install/mocap4r2_msgs/include/mocap4r2_msgs/mocap4r2_msgs/msg/detail/rigid_body__type_support.cpp
[0.370s] -- Up-to-date: /mission_planning_ws/install/mocap4r2_msgs/include/mocap4r2_msgs/mocap4r2_msgs/msg/detail/rigid_bodies__rosidl_typesupport_introspection_cpp.hpp
[0.370s] -- Up-to-date: /mission_planning_ws/install/mocap4r2_msgs/include/mocap4r2_msgs/mocap4r2_msgs/msg/detail/markers__rosidl_typesupport_introspection_cpp.hpp
[0.370s] -- Up-to-date: /mission_planning_ws/install/mocap4r2_msgs/include/mocap4r2_msgs/mocap4r2_msgs/msg/detail/imus_info__type_support.cpp
[0.371s] -- Up-to-date: /mission_planning_ws/install/mocap4r2_msgs/lib/libmocap4r2_msgs__rosidl_typesupport_introspection_cpp.so
[0.371s] -- Up-to-date: /mission_planning_ws/install/mocap4r2_msgs/lib/libmocap4r2_msgs__rosidl_typesupport_cpp.so
[0.371s] -- Up-to-date: /mission_planning_ws/install/mocap4r2_msgs/share/mocap4r2_msgs/environment/pythonpath.sh
[0.371s] -- Up-to-date: /mission_planning_ws/install/mocap4r2_msgs/share/mocap4r2_msgs/environment/pythonpath.dsv
[0.372s] -- Up-to-date: /mission_planning_ws/install/mocap4r2_msgs/local/lib/python3.10/dist-packages/mocap4r2_msgs-0.0.3-py3.10.egg-info
[0.372s] -- Installing: /mission_planning_ws/install/mocap4r2_msgs/local/lib/python3.10/dist-packages/mocap4r2_msgs-0.0.3-py3.10.egg-info/dependency_links.txt
[0.372s] -- Installing: /mission_planning_ws/install/mocap4r2_msgs/local/lib/python3.10/dist-packages/mocap4r2_msgs-0.0.3-py3.10.egg-info/PKG-INFO
[0.372s] -- Installing: /mission_planning_ws/install/mocap4r2_msgs/local/lib/python3.10/dist-packages/mocap4r2_msgs-0.0.3-py3.10.egg-info/top_level.txt
[0.372s] -- Installing: /mission_planning_ws/install/mocap4r2_msgs/local/lib/python3.10/dist-packages/mocap4r2_msgs-0.0.3-py3.10.egg-info/SOURCES.txt
[0.372s] -- Up-to-date: /mission_planning_ws/install/mocap4r2_msgs/local/lib/python3.10/dist-packages/mocap4r2_msgs
[0.373s] -- Up-to-date: /mission_planning_ws/install/mocap4r2_msgs/local/lib/python3.10/dist-packages/mocap4r2_msgs/__init__.py
[0.373s] -- Up-to-date: /mission_planning_ws/install/mocap4r2_msgs/local/lib/python3.10/dist-packages/mocap4r2_msgs/_mocap4r2_msgs_s.ep.rosidl_typesupport_fastrtps_c.c
[0.373s] -- Up-to-date: /mission_planning_ws/install/mocap4r2_msgs/local/lib/python3.10/dist-packages/mocap4r2_msgs/mocap4r2_msgs_s__rosidl_typesupport_fastrtps_c.cpython-310-x86_64-linux-gnu.so
[0.373s] -- Up-to-date: /mission_planning_ws/install/mocap4r2_msgs/local/lib/python3.10/dist-packages/mocap4r2_msgs/_mocap4r2_msgs_s.ep.rosidl_typesupport_introspection_c.c
[0.373s] -- Up-to-date: /mission_planning_ws/install/mocap4r2_msgs/local/lib/python3.10/dist-packages/mocap4r2_msgs/mocap4r2_msgs_s__rosidl_typesupport_c.cpython-310-x86_64-linux-gnu.so
[0.373s] -- Up-to-date: /mission_planning_ws/install/mocap4r2_msgs/local/lib/python3.10/dist-packages/mocap4r2_msgs/msg
[0.373s] -- Up-to-date: /mission_planning_ws/install/mocap4r2_msgs/local/lib/python3.10/dist-packages/mocap4r2_msgs/msg/__init__.py
[0.373s] -- Up-to-date: /mission_planning_ws/install/mocap4r2_msgs/local/lib/python3.10/dist-packages/mocap4r2_msgs/msg/_rigid_bodies.py
[0.373s] -- Up-to-date: /mission_planning_ws/install/mocap4r2_msgs/local/lib/python3.10/dist-packages/mocap4r2_msgs/msg/_rigid_body.py
[0.373s] -- Up-to-date: /mission_planning_ws/install/mocap4r2_msgs/local/lib/python3.10/dist-packages/mocap4r2_msgs/msg/_imus_info.py
[0.373s] -- Up-to-date: /mission_planning_ws/install/mocap4r2_msgs/local/lib/python3.10/dist-packages/mocap4r2_msgs/msg/_markers.py
[0.373s] -- Up-to-date: /mission_planning_ws/install/mocap4r2_msgs/local/lib/python3.10/dist-packages/mocap4r2_msgs/msg/_markers_s.c
[0.373s] -- Up-to-date: /mission_planning_ws/install/mocap4r2_msgs/local/lib/python3.10/dist-packages/mocap4r2_msgs/msg/_marker_s.c
[0.373s] -- Up-to-date: /mission_planning_ws/install/mocap4r2_msgs/local/lib/python3.10/dist-packages/mocap4r2_msgs/msg/_marker.py
[0.373s] -- Up-to-date: /mission_planning_ws/install/mocap4r2_msgs/local/lib/python3.10/dist-packages/mocap4r2_msgs/msg/_rigid_body_s.c
[0.373s] -- Up-to-date: /mission_planning_ws/install/mocap4r2_msgs/local/lib/python3.10/dist-packages/mocap4r2_msgs/msg/_rigid_bodies_s.c
[0.373s] -- Up-to-date: /mission_planning_ws/install/mocap4r2_msgs/local/lib/python3.10/dist-packages/mocap4r2_msgs/msg/_imus_info_s.c
[0.373s] -- Up-to-date: /mission_planning_ws/install/mocap4r2_msgs/local/lib/python3.10/dist-packages/mocap4r2_msgs/mocap4r2_msgs_s__rosidl_typesupport_introspection_c.cpython-310-x86_64-linux-gnu.so
[0.373s] -- Up-to-date: /mission_planning_ws/install/mocap4r2_msgs/local/lib/python3.10/dist-packages/mocap4r2_msgs/_mocap4r2_msgs_s.ep.rosidl_typesupport_c.c
[0.373s] -- Up-to-date: /mission_planning_ws/install/mocap4r2_msgs/local/lib/python3.10/dist-packages/mocap4r2_msgs/libmocap4r2_msgs__rosidl_generator_py.so
[0.407s] Listing '/mission_planning_ws/install/mocap4r2_msgs/local/lib/python3.10/dist-packages/mocap4r2_msgs'...
[0.407s] Listing '/mission_planning_ws/install/mocap4r2_msgs/local/lib/python3.10/dist-packages/mocap4r2_msgs/msg'...
[0.412s] -- Up-to-date: /mission_planning_ws/install/mocap4r2_msgs/local/lib/python3.10/dist-packages/mocap4r2_msgs/mocap4r2_msgs_s__rosidl_typesupport_fastrtps_c.cpython-310-x86_64-linux-gnu.so
[0.413s] -- Up-to-date: /mission_planning_ws/install/mocap4r2_msgs/local/lib/python3.10/dist-packages/mocap4r2_msgs/mocap4r2_msgs_s__rosidl_typesupport_introspection_c.cpython-310-x86_64-linux-gnu.so
[0.414s] -- Up-to-date: /mission_planning_ws/install/mocap4r2_msgs/local/lib/python3.10/dist-packages/mocap4r2_msgs/mocap4r2_msgs_s__rosidl_typesupport_c.cpython-310-x86_64-linux-gnu.so
[0.415s] -- Up-to-date: /mission_planning_ws/install/mocap4r2_msgs/lib/libmocap4r2_msgs__rosidl_generator_py.so
[0.415s] -- Up-to-date: /mission_planning_ws/install/mocap4r2_msgs/share/mocap4r2_msgs/msg/Marker.idl
[0.416s] -- Up-to-date: /mission_planning_ws/install/mocap4r2_msgs/share/mocap4r2_msgs/msg/Markers.idl
[0.416s] -- Up-to-date: /mission_planning_ws/install/mocap4r2_msgs/share/mocap4r2_msgs/msg/ImusInfo.idl
[0.416s] -- Up-to-date: /mission_planning_ws/install/mocap4r2_msgs/share/mocap4r2_msgs/msg/RigidBody.idl
[0.416s] -- Up-to-date: /mission_planning_ws/install/mocap4r2_msgs/share/mocap4r2_msgs/msg/RigidBodies.idl
[0.416s] -- Up-to-date: /mission_planning_ws/install/mocap4r2_msgs/share/mocap4r2_msgs/msg/Marker.msg
[0.416s] -- Up-to-date: /mission_planning_ws/install/mocap4r2_msgs/share/mocap4r2_msgs/msg/Markers.msg
[0.416s] -- Up-to-date: /mission_planning_ws/install/mocap4r2_msgs/share/mocap4r2_msgs/msg/ImusInfo.msg
[0.416s] -- Up-to-date: /mission_planning_ws/install/mocap4r2_msgs/share/mocap4r2_msgs/msg/RigidBody.msg
[0.416s] -- Up-to-date: /mission_planning_ws/install/mocap4r2_msgs/share/mocap4r2_msgs/msg/RigidBodies.msg
[0.417s] -- Up-to-date: /mission_planning_ws/install/mocap4r2_msgs/share/mocap4r2_msgs/mocap4r2_bridge_mapping_rule.yaml
[0.417s] -- Up-to-date: /mission_planning_ws/install/mocap4r2_msgs/share/ament_index/resource_index/package_run_dependencies/mocap4r2_msgs
[0.417s] -- Up-to-date: /mission_planning_ws/install/mocap4r2_msgs/share/ament_index/resource_index/parent_prefix_path/mocap4r2_msgs
[0.417s] -- Up-to-date: /mission_planning_ws/install/mocap4r2_msgs/share/mocap4r2_msgs/environment/ament_prefix_path.sh
[0.417s] -- Up-to-date: /mission_planning_ws/install/mocap4r2_msgs/share/mocap4r2_msgs/environment/ament_prefix_path.dsv
[0.417s] -- Up-to-date: /mission_planning_ws/install/mocap4r2_msgs/share/mocap4r2_msgs/environment/path.sh
[0.417s] -- Up-to-date: /mission_planning_ws/install/mocap4r2_msgs/share/mocap4r2_msgs/environment/path.dsv
[0.417s] -- Up-to-date: /mission_planning_ws/install/mocap4r2_msgs/share/mocap4r2_msgs/local_setup.bash
[0.417s] -- Up-to-date: /mission_planning_ws/install/mocap4r2_msgs/share/mocap4r2_msgs/local_setup.sh
[0.417s] -- Up-to-date: /mission_planning_ws/install/mocap4r2_msgs/share/mocap4r2_msgs/local_setup.zsh
[0.417s] -- Up-to-date: /mission_planning_ws/install/mocap4r2_msgs/share/mocap4r2_msgs/local_setup.dsv
[0.417s] -- Installing: /mission_planning_ws/install/mocap4r2_msgs/share/mocap4r2_msgs/package.dsv
[0.417s] -- Up-to-date: /mission_planning_ws/install/mocap4r2_msgs/share/ament_index/resource_index/packages/mocap4r2_msgs
[0.418s] -- Up-to-date: /mission_planning_ws/install/mocap4r2_msgs/share/mocap4r2_msgs/cmake/export_mocap4r2_msgs__rosidl_generator_cExport.cmake
[0.418s] -- Up-to-date: /mission_planning_ws/install/mocap4r2_msgs/share/mocap4r2_msgs/cmake/export_mocap4r2_msgs__rosidl_generator_cExport-noconfig.cmake
[0.418s] -- Up-to-date: /mission_planning_ws/install/mocap4r2_msgs/share/mocap4r2_msgs/cmake/export_mocap4r2_msgs__rosidl_typesupport_fastrtps_cExport.cmake
[0.418s] -- Up-to-date: /mission_planning_ws/install/mocap4r2_msgs/share/mocap4r2_msgs/cmake/export_mocap4r2_msgs__rosidl_typesupport_fastrtps_cExport-noconfig.cmake
[0.419s] -- Up-to-date: /mission_planning_ws/install/mocap4r2_msgs/share/mocap4r2_msgs/cmake/mocap4r2_msgs__rosidl_typesupport_introspection_cExport.cmake
[0.419s] -- Up-to-date: /mission_planning_ws/install/mocap4r2_msgs/share/mocap4r2_msgs/cmake/mocap4r2_msgs__rosidl_typesupport_introspection_cExport-noconfig.cmake
[0.419s] -- Up-to-date: /mission_planning_ws/install/mocap4r2_msgs/share/mocap4r2_msgs/cmake/mocap4r2_msgs__rosidl_typesupport_cExport.cmake
[0.419s] -- Up-to-date: /mission_planning_ws/install/mocap4r2_msgs/share/mocap4r2_msgs/cmake/mocap4r2_msgs__rosidl_typesupport_cExport-noconfig.cmake
[0.420s] -- Up-to-date: /mission_planning_ws/install/mocap4r2_msgs/share/mocap4r2_msgs/cmake/export_mocap4r2_msgs__rosidl_generator_cppExport.cmake
[0.420s] -- Up-to-date: /mission_planning_ws/install/mocap4r2_msgs/share/mocap4r2_msgs/cmake/export_mocap4r2_msgs__rosidl_typesupport_fastrtps_cppExport.cmake
[0.420s] -- Up-to-date: /mission_planning_ws/install/mocap4r2_msgs/share/mocap4r2_msgs/cmake/export_mocap4r2_msgs__rosidl_typesupport_fastrtps_cppExport-noconfig.cmake
[0.421s] -- Up-to-date: /mission_planning_ws/install/mocap4r2_msgs/share/mocap4r2_msgs/cmake/mocap4r2_msgs__rosidl_typesupport_introspection_cppExport.cmake
[0.421s] -- Up-to-date: /mission_planning_ws/install/mocap4r2_msgs/share/mocap4r2_msgs/cmake/mocap4r2_msgs__rosidl_typesupport_introspection_cppExport-noconfig.cmake
[0.421s] -- Up-to-date: /mission_planning_ws/install/mocap4r2_msgs/share/mocap4r2_msgs/cmake/mocap4r2_msgs__rosidl_typesupport_cppExport.cmake
[0.421s] -- Up-to-date: /mission_planning_ws/install/mocap4r2_msgs/share/mocap4r2_msgs/cmake/mocap4r2_msgs__rosidl_typesupport_cppExport-noconfig.cmake
[0.422s] -- Up-to-date: /mission_planning_ws/install/mocap4r2_msgs/share/mocap4r2_msgs/cmake/export_mocap4r2_msgs__rosidl_generator_pyExport.cmake
[0.422s] -- Up-to-date: /mission_planning_ws/install/mocap4r2_msgs/share/mocap4r2_msgs/cmake/export_mocap4r2_msgs__rosidl_generator_pyExport-noconfig.cmake
[0.422s] -- Up-to-date: /mission_planning_ws/install/mocap4r2_msgs/share/mocap4r2_msgs/cmake/rosidl_cmake-extras.cmake
[0.422s] -- Up-to-date: /mission_planning_ws/install/mocap4r2_msgs/share/mocap4r2_msgs/cmake/ament_cmake_export_dependencies-extras.cmake
[0.422s] -- Up-to-date: /mission_planning_ws/install/mocap4r2_msgs/share/mocap4r2_msgs/cmake/ament_cmake_export_include_directories-extras.cmake
[0.422s] -- Up-to-date: /mission_planning_ws/install/mocap4r2_msgs/share/mocap4r2_msgs/cmake/ament_cmake_export_libraries-extras.cmake
[0.422s] -- Up-to-date: /mission_planning_ws/install/mocap4r2_msgs/share/mocap4r2_msgs/cmake/ament_cmake_export_targets-extras.cmake
[0.422s] -- Up-to-date: /mission_planning_ws/install/mocap4r2_msgs/share/mocap4r2_msgs/cmake/rosidl_cmake_export_typesupport_targets-extras.cmake
[0.422s] -- Up-to-date: /mission_planning_ws/install/mocap4r2_msgs/share/mocap4r2_msgs/cmake/rosidl_cmake_export_typesupport_libraries-extras.cmake
[0.422s] -- Up-to-date: /mission_planning_ws/install/mocap4r2_msgs/share/mocap4r2_msgs/cmake/mocap4r2_msgsConfig.cmake
[0.422s] -- Up-to-date: /mission_planning_ws/install/mocap4r2_msgs/share/mocap4r2_msgs/cmake/mocap4r2_msgsConfig-version.cmake
[0.422s] -- Up-to-date: /mission_planning_ws/install/mocap4r2_msgs/share/mocap4r2_msgs/package.xml
[0.424s] Invoked command in '/mission_planning_ws/build/mocap4r2_msgs' returned '0': CMAKE_PREFIX_PATH=${CMAKE_PREFIX_PATH}:/root/project_gazebo_ws/install/as2_visualization:/root/project_gazebo_ws/install/as2_keyboard_teleoperation:/root/project_gazebo_ws/install/as2_python_api:/opt/ros/humble /usr/bin/cmake --install /mission_planning_ws/build/mocap4r2_msgs
