[ 25%] Built target gtest_main
[ 50%] Built target as2_behavior
[ 75%] Built target gtest
[100%] Built target as2_behavior_as2_behavior_gtest
-- Install configuration: "Release"
-- Up-to-date: /mission_planning_ws/install/as2_behavior/include
-- Up-to-date: /mission_planning_ws/install/as2_behavior/include/as2_behavior
-- Up-to-date: /mission_planning_ws/install/as2_behavior/include/as2_behavior/behavior_server.hpp
-- Up-to-date: /mission_planning_ws/install/as2_behavior/include/as2_behavior/as2_basic_behavior.hpp
-- Up-to-date: /mission_planning_ws/install/as2_behavior/include/as2_behavior/__detail
-- Up-to-date: /mission_planning_ws/install/as2_behavior/include/as2_behavior/__detail/behavior_server__class.hpp
-- Up-to-date: /mission_planning_ws/install/as2_behavior/include/as2_behavior/__impl
-- Up-to-date: /mission_planning_ws/install/as2_behavior/include/as2_behavior/__impl/behavior_server__impl.hpp
-- Up-to-date: /mission_planning_ws/install/as2_behavior/include/as2_behavior/behavior_utils.hpp
-- Up-to-date: /mission_planning_ws/install/as2_behavior/lib/libas2_behavior.so
-- Up-to-date: /mission_planning_ws/install/as2_behavior/share/as2_behavior/environment/library_path.sh
-- Up-to-date: /mission_planning_ws/install/as2_behavior/share/as2_behavior/environment/library_path.dsv
-- Up-to-date: /mission_planning_ws/install/as2_behavior/share/ament_index/resource_index/package_run_dependencies/as2_behavior
-- Up-to-date: /mission_planning_ws/install/as2_behavior/share/ament_index/resource_index/parent_prefix_path/as2_behavior
-- Up-to-date: /mission_planning_ws/install/as2_behavior/share/as2_behavior/environment/ament_prefix_path.sh
-- Up-to-date: /mission_planning_ws/install/as2_behavior/share/as2_behavior/environment/ament_prefix_path.dsv
-- Up-to-date: /mission_planning_ws/install/as2_behavior/share/as2_behavior/environment/path.sh
-- Up-to-date: /mission_planning_ws/install/as2_behavior/share/as2_behavior/environment/path.dsv
-- Up-to-date: /mission_planning_ws/install/as2_behavior/share/as2_behavior/local_setup.bash
-- Up-to-date: /mission_planning_ws/install/as2_behavior/share/as2_behavior/local_setup.sh
-- Up-to-date: /mission_planning_ws/install/as2_behavior/share/as2_behavior/local_setup.zsh
-- Up-to-date: /mission_planning_ws/install/as2_behavior/share/as2_behavior/local_setup.dsv
-- Installing: /mission_planning_ws/install/as2_behavior/share/as2_behavior/package.dsv
-- Up-to-date: /mission_planning_ws/install/as2_behavior/share/ament_index/resource_index/packages/as2_behavior
-- Up-to-date: /mission_planning_ws/install/as2_behavior/share/as2_behavior/cmake/export_as2_behaviorExport.cmake
-- Up-to-date: /mission_planning_ws/install/as2_behavior/share/as2_behavior/cmake/export_as2_behaviorExport-release.cmake
-- Up-to-date: /mission_planning_ws/install/as2_behavior/share/as2_behavior/cmake/ament_cmake_export_libraries-extras.cmake
-- Up-to-date: /mission_planning_ws/install/as2_behavior/share/as2_behavior/cmake/ament_cmake_export_targets-extras.cmake
-- Up-to-date: /mission_planning_ws/install/as2_behavior/share/as2_behavior/cmake/ament_cmake_export_include_directories-extras.cmake
-- Up-to-date: /mission_planning_ws/install/as2_behavior/share/as2_behavior/cmake/as2_behaviorConfig.cmake
-- Up-to-date: /mission_planning_ws/install/as2_behavior/share/as2_behavior/cmake/as2_behaviorConfig-version.cmake
-- Up-to-date: /mission_planning_ws/install/as2_behavior/share/as2_behavior/package.xml
