[0.030s] Invoking command in '/mission_planning_ws/src/build/as2_platform_multirotor_simulator': AMENT_PREFIX_PATH=/mission_planning_ws/src/install/as2_core:/mission_planning_ws/src/install/as2_msgs:${AMENT_PREFIX_PATH} CMAKE_PREFIX_PATH=/mission_planning_ws/src/install/as2_core:/mission_planning_ws/src/install/as2_msgs:/root/project_gazebo_ws/install/aerostack2:/root/project_gazebo_ws/install/as2_usb_camera_interface:/root/project_gazebo_ws/install/as2_state_estimator:/root/project_gazebo_ws/install/as2_rviz_plugins:/root/project_gazebo_ws/install/as2_realsense_interface:/root/project_gazebo_ws/install/as2_platform_multirotor_simulator:/root/project_gazebo_ws/install/as2_platform_gazebo:/root/project_gazebo_ws/install/as2_motion_controller:/root/project_gazebo_ws/install/as2_behaviors_trajectory_generation:/root/project_gazebo_ws/install/as2_behaviors_motion:/root/project_gazebo_ws/install/as2_motion_reference_handlers:/root/project_gazebo_ws/install/as2_map_server:/root/project_gazebo_ws/install/as2_geozones:/root/project_gazebo_ws/install/as2_gazebo_assets:/root/project_gazebo_ws/install/as2_external_object_to_tf:/root/project_gazebo_ws/install/as2_behaviors_platform:/root/project_gazebo_ws/install/as2_behaviors_perception:/root/project_gazebo_ws/install/as2_behaviors_path_planning:/root/project_gazebo_ws/install/as2_behavior_tree:/root/project_gazebo_ws/install/as2_behavior:/root/project_gazebo_ws/install/as2_alphanumeric_viewer:/root/project_gazebo_ws/install/as2_core:/root/project_gazebo_ws/install/as2_msgs:/root/project_gazebo_ws/install/as2_cli:/root/project_gazebo_ws/install/as2_visualization:/root/project_gazebo_ws/install/as2_keyboard_teleoperation:/root/project_gazebo_ws/install/as2_python_api:/opt/ros/humble LD_LIBRARY_PATH=/mission_planning_ws/src/install/as2_core/lib:/mission_planning_ws/src/install/as2_msgs/lib:${LD_LIBRARY_PATH} PYTHONPATH=/mission_planning_ws/src/install/as2_core/local/lib/python3.10/dist-packages:/mission_planning_ws/src/install/as2_msgs/local/lib/python3.10/dist-packages:${PYTHONPATH} /usr/bin/cmake /mission_planning_ws/src/aerostack2/as2_aerial_platforms/as2_platform_multirotor_simulator -DCMAKE_INSTALL_PREFIX=/mission_planning_ws/src/install/as2_platform_multirotor_simulator
[0.069s] -- The C compiler identification is GNU 11.4.0
[0.113s] -- The CXX compiler identification is GNU 11.4.0
[0.118s] -- Detecting C compiler ABI info
[0.184s] -- Detecting C compiler ABI info - done
[0.191s] -- Check for working C compiler: /usr/bin/cc - skipped
[0.192s] -- Detecting C compile features
[0.192s] -- Detecting C compile features - done
[0.196s] -- Detecting CXX compiler ABI info
[0.294s] -- Detecting CXX compiler ABI info - done
[0.302s] -- Check for working CXX compiler: /usr/bin/c++ - skipped
[0.302s] -- Detecting CXX compile features
[0.302s] -- Detecting CXX compile features - done
[0.313s] -- Found ament_cmake: 1.3.11 (/opt/ros/humble/share/ament_cmake/cmake)
[0.508s] -- Found Python3: /usr/bin/python3 (found version "3.10.12") found components: Interpreter 
[0.711s] -- Found rclcpp: 16.0.11 (/opt/ros/humble/share/rclcpp/cmake)
[0.860s] -- Found rosidl_generator_c: 3.1.6 (/opt/ros/humble/share/rosidl_generator_c/cmake)
[0.888s] -- Found rosidl_adapter: 3.1.6 (/opt/ros/humble/share/rosidl_adapter/cmake)
[0.916s] -- Found rosidl_generator_cpp: 3.1.6 (/opt/ros/humble/share/rosidl_generator_cpp/cmake)
[0.951s] -- Using all available rosidl_typesupport_c: rosidl_typesupport_fastrtps_c;rosidl_typesupport_introspection_c
[0.997s] -- Using all available rosidl_typesupport_cpp: rosidl_typesupport_fastrtps_cpp;rosidl_typesupport_introspection_cpp
[1.143s] -- Found rmw_implementation_cmake: 6.1.2 (/opt/ros/humble/share/rmw_implementation_cmake/cmake)
[1.157s] -- Found rmw_fastrtps_cpp: 6.2.7 (/opt/ros/humble/share/rmw_fastrtps_cpp/cmake)
[1.332s] -- Found OpenSSL: /usr/lib/x86_64-linux-gnu/libcrypto.so (found version "3.0.2")  
[1.392s] -- Found FastRTPS: /opt/ros/humble/include  
[1.476s] -- Using RMW implementation 'rmw_fastrtps_cpp' as default
[1.502s] -- Looking for pthread.h
[1.596s] -- Looking for pthread.h - found
[1.596s] -- Performing Test CMAKE_HAVE_LIBC_PTHREAD
[1.696s] -- Performing Test CMAKE_HAVE_LIBC_PTHREAD - Success
[1.697s] -- Found Threads: TRUE  
[1.795s] -- Found as2_core: 1.1.2 (/mission_planning_ws/src/install/as2_core/share/as2_core/cmake)
[2.013s] -- Found eigen3_cmake_module: 0.1.1 (/opt/ros/humble/share/eigen3_cmake_module/cmake)
[2.014s] -- Found Eigen3: TRUE (found version "3.4.0") 
[2.014s] -- Ensuring Eigen3 include directory is part of orocos-kdl CMake target
[2.373s] -- multirotor_simulator not found
[8.485s] -- Found GTest: /usr/lib/x86_64-linux-gnu/cmake/GTest/GTestConfig.cmake (found version "1.11.0")  
[8.632s] -- Found ament_lint_auto: 0.12.11 (/opt/ros/humble/share/ament_lint_auto/cmake)
[10.554s] -- Found gtest sources under '/opt/ros/humble/src/gtest_vendor': C++ tests using 'Google Test' will be built
[10.684s] -- Added test 'copyright' to check source files copyright and LICENSE
[10.699s] -- Added test 'cppcheck' to perform static code analysis on C / C++ code
[10.711s] -- Configured cppcheck include dirs: /mission_planning_ws/src/aerostack2/as2_aerial_platforms/as2_platform_multirotor_simulator/include;/mission_planning_ws/src/aerostack2/as2_aerial_platforms/as2_platform_multirotor_simulator/include/as2_platform_multirotor_simulator;/mission_planning_ws/src/aerostack2/as2_aerial_platforms/as2_platform_multirotor_simulator/{EIGEN3_INCLUDE_DIRS}
[10.711s] -- Configured cppcheck exclude dirs and/or files: 
[10.728s] -- Added test 'cpplint' to check C / C++ code against the Google style
[10.728s] -- Configured cpplint exclude dirs and/or files: 
[10.728s] -- Added test 'flake8' to check Python code syntax and style conventions
[10.741s] -- Added test 'lint_cmake' to check CMake code style
[10.754s] -- Added test 'pep257' to check Python code against some of the docstring style conventions in PEP 257
[10.771s] -- Added test 'uncrustify' to check C / C++ code style
[10.771s] -- Configured uncrustify additional arguments: 
[10.783s] -- Added test 'xmllint' to check XML markup files
[10.807s] -- Configuring done
[11.484s] -- Generating done
[11.708s] -- Build files have been written to: /mission_planning_ws/src/build/as2_platform_multirotor_simulator
[11.835s] Invoked command in '/mission_planning_ws/src/build/as2_platform_multirotor_simulator' returned '0': AMENT_PREFIX_PATH=/mission_planning_ws/src/install/as2_core:/mission_planning_ws/src/install/as2_msgs:${AMENT_PREFIX_PATH} CMAKE_PREFIX_PATH=/mission_planning_ws/src/install/as2_core:/mission_planning_ws/src/install/as2_msgs:/root/project_gazebo_ws/install/aerostack2:/root/project_gazebo_ws/install/as2_usb_camera_interface:/root/project_gazebo_ws/install/as2_state_estimator:/root/project_gazebo_ws/install/as2_rviz_plugins:/root/project_gazebo_ws/install/as2_realsense_interface:/root/project_gazebo_ws/install/as2_platform_multirotor_simulator:/root/project_gazebo_ws/install/as2_platform_gazebo:/root/project_gazebo_ws/install/as2_motion_controller:/root/project_gazebo_ws/install/as2_behaviors_trajectory_generation:/root/project_gazebo_ws/install/as2_behaviors_motion:/root/project_gazebo_ws/install/as2_motion_reference_handlers:/root/project_gazebo_ws/install/as2_map_server:/root/project_gazebo_ws/install/as2_geozones:/root/project_gazebo_ws/install/as2_gazebo_assets:/root/project_gazebo_ws/install/as2_external_object_to_tf:/root/project_gazebo_ws/install/as2_behaviors_platform:/root/project_gazebo_ws/install/as2_behaviors_perception:/root/project_gazebo_ws/install/as2_behaviors_path_planning:/root/project_gazebo_ws/install/as2_behavior_tree:/root/project_gazebo_ws/install/as2_behavior:/root/project_gazebo_ws/install/as2_alphanumeric_viewer:/root/project_gazebo_ws/install/as2_core:/root/project_gazebo_ws/install/as2_msgs:/root/project_gazebo_ws/install/as2_cli:/root/project_gazebo_ws/install/as2_visualization:/root/project_gazebo_ws/install/as2_keyboard_teleoperation:/root/project_gazebo_ws/install/as2_python_api:/opt/ros/humble LD_LIBRARY_PATH=/mission_planning_ws/src/install/as2_core/lib:/mission_planning_ws/src/install/as2_msgs/lib:${LD_LIBRARY_PATH} PYTHONPATH=/mission_planning_ws/src/install/as2_core/local/lib/python3.10/dist-packages:/mission_planning_ws/src/install/as2_msgs/local/lib/python3.10/dist-packages:${PYTHONPATH} /usr/bin/cmake /mission_planning_ws/src/aerostack2/as2_aerial_platforms/as2_platform_multirotor_simulator -DCMAKE_INSTALL_PREFIX=/mission_planning_ws/src/install/as2_platform_multirotor_simulator
[11.836s] Invoking command in '/mission_planning_ws/src/build/as2_platform_multirotor_simulator': AMENT_PREFIX_PATH=/mission_planning_ws/src/install/as2_core:/mission_planning_ws/src/install/as2_msgs:${AMENT_PREFIX_PATH} CMAKE_PREFIX_PATH=/mission_planning_ws/src/install/as2_core:/mission_planning_ws/src/install/as2_msgs:/root/project_gazebo_ws/install/aerostack2:/root/project_gazebo_ws/install/as2_usb_camera_interface:/root/project_gazebo_ws/install/as2_state_estimator:/root/project_gazebo_ws/install/as2_rviz_plugins:/root/project_gazebo_ws/install/as2_realsense_interface:/root/project_gazebo_ws/install/as2_platform_multirotor_simulator:/root/project_gazebo_ws/install/as2_platform_gazebo:/root/project_gazebo_ws/install/as2_motion_controller:/root/project_gazebo_ws/install/as2_behaviors_trajectory_generation:/root/project_gazebo_ws/install/as2_behaviors_motion:/root/project_gazebo_ws/install/as2_motion_reference_handlers:/root/project_gazebo_ws/install/as2_map_server:/root/project_gazebo_ws/install/as2_geozones:/root/project_gazebo_ws/install/as2_gazebo_assets:/root/project_gazebo_ws/install/as2_external_object_to_tf:/root/project_gazebo_ws/install/as2_behaviors_platform:/root/project_gazebo_ws/install/as2_behaviors_perception:/root/project_gazebo_ws/install/as2_behaviors_path_planning:/root/project_gazebo_ws/install/as2_behavior_tree:/root/project_gazebo_ws/install/as2_behavior:/root/project_gazebo_ws/install/as2_alphanumeric_viewer:/root/project_gazebo_ws/install/as2_core:/root/project_gazebo_ws/install/as2_msgs:/root/project_gazebo_ws/install/as2_cli:/root/project_gazebo_ws/install/as2_visualization:/root/project_gazebo_ws/install/as2_keyboard_teleoperation:/root/project_gazebo_ws/install/as2_python_api:/opt/ros/humble LD_LIBRARY_PATH=/mission_planning_ws/src/install/as2_core/lib:/mission_planning_ws/src/install/as2_msgs/lib:${LD_LIBRARY_PATH} PYTHONPATH=/mission_planning_ws/src/install/as2_core/local/lib/python3.10/dist-packages:/mission_planning_ws/src/install/as2_msgs/local/lib/python3.10/dist-packages:${PYTHONPATH} /usr/bin/cmake --build /mission_planning_ws/src/build/as2_platform_multirotor_simulator -- -j22 -l22
[12.388s] [  2%] [32mBuilding CXX object gtest/CMakeFiles/gtest.dir/src/gtest-all.cc.o[0m
[12.460s] [  4%] [32m[1mLinking CXX shared library libpid_controller.so[0m
[12.488s] [  6%] [32mBuilding CXX object gtest/CMakeFiles/gtest_main.dir/src/gtest_main.cc.o[0m
[12.877s] [  6%] Built target pid_controller
[13.024s] [  8%] [32mBuilding CXX object _deps/multirotor_simulator-build/tests/CMakeFiles/multirotor_simulator_imu_gtest.dir/imu_simulator/imu_gtest.cpp.o[0m
[13.029s] [ 10%] [32mBuilding CXX object _deps/multirotor_simulator-build/tests/CMakeFiles/multirotor_simulator_acro_controller_gtest.dir/multirotor_controllers/controllers/acro_controller_gtest.cpp.o[0m
[13.055s] [ 12%] [32mBuilding CXX object CMakeFiles/as2_platform_multirotor_simulator_node.dir/src/as2_platform_multirotor_simulator.cpp.o[0m
[13.066s] [ 14%] [32mBuilding CXX object _deps/multirotor_simulator-build/pid_controller/tests/CMakeFiles/pid_controller_saturate_output_gtest.dir/pid_test/saturate_output_gtest.cpp.o[0m
[13.069s] [ 16%] [32mBuilding CXX object _deps/multirotor_simulator-build/tests/CMakeFiles/multirotor_simulator_inertial_odometry_gtest.dir/imu_simulator/inertial_odometry_gtest.cpp.o[0m
[13.073s] [ 18%] [32mBuilding CXX object _deps/multirotor_simulator-build/tests/CMakeFiles/multirotor_simulator_multirotor_controllers_gtest.dir/multirotor_controllers/multirotor_controllers_gtest.cpp.o[0m
[13.073s] [ 20%] [32mBuilding CXX object _deps/multirotor_simulator-build/tests/CMakeFiles/multirotor_simulator_position_controller_gtest.dir/multirotor_controllers/controllers/position_controller_gtest.cpp.o[0m
[13.080s] [ 22%] [32mBuilding CXX object CMakeFiles/as2_platform_multirotor_simulator_node.dir/src/as2_platform_multirotor_simulator_node.cpp.o[0m
[13.088s] [ 25%] [32mBuilding CXX object _deps/multirotor_simulator-build/tests/CMakeFiles/multirotor_simulator_velocity_controller_gtest.dir/multirotor_controllers/controllers/velocity_controller_gtest.cpp.o[0m
[13.089s] [ 27%] [32mBuilding CXX object _deps/multirotor_simulator-build/tests/CMakeFiles/multirotor_simulator_trajectory_controller_gtest.dir/multirotor_controllers/controllers/trajectory_controller_gtest.cpp.o[0m
[13.115s] [ 29%] [32mBuilding CXX object _deps/multirotor_simulator-build/tests/CMakeFiles/multirotor_simulator_dynamics_gtest.dir/multirotor_dynamic_model/multirotor_dynamic_model/dynamics_gtest.cpp.o[0m
[13.121s] [ 31%] [32mBuilding CXX object _deps/multirotor_simulator-build/tests/CMakeFiles/multirotor_simulator_state_gtest.dir/multirotor_dynamic_model/common/state_gtest.cpp.o[0m
[13.124s] [ 33%] [32mBuilding CXX object _deps/multirotor_simulator-build/tests/CMakeFiles/multirotor_simulator_utils_gtest.dir/multirotor_dynamic_model/common/utils_gtest.cpp.o[0m
[13.171s] [ 35%] [32mBuilding CXX object CMakeFiles/as2_platform_multirotor_simulator.dir/src/as2_platform_multirotor_simulator.cpp.o[0m
[13.197s] [ 37%] [32mBuilding CXX object _deps/multirotor_simulator-build/tests/CMakeFiles/multirotor_simulator_model_gtest.dir/multirotor_dynamic_model/multirotor_dynamic_model/model_gtest.cpp.o[0m
[13.232s] [ 39%] [32mBuilding CXX object _deps/multirotor_simulator-build/pid_controller/tests/CMakeFiles/pid_controller_pid_gtest.dir/pid_test/pid_gtest.cpp.o[0m
[13.236s] [ 41%] [32mBuilding CXX object _deps/multirotor_simulator-build/tests/CMakeFiles/multirotor_simulator_indi_controller_gtest.dir/multirotor_controllers/controllers/indi_controller_gtest.cpp.o[0m
[13.252s] [ 43%] [32mBuilding CXX object _deps/multirotor_simulator-build/pid_controller/tests/CMakeFiles/pid_controller_pid_1d_gtest.dir/pid_1d_test/pid_1d_gtest.cpp.o[0m
[13.300s] [ 45%] [32mBuilding CXX object _deps/multirotor_simulator-build/tests/CMakeFiles/multirotor_simulator_multirotor_simulator_gtest.dir/multirotor_simulator/multirotor_simulator_gtest.cpp.o[0m
[13.327s] [ 47%] [32mBuilding CXX object _deps/multirotor_simulator-build/tests/CMakeFiles/multirotor_simulator_multirotor_simulator_fly_gtest.dir/multirotor_simulator/multirotor_simulator_fly_gtest.cpp.o[0m
[18.868s] [ 50%] [32m[1mLinking CXX static library libgtest_main.a[0m
[18.965s] [ 50%] Built target gtest_main
[28.371s] [ 52%] [32m[1mLinking CXX executable multirotor_simulator_velocity_controller_gtest[0m
[28.862s] [ 54%] [32m[1mLinking CXX executable pid_controller_pid_1d_gtest[0m
[29.554s] [ 54%] Built target multirotor_simulator_velocity_controller_gtest
[29.607s] [ 54%] Built target pid_controller_pid_1d_gtest
[32.053s] [ 56%] [32m[1mLinking CXX executable multirotor_simulator_acro_controller_gtest[0m
[32.217s] [ 58%] [32m[1mLinking CXX executable multirotor_simulator_state_gtest[0m
[32.801s] [ 58%] Built target multirotor_simulator_acro_controller_gtest
[32.816s] [ 58%] Built target multirotor_simulator_state_gtest
[34.463s] [ 60%] [32m[1mLinking CXX executable pid_controller_saturate_output_gtest[0m
[35.089s] [ 62%] [32m[1mLinking CXX executable multirotor_simulator_position_controller_gtest[0m
[35.600s] [ 64%] [32m[1mLinking CXX executable multirotor_simulator_utils_gtest[0m
[35.777s] [ 64%] Built target pid_controller_saturate_output_gtest
[35.792s] [ 64%] Built target multirotor_simulator_position_controller_gtest
[36.140s] [ 64%] Built target multirotor_simulator_utils_gtest
[37.932s] [ 66%] [32m[1mLinking CXX executable multirotor_simulator_multirotor_simulator_fly_gtest[0m
[38.426s] [ 66%] Built target multirotor_simulator_multirotor_simulator_fly_gtest
[40.949s] [ 68%] [32m[1mLinking CXX executable multirotor_simulator_inertial_odometry_gtest[0m
[41.336s] [ 68%] Built target multirotor_simulator_inertial_odometry_gtest
[42.237s] [ 70%] [32m[1mLinking CXX executable pid_controller_pid_gtest[0m
[42.704s] [ 70%] Built target pid_controller_pid_gtest
[43.213s] [ 72%] [32m[1mLinking CXX executable multirotor_simulator_imu_gtest[0m
[43.550s] [ 72%] Built target multirotor_simulator_imu_gtest
[44.612s] [ 75%] [32m[1mLinking CXX executable multirotor_simulator_trajectory_controller_gtest[0m
[44.985s] [ 75%] Built target multirotor_simulator_trajectory_controller_gtest
[47.490s] [ 77%] [32m[1mLinking CXX executable multirotor_simulator_indi_controller_gtest[0m
[47.836s] [ 77%] Built target multirotor_simulator_indi_controller_gtest
[49.038s] [ 79%] [32m[1mLinking CXX executable multirotor_simulator_multirotor_controllers_gtest[0m
[49.470s] [ 79%] Built target multirotor_simulator_multirotor_controllers_gtest
[51.073s] [ 81%] [32m[1mLinking CXX static library libgtest.a[0m
[51.247s] [ 81%] Built target gtest
[54.023s] [ 83%] [32m[1mLinking CXX executable multirotor_simulator_dynamics_gtest[0m
[54.669s] [ 83%] Built target multirotor_simulator_dynamics_gtest
[59.406s] [ 85%] [32m[1mLinking CXX executable multirotor_simulator_multirotor_simulator_gtest[0m
[59.815s] [ 85%] Built target multirotor_simulator_multirotor_simulator_gtest
[63.093s] [ 87%] [32m[1mLinking CXX executable multirotor_simulator_model_gtest[0m
[63.307s] [ 87%] Built target multirotor_simulator_model_gtest
[73.434s] [ 89%] [32m[1mLinking CXX executable as2_platform_multirotor_simulator_node[0m
[74.626s] [ 89%] Built target as2_platform_multirotor_simulator_node
[79.371s] [ 91%] [32m[1mLinking CXX static library libas2_platform_multirotor_simulator.a[0m
[79.441s] [ 91%] Built target as2_platform_multirotor_simulator
[79.505s] [ 93%] [32mBuilding CXX object tests/CMakeFiles/as2_platform_multirotor_simulator_as2_platform_multirotor_simulator_fly_gtest.dir/as2_platform_multirotor_simulator_fly_gtest.cpp.o[0m
[89.562s] [ 95%] [32m[1mLinking CXX executable as2_platform_multirotor_simulator_as2_platform_multirotor_simulator_fly_gtest[0m
[90.260s] [ 95%] Built target as2_platform_multirotor_simulator_as2_platform_multirotor_simulator_fly_gtest
[90.284s] [ 97%] [32mBuilding CXX object tests/CMakeFiles/as2_platform_multirotor_simulator_as2_platform_multirotor_simulator_gtest.dir/as2_platform_multirotor_simulator_gtest.cpp.o[0m
[101.439s] [100%] [32m[1mLinking CXX executable as2_platform_multirotor_simulator_as2_platform_multirotor_simulator_gtest[0m
[102.457s] [100%] Built target as2_platform_multirotor_simulator_as2_platform_multirotor_simulator_gtest
[102.513s] Invoked command in '/mission_planning_ws/src/build/as2_platform_multirotor_simulator' returned '0': AMENT_PREFIX_PATH=/mission_planning_ws/src/install/as2_core:/mission_planning_ws/src/install/as2_msgs:${AMENT_PREFIX_PATH} CMAKE_PREFIX_PATH=/mission_planning_ws/src/install/as2_core:/mission_planning_ws/src/install/as2_msgs:/root/project_gazebo_ws/install/aerostack2:/root/project_gazebo_ws/install/as2_usb_camera_interface:/root/project_gazebo_ws/install/as2_state_estimator:/root/project_gazebo_ws/install/as2_rviz_plugins:/root/project_gazebo_ws/install/as2_realsense_interface:/root/project_gazebo_ws/install/as2_platform_multirotor_simulator:/root/project_gazebo_ws/install/as2_platform_gazebo:/root/project_gazebo_ws/install/as2_motion_controller:/root/project_gazebo_ws/install/as2_behaviors_trajectory_generation:/root/project_gazebo_ws/install/as2_behaviors_motion:/root/project_gazebo_ws/install/as2_motion_reference_handlers:/root/project_gazebo_ws/install/as2_map_server:/root/project_gazebo_ws/install/as2_geozones:/root/project_gazebo_ws/install/as2_gazebo_assets:/root/project_gazebo_ws/install/as2_external_object_to_tf:/root/project_gazebo_ws/install/as2_behaviors_platform:/root/project_gazebo_ws/install/as2_behaviors_perception:/root/project_gazebo_ws/install/as2_behaviors_path_planning:/root/project_gazebo_ws/install/as2_behavior_tree:/root/project_gazebo_ws/install/as2_behavior:/root/project_gazebo_ws/install/as2_alphanumeric_viewer:/root/project_gazebo_ws/install/as2_core:/root/project_gazebo_ws/install/as2_msgs:/root/project_gazebo_ws/install/as2_cli:/root/project_gazebo_ws/install/as2_visualization:/root/project_gazebo_ws/install/as2_keyboard_teleoperation:/root/project_gazebo_ws/install/as2_python_api:/opt/ros/humble LD_LIBRARY_PATH=/mission_planning_ws/src/install/as2_core/lib:/mission_planning_ws/src/install/as2_msgs/lib:${LD_LIBRARY_PATH} PYTHONPATH=/mission_planning_ws/src/install/as2_core/local/lib/python3.10/dist-packages:/mission_planning_ws/src/install/as2_msgs/local/lib/python3.10/dist-packages:${PYTHONPATH} /usr/bin/cmake --build /mission_planning_ws/src/build/as2_platform_multirotor_simulator -- -j22 -l22
[102.516s] Invoking command in '/mission_planning_ws/src/build/as2_platform_multirotor_simulator': AMENT_PREFIX_PATH=/mission_planning_ws/src/install/as2_core:/mission_planning_ws/src/install/as2_msgs:${AMENT_PREFIX_PATH} CMAKE_PREFIX_PATH=/mission_planning_ws/src/install/as2_core:/mission_planning_ws/src/install/as2_msgs:/root/project_gazebo_ws/install/aerostack2:/root/project_gazebo_ws/install/as2_usb_camera_interface:/root/project_gazebo_ws/install/as2_state_estimator:/root/project_gazebo_ws/install/as2_rviz_plugins:/root/project_gazebo_ws/install/as2_realsense_interface:/root/project_gazebo_ws/install/as2_platform_multirotor_simulator:/root/project_gazebo_ws/install/as2_platform_gazebo:/root/project_gazebo_ws/install/as2_motion_controller:/root/project_gazebo_ws/install/as2_behaviors_trajectory_generation:/root/project_gazebo_ws/install/as2_behaviors_motion:/root/project_gazebo_ws/install/as2_motion_reference_handlers:/root/project_gazebo_ws/install/as2_map_server:/root/project_gazebo_ws/install/as2_geozones:/root/project_gazebo_ws/install/as2_gazebo_assets:/root/project_gazebo_ws/install/as2_external_object_to_tf:/root/project_gazebo_ws/install/as2_behaviors_platform:/root/project_gazebo_ws/install/as2_behaviors_perception:/root/project_gazebo_ws/install/as2_behaviors_path_planning:/root/project_gazebo_ws/install/as2_behavior_tree:/root/project_gazebo_ws/install/as2_behavior:/root/project_gazebo_ws/install/as2_alphanumeric_viewer:/root/project_gazebo_ws/install/as2_core:/root/project_gazebo_ws/install/as2_msgs:/root/project_gazebo_ws/install/as2_cli:/root/project_gazebo_ws/install/as2_visualization:/root/project_gazebo_ws/install/as2_keyboard_teleoperation:/root/project_gazebo_ws/install/as2_python_api:/opt/ros/humble LD_LIBRARY_PATH=/mission_planning_ws/src/install/as2_core/lib:/mission_planning_ws/src/install/as2_msgs/lib:${LD_LIBRARY_PATH} PYTHONPATH=/mission_planning_ws/src/install/as2_core/local/lib/python3.10/dist-packages:/mission_planning_ws/src/install/as2_msgs/local/lib/python3.10/dist-packages:${PYTHONPATH} /usr/bin/cmake --install /mission_planning_ws/src/build/as2_platform_multirotor_simulator
[102.524s] -- Install configuration: "Release"
[102.525s] -- Installing: /mission_planning_ws/src/install/as2_platform_multirotor_simulator/include
[102.525s] -- Installing: /mission_planning_ws/src/install/as2_platform_multirotor_simulator/include/as2_platform_multirotor_simulator
[102.525s] -- Installing: /mission_planning_ws/src/install/as2_platform_multirotor_simulator/include/as2_platform_multirotor_simulator/as2_platform_multirotor_simulator.hpp
[102.525s] -- Installing: /mission_planning_ws/src/install/as2_platform_multirotor_simulator/lib/as2_platform_multirotor_simulator/as2_platform_multirotor_simulator_node
[102.529s] -- Set runtime path of "/mission_planning_ws/src/install/as2_platform_multirotor_simulator/lib/as2_platform_multirotor_simulator/as2_platform_multirotor_simulator_node" to ""
[102.529s] -- Installing: /mission_planning_ws/src/install/as2_platform_multirotor_simulator/lib/libas2_platform_multirotor_simulator.a
[102.532s] -- Installing: /mission_planning_ws/src/install/as2_platform_multirotor_simulator/share/as2_platform_multirotor_simulator/launch
[102.532s] -- Installing: /mission_planning_ws/src/install/as2_platform_multirotor_simulator/share/as2_platform_multirotor_simulator/launch/as2_platform_multirotor_simulator.launch.py
[102.533s] -- Installing: /mission_planning_ws/src/install/as2_platform_multirotor_simulator/share/as2_platform_multirotor_simulator/config
[102.534s] -- Installing: /mission_planning_ws/src/install/as2_platform_multirotor_simulator/share/as2_platform_multirotor_simulator/config/control_modes.yaml
[102.534s] -- Installing: /mission_planning_ws/src/install/as2_platform_multirotor_simulator/share/as2_platform_multirotor_simulator/config/platform_config_file.yaml
[102.535s] -- Installing: /mission_planning_ws/src/install/as2_platform_multirotor_simulator/share/as2_platform_multirotor_simulator/config/uav_config.yaml
[102.535s] -- Installing: /mission_planning_ws/src/install/as2_platform_multirotor_simulator/share/as2_platform_multirotor_simulator/config/world_config.yaml
[102.536s] -- Installing: /mission_planning_ws/src/install/as2_platform_multirotor_simulator/share/ament_index/resource_index/package_run_dependencies/as2_platform_multirotor_simulator
[102.536s] -- Installing: /mission_planning_ws/src/install/as2_platform_multirotor_simulator/share/ament_index/resource_index/parent_prefix_path/as2_platform_multirotor_simulator
[102.537s] -- Installing: /mission_planning_ws/src/install/as2_platform_multirotor_simulator/share/as2_platform_multirotor_simulator/environment/ament_prefix_path.sh
[102.538s] -- Installing: /mission_planning_ws/src/install/as2_platform_multirotor_simulator/share/as2_platform_multirotor_simulator/environment/ament_prefix_path.dsv
[102.538s] -- Installing: /mission_planning_ws/src/install/as2_platform_multirotor_simulator/share/as2_platform_multirotor_simulator/environment/path.sh
[102.539s] -- Installing: /mission_planning_ws/src/install/as2_platform_multirotor_simulator/share/as2_platform_multirotor_simulator/environment/path.dsv
[102.539s] -- Installing: /mission_planning_ws/src/install/as2_platform_multirotor_simulator/share/as2_platform_multirotor_simulator/local_setup.bash
[102.540s] -- Installing: /mission_planning_ws/src/install/as2_platform_multirotor_simulator/share/as2_platform_multirotor_simulator/local_setup.sh
[102.540s] -- Installing: /mission_planning_ws/src/install/as2_platform_multirotor_simulator/share/as2_platform_multirotor_simulator/local_setup.zsh
[102.540s] -- Installing: /mission_planning_ws/src/install/as2_platform_multirotor_simulator/share/as2_platform_multirotor_simulator/local_setup.dsv
[102.541s] -- Installing: /mission_planning_ws/src/install/as2_platform_multirotor_simulator/share/as2_platform_multirotor_simulator/package.dsv
[102.541s] -- Installing: /mission_planning_ws/src/install/as2_platform_multirotor_simulator/share/ament_index/resource_index/packages/as2_platform_multirotor_simulator
[102.542s] -- Installing: /mission_planning_ws/src/install/as2_platform_multirotor_simulator/share/as2_platform_multirotor_simulator/cmake/as2_platform_multirotor_simulatorConfig.cmake
[102.542s] -- Installing: /mission_planning_ws/src/install/as2_platform_multirotor_simulator/share/as2_platform_multirotor_simulator/cmake/as2_platform_multirotor_simulatorConfig-version.cmake
[102.543s] -- Installing: /mission_planning_ws/src/install/as2_platform_multirotor_simulator/share/as2_platform_multirotor_simulator/package.xml
[102.544s] Invoked command in '/mission_planning_ws/src/build/as2_platform_multirotor_simulator' returned '0': AMENT_PREFIX_PATH=/mission_planning_ws/src/install/as2_core:/mission_planning_ws/src/install/as2_msgs:${AMENT_PREFIX_PATH} CMAKE_PREFIX_PATH=/mission_planning_ws/src/install/as2_core:/mission_planning_ws/src/install/as2_msgs:/root/project_gazebo_ws/install/aerostack2:/root/project_gazebo_ws/install/as2_usb_camera_interface:/root/project_gazebo_ws/install/as2_state_estimator:/root/project_gazebo_ws/install/as2_rviz_plugins:/root/project_gazebo_ws/install/as2_realsense_interface:/root/project_gazebo_ws/install/as2_platform_multirotor_simulator:/root/project_gazebo_ws/install/as2_platform_gazebo:/root/project_gazebo_ws/install/as2_motion_controller:/root/project_gazebo_ws/install/as2_behaviors_trajectory_generation:/root/project_gazebo_ws/install/as2_behaviors_motion:/root/project_gazebo_ws/install/as2_motion_reference_handlers:/root/project_gazebo_ws/install/as2_map_server:/root/project_gazebo_ws/install/as2_geozones:/root/project_gazebo_ws/install/as2_gazebo_assets:/root/project_gazebo_ws/install/as2_external_object_to_tf:/root/project_gazebo_ws/install/as2_behaviors_platform:/root/project_gazebo_ws/install/as2_behaviors_perception:/root/project_gazebo_ws/install/as2_behaviors_path_planning:/root/project_gazebo_ws/install/as2_behavior_tree:/root/project_gazebo_ws/install/as2_behavior:/root/project_gazebo_ws/install/as2_alphanumeric_viewer:/root/project_gazebo_ws/install/as2_core:/root/project_gazebo_ws/install/as2_msgs:/root/project_gazebo_ws/install/as2_cli:/root/project_gazebo_ws/install/as2_visualization:/root/project_gazebo_ws/install/as2_keyboard_teleoperation:/root/project_gazebo_ws/install/as2_python_api:/opt/ros/humble LD_LIBRARY_PATH=/mission_planning_ws/src/install/as2_core/lib:/mission_planning_ws/src/install/as2_msgs/lib:${LD_LIBRARY_PATH} PYTHONPATH=/mission_planning_ws/src/install/as2_core/local/lib/python3.10/dist-packages:/mission_planning_ws/src/install/as2_msgs/local/lib/python3.10/dist-packages:${PYTHONPATH} /usr/bin/cmake --install /mission_planning_ws/src/build/as2_platform_multirotor_simulator
