[0.190s] Invoking command in '/mission_planning_ws/build/as2_behaviors_motion': AMENT_PREFIX_PATH=/mission_planning_ws/install/as2_motion_reference_handlers:/mission_planning_ws/install/as2_behavior:/mission_planning_ws/install/as2_core:/mission_planning_ws/install/as2_msgs:${AMENT_PREFIX_PATH} CMAKE_PREFIX_PATH=/mission_planning_ws/install/as2_motion_reference_handlers:/mission_planning_ws/install/as2_behavior:/mission_planning_ws/install/as2_core:/mission_planning_ws/install/as2_msgs:/root/project_gazebo_ws/install/aerostack2:/root/project_gazebo_ws/install/as2_usb_camera_interface:/root/project_gazebo_ws/install/as2_state_estimator:/root/project_gazebo_ws/install/as2_rviz_plugins:/root/project_gazebo_ws/install/as2_realsense_interface:/root/project_gazebo_ws/install/as2_platform_multirotor_simulator:/root/project_gazebo_ws/install/as2_platform_gazebo:/root/project_gazebo_ws/install/as2_motion_controller:/root/project_gazebo_ws/install/as2_behaviors_trajectory_generation:/root/project_gazebo_ws/install/as2_behaviors_motion:/root/project_gazebo_ws/install/as2_motion_reference_handlers:/root/project_gazebo_ws/install/as2_map_server:/root/project_gazebo_ws/install/as2_geozones:/root/project_gazebo_ws/install/as2_gazebo_assets:/root/project_gazebo_ws/install/as2_external_object_to_tf:/root/project_gazebo_ws/install/as2_behaviors_platform:/root/project_gazebo_ws/install/as2_behaviors_perception:/root/project_gazebo_ws/install/as2_behaviors_path_planning:/root/project_gazebo_ws/install/as2_behavior_tree:/root/project_gazebo_ws/install/as2_behavior:/root/project_gazebo_ws/install/as2_alphanumeric_viewer:/root/project_gazebo_ws/install/as2_core:/root/project_gazebo_ws/install/as2_msgs:/root/project_gazebo_ws/install/as2_cli:/root/project_gazebo_ws/install/as2_visualization:/root/project_gazebo_ws/install/as2_keyboard_teleoperation:/root/project_gazebo_ws/install/as2_python_api:/opt/ros/humble LD_LIBRARY_PATH=/mission_planning_ws/install/as2_motion_reference_handlers/lib:/mission_planning_ws/install/as2_behavior/lib:/mission_planning_ws/install/as2_core/lib:/mission_planning_ws/install/as2_msgs/lib:${LD_LIBRARY_PATH} PYTHONPATH=/mission_planning_ws/install/as2_motion_reference_handlers/local/lib/python3.10/dist-packages:/mission_planning_ws/install/as2_core/local/lib/python3.10/dist-packages:/mission_planning_ws/install/as2_msgs/local/lib/python3.10/dist-packages:${PYTHONPATH} /usr/bin/cmake --build /mission_planning_ws/build/as2_behaviors_motion -- -j22 -l22
[0.291s] [  5%] Built target takeoff_component
[0.294s] [ 13%] Built target follow_path_behavior_node
[0.295s] [ 21%] Built target takeoff_behavior_node
[0.295s] [ 27%] Built target go_to_component
[0.296s] [ 32%] Built target land_component
[0.298s] [ 40%] Built target go_to_behavior_node
[0.299s] [ 48%] Built target follow_reference_behavior_node
[0.302s] [ 54%] Built target follow_path_component
[0.304s] [ 62%] Built target land_behavior_node
[0.306s] [ 67%] Built target follow_reference_component
[0.307s] [100%] Built target as2_behaviors_motion
[0.495s] Invoked command in '/mission_planning_ws/build/as2_behaviors_motion' returned '0': AMENT_PREFIX_PATH=/mission_planning_ws/install/as2_motion_reference_handlers:/mission_planning_ws/install/as2_behavior:/mission_planning_ws/install/as2_core:/mission_planning_ws/install/as2_msgs:${AMENT_PREFIX_PATH} CMAKE_PREFIX_PATH=/mission_planning_ws/install/as2_motion_reference_handlers:/mission_planning_ws/install/as2_behavior:/mission_planning_ws/install/as2_core:/mission_planning_ws/install/as2_msgs:/root/project_gazebo_ws/install/aerostack2:/root/project_gazebo_ws/install/as2_usb_camera_interface:/root/project_gazebo_ws/install/as2_state_estimator:/root/project_gazebo_ws/install/as2_rviz_plugins:/root/project_gazebo_ws/install/as2_realsense_interface:/root/project_gazebo_ws/install/as2_platform_multirotor_simulator:/root/project_gazebo_ws/install/as2_platform_gazebo:/root/project_gazebo_ws/install/as2_motion_controller:/root/project_gazebo_ws/install/as2_behaviors_trajectory_generation:/root/project_gazebo_ws/install/as2_behaviors_motion:/root/project_gazebo_ws/install/as2_motion_reference_handlers:/root/project_gazebo_ws/install/as2_map_server:/root/project_gazebo_ws/install/as2_geozones:/root/project_gazebo_ws/install/as2_gazebo_assets:/root/project_gazebo_ws/install/as2_external_object_to_tf:/root/project_gazebo_ws/install/as2_behaviors_platform:/root/project_gazebo_ws/install/as2_behaviors_perception:/root/project_gazebo_ws/install/as2_behaviors_path_planning:/root/project_gazebo_ws/install/as2_behavior_tree:/root/project_gazebo_ws/install/as2_behavior:/root/project_gazebo_ws/install/as2_alphanumeric_viewer:/root/project_gazebo_ws/install/as2_core:/root/project_gazebo_ws/install/as2_msgs:/root/project_gazebo_ws/install/as2_cli:/root/project_gazebo_ws/install/as2_visualization:/root/project_gazebo_ws/install/as2_keyboard_teleoperation:/root/project_gazebo_ws/install/as2_python_api:/opt/ros/humble LD_LIBRARY_PATH=/mission_planning_ws/install/as2_motion_reference_handlers/lib:/mission_planning_ws/install/as2_behavior/lib:/mission_planning_ws/install/as2_core/lib:/mission_planning_ws/install/as2_msgs/lib:${LD_LIBRARY_PATH} PYTHONPATH=/mission_planning_ws/install/as2_motion_reference_handlers/local/lib/python3.10/dist-packages:/mission_planning_ws/install/as2_core/local/lib/python3.10/dist-packages:/mission_planning_ws/install/as2_msgs/local/lib/python3.10/dist-packages:${PYTHONPATH} /usr/bin/cmake --build /mission_planning_ws/build/as2_behaviors_motion -- -j22 -l22
[0.497s] Invoking command in '/mission_planning_ws/build/as2_behaviors_motion': AMENT_PREFIX_PATH=/mission_planning_ws/install/as2_motion_reference_handlers:/mission_planning_ws/install/as2_behavior:/mission_planning_ws/install/as2_core:/mission_planning_ws/install/as2_msgs:${AMENT_PREFIX_PATH} CMAKE_PREFIX_PATH=/mission_planning_ws/install/as2_motion_reference_handlers:/mission_planning_ws/install/as2_behavior:/mission_planning_ws/install/as2_core:/mission_planning_ws/install/as2_msgs:/root/project_gazebo_ws/install/aerostack2:/root/project_gazebo_ws/install/as2_usb_camera_interface:/root/project_gazebo_ws/install/as2_state_estimator:/root/project_gazebo_ws/install/as2_rviz_plugins:/root/project_gazebo_ws/install/as2_realsense_interface:/root/project_gazebo_ws/install/as2_platform_multirotor_simulator:/root/project_gazebo_ws/install/as2_platform_gazebo:/root/project_gazebo_ws/install/as2_motion_controller:/root/project_gazebo_ws/install/as2_behaviors_trajectory_generation:/root/project_gazebo_ws/install/as2_behaviors_motion:/root/project_gazebo_ws/install/as2_motion_reference_handlers:/root/project_gazebo_ws/install/as2_map_server:/root/project_gazebo_ws/install/as2_geozones:/root/project_gazebo_ws/install/as2_gazebo_assets:/root/project_gazebo_ws/install/as2_external_object_to_tf:/root/project_gazebo_ws/install/as2_behaviors_platform:/root/project_gazebo_ws/install/as2_behaviors_perception:/root/project_gazebo_ws/install/as2_behaviors_path_planning:/root/project_gazebo_ws/install/as2_behavior_tree:/root/project_gazebo_ws/install/as2_behavior:/root/project_gazebo_ws/install/as2_alphanumeric_viewer:/root/project_gazebo_ws/install/as2_core:/root/project_gazebo_ws/install/as2_msgs:/root/project_gazebo_ws/install/as2_cli:/root/project_gazebo_ws/install/as2_visualization:/root/project_gazebo_ws/install/as2_keyboard_teleoperation:/root/project_gazebo_ws/install/as2_python_api:/opt/ros/humble LD_LIBRARY_PATH=/mission_planning_ws/install/as2_motion_reference_handlers/lib:/mission_planning_ws/install/as2_behavior/lib:/mission_planning_ws/install/as2_core/lib:/mission_planning_ws/install/as2_msgs/lib:${LD_LIBRARY_PATH} PYTHONPATH=/mission_planning_ws/install/as2_motion_reference_handlers/local/lib/python3.10/dist-packages:/mission_planning_ws/install/as2_core/local/lib/python3.10/dist-packages:/mission_planning_ws/install/as2_msgs/local/lib/python3.10/dist-packages:${PYTHONPATH} /usr/bin/cmake --install /mission_planning_ws/build/as2_behaviors_motion
[0.505s] -- Install configuration: "Release"
[0.505s] -- Up-to-date: /mission_planning_ws/install/as2_behaviors_motion/share/as2_behaviors_motion/plugins.xml
[0.505s] -- Up-to-date: /mission_planning_ws/install/as2_behaviors_motion/lib/libas2_behaviors_motion.so
[0.505s] -- Up-to-date: /mission_planning_ws/install/as2_behaviors_motion/share/as2_behaviors_motion/environment/library_path.sh
[0.506s] -- Up-to-date: /mission_planning_ws/install/as2_behaviors_motion/share/as2_behaviors_motion/environment/library_path.dsv
[0.506s] -- Up-to-date: /mission_planning_ws/install/as2_behaviors_motion/lib/as2_behaviors_motion/follow_path_behavior_node
[0.506s] -- Up-to-date: /mission_planning_ws/install/as2_behaviors_motion/include
[0.506s] -- Up-to-date: /mission_planning_ws/install/as2_behaviors_motion/include/follow_path_behavior
[0.506s] -- Up-to-date: /mission_planning_ws/install/as2_behaviors_motion/include/follow_path_behavior/follow_path_base.hpp
[0.506s] -- Up-to-date: /mission_planning_ws/install/as2_behaviors_motion/include/follow_path_behavior/follow_path_behavior.hpp
[0.510s] -- Up-to-date: /mission_planning_ws/install/as2_behaviors_motion/share/as2_behaviors_motion/follow_path_behavior/config/
[0.510s] -- Up-to-date: /mission_planning_ws/install/as2_behaviors_motion/share/as2_behaviors_motion/follow_path_behavior/config//config_default.yaml
[0.510s] -- Up-to-date: /mission_planning_ws/install/as2_behaviors_motion/lib/as2_behaviors_motion/go_to_behavior_node
[0.510s] -- Up-to-date: /mission_planning_ws/install/as2_behaviors_motion/include
[0.510s] -- Up-to-date: /mission_planning_ws/install/as2_behaviors_motion/include/go_to_behavior
[0.510s] -- Up-to-date: /mission_planning_ws/install/as2_behaviors_motion/include/go_to_behavior/go_to_base.hpp
[0.510s] -- Up-to-date: /mission_planning_ws/install/as2_behaviors_motion/include/go_to_behavior/go_to_behavior.hpp
[0.511s] -- Up-to-date: /mission_planning_ws/install/as2_behaviors_motion/share/as2_behaviors_motion/go_to_behavior/config/
[0.512s] -- Up-to-date: /mission_planning_ws/install/as2_behaviors_motion/share/as2_behaviors_motion/go_to_behavior/config//config_default.yaml
[0.512s] -- Up-to-date: /mission_planning_ws/install/as2_behaviors_motion/lib/as2_behaviors_motion/land_behavior_node
[0.512s] -- Up-to-date: /mission_planning_ws/install/as2_behaviors_motion/include
[0.512s] -- Up-to-date: /mission_planning_ws/install/as2_behaviors_motion/include/land_behavior
[0.512s] -- Up-to-date: /mission_planning_ws/install/as2_behaviors_motion/include/land_behavior/land_base.hpp
[0.512s] -- Up-to-date: /mission_planning_ws/install/as2_behaviors_motion/include/land_behavior/land_behavior.hpp
[0.513s] -- Up-to-date: /mission_planning_ws/install/as2_behaviors_motion/share/as2_behaviors_motion/land_behavior/config/
[0.514s] -- Up-to-date: /mission_planning_ws/install/as2_behaviors_motion/share/as2_behaviors_motion/land_behavior/config//config_default.yaml
[0.514s] -- Up-to-date: /mission_planning_ws/install/as2_behaviors_motion/lib/as2_behaviors_motion/takeoff_behavior_node
[0.514s] -- Up-to-date: /mission_planning_ws/install/as2_behaviors_motion/include
[0.514s] -- Up-to-date: /mission_planning_ws/install/as2_behaviors_motion/include/takeoff_behavior
[0.514s] -- Up-to-date: /mission_planning_ws/install/as2_behaviors_motion/include/takeoff_behavior/takeoff_base.hpp
[0.514s] -- Up-to-date: /mission_planning_ws/install/as2_behaviors_motion/include/takeoff_behavior/takeoff_behavior.hpp
[0.514s] -- Up-to-date: /mission_planning_ws/install/as2_behaviors_motion/share/as2_behaviors_motion/takeoff_behavior/config/
[0.514s] -- Up-to-date: /mission_planning_ws/install/as2_behaviors_motion/share/as2_behaviors_motion/takeoff_behavior/config//config_default.yaml
[0.516s] -- Up-to-date: /mission_planning_ws/install/as2_behaviors_motion/lib/as2_behaviors_motion/follow_reference_behavior_node
[0.516s] -- Up-to-date: /mission_planning_ws/install/as2_behaviors_motion/include
[0.516s] -- Up-to-date: /mission_planning_ws/install/as2_behaviors_motion/include/follow_reference_behavior
[0.517s] -- Up-to-date: /mission_planning_ws/install/as2_behaviors_motion/include/follow_reference_behavior/follow_reference_behavior.hpp
[0.517s] -- Up-to-date: /mission_planning_ws/install/as2_behaviors_motion/share/as2_behaviors_motion/follow_reference_behavior/config/
[0.517s] -- Up-to-date: /mission_planning_ws/install/as2_behaviors_motion/share/as2_behaviors_motion/follow_reference_behavior/config//config_default.yaml
[0.517s] -- Up-to-date: /mission_planning_ws/install/as2_behaviors_motion/lib/libtakeoff_component.so
[0.518s] -- Up-to-date: /mission_planning_ws/install/as2_behaviors_motion/lib/libland_component.so
[0.519s] -- Up-to-date: /mission_planning_ws/install/as2_behaviors_motion/lib/libgo_to_component.so
[0.521s] -- Up-to-date: /mission_planning_ws/install/as2_behaviors_motion/lib/libfollow_path_component.so
[0.522s] -- Up-to-date: /mission_planning_ws/install/as2_behaviors_motion/lib/libfollow_reference_component.so
[0.522s] -- Up-to-date: /mission_planning_ws/install/as2_behaviors_motion/share/as2_behaviors_motion/launch
[0.522s] -- Up-to-date: /mission_planning_ws/install/as2_behaviors_motion/share/as2_behaviors_motion/launch/motion_behaviors_launch.py
[0.522s] -- Up-to-date: /mission_planning_ws/install/as2_behaviors_motion/share/as2_behaviors_motion/launch/composable_motion_behaviors.launch.py
[0.523s] -- Up-to-date: /mission_planning_ws/install/as2_behaviors_motion/share/as2_behaviors_motion/launch/land_behavior_launch.py
[0.523s] -- Up-to-date: /mission_planning_ws/install/as2_behaviors_motion/share/as2_behaviors_motion/launch/takeoff_behavior_launch.py
[0.523s] -- Up-to-date: /mission_planning_ws/install/as2_behaviors_motion/share/as2_behaviors_motion/launch/composable_follow_reference.launch.py
[0.523s] -- Up-to-date: /mission_planning_ws/install/as2_behaviors_motion/share/as2_behaviors_motion/launch/follow_path_behavior_launch.py
[0.523s] -- Up-to-date: /mission_planning_ws/install/as2_behaviors_motion/share/as2_behaviors_motion/launch/follow_reference_behavior_launch.py
[0.523s] -- Up-to-date: /mission_planning_ws/install/as2_behaviors_motion/share/as2_behaviors_motion/launch/go_to_behavior_launch.py
[0.523s] -- Up-to-date: /mission_planning_ws/install/as2_behaviors_motion/share/ament_index/resource_index/package_run_dependencies/as2_behaviors_motion
[0.524s] -- Up-to-date: /mission_planning_ws/install/as2_behaviors_motion/share/ament_index/resource_index/parent_prefix_path/as2_behaviors_motion
[0.524s] -- Up-to-date: /mission_planning_ws/install/as2_behaviors_motion/share/as2_behaviors_motion/environment/ament_prefix_path.sh
[0.524s] -- Up-to-date: /mission_planning_ws/install/as2_behaviors_motion/share/as2_behaviors_motion/environment/ament_prefix_path.dsv
[0.525s] -- Up-to-date: /mission_planning_ws/install/as2_behaviors_motion/share/as2_behaviors_motion/environment/path.sh
[0.525s] -- Up-to-date: /mission_planning_ws/install/as2_behaviors_motion/share/as2_behaviors_motion/environment/path.dsv
[0.525s] -- Up-to-date: /mission_planning_ws/install/as2_behaviors_motion/share/as2_behaviors_motion/local_setup.bash
[0.525s] -- Up-to-date: /mission_planning_ws/install/as2_behaviors_motion/share/as2_behaviors_motion/local_setup.sh
[0.525s] -- Up-to-date: /mission_planning_ws/install/as2_behaviors_motion/share/as2_behaviors_motion/local_setup.zsh
[0.525s] -- Up-to-date: /mission_planning_ws/install/as2_behaviors_motion/share/as2_behaviors_motion/local_setup.dsv
[0.525s] -- Installing: /mission_planning_ws/install/as2_behaviors_motion/share/as2_behaviors_motion/package.dsv
[0.525s] -- Up-to-date: /mission_planning_ws/install/as2_behaviors_motion/share/ament_index/resource_index/packages/as2_behaviors_motion
[0.525s] -- Up-to-date: /mission_planning_ws/install/as2_behaviors_motion/share/ament_index/resource_index/as2_behaviors_motion__pluginlib__plugin/as2_behaviors_motion
[0.525s] -- Up-to-date: /mission_planning_ws/install/as2_behaviors_motion/share/as2_behaviors_motion/cmake/export_as2_behaviors_motionExport.cmake
[0.525s] -- Up-to-date: /mission_planning_ws/install/as2_behaviors_motion/share/as2_behaviors_motion/cmake/export_as2_behaviors_motionExport-release.cmake
[0.525s] -- Up-to-date: /mission_planning_ws/install/as2_behaviors_motion/share/ament_index/resource_index/rclcpp_components/as2_behaviors_motion
[0.525s] -- Up-to-date: /mission_planning_ws/install/as2_behaviors_motion/share/as2_behaviors_motion/cmake/ament_cmake_export_libraries-extras.cmake
[0.525s] -- Up-to-date: /mission_planning_ws/install/as2_behaviors_motion/share/as2_behaviors_motion/cmake/ament_cmake_export_targets-extras.cmake
[0.526s] -- Up-to-date: /mission_planning_ws/install/as2_behaviors_motion/share/as2_behaviors_motion/cmake/ament_cmake_export_include_directories-extras.cmake
[0.526s] -- Up-to-date: /mission_planning_ws/install/as2_behaviors_motion/share/as2_behaviors_motion/cmake/as2_behaviors_motionConfig.cmake
[0.526s] -- Up-to-date: /mission_planning_ws/install/as2_behaviors_motion/share/as2_behaviors_motion/cmake/as2_behaviors_motionConfig-version.cmake
[0.526s] -- Up-to-date: /mission_planning_ws/install/as2_behaviors_motion/share/as2_behaviors_motion/package.xml
[0.549s] Invoked command in '/mission_planning_ws/build/as2_behaviors_motion' returned '0': AMENT_PREFIX_PATH=/mission_planning_ws/install/as2_motion_reference_handlers:/mission_planning_ws/install/as2_behavior:/mission_planning_ws/install/as2_core:/mission_planning_ws/install/as2_msgs:${AMENT_PREFIX_PATH} CMAKE_PREFIX_PATH=/mission_planning_ws/install/as2_motion_reference_handlers:/mission_planning_ws/install/as2_behavior:/mission_planning_ws/install/as2_core:/mission_planning_ws/install/as2_msgs:/root/project_gazebo_ws/install/aerostack2:/root/project_gazebo_ws/install/as2_usb_camera_interface:/root/project_gazebo_ws/install/as2_state_estimator:/root/project_gazebo_ws/install/as2_rviz_plugins:/root/project_gazebo_ws/install/as2_realsense_interface:/root/project_gazebo_ws/install/as2_platform_multirotor_simulator:/root/project_gazebo_ws/install/as2_platform_gazebo:/root/project_gazebo_ws/install/as2_motion_controller:/root/project_gazebo_ws/install/as2_behaviors_trajectory_generation:/root/project_gazebo_ws/install/as2_behaviors_motion:/root/project_gazebo_ws/install/as2_motion_reference_handlers:/root/project_gazebo_ws/install/as2_map_server:/root/project_gazebo_ws/install/as2_geozones:/root/project_gazebo_ws/install/as2_gazebo_assets:/root/project_gazebo_ws/install/as2_external_object_to_tf:/root/project_gazebo_ws/install/as2_behaviors_platform:/root/project_gazebo_ws/install/as2_behaviors_perception:/root/project_gazebo_ws/install/as2_behaviors_path_planning:/root/project_gazebo_ws/install/as2_behavior_tree:/root/project_gazebo_ws/install/as2_behavior:/root/project_gazebo_ws/install/as2_alphanumeric_viewer:/root/project_gazebo_ws/install/as2_core:/root/project_gazebo_ws/install/as2_msgs:/root/project_gazebo_ws/install/as2_cli:/root/project_gazebo_ws/install/as2_visualization:/root/project_gazebo_ws/install/as2_keyboard_teleoperation:/root/project_gazebo_ws/install/as2_python_api:/opt/ros/humble LD_LIBRARY_PATH=/mission_planning_ws/install/as2_motion_reference_handlers/lib:/mission_planning_ws/install/as2_behavior/lib:/mission_planning_ws/install/as2_core/lib:/mission_planning_ws/install/as2_msgs/lib:${LD_LIBRARY_PATH} PYTHONPATH=/mission_planning_ws/install/as2_motion_reference_handlers/local/lib/python3.10/dist-packages:/mission_planning_ws/install/as2_core/local/lib/python3.10/dist-packages:/mission_planning_ws/install/as2_msgs/local/lib/python3.10/dist-packages:${PYTHONPATH} /usr/bin/cmake --install /mission_planning_ws/build/as2_behaviors_motion
