[0.015s] Invoking command in '/mission_planning_ws/build/as2_cli': CMAKE_PREFIX_PATH=${CMAKE_PREFIX_PATH}:/root/project_gazebo_ws/install/as2_visualization:/root/project_gazebo_ws/install/as2_keyboard_teleoperation:/root/project_gazebo_ws/install/as2_python_api:/opt/ros/humble /usr/bin/cmake --build /mission_planning_ws/build/as2_cli -- -j22 -l22
[0.128s] Invoked command in '/mission_planning_ws/build/as2_cli' returned '0': CMAKE_PREFIX_PATH=${CMAKE_PREFIX_PATH}:/root/project_gazebo_ws/install/as2_visualization:/root/project_gazebo_ws/install/as2_keyboard_teleoperation:/root/project_gazebo_ws/install/as2_python_api:/opt/ros/humble /usr/bin/cmake --build /mission_planning_ws/build/as2_cli -- -j22 -l22
[0.136s] Invoking command in '/mission_planning_ws/build/as2_cli': CMAKE_PREFIX_PATH=${CMAKE_PREFIX_PATH}:/root/project_gazebo_ws/install/as2_visualization:/root/project_gazebo_ws/install/as2_keyboard_teleoperation:/root/project_gazebo_ws/install/as2_python_api:/opt/ros/humble /usr/bin/cmake --install /mission_planning_ws/build/as2_cli
[0.141s] -- Install configuration: ""
[0.144s] -- Up-to-date: /mission_planning_ws/install/as2_cli/share/ament_index/resource_index/package_run_dependencies/as2_cli
[0.144s] -- Up-to-date: /mission_planning_ws/install/as2_cli/share/ament_index/resource_index/parent_prefix_path/as2_cli
[0.144s] -- Up-to-date: /mission_planning_ws/install/as2_cli/share/as2_cli/environment/ament_prefix_path.sh
[0.145s] -- Up-to-date: /mission_planning_ws/install/as2_cli/share/as2_cli/environment/ament_prefix_path.dsv
[0.145s] -- Up-to-date: /mission_planning_ws/install/as2_cli/share/as2_cli/environment/path.sh
[0.145s] -- Up-to-date: /mission_planning_ws/install/as2_cli/share/as2_cli/environment/path.dsv
[0.145s] -- Up-to-date: /mission_planning_ws/install/as2_cli/share/as2_cli/local_setup.bash
[0.145s] -- Up-to-date: /mission_planning_ws/install/as2_cli/share/as2_cli/local_setup.sh
[0.145s] -- Up-to-date: /mission_planning_ws/install/as2_cli/share/as2_cli/local_setup.zsh
[0.145s] -- Up-to-date: /mission_planning_ws/install/as2_cli/share/as2_cli/local_setup.dsv
[0.145s] -- Installing: /mission_planning_ws/install/as2_cli/share/as2_cli/package.dsv
[0.145s] -- Up-to-date: /mission_planning_ws/install/as2_cli/share/ament_index/resource_index/packages/as2_cli
[0.146s] -- Up-to-date: /mission_planning_ws/install/as2_cli/share/as2_cli/cmake/as2_cliConfig.cmake
[0.146s] -- Up-to-date: /mission_planning_ws/install/as2_cli/share/as2_cli/cmake/as2_cliConfig-version.cmake
[0.146s] -- Up-to-date: /mission_planning_ws/install/as2_cli/share/as2_cli/package.xml
[0.148s] Invoked command in '/mission_planning_ws/build/as2_cli' returned '0': CMAKE_PREFIX_PATH=${CMAKE_PREFIX_PATH}:/root/project_gazebo_ws/install/as2_visualization:/root/project_gazebo_ws/install/as2_keyboard_teleoperation:/root/project_gazebo_ws/install/as2_python_api:/opt/ros/humble /usr/bin/cmake --install /mission_planning_ws/build/as2_cli
