-- The C compiler identification is GNU 11.4.0
-- The CXX compiler identification is GNU 11.4.0
-- Detecting C compiler ABI info
-- Detecting C compiler ABI info - done
-- Check for working C compiler: /usr/bin/cc - skipped
-- Detecting C compile features
-- Detecting C compile features - done
-- Detecting CXX compiler ABI info
-- Detecting CXX compiler ABI info - done
-- Check for working CXX compiler: /usr/bin/c++ - skipped
-- Detecting CXX compile features
-- Detecting CXX compile features - done
-- Found ament_cmake: 1.3.11 (/opt/ros/humble/share/ament_cmake/cmake)
-- Found Python3: /usr/bin/python3 (found version "3.10.12") found components: Interpreter 
-- Found rclcpp: 16.0.11 (/opt/ros/humble/share/rclcpp/cmake)
-- Found rosidl_generator_c: 3.1.6 (/opt/ros/humble/share/rosidl_generator_c/cmake)
-- Found rosidl_adapter: 3.1.6 (/opt/ros/humble/share/rosidl_adapter/cmake)
-- Found rosidl_generator_cpp: 3.1.6 (/opt/ros/humble/share/rosidl_generator_cpp/cmake)
-- Using all available rosidl_typesupport_c: rosidl_typesupport_fastrtps_c;rosidl_typesupport_introspection_c
-- Using all available rosidl_typesupport_cpp: rosidl_typesupport_fastrtps_cpp;rosidl_typesupport_introspection_cpp
-- Found rmw_implementation_cmake: 6.1.2 (/opt/ros/humble/share/rmw_implementation_cmake/cmake)
-- Found rmw_fastrtps_cpp: 6.2.7 (/opt/ros/humble/share/rmw_fastrtps_cpp/cmake)
-- Found OpenSSL: /usr/lib/x86_64-linux-gnu/libcrypto.so (found version "3.0.2")  
-- Found FastRTPS: /opt/ros/humble/include  
-- Using RMW implementation 'rmw_fastrtps_cpp' as default
-- Looking for pthread.h
-- Looking for pthread.h - found
-- Performing Test CMAKE_HAVE_LIBC_PTHREAD
-- Performing Test CMAKE_HAVE_LIBC_PTHREAD - Success
-- Found Threads: TRUE  
-- Found rclcpp_action: 16.0.11 (/opt/ros/humble/share/rclcpp_action/cmake)
-- Found as2_behavior: 1.1.2 (/mission_planning_ws/install/as2_behavior/share/as2_behavior/cmake)
-- Found std_srvs: 4.2.4 (/opt/ros/humble/share/std_srvs/cmake)
-- Found as2_core: 1.1.2 (/mission_planning_ws/install/as2_core/share/as2_core/cmake)
-- Found eigen3_cmake_module: 0.1.1 (/opt/ros/humble/share/eigen3_cmake_module/cmake)
-- Found Eigen3: TRUE (found version "3.4.0") 
-- Ensuring Eigen3 include directory is part of orocos-kdl CMake target
-- Found ament_lint_auto: 0.12.11 (/opt/ros/humble/share/ament_lint_auto/cmake)
-- Found gtest sources under '/opt/ros/humble/src/gtest_vendor': C++ tests using 'Google Test' will be built
-- Added test 'copyright' to check source files copyright and LICENSE
-- Added test 'cppcheck' to perform static code analysis on C / C++ code
-- Configured cppcheck include dirs: /mission_planning_ws/src/aerostack2/as2_behaviors/as2_behaviors_platform/include;/mission_planning_ws/src/aerostack2/as2_behaviors/as2_behaviors_platform/include/as2_behaviors_platform
-- Configured cppcheck exclude dirs and/or files: 
-- Added test 'cpplint' to check C / C++ code against the Google style
-- Configured cpplint exclude dirs and/or files: 
-- Added test 'flake8' to check Python code syntax and style conventions
-- Added test 'lint_cmake' to check CMake code style
-- Added test 'pep257' to check Python code against some of the docstring style conventions in PEP 257
-- Added test 'uncrustify' to check C / C++ code style
-- Configured uncrustify additional arguments: 
-- Added test 'xmllint' to check XML markup files
-- Configuring done
-- Generating done
-- Build files have been written to: /mission_planning_ws/build/as2_behaviors_platform
[  7%] [32mBuilding CXX object CMakeFiles/arm_behavior.dir/src/set_arming_state_behavior_main.cpp.o[0m
[ 15%] [32m[1mLinking CXX executable arm_behavior[0m
[ 15%] Built target arm_behavior
[ 23%] [32mBuilding CXX object gtest/CMakeFiles/gtest.dir/src/gtest-all.cc.o[0m
[ 30%] [32m[1mLinking CXX static library libgtest.a[0m
[ 30%] Built target gtest
[ 38%] [32mBuilding CXX object gtest/CMakeFiles/gtest_main.dir/src/gtest_main.cc.o[0m
[ 46%] [32m[1mLinking CXX static library libgtest_main.a[0m
[ 46%] Built target gtest_main
[ 53%] [32mBuilding CXX object CMakeFiles/as2_behaviors_platform.dir/src/set_arming_state_behavior_main.cpp.o[0m
[ 61%] [32mBuilding CXX object CMakeFiles/as2_behaviors_platform.dir/src/set_offboard_mode_behavior_main.cpp.o[0m
[ 69%] [32m[1mLinking CXX static library libas2_behaviors_platform.a[0m
[ 69%] Built target as2_behaviors_platform
[ 76%] [32mBuilding CXX object CMakeFiles/offboard_behavior.dir/src/set_offboard_mode_behavior_main.cpp.o[0m
[ 84%] [32m[1mLinking CXX executable offboard_behavior[0m
[ 84%] Built target offboard_behavior
[ 92%] [32mBuilding CXX object tests/CMakeFiles/as2_behaviors_platform_as2_behaviors_platform_gtest.dir/as2_behaviors_platform_gtest.cpp.o[0m
[100%] [32m[1mLinking CXX executable as2_behaviors_platform_as2_behaviors_platform_gtest[0m
[100%] Built target as2_behaviors_platform_as2_behaviors_platform_gtest
-- Install configuration: ""
-- Installing: /mission_planning_ws/install/as2_behaviors_platform/lib/as2_behaviors_platform/arm_behavior
-- Set runtime path of "/mission_planning_ws/install/as2_behaviors_platform/lib/as2_behaviors_platform/arm_behavior" to ""
-- Installing: /mission_planning_ws/install/as2_behaviors_platform/lib/as2_behaviors_platform/offboard_behavior
-- Set runtime path of "/mission_planning_ws/install/as2_behaviors_platform/lib/as2_behaviors_platform/offboard_behavior" to ""
-- Installing: /mission_planning_ws/install/as2_behaviors_platform/lib/libas2_behaviors_platform.a
-- Installing: /mission_planning_ws/install/as2_behaviors_platform/share/as2_behaviors_platform/launch
-- Installing: /mission_planning_ws/install/as2_behaviors_platform/share/as2_behaviors_platform/launch/test.launch.py
-- Installing: /mission_planning_ws/install/as2_behaviors_platform/share/as2_behaviors_platform/launch/as2_platform_behaviors_launch.py
-- Installing: /mission_planning_ws/install/as2_behaviors_platform/share/ament_index/resource_index/package_run_dependencies/as2_behaviors_platform
-- Installing: /mission_planning_ws/install/as2_behaviors_platform/share/ament_index/resource_index/parent_prefix_path/as2_behaviors_platform
-- Installing: /mission_planning_ws/install/as2_behaviors_platform/share/as2_behaviors_platform/environment/ament_prefix_path.sh
-- Installing: /mission_planning_ws/install/as2_behaviors_platform/share/as2_behaviors_platform/environment/ament_prefix_path.dsv
-- Installing: /mission_planning_ws/install/as2_behaviors_platform/share/as2_behaviors_platform/environment/path.sh
-- Installing: /mission_planning_ws/install/as2_behaviors_platform/share/as2_behaviors_platform/environment/path.dsv
-- Installing: /mission_planning_ws/install/as2_behaviors_platform/share/as2_behaviors_platform/local_setup.bash
-- Installing: /mission_planning_ws/install/as2_behaviors_platform/share/as2_behaviors_platform/local_setup.sh
-- Installing: /mission_planning_ws/install/as2_behaviors_platform/share/as2_behaviors_platform/local_setup.zsh
-- Installing: /mission_planning_ws/install/as2_behaviors_platform/share/as2_behaviors_platform/local_setup.dsv
-- Installing: /mission_planning_ws/install/as2_behaviors_platform/share/as2_behaviors_platform/package.dsv
-- Installing: /mission_planning_ws/install/as2_behaviors_platform/share/ament_index/resource_index/packages/as2_behaviors_platform
-- Installing: /mission_planning_ws/install/as2_behaviors_platform/share/as2_behaviors_platform/cmake/as2_behaviors_platformConfig.cmake
-- Installing: /mission_planning_ws/install/as2_behaviors_platform/share/as2_behaviors_platform/cmake/as2_behaviors_platformConfig-version.cmake
-- Installing: /mission_planning_ws/install/as2_behaviors_platform/share/as2_behaviors_platform/package.xml
