[0.042s] Invoking command in '/mission_planning_ws/build/as2_behaviors_platform': AMENT_PREFIX_PATH=/mission_planning_ws/install/as2_behavior:/mission_planning_ws/install/as2_core:/mission_planning_ws/install/as2_msgs:${AMENT_PREFIX_PATH} CMAKE_PREFIX_PATH=/mission_planning_ws/install/as2_behavior:/mission_planning_ws/install/as2_core:/mission_planning_ws/install/as2_msgs:/root/project_gazebo_ws/install/aerostack2:/root/project_gazebo_ws/install/as2_usb_camera_interface:/root/project_gazebo_ws/install/as2_state_estimator:/root/project_gazebo_ws/install/as2_rviz_plugins:/root/project_gazebo_ws/install/as2_realsense_interface:/root/project_gazebo_ws/install/as2_platform_multirotor_simulator:/root/project_gazebo_ws/install/as2_platform_gazebo:/root/project_gazebo_ws/install/as2_motion_controller:/root/project_gazebo_ws/install/as2_behaviors_trajectory_generation:/root/project_gazebo_ws/install/as2_behaviors_motion:/root/project_gazebo_ws/install/as2_motion_reference_handlers:/root/project_gazebo_ws/install/as2_map_server:/root/project_gazebo_ws/install/as2_geozones:/root/project_gazebo_ws/install/as2_gazebo_assets:/root/project_gazebo_ws/install/as2_external_object_to_tf:/root/project_gazebo_ws/install/as2_behaviors_platform:/root/project_gazebo_ws/install/as2_behaviors_perception:/root/project_gazebo_ws/install/as2_behaviors_path_planning:/root/project_gazebo_ws/install/as2_behavior_tree:/root/project_gazebo_ws/install/as2_behavior:/root/project_gazebo_ws/install/as2_alphanumeric_viewer:/root/project_gazebo_ws/install/as2_core:/root/project_gazebo_ws/install/as2_msgs:/root/project_gazebo_ws/install/as2_cli:/root/project_gazebo_ws/install/as2_visualization:/root/project_gazebo_ws/install/as2_keyboard_teleoperation:/root/project_gazebo_ws/install/as2_python_api:/opt/ros/humble LD_LIBRARY_PATH=/mission_planning_ws/install/as2_behavior/lib:/mission_planning_ws/install/as2_core/lib:/mission_planning_ws/install/as2_msgs/lib:${LD_LIBRARY_PATH} PYTHONPATH=/mission_planning_ws/install/as2_core/local/lib/python3.10/dist-packages:/mission_planning_ws/install/as2_msgs/local/lib/python3.10/dist-packages:${PYTHONPATH} /usr/bin/cmake /mission_planning_ws/src/aerostack2/as2_behaviors/as2_behaviors_platform -DCMAKE_INSTALL_PREFIX=/mission_planning_ws/install/as2_behaviors_platform
[4.572s] -- The C compiler identification is GNU 11.4.0
[4.573s] -- The CXX compiler identification is GNU 11.4.0
[4.576s] -- Detecting C compiler ABI info
[4.577s] -- Detecting C compiler ABI info - done
[4.579s] -- Check for working C compiler: /usr/bin/cc - skipped
[4.579s] -- Detecting C compile features
[4.579s] -- Detecting C compile features - done
[4.580s] -- Detecting CXX compiler ABI info
[4.580s] -- Detecting CXX compiler ABI info - done
[4.580s] -- Check for working CXX compiler: /usr/bin/c++ - skipped
[4.580s] -- Detecting CXX compile features
[4.580s] -- Detecting CXX compile features - done
[4.580s] -- Found ament_cmake: 1.3.11 (/opt/ros/humble/share/ament_cmake/cmake)
[4.580s] -- Found Python3: /usr/bin/python3 (found version "3.10.12") found components: Interpreter 
[4.580s] -- Found rclcpp: 16.0.11 (/opt/ros/humble/share/rclcpp/cmake)
[4.580s] -- Found rosidl_generator_c: 3.1.6 (/opt/ros/humble/share/rosidl_generator_c/cmake)
[4.580s] -- Found rosidl_adapter: 3.1.6 (/opt/ros/humble/share/rosidl_adapter/cmake)
[4.580s] -- Found rosidl_generator_cpp: 3.1.6 (/opt/ros/humble/share/rosidl_generator_cpp/cmake)
[4.580s] -- Using all available rosidl_typesupport_c: rosidl_typesupport_fastrtps_c;rosidl_typesupport_introspection_c
[4.580s] -- Using all available rosidl_typesupport_cpp: rosidl_typesupport_fastrtps_cpp;rosidl_typesupport_introspection_cpp
[4.580s] -- Found rmw_implementation_cmake: 6.1.2 (/opt/ros/humble/share/rmw_implementation_cmake/cmake)
[4.580s] -- Found rmw_fastrtps_cpp: 6.2.7 (/opt/ros/humble/share/rmw_fastrtps_cpp/cmake)
[4.581s] -- Found OpenSSL: /usr/lib/x86_64-linux-gnu/libcrypto.so (found version "3.0.2")  
[4.581s] -- Found FastRTPS: /opt/ros/humble/include  
[4.581s] -- Using RMW implementation 'rmw_fastrtps_cpp' as default
[4.581s] -- Looking for pthread.h
[4.581s] -- Looking for pthread.h - found
[4.581s] -- Performing Test CMAKE_HAVE_LIBC_PTHREAD
[4.581s] -- Performing Test CMAKE_HAVE_LIBC_PTHREAD - Success
[4.581s] -- Found Threads: TRUE  
[4.581s] -- Found rclcpp_action: 16.0.11 (/opt/ros/humble/share/rclcpp_action/cmake)
[4.581s] -- Found as2_behavior: 1.1.2 (/mission_planning_ws/install/as2_behavior/share/as2_behavior/cmake)
[4.581s] -- Found std_srvs: 4.2.4 (/opt/ros/humble/share/std_srvs/cmake)
[4.581s] -- Found as2_core: 1.1.2 (/mission_planning_ws/install/as2_core/share/as2_core/cmake)
[4.581s] -- Found eigen3_cmake_module: 0.1.1 (/opt/ros/humble/share/eigen3_cmake_module/cmake)
[4.582s] -- Found Eigen3: TRUE (found version "3.4.0") 
[4.583s] -- Ensuring Eigen3 include directory is part of orocos-kdl CMake target
[4.583s] -- Found ament_lint_auto: 0.12.11 (/opt/ros/humble/share/ament_lint_auto/cmake)
[4.583s] -- Found gtest sources under '/opt/ros/humble/src/gtest_vendor': C++ tests using 'Google Test' will be built
[4.584s] -- Added test 'copyright' to check source files copyright and LICENSE
[4.584s] -- Added test 'cppcheck' to perform static code analysis on C / C++ code
[4.584s] -- Configured cppcheck include dirs: /mission_planning_ws/src/aerostack2/as2_behaviors/as2_behaviors_platform/include;/mission_planning_ws/src/aerostack2/as2_behaviors/as2_behaviors_platform/include/as2_behaviors_platform
[4.584s] -- Configured cppcheck exclude dirs and/or files: 
[4.584s] -- Added test 'cpplint' to check C / C++ code against the Google style
[4.584s] -- Configured cpplint exclude dirs and/or files: 
[4.584s] -- Added test 'flake8' to check Python code syntax and style conventions
[4.585s] -- Added test 'lint_cmake' to check CMake code style
[4.585s] -- Added test 'pep257' to check Python code against some of the docstring style conventions in PEP 257
[4.585s] -- Added test 'uncrustify' to check C / C++ code style
[4.585s] -- Configured uncrustify additional arguments: 
[4.585s] -- Added test 'xmllint' to check XML markup files
[4.585s] -- Configuring done
[4.586s] -- Generating done
[4.586s] -- Build files have been written to: /mission_planning_ws/build/as2_behaviors_platform
[4.598s] Invoked command in '/mission_planning_ws/build/as2_behaviors_platform' returned '0': AMENT_PREFIX_PATH=/mission_planning_ws/install/as2_behavior:/mission_planning_ws/install/as2_core:/mission_planning_ws/install/as2_msgs:${AMENT_PREFIX_PATH} CMAKE_PREFIX_PATH=/mission_planning_ws/install/as2_behavior:/mission_planning_ws/install/as2_core:/mission_planning_ws/install/as2_msgs:/root/project_gazebo_ws/install/aerostack2:/root/project_gazebo_ws/install/as2_usb_camera_interface:/root/project_gazebo_ws/install/as2_state_estimator:/root/project_gazebo_ws/install/as2_rviz_plugins:/root/project_gazebo_ws/install/as2_realsense_interface:/root/project_gazebo_ws/install/as2_platform_multirotor_simulator:/root/project_gazebo_ws/install/as2_platform_gazebo:/root/project_gazebo_ws/install/as2_motion_controller:/root/project_gazebo_ws/install/as2_behaviors_trajectory_generation:/root/project_gazebo_ws/install/as2_behaviors_motion:/root/project_gazebo_ws/install/as2_motion_reference_handlers:/root/project_gazebo_ws/install/as2_map_server:/root/project_gazebo_ws/install/as2_geozones:/root/project_gazebo_ws/install/as2_gazebo_assets:/root/project_gazebo_ws/install/as2_external_object_to_tf:/root/project_gazebo_ws/install/as2_behaviors_platform:/root/project_gazebo_ws/install/as2_behaviors_perception:/root/project_gazebo_ws/install/as2_behaviors_path_planning:/root/project_gazebo_ws/install/as2_behavior_tree:/root/project_gazebo_ws/install/as2_behavior:/root/project_gazebo_ws/install/as2_alphanumeric_viewer:/root/project_gazebo_ws/install/as2_core:/root/project_gazebo_ws/install/as2_msgs:/root/project_gazebo_ws/install/as2_cli:/root/project_gazebo_ws/install/as2_visualization:/root/project_gazebo_ws/install/as2_keyboard_teleoperation:/root/project_gazebo_ws/install/as2_python_api:/opt/ros/humble LD_LIBRARY_PATH=/mission_planning_ws/install/as2_behavior/lib:/mission_planning_ws/install/as2_core/lib:/mission_planning_ws/install/as2_msgs/lib:${LD_LIBRARY_PATH} PYTHONPATH=/mission_planning_ws/install/as2_core/local/lib/python3.10/dist-packages:/mission_planning_ws/install/as2_msgs/local/lib/python3.10/dist-packages:${PYTHONPATH} /usr/bin/cmake /mission_planning_ws/src/aerostack2/as2_behaviors/as2_behaviors_platform -DCMAKE_INSTALL_PREFIX=/mission_planning_ws/install/as2_behaviors_platform
[4.598s] Invoking command in '/mission_planning_ws/build/as2_behaviors_platform': AMENT_PREFIX_PATH=/mission_planning_ws/install/as2_behavior:/mission_planning_ws/install/as2_core:/mission_planning_ws/install/as2_msgs:${AMENT_PREFIX_PATH} CMAKE_PREFIX_PATH=/mission_planning_ws/install/as2_behavior:/mission_planning_ws/install/as2_core:/mission_planning_ws/install/as2_msgs:/root/project_gazebo_ws/install/aerostack2:/root/project_gazebo_ws/install/as2_usb_camera_interface:/root/project_gazebo_ws/install/as2_state_estimator:/root/project_gazebo_ws/install/as2_rviz_plugins:/root/project_gazebo_ws/install/as2_realsense_interface:/root/project_gazebo_ws/install/as2_platform_multirotor_simulator:/root/project_gazebo_ws/install/as2_platform_gazebo:/root/project_gazebo_ws/install/as2_motion_controller:/root/project_gazebo_ws/install/as2_behaviors_trajectory_generation:/root/project_gazebo_ws/install/as2_behaviors_motion:/root/project_gazebo_ws/install/as2_motion_reference_handlers:/root/project_gazebo_ws/install/as2_map_server:/root/project_gazebo_ws/install/as2_geozones:/root/project_gazebo_ws/install/as2_gazebo_assets:/root/project_gazebo_ws/install/as2_external_object_to_tf:/root/project_gazebo_ws/install/as2_behaviors_platform:/root/project_gazebo_ws/install/as2_behaviors_perception:/root/project_gazebo_ws/install/as2_behaviors_path_planning:/root/project_gazebo_ws/install/as2_behavior_tree:/root/project_gazebo_ws/install/as2_behavior:/root/project_gazebo_ws/install/as2_alphanumeric_viewer:/root/project_gazebo_ws/install/as2_core:/root/project_gazebo_ws/install/as2_msgs:/root/project_gazebo_ws/install/as2_cli:/root/project_gazebo_ws/install/as2_visualization:/root/project_gazebo_ws/install/as2_keyboard_teleoperation:/root/project_gazebo_ws/install/as2_python_api:/opt/ros/humble LD_LIBRARY_PATH=/mission_planning_ws/install/as2_behavior/lib:/mission_planning_ws/install/as2_core/lib:/mission_planning_ws/install/as2_msgs/lib:${LD_LIBRARY_PATH} PYTHONPATH=/mission_planning_ws/install/as2_core/local/lib/python3.10/dist-packages:/mission_planning_ws/install/as2_msgs/local/lib/python3.10/dist-packages:${PYTHONPATH} /usr/bin/cmake --build /mission_planning_ws/build/as2_behaviors_platform -- -j22 -l22
[7.421s] [  7%] [32mBuilding CXX object CMakeFiles/arm_behavior.dir/src/set_arming_state_behavior_main.cpp.o[0m
[12.580s] [ 15%] [32m[1mLinking CXX executable arm_behavior[0m
[13.026s] [ 15%] Built target arm_behavior
[13.061s] [ 23%] [32mBuilding CXX object gtest/CMakeFiles/gtest.dir/src/gtest-all.cc.o[0m
[16.438s] [ 30%] [32m[1mLinking CXX static library libgtest.a[0m
[16.513s] [ 30%] Built target gtest
[16.545s] [ 38%] [32mBuilding CXX object gtest/CMakeFiles/gtest_main.dir/src/gtest_main.cc.o[0m
[17.501s] [ 46%] [32m[1mLinking CXX static library libgtest_main.a[0m
[17.552s] [ 46%] Built target gtest_main
[17.584s] [ 53%] [32mBuilding CXX object CMakeFiles/as2_behaviors_platform.dir/src/set_arming_state_behavior_main.cpp.o[0m
[26.727s] [ 61%] [32mBuilding CXX object CMakeFiles/as2_behaviors_platform.dir/src/set_offboard_mode_behavior_main.cpp.o[0m
[33.307s] [ 69%] [32m[1mLinking CXX static library libas2_behaviors_platform.a[0m
[33.564s] [ 69%] Built target as2_behaviors_platform
[33.596s] [ 76%] [32mBuilding CXX object CMakeFiles/offboard_behavior.dir/src/set_offboard_mode_behavior_main.cpp.o[0m
[41.789s] [ 84%] [32m[1mLinking CXX executable offboard_behavior[0m
[42.204s] [ 84%] Built target offboard_behavior
[42.235s] [ 92%] [32mBuilding CXX object tests/CMakeFiles/as2_behaviors_platform_as2_behaviors_platform_gtest.dir/as2_behaviors_platform_gtest.cpp.o[0m
[57.780s] [100%] [32m[1mLinking CXX executable as2_behaviors_platform_as2_behaviors_platform_gtest[0m
[58.558s] [100%] Built target as2_behaviors_platform_as2_behaviors_platform_gtest
[58.577s] Invoked command in '/mission_planning_ws/build/as2_behaviors_platform' returned '0': AMENT_PREFIX_PATH=/mission_planning_ws/install/as2_behavior:/mission_planning_ws/install/as2_core:/mission_planning_ws/install/as2_msgs:${AMENT_PREFIX_PATH} CMAKE_PREFIX_PATH=/mission_planning_ws/install/as2_behavior:/mission_planning_ws/install/as2_core:/mission_planning_ws/install/as2_msgs:/root/project_gazebo_ws/install/aerostack2:/root/project_gazebo_ws/install/as2_usb_camera_interface:/root/project_gazebo_ws/install/as2_state_estimator:/root/project_gazebo_ws/install/as2_rviz_plugins:/root/project_gazebo_ws/install/as2_realsense_interface:/root/project_gazebo_ws/install/as2_platform_multirotor_simulator:/root/project_gazebo_ws/install/as2_platform_gazebo:/root/project_gazebo_ws/install/as2_motion_controller:/root/project_gazebo_ws/install/as2_behaviors_trajectory_generation:/root/project_gazebo_ws/install/as2_behaviors_motion:/root/project_gazebo_ws/install/as2_motion_reference_handlers:/root/project_gazebo_ws/install/as2_map_server:/root/project_gazebo_ws/install/as2_geozones:/root/project_gazebo_ws/install/as2_gazebo_assets:/root/project_gazebo_ws/install/as2_external_object_to_tf:/root/project_gazebo_ws/install/as2_behaviors_platform:/root/project_gazebo_ws/install/as2_behaviors_perception:/root/project_gazebo_ws/install/as2_behaviors_path_planning:/root/project_gazebo_ws/install/as2_behavior_tree:/root/project_gazebo_ws/install/as2_behavior:/root/project_gazebo_ws/install/as2_alphanumeric_viewer:/root/project_gazebo_ws/install/as2_core:/root/project_gazebo_ws/install/as2_msgs:/root/project_gazebo_ws/install/as2_cli:/root/project_gazebo_ws/install/as2_visualization:/root/project_gazebo_ws/install/as2_keyboard_teleoperation:/root/project_gazebo_ws/install/as2_python_api:/opt/ros/humble LD_LIBRARY_PATH=/mission_planning_ws/install/as2_behavior/lib:/mission_planning_ws/install/as2_core/lib:/mission_planning_ws/install/as2_msgs/lib:${LD_LIBRARY_PATH} PYTHONPATH=/mission_planning_ws/install/as2_core/local/lib/python3.10/dist-packages:/mission_planning_ws/install/as2_msgs/local/lib/python3.10/dist-packages:${PYTHONPATH} /usr/bin/cmake --build /mission_planning_ws/build/as2_behaviors_platform -- -j22 -l22
[58.580s] Invoking command in '/mission_planning_ws/build/as2_behaviors_platform': AMENT_PREFIX_PATH=/mission_planning_ws/install/as2_behavior:/mission_planning_ws/install/as2_core:/mission_planning_ws/install/as2_msgs:${AMENT_PREFIX_PATH} CMAKE_PREFIX_PATH=/mission_planning_ws/install/as2_behavior:/mission_planning_ws/install/as2_core:/mission_planning_ws/install/as2_msgs:/root/project_gazebo_ws/install/aerostack2:/root/project_gazebo_ws/install/as2_usb_camera_interface:/root/project_gazebo_ws/install/as2_state_estimator:/root/project_gazebo_ws/install/as2_rviz_plugins:/root/project_gazebo_ws/install/as2_realsense_interface:/root/project_gazebo_ws/install/as2_platform_multirotor_simulator:/root/project_gazebo_ws/install/as2_platform_gazebo:/root/project_gazebo_ws/install/as2_motion_controller:/root/project_gazebo_ws/install/as2_behaviors_trajectory_generation:/root/project_gazebo_ws/install/as2_behaviors_motion:/root/project_gazebo_ws/install/as2_motion_reference_handlers:/root/project_gazebo_ws/install/as2_map_server:/root/project_gazebo_ws/install/as2_geozones:/root/project_gazebo_ws/install/as2_gazebo_assets:/root/project_gazebo_ws/install/as2_external_object_to_tf:/root/project_gazebo_ws/install/as2_behaviors_platform:/root/project_gazebo_ws/install/as2_behaviors_perception:/root/project_gazebo_ws/install/as2_behaviors_path_planning:/root/project_gazebo_ws/install/as2_behavior_tree:/root/project_gazebo_ws/install/as2_behavior:/root/project_gazebo_ws/install/as2_alphanumeric_viewer:/root/project_gazebo_ws/install/as2_core:/root/project_gazebo_ws/install/as2_msgs:/root/project_gazebo_ws/install/as2_cli:/root/project_gazebo_ws/install/as2_visualization:/root/project_gazebo_ws/install/as2_keyboard_teleoperation:/root/project_gazebo_ws/install/as2_python_api:/opt/ros/humble LD_LIBRARY_PATH=/mission_planning_ws/install/as2_behavior/lib:/mission_planning_ws/install/as2_core/lib:/mission_planning_ws/install/as2_msgs/lib:${LD_LIBRARY_PATH} PYTHONPATH=/mission_planning_ws/install/as2_core/local/lib/python3.10/dist-packages:/mission_planning_ws/install/as2_msgs/local/lib/python3.10/dist-packages:${PYTHONPATH} /usr/bin/cmake --install /mission_planning_ws/build/as2_behaviors_platform
[58.588s] -- Install configuration: ""
[58.588s] -- Installing: /mission_planning_ws/install/as2_behaviors_platform/lib/as2_behaviors_platform/arm_behavior
[58.591s] -- Set runtime path of "/mission_planning_ws/install/as2_behaviors_platform/lib/as2_behaviors_platform/arm_behavior" to ""
[58.591s] -- Installing: /mission_planning_ws/install/as2_behaviors_platform/lib/as2_behaviors_platform/offboard_behavior
[58.593s] -- Set runtime path of "/mission_planning_ws/install/as2_behaviors_platform/lib/as2_behaviors_platform/offboard_behavior" to ""
[58.593s] -- Installing: /mission_planning_ws/install/as2_behaviors_platform/lib/libas2_behaviors_platform.a
[58.604s] -- Installing: /mission_planning_ws/install/as2_behaviors_platform/share/as2_behaviors_platform/launch
[58.605s] -- Installing: /mission_planning_ws/install/as2_behaviors_platform/share/as2_behaviors_platform/launch/test.launch.py
[58.606s] -- Installing: /mission_planning_ws/install/as2_behaviors_platform/share/as2_behaviors_platform/launch/as2_platform_behaviors_launch.py
[58.606s] -- Installing: /mission_planning_ws/install/as2_behaviors_platform/share/ament_index/resource_index/package_run_dependencies/as2_behaviors_platform
[58.606s] -- Installing: /mission_planning_ws/install/as2_behaviors_platform/share/ament_index/resource_index/parent_prefix_path/as2_behaviors_platform
[58.606s] -- Installing: /mission_planning_ws/install/as2_behaviors_platform/share/as2_behaviors_platform/environment/ament_prefix_path.sh
[58.607s] -- Installing: /mission_planning_ws/install/as2_behaviors_platform/share/as2_behaviors_platform/environment/ament_prefix_path.dsv
[58.607s] -- Installing: /mission_planning_ws/install/as2_behaviors_platform/share/as2_behaviors_platform/environment/path.sh
[58.607s] -- Installing: /mission_planning_ws/install/as2_behaviors_platform/share/as2_behaviors_platform/environment/path.dsv
[58.607s] -- Installing: /mission_planning_ws/install/as2_behaviors_platform/share/as2_behaviors_platform/local_setup.bash
[58.607s] -- Installing: /mission_planning_ws/install/as2_behaviors_platform/share/as2_behaviors_platform/local_setup.sh
[58.607s] -- Installing: /mission_planning_ws/install/as2_behaviors_platform/share/as2_behaviors_platform/local_setup.zsh
[58.607s] -- Installing: /mission_planning_ws/install/as2_behaviors_platform/share/as2_behaviors_platform/local_setup.dsv
[58.608s] -- Installing: /mission_planning_ws/install/as2_behaviors_platform/share/as2_behaviors_platform/package.dsv
[58.608s] -- Installing: /mission_planning_ws/install/as2_behaviors_platform/share/ament_index/resource_index/packages/as2_behaviors_platform
[58.608s] -- Installing: /mission_planning_ws/install/as2_behaviors_platform/share/as2_behaviors_platform/cmake/as2_behaviors_platformConfig.cmake
[58.608s] -- Installing: /mission_planning_ws/install/as2_behaviors_platform/share/as2_behaviors_platform/cmake/as2_behaviors_platformConfig-version.cmake
[58.608s] -- Installing: /mission_planning_ws/install/as2_behaviors_platform/share/as2_behaviors_platform/package.xml
[58.612s] Invoked command in '/mission_planning_ws/build/as2_behaviors_platform' returned '0': AMENT_PREFIX_PATH=/mission_planning_ws/install/as2_behavior:/mission_planning_ws/install/as2_core:/mission_planning_ws/install/as2_msgs:${AMENT_PREFIX_PATH} CMAKE_PREFIX_PATH=/mission_planning_ws/install/as2_behavior:/mission_planning_ws/install/as2_core:/mission_planning_ws/install/as2_msgs:/root/project_gazebo_ws/install/aerostack2:/root/project_gazebo_ws/install/as2_usb_camera_interface:/root/project_gazebo_ws/install/as2_state_estimator:/root/project_gazebo_ws/install/as2_rviz_plugins:/root/project_gazebo_ws/install/as2_realsense_interface:/root/project_gazebo_ws/install/as2_platform_multirotor_simulator:/root/project_gazebo_ws/install/as2_platform_gazebo:/root/project_gazebo_ws/install/as2_motion_controller:/root/project_gazebo_ws/install/as2_behaviors_trajectory_generation:/root/project_gazebo_ws/install/as2_behaviors_motion:/root/project_gazebo_ws/install/as2_motion_reference_handlers:/root/project_gazebo_ws/install/as2_map_server:/root/project_gazebo_ws/install/as2_geozones:/root/project_gazebo_ws/install/as2_gazebo_assets:/root/project_gazebo_ws/install/as2_external_object_to_tf:/root/project_gazebo_ws/install/as2_behaviors_platform:/root/project_gazebo_ws/install/as2_behaviors_perception:/root/project_gazebo_ws/install/as2_behaviors_path_planning:/root/project_gazebo_ws/install/as2_behavior_tree:/root/project_gazebo_ws/install/as2_behavior:/root/project_gazebo_ws/install/as2_alphanumeric_viewer:/root/project_gazebo_ws/install/as2_core:/root/project_gazebo_ws/install/as2_msgs:/root/project_gazebo_ws/install/as2_cli:/root/project_gazebo_ws/install/as2_visualization:/root/project_gazebo_ws/install/as2_keyboard_teleoperation:/root/project_gazebo_ws/install/as2_python_api:/opt/ros/humble LD_LIBRARY_PATH=/mission_planning_ws/install/as2_behavior/lib:/mission_planning_ws/install/as2_core/lib:/mission_planning_ws/install/as2_msgs/lib:${LD_LIBRARY_PATH} PYTHONPATH=/mission_planning_ws/install/as2_core/local/lib/python3.10/dist-packages:/mission_planning_ws/install/as2_msgs/local/lib/python3.10/dist-packages:${PYTHONPATH} /usr/bin/cmake --install /mission_planning_ws/build/as2_behaviors_platform
