[0.469s] Invoking command in '/mission_planning_ws/src/aerostack2/as2_user_interfaces/as2_visualization/as2_visualization': AMENT_PREFIX_PATH=/mission_planning_ws/install/as2_gazebo_assets:/mission_planning_ws/install/as2_core:/mission_planning_ws/install/as2_msgs:${AMENT_PREFIX_PATH} CMAKE_PREFIX_PATH=/mission_planning_ws/install/as2_gazebo_assets:/mission_planning_ws/install/as2_core:/mission_planning_ws/install/as2_msgs:${CMAKE_PREFIX_PATH} GZ_SIM_RESOURCE_PATH=/mission_planning_ws/install/as2_gazebo_assets/share/as2_ign_gazebo_assets/worlds:/mission_planning_ws/install/as2_gazebo_assets/share/as2_ign_gazebo_assets/models:${GZ_SIM_RESOURCE_PATH} GZ_SIM_SYSTEM_PLUGIN_PATH=/mission_planning_ws/install/as2_gazebo_assets/lib:${GZ_SIM_SYSTEM_PLUGIN_PATH} GZ_VERSION=@GZ_VERSION@ LD_LIBRARY_PATH=/mission_planning_ws/install/as2_gazebo_assets/lib:/mission_planning_ws/install/as2_core/lib:/mission_planning_ws/install/as2_msgs/lib:${LD_LIBRARY_PATH} PYTHONPATH=/mission_planning_ws/build/as2_visualization/prefix_override:/usr/lib/python3/dist-packages/colcon_core/task/python/colcon_distutils_commands:/mission_planning_ws/install/as2_visualization/lib/python3.10/site-packages:/mission_planning_ws/install/as2_gazebo_assets/local/lib/python3.10/dist-packages:/mission_planning_ws/install/as2_core/local/lib/python3.10/dist-packages:/mission_planning_ws/install/as2_msgs/local/lib/python3.10/dist-packages:${PYTHONPATH} /usr/bin/python3 -W ignore:setup.py install is deprecated -W ignore:easy_install command is deprecated setup.py egg_info --egg-base ../../../../../build/as2_visualization build --build-base /mission_planning_ws/build/as2_visualization/build install --record /mission_planning_ws/build/as2_visualization/install.log --single-version-externally-managed install_data
[0.615s] running egg_info
[0.615s] writing ../../../../../build/as2_visualization/as2_visualization.egg-info/PKG-INFO
[0.616s] writing dependency_links to ../../../../../build/as2_visualization/as2_visualization.egg-info/dependency_links.txt
[0.616s] writing entry points to ../../../../../build/as2_visualization/as2_visualization.egg-info/entry_points.txt
[0.616s] writing requirements to ../../../../../build/as2_visualization/as2_visualization.egg-info/requires.txt
[0.616s] writing top-level names to ../../../../../build/as2_visualization/as2_visualization.egg-info/top_level.txt
[0.617s] reading manifest file '../../../../../build/as2_visualization/as2_visualization.egg-info/SOURCES.txt'
[0.618s] writing manifest file '../../../../../build/as2_visualization/as2_visualization.egg-info/SOURCES.txt'
[0.618s] running build
[0.618s] running build_py
[0.619s] running install
[0.619s] running install_lib
[0.621s] running install_data
[0.622s] running install_egg_info
[0.624s] removing '/mission_planning_ws/install/as2_visualization/lib/python3.10/site-packages/as2_visualization-1.1.2-py3.10.egg-info' (and everything under it)
[0.624s] Copying ../../../../../build/as2_visualization/as2_visualization.egg-info to /mission_planning_ws/install/as2_visualization/lib/python3.10/site-packages/as2_visualization-1.1.2-py3.10.egg-info
[0.625s] running install_scripts
[0.638s] Installing gate_publisher script to /mission_planning_ws/install/as2_visualization/lib/as2_visualization
[0.638s] Installing marker_publisher script to /mission_planning_ws/install/as2_visualization/lib/as2_visualization
[0.638s] writing list of installed files to '/mission_planning_ws/build/as2_visualization/install.log'
[0.803s] Invoked command in '/mission_planning_ws/src/aerostack2/as2_user_interfaces/as2_visualization/as2_visualization' returned '0': AMENT_PREFIX_PATH=/mission_planning_ws/install/as2_gazebo_assets:/mission_planning_ws/install/as2_core:/mission_planning_ws/install/as2_msgs:${AMENT_PREFIX_PATH} CMAKE_PREFIX_PATH=/mission_planning_ws/install/as2_gazebo_assets:/mission_planning_ws/install/as2_core:/mission_planning_ws/install/as2_msgs:${CMAKE_PREFIX_PATH} GZ_SIM_RESOURCE_PATH=/mission_planning_ws/install/as2_gazebo_assets/share/as2_ign_gazebo_assets/worlds:/mission_planning_ws/install/as2_gazebo_assets/share/as2_ign_gazebo_assets/models:${GZ_SIM_RESOURCE_PATH} GZ_SIM_SYSTEM_PLUGIN_PATH=/mission_planning_ws/install/as2_gazebo_assets/lib:${GZ_SIM_SYSTEM_PLUGIN_PATH} GZ_VERSION=@GZ_VERSION@ LD_LIBRARY_PATH=/mission_planning_ws/install/as2_gazebo_assets/lib:/mission_planning_ws/install/as2_core/lib:/mission_planning_ws/install/as2_msgs/lib:${LD_LIBRARY_PATH} PYTHONPATH=/mission_planning_ws/build/as2_visualization/prefix_override:/usr/lib/python3/dist-packages/colcon_core/task/python/colcon_distutils_commands:/mission_planning_ws/install/as2_visualization/lib/python3.10/site-packages:/mission_planning_ws/install/as2_gazebo_assets/local/lib/python3.10/dist-packages:/mission_planning_ws/install/as2_core/local/lib/python3.10/dist-packages:/mission_planning_ws/install/as2_msgs/local/lib/python3.10/dist-packages:${PYTHONPATH} /usr/bin/python3 -W ignore:setup.py install is deprecated -W ignore:easy_install command is deprecated setup.py egg_info --egg-base ../../../../../build/as2_visualization build --build-base /mission_planning_ws/build/as2_visualization/build install --record /mission_planning_ws/build/as2_visualization/install.log --single-version-externally-managed install_data
