-- The C compiler identification is GNU 11.4.0
-- The CXX compiler identification is GNU 11.4.0
-- Detecting C compiler ABI info
-- Detecting C compiler ABI info - done
-- Check for working C compiler: /usr/bin/cc - skipped
-- Detecting C compile features
-- Detecting C compile features - done
-- Detecting CXX compiler ABI info
-- Detecting CXX compiler ABI info - done
-- Check for working CXX compiler: /usr/bin/c++ - skipped
-- Detecting CXX compile features
-- Detecting CXX compile features - done
-- Found ament_cmake: 1.3.11 (/opt/ros/humble/share/ament_cmake/cmake)
-- Found Python3: /usr/bin/python3 (found version "3.10.12") found components: Interpreter 
-- Found rclcpp: 16.0.11 (/opt/ros/humble/share/rclcpp/cmake)
-- Found rosidl_generator_c: 3.1.6 (/opt/ros/humble/share/rosidl_generator_c/cmake)
-- Found rosidl_adapter: 3.1.6 (/opt/ros/humble/share/rosidl_adapter/cmake)
-- Found rosidl_generator_cpp: 3.1.6 (/opt/ros/humble/share/rosidl_generator_cpp/cmake)
-- Using all available rosidl_typesupport_c: rosidl_typesupport_fastrtps_c;rosidl_typesupport_introspection_c
-- Using all available rosidl_typesupport_cpp: rosidl_typesupport_fastrtps_cpp;rosidl_typesupport_introspection_cpp
-- Found rmw_implementation_cmake: 6.1.2 (/opt/ros/humble/share/rmw_implementation_cmake/cmake)
-- Found rmw_fastrtps_cpp: 6.2.7 (/opt/ros/humble/share/rmw_fastrtps_cpp/cmake)
-- Found OpenSSL: /usr/lib/x86_64-linux-gnu/libcrypto.so (found version "3.0.2")  
-- Found FastRTPS: /opt/ros/humble/include  
-- Using RMW implementation 'rmw_fastrtps_cpp' as default
-- Looking for pthread.h
-- Looking for pthread.h - found
-- Performing Test CMAKE_HAVE_LIBC_PTHREAD
-- Performing Test CMAKE_HAVE_LIBC_PTHREAD - Success
-- Found Threads: TRUE  
-- Found as2_core: 1.1.2 (/mission_planning_ws/install/as2_core/share/as2_core/cmake)
-- Found eigen3_cmake_module: 0.1.1 (/opt/ros/humble/share/eigen3_cmake_module/cmake)
-- Found Eigen3: TRUE (found version "3.4.0") 
-- Ensuring Eigen3 include directory is part of orocos-kdl CMake target
-- multirotor_simulator not found
-- Found GTest: /usr/lib/x86_64-linux-gnu/cmake/GTest/GTestConfig.cmake (found version "1.11.0")  
-- Found ament_lint_auto: 0.12.11 (/opt/ros/humble/share/ament_lint_auto/cmake)
-- Found gtest sources under '/opt/ros/humble/src/gtest_vendor': C++ tests using 'Google Test' will be built
-- Added test 'copyright' to check source files copyright and LICENSE
-- Added test 'cppcheck' to perform static code analysis on C / C++ code
-- Configured cppcheck include dirs: /mission_planning_ws/src/aerostack2/as2_aerial_platforms/as2_platform_multirotor_simulator/include;/mission_planning_ws/src/aerostack2/as2_aerial_platforms/as2_platform_multirotor_simulator/include/as2_platform_multirotor_simulator;/mission_planning_ws/src/aerostack2/as2_aerial_platforms/as2_platform_multirotor_simulator/{EIGEN3_INCLUDE_DIRS}
-- Configured cppcheck exclude dirs and/or files: 
-- Added test 'cpplint' to check C / C++ code against the Google style
-- Configured cpplint exclude dirs and/or files: 
-- Added test 'flake8' to check Python code syntax and style conventions
-- Added test 'lint_cmake' to check CMake code style
-- Added test 'pep257' to check Python code against some of the docstring style conventions in PEP 257
-- Added test 'uncrustify' to check C / C++ code style
-- Configured uncrustify additional arguments: 
-- Added test 'xmllint' to check XML markup files
-- Configuring done
-- Generating done
-- Build files have been written to: /mission_planning_ws/build/as2_platform_multirotor_simulator
[  2%] [32m[1mLinking CXX shared library libpid_controller.so[0m
[  4%] [32mBuilding CXX object gtest/CMakeFiles/gtest_main.dir/src/gtest_main.cc.o[0m
[  6%] [32mBuilding CXX object gtest/CMakeFiles/gtest.dir/src/gtest-all.cc.o[0m
[  6%] Built target pid_controller
[  8%] [32mBuilding CXX object _deps/multirotor_simulator-build/tests/CMakeFiles/multirotor_simulator_dynamics_gtest.dir/multirotor_dynamic_model/multirotor_dynamic_model/dynamics_gtest.cpp.o[0m
[ 10%] [32mBuilding CXX object _deps/multirotor_simulator-build/tests/CMakeFiles/multirotor_simulator_utils_gtest.dir/multirotor_dynamic_model/common/utils_gtest.cpp.o[0m
[ 12%] [32mBuilding CXX object CMakeFiles/as2_platform_multirotor_simulator_node.dir/src/as2_platform_multirotor_simulator_node.cpp.o[0m
[ 14%] [32mBuilding CXX object CMakeFiles/as2_platform_multirotor_simulator_node.dir/src/as2_platform_multirotor_simulator.cpp.o[0m
[ 16%] [32mBuilding CXX object _deps/multirotor_simulator-build/pid_controller/tests/CMakeFiles/pid_controller_pid_1d_gtest.dir/pid_1d_test/pid_1d_gtest.cpp.o[0m
[ 18%] [32mBuilding CXX object _deps/multirotor_simulator-build/pid_controller/tests/CMakeFiles/pid_controller_saturate_output_gtest.dir/pid_test/saturate_output_gtest.cpp.o[0m
[ 20%] [32mBuilding CXX object CMakeFiles/as2_platform_multirotor_simulator.dir/src/as2_platform_multirotor_simulator.cpp.o[0m
[ 22%] [32mBuilding CXX object _deps/multirotor_simulator-build/pid_controller/tests/CMakeFiles/pid_controller_pid_gtest.dir/pid_test/pid_gtest.cpp.o[0m
[ 25%] [32mBuilding CXX object _deps/multirotor_simulator-build/tests/CMakeFiles/multirotor_simulator_position_controller_gtest.dir/multirotor_controllers/controllers/position_controller_gtest.cpp.o[0m
[ 27%] [32mBuilding CXX object _deps/multirotor_simulator-build/tests/CMakeFiles/multirotor_simulator_state_gtest.dir/multirotor_dynamic_model/common/state_gtest.cpp.o[0m
[ 29%] [32mBuilding CXX object _deps/multirotor_simulator-build/tests/CMakeFiles/multirotor_simulator_multirotor_controllers_gtest.dir/multirotor_controllers/multirotor_controllers_gtest.cpp.o[0m
[ 31%] [32mBuilding CXX object _deps/multirotor_simulator-build/tests/CMakeFiles/multirotor_simulator_multirotor_simulator_fly_gtest.dir/multirotor_simulator/multirotor_simulator_fly_gtest.cpp.o[0m
[ 33%] [32mBuilding CXX object _deps/multirotor_simulator-build/tests/CMakeFiles/multirotor_simulator_imu_gtest.dir/imu_simulator/imu_gtest.cpp.o[0m
[ 35%] [32mBuilding CXX object _deps/multirotor_simulator-build/tests/CMakeFiles/multirotor_simulator_acro_controller_gtest.dir/multirotor_controllers/controllers/acro_controller_gtest.cpp.o[0m
[ 37%] [32mBuilding CXX object _deps/multirotor_simulator-build/tests/CMakeFiles/multirotor_simulator_inertial_odometry_gtest.dir/imu_simulator/inertial_odometry_gtest.cpp.o[0m
[ 39%] [32mBuilding CXX object _deps/multirotor_simulator-build/tests/CMakeFiles/multirotor_simulator_model_gtest.dir/multirotor_dynamic_model/multirotor_dynamic_model/model_gtest.cpp.o[0m
[ 41%] [32mBuilding CXX object _deps/multirotor_simulator-build/tests/CMakeFiles/multirotor_simulator_multirotor_simulator_gtest.dir/multirotor_simulator/multirotor_simulator_gtest.cpp.o[0m
[ 45%] [32mBuilding CXX object _deps/multirotor_simulator-build/tests/CMakeFiles/multirotor_simulator_velocity_controller_gtest.dir/multirotor_controllers/controllers/velocity_controller_gtest.cpp.o[0m
[ 43%] [32mBuilding CXX object _deps/multirotor_simulator-build/tests/CMakeFiles/multirotor_simulator_indi_controller_gtest.dir/multirotor_controllers/controllers/indi_controller_gtest.cpp.o[0m
[ 47%] [32mBuilding CXX object _deps/multirotor_simulator-build/tests/CMakeFiles/multirotor_simulator_trajectory_controller_gtest.dir/multirotor_controllers/controllers/trajectory_controller_gtest.cpp.o[0m
[ 50%] [32m[1mLinking CXX static library libgtest_main.a[0m
[ 50%] Built target gtest_main
[ 52%] [32m[1mLinking CXX executable multirotor_simulator_utils_gtest[0m
[ 52%] Built target multirotor_simulator_utils_gtest
[ 54%] [32m[1mLinking CXX executable pid_controller_saturate_output_gtest[0m
[ 54%] Built target pid_controller_saturate_output_gtest
[ 56%] [32m[1mLinking CXX executable multirotor_simulator_state_gtest[0m
[ 56%] Built target multirotor_simulator_state_gtest
[ 58%] [32m[1mLinking CXX executable multirotor_simulator_velocity_controller_gtest[0m
[ 58%] Built target multirotor_simulator_velocity_controller_gtest
[ 60%] [32m[1mLinking CXX executable multirotor_simulator_multirotor_controllers_gtest[0m
[ 62%] [32m[1mLinking CXX executable multirotor_simulator_position_controller_gtest[0m
[ 62%] Built target multirotor_simulator_position_controller_gtest
[ 62%] Built target multirotor_simulator_multirotor_controllers_gtest
[ 64%] [32m[1mLinking CXX executable pid_controller_pid_1d_gtest[0m
[ 66%] [32m[1mLinking CXX executable multirotor_simulator_imu_gtest[0m
[ 68%] [32m[1mLinking CXX executable pid_controller_pid_gtest[0m
[ 68%] Built target pid_controller_pid_1d_gtest
[ 68%] Built target multirotor_simulator_imu_gtest
[ 68%] Built target pid_controller_pid_gtest
[ 70%] [32m[1mLinking CXX executable multirotor_simulator_indi_controller_gtest[0m
[ 70%] Built target multirotor_simulator_indi_controller_gtest
[ 72%] [32m[1mLinking CXX executable multirotor_simulator_trajectory_controller_gtest[0m
[ 72%] Built target multirotor_simulator_trajectory_controller_gtest
[ 75%] [32m[1mLinking CXX executable multirotor_simulator_inertial_odometry_gtest[0m
[ 75%] Built target multirotor_simulator_inertial_odometry_gtest
[ 77%] [32m[1mLinking CXX executable multirotor_simulator_acro_controller_gtest[0m
[ 77%] Built target multirotor_simulator_acro_controller_gtest
[ 79%] [32m[1mLinking CXX executable multirotor_simulator_multirotor_simulator_fly_gtest[0m
[ 79%] Built target multirotor_simulator_multirotor_simulator_fly_gtest
[ 81%] [32m[1mLinking CXX static library libgtest.a[0m
[ 81%] Built target gtest
[ 83%] [32m[1mLinking CXX executable multirotor_simulator_dynamics_gtest[0m
[ 83%] Built target multirotor_simulator_dynamics_gtest
[ 85%] [32m[1mLinking CXX executable multirotor_simulator_model_gtest[0m
[ 85%] Built target multirotor_simulator_model_gtest
[ 87%] [32m[1mLinking CXX executable multirotor_simulator_multirotor_simulator_gtest[0m
[ 87%] Built target multirotor_simulator_multirotor_simulator_gtest
[ 89%] [32m[1mLinking CXX executable as2_platform_multirotor_simulator_node[0m
[ 89%] Built target as2_platform_multirotor_simulator_node
[ 91%] [32m[1mLinking CXX static library libas2_platform_multirotor_simulator.a[0m
[ 91%] Built target as2_platform_multirotor_simulator
[ 93%] [32mBuilding CXX object tests/CMakeFiles/as2_platform_multirotor_simulator_as2_platform_multirotor_simulator_fly_gtest.dir/as2_platform_multirotor_simulator_fly_gtest.cpp.o[0m
[ 95%] [32m[1mLinking CXX executable as2_platform_multirotor_simulator_as2_platform_multirotor_simulator_fly_gtest[0m
[ 95%] Built target as2_platform_multirotor_simulator_as2_platform_multirotor_simulator_fly_gtest
[ 97%] [32mBuilding CXX object tests/CMakeFiles/as2_platform_multirotor_simulator_as2_platform_multirotor_simulator_gtest.dir/as2_platform_multirotor_simulator_gtest.cpp.o[0m
[100%] [32m[1mLinking CXX executable as2_platform_multirotor_simulator_as2_platform_multirotor_simulator_gtest[0m
[100%] Built target as2_platform_multirotor_simulator_as2_platform_multirotor_simulator_gtest
-- Install configuration: "Release"
-- Installing: /mission_planning_ws/install/as2_platform_multirotor_simulator/include
-- Installing: /mission_planning_ws/install/as2_platform_multirotor_simulator/include/as2_platform_multirotor_simulator
-- Installing: /mission_planning_ws/install/as2_platform_multirotor_simulator/include/as2_platform_multirotor_simulator/as2_platform_multirotor_simulator.hpp
-- Installing: /mission_planning_ws/install/as2_platform_multirotor_simulator/lib/as2_platform_multirotor_simulator/as2_platform_multirotor_simulator_node
-- Set runtime path of "/mission_planning_ws/install/as2_platform_multirotor_simulator/lib/as2_platform_multirotor_simulator/as2_platform_multirotor_simulator_node" to ""
-- Installing: /mission_planning_ws/install/as2_platform_multirotor_simulator/lib/libas2_platform_multirotor_simulator.a
-- Installing: /mission_planning_ws/install/as2_platform_multirotor_simulator/share/as2_platform_multirotor_simulator/launch
-- Installing: /mission_planning_ws/install/as2_platform_multirotor_simulator/share/as2_platform_multirotor_simulator/launch/as2_platform_multirotor_simulator.launch.py
-- Installing: /mission_planning_ws/install/as2_platform_multirotor_simulator/share/as2_platform_multirotor_simulator/config
-- Installing: /mission_planning_ws/install/as2_platform_multirotor_simulator/share/as2_platform_multirotor_simulator/config/control_modes.yaml
-- Installing: /mission_planning_ws/install/as2_platform_multirotor_simulator/share/as2_platform_multirotor_simulator/config/platform_config_file.yaml
-- Installing: /mission_planning_ws/install/as2_platform_multirotor_simulator/share/as2_platform_multirotor_simulator/config/uav_config.yaml
-- Installing: /mission_planning_ws/install/as2_platform_multirotor_simulator/share/as2_platform_multirotor_simulator/config/world_config.yaml
-- Installing: /mission_planning_ws/install/as2_platform_multirotor_simulator/share/ament_index/resource_index/package_run_dependencies/as2_platform_multirotor_simulator
-- Installing: /mission_planning_ws/install/as2_platform_multirotor_simulator/share/ament_index/resource_index/parent_prefix_path/as2_platform_multirotor_simulator
-- Installing: /mission_planning_ws/install/as2_platform_multirotor_simulator/share/as2_platform_multirotor_simulator/environment/ament_prefix_path.sh
-- Installing: /mission_planning_ws/install/as2_platform_multirotor_simulator/share/as2_platform_multirotor_simulator/environment/ament_prefix_path.dsv
-- Installing: /mission_planning_ws/install/as2_platform_multirotor_simulator/share/as2_platform_multirotor_simulator/environment/path.sh
-- Installing: /mission_planning_ws/install/as2_platform_multirotor_simulator/share/as2_platform_multirotor_simulator/environment/path.dsv
-- Installing: /mission_planning_ws/install/as2_platform_multirotor_simulator/share/as2_platform_multirotor_simulator/local_setup.bash
-- Installing: /mission_planning_ws/install/as2_platform_multirotor_simulator/share/as2_platform_multirotor_simulator/local_setup.sh
-- Installing: /mission_planning_ws/install/as2_platform_multirotor_simulator/share/as2_platform_multirotor_simulator/local_setup.zsh
-- Installing: /mission_planning_ws/install/as2_platform_multirotor_simulator/share/as2_platform_multirotor_simulator/local_setup.dsv
-- Installing: /mission_planning_ws/install/as2_platform_multirotor_simulator/share/as2_platform_multirotor_simulator/package.dsv
-- Installing: /mission_planning_ws/install/as2_platform_multirotor_simulator/share/ament_index/resource_index/packages/as2_platform_multirotor_simulator
-- Installing: /mission_planning_ws/install/as2_platform_multirotor_simulator/share/as2_platform_multirotor_simulator/cmake/as2_platform_multirotor_simulatorConfig.cmake
-- Installing: /mission_planning_ws/install/as2_platform_multirotor_simulator/share/as2_platform_multirotor_simulator/cmake/as2_platform_multirotor_simulatorConfig-version.cmake
-- Installing: /mission_planning_ws/install/as2_platform_multirotor_simulator/share/as2_platform_multirotor_simulator/package.xml
