[0.047s] Invoking command in '/mission_planning_ws/build/as2_platform_multirotor_simulator': AMENT_PREFIX_PATH=/mission_planning_ws/install/as2_core:/mission_planning_ws/install/as2_msgs:${AMENT_PREFIX_PATH} CMAKE_PREFIX_PATH=/mission_planning_ws/install/as2_core:/mission_planning_ws/install/as2_msgs:/root/project_gazebo_ws/install/aerostack2:/root/project_gazebo_ws/install/as2_usb_camera_interface:/root/project_gazebo_ws/install/as2_state_estimator:/root/project_gazebo_ws/install/as2_rviz_plugins:/root/project_gazebo_ws/install/as2_realsense_interface:/root/project_gazebo_ws/install/as2_platform_multirotor_simulator:/root/project_gazebo_ws/install/as2_platform_gazebo:/root/project_gazebo_ws/install/as2_motion_controller:/root/project_gazebo_ws/install/as2_behaviors_trajectory_generation:/root/project_gazebo_ws/install/as2_behaviors_motion:/root/project_gazebo_ws/install/as2_motion_reference_handlers:/root/project_gazebo_ws/install/as2_map_server:/root/project_gazebo_ws/install/as2_geozones:/root/project_gazebo_ws/install/as2_gazebo_assets:/root/project_gazebo_ws/install/as2_external_object_to_tf:/root/project_gazebo_ws/install/as2_behaviors_platform:/root/project_gazebo_ws/install/as2_behaviors_perception:/root/project_gazebo_ws/install/as2_behaviors_path_planning:/root/project_gazebo_ws/install/as2_behavior_tree:/root/project_gazebo_ws/install/as2_behavior:/root/project_gazebo_ws/install/as2_alphanumeric_viewer:/root/project_gazebo_ws/install/as2_core:/root/project_gazebo_ws/install/as2_msgs:/root/project_gazebo_ws/install/as2_cli:/root/project_gazebo_ws/install/as2_visualization:/root/project_gazebo_ws/install/as2_keyboard_teleoperation:/root/project_gazebo_ws/install/as2_python_api:/opt/ros/humble LD_LIBRARY_PATH=/mission_planning_ws/install/as2_core/lib:/mission_planning_ws/install/as2_msgs/lib:${LD_LIBRARY_PATH} PYTHONPATH=/mission_planning_ws/install/as2_core/local/lib/python3.10/dist-packages:/mission_planning_ws/install/as2_msgs/local/lib/python3.10/dist-packages:${PYTHONPATH} /usr/bin/cmake --build /mission_planning_ws/build/as2_platform_multirotor_simulator -- -j22 -l22
[0.161s] [35m[1mConsolidate compiler generated dependencies of target gtest_main[0m
[0.164s] [35m[1mConsolidate compiler generated dependencies of target gtest[0m
[0.194s] [  2%] Built target pid_controller
[0.213s] [  6%] Built target gtest_main
[0.213s] [ 10%] Built target gtest
[0.237s] [35m[1mConsolidate compiler generated dependencies of target pid_controller_pid_1d_gtest[0m
[0.243s] [35m[1mConsolidate compiler generated dependencies of target as2_platform_multirotor_simulator_node[0m
[0.243s] [35m[1mConsolidate compiler generated dependencies of target multirotor_simulator_imu_gtest[0m
[0.244s] [35m[1mConsolidate compiler generated dependencies of target as2_platform_multirotor_simulator[0m
[0.244s] [35m[1mConsolidate compiler generated dependencies of target multirotor_simulator_indi_controller_gtest[0m
[0.253s] [35m[1mConsolidate compiler generated dependencies of target multirotor_simulator_inertial_odometry_gtest[0m
[0.253s] [35m[1mConsolidate compiler generated dependencies of target pid_controller_pid_gtest[0m
[0.253s] [35m[1mConsolidate compiler generated dependencies of target pid_controller_saturate_output_gtest[0m
[0.255s] [35m[1mConsolidate compiler generated dependencies of target multirotor_simulator_position_controller_gtest[0m
[0.265s] [35m[1mConsolidate compiler generated dependencies of target multirotor_simulator_multirotor_controllers_gtest[0m
[0.265s] [35m[1mConsolidate compiler generated dependencies of target multirotor_simulator_trajectory_controller_gtest[0m
[0.270s] [35m[1mConsolidate compiler generated dependencies of target multirotor_simulator_velocity_controller_gtest[0m
[0.277s] [35m[1mConsolidate compiler generated dependencies of target multirotor_simulator_state_gtest[0m
[0.287s] [35m[1mConsolidate compiler generated dependencies of target multirotor_simulator_utils_gtest[0m
[0.295s] [35m[1mConsolidate compiler generated dependencies of target multirotor_simulator_model_gtest[0m
[0.300s] [35m[1mConsolidate compiler generated dependencies of target multirotor_simulator_dynamics_gtest[0m
[0.305s] [35m[1mConsolidate compiler generated dependencies of target multirotor_simulator_multirotor_simulator_fly_gtest[0m
[0.307s] [35m[1mConsolidate compiler generated dependencies of target multirotor_simulator_acro_controller_gtest[0m
[0.315s] [ 14%] Built target multirotor_simulator_imu_gtest
[0.316s] [ 18%] Built target pid_controller_pid_1d_gtest
[0.326s] [ 22%] Built target multirotor_simulator_inertial_odometry_gtest
[0.334s] [ 27%] Built target as2_platform_multirotor_simulator
[0.344s] [ 33%] Built target as2_platform_multirotor_simulator_node
[0.344s] [ 37%] Built target multirotor_simulator_position_controller_gtest
[0.345s] [ 41%] Built target multirotor_simulator_indi_controller_gtest
[0.345s] [ 45%] Built target multirotor_simulator_trajectory_controller_gtest
[0.347s] [ 50%] Built target multirotor_simulator_velocity_controller_gtest
[0.347s] [ 54%] Built target pid_controller_pid_gtest
[0.351s] [ 58%] Built target multirotor_simulator_utils_gtest
[0.352s] [ 64%] Built target multirotor_simulator_acro_controller_gtest
[0.352s] [ 68%] Built target multirotor_simulator_multirotor_controllers_gtest
[0.353s] [ 70%] Built target multirotor_simulator_state_gtest
[0.355s] [ 75%] Built target multirotor_simulator_multirotor_simulator_fly_gtest
[0.356s] [ 81%] Built target multirotor_simulator_model_gtest
[0.356s] [ 83%] Built target pid_controller_saturate_output_gtest
[0.357s] [35m[1mConsolidate compiler generated dependencies of target multirotor_simulator_multirotor_simulator_gtest[0m
[0.359s] [ 87%] Built target multirotor_simulator_dynamics_gtest
[0.364s] [35m[1mConsolidate compiler generated dependencies of target as2_platform_multirotor_simulator_as2_platform_multirotor_simulator_gtest[0m
[0.366s] [35m[1mConsolidate compiler generated dependencies of target as2_platform_multirotor_simulator_as2_platform_multirotor_simulator_fly_gtest[0m
[0.371s] [ 91%] Built target multirotor_simulator_multirotor_simulator_gtest
[0.382s] [ 95%] Built target as2_platform_multirotor_simulator_as2_platform_multirotor_simulator_fly_gtest
[0.384s] [100%] Built target as2_platform_multirotor_simulator_as2_platform_multirotor_simulator_gtest
[0.444s] Invoked command in '/mission_planning_ws/build/as2_platform_multirotor_simulator' returned '0': AMENT_PREFIX_PATH=/mission_planning_ws/install/as2_core:/mission_planning_ws/install/as2_msgs:${AMENT_PREFIX_PATH} CMAKE_PREFIX_PATH=/mission_planning_ws/install/as2_core:/mission_planning_ws/install/as2_msgs:/root/project_gazebo_ws/install/aerostack2:/root/project_gazebo_ws/install/as2_usb_camera_interface:/root/project_gazebo_ws/install/as2_state_estimator:/root/project_gazebo_ws/install/as2_rviz_plugins:/root/project_gazebo_ws/install/as2_realsense_interface:/root/project_gazebo_ws/install/as2_platform_multirotor_simulator:/root/project_gazebo_ws/install/as2_platform_gazebo:/root/project_gazebo_ws/install/as2_motion_controller:/root/project_gazebo_ws/install/as2_behaviors_trajectory_generation:/root/project_gazebo_ws/install/as2_behaviors_motion:/root/project_gazebo_ws/install/as2_motion_reference_handlers:/root/project_gazebo_ws/install/as2_map_server:/root/project_gazebo_ws/install/as2_geozones:/root/project_gazebo_ws/install/as2_gazebo_assets:/root/project_gazebo_ws/install/as2_external_object_to_tf:/root/project_gazebo_ws/install/as2_behaviors_platform:/root/project_gazebo_ws/install/as2_behaviors_perception:/root/project_gazebo_ws/install/as2_behaviors_path_planning:/root/project_gazebo_ws/install/as2_behavior_tree:/root/project_gazebo_ws/install/as2_behavior:/root/project_gazebo_ws/install/as2_alphanumeric_viewer:/root/project_gazebo_ws/install/as2_core:/root/project_gazebo_ws/install/as2_msgs:/root/project_gazebo_ws/install/as2_cli:/root/project_gazebo_ws/install/as2_visualization:/root/project_gazebo_ws/install/as2_keyboard_teleoperation:/root/project_gazebo_ws/install/as2_python_api:/opt/ros/humble LD_LIBRARY_PATH=/mission_planning_ws/install/as2_core/lib:/mission_planning_ws/install/as2_msgs/lib:${LD_LIBRARY_PATH} PYTHONPATH=/mission_planning_ws/install/as2_core/local/lib/python3.10/dist-packages:/mission_planning_ws/install/as2_msgs/local/lib/python3.10/dist-packages:${PYTHONPATH} /usr/bin/cmake --build /mission_planning_ws/build/as2_platform_multirotor_simulator -- -j22 -l22
[0.446s] Invoking command in '/mission_planning_ws/build/as2_platform_multirotor_simulator': AMENT_PREFIX_PATH=/mission_planning_ws/install/as2_core:/mission_planning_ws/install/as2_msgs:${AMENT_PREFIX_PATH} CMAKE_PREFIX_PATH=/mission_planning_ws/install/as2_core:/mission_planning_ws/install/as2_msgs:/root/project_gazebo_ws/install/aerostack2:/root/project_gazebo_ws/install/as2_usb_camera_interface:/root/project_gazebo_ws/install/as2_state_estimator:/root/project_gazebo_ws/install/as2_rviz_plugins:/root/project_gazebo_ws/install/as2_realsense_interface:/root/project_gazebo_ws/install/as2_platform_multirotor_simulator:/root/project_gazebo_ws/install/as2_platform_gazebo:/root/project_gazebo_ws/install/as2_motion_controller:/root/project_gazebo_ws/install/as2_behaviors_trajectory_generation:/root/project_gazebo_ws/install/as2_behaviors_motion:/root/project_gazebo_ws/install/as2_motion_reference_handlers:/root/project_gazebo_ws/install/as2_map_server:/root/project_gazebo_ws/install/as2_geozones:/root/project_gazebo_ws/install/as2_gazebo_assets:/root/project_gazebo_ws/install/as2_external_object_to_tf:/root/project_gazebo_ws/install/as2_behaviors_platform:/root/project_gazebo_ws/install/as2_behaviors_perception:/root/project_gazebo_ws/install/as2_behaviors_path_planning:/root/project_gazebo_ws/install/as2_behavior_tree:/root/project_gazebo_ws/install/as2_behavior:/root/project_gazebo_ws/install/as2_alphanumeric_viewer:/root/project_gazebo_ws/install/as2_core:/root/project_gazebo_ws/install/as2_msgs:/root/project_gazebo_ws/install/as2_cli:/root/project_gazebo_ws/install/as2_visualization:/root/project_gazebo_ws/install/as2_keyboard_teleoperation:/root/project_gazebo_ws/install/as2_python_api:/opt/ros/humble LD_LIBRARY_PATH=/mission_planning_ws/install/as2_core/lib:/mission_planning_ws/install/as2_msgs/lib:${LD_LIBRARY_PATH} PYTHONPATH=/mission_planning_ws/install/as2_core/local/lib/python3.10/dist-packages:/mission_planning_ws/install/as2_msgs/local/lib/python3.10/dist-packages:${PYTHONPATH} /usr/bin/cmake --install /mission_planning_ws/build/as2_platform_multirotor_simulator
[0.452s] -- Install configuration: "Release"
[0.453s] -- Up-to-date: /mission_planning_ws/install/as2_platform_multirotor_simulator/include
[0.453s] -- Up-to-date: /mission_planning_ws/install/as2_platform_multirotor_simulator/include/as2_platform_multirotor_simulator
[0.453s] -- Up-to-date: /mission_planning_ws/install/as2_platform_multirotor_simulator/include/as2_platform_multirotor_simulator/as2_platform_multirotor_simulator.hpp
[0.453s] -- Up-to-date: /mission_planning_ws/install/as2_platform_multirotor_simulator/lib/as2_platform_multirotor_simulator/as2_platform_multirotor_simulator_node
[0.453s] -- Up-to-date: /mission_planning_ws/install/as2_platform_multirotor_simulator/lib/libas2_platform_multirotor_simulator.a
[0.453s] -- Up-to-date: /mission_planning_ws/install/as2_platform_multirotor_simulator/share/as2_platform_multirotor_simulator/launch
[0.453s] -- Up-to-date: /mission_planning_ws/install/as2_platform_multirotor_simulator/share/as2_platform_multirotor_simulator/launch/as2_platform_multirotor_simulator.launch.py
[0.454s] -- Up-to-date: /mission_planning_ws/install/as2_platform_multirotor_simulator/share/as2_platform_multirotor_simulator/config
[0.454s] -- Up-to-date: /mission_planning_ws/install/as2_platform_multirotor_simulator/share/as2_platform_multirotor_simulator/config/control_modes.yaml
[0.454s] -- Up-to-date: /mission_planning_ws/install/as2_platform_multirotor_simulator/share/as2_platform_multirotor_simulator/config/platform_config_file.yaml
[0.454s] -- Up-to-date: /mission_planning_ws/install/as2_platform_multirotor_simulator/share/as2_platform_multirotor_simulator/config/uav_config.yaml
[0.454s] -- Up-to-date: /mission_planning_ws/install/as2_platform_multirotor_simulator/share/as2_platform_multirotor_simulator/config/world_config.yaml
[0.454s] -- Up-to-date: /mission_planning_ws/install/as2_platform_multirotor_simulator/share/ament_index/resource_index/package_run_dependencies/as2_platform_multirotor_simulator
[0.455s] -- Up-to-date: /mission_planning_ws/install/as2_platform_multirotor_simulator/share/ament_index/resource_index/parent_prefix_path/as2_platform_multirotor_simulator
[0.455s] -- Up-to-date: /mission_planning_ws/install/as2_platform_multirotor_simulator/share/as2_platform_multirotor_simulator/environment/ament_prefix_path.sh
[0.455s] -- Up-to-date: /mission_planning_ws/install/as2_platform_multirotor_simulator/share/as2_platform_multirotor_simulator/environment/ament_prefix_path.dsv
[0.455s] -- Up-to-date: /mission_planning_ws/install/as2_platform_multirotor_simulator/share/as2_platform_multirotor_simulator/environment/path.sh
[0.455s] -- Up-to-date: /mission_planning_ws/install/as2_platform_multirotor_simulator/share/as2_platform_multirotor_simulator/environment/path.dsv
[0.455s] -- Up-to-date: /mission_planning_ws/install/as2_platform_multirotor_simulator/share/as2_platform_multirotor_simulator/local_setup.bash
[0.455s] -- Up-to-date: /mission_planning_ws/install/as2_platform_multirotor_simulator/share/as2_platform_multirotor_simulator/local_setup.sh
[0.455s] -- Up-to-date: /mission_planning_ws/install/as2_platform_multirotor_simulator/share/as2_platform_multirotor_simulator/local_setup.zsh
[0.455s] -- Up-to-date: /mission_planning_ws/install/as2_platform_multirotor_simulator/share/as2_platform_multirotor_simulator/local_setup.dsv
[0.456s] -- Installing: /mission_planning_ws/install/as2_platform_multirotor_simulator/share/as2_platform_multirotor_simulator/package.dsv
[0.458s] -- Up-to-date: /mission_planning_ws/install/as2_platform_multirotor_simulator/share/ament_index/resource_index/packages/as2_platform_multirotor_simulator
[0.458s] -- Up-to-date: /mission_planning_ws/install/as2_platform_multirotor_simulator/share/as2_platform_multirotor_simulator/cmake/as2_platform_multirotor_simulatorConfig.cmake
[0.458s] -- Up-to-date: /mission_planning_ws/install/as2_platform_multirotor_simulator/share/as2_platform_multirotor_simulator/cmake/as2_platform_multirotor_simulatorConfig-version.cmake
[0.459s] -- Up-to-date: /mission_planning_ws/install/as2_platform_multirotor_simulator/share/as2_platform_multirotor_simulator/package.xml
[0.523s] Invoked command in '/mission_planning_ws/build/as2_platform_multirotor_simulator' returned '0': AMENT_PREFIX_PATH=/mission_planning_ws/install/as2_core:/mission_planning_ws/install/as2_msgs:${AMENT_PREFIX_PATH} CMAKE_PREFIX_PATH=/mission_planning_ws/install/as2_core:/mission_planning_ws/install/as2_msgs:/root/project_gazebo_ws/install/aerostack2:/root/project_gazebo_ws/install/as2_usb_camera_interface:/root/project_gazebo_ws/install/as2_state_estimator:/root/project_gazebo_ws/install/as2_rviz_plugins:/root/project_gazebo_ws/install/as2_realsense_interface:/root/project_gazebo_ws/install/as2_platform_multirotor_simulator:/root/project_gazebo_ws/install/as2_platform_gazebo:/root/project_gazebo_ws/install/as2_motion_controller:/root/project_gazebo_ws/install/as2_behaviors_trajectory_generation:/root/project_gazebo_ws/install/as2_behaviors_motion:/root/project_gazebo_ws/install/as2_motion_reference_handlers:/root/project_gazebo_ws/install/as2_map_server:/root/project_gazebo_ws/install/as2_geozones:/root/project_gazebo_ws/install/as2_gazebo_assets:/root/project_gazebo_ws/install/as2_external_object_to_tf:/root/project_gazebo_ws/install/as2_behaviors_platform:/root/project_gazebo_ws/install/as2_behaviors_perception:/root/project_gazebo_ws/install/as2_behaviors_path_planning:/root/project_gazebo_ws/install/as2_behavior_tree:/root/project_gazebo_ws/install/as2_behavior:/root/project_gazebo_ws/install/as2_alphanumeric_viewer:/root/project_gazebo_ws/install/as2_core:/root/project_gazebo_ws/install/as2_msgs:/root/project_gazebo_ws/install/as2_cli:/root/project_gazebo_ws/install/as2_visualization:/root/project_gazebo_ws/install/as2_keyboard_teleoperation:/root/project_gazebo_ws/install/as2_python_api:/opt/ros/humble LD_LIBRARY_PATH=/mission_planning_ws/install/as2_core/lib:/mission_planning_ws/install/as2_msgs/lib:${LD_LIBRARY_PATH} PYTHONPATH=/mission_planning_ws/install/as2_core/local/lib/python3.10/dist-packages:/mission_planning_ws/install/as2_msgs/local/lib/python3.10/dist-packages:${PYTHONPATH} /usr/bin/cmake --install /mission_planning_ws/build/as2_platform_multirotor_simulator
