[0.043s] Invoking command in '/mission_planning_ws/build/as2_behaviors_perception': AMENT_PREFIX_PATH=/mission_planning_ws/install/as2_behavior:/mission_planning_ws/install/as2_core:/mission_planning_ws/install/as2_msgs:${AMENT_PREFIX_PATH} CMAKE_PREFIX_PATH=/mission_planning_ws/install/as2_behavior:/mission_planning_ws/install/as2_core:/mission_planning_ws/install/as2_msgs:/root/project_gazebo_ws/install/aerostack2:/root/project_gazebo_ws/install/as2_usb_camera_interface:/root/project_gazebo_ws/install/as2_state_estimator:/root/project_gazebo_ws/install/as2_rviz_plugins:/root/project_gazebo_ws/install/as2_realsense_interface:/root/project_gazebo_ws/install/as2_platform_multirotor_simulator:/root/project_gazebo_ws/install/as2_platform_gazebo:/root/project_gazebo_ws/install/as2_motion_controller:/root/project_gazebo_ws/install/as2_behaviors_trajectory_generation:/root/project_gazebo_ws/install/as2_behaviors_motion:/root/project_gazebo_ws/install/as2_motion_reference_handlers:/root/project_gazebo_ws/install/as2_map_server:/root/project_gazebo_ws/install/as2_geozones:/root/project_gazebo_ws/install/as2_gazebo_assets:/root/project_gazebo_ws/install/as2_external_object_to_tf:/root/project_gazebo_ws/install/as2_behaviors_platform:/root/project_gazebo_ws/install/as2_behaviors_perception:/root/project_gazebo_ws/install/as2_behaviors_path_planning:/root/project_gazebo_ws/install/as2_behavior_tree:/root/project_gazebo_ws/install/as2_behavior:/root/project_gazebo_ws/install/as2_alphanumeric_viewer:/root/project_gazebo_ws/install/as2_core:/root/project_gazebo_ws/install/as2_msgs:/root/project_gazebo_ws/install/as2_cli:/root/project_gazebo_ws/install/as2_visualization:/root/project_gazebo_ws/install/as2_keyboard_teleoperation:/root/project_gazebo_ws/install/as2_python_api:/opt/ros/humble LD_LIBRARY_PATH=/mission_planning_ws/install/as2_behavior/lib:/mission_planning_ws/install/as2_core/lib:/mission_planning_ws/install/as2_msgs/lib:${LD_LIBRARY_PATH} PYTHONPATH=/mission_planning_ws/install/as2_core/local/lib/python3.10/dist-packages:/mission_planning_ws/install/as2_msgs/local/lib/python3.10/dist-packages:${PYTHONPATH} /usr/bin/cmake /mission_planning_ws/src/aerostack2/as2_behaviors/as2_behaviors_perception -DCMAKE_INSTALL_PREFIX=/mission_planning_ws/install/as2_behaviors_perception
[4.596s] -- The C compiler identification is GNU 11.4.0
[4.596s] -- The CXX compiler identification is GNU 11.4.0
[4.596s] -- Detecting C compiler ABI info
[4.596s] -- Detecting C compiler ABI info - done
[4.596s] -- Check for working C compiler: /usr/bin/cc - skipped
[4.596s] -- Detecting C compile features
[4.596s] -- Detecting C compile features - done
[4.596s] -- Detecting CXX compiler ABI info
[4.596s] -- Detecting CXX compiler ABI info - done
[4.596s] -- Check for working CXX compiler: /usr/bin/c++ - skipped
[4.596s] -- Detecting CXX compile features
[4.596s] -- Detecting CXX compile features - done
[4.597s] -- Found ament_cmake: 1.3.11 (/opt/ros/humble/share/ament_cmake/cmake)
[4.597s] -- Found Python3: /usr/bin/python3 (found version "3.10.12") found components: Interpreter 
[4.597s] -- Found rclcpp: 16.0.11 (/opt/ros/humble/share/rclcpp/cmake)
[4.598s] -- Found rosidl_generator_c: 3.1.6 (/opt/ros/humble/share/rosidl_generator_c/cmake)
[4.599s] -- Found rosidl_adapter: 3.1.6 (/opt/ros/humble/share/rosidl_adapter/cmake)
[4.599s] -- Found rosidl_generator_cpp: 3.1.6 (/opt/ros/humble/share/rosidl_generator_cpp/cmake)
[4.599s] -- Using all available rosidl_typesupport_c: rosidl_typesupport_fastrtps_c;rosidl_typesupport_introspection_c
[4.599s] -- Using all available rosidl_typesupport_cpp: rosidl_typesupport_fastrtps_cpp;rosidl_typesupport_introspection_cpp
[4.599s] -- Found rmw_implementation_cmake: 6.1.2 (/opt/ros/humble/share/rmw_implementation_cmake/cmake)
[4.599s] -- Found rmw_fastrtps_cpp: 6.2.7 (/opt/ros/humble/share/rmw_fastrtps_cpp/cmake)
[4.599s] -- Found OpenSSL: /usr/lib/x86_64-linux-gnu/libcrypto.so (found version "3.0.2")  
[4.599s] -- Found FastRTPS: /opt/ros/humble/include  
[4.599s] -- Using RMW implementation 'rmw_fastrtps_cpp' as default
[4.600s] -- Looking for pthread.h
[4.600s] -- Looking for pthread.h - found
[4.600s] -- Performing Test CMAKE_HAVE_LIBC_PTHREAD
[4.600s] -- Performing Test CMAKE_HAVE_LIBC_PTHREAD - Success
[4.600s] -- Found Threads: TRUE  
[4.600s] -- Found std_srvs: 4.2.4 (/opt/ros/humble/share/std_srvs/cmake)
[4.600s] -- Found as2_core: 1.1.2 (/mission_planning_ws/install/as2_core/share/as2_core/cmake)
[4.600s] -- Found eigen3_cmake_module: 0.1.1 (/opt/ros/humble/share/eigen3_cmake_module/cmake)
[4.600s] -- Found Eigen3: TRUE (found version "3.4.0") 
[4.600s] -- Ensuring Eigen3 include directory is part of orocos-kdl CMake target
[4.600s] -- Found as2_behavior: 1.1.2 (/mission_planning_ws/install/as2_behavior/share/as2_behavior/cmake)
[4.600s] -- Found OpenCV: /usr (found version "4.5.4") 
[4.600s] -- Found ament_cmake_gtest: 1.3.11 (/opt/ros/humble/share/ament_cmake_gtest/cmake)
[4.601s] -- Found gtest sources under '/opt/ros/humble/src/gtest_vendor': C++ tests using 'Google Test' will be built
[4.601s] -- Found ament_lint_auto: 0.12.11 (/opt/ros/humble/share/ament_lint_auto/cmake)
[4.601s] -- Added test 'copyright' to check source files copyright and LICENSE
[4.601s] -- Added test 'cppcheck' to perform static code analysis on C / C++ code
[4.601s] -- Configured cppcheck include dirs: 
[4.601s] -- Configured cppcheck exclude dirs and/or files: 
[4.601s] -- Added test 'cpplint' to check C / C++ code against the Google style
[4.601s] -- Configured cpplint exclude dirs and/or files: 
[4.601s] -- Added test 'flake8' to check Python code syntax and style conventions
[4.601s] -- Added test 'lint_cmake' to check CMake code style
[4.601s] -- Added test 'pep257' to check Python code against some of the docstring style conventions in PEP 257
[4.601s] -- Added test 'uncrustify' to check C / C++ code style
[4.602s] -- Configured uncrustify additional arguments: 
[4.602s] -- Added test 'xmllint' to check XML markup files
[4.602s] -- Configuring done
[4.602s] -- Generating done
[4.602s] -- Build files have been written to: /mission_planning_ws/build/as2_behaviors_perception
[4.606s] Invoked command in '/mission_planning_ws/build/as2_behaviors_perception' returned '0': AMENT_PREFIX_PATH=/mission_planning_ws/install/as2_behavior:/mission_planning_ws/install/as2_core:/mission_planning_ws/install/as2_msgs:${AMENT_PREFIX_PATH} CMAKE_PREFIX_PATH=/mission_planning_ws/install/as2_behavior:/mission_planning_ws/install/as2_core:/mission_planning_ws/install/as2_msgs:/root/project_gazebo_ws/install/aerostack2:/root/project_gazebo_ws/install/as2_usb_camera_interface:/root/project_gazebo_ws/install/as2_state_estimator:/root/project_gazebo_ws/install/as2_rviz_plugins:/root/project_gazebo_ws/install/as2_realsense_interface:/root/project_gazebo_ws/install/as2_platform_multirotor_simulator:/root/project_gazebo_ws/install/as2_platform_gazebo:/root/project_gazebo_ws/install/as2_motion_controller:/root/project_gazebo_ws/install/as2_behaviors_trajectory_generation:/root/project_gazebo_ws/install/as2_behaviors_motion:/root/project_gazebo_ws/install/as2_motion_reference_handlers:/root/project_gazebo_ws/install/as2_map_server:/root/project_gazebo_ws/install/as2_geozones:/root/project_gazebo_ws/install/as2_gazebo_assets:/root/project_gazebo_ws/install/as2_external_object_to_tf:/root/project_gazebo_ws/install/as2_behaviors_platform:/root/project_gazebo_ws/install/as2_behaviors_perception:/root/project_gazebo_ws/install/as2_behaviors_path_planning:/root/project_gazebo_ws/install/as2_behavior_tree:/root/project_gazebo_ws/install/as2_behavior:/root/project_gazebo_ws/install/as2_alphanumeric_viewer:/root/project_gazebo_ws/install/as2_core:/root/project_gazebo_ws/install/as2_msgs:/root/project_gazebo_ws/install/as2_cli:/root/project_gazebo_ws/install/as2_visualization:/root/project_gazebo_ws/install/as2_keyboard_teleoperation:/root/project_gazebo_ws/install/as2_python_api:/opt/ros/humble LD_LIBRARY_PATH=/mission_planning_ws/install/as2_behavior/lib:/mission_planning_ws/install/as2_core/lib:/mission_planning_ws/install/as2_msgs/lib:${LD_LIBRARY_PATH} PYTHONPATH=/mission_planning_ws/install/as2_core/local/lib/python3.10/dist-packages:/mission_planning_ws/install/as2_msgs/local/lib/python3.10/dist-packages:${PYTHONPATH} /usr/bin/cmake /mission_planning_ws/src/aerostack2/as2_behaviors/as2_behaviors_perception -DCMAKE_INSTALL_PREFIX=/mission_planning_ws/install/as2_behaviors_perception
[4.606s] Invoking command in '/mission_planning_ws/build/as2_behaviors_perception': AMENT_PREFIX_PATH=/mission_planning_ws/install/as2_behavior:/mission_planning_ws/install/as2_core:/mission_planning_ws/install/as2_msgs:${AMENT_PREFIX_PATH} CMAKE_PREFIX_PATH=/mission_planning_ws/install/as2_behavior:/mission_planning_ws/install/as2_core:/mission_planning_ws/install/as2_msgs:/root/project_gazebo_ws/install/aerostack2:/root/project_gazebo_ws/install/as2_usb_camera_interface:/root/project_gazebo_ws/install/as2_state_estimator:/root/project_gazebo_ws/install/as2_rviz_plugins:/root/project_gazebo_ws/install/as2_realsense_interface:/root/project_gazebo_ws/install/as2_platform_multirotor_simulator:/root/project_gazebo_ws/install/as2_platform_gazebo:/root/project_gazebo_ws/install/as2_motion_controller:/root/project_gazebo_ws/install/as2_behaviors_trajectory_generation:/root/project_gazebo_ws/install/as2_behaviors_motion:/root/project_gazebo_ws/install/as2_motion_reference_handlers:/root/project_gazebo_ws/install/as2_map_server:/root/project_gazebo_ws/install/as2_geozones:/root/project_gazebo_ws/install/as2_gazebo_assets:/root/project_gazebo_ws/install/as2_external_object_to_tf:/root/project_gazebo_ws/install/as2_behaviors_platform:/root/project_gazebo_ws/install/as2_behaviors_perception:/root/project_gazebo_ws/install/as2_behaviors_path_planning:/root/project_gazebo_ws/install/as2_behavior_tree:/root/project_gazebo_ws/install/as2_behavior:/root/project_gazebo_ws/install/as2_alphanumeric_viewer:/root/project_gazebo_ws/install/as2_core:/root/project_gazebo_ws/install/as2_msgs:/root/project_gazebo_ws/install/as2_cli:/root/project_gazebo_ws/install/as2_visualization:/root/project_gazebo_ws/install/as2_keyboard_teleoperation:/root/project_gazebo_ws/install/as2_python_api:/opt/ros/humble LD_LIBRARY_PATH=/mission_planning_ws/install/as2_behavior/lib:/mission_planning_ws/install/as2_core/lib:/mission_planning_ws/install/as2_msgs/lib:${LD_LIBRARY_PATH} PYTHONPATH=/mission_planning_ws/install/as2_core/local/lib/python3.10/dist-packages:/mission_planning_ws/install/as2_msgs/local/lib/python3.10/dist-packages:${PYTHONPATH} /usr/bin/cmake --build /mission_planning_ws/build/as2_behaviors_perception -- -j22 -l22
[4.680s] [  6%] [32mBuilding CXX object detect_aruco_markers_behavior/CMakeFiles/detect_aruco_markers_behavior_node.dir/src/detect_aruco_markers_behavior.cpp.o[0m
[29.724s] [ 13%] [32mBuilding CXX object detect_aruco_markers_behavior/CMakeFiles/detect_aruco_markers_behavior_node.dir/src/detect_aruco_markers_behavior_node.cpp.o[0m
[36.501s] [ 20%] [32m[1mLinking CXX executable detect_aruco_markers_behavior_node[0m
[36.998s] [ 20%] Built target detect_aruco_markers_behavior_node
[37.056s] [ 26%] [32mBuilding CXX object gtest/CMakeFiles/gtest.dir/src/gtest-all.cc.o[0m
[46.628s] [ 33%] [32m[1mLinking CXX static library libgtest.a[0m
[46.690s] [ 33%] Built target gtest
[46.731s] [ 40%] [32mBuilding CXX object gtest/CMakeFiles/gtest_main.dir/src/gtest_main.cc.o[0m
[46.732s] [ 46%] [32mBuilding CXX object point_gimbal_behavior/CMakeFiles/point_gimbal_behavior.dir/src/point_gimbal_behavior.cpp.o[0m
[46.737s] [ 53%] [32mBuilding CXX object point_gimbal_behavior/CMakeFiles/point_gimbal_behavior.dir/src/point_gimbal_behavior_node.cpp.o[0m
[46.743s] [ 60%] [32mBuilding CXX object point_gimbal_behavior/CMakeFiles/point_gimbal_behavior_node.dir/src/point_gimbal_behavior.cpp.o[0m
[46.746s] [ 66%] [32mBuilding CXX object point_gimbal_behavior/CMakeFiles/point_gimbal_behavior_node.dir/src/point_gimbal_behavior_node.cpp.o[0m
[48.150s] [ 73%] [32m[1mLinking CXX static library libgtest_main.a[0m
[48.300s] [ 73%] Built target gtest_main
[61.225s] [ 80%] [32m[1mLinking CXX executable point_gimbal_behavior_node[0m
[61.451s] [ 80%] Built target point_gimbal_behavior_node
[62.331s] [ 86%] [32m[1mLinking CXX shared library libpoint_gimbal_behavior.so[0m
[62.582s] [ 86%] Built target point_gimbal_behavior
[62.608s] [ 93%] [32mBuilding CXX object point_gimbal_behavior/tests/CMakeFiles/point_gimbal_behavior_point_gimbal_gtest.dir/point_gimbal_gtest.cpp.o[0m
[68.571s] [100%] [32m[1mLinking CXX executable point_gimbal_behavior_point_gimbal_gtest[0m
[68.793s] [100%] Built target point_gimbal_behavior_point_gimbal_gtest
[68.807s] Invoked command in '/mission_planning_ws/build/as2_behaviors_perception' returned '0': AMENT_PREFIX_PATH=/mission_planning_ws/install/as2_behavior:/mission_planning_ws/install/as2_core:/mission_planning_ws/install/as2_msgs:${AMENT_PREFIX_PATH} CMAKE_PREFIX_PATH=/mission_planning_ws/install/as2_behavior:/mission_planning_ws/install/as2_core:/mission_planning_ws/install/as2_msgs:/root/project_gazebo_ws/install/aerostack2:/root/project_gazebo_ws/install/as2_usb_camera_interface:/root/project_gazebo_ws/install/as2_state_estimator:/root/project_gazebo_ws/install/as2_rviz_plugins:/root/project_gazebo_ws/install/as2_realsense_interface:/root/project_gazebo_ws/install/as2_platform_multirotor_simulator:/root/project_gazebo_ws/install/as2_platform_gazebo:/root/project_gazebo_ws/install/as2_motion_controller:/root/project_gazebo_ws/install/as2_behaviors_trajectory_generation:/root/project_gazebo_ws/install/as2_behaviors_motion:/root/project_gazebo_ws/install/as2_motion_reference_handlers:/root/project_gazebo_ws/install/as2_map_server:/root/project_gazebo_ws/install/as2_geozones:/root/project_gazebo_ws/install/as2_gazebo_assets:/root/project_gazebo_ws/install/as2_external_object_to_tf:/root/project_gazebo_ws/install/as2_behaviors_platform:/root/project_gazebo_ws/install/as2_behaviors_perception:/root/project_gazebo_ws/install/as2_behaviors_path_planning:/root/project_gazebo_ws/install/as2_behavior_tree:/root/project_gazebo_ws/install/as2_behavior:/root/project_gazebo_ws/install/as2_alphanumeric_viewer:/root/project_gazebo_ws/install/as2_core:/root/project_gazebo_ws/install/as2_msgs:/root/project_gazebo_ws/install/as2_cli:/root/project_gazebo_ws/install/as2_visualization:/root/project_gazebo_ws/install/as2_keyboard_teleoperation:/root/project_gazebo_ws/install/as2_python_api:/opt/ros/humble LD_LIBRARY_PATH=/mission_planning_ws/install/as2_behavior/lib:/mission_planning_ws/install/as2_core/lib:/mission_planning_ws/install/as2_msgs/lib:${LD_LIBRARY_PATH} PYTHONPATH=/mission_planning_ws/install/as2_core/local/lib/python3.10/dist-packages:/mission_planning_ws/install/as2_msgs/local/lib/python3.10/dist-packages:${PYTHONPATH} /usr/bin/cmake --build /mission_planning_ws/build/as2_behaviors_perception -- -j22 -l22
[68.811s] Invoking command in '/mission_planning_ws/build/as2_behaviors_perception': AMENT_PREFIX_PATH=/mission_planning_ws/install/as2_behavior:/mission_planning_ws/install/as2_core:/mission_planning_ws/install/as2_msgs:${AMENT_PREFIX_PATH} CMAKE_PREFIX_PATH=/mission_planning_ws/install/as2_behavior:/mission_planning_ws/install/as2_core:/mission_planning_ws/install/as2_msgs:/root/project_gazebo_ws/install/aerostack2:/root/project_gazebo_ws/install/as2_usb_camera_interface:/root/project_gazebo_ws/install/as2_state_estimator:/root/project_gazebo_ws/install/as2_rviz_plugins:/root/project_gazebo_ws/install/as2_realsense_interface:/root/project_gazebo_ws/install/as2_platform_multirotor_simulator:/root/project_gazebo_ws/install/as2_platform_gazebo:/root/project_gazebo_ws/install/as2_motion_controller:/root/project_gazebo_ws/install/as2_behaviors_trajectory_generation:/root/project_gazebo_ws/install/as2_behaviors_motion:/root/project_gazebo_ws/install/as2_motion_reference_handlers:/root/project_gazebo_ws/install/as2_map_server:/root/project_gazebo_ws/install/as2_geozones:/root/project_gazebo_ws/install/as2_gazebo_assets:/root/project_gazebo_ws/install/as2_external_object_to_tf:/root/project_gazebo_ws/install/as2_behaviors_platform:/root/project_gazebo_ws/install/as2_behaviors_perception:/root/project_gazebo_ws/install/as2_behaviors_path_planning:/root/project_gazebo_ws/install/as2_behavior_tree:/root/project_gazebo_ws/install/as2_behavior:/root/project_gazebo_ws/install/as2_alphanumeric_viewer:/root/project_gazebo_ws/install/as2_core:/root/project_gazebo_ws/install/as2_msgs:/root/project_gazebo_ws/install/as2_cli:/root/project_gazebo_ws/install/as2_visualization:/root/project_gazebo_ws/install/as2_keyboard_teleoperation:/root/project_gazebo_ws/install/as2_python_api:/opt/ros/humble LD_LIBRARY_PATH=/mission_planning_ws/install/as2_behavior/lib:/mission_planning_ws/install/as2_core/lib:/mission_planning_ws/install/as2_msgs/lib:${LD_LIBRARY_PATH} PYTHONPATH=/mission_planning_ws/install/as2_core/local/lib/python3.10/dist-packages:/mission_planning_ws/install/as2_msgs/local/lib/python3.10/dist-packages:${PYTHONPATH} /usr/bin/cmake --install /mission_planning_ws/build/as2_behaviors_perception
[68.862s] -- Install configuration: "Release"
[68.863s] -- Installing: /mission_planning_ws/install/as2_behaviors_perception/share/ament_index/resource_index/package_run_dependencies/as2_behaviors_perception
[68.864s] -- Installing: /mission_planning_ws/install/as2_behaviors_perception/share/ament_index/resource_index/parent_prefix_path/as2_behaviors_perception
[68.865s] -- Installing: /mission_planning_ws/install/as2_behaviors_perception/share/as2_behaviors_perception/environment/ament_prefix_path.sh
[68.866s] -- Installing: /mission_planning_ws/install/as2_behaviors_perception/share/as2_behaviors_perception/environment/ament_prefix_path.dsv
[68.867s] -- Installing: /mission_planning_ws/install/as2_behaviors_perception/share/as2_behaviors_perception/environment/path.sh
[68.868s] -- Installing: /mission_planning_ws/install/as2_behaviors_perception/share/as2_behaviors_perception/environment/path.dsv
[68.868s] -- Installing: /mission_planning_ws/install/as2_behaviors_perception/share/as2_behaviors_perception/local_setup.bash
[68.869s] -- Installing: /mission_planning_ws/install/as2_behaviors_perception/share/as2_behaviors_perception/local_setup.sh
[68.870s] -- Installing: /mission_planning_ws/install/as2_behaviors_perception/share/as2_behaviors_perception/local_setup.zsh
[68.871s] -- Installing: /mission_planning_ws/install/as2_behaviors_perception/share/as2_behaviors_perception/local_setup.dsv
[68.872s] -- Installing: /mission_planning_ws/install/as2_behaviors_perception/share/as2_behaviors_perception/package.dsv
[68.873s] -- Installing: /mission_planning_ws/install/as2_behaviors_perception/share/ament_index/resource_index/packages/as2_behaviors_perception
[68.874s] -- Installing: /mission_planning_ws/install/as2_behaviors_perception/share/as2_behaviors_perception/cmake/ament_cmake_export_dependencies-extras.cmake
[68.875s] -- Installing: /mission_planning_ws/install/as2_behaviors_perception/share/as2_behaviors_perception/cmake/as2_behaviors_perceptionConfig.cmake
[68.876s] -- Installing: /mission_planning_ws/install/as2_behaviors_perception/share/as2_behaviors_perception/cmake/as2_behaviors_perceptionConfig-version.cmake
[68.876s] -- Installing: /mission_planning_ws/install/as2_behaviors_perception/share/as2_behaviors_perception/package.xml
[68.876s] -- Installing: /mission_planning_ws/install/as2_behaviors_perception/share/as2_behaviors_perception/detect_aruco_markers_behavior/config
[68.877s] -- Installing: /mission_planning_ws/install/as2_behaviors_perception/share/as2_behaviors_perception/detect_aruco_markers_behavior/config/real_params.yaml
[68.877s] -- Installing: /mission_planning_ws/install/as2_behaviors_perception/share/as2_behaviors_perception/detect_aruco_markers_behavior/config/sim_params.yaml
[68.878s] -- Installing: /mission_planning_ws/install/as2_behaviors_perception/share/as2_behaviors_perception/launch
[68.879s] -- Installing: /mission_planning_ws/install/as2_behaviors_perception/share/as2_behaviors_perception/launch/detect_aruco_markers_behavior_sim_launch.py
[68.879s] -- Installing: /mission_planning_ws/install/as2_behaviors_perception/share/as2_behaviors_perception/launch/detect_aruco_markers_behavior_real_launch.py
[68.881s] -- Installing: /mission_planning_ws/install/as2_behaviors_perception/lib/as2_behaviors_perception/detect_aruco_markers_behavior_node
[68.884s] -- Set runtime path of "/mission_planning_ws/install/as2_behaviors_perception/lib/as2_behaviors_perception/detect_aruco_markers_behavior_node" to ""
[68.885s] -- Installing: /mission_planning_ws/install/as2_behaviors_perception/include
[68.886s] -- Installing: /mission_planning_ws/install/as2_behaviors_perception/include/point_gimbal_behavior
[68.886s] -- Installing: /mission_planning_ws/install/as2_behaviors_perception/include/point_gimbal_behavior/point_gimbal_behavior.hpp
[68.886s] -- Up-to-date: /mission_planning_ws/install/as2_behaviors_perception/share/as2_behaviors_perception/launch
[68.887s] -- Installing: /mission_planning_ws/install/as2_behaviors_perception/share/as2_behaviors_perception/launch/point_gimbal_behavior.launch.py
[68.887s] -- Installing: /mission_planning_ws/install/as2_behaviors_perception/share/as2_behaviors_perception/point_gimbal_behavior/config
[68.887s] -- Installing: /mission_planning_ws/install/as2_behaviors_perception/share/as2_behaviors_perception/point_gimbal_behavior/config/config_default.yaml
[68.889s] -- Installing: /mission_planning_ws/install/as2_behaviors_perception/lib/as2_behaviors_perception/point_gimbal_behavior_node
[68.890s] -- Set runtime path of "/mission_planning_ws/install/as2_behaviors_perception/lib/as2_behaviors_perception/point_gimbal_behavior_node" to ""
[68.891s] -- Installing: /mission_planning_ws/install/as2_behaviors_perception/share/as2_behaviors_perception/environment/library_path.sh
[68.891s] -- Installing: /mission_planning_ws/install/as2_behaviors_perception/share/as2_behaviors_perception/environment/library_path.dsv
[68.891s] -- Installing: /mission_planning_ws/install/as2_behaviors_perception/lib/libpoint_gimbal_behavior.so
[68.894s] -- Set runtime path of "/mission_planning_ws/install/as2_behaviors_perception/lib/libpoint_gimbal_behavior.so" to ""
[68.898s] Invoked command in '/mission_planning_ws/build/as2_behaviors_perception' returned '0': AMENT_PREFIX_PATH=/mission_planning_ws/install/as2_behavior:/mission_planning_ws/install/as2_core:/mission_planning_ws/install/as2_msgs:${AMENT_PREFIX_PATH} CMAKE_PREFIX_PATH=/mission_planning_ws/install/as2_behavior:/mission_planning_ws/install/as2_core:/mission_planning_ws/install/as2_msgs:/root/project_gazebo_ws/install/aerostack2:/root/project_gazebo_ws/install/as2_usb_camera_interface:/root/project_gazebo_ws/install/as2_state_estimator:/root/project_gazebo_ws/install/as2_rviz_plugins:/root/project_gazebo_ws/install/as2_realsense_interface:/root/project_gazebo_ws/install/as2_platform_multirotor_simulator:/root/project_gazebo_ws/install/as2_platform_gazebo:/root/project_gazebo_ws/install/as2_motion_controller:/root/project_gazebo_ws/install/as2_behaviors_trajectory_generation:/root/project_gazebo_ws/install/as2_behaviors_motion:/root/project_gazebo_ws/install/as2_motion_reference_handlers:/root/project_gazebo_ws/install/as2_map_server:/root/project_gazebo_ws/install/as2_geozones:/root/project_gazebo_ws/install/as2_gazebo_assets:/root/project_gazebo_ws/install/as2_external_object_to_tf:/root/project_gazebo_ws/install/as2_behaviors_platform:/root/project_gazebo_ws/install/as2_behaviors_perception:/root/project_gazebo_ws/install/as2_behaviors_path_planning:/root/project_gazebo_ws/install/as2_behavior_tree:/root/project_gazebo_ws/install/as2_behavior:/root/project_gazebo_ws/install/as2_alphanumeric_viewer:/root/project_gazebo_ws/install/as2_core:/root/project_gazebo_ws/install/as2_msgs:/root/project_gazebo_ws/install/as2_cli:/root/project_gazebo_ws/install/as2_visualization:/root/project_gazebo_ws/install/as2_keyboard_teleoperation:/root/project_gazebo_ws/install/as2_python_api:/opt/ros/humble LD_LIBRARY_PATH=/mission_planning_ws/install/as2_behavior/lib:/mission_planning_ws/install/as2_core/lib:/mission_planning_ws/install/as2_msgs/lib:${LD_LIBRARY_PATH} PYTHONPATH=/mission_planning_ws/install/as2_core/local/lib/python3.10/dist-packages:/mission_planning_ws/install/as2_msgs/local/lib/python3.10/dist-packages:${PYTHONPATH} /usr/bin/cmake --install /mission_planning_ws/build/as2_behaviors_perception
