[0.185s] Invoking command in '/mission_planning_ws/build/as2_motion_controller': AMENT_PREFIX_PATH=/mission_planning_ws/install/as2_motion_reference_handlers:/mission_planning_ws/install/as2_core:/mission_planning_ws/install/as2_msgs:${AMENT_PREFIX_PATH} CMAKE_PREFIX_PATH=/mission_planning_ws/install/as2_motion_reference_handlers:/mission_planning_ws/install/as2_core:/mission_planning_ws/install/as2_msgs:/root/project_gazebo_ws/install/aerostack2:/root/project_gazebo_ws/install/as2_usb_camera_interface:/root/project_gazebo_ws/install/as2_state_estimator:/root/project_gazebo_ws/install/as2_rviz_plugins:/root/project_gazebo_ws/install/as2_realsense_interface:/root/project_gazebo_ws/install/as2_platform_multirotor_simulator:/root/project_gazebo_ws/install/as2_platform_gazebo:/root/project_gazebo_ws/install/as2_motion_controller:/root/project_gazebo_ws/install/as2_behaviors_trajectory_generation:/root/project_gazebo_ws/install/as2_behaviors_motion:/root/project_gazebo_ws/install/as2_motion_reference_handlers:/root/project_gazebo_ws/install/as2_map_server:/root/project_gazebo_ws/install/as2_geozones:/root/project_gazebo_ws/install/as2_gazebo_assets:/root/project_gazebo_ws/install/as2_external_object_to_tf:/root/project_gazebo_ws/install/as2_behaviors_platform:/root/project_gazebo_ws/install/as2_behaviors_perception:/root/project_gazebo_ws/install/as2_behaviors_path_planning:/root/project_gazebo_ws/install/as2_behavior_tree:/root/project_gazebo_ws/install/as2_behavior:/root/project_gazebo_ws/install/as2_alphanumeric_viewer:/root/project_gazebo_ws/install/as2_core:/root/project_gazebo_ws/install/as2_msgs:/root/project_gazebo_ws/install/as2_cli:/root/project_gazebo_ws/install/as2_visualization:/root/project_gazebo_ws/install/as2_keyboard_teleoperation:/root/project_gazebo_ws/install/as2_python_api:/opt/ros/humble LD_LIBRARY_PATH=/mission_planning_ws/install/as2_motion_reference_handlers/lib:/mission_planning_ws/install/as2_core/lib:/mission_planning_ws/install/as2_msgs/lib:${LD_LIBRARY_PATH} PYTHONPATH=/mission_planning_ws/install/as2_motion_reference_handlers/local/lib/python3.10/dist-packages:/mission_planning_ws/install/as2_core/local/lib/python3.10/dist-packages:/mission_planning_ws/install/as2_msgs/local/lib/python3.10/dist-packages:${PYTHONPATH} /usr/bin/cmake --build /mission_planning_ws/build/as2_motion_controller -- -j22 -l22
[0.277s] [  6%] Built target gtest
[0.281s] [ 10%] Built target pid_controller
[0.282s] [ 17%] Built target gtest_main
[0.290s] [ 20%] Built target as2_motion_controller_plugin_base
[0.298s] [ 31%] Built target as2_motion_controller
[0.310s] [ 37%] Built target pid_controller_pid_gtest
[0.311s] [ 44%] Built target pid_controller_saturate_output_gtest
[0.311s] [ 51%] Built target pid_controller_pid_1d_gtest
[0.330s] [ 58%] Built target as2_motion_controller_find_mode_match_test
[0.331s] [ 65%] Built target as2_motion_controller_as2_motion_controller_gtest
[0.333s] [ 72%] Built target pid_speed_controller
[0.335s] [ 86%] Built target as2_motion_controller_node
[0.335s] [ 86%] Built target differential_flatness_controller
[0.367s] [ 93%] Built target as2_motion_controller_pid_speed_controller_gtest
[0.371s] [100%] Built target as2_motion_controller_differential_flatness_controller_gtest
[0.487s] Invoked command in '/mission_planning_ws/build/as2_motion_controller' returned '0': AMENT_PREFIX_PATH=/mission_planning_ws/install/as2_motion_reference_handlers:/mission_planning_ws/install/as2_core:/mission_planning_ws/install/as2_msgs:${AMENT_PREFIX_PATH} CMAKE_PREFIX_PATH=/mission_planning_ws/install/as2_motion_reference_handlers:/mission_planning_ws/install/as2_core:/mission_planning_ws/install/as2_msgs:/root/project_gazebo_ws/install/aerostack2:/root/project_gazebo_ws/install/as2_usb_camera_interface:/root/project_gazebo_ws/install/as2_state_estimator:/root/project_gazebo_ws/install/as2_rviz_plugins:/root/project_gazebo_ws/install/as2_realsense_interface:/root/project_gazebo_ws/install/as2_platform_multirotor_simulator:/root/project_gazebo_ws/install/as2_platform_gazebo:/root/project_gazebo_ws/install/as2_motion_controller:/root/project_gazebo_ws/install/as2_behaviors_trajectory_generation:/root/project_gazebo_ws/install/as2_behaviors_motion:/root/project_gazebo_ws/install/as2_motion_reference_handlers:/root/project_gazebo_ws/install/as2_map_server:/root/project_gazebo_ws/install/as2_geozones:/root/project_gazebo_ws/install/as2_gazebo_assets:/root/project_gazebo_ws/install/as2_external_object_to_tf:/root/project_gazebo_ws/install/as2_behaviors_platform:/root/project_gazebo_ws/install/as2_behaviors_perception:/root/project_gazebo_ws/install/as2_behaviors_path_planning:/root/project_gazebo_ws/install/as2_behavior_tree:/root/project_gazebo_ws/install/as2_behavior:/root/project_gazebo_ws/install/as2_alphanumeric_viewer:/root/project_gazebo_ws/install/as2_core:/root/project_gazebo_ws/install/as2_msgs:/root/project_gazebo_ws/install/as2_cli:/root/project_gazebo_ws/install/as2_visualization:/root/project_gazebo_ws/install/as2_keyboard_teleoperation:/root/project_gazebo_ws/install/as2_python_api:/opt/ros/humble LD_LIBRARY_PATH=/mission_planning_ws/install/as2_motion_reference_handlers/lib:/mission_planning_ws/install/as2_core/lib:/mission_planning_ws/install/as2_msgs/lib:${LD_LIBRARY_PATH} PYTHONPATH=/mission_planning_ws/install/as2_motion_reference_handlers/local/lib/python3.10/dist-packages:/mission_planning_ws/install/as2_core/local/lib/python3.10/dist-packages:/mission_planning_ws/install/as2_msgs/local/lib/python3.10/dist-packages:${PYTHONPATH} /usr/bin/cmake --build /mission_planning_ws/build/as2_motion_controller -- -j22 -l22
[0.489s] Invoking command in '/mission_planning_ws/build/as2_motion_controller': AMENT_PREFIX_PATH=/mission_planning_ws/install/as2_motion_reference_handlers:/mission_planning_ws/install/as2_core:/mission_planning_ws/install/as2_msgs:${AMENT_PREFIX_PATH} CMAKE_PREFIX_PATH=/mission_planning_ws/install/as2_motion_reference_handlers:/mission_planning_ws/install/as2_core:/mission_planning_ws/install/as2_msgs:/root/project_gazebo_ws/install/aerostack2:/root/project_gazebo_ws/install/as2_usb_camera_interface:/root/project_gazebo_ws/install/as2_state_estimator:/root/project_gazebo_ws/install/as2_rviz_plugins:/root/project_gazebo_ws/install/as2_realsense_interface:/root/project_gazebo_ws/install/as2_platform_multirotor_simulator:/root/project_gazebo_ws/install/as2_platform_gazebo:/root/project_gazebo_ws/install/as2_motion_controller:/root/project_gazebo_ws/install/as2_behaviors_trajectory_generation:/root/project_gazebo_ws/install/as2_behaviors_motion:/root/project_gazebo_ws/install/as2_motion_reference_handlers:/root/project_gazebo_ws/install/as2_map_server:/root/project_gazebo_ws/install/as2_geozones:/root/project_gazebo_ws/install/as2_gazebo_assets:/root/project_gazebo_ws/install/as2_external_object_to_tf:/root/project_gazebo_ws/install/as2_behaviors_platform:/root/project_gazebo_ws/install/as2_behaviors_perception:/root/project_gazebo_ws/install/as2_behaviors_path_planning:/root/project_gazebo_ws/install/as2_behavior_tree:/root/project_gazebo_ws/install/as2_behavior:/root/project_gazebo_ws/install/as2_alphanumeric_viewer:/root/project_gazebo_ws/install/as2_core:/root/project_gazebo_ws/install/as2_msgs:/root/project_gazebo_ws/install/as2_cli:/root/project_gazebo_ws/install/as2_visualization:/root/project_gazebo_ws/install/as2_keyboard_teleoperation:/root/project_gazebo_ws/install/as2_python_api:/opt/ros/humble LD_LIBRARY_PATH=/mission_planning_ws/install/as2_motion_reference_handlers/lib:/mission_planning_ws/install/as2_core/lib:/mission_planning_ws/install/as2_msgs/lib:${LD_LIBRARY_PATH} PYTHONPATH=/mission_planning_ws/install/as2_motion_reference_handlers/local/lib/python3.10/dist-packages:/mission_planning_ws/install/as2_core/local/lib/python3.10/dist-packages:/mission_planning_ws/install/as2_msgs/local/lib/python3.10/dist-packages:${PYTHONPATH} /usr/bin/cmake --install /mission_planning_ws/build/as2_motion_controller
[0.494s] -- Install configuration: "Release"
[0.497s] -- Up-to-date: /mission_planning_ws/install/as2_motion_controller/lib/libas2_motion_controller.so
[0.498s] -- Up-to-date: /mission_planning_ws/install/as2_motion_controller/lib/libas2_motion_controller_plugin_base.so
[0.500s] -- Up-to-date: /mission_planning_ws/install/as2_motion_controller/lib/as2_motion_controller/as2_motion_controller_node
[0.500s] -- Up-to-date: /mission_planning_ws/install/as2_motion_controller/include
[0.500s] -- Up-to-date: /mission_planning_ws/install/as2_motion_controller/include/as2_motion_controller
[0.500s] -- Up-to-date: /mission_planning_ws/install/as2_motion_controller/include/as2_motion_controller/controller_handler.hpp
[0.500s] -- Up-to-date: /mission_planning_ws/install/as2_motion_controller/include/as2_motion_controller/controller_base.hpp
[0.500s] -- Up-to-date: /mission_planning_ws/install/as2_motion_controller/include/as2_motion_controller/controller_manager.hpp
[0.500s] -- Up-to-date: /mission_planning_ws/install/as2_motion_controller/share/as2_motion_controller/environment/library_path.sh
[0.500s] -- Up-to-date: /mission_planning_ws/install/as2_motion_controller/share/as2_motion_controller/environment/library_path.dsv
[0.500s] -- Up-to-date: /mission_planning_ws/install/as2_motion_controller/share/as2_motion_controller/plugins.xml
[0.500s] -- Up-to-date: /mission_planning_ws/install/as2_motion_controller/share/as2_motion_controller/plugins/differential_flatness_controller/config
[0.500s] -- Up-to-date: /mission_planning_ws/install/as2_motion_controller/share/as2_motion_controller/plugins/differential_flatness_controller/config/controller_default.yaml
[0.501s] -- Up-to-date: /mission_planning_ws/install/as2_motion_controller/share/as2_motion_controller/plugins/differential_flatness_controller/config/available_modes.yaml
[0.502s] -- Up-to-date: /mission_planning_ws/install/as2_motion_controller/share/as2_motion_controller/plugins/pid_speed_controller/config
[0.502s] -- Up-to-date: /mission_planning_ws/install/as2_motion_controller/share/as2_motion_controller/plugins/pid_speed_controller/config/controller_default.yaml
[0.502s] -- Up-to-date: /mission_planning_ws/install/as2_motion_controller/share/as2_motion_controller/plugins/pid_speed_controller/config/available_modes.yaml
[0.502s] -- Up-to-date: /mission_planning_ws/install/as2_motion_controller/share/as2_motion_controller/launch
[0.502s] -- Up-to-date: /mission_planning_ws/install/as2_motion_controller/share/as2_motion_controller/launch/pid_speed_controller.launch.py
[0.502s] -- Up-to-date: /mission_planning_ws/install/as2_motion_controller/share/as2_motion_controller/launch/controller_launch.py
[0.502s] -- Up-to-date: /mission_planning_ws/install/as2_motion_controller/share/as2_motion_controller/launch/differential_flatness_controller.launch.py
[0.502s] -- Up-to-date: /mission_planning_ws/install/as2_motion_controller/share/as2_motion_controller/config
[0.502s] -- Up-to-date: /mission_planning_ws/install/as2_motion_controller/share/as2_motion_controller/config/motion_controller_default.yaml
[0.502s] -- Up-to-date: /mission_planning_ws/install/as2_motion_controller/share/ament_index/resource_index/package_run_dependencies/as2_motion_controller
[0.503s] -- Up-to-date: /mission_planning_ws/install/as2_motion_controller/share/ament_index/resource_index/parent_prefix_path/as2_motion_controller
[0.503s] -- Up-to-date: /mission_planning_ws/install/as2_motion_controller/share/as2_motion_controller/environment/ament_prefix_path.sh
[0.503s] -- Up-to-date: /mission_planning_ws/install/as2_motion_controller/share/as2_motion_controller/environment/ament_prefix_path.dsv
[0.503s] -- Up-to-date: /mission_planning_ws/install/as2_motion_controller/share/as2_motion_controller/environment/path.sh
[0.503s] -- Up-to-date: /mission_planning_ws/install/as2_motion_controller/share/as2_motion_controller/environment/path.dsv
[0.503s] -- Up-to-date: /mission_planning_ws/install/as2_motion_controller/share/as2_motion_controller/local_setup.bash
[0.503s] -- Up-to-date: /mission_planning_ws/install/as2_motion_controller/share/as2_motion_controller/local_setup.sh
[0.503s] -- Up-to-date: /mission_planning_ws/install/as2_motion_controller/share/as2_motion_controller/local_setup.zsh
[0.504s] -- Up-to-date: /mission_planning_ws/install/as2_motion_controller/share/as2_motion_controller/local_setup.dsv
[0.504s] -- Installing: /mission_planning_ws/install/as2_motion_controller/share/as2_motion_controller/package.dsv
[0.504s] -- Up-to-date: /mission_planning_ws/install/as2_motion_controller/share/ament_index/resource_index/packages/as2_motion_controller
[0.504s] -- Up-to-date: /mission_planning_ws/install/as2_motion_controller/share/ament_index/resource_index/as2_motion_controller__pluginlib__plugin/as2_motion_controller
[0.505s] -- Up-to-date: /mission_planning_ws/install/as2_motion_controller/share/as2_motion_controller/cmake/ament_cmake_export_include_directories-extras.cmake
[0.505s] -- Up-to-date: /mission_planning_ws/install/as2_motion_controller/share/as2_motion_controller/cmake/ament_cmake_export_libraries-extras.cmake
[0.505s] -- Up-to-date: /mission_planning_ws/install/as2_motion_controller/share/as2_motion_controller/cmake/as2_motion_controllerConfig.cmake
[0.505s] -- Up-to-date: /mission_planning_ws/install/as2_motion_controller/share/as2_motion_controller/cmake/as2_motion_controllerConfig-version.cmake
[0.505s] -- Up-to-date: /mission_planning_ws/install/as2_motion_controller/share/as2_motion_controller/package.xml
[0.505s] -- Up-to-date: /mission_planning_ws/install/as2_motion_controller/include
[0.505s] -- Up-to-date: /mission_planning_ws/install/as2_motion_controller/include/differential_flatness_controller
[0.505s] -- Up-to-date: /mission_planning_ws/install/as2_motion_controller/include/differential_flatness_controller/differential_flatness_controller.hpp
[0.505s] -- Up-to-date: /mission_planning_ws/install/as2_motion_controller/lib/libdifferential_flatness_controller.so
[0.506s] -- Up-to-date: /mission_planning_ws/install/as2_motion_controller/include
[0.506s] -- Up-to-date: /mission_planning_ws/install/as2_motion_controller/include/pid_speed_controller
[0.507s] -- Up-to-date: /mission_planning_ws/install/as2_motion_controller/include/pid_speed_controller/pid_speed_controller.hpp
[0.508s] -- Up-to-date: /mission_planning_ws/install/as2_motion_controller/lib/libpid_speed_controller.so
[0.554s] Invoked command in '/mission_planning_ws/build/as2_motion_controller' returned '0': AMENT_PREFIX_PATH=/mission_planning_ws/install/as2_motion_reference_handlers:/mission_planning_ws/install/as2_core:/mission_planning_ws/install/as2_msgs:${AMENT_PREFIX_PATH} CMAKE_PREFIX_PATH=/mission_planning_ws/install/as2_motion_reference_handlers:/mission_planning_ws/install/as2_core:/mission_planning_ws/install/as2_msgs:/root/project_gazebo_ws/install/aerostack2:/root/project_gazebo_ws/install/as2_usb_camera_interface:/root/project_gazebo_ws/install/as2_state_estimator:/root/project_gazebo_ws/install/as2_rviz_plugins:/root/project_gazebo_ws/install/as2_realsense_interface:/root/project_gazebo_ws/install/as2_platform_multirotor_simulator:/root/project_gazebo_ws/install/as2_platform_gazebo:/root/project_gazebo_ws/install/as2_motion_controller:/root/project_gazebo_ws/install/as2_behaviors_trajectory_generation:/root/project_gazebo_ws/install/as2_behaviors_motion:/root/project_gazebo_ws/install/as2_motion_reference_handlers:/root/project_gazebo_ws/install/as2_map_server:/root/project_gazebo_ws/install/as2_geozones:/root/project_gazebo_ws/install/as2_gazebo_assets:/root/project_gazebo_ws/install/as2_external_object_to_tf:/root/project_gazebo_ws/install/as2_behaviors_platform:/root/project_gazebo_ws/install/as2_behaviors_perception:/root/project_gazebo_ws/install/as2_behaviors_path_planning:/root/project_gazebo_ws/install/as2_behavior_tree:/root/project_gazebo_ws/install/as2_behavior:/root/project_gazebo_ws/install/as2_alphanumeric_viewer:/root/project_gazebo_ws/install/as2_core:/root/project_gazebo_ws/install/as2_msgs:/root/project_gazebo_ws/install/as2_cli:/root/project_gazebo_ws/install/as2_visualization:/root/project_gazebo_ws/install/as2_keyboard_teleoperation:/root/project_gazebo_ws/install/as2_python_api:/opt/ros/humble LD_LIBRARY_PATH=/mission_planning_ws/install/as2_motion_reference_handlers/lib:/mission_planning_ws/install/as2_core/lib:/mission_planning_ws/install/as2_msgs/lib:${LD_LIBRARY_PATH} PYTHONPATH=/mission_planning_ws/install/as2_motion_reference_handlers/local/lib/python3.10/dist-packages:/mission_planning_ws/install/as2_core/local/lib/python3.10/dist-packages:/mission_planning_ws/install/as2_msgs/local/lib/python3.10/dist-packages:${PYTHONPATH} /usr/bin/cmake --install /mission_planning_ws/build/as2_motion_controller
