[ 15%] Built target gtest
[ 30%] Built target offboard_behavior
[ 46%] Built target gtest_main
[ 69%] Built target as2_behaviors_platform
[ 84%] Built target arm_behavior
[100%] Built target as2_behaviors_platform_as2_behaviors_platform_gtest
-- Install configuration: ""
-- Up-to-date: /mission_planning_ws/install/as2_behaviors_platform/lib/as2_behaviors_platform/arm_behavior
-- Up-to-date: /mission_planning_ws/install/as2_behaviors_platform/lib/as2_behaviors_platform/offboard_behavior
-- Up-to-date: /mission_planning_ws/install/as2_behaviors_platform/lib/libas2_behaviors_platform.a
-- Up-to-date: /mission_planning_ws/install/as2_behaviors_platform/share/as2_behaviors_platform/launch
-- Up-to-date: /mission_planning_ws/install/as2_behaviors_platform/share/as2_behaviors_platform/launch/test.launch.py
-- Up-to-date: /mission_planning_ws/install/as2_behaviors_platform/share/as2_behaviors_platform/launch/as2_platform_behaviors_launch.py
-- Up-to-date: /mission_planning_ws/install/as2_behaviors_platform/share/ament_index/resource_index/package_run_dependencies/as2_behaviors_platform
-- Up-to-date: /mission_planning_ws/install/as2_behaviors_platform/share/ament_index/resource_index/parent_prefix_path/as2_behaviors_platform
-- Up-to-date: /mission_planning_ws/install/as2_behaviors_platform/share/as2_behaviors_platform/environment/ament_prefix_path.sh
-- Up-to-date: /mission_planning_ws/install/as2_behaviors_platform/share/as2_behaviors_platform/environment/ament_prefix_path.dsv
-- Up-to-date: /mission_planning_ws/install/as2_behaviors_platform/share/as2_behaviors_platform/environment/path.sh
-- Up-to-date: /mission_planning_ws/install/as2_behaviors_platform/share/as2_behaviors_platform/environment/path.dsv
-- Up-to-date: /mission_planning_ws/install/as2_behaviors_platform/share/as2_behaviors_platform/local_setup.bash
-- Up-to-date: /mission_planning_ws/install/as2_behaviors_platform/share/as2_behaviors_platform/local_setup.sh
-- Up-to-date: /mission_planning_ws/install/as2_behaviors_platform/share/as2_behaviors_platform/local_setup.zsh
-- Up-to-date: /mission_planning_ws/install/as2_behaviors_platform/share/as2_behaviors_platform/local_setup.dsv
-- Installing: /mission_planning_ws/install/as2_behaviors_platform/share/as2_behaviors_platform/package.dsv
-- Up-to-date: /mission_planning_ws/install/as2_behaviors_platform/share/ament_index/resource_index/packages/as2_behaviors_platform
-- Up-to-date: /mission_planning_ws/install/as2_behaviors_platform/share/as2_behaviors_platform/cmake/as2_behaviors_platformConfig.cmake
-- Up-to-date: /mission_planning_ws/install/as2_behaviors_platform/share/as2_behaviors_platform/cmake/as2_behaviors_platformConfig-version.cmake
-- Up-to-date: /mission_planning_ws/install/as2_behaviors_platform/share/as2_behaviors_platform/package.xml
