[0.031s] Invoking command in '/mission_planning_ws/src/build/as2_map_server': AMENT_PREFIX_PATH=/mission_planning_ws/src/install/as2_core:/mission_planning_ws/src/install/as2_msgs:${AMENT_PREFIX_PATH} CMAKE_PREFIX_PATH=/mission_planning_ws/src/install/as2_core:/mission_planning_ws/src/install/as2_msgs:/root/project_gazebo_ws/install/aerostack2:/root/project_gazebo_ws/install/as2_usb_camera_interface:/root/project_gazebo_ws/install/as2_state_estimator:/root/project_gazebo_ws/install/as2_rviz_plugins:/root/project_gazebo_ws/install/as2_realsense_interface:/root/project_gazebo_ws/install/as2_platform_multirotor_simulator:/root/project_gazebo_ws/install/as2_platform_gazebo:/root/project_gazebo_ws/install/as2_motion_controller:/root/project_gazebo_ws/install/as2_behaviors_trajectory_generation:/root/project_gazebo_ws/install/as2_behaviors_motion:/root/project_gazebo_ws/install/as2_motion_reference_handlers:/root/project_gazebo_ws/install/as2_map_server:/root/project_gazebo_ws/install/as2_geozones:/root/project_gazebo_ws/install/as2_gazebo_assets:/root/project_gazebo_ws/install/as2_external_object_to_tf:/root/project_gazebo_ws/install/as2_behaviors_platform:/root/project_gazebo_ws/install/as2_behaviors_perception:/root/project_gazebo_ws/install/as2_behaviors_path_planning:/root/project_gazebo_ws/install/as2_behavior_tree:/root/project_gazebo_ws/install/as2_behavior:/root/project_gazebo_ws/install/as2_alphanumeric_viewer:/root/project_gazebo_ws/install/as2_core:/root/project_gazebo_ws/install/as2_msgs:/root/project_gazebo_ws/install/as2_cli:/root/project_gazebo_ws/install/as2_visualization:/root/project_gazebo_ws/install/as2_keyboard_teleoperation:/root/project_gazebo_ws/install/as2_python_api:/opt/ros/humble LD_LIBRARY_PATH=/mission_planning_ws/src/install/as2_core/lib:/mission_planning_ws/src/install/as2_msgs/lib:${LD_LIBRARY_PATH} PYTHONPATH=/mission_planning_ws/src/install/as2_core/local/lib/python3.10/dist-packages:/mission_planning_ws/src/install/as2_msgs/local/lib/python3.10/dist-packages:${PYTHONPATH} /usr/bin/cmake /mission_planning_ws/src/aerostack2/as2_map_server -DCMAKE_INSTALL_PREFIX=/mission_planning_ws/src/install/as2_map_server
[0.082s] -- The C compiler identification is GNU 11.4.0
[0.140s] -- The CXX compiler identification is GNU 11.4.0
[0.146s] -- Detecting C compiler ABI info
[0.213s] -- Detecting C compiler ABI info - done
[0.221s] -- Check for working C compiler: /usr/bin/cc - skipped
[0.222s] -- Detecting C compile features
[0.222s] -- Detecting C compile features - done
[0.226s] -- Detecting CXX compiler ABI info
[0.322s] -- Detecting CXX compiler ABI info - done
[0.328s] -- Check for working CXX compiler: /usr/bin/c++ - skipped
[0.328s] -- Detecting CXX compile features
[0.328s] -- Detecting CXX compile features - done
[0.336s] -- Found ament_cmake: 1.3.11 (/opt/ros/humble/share/ament_cmake/cmake)
[0.541s] -- Found Python3: /usr/bin/python3 (found version "3.10.12") found components: Interpreter 
[0.753s] -- Found rclcpp: 16.0.11 (/opt/ros/humble/share/rclcpp/cmake)
[0.897s] -- Found rosidl_generator_c: 3.1.6 (/opt/ros/humble/share/rosidl_generator_c/cmake)
[0.930s] -- Found rosidl_adapter: 3.1.6 (/opt/ros/humble/share/rosidl_adapter/cmake)
[0.965s] -- Found rosidl_generator_cpp: 3.1.6 (/opt/ros/humble/share/rosidl_generator_cpp/cmake)
[0.997s] -- Using all available rosidl_typesupport_c: rosidl_typesupport_fastrtps_c;rosidl_typesupport_introspection_c
[1.033s] -- Using all available rosidl_typesupport_cpp: rosidl_typesupport_fastrtps_cpp;rosidl_typesupport_introspection_cpp
[1.162s] -- Found rmw_implementation_cmake: 6.1.2 (/opt/ros/humble/share/rmw_implementation_cmake/cmake)
[1.172s] -- Found rmw_fastrtps_cpp: 6.2.7 (/opt/ros/humble/share/rmw_fastrtps_cpp/cmake)
[1.356s] -- Found OpenSSL: /usr/lib/x86_64-linux-gnu/libcrypto.so (found version "3.0.2")  
[1.410s] -- Found FastRTPS: /opt/ros/humble/include  
[1.487s] -- Using RMW implementation 'rmw_fastrtps_cpp' as default
[1.509s] -- Looking for pthread.h
[1.587s] -- Looking for pthread.h - found
[1.587s] -- Performing Test CMAKE_HAVE_LIBC_PTHREAD
[1.701s] -- Performing Test CMAKE_HAVE_LIBC_PTHREAD - Success
[1.703s] -- Found Threads: TRUE  
[1.810s] -- Found as2_core: 1.1.2 (/mission_planning_ws/src/install/as2_core/share/as2_core/cmake)
[2.078s] -- Found eigen3_cmake_module: 0.1.1 (/opt/ros/humble/share/eigen3_cmake_module/cmake)
[2.080s] -- Found Eigen3: TRUE (found version "3.4.0") 
[2.080s] -- Ensuring Eigen3 include directory is part of orocos-kdl CMake target
[2.417s] -- Found OpenCV: /usr (found version "4.5.4") 
[2.432s] -- Found depthimage_to_laserscan: 2.5.1 (/opt/ros/humble/share/depthimage_to_laserscan/cmake)
[2.464s] -- Found ament_lint_auto: 0.12.11 (/opt/ros/humble/share/ament_lint_auto/cmake)
[2.701s] -- Found gtest sources under '/opt/ros/humble/src/gtest_vendor': C++ tests using 'Google Test' will be built
[2.717s] -- Added test 'copyright' to check source files copyright and LICENSE
[2.726s] -- Added test 'cppcheck' to perform static code analysis on C / C++ code
[2.727s] -- Configured cppcheck include dirs: /mission_planning_ws/src/aerostack2/as2_map_server/include;/mission_planning_ws/src/aerostack2/as2_map_server/include/as2_map_server;$<BUILD_INTERFACE:/mission_planning_ws/src/aerostack2/as2_map_server/include>
[2.727s] -- Configured cppcheck exclude dirs and/or files: 
[2.737s] -- Added test 'cpplint' to check C / C++ code against the Google style
[2.738s] -- Configured cpplint exclude dirs and/or files: 
[2.741s] -- Added test 'flake8' to check Python code syntax and style conventions
[2.747s] -- Added test 'lint_cmake' to check CMake code style
[2.750s] -- Added test 'pep257' to check Python code against some of the docstring style conventions in PEP 257
[2.760s] -- Added test 'uncrustify' to check C / C++ code style
[2.761s] -- Configured uncrustify additional arguments: 
[2.764s] -- Added test 'xmllint' to check XML markup files
[2.769s] -- Configuring done
[2.891s] -- Generating done
[2.931s] -- Build files have been written to: /mission_planning_ws/src/build/as2_map_server
[2.985s] Invoked command in '/mission_planning_ws/src/build/as2_map_server' returned '0': AMENT_PREFIX_PATH=/mission_planning_ws/src/install/as2_core:/mission_planning_ws/src/install/as2_msgs:${AMENT_PREFIX_PATH} CMAKE_PREFIX_PATH=/mission_planning_ws/src/install/as2_core:/mission_planning_ws/src/install/as2_msgs:/root/project_gazebo_ws/install/aerostack2:/root/project_gazebo_ws/install/as2_usb_camera_interface:/root/project_gazebo_ws/install/as2_state_estimator:/root/project_gazebo_ws/install/as2_rviz_plugins:/root/project_gazebo_ws/install/as2_realsense_interface:/root/project_gazebo_ws/install/as2_platform_multirotor_simulator:/root/project_gazebo_ws/install/as2_platform_gazebo:/root/project_gazebo_ws/install/as2_motion_controller:/root/project_gazebo_ws/install/as2_behaviors_trajectory_generation:/root/project_gazebo_ws/install/as2_behaviors_motion:/root/project_gazebo_ws/install/as2_motion_reference_handlers:/root/project_gazebo_ws/install/as2_map_server:/root/project_gazebo_ws/install/as2_geozones:/root/project_gazebo_ws/install/as2_gazebo_assets:/root/project_gazebo_ws/install/as2_external_object_to_tf:/root/project_gazebo_ws/install/as2_behaviors_platform:/root/project_gazebo_ws/install/as2_behaviors_perception:/root/project_gazebo_ws/install/as2_behaviors_path_planning:/root/project_gazebo_ws/install/as2_behavior_tree:/root/project_gazebo_ws/install/as2_behavior:/root/project_gazebo_ws/install/as2_alphanumeric_viewer:/root/project_gazebo_ws/install/as2_core:/root/project_gazebo_ws/install/as2_msgs:/root/project_gazebo_ws/install/as2_cli:/root/project_gazebo_ws/install/as2_visualization:/root/project_gazebo_ws/install/as2_keyboard_teleoperation:/root/project_gazebo_ws/install/as2_python_api:/opt/ros/humble LD_LIBRARY_PATH=/mission_planning_ws/src/install/as2_core/lib:/mission_planning_ws/src/install/as2_msgs/lib:${LD_LIBRARY_PATH} PYTHONPATH=/mission_planning_ws/src/install/as2_core/local/lib/python3.10/dist-packages:/mission_planning_ws/src/install/as2_msgs/local/lib/python3.10/dist-packages:${PYTHONPATH} /usr/bin/cmake /mission_planning_ws/src/aerostack2/as2_map_server -DCMAKE_INSTALL_PREFIX=/mission_planning_ws/src/install/as2_map_server
[2.986s] Invoking command in '/mission_planning_ws/src/build/as2_map_server': AMENT_PREFIX_PATH=/mission_planning_ws/src/install/as2_core:/mission_planning_ws/src/install/as2_msgs:${AMENT_PREFIX_PATH} CMAKE_PREFIX_PATH=/mission_planning_ws/src/install/as2_core:/mission_planning_ws/src/install/as2_msgs:/root/project_gazebo_ws/install/aerostack2:/root/project_gazebo_ws/install/as2_usb_camera_interface:/root/project_gazebo_ws/install/as2_state_estimator:/root/project_gazebo_ws/install/as2_rviz_plugins:/root/project_gazebo_ws/install/as2_realsense_interface:/root/project_gazebo_ws/install/as2_platform_multirotor_simulator:/root/project_gazebo_ws/install/as2_platform_gazebo:/root/project_gazebo_ws/install/as2_motion_controller:/root/project_gazebo_ws/install/as2_behaviors_trajectory_generation:/root/project_gazebo_ws/install/as2_behaviors_motion:/root/project_gazebo_ws/install/as2_motion_reference_handlers:/root/project_gazebo_ws/install/as2_map_server:/root/project_gazebo_ws/install/as2_geozones:/root/project_gazebo_ws/install/as2_gazebo_assets:/root/project_gazebo_ws/install/as2_external_object_to_tf:/root/project_gazebo_ws/install/as2_behaviors_platform:/root/project_gazebo_ws/install/as2_behaviors_perception:/root/project_gazebo_ws/install/as2_behaviors_path_planning:/root/project_gazebo_ws/install/as2_behavior_tree:/root/project_gazebo_ws/install/as2_behavior:/root/project_gazebo_ws/install/as2_alphanumeric_viewer:/root/project_gazebo_ws/install/as2_core:/root/project_gazebo_ws/install/as2_msgs:/root/project_gazebo_ws/install/as2_cli:/root/project_gazebo_ws/install/as2_visualization:/root/project_gazebo_ws/install/as2_keyboard_teleoperation:/root/project_gazebo_ws/install/as2_python_api:/opt/ros/humble LD_LIBRARY_PATH=/mission_planning_ws/src/install/as2_core/lib:/mission_planning_ws/src/install/as2_msgs/lib:${LD_LIBRARY_PATH} PYTHONPATH=/mission_planning_ws/src/install/as2_core/local/lib/python3.10/dist-packages:/mission_planning_ws/src/install/as2_msgs/local/lib/python3.10/dist-packages:${PYTHONPATH} /usr/bin/cmake --build /mission_planning_ws/src/build/as2_map_server -- -j22 -l22
[3.533s] [  7%] [32mBuilding CXX object gtest/CMakeFiles/gtest_main.dir/src/gtest_main.cc.o[0m
[3.664s] [ 14%] [32m[1mLinking CXX shared library libas2_map_server_base.so[0m
[3.739s] [ 21%] [32mBuilding CXX object gtest/CMakeFiles/gtest.dir/src/gtest-all.cc.o[0m
[3.759s] [ 28%] [32mBuilding CXX object CMakeFiles/as2_map_server.dir/src/map_server.cpp.o[0m
[3.971s] [ 35%] [32mBuilding CXX object CMakeFiles/as2_map_server.dir/src/map_server_node.cpp.o[0m
[5.261s] [ 35%] Built target as2_map_server_base
[5.391s] [ 42%] [32mBuilding CXX object plugins/scan2occ_grid/CMakeFiles/scan2occ_grid.dir/src/scan2occ_grid.cpp.o[0m
[12.605s] [ 50%] [32m[1mLinking CXX static library libgtest_main.a[0m
[12.924s] [ 50%] Built target gtest_main
[57.255s] [ 57%] [32m[1mLinking CXX static library libgtest.a[0m
[57.470s] [ 57%] Built target gtest
[60.515s] [ 64%] [32m[1mLinking CXX shared library libas2_map_server.so[0m
[60.856s] [ 64%] Built target as2_map_server
[62.254s] [ 71%] [32m[1mLinking CXX shared library libscan2occ_grid.so[0m
[62.903s] [ 71%] Built target scan2occ_grid
[62.962s] [ 78%] [32mBuilding CXX object tests/CMakeFiles/as2_map_server_map_server_gtest.dir/map_server_gtest.cpp.o[0m
[69.124s] [ 85%] [32m[1mLinking CXX executable as2_map_server_map_server_gtest[0m
[69.410s] [ 85%] Built target as2_map_server_map_server_gtest
[69.450s] [ 92%] [32mBuilding CXX object CMakeFiles/as2_map_server_node.dir/src/map_server_node.cpp.o[0m
[75.779s] [100%] [32m[1mLinking CXX executable as2_map_server_node[0m
[76.071s] [100%] Built target as2_map_server_node
[76.134s] Invoked command in '/mission_planning_ws/src/build/as2_map_server' returned '0': AMENT_PREFIX_PATH=/mission_planning_ws/src/install/as2_core:/mission_planning_ws/src/install/as2_msgs:${AMENT_PREFIX_PATH} CMAKE_PREFIX_PATH=/mission_planning_ws/src/install/as2_core:/mission_planning_ws/src/install/as2_msgs:/root/project_gazebo_ws/install/aerostack2:/root/project_gazebo_ws/install/as2_usb_camera_interface:/root/project_gazebo_ws/install/as2_state_estimator:/root/project_gazebo_ws/install/as2_rviz_plugins:/root/project_gazebo_ws/install/as2_realsense_interface:/root/project_gazebo_ws/install/as2_platform_multirotor_simulator:/root/project_gazebo_ws/install/as2_platform_gazebo:/root/project_gazebo_ws/install/as2_motion_controller:/root/project_gazebo_ws/install/as2_behaviors_trajectory_generation:/root/project_gazebo_ws/install/as2_behaviors_motion:/root/project_gazebo_ws/install/as2_motion_reference_handlers:/root/project_gazebo_ws/install/as2_map_server:/root/project_gazebo_ws/install/as2_geozones:/root/project_gazebo_ws/install/as2_gazebo_assets:/root/project_gazebo_ws/install/as2_external_object_to_tf:/root/project_gazebo_ws/install/as2_behaviors_platform:/root/project_gazebo_ws/install/as2_behaviors_perception:/root/project_gazebo_ws/install/as2_behaviors_path_planning:/root/project_gazebo_ws/install/as2_behavior_tree:/root/project_gazebo_ws/install/as2_behavior:/root/project_gazebo_ws/install/as2_alphanumeric_viewer:/root/project_gazebo_ws/install/as2_core:/root/project_gazebo_ws/install/as2_msgs:/root/project_gazebo_ws/install/as2_cli:/root/project_gazebo_ws/install/as2_visualization:/root/project_gazebo_ws/install/as2_keyboard_teleoperation:/root/project_gazebo_ws/install/as2_python_api:/opt/ros/humble LD_LIBRARY_PATH=/mission_planning_ws/src/install/as2_core/lib:/mission_planning_ws/src/install/as2_msgs/lib:${LD_LIBRARY_PATH} PYTHONPATH=/mission_planning_ws/src/install/as2_core/local/lib/python3.10/dist-packages:/mission_planning_ws/src/install/as2_msgs/local/lib/python3.10/dist-packages:${PYTHONPATH} /usr/bin/cmake --build /mission_planning_ws/src/build/as2_map_server -- -j22 -l22
[76.139s] Invoking command in '/mission_planning_ws/src/build/as2_map_server': AMENT_PREFIX_PATH=/mission_planning_ws/src/install/as2_core:/mission_planning_ws/src/install/as2_msgs:${AMENT_PREFIX_PATH} CMAKE_PREFIX_PATH=/mission_planning_ws/src/install/as2_core:/mission_planning_ws/src/install/as2_msgs:/root/project_gazebo_ws/install/aerostack2:/root/project_gazebo_ws/install/as2_usb_camera_interface:/root/project_gazebo_ws/install/as2_state_estimator:/root/project_gazebo_ws/install/as2_rviz_plugins:/root/project_gazebo_ws/install/as2_realsense_interface:/root/project_gazebo_ws/install/as2_platform_multirotor_simulator:/root/project_gazebo_ws/install/as2_platform_gazebo:/root/project_gazebo_ws/install/as2_motion_controller:/root/project_gazebo_ws/install/as2_behaviors_trajectory_generation:/root/project_gazebo_ws/install/as2_behaviors_motion:/root/project_gazebo_ws/install/as2_motion_reference_handlers:/root/project_gazebo_ws/install/as2_map_server:/root/project_gazebo_ws/install/as2_geozones:/root/project_gazebo_ws/install/as2_gazebo_assets:/root/project_gazebo_ws/install/as2_external_object_to_tf:/root/project_gazebo_ws/install/as2_behaviors_platform:/root/project_gazebo_ws/install/as2_behaviors_perception:/root/project_gazebo_ws/install/as2_behaviors_path_planning:/root/project_gazebo_ws/install/as2_behavior_tree:/root/project_gazebo_ws/install/as2_behavior:/root/project_gazebo_ws/install/as2_alphanumeric_viewer:/root/project_gazebo_ws/install/as2_core:/root/project_gazebo_ws/install/as2_msgs:/root/project_gazebo_ws/install/as2_cli:/root/project_gazebo_ws/install/as2_visualization:/root/project_gazebo_ws/install/as2_keyboard_teleoperation:/root/project_gazebo_ws/install/as2_python_api:/opt/ros/humble LD_LIBRARY_PATH=/mission_planning_ws/src/install/as2_core/lib:/mission_planning_ws/src/install/as2_msgs/lib:${LD_LIBRARY_PATH} PYTHONPATH=/mission_planning_ws/src/install/as2_core/local/lib/python3.10/dist-packages:/mission_planning_ws/src/install/as2_msgs/local/lib/python3.10/dist-packages:${PYTHONPATH} /usr/bin/cmake --install /mission_planning_ws/src/build/as2_map_server
[77.875s] -- Install configuration: "Release"
[77.876s] -- Installing: /mission_planning_ws/src/install/as2_map_server/include
[77.876s] -- Installing: /mission_planning_ws/src/install/as2_map_server/include/as2_map_server
[77.876s] -- Installing: /mission_planning_ws/src/install/as2_map_server/include/as2_map_server/plugin_base.hpp
[77.876s] -- Installing: /mission_planning_ws/src/install/as2_map_server/include/as2_map_server/map_server.hpp
[77.876s] -- Installing: /mission_planning_ws/src/install/as2_map_server/share/as2_map_server/environment/library_path.sh
[77.876s] -- Installing: /mission_planning_ws/src/install/as2_map_server/share/as2_map_server/environment/library_path.dsv
[77.876s] -- Installing: /mission_planning_ws/src/install/as2_map_server/lib/libas2_map_server_base.so
[77.876s] -- Set runtime path of "/mission_planning_ws/src/install/as2_map_server/lib/libas2_map_server_base.so" to ""
[77.877s] -- Up-to-date: /mission_planning_ws/src/install/as2_map_server/include
[77.877s] -- Up-to-date: /mission_planning_ws/src/install/as2_map_server/include/as2_map_server
[77.877s] -- Up-to-date: /mission_planning_ws/src/install/as2_map_server/include/as2_map_server/plugin_base.hpp
[77.877s] -- Up-to-date: /mission_planning_ws/src/install/as2_map_server/include/as2_map_server/map_server.hpp
[77.877s] -- Installing: /mission_planning_ws/src/install/as2_map_server/lib/libas2_map_server.so
[77.877s] -- Set runtime path of "/mission_planning_ws/src/install/as2_map_server/lib/libas2_map_server.so" to ""
[77.877s] -- Installing: /mission_planning_ws/src/install/as2_map_server/lib/as2_map_server/as2_map_server_node
[77.877s] -- Set runtime path of "/mission_planning_ws/src/install/as2_map_server/lib/as2_map_server/as2_map_server_node" to ""
[77.877s] -- Installing: /mission_planning_ws/src/install/as2_map_server/share/as2_map_server/plugins.xml
[77.877s] -- Installing: /mission_planning_ws/src/install/as2_map_server/share/as2_map_server/launch
[77.877s] -- Installing: /mission_planning_ws/src/install/as2_map_server/share/as2_map_server/launch/map_server.launch.py
[77.877s] -- Up-to-date: /mission_planning_ws/src/install/as2_map_server/share/as2_map_server/launch
[77.877s] -- Installing: /mission_planning_ws/src/install/as2_map_server/share/as2_map_server/launch/scan2occ_grid-map_server.launch.py
[77.877s] -- Installing: /mission_planning_ws/src/install/as2_map_server/share/as2_map_server/plugins/scan2occ_grid/config
[77.877s] -- Installing: /mission_planning_ws/src/install/as2_map_server/share/as2_map_server/plugins/scan2occ_grid/config/plugin_default.yaml
[77.877s] -- Up-to-date: /mission_planning_ws/src/install/as2_map_server/share/as2_map_server/launch
[77.878s] -- Installing: /mission_planning_ws/src/install/as2_map_server/share/as2_map_server/launch/depth2occ_grid-map_server.launch.py
[77.878s] -- Installing: /mission_planning_ws/src/install/as2_map_server/share/as2_map_server/plugins/depth2occ_grid/config
[77.878s] -- Installing: /mission_planning_ws/src/install/as2_map_server/share/as2_map_server/plugins/depth2occ_grid/config/plugin_default.yaml
[77.878s] -- Installing: /mission_planning_ws/src/install/as2_map_server/share/ament_index/resource_index/package_run_dependencies/as2_map_server
[77.878s] -- Installing: /mission_planning_ws/src/install/as2_map_server/share/ament_index/resource_index/parent_prefix_path/as2_map_server
[77.878s] -- Installing: /mission_planning_ws/src/install/as2_map_server/share/as2_map_server/environment/ament_prefix_path.sh
[77.878s] -- Installing: /mission_planning_ws/src/install/as2_map_server/share/as2_map_server/environment/ament_prefix_path.dsv
[77.878s] -- Installing: /mission_planning_ws/src/install/as2_map_server/share/as2_map_server/environment/path.sh
[77.878s] -- Installing: /mission_planning_ws/src/install/as2_map_server/share/as2_map_server/environment/path.dsv
[77.878s] -- Installing: /mission_planning_ws/src/install/as2_map_server/share/as2_map_server/local_setup.bash
[77.878s] -- Installing: /mission_planning_ws/src/install/as2_map_server/share/as2_map_server/local_setup.sh
[77.879s] -- Installing: /mission_planning_ws/src/install/as2_map_server/share/as2_map_server/local_setup.zsh
[77.879s] -- Installing: /mission_planning_ws/src/install/as2_map_server/share/as2_map_server/local_setup.dsv
[77.879s] -- Installing: /mission_planning_ws/src/install/as2_map_server/share/as2_map_server/package.dsv
[77.879s] -- Installing: /mission_planning_ws/src/install/as2_map_server/share/ament_index/resource_index/packages/as2_map_server
[77.879s] -- Installing: /mission_planning_ws/src/install/as2_map_server/share/ament_index/resource_index/as2_map_server__pluginlib__plugin/as2_map_server
[77.879s] -- Installing: /mission_planning_ws/src/install/as2_map_server/share/as2_map_server/cmake/export_as2_map_server_baseExport.cmake
[77.879s] -- Installing: /mission_planning_ws/src/install/as2_map_server/share/as2_map_server/cmake/export_as2_map_server_baseExport-release.cmake
[77.879s] -- Installing: /mission_planning_ws/src/install/as2_map_server/share/as2_map_server/cmake/export_as2_map_serverExport.cmake
[77.879s] -- Installing: /mission_planning_ws/src/install/as2_map_server/share/as2_map_server/cmake/export_as2_map_serverExport-release.cmake
[77.880s] -- Installing: /mission_planning_ws/src/install/as2_map_server/share/as2_map_server/cmake/ament_cmake_export_libraries-extras.cmake
[77.880s] -- Installing: /mission_planning_ws/src/install/as2_map_server/share/as2_map_server/cmake/ament_cmake_export_targets-extras.cmake
[77.880s] -- Installing: /mission_planning_ws/src/install/as2_map_server/share/as2_map_server/cmake/ament_cmake_export_include_directories-extras.cmake
[77.880s] -- Installing: /mission_planning_ws/src/install/as2_map_server/share/as2_map_server/cmake/as2_map_serverConfig.cmake
[77.880s] -- Installing: /mission_planning_ws/src/install/as2_map_server/share/as2_map_server/cmake/as2_map_serverConfig-version.cmake
[77.880s] -- Installing: /mission_planning_ws/src/install/as2_map_server/share/as2_map_server/package.xml
[77.880s] -- Up-to-date: /mission_planning_ws/src/install/as2_map_server/include
[77.880s] -- Installing: /mission_planning_ws/src/install/as2_map_server/include/scan2occ_grid.hpp
[77.880s] -- Installing: /mission_planning_ws/src/install/as2_map_server/lib/libscan2occ_grid.so
[77.880s] -- Set runtime path of "/mission_planning_ws/src/install/as2_map_server/lib/libscan2occ_grid.so" to ""
[77.881s] Invoked command in '/mission_planning_ws/src/build/as2_map_server' returned '0': AMENT_PREFIX_PATH=/mission_planning_ws/src/install/as2_core:/mission_planning_ws/src/install/as2_msgs:${AMENT_PREFIX_PATH} CMAKE_PREFIX_PATH=/mission_planning_ws/src/install/as2_core:/mission_planning_ws/src/install/as2_msgs:/root/project_gazebo_ws/install/aerostack2:/root/project_gazebo_ws/install/as2_usb_camera_interface:/root/project_gazebo_ws/install/as2_state_estimator:/root/project_gazebo_ws/install/as2_rviz_plugins:/root/project_gazebo_ws/install/as2_realsense_interface:/root/project_gazebo_ws/install/as2_platform_multirotor_simulator:/root/project_gazebo_ws/install/as2_platform_gazebo:/root/project_gazebo_ws/install/as2_motion_controller:/root/project_gazebo_ws/install/as2_behaviors_trajectory_generation:/root/project_gazebo_ws/install/as2_behaviors_motion:/root/project_gazebo_ws/install/as2_motion_reference_handlers:/root/project_gazebo_ws/install/as2_map_server:/root/project_gazebo_ws/install/as2_geozones:/root/project_gazebo_ws/install/as2_gazebo_assets:/root/project_gazebo_ws/install/as2_external_object_to_tf:/root/project_gazebo_ws/install/as2_behaviors_platform:/root/project_gazebo_ws/install/as2_behaviors_perception:/root/project_gazebo_ws/install/as2_behaviors_path_planning:/root/project_gazebo_ws/install/as2_behavior_tree:/root/project_gazebo_ws/install/as2_behavior:/root/project_gazebo_ws/install/as2_alphanumeric_viewer:/root/project_gazebo_ws/install/as2_core:/root/project_gazebo_ws/install/as2_msgs:/root/project_gazebo_ws/install/as2_cli:/root/project_gazebo_ws/install/as2_visualization:/root/project_gazebo_ws/install/as2_keyboard_teleoperation:/root/project_gazebo_ws/install/as2_python_api:/opt/ros/humble LD_LIBRARY_PATH=/mission_planning_ws/src/install/as2_core/lib:/mission_planning_ws/src/install/as2_msgs/lib:${LD_LIBRARY_PATH} PYTHONPATH=/mission_planning_ws/src/install/as2_core/local/lib/python3.10/dist-packages:/mission_planning_ws/src/install/as2_msgs/local/lib/python3.10/dist-packages:${PYTHONPATH} /usr/bin/cmake --install /mission_planning_ws/src/build/as2_map_server
