[35m[1mConsolidate compiler generated dependencies of target as2_state_estimator[0m
[35m[1mConsolidate compiler generated dependencies of target gtest[0m
[  5%] Built target as2_state_estimator_plugin_base
[35m[1mConsolidate compiler generated dependencies of target gtest_main[0m
[ 15%] Built target gtest
[ 26%] Built target gtest_main
[ 36%] Built target as2_state_estimator
[35m[1mConsolidate compiler generated dependencies of target mocap_pose[0m
[35m[1mConsolidate compiler generated dependencies of target raw_odometry[0m
[35m[1mConsolidate compiler generated dependencies of target as2_state_estimator_node[0m
[35m[1mConsolidate compiler generated dependencies of target as2_state_estimator_as2_state_estimator_gtest[0m
[35m[1mConsolidate compiler generated dependencies of target ground_truth[0m
[ 47%] Built target mocap_pose
[ 57%] Built target as2_state_estimator_node
[ 68%] Built target ground_truth
[ 78%] Built target raw_odometry
[ 89%] Built target as2_state_estimator_as2_state_estimator_gtest
[35m[1mConsolidate compiler generated dependencies of target as2_state_estimator_mocap_gtest[0m
[100%] Built target as2_state_estimator_mocap_gtest
-- Install configuration: "Release"
-- Up-to-date: /mission_planning_ws/install/as2_state_estimator/lib/libas2_state_estimator.so
-- Up-to-date: /mission_planning_ws/install/as2_state_estimator/lib/libas2_state_estimator_plugin_base.so
-- Up-to-date: /mission_planning_ws/install/as2_state_estimator/lib/as2_state_estimator/as2_state_estimator_node
-- Up-to-date: /mission_planning_ws/install/as2_state_estimator/include
-- Up-to-date: /mission_planning_ws/install/as2_state_estimator/include/as2_state_estimator
-- Up-to-date: /mission_planning_ws/install/as2_state_estimator/include/as2_state_estimator/as2_state_estimator.hpp
-- Up-to-date: /mission_planning_ws/install/as2_state_estimator/include/as2_state_estimator/plugin_base.hpp
-- Up-to-date: /mission_planning_ws/install/as2_state_estimator/share/as2_state_estimator/plugins.xml
-- Up-to-date: /mission_planning_ws/install/as2_state_estimator/share/as2_state_estimator/plugins/raw_odometry/config
-- Up-to-date: /mission_planning_ws/install/as2_state_estimator/share/as2_state_estimator/plugins/raw_odometry/config/plugin_default.yaml
-- Up-to-date: /mission_planning_ws/install/as2_state_estimator/share/as2_state_estimator/plugins/ground_truth/config
-- Up-to-date: /mission_planning_ws/install/as2_state_estimator/share/as2_state_estimator/plugins/ground_truth/config/plugin_default.yaml
-- Up-to-date: /mission_planning_ws/install/as2_state_estimator/share/as2_state_estimator/plugins/mocap_pose/config
-- Up-to-date: /mission_planning_ws/install/as2_state_estimator/share/as2_state_estimator/plugins/mocap_pose/config/plugin_default.yaml
-- Up-to-date: /mission_planning_ws/install/as2_state_estimator/share/as2_state_estimator/launch
-- Up-to-date: /mission_planning_ws/install/as2_state_estimator/share/as2_state_estimator/launch/raw_odometry_state_estimator.launch.py
-- Up-to-date: /mission_planning_ws/install/as2_state_estimator/share/as2_state_estimator/launch/ground_truth_state_estimator.launch.py
-- Up-to-date: /mission_planning_ws/install/as2_state_estimator/share/as2_state_estimator/launch/mocap_pose_state_estimator.launch.py
-- Up-to-date: /mission_planning_ws/install/as2_state_estimator/share/as2_state_estimator/launch/state_estimator_launch.py
-- Up-to-date: /mission_planning_ws/install/as2_state_estimator/share/as2_state_estimator/config
-- Up-to-date: /mission_planning_ws/install/as2_state_estimator/share/as2_state_estimator/config/state_estimator_default.yaml
-- Up-to-date: /mission_planning_ws/install/as2_state_estimator/share/ament_index/resource_index/package_run_dependencies/as2_state_estimator
-- Up-to-date: /mission_planning_ws/install/as2_state_estimator/share/ament_index/resource_index/parent_prefix_path/as2_state_estimator
-- Up-to-date: /mission_planning_ws/install/as2_state_estimator/share/as2_state_estimator/environment/ament_prefix_path.sh
-- Up-to-date: /mission_planning_ws/install/as2_state_estimator/share/as2_state_estimator/environment/ament_prefix_path.dsv
-- Up-to-date: /mission_planning_ws/install/as2_state_estimator/share/as2_state_estimator/environment/path.sh
-- Up-to-date: /mission_planning_ws/install/as2_state_estimator/share/as2_state_estimator/environment/path.dsv
-- Up-to-date: /mission_planning_ws/install/as2_state_estimator/share/as2_state_estimator/local_setup.bash
-- Up-to-date: /mission_planning_ws/install/as2_state_estimator/share/as2_state_estimator/local_setup.sh
-- Up-to-date: /mission_planning_ws/install/as2_state_estimator/share/as2_state_estimator/local_setup.zsh
-- Up-to-date: /mission_planning_ws/install/as2_state_estimator/share/as2_state_estimator/local_setup.dsv
-- Installing: /mission_planning_ws/install/as2_state_estimator/share/as2_state_estimator/package.dsv
-- Up-to-date: /mission_planning_ws/install/as2_state_estimator/share/ament_index/resource_index/packages/as2_state_estimator
-- Up-to-date: /mission_planning_ws/install/as2_state_estimator/share/ament_index/resource_index/as2_state_estimator__pluginlib__plugin/as2_state_estimator
-- Up-to-date: /mission_planning_ws/install/as2_state_estimator/share/as2_state_estimator/cmake/as2_state_estimatorConfig.cmake
-- Up-to-date: /mission_planning_ws/install/as2_state_estimator/share/as2_state_estimator/cmake/as2_state_estimatorConfig-version.cmake
-- Up-to-date: /mission_planning_ws/install/as2_state_estimator/share/as2_state_estimator/package.xml
-- Up-to-date: /mission_planning_ws/install/as2_state_estimator/include
-- Up-to-date: /mission_planning_ws/install/as2_state_estimator/include/raw_odometry.hpp
-- Up-to-date: /mission_planning_ws/install/as2_state_estimator/share/as2_state_estimator/environment/library_path.sh
-- Up-to-date: /mission_planning_ws/install/as2_state_estimator/share/as2_state_estimator/environment/library_path.dsv
-- Up-to-date: /mission_planning_ws/install/as2_state_estimator/lib/libraw_odometry.so
-- Up-to-date: /mission_planning_ws/install/as2_state_estimator/include
-- Up-to-date: /mission_planning_ws/install/as2_state_estimator/include/ground_truth.hpp
-- Up-to-date: /mission_planning_ws/install/as2_state_estimator/share/as2_state_estimator/environment/library_path.sh
-- Up-to-date: /mission_planning_ws/install/as2_state_estimator/share/as2_state_estimator/environment/library_path.dsv
-- Up-to-date: /mission_planning_ws/install/as2_state_estimator/lib/libground_truth.so
-- Up-to-date: /mission_planning_ws/install/as2_state_estimator/include
-- Up-to-date: /mission_planning_ws/install/as2_state_estimator/include/mocap_pose.hpp
-- Up-to-date: /mission_planning_ws/install/as2_state_estimator/share/as2_state_estimator/environment/library_path.sh
-- Up-to-date: /mission_planning_ws/install/as2_state_estimator/share/as2_state_estimator/environment/library_path.dsv
-- Up-to-date: /mission_planning_ws/install/as2_state_estimator/lib/libmocap_pose.so
