[0.047s] Invoking command in '/mission_planning_ws/build/as2_state_estimator': AMENT_PREFIX_PATH=/mission_planning_ws/install/as2_core:/mission_planning_ws/install/mocap4r2_msgs:/mission_planning_ws/install/as2_msgs:${AMENT_PREFIX_PATH} CMAKE_PREFIX_PATH=/mission_planning_ws/install/as2_core:/mission_planning_ws/install/mocap4r2_msgs:/mission_planning_ws/install/as2_msgs:/root/project_gazebo_ws/install/aerostack2:/root/project_gazebo_ws/install/as2_usb_camera_interface:/root/project_gazebo_ws/install/as2_state_estimator:/root/project_gazebo_ws/install/as2_rviz_plugins:/root/project_gazebo_ws/install/as2_realsense_interface:/root/project_gazebo_ws/install/as2_platform_multirotor_simulator:/root/project_gazebo_ws/install/as2_platform_gazebo:/root/project_gazebo_ws/install/as2_motion_controller:/root/project_gazebo_ws/install/as2_behaviors_trajectory_generation:/root/project_gazebo_ws/install/as2_behaviors_motion:/root/project_gazebo_ws/install/as2_motion_reference_handlers:/root/project_gazebo_ws/install/as2_map_server:/root/project_gazebo_ws/install/as2_geozones:/root/project_gazebo_ws/install/as2_gazebo_assets:/root/project_gazebo_ws/install/as2_external_object_to_tf:/root/project_gazebo_ws/install/as2_behaviors_platform:/root/project_gazebo_ws/install/as2_behaviors_perception:/root/project_gazebo_ws/install/as2_behaviors_path_planning:/root/project_gazebo_ws/install/as2_behavior_tree:/root/project_gazebo_ws/install/as2_behavior:/root/project_gazebo_ws/install/as2_alphanumeric_viewer:/root/project_gazebo_ws/install/as2_core:/root/project_gazebo_ws/install/as2_msgs:/root/project_gazebo_ws/install/as2_cli:/root/project_gazebo_ws/install/as2_visualization:/root/project_gazebo_ws/install/as2_keyboard_teleoperation:/root/project_gazebo_ws/install/as2_python_api:/opt/ros/humble LD_LIBRARY_PATH=/mission_planning_ws/install/as2_core/lib:/mission_planning_ws/install/mocap4r2_msgs/lib:/mission_planning_ws/install/as2_msgs/lib:${LD_LIBRARY_PATH} PYTHONPATH=/mission_planning_ws/install/as2_core/local/lib/python3.10/dist-packages:/mission_planning_ws/install/mocap4r2_msgs/local/lib/python3.10/dist-packages:/mission_planning_ws/install/as2_msgs/local/lib/python3.10/dist-packages:${PYTHONPATH} /usr/bin/cmake --build /mission_planning_ws/build/as2_state_estimator -- -j22 -l22
[0.181s] [35m[1mConsolidate compiler generated dependencies of target as2_state_estimator[0m
[0.183s] [35m[1mConsolidate compiler generated dependencies of target gtest[0m
[0.194s] [  5%] Built target as2_state_estimator_plugin_base
[0.195s] [35m[1mConsolidate compiler generated dependencies of target gtest_main[0m
[0.218s] [ 15%] Built target gtest
[0.230s] [ 26%] Built target gtest_main
[0.246s] [ 36%] Built target as2_state_estimator
[0.291s] [35m[1mConsolidate compiler generated dependencies of target mocap_pose[0m
[0.293s] [35m[1mConsolidate compiler generated dependencies of target raw_odometry[0m
[0.297s] [35m[1mConsolidate compiler generated dependencies of target as2_state_estimator_node[0m
[0.310s] [35m[1mConsolidate compiler generated dependencies of target as2_state_estimator_as2_state_estimator_gtest[0m
[0.310s] [35m[1mConsolidate compiler generated dependencies of target ground_truth[0m
[0.342s] [ 47%] Built target mocap_pose
[0.345s] [ 57%] Built target as2_state_estimator_node
[0.347s] [ 68%] Built target ground_truth
[0.352s] [ 78%] Built target raw_odometry
[0.355s] [ 89%] Built target as2_state_estimator_as2_state_estimator_gtest
[0.358s] [35m[1mConsolidate compiler generated dependencies of target as2_state_estimator_mocap_gtest[0m
[0.374s] [100%] Built target as2_state_estimator_mocap_gtest
[0.427s] Invoked command in '/mission_planning_ws/build/as2_state_estimator' returned '0': AMENT_PREFIX_PATH=/mission_planning_ws/install/as2_core:/mission_planning_ws/install/mocap4r2_msgs:/mission_planning_ws/install/as2_msgs:${AMENT_PREFIX_PATH} CMAKE_PREFIX_PATH=/mission_planning_ws/install/as2_core:/mission_planning_ws/install/mocap4r2_msgs:/mission_planning_ws/install/as2_msgs:/root/project_gazebo_ws/install/aerostack2:/root/project_gazebo_ws/install/as2_usb_camera_interface:/root/project_gazebo_ws/install/as2_state_estimator:/root/project_gazebo_ws/install/as2_rviz_plugins:/root/project_gazebo_ws/install/as2_realsense_interface:/root/project_gazebo_ws/install/as2_platform_multirotor_simulator:/root/project_gazebo_ws/install/as2_platform_gazebo:/root/project_gazebo_ws/install/as2_motion_controller:/root/project_gazebo_ws/install/as2_behaviors_trajectory_generation:/root/project_gazebo_ws/install/as2_behaviors_motion:/root/project_gazebo_ws/install/as2_motion_reference_handlers:/root/project_gazebo_ws/install/as2_map_server:/root/project_gazebo_ws/install/as2_geozones:/root/project_gazebo_ws/install/as2_gazebo_assets:/root/project_gazebo_ws/install/as2_external_object_to_tf:/root/project_gazebo_ws/install/as2_behaviors_platform:/root/project_gazebo_ws/install/as2_behaviors_perception:/root/project_gazebo_ws/install/as2_behaviors_path_planning:/root/project_gazebo_ws/install/as2_behavior_tree:/root/project_gazebo_ws/install/as2_behavior:/root/project_gazebo_ws/install/as2_alphanumeric_viewer:/root/project_gazebo_ws/install/as2_core:/root/project_gazebo_ws/install/as2_msgs:/root/project_gazebo_ws/install/as2_cli:/root/project_gazebo_ws/install/as2_visualization:/root/project_gazebo_ws/install/as2_keyboard_teleoperation:/root/project_gazebo_ws/install/as2_python_api:/opt/ros/humble LD_LIBRARY_PATH=/mission_planning_ws/install/as2_core/lib:/mission_planning_ws/install/mocap4r2_msgs/lib:/mission_planning_ws/install/as2_msgs/lib:${LD_LIBRARY_PATH} PYTHONPATH=/mission_planning_ws/install/as2_core/local/lib/python3.10/dist-packages:/mission_planning_ws/install/mocap4r2_msgs/local/lib/python3.10/dist-packages:/mission_planning_ws/install/as2_msgs/local/lib/python3.10/dist-packages:${PYTHONPATH} /usr/bin/cmake --build /mission_planning_ws/build/as2_state_estimator -- -j22 -l22
[0.434s] Invoking command in '/mission_planning_ws/build/as2_state_estimator': AMENT_PREFIX_PATH=/mission_planning_ws/install/as2_core:/mission_planning_ws/install/mocap4r2_msgs:/mission_planning_ws/install/as2_msgs:${AMENT_PREFIX_PATH} CMAKE_PREFIX_PATH=/mission_planning_ws/install/as2_core:/mission_planning_ws/install/mocap4r2_msgs:/mission_planning_ws/install/as2_msgs:/root/project_gazebo_ws/install/aerostack2:/root/project_gazebo_ws/install/as2_usb_camera_interface:/root/project_gazebo_ws/install/as2_state_estimator:/root/project_gazebo_ws/install/as2_rviz_plugins:/root/project_gazebo_ws/install/as2_realsense_interface:/root/project_gazebo_ws/install/as2_platform_multirotor_simulator:/root/project_gazebo_ws/install/as2_platform_gazebo:/root/project_gazebo_ws/install/as2_motion_controller:/root/project_gazebo_ws/install/as2_behaviors_trajectory_generation:/root/project_gazebo_ws/install/as2_behaviors_motion:/root/project_gazebo_ws/install/as2_motion_reference_handlers:/root/project_gazebo_ws/install/as2_map_server:/root/project_gazebo_ws/install/as2_geozones:/root/project_gazebo_ws/install/as2_gazebo_assets:/root/project_gazebo_ws/install/as2_external_object_to_tf:/root/project_gazebo_ws/install/as2_behaviors_platform:/root/project_gazebo_ws/install/as2_behaviors_perception:/root/project_gazebo_ws/install/as2_behaviors_path_planning:/root/project_gazebo_ws/install/as2_behavior_tree:/root/project_gazebo_ws/install/as2_behavior:/root/project_gazebo_ws/install/as2_alphanumeric_viewer:/root/project_gazebo_ws/install/as2_core:/root/project_gazebo_ws/install/as2_msgs:/root/project_gazebo_ws/install/as2_cli:/root/project_gazebo_ws/install/as2_visualization:/root/project_gazebo_ws/install/as2_keyboard_teleoperation:/root/project_gazebo_ws/install/as2_python_api:/opt/ros/humble LD_LIBRARY_PATH=/mission_planning_ws/install/as2_core/lib:/mission_planning_ws/install/mocap4r2_msgs/lib:/mission_planning_ws/install/as2_msgs/lib:${LD_LIBRARY_PATH} PYTHONPATH=/mission_planning_ws/install/as2_core/local/lib/python3.10/dist-packages:/mission_planning_ws/install/mocap4r2_msgs/local/lib/python3.10/dist-packages:/mission_planning_ws/install/as2_msgs/local/lib/python3.10/dist-packages:${PYTHONPATH} /usr/bin/cmake --install /mission_planning_ws/build/as2_state_estimator
[0.438s] -- Install configuration: "Release"
[0.438s] -- Up-to-date: /mission_planning_ws/install/as2_state_estimator/lib/libas2_state_estimator.so
[0.439s] -- Up-to-date: /mission_planning_ws/install/as2_state_estimator/lib/libas2_state_estimator_plugin_base.so
[0.440s] -- Up-to-date: /mission_planning_ws/install/as2_state_estimator/lib/as2_state_estimator/as2_state_estimator_node
[0.440s] -- Up-to-date: /mission_planning_ws/install/as2_state_estimator/include
[0.441s] -- Up-to-date: /mission_planning_ws/install/as2_state_estimator/include/as2_state_estimator
[0.442s] -- Up-to-date: /mission_planning_ws/install/as2_state_estimator/include/as2_state_estimator/as2_state_estimator.hpp
[0.442s] -- Up-to-date: /mission_planning_ws/install/as2_state_estimator/include/as2_state_estimator/plugin_base.hpp
[0.442s] -- Up-to-date: /mission_planning_ws/install/as2_state_estimator/share/as2_state_estimator/plugins.xml
[0.443s] -- Up-to-date: /mission_planning_ws/install/as2_state_estimator/share/as2_state_estimator/plugins/raw_odometry/config
[0.443s] -- Up-to-date: /mission_planning_ws/install/as2_state_estimator/share/as2_state_estimator/plugins/raw_odometry/config/plugin_default.yaml
[0.443s] -- Up-to-date: /mission_planning_ws/install/as2_state_estimator/share/as2_state_estimator/plugins/ground_truth/config
[0.443s] -- Up-to-date: /mission_planning_ws/install/as2_state_estimator/share/as2_state_estimator/plugins/ground_truth/config/plugin_default.yaml
[0.443s] -- Up-to-date: /mission_planning_ws/install/as2_state_estimator/share/as2_state_estimator/plugins/mocap_pose/config
[0.443s] -- Up-to-date: /mission_planning_ws/install/as2_state_estimator/share/as2_state_estimator/plugins/mocap_pose/config/plugin_default.yaml
[0.443s] -- Up-to-date: /mission_planning_ws/install/as2_state_estimator/share/as2_state_estimator/launch
[0.444s] -- Up-to-date: /mission_planning_ws/install/as2_state_estimator/share/as2_state_estimator/launch/raw_odometry_state_estimator.launch.py
[0.444s] -- Up-to-date: /mission_planning_ws/install/as2_state_estimator/share/as2_state_estimator/launch/ground_truth_state_estimator.launch.py
[0.444s] -- Up-to-date: /mission_planning_ws/install/as2_state_estimator/share/as2_state_estimator/launch/mocap_pose_state_estimator.launch.py
[0.444s] -- Up-to-date: /mission_planning_ws/install/as2_state_estimator/share/as2_state_estimator/launch/state_estimator_launch.py
[0.444s] -- Up-to-date: /mission_planning_ws/install/as2_state_estimator/share/as2_state_estimator/config
[0.444s] -- Up-to-date: /mission_planning_ws/install/as2_state_estimator/share/as2_state_estimator/config/state_estimator_default.yaml
[0.444s] -- Up-to-date: /mission_planning_ws/install/as2_state_estimator/share/ament_index/resource_index/package_run_dependencies/as2_state_estimator
[0.445s] -- Up-to-date: /mission_planning_ws/install/as2_state_estimator/share/ament_index/resource_index/parent_prefix_path/as2_state_estimator
[0.445s] -- Up-to-date: /mission_planning_ws/install/as2_state_estimator/share/as2_state_estimator/environment/ament_prefix_path.sh
[0.445s] -- Up-to-date: /mission_planning_ws/install/as2_state_estimator/share/as2_state_estimator/environment/ament_prefix_path.dsv
[0.445s] -- Up-to-date: /mission_planning_ws/install/as2_state_estimator/share/as2_state_estimator/environment/path.sh
[0.446s] -- Up-to-date: /mission_planning_ws/install/as2_state_estimator/share/as2_state_estimator/environment/path.dsv
[0.446s] -- Up-to-date: /mission_planning_ws/install/as2_state_estimator/share/as2_state_estimator/local_setup.bash
[0.446s] -- Up-to-date: /mission_planning_ws/install/as2_state_estimator/share/as2_state_estimator/local_setup.sh
[0.446s] -- Up-to-date: /mission_planning_ws/install/as2_state_estimator/share/as2_state_estimator/local_setup.zsh
[0.446s] -- Up-to-date: /mission_planning_ws/install/as2_state_estimator/share/as2_state_estimator/local_setup.dsv
[0.446s] -- Installing: /mission_planning_ws/install/as2_state_estimator/share/as2_state_estimator/package.dsv
[0.448s] -- Up-to-date: /mission_planning_ws/install/as2_state_estimator/share/ament_index/resource_index/packages/as2_state_estimator
[0.448s] -- Up-to-date: /mission_planning_ws/install/as2_state_estimator/share/ament_index/resource_index/as2_state_estimator__pluginlib__plugin/as2_state_estimator
[0.449s] -- Up-to-date: /mission_planning_ws/install/as2_state_estimator/share/as2_state_estimator/cmake/as2_state_estimatorConfig.cmake
[0.449s] -- Up-to-date: /mission_planning_ws/install/as2_state_estimator/share/as2_state_estimator/cmake/as2_state_estimatorConfig-version.cmake
[0.449s] -- Up-to-date: /mission_planning_ws/install/as2_state_estimator/share/as2_state_estimator/package.xml
[0.449s] -- Up-to-date: /mission_planning_ws/install/as2_state_estimator/include
[0.449s] -- Up-to-date: /mission_planning_ws/install/as2_state_estimator/include/raw_odometry.hpp
[0.449s] -- Up-to-date: /mission_planning_ws/install/as2_state_estimator/share/as2_state_estimator/environment/library_path.sh
[0.450s] -- Up-to-date: /mission_planning_ws/install/as2_state_estimator/share/as2_state_estimator/environment/library_path.dsv
[0.450s] -- Up-to-date: /mission_planning_ws/install/as2_state_estimator/lib/libraw_odometry.so
[0.450s] -- Up-to-date: /mission_planning_ws/install/as2_state_estimator/include
[0.450s] -- Up-to-date: /mission_planning_ws/install/as2_state_estimator/include/ground_truth.hpp
[0.450s] -- Up-to-date: /mission_planning_ws/install/as2_state_estimator/share/as2_state_estimator/environment/library_path.sh
[0.450s] -- Up-to-date: /mission_planning_ws/install/as2_state_estimator/share/as2_state_estimator/environment/library_path.dsv
[0.450s] -- Up-to-date: /mission_planning_ws/install/as2_state_estimator/lib/libground_truth.so
[0.450s] -- Up-to-date: /mission_planning_ws/install/as2_state_estimator/include
[0.450s] -- Up-to-date: /mission_planning_ws/install/as2_state_estimator/include/mocap_pose.hpp
[0.450s] -- Up-to-date: /mission_planning_ws/install/as2_state_estimator/share/as2_state_estimator/environment/library_path.sh
[0.450s] -- Up-to-date: /mission_planning_ws/install/as2_state_estimator/share/as2_state_estimator/environment/library_path.dsv
[0.451s] -- Up-to-date: /mission_planning_ws/install/as2_state_estimator/lib/libmocap_pose.so
[0.527s] Invoked command in '/mission_planning_ws/build/as2_state_estimator' returned '0': AMENT_PREFIX_PATH=/mission_planning_ws/install/as2_core:/mission_planning_ws/install/mocap4r2_msgs:/mission_planning_ws/install/as2_msgs:${AMENT_PREFIX_PATH} CMAKE_PREFIX_PATH=/mission_planning_ws/install/as2_core:/mission_planning_ws/install/mocap4r2_msgs:/mission_planning_ws/install/as2_msgs:/root/project_gazebo_ws/install/aerostack2:/root/project_gazebo_ws/install/as2_usb_camera_interface:/root/project_gazebo_ws/install/as2_state_estimator:/root/project_gazebo_ws/install/as2_rviz_plugins:/root/project_gazebo_ws/install/as2_realsense_interface:/root/project_gazebo_ws/install/as2_platform_multirotor_simulator:/root/project_gazebo_ws/install/as2_platform_gazebo:/root/project_gazebo_ws/install/as2_motion_controller:/root/project_gazebo_ws/install/as2_behaviors_trajectory_generation:/root/project_gazebo_ws/install/as2_behaviors_motion:/root/project_gazebo_ws/install/as2_motion_reference_handlers:/root/project_gazebo_ws/install/as2_map_server:/root/project_gazebo_ws/install/as2_geozones:/root/project_gazebo_ws/install/as2_gazebo_assets:/root/project_gazebo_ws/install/as2_external_object_to_tf:/root/project_gazebo_ws/install/as2_behaviors_platform:/root/project_gazebo_ws/install/as2_behaviors_perception:/root/project_gazebo_ws/install/as2_behaviors_path_planning:/root/project_gazebo_ws/install/as2_behavior_tree:/root/project_gazebo_ws/install/as2_behavior:/root/project_gazebo_ws/install/as2_alphanumeric_viewer:/root/project_gazebo_ws/install/as2_core:/root/project_gazebo_ws/install/as2_msgs:/root/project_gazebo_ws/install/as2_cli:/root/project_gazebo_ws/install/as2_visualization:/root/project_gazebo_ws/install/as2_keyboard_teleoperation:/root/project_gazebo_ws/install/as2_python_api:/opt/ros/humble LD_LIBRARY_PATH=/mission_planning_ws/install/as2_core/lib:/mission_planning_ws/install/mocap4r2_msgs/lib:/mission_planning_ws/install/as2_msgs/lib:${LD_LIBRARY_PATH} PYTHONPATH=/mission_planning_ws/install/as2_core/local/lib/python3.10/dist-packages:/mission_planning_ws/install/mocap4r2_msgs/local/lib/python3.10/dist-packages:/mission_planning_ws/install/as2_msgs/local/lib/python3.10/dist-packages:${PYTHONPATH} /usr/bin/cmake --install /mission_planning_ws/build/as2_state_estimator
