[0.052s] Invoking command in '/mission_planning_ws/build/as2_behavior': AMENT_PREFIX_PATH=/mission_planning_ws/install/as2_core:/mission_planning_ws/install/as2_msgs:${AMENT_PREFIX_PATH} CMAKE_PREFIX_PATH=/mission_planning_ws/install/as2_core:/mission_planning_ws/install/as2_msgs:/root/project_gazebo_ws/install/aerostack2:/root/project_gazebo_ws/install/as2_usb_camera_interface:/root/project_gazebo_ws/install/as2_state_estimator:/root/project_gazebo_ws/install/as2_rviz_plugins:/root/project_gazebo_ws/install/as2_realsense_interface:/root/project_gazebo_ws/install/as2_platform_multirotor_simulator:/root/project_gazebo_ws/install/as2_platform_gazebo:/root/project_gazebo_ws/install/as2_motion_controller:/root/project_gazebo_ws/install/as2_behaviors_trajectory_generation:/root/project_gazebo_ws/install/as2_behaviors_motion:/root/project_gazebo_ws/install/as2_motion_reference_handlers:/root/project_gazebo_ws/install/as2_map_server:/root/project_gazebo_ws/install/as2_geozones:/root/project_gazebo_ws/install/as2_gazebo_assets:/root/project_gazebo_ws/install/as2_external_object_to_tf:/root/project_gazebo_ws/install/as2_behaviors_platform:/root/project_gazebo_ws/install/as2_behaviors_perception:/root/project_gazebo_ws/install/as2_behaviors_path_planning:/root/project_gazebo_ws/install/as2_behavior_tree:/root/project_gazebo_ws/install/as2_behavior:/root/project_gazebo_ws/install/as2_alphanumeric_viewer:/root/project_gazebo_ws/install/as2_core:/root/project_gazebo_ws/install/as2_msgs:/root/project_gazebo_ws/install/as2_cli:/root/project_gazebo_ws/install/as2_visualization:/root/project_gazebo_ws/install/as2_keyboard_teleoperation:/root/project_gazebo_ws/install/as2_python_api:/opt/ros/humble LD_LIBRARY_PATH=/mission_planning_ws/install/as2_core/lib:/mission_planning_ws/install/as2_msgs/lib:${LD_LIBRARY_PATH} PYTHONPATH=/mission_planning_ws/install/as2_core/local/lib/python3.10/dist-packages:/mission_planning_ws/install/as2_msgs/local/lib/python3.10/dist-packages:${PYTHONPATH} /usr/bin/cmake --build /mission_planning_ws/build/as2_behavior -- -j22 -l22
[0.104s] [35m[1mConsolidate compiler generated dependencies of target gtest[0m
[0.106s] [35m[1mConsolidate compiler generated dependencies of target gtest_main[0m
[0.111s] [35m[1mConsolidate compiler generated dependencies of target as2_behavior[0m
[0.138s] [ 25%] Built target gtest
[0.138s] [ 50%] Built target gtest_main
[0.167s] [ 75%] Built target as2_behavior
[0.218s] [35m[1mConsolidate compiler generated dependencies of target as2_behavior_as2_behavior_gtest[0m
[0.284s] [100%] Built target as2_behavior_as2_behavior_gtest
[0.310s] Invoked command in '/mission_planning_ws/build/as2_behavior' returned '0': AMENT_PREFIX_PATH=/mission_planning_ws/install/as2_core:/mission_planning_ws/install/as2_msgs:${AMENT_PREFIX_PATH} CMAKE_PREFIX_PATH=/mission_planning_ws/install/as2_core:/mission_planning_ws/install/as2_msgs:/root/project_gazebo_ws/install/aerostack2:/root/project_gazebo_ws/install/as2_usb_camera_interface:/root/project_gazebo_ws/install/as2_state_estimator:/root/project_gazebo_ws/install/as2_rviz_plugins:/root/project_gazebo_ws/install/as2_realsense_interface:/root/project_gazebo_ws/install/as2_platform_multirotor_simulator:/root/project_gazebo_ws/install/as2_platform_gazebo:/root/project_gazebo_ws/install/as2_motion_controller:/root/project_gazebo_ws/install/as2_behaviors_trajectory_generation:/root/project_gazebo_ws/install/as2_behaviors_motion:/root/project_gazebo_ws/install/as2_motion_reference_handlers:/root/project_gazebo_ws/install/as2_map_server:/root/project_gazebo_ws/install/as2_geozones:/root/project_gazebo_ws/install/as2_gazebo_assets:/root/project_gazebo_ws/install/as2_external_object_to_tf:/root/project_gazebo_ws/install/as2_behaviors_platform:/root/project_gazebo_ws/install/as2_behaviors_perception:/root/project_gazebo_ws/install/as2_behaviors_path_planning:/root/project_gazebo_ws/install/as2_behavior_tree:/root/project_gazebo_ws/install/as2_behavior:/root/project_gazebo_ws/install/as2_alphanumeric_viewer:/root/project_gazebo_ws/install/as2_core:/root/project_gazebo_ws/install/as2_msgs:/root/project_gazebo_ws/install/as2_cli:/root/project_gazebo_ws/install/as2_visualization:/root/project_gazebo_ws/install/as2_keyboard_teleoperation:/root/project_gazebo_ws/install/as2_python_api:/opt/ros/humble LD_LIBRARY_PATH=/mission_planning_ws/install/as2_core/lib:/mission_planning_ws/install/as2_msgs/lib:${LD_LIBRARY_PATH} PYTHONPATH=/mission_planning_ws/install/as2_core/local/lib/python3.10/dist-packages:/mission_planning_ws/install/as2_msgs/local/lib/python3.10/dist-packages:${PYTHONPATH} /usr/bin/cmake --build /mission_planning_ws/build/as2_behavior -- -j22 -l22
[0.313s] Invoking command in '/mission_planning_ws/build/as2_behavior': AMENT_PREFIX_PATH=/mission_planning_ws/install/as2_core:/mission_planning_ws/install/as2_msgs:${AMENT_PREFIX_PATH} CMAKE_PREFIX_PATH=/mission_planning_ws/install/as2_core:/mission_planning_ws/install/as2_msgs:/root/project_gazebo_ws/install/aerostack2:/root/project_gazebo_ws/install/as2_usb_camera_interface:/root/project_gazebo_ws/install/as2_state_estimator:/root/project_gazebo_ws/install/as2_rviz_plugins:/root/project_gazebo_ws/install/as2_realsense_interface:/root/project_gazebo_ws/install/as2_platform_multirotor_simulator:/root/project_gazebo_ws/install/as2_platform_gazebo:/root/project_gazebo_ws/install/as2_motion_controller:/root/project_gazebo_ws/install/as2_behaviors_trajectory_generation:/root/project_gazebo_ws/install/as2_behaviors_motion:/root/project_gazebo_ws/install/as2_motion_reference_handlers:/root/project_gazebo_ws/install/as2_map_server:/root/project_gazebo_ws/install/as2_geozones:/root/project_gazebo_ws/install/as2_gazebo_assets:/root/project_gazebo_ws/install/as2_external_object_to_tf:/root/project_gazebo_ws/install/as2_behaviors_platform:/root/project_gazebo_ws/install/as2_behaviors_perception:/root/project_gazebo_ws/install/as2_behaviors_path_planning:/root/project_gazebo_ws/install/as2_behavior_tree:/root/project_gazebo_ws/install/as2_behavior:/root/project_gazebo_ws/install/as2_alphanumeric_viewer:/root/project_gazebo_ws/install/as2_core:/root/project_gazebo_ws/install/as2_msgs:/root/project_gazebo_ws/install/as2_cli:/root/project_gazebo_ws/install/as2_visualization:/root/project_gazebo_ws/install/as2_keyboard_teleoperation:/root/project_gazebo_ws/install/as2_python_api:/opt/ros/humble LD_LIBRARY_PATH=/mission_planning_ws/install/as2_core/lib:/mission_planning_ws/install/as2_msgs/lib:${LD_LIBRARY_PATH} PYTHONPATH=/mission_planning_ws/install/as2_core/local/lib/python3.10/dist-packages:/mission_planning_ws/install/as2_msgs/local/lib/python3.10/dist-packages:${PYTHONPATH} /usr/bin/cmake --install /mission_planning_ws/build/as2_behavior
[0.335s] -- Install configuration: "Release"
[0.337s] -- Up-to-date: /mission_planning_ws/install/as2_behavior/include
[0.338s] -- Up-to-date: /mission_planning_ws/install/as2_behavior/include/as2_behavior
[0.339s] -- Up-to-date: /mission_planning_ws/install/as2_behavior/include/as2_behavior/behavior_server.hpp
[0.339s] -- Up-to-date: /mission_planning_ws/install/as2_behavior/include/as2_behavior/as2_basic_behavior.hpp
[0.339s] -- Up-to-date: /mission_planning_ws/install/as2_behavior/include/as2_behavior/__detail
[0.342s] -- Up-to-date: /mission_planning_ws/install/as2_behavior/include/as2_behavior/__detail/behavior_server__class.hpp
[0.342s] -- Up-to-date: /mission_planning_ws/install/as2_behavior/include/as2_behavior/__impl
[0.343s] -- Up-to-date: /mission_planning_ws/install/as2_behavior/include/as2_behavior/__impl/behavior_server__impl.hpp
[0.344s] -- Up-to-date: /mission_planning_ws/install/as2_behavior/include/as2_behavior/behavior_utils.hpp
[0.345s] -- Up-to-date: /mission_planning_ws/install/as2_behavior/lib/libas2_behavior.so
[0.353s] -- Up-to-date: /mission_planning_ws/install/as2_behavior/share/as2_behavior/environment/library_path.sh
[0.353s] -- Up-to-date: /mission_planning_ws/install/as2_behavior/share/as2_behavior/environment/library_path.dsv
[0.355s] -- Up-to-date: /mission_planning_ws/install/as2_behavior/share/ament_index/resource_index/package_run_dependencies/as2_behavior
[0.355s] -- Up-to-date: /mission_planning_ws/install/as2_behavior/share/ament_index/resource_index/parent_prefix_path/as2_behavior
[0.355s] -- Up-to-date: /mission_planning_ws/install/as2_behavior/share/as2_behavior/environment/ament_prefix_path.sh
[0.355s] -- Up-to-date: /mission_planning_ws/install/as2_behavior/share/as2_behavior/environment/ament_prefix_path.dsv
[0.357s] -- Up-to-date: /mission_planning_ws/install/as2_behavior/share/as2_behavior/environment/path.sh
[0.361s] -- Up-to-date: /mission_planning_ws/install/as2_behavior/share/as2_behavior/environment/path.dsv
[0.361s] -- Up-to-date: /mission_planning_ws/install/as2_behavior/share/as2_behavior/local_setup.bash
[0.361s] -- Up-to-date: /mission_planning_ws/install/as2_behavior/share/as2_behavior/local_setup.sh
[0.361s] -- Up-to-date: /mission_planning_ws/install/as2_behavior/share/as2_behavior/local_setup.zsh
[0.361s] -- Up-to-date: /mission_planning_ws/install/as2_behavior/share/as2_behavior/local_setup.dsv
[0.361s] -- Installing: /mission_planning_ws/install/as2_behavior/share/as2_behavior/package.dsv
[0.368s] -- Up-to-date: /mission_planning_ws/install/as2_behavior/share/ament_index/resource_index/packages/as2_behavior
[0.368s] -- Up-to-date: /mission_planning_ws/install/as2_behavior/share/as2_behavior/cmake/export_as2_behaviorExport.cmake
[0.368s] -- Up-to-date: /mission_planning_ws/install/as2_behavior/share/as2_behavior/cmake/export_as2_behaviorExport-release.cmake
[0.368s] -- Up-to-date: /mission_planning_ws/install/as2_behavior/share/as2_behavior/cmake/ament_cmake_export_libraries-extras.cmake
[0.368s] -- Up-to-date: /mission_planning_ws/install/as2_behavior/share/as2_behavior/cmake/ament_cmake_export_targets-extras.cmake
[0.369s] -- Up-to-date: /mission_planning_ws/install/as2_behavior/share/as2_behavior/cmake/ament_cmake_export_include_directories-extras.cmake
[0.369s] -- Up-to-date: /mission_planning_ws/install/as2_behavior/share/as2_behavior/cmake/as2_behaviorConfig.cmake
[0.369s] -- Up-to-date: /mission_planning_ws/install/as2_behavior/share/as2_behavior/cmake/as2_behaviorConfig-version.cmake
[0.369s] -- Up-to-date: /mission_planning_ws/install/as2_behavior/share/as2_behavior/package.xml
[0.373s] Invoked command in '/mission_planning_ws/build/as2_behavior' returned '0': AMENT_PREFIX_PATH=/mission_planning_ws/install/as2_core:/mission_planning_ws/install/as2_msgs:${AMENT_PREFIX_PATH} CMAKE_PREFIX_PATH=/mission_planning_ws/install/as2_core:/mission_planning_ws/install/as2_msgs:/root/project_gazebo_ws/install/aerostack2:/root/project_gazebo_ws/install/as2_usb_camera_interface:/root/project_gazebo_ws/install/as2_state_estimator:/root/project_gazebo_ws/install/as2_rviz_plugins:/root/project_gazebo_ws/install/as2_realsense_interface:/root/project_gazebo_ws/install/as2_platform_multirotor_simulator:/root/project_gazebo_ws/install/as2_platform_gazebo:/root/project_gazebo_ws/install/as2_motion_controller:/root/project_gazebo_ws/install/as2_behaviors_trajectory_generation:/root/project_gazebo_ws/install/as2_behaviors_motion:/root/project_gazebo_ws/install/as2_motion_reference_handlers:/root/project_gazebo_ws/install/as2_map_server:/root/project_gazebo_ws/install/as2_geozones:/root/project_gazebo_ws/install/as2_gazebo_assets:/root/project_gazebo_ws/install/as2_external_object_to_tf:/root/project_gazebo_ws/install/as2_behaviors_platform:/root/project_gazebo_ws/install/as2_behaviors_perception:/root/project_gazebo_ws/install/as2_behaviors_path_planning:/root/project_gazebo_ws/install/as2_behavior_tree:/root/project_gazebo_ws/install/as2_behavior:/root/project_gazebo_ws/install/as2_alphanumeric_viewer:/root/project_gazebo_ws/install/as2_core:/root/project_gazebo_ws/install/as2_msgs:/root/project_gazebo_ws/install/as2_cli:/root/project_gazebo_ws/install/as2_visualization:/root/project_gazebo_ws/install/as2_keyboard_teleoperation:/root/project_gazebo_ws/install/as2_python_api:/opt/ros/humble LD_LIBRARY_PATH=/mission_planning_ws/install/as2_core/lib:/mission_planning_ws/install/as2_msgs/lib:${LD_LIBRARY_PATH} PYTHONPATH=/mission_planning_ws/install/as2_core/local/lib/python3.10/dist-packages:/mission_planning_ws/install/as2_msgs/local/lib/python3.10/dist-packages:${PYTHONPATH} /usr/bin/cmake --install /mission_planning_ws/build/as2_behavior
