[0.030s] Invoking command in '/mission_planning_ws/src/build/as2_realsense_interface': AMENT_PREFIX_PATH=/mission_planning_ws/src/install/as2_core:/mission_planning_ws/src/install/as2_msgs:${AMENT_PREFIX_PATH} CMAKE_PREFIX_PATH=/mission_planning_ws/src/install/as2_core:/mission_planning_ws/src/install/as2_msgs:/root/project_gazebo_ws/install/aerostack2:/root/project_gazebo_ws/install/as2_usb_camera_interface:/root/project_gazebo_ws/install/as2_state_estimator:/root/project_gazebo_ws/install/as2_rviz_plugins:/root/project_gazebo_ws/install/as2_realsense_interface:/root/project_gazebo_ws/install/as2_platform_multirotor_simulator:/root/project_gazebo_ws/install/as2_platform_gazebo:/root/project_gazebo_ws/install/as2_motion_controller:/root/project_gazebo_ws/install/as2_behaviors_trajectory_generation:/root/project_gazebo_ws/install/as2_behaviors_motion:/root/project_gazebo_ws/install/as2_motion_reference_handlers:/root/project_gazebo_ws/install/as2_map_server:/root/project_gazebo_ws/install/as2_geozones:/root/project_gazebo_ws/install/as2_gazebo_assets:/root/project_gazebo_ws/install/as2_external_object_to_tf:/root/project_gazebo_ws/install/as2_behaviors_platform:/root/project_gazebo_ws/install/as2_behaviors_perception:/root/project_gazebo_ws/install/as2_behaviors_path_planning:/root/project_gazebo_ws/install/as2_behavior_tree:/root/project_gazebo_ws/install/as2_behavior:/root/project_gazebo_ws/install/as2_alphanumeric_viewer:/root/project_gazebo_ws/install/as2_core:/root/project_gazebo_ws/install/as2_msgs:/root/project_gazebo_ws/install/as2_cli:/root/project_gazebo_ws/install/as2_visualization:/root/project_gazebo_ws/install/as2_keyboard_teleoperation:/root/project_gazebo_ws/install/as2_python_api:/opt/ros/humble LD_LIBRARY_PATH=/mission_planning_ws/src/install/as2_core/lib:/mission_planning_ws/src/install/as2_msgs/lib:${LD_LIBRARY_PATH} PYTHONPATH=/mission_planning_ws/src/install/as2_core/local/lib/python3.10/dist-packages:/mission_planning_ws/src/install/as2_msgs/local/lib/python3.10/dist-packages:${PYTHONPATH} /usr/bin/cmake /mission_planning_ws/src/aerostack2/as2_hardware_drivers/as2_realsense_interface -DCMAKE_INSTALL_PREFIX=/mission_planning_ws/src/install/as2_realsense_interface
[0.085s] -- The C compiler identification is GNU 11.4.0
[0.129s] -- The CXX compiler identification is GNU 11.4.0
[0.134s] -- Detecting C compiler ABI info
[0.222s] -- Detecting C compiler ABI info - done
[0.227s] -- Check for working C compiler: /usr/bin/cc - skipped
[0.227s] -- Detecting C compile features
[0.228s] -- Detecting C compile features - done
[0.230s] -- Detecting CXX compiler ABI info
[0.329s] -- Detecting CXX compiler ABI info - done
[0.338s] -- Check for working CXX compiler: /usr/bin/c++ - skipped
[0.338s] -- Detecting CXX compile features
[0.338s] -- Detecting CXX compile features - done
[0.349s] -- Found ament_cmake: 1.3.11 (/opt/ros/humble/share/ament_cmake/cmake)
[0.578s] -- Found Python3: /usr/bin/python3 (found version "3.10.12") found components: Interpreter 
[0.858s] -- Found rclcpp: 16.0.11 (/opt/ros/humble/share/rclcpp/cmake)
[1.003s] -- Found rosidl_generator_c: 3.1.6 (/opt/ros/humble/share/rosidl_generator_c/cmake)
[1.018s] -- Found rosidl_adapter: 3.1.6 (/opt/ros/humble/share/rosidl_adapter/cmake)
[1.038s] -- Found rosidl_generator_cpp: 3.1.6 (/opt/ros/humble/share/rosidl_generator_cpp/cmake)
[1.062s] -- Using all available rosidl_typesupport_c: rosidl_typesupport_fastrtps_c;rosidl_typesupport_introspection_c
[1.096s] -- Using all available rosidl_typesupport_cpp: rosidl_typesupport_fastrtps_cpp;rosidl_typesupport_introspection_cpp
[1.198s] -- Found rmw_implementation_cmake: 6.1.2 (/opt/ros/humble/share/rmw_implementation_cmake/cmake)
[1.208s] -- Found rmw_fastrtps_cpp: 6.2.7 (/opt/ros/humble/share/rmw_fastrtps_cpp/cmake)
[1.394s] -- Found OpenSSL: /usr/lib/x86_64-linux-gnu/libcrypto.so (found version "3.0.2")  
[1.440s] -- Found FastRTPS: /opt/ros/humble/include  
[1.519s] -- Using RMW implementation 'rmw_fastrtps_cpp' as default
[1.551s] -- Looking for pthread.h
[1.642s] -- Looking for pthread.h - found
[1.642s] -- Performing Test CMAKE_HAVE_LIBC_PTHREAD
[1.753s] -- Performing Test CMAKE_HAVE_LIBC_PTHREAD - Success
[1.756s] -- Found Threads: TRUE  
[1.828s] -- Found as2_core: 1.1.2 (/mission_planning_ws/src/install/as2_core/share/as2_core/cmake)
[2.064s] -- Found eigen3_cmake_module: 0.1.1 (/opt/ros/humble/share/eigen3_cmake_module/cmake)
[2.065s] -- Found Eigen3: TRUE (found version "3.4.0") 
[2.065s] -- Ensuring Eigen3 include directory is part of orocos-kdl CMake target
[2.404s] -- Found ament_lint_auto: 0.12.11 (/opt/ros/humble/share/ament_lint_auto/cmake)
[2.579s] -- Found gtest sources under '/opt/ros/humble/src/gtest_vendor': C++ tests using 'Google Test' will be built
[2.593s] -- Added test 'copyright' to check source files copyright and LICENSE
[2.596s] -- Added test 'cppcheck' to perform static code analysis on C / C++ code
[2.597s] -- Configured cppcheck include dirs: /mission_planning_ws/src/aerostack2/as2_hardware_drivers/as2_realsense_interface/include;/mission_planning_ws/src/aerostack2/as2_hardware_drivers/as2_realsense_interface/include/as2_realsense_interface
[2.597s] -- Configured cppcheck exclude dirs and/or files: 
[2.600s] -- Added test 'cpplint' to check C / C++ code against the Google style
[2.600s] -- Configured cpplint exclude dirs and/or files: 
[2.602s] -- Added test 'flake8' to check Python code syntax and style conventions
[2.603s] -- Added test 'lint_cmake' to check CMake code style
[2.605s] -- Added test 'pep257' to check Python code against some of the docstring style conventions in PEP 257
[2.608s] -- Added test 'uncrustify' to check C / C++ code style
[2.608s] -- Configured uncrustify additional arguments: 
[2.609s] -- Added test 'xmllint' to check XML markup files
[2.612s] -- Configuring done
[2.647s] -- Generating done
[2.659s] -- Build files have been written to: /mission_planning_ws/src/build/as2_realsense_interface
[2.669s] Invoked command in '/mission_planning_ws/src/build/as2_realsense_interface' returned '0': AMENT_PREFIX_PATH=/mission_planning_ws/src/install/as2_core:/mission_planning_ws/src/install/as2_msgs:${AMENT_PREFIX_PATH} CMAKE_PREFIX_PATH=/mission_planning_ws/src/install/as2_core:/mission_planning_ws/src/install/as2_msgs:/root/project_gazebo_ws/install/aerostack2:/root/project_gazebo_ws/install/as2_usb_camera_interface:/root/project_gazebo_ws/install/as2_state_estimator:/root/project_gazebo_ws/install/as2_rviz_plugins:/root/project_gazebo_ws/install/as2_realsense_interface:/root/project_gazebo_ws/install/as2_platform_multirotor_simulator:/root/project_gazebo_ws/install/as2_platform_gazebo:/root/project_gazebo_ws/install/as2_motion_controller:/root/project_gazebo_ws/install/as2_behaviors_trajectory_generation:/root/project_gazebo_ws/install/as2_behaviors_motion:/root/project_gazebo_ws/install/as2_motion_reference_handlers:/root/project_gazebo_ws/install/as2_map_server:/root/project_gazebo_ws/install/as2_geozones:/root/project_gazebo_ws/install/as2_gazebo_assets:/root/project_gazebo_ws/install/as2_external_object_to_tf:/root/project_gazebo_ws/install/as2_behaviors_platform:/root/project_gazebo_ws/install/as2_behaviors_perception:/root/project_gazebo_ws/install/as2_behaviors_path_planning:/root/project_gazebo_ws/install/as2_behavior_tree:/root/project_gazebo_ws/install/as2_behavior:/root/project_gazebo_ws/install/as2_alphanumeric_viewer:/root/project_gazebo_ws/install/as2_core:/root/project_gazebo_ws/install/as2_msgs:/root/project_gazebo_ws/install/as2_cli:/root/project_gazebo_ws/install/as2_visualization:/root/project_gazebo_ws/install/as2_keyboard_teleoperation:/root/project_gazebo_ws/install/as2_python_api:/opt/ros/humble LD_LIBRARY_PATH=/mission_planning_ws/src/install/as2_core/lib:/mission_planning_ws/src/install/as2_msgs/lib:${LD_LIBRARY_PATH} PYTHONPATH=/mission_planning_ws/src/install/as2_core/local/lib/python3.10/dist-packages:/mission_planning_ws/src/install/as2_msgs/local/lib/python3.10/dist-packages:${PYTHONPATH} /usr/bin/cmake /mission_planning_ws/src/aerostack2/as2_hardware_drivers/as2_realsense_interface -DCMAKE_INSTALL_PREFIX=/mission_planning_ws/src/install/as2_realsense_interface
[2.671s] Invoking command in '/mission_planning_ws/src/build/as2_realsense_interface': AMENT_PREFIX_PATH=/mission_planning_ws/src/install/as2_core:/mission_planning_ws/src/install/as2_msgs:${AMENT_PREFIX_PATH} CMAKE_PREFIX_PATH=/mission_planning_ws/src/install/as2_core:/mission_planning_ws/src/install/as2_msgs:/root/project_gazebo_ws/install/aerostack2:/root/project_gazebo_ws/install/as2_usb_camera_interface:/root/project_gazebo_ws/install/as2_state_estimator:/root/project_gazebo_ws/install/as2_rviz_plugins:/root/project_gazebo_ws/install/as2_realsense_interface:/root/project_gazebo_ws/install/as2_platform_multirotor_simulator:/root/project_gazebo_ws/install/as2_platform_gazebo:/root/project_gazebo_ws/install/as2_motion_controller:/root/project_gazebo_ws/install/as2_behaviors_trajectory_generation:/root/project_gazebo_ws/install/as2_behaviors_motion:/root/project_gazebo_ws/install/as2_motion_reference_handlers:/root/project_gazebo_ws/install/as2_map_server:/root/project_gazebo_ws/install/as2_geozones:/root/project_gazebo_ws/install/as2_gazebo_assets:/root/project_gazebo_ws/install/as2_external_object_to_tf:/root/project_gazebo_ws/install/as2_behaviors_platform:/root/project_gazebo_ws/install/as2_behaviors_perception:/root/project_gazebo_ws/install/as2_behaviors_path_planning:/root/project_gazebo_ws/install/as2_behavior_tree:/root/project_gazebo_ws/install/as2_behavior:/root/project_gazebo_ws/install/as2_alphanumeric_viewer:/root/project_gazebo_ws/install/as2_core:/root/project_gazebo_ws/install/as2_msgs:/root/project_gazebo_ws/install/as2_cli:/root/project_gazebo_ws/install/as2_visualization:/root/project_gazebo_ws/install/as2_keyboard_teleoperation:/root/project_gazebo_ws/install/as2_python_api:/opt/ros/humble LD_LIBRARY_PATH=/mission_planning_ws/src/install/as2_core/lib:/mission_planning_ws/src/install/as2_msgs/lib:${LD_LIBRARY_PATH} PYTHONPATH=/mission_planning_ws/src/install/as2_core/local/lib/python3.10/dist-packages:/mission_planning_ws/src/install/as2_msgs/local/lib/python3.10/dist-packages:${PYTHONPATH} /usr/bin/cmake --build /mission_planning_ws/src/build/as2_realsense_interface -- -j22 -l22
[2.744s] [  9%] [32mBuilding CXX object gtest/CMakeFiles/gtest.dir/src/gtest-all.cc.o[0m
[2.751s] [ 18%] [32mBuilding CXX object CMakeFiles/as2_realsense_interface.dir/src/as2_realsense_interface.cpp.o[0m
[2.755s] [ 27%] [32mBuilding CXX object CMakeFiles/as2_realsense_interface_node.dir/src/as2_realsense_interface.cpp.o[0m
[2.759s] [ 36%] [32mBuilding CXX object gtest/CMakeFiles/gtest_main.dir/src/gtest_main.cc.o[0m
[2.768s] [ 45%] [32mBuilding CXX object CMakeFiles/as2_realsense_interface_node.dir/src/as2_realsense_interface_node.cpp.o[0m
[5.193s] [ 54%] [32m[1mLinking CXX static library libgtest_main.a[0m
[5.733s] [ 54%] Built target gtest_main
[60.244s] [ 63%] [32m[1mLinking CXX static library libas2_realsense_interface.a[0m
[60.355s] [ 63%] Built target as2_realsense_interface
[62.838s] [ 72%] [32m[1mLinking CXX static library libgtest.a[0m
[62.917s] [ 72%] Built target gtest
[62.932s] [ 81%] [32m[1mLinking CXX executable as2_realsense_interface_node[0m
[63.901s] [ 81%] Built target as2_realsense_interface_node
[63.940s] [ 90%] [32mBuilding CXX object tests/CMakeFiles/as2_realsense_interface_as2_realsense_interface_gtest.dir/as2_realsense_interface_gtest.cpp.o[0m
[74.475s] [100%] [32m[1mLinking CXX executable as2_realsense_interface_as2_realsense_interface_gtest[0m
[75.367s] [100%] Built target as2_realsense_interface_as2_realsense_interface_gtest
[75.440s] Invoked command in '/mission_planning_ws/src/build/as2_realsense_interface' returned '0': AMENT_PREFIX_PATH=/mission_planning_ws/src/install/as2_core:/mission_planning_ws/src/install/as2_msgs:${AMENT_PREFIX_PATH} CMAKE_PREFIX_PATH=/mission_planning_ws/src/install/as2_core:/mission_planning_ws/src/install/as2_msgs:/root/project_gazebo_ws/install/aerostack2:/root/project_gazebo_ws/install/as2_usb_camera_interface:/root/project_gazebo_ws/install/as2_state_estimator:/root/project_gazebo_ws/install/as2_rviz_plugins:/root/project_gazebo_ws/install/as2_realsense_interface:/root/project_gazebo_ws/install/as2_platform_multirotor_simulator:/root/project_gazebo_ws/install/as2_platform_gazebo:/root/project_gazebo_ws/install/as2_motion_controller:/root/project_gazebo_ws/install/as2_behaviors_trajectory_generation:/root/project_gazebo_ws/install/as2_behaviors_motion:/root/project_gazebo_ws/install/as2_motion_reference_handlers:/root/project_gazebo_ws/install/as2_map_server:/root/project_gazebo_ws/install/as2_geozones:/root/project_gazebo_ws/install/as2_gazebo_assets:/root/project_gazebo_ws/install/as2_external_object_to_tf:/root/project_gazebo_ws/install/as2_behaviors_platform:/root/project_gazebo_ws/install/as2_behaviors_perception:/root/project_gazebo_ws/install/as2_behaviors_path_planning:/root/project_gazebo_ws/install/as2_behavior_tree:/root/project_gazebo_ws/install/as2_behavior:/root/project_gazebo_ws/install/as2_alphanumeric_viewer:/root/project_gazebo_ws/install/as2_core:/root/project_gazebo_ws/install/as2_msgs:/root/project_gazebo_ws/install/as2_cli:/root/project_gazebo_ws/install/as2_visualization:/root/project_gazebo_ws/install/as2_keyboard_teleoperation:/root/project_gazebo_ws/install/as2_python_api:/opt/ros/humble LD_LIBRARY_PATH=/mission_planning_ws/src/install/as2_core/lib:/mission_planning_ws/src/install/as2_msgs/lib:${LD_LIBRARY_PATH} PYTHONPATH=/mission_planning_ws/src/install/as2_core/local/lib/python3.10/dist-packages:/mission_planning_ws/src/install/as2_msgs/local/lib/python3.10/dist-packages:${PYTHONPATH} /usr/bin/cmake --build /mission_planning_ws/src/build/as2_realsense_interface -- -j22 -l22
[75.444s] Invoking command in '/mission_planning_ws/src/build/as2_realsense_interface': AMENT_PREFIX_PATH=/mission_planning_ws/src/install/as2_core:/mission_planning_ws/src/install/as2_msgs:${AMENT_PREFIX_PATH} CMAKE_PREFIX_PATH=/mission_planning_ws/src/install/as2_core:/mission_planning_ws/src/install/as2_msgs:/root/project_gazebo_ws/install/aerostack2:/root/project_gazebo_ws/install/as2_usb_camera_interface:/root/project_gazebo_ws/install/as2_state_estimator:/root/project_gazebo_ws/install/as2_rviz_plugins:/root/project_gazebo_ws/install/as2_realsense_interface:/root/project_gazebo_ws/install/as2_platform_multirotor_simulator:/root/project_gazebo_ws/install/as2_platform_gazebo:/root/project_gazebo_ws/install/as2_motion_controller:/root/project_gazebo_ws/install/as2_behaviors_trajectory_generation:/root/project_gazebo_ws/install/as2_behaviors_motion:/root/project_gazebo_ws/install/as2_motion_reference_handlers:/root/project_gazebo_ws/install/as2_map_server:/root/project_gazebo_ws/install/as2_geozones:/root/project_gazebo_ws/install/as2_gazebo_assets:/root/project_gazebo_ws/install/as2_external_object_to_tf:/root/project_gazebo_ws/install/as2_behaviors_platform:/root/project_gazebo_ws/install/as2_behaviors_perception:/root/project_gazebo_ws/install/as2_behaviors_path_planning:/root/project_gazebo_ws/install/as2_behavior_tree:/root/project_gazebo_ws/install/as2_behavior:/root/project_gazebo_ws/install/as2_alphanumeric_viewer:/root/project_gazebo_ws/install/as2_core:/root/project_gazebo_ws/install/as2_msgs:/root/project_gazebo_ws/install/as2_cli:/root/project_gazebo_ws/install/as2_visualization:/root/project_gazebo_ws/install/as2_keyboard_teleoperation:/root/project_gazebo_ws/install/as2_python_api:/opt/ros/humble LD_LIBRARY_PATH=/mission_planning_ws/src/install/as2_core/lib:/mission_planning_ws/src/install/as2_msgs/lib:${LD_LIBRARY_PATH} PYTHONPATH=/mission_planning_ws/src/install/as2_core/local/lib/python3.10/dist-packages:/mission_planning_ws/src/install/as2_msgs/local/lib/python3.10/dist-packages:${PYTHONPATH} /usr/bin/cmake --install /mission_planning_ws/src/build/as2_realsense_interface
[77.832s] -- Install configuration: "Release"
[77.832s] -- Installing: /mission_planning_ws/src/install/as2_realsense_interface/include
[77.832s] -- Installing: /mission_planning_ws/src/install/as2_realsense_interface/include/as2_realsense_interface
[77.832s] -- Installing: /mission_planning_ws/src/install/as2_realsense_interface/include/as2_realsense_interface/as2_realsense_interface.hpp
[77.832s] -- Installing: /mission_planning_ws/src/install/as2_realsense_interface/lib/as2_realsense_interface/as2_realsense_interface_node
[77.834s] -- Set runtime path of "/mission_planning_ws/src/install/as2_realsense_interface/lib/as2_realsense_interface/as2_realsense_interface_node" to ""
[77.836s] -- Installing: /mission_planning_ws/src/install/as2_realsense_interface/lib/libas2_realsense_interface.a
[77.836s] -- Installing: /mission_planning_ws/src/install/as2_realsense_interface/share/as2_realsense_interface/launch
[77.837s] -- Installing: /mission_planning_ws/src/install/as2_realsense_interface/share/as2_realsense_interface/launch/as2_realsense_interface_launch.py
[77.837s] -- Installing: /mission_planning_ws/src/install/as2_realsense_interface/share/as2_realsense_interface/launch/as2_realsense_interface_t265_launch.py
[77.837s] -- Installing: /mission_planning_ws/src/install/as2_realsense_interface/share/as2_realsense_interface/config
[77.837s] -- Installing: /mission_planning_ws/src/install/as2_realsense_interface/share/as2_realsense_interface/config/tf_device
[77.837s] -- Installing: /mission_planning_ws/src/install/as2_realsense_interface/share/as2_realsense_interface/config/tf_device/d435i.yaml
[77.837s] -- Installing: /mission_planning_ws/src/install/as2_realsense_interface/share/as2_realsense_interface/config/tf_device/t265.yaml
[77.837s] -- Installing: /mission_planning_ws/src/install/as2_realsense_interface/share/as2_realsense_interface/config/realsense_interface
[77.837s] -- Installing: /mission_planning_ws/src/install/as2_realsense_interface/share/as2_realsense_interface/config/realsense_interface/t265
[77.837s] -- Installing: /mission_planning_ws/src/install/as2_realsense_interface/share/as2_realsense_interface/config/realsense_interface/t265/params.yaml
[77.837s] -- Installing: /mission_planning_ws/src/install/as2_realsense_interface/share/as2_realsense_interface/config/realsense_interface/t265/tf_sensors.yaml
[77.838s] -- Installing: /mission_planning_ws/src/install/as2_realsense_interface/share/as2_realsense_interface/config/realsense_interface/d435i
[77.838s] -- Installing: /mission_planning_ws/src/install/as2_realsense_interface/share/as2_realsense_interface/config/realsense_interface/d435i/params.yaml
[77.838s] -- Installing: /mission_planning_ws/src/install/as2_realsense_interface/share/as2_realsense_interface/config/realsense_interface/d435i/tf_sensors.yaml
[77.838s] -- Installing: /mission_planning_ws/src/install/as2_realsense_interface/share/ament_index/resource_index/package_run_dependencies/as2_realsense_interface
[77.838s] -- Installing: /mission_planning_ws/src/install/as2_realsense_interface/share/ament_index/resource_index/parent_prefix_path/as2_realsense_interface
[77.838s] -- Installing: /mission_planning_ws/src/install/as2_realsense_interface/share/as2_realsense_interface/environment/ament_prefix_path.sh
[77.838s] -- Installing: /mission_planning_ws/src/install/as2_realsense_interface/share/as2_realsense_interface/environment/ament_prefix_path.dsv
[77.838s] -- Installing: /mission_planning_ws/src/install/as2_realsense_interface/share/as2_realsense_interface/environment/path.sh
[77.839s] -- Installing: /mission_planning_ws/src/install/as2_realsense_interface/share/as2_realsense_interface/environment/path.dsv
[77.840s] -- Installing: /mission_planning_ws/src/install/as2_realsense_interface/share/as2_realsense_interface/local_setup.bash
[77.840s] -- Installing: /mission_planning_ws/src/install/as2_realsense_interface/share/as2_realsense_interface/local_setup.sh
[77.841s] -- Installing: /mission_planning_ws/src/install/as2_realsense_interface/share/as2_realsense_interface/local_setup.zsh
[77.841s] -- Installing: /mission_planning_ws/src/install/as2_realsense_interface/share/as2_realsense_interface/local_setup.dsv
[77.841s] -- Installing: /mission_planning_ws/src/install/as2_realsense_interface/share/as2_realsense_interface/package.dsv
[77.841s] -- Installing: /mission_planning_ws/src/install/as2_realsense_interface/share/ament_index/resource_index/packages/as2_realsense_interface
[77.841s] -- Installing: /mission_planning_ws/src/install/as2_realsense_interface/share/as2_realsense_interface/cmake/as2_realsense_interfaceConfig.cmake
[77.841s] -- Installing: /mission_planning_ws/src/install/as2_realsense_interface/share/as2_realsense_interface/cmake/as2_realsense_interfaceConfig-version.cmake
[77.841s] -- Installing: /mission_planning_ws/src/install/as2_realsense_interface/share/as2_realsense_interface/package.xml
[77.845s] Invoked command in '/mission_planning_ws/src/build/as2_realsense_interface' returned '0': AMENT_PREFIX_PATH=/mission_planning_ws/src/install/as2_core:/mission_planning_ws/src/install/as2_msgs:${AMENT_PREFIX_PATH} CMAKE_PREFIX_PATH=/mission_planning_ws/src/install/as2_core:/mission_planning_ws/src/install/as2_msgs:/root/project_gazebo_ws/install/aerostack2:/root/project_gazebo_ws/install/as2_usb_camera_interface:/root/project_gazebo_ws/install/as2_state_estimator:/root/project_gazebo_ws/install/as2_rviz_plugins:/root/project_gazebo_ws/install/as2_realsense_interface:/root/project_gazebo_ws/install/as2_platform_multirotor_simulator:/root/project_gazebo_ws/install/as2_platform_gazebo:/root/project_gazebo_ws/install/as2_motion_controller:/root/project_gazebo_ws/install/as2_behaviors_trajectory_generation:/root/project_gazebo_ws/install/as2_behaviors_motion:/root/project_gazebo_ws/install/as2_motion_reference_handlers:/root/project_gazebo_ws/install/as2_map_server:/root/project_gazebo_ws/install/as2_geozones:/root/project_gazebo_ws/install/as2_gazebo_assets:/root/project_gazebo_ws/install/as2_external_object_to_tf:/root/project_gazebo_ws/install/as2_behaviors_platform:/root/project_gazebo_ws/install/as2_behaviors_perception:/root/project_gazebo_ws/install/as2_behaviors_path_planning:/root/project_gazebo_ws/install/as2_behavior_tree:/root/project_gazebo_ws/install/as2_behavior:/root/project_gazebo_ws/install/as2_alphanumeric_viewer:/root/project_gazebo_ws/install/as2_core:/root/project_gazebo_ws/install/as2_msgs:/root/project_gazebo_ws/install/as2_cli:/root/project_gazebo_ws/install/as2_visualization:/root/project_gazebo_ws/install/as2_keyboard_teleoperation:/root/project_gazebo_ws/install/as2_python_api:/opt/ros/humble LD_LIBRARY_PATH=/mission_planning_ws/src/install/as2_core/lib:/mission_planning_ws/src/install/as2_msgs/lib:${LD_LIBRARY_PATH} PYTHONPATH=/mission_planning_ws/src/install/as2_core/local/lib/python3.10/dist-packages:/mission_planning_ws/src/install/as2_msgs/local/lib/python3.10/dist-packages:${PYTHONPATH} /usr/bin/cmake --install /mission_planning_ws/src/build/as2_realsense_interface
