-- The C compiler identification is GNU 11.4.0
-- The CXX compiler identification is GNU 11.4.0
-- Detecting C compiler ABI info
-- Detecting C compiler ABI info - done
-- Check for working C compiler: /usr/bin/cc - skipped
-- Detecting C compile features
-- Detecting C compile features - done
-- Detecting CXX compiler ABI info
-- Detecting CXX compiler ABI info - done
-- Check for working CXX compiler: /usr/bin/c++ - skipped
-- Detecting CXX compile features
-- Detecting CXX compile features - done
-- Found ament_cmake: 1.3.11 (/opt/ros/humble/share/ament_cmake/cmake)
-- Found Python3: /usr/bin/python3 (found version "3.10.12") found components: Interpreter 
-- Found rclcpp: 16.0.11 (/opt/ros/humble/share/rclcpp/cmake)
-- Found rosidl_generator_c: 3.1.6 (/opt/ros/humble/share/rosidl_generator_c/cmake)
-- Found rosidl_adapter: 3.1.6 (/opt/ros/humble/share/rosidl_adapter/cmake)
-- Found rosidl_generator_cpp: 3.1.6 (/opt/ros/humble/share/rosidl_generator_cpp/cmake)
-- Using all available rosidl_typesupport_c: rosidl_typesupport_fastrtps_c;rosidl_typesupport_introspection_c
-- Using all available rosidl_typesupport_cpp: rosidl_typesupport_fastrtps_cpp;rosidl_typesupport_introspection_cpp
-- Found rmw_implementation_cmake: 6.1.2 (/opt/ros/humble/share/rmw_implementation_cmake/cmake)
-- Found rmw_fastrtps_cpp: 6.2.7 (/opt/ros/humble/share/rmw_fastrtps_cpp/cmake)
-- Found OpenSSL: /usr/lib/x86_64-linux-gnu/libcrypto.so (found version "3.0.2")  
-- Found FastRTPS: /opt/ros/humble/include  
-- Using RMW implementation 'rmw_fastrtps_cpp' as default
-- Looking for pthread.h
-- Looking for pthread.h - found
-- Performing Test CMAKE_HAVE_LIBC_PTHREAD
-- Performing Test CMAKE_HAVE_LIBC_PTHREAD - Success
-- Found Threads: TRUE  
-- Found pluginlib: 5.1.0 (/opt/ros/humble/share/pluginlib/cmake)
-- Found as2_core: 1.1.2 (/mission_planning_ws/install/as2_core/share/as2_core/cmake)
-- Found eigen3_cmake_module: 0.1.1 (/opt/ros/humble/share/eigen3_cmake_module/cmake)
-- Found Eigen3: TRUE (found version "3.4.0") 
-- Ensuring Eigen3 include directory is part of orocos-kdl CMake target
-- Found as2_motion_reference_handlers: 1.1.2 (/mission_planning_ws/install/as2_motion_reference_handlers/share/as2_motion_reference_handlers/cmake)
-- Found ament_cmake_gtest: 1.3.11 (/opt/ros/humble/share/ament_cmake_gtest/cmake)
-- Found gtest sources under '/opt/ros/humble/src/gtest_vendor': C++ tests using 'Google Test' will be built
-- pid_controller not found
-- Found GTest: /usr/lib/x86_64-linux-gnu/cmake/GTest/GTestConfig.cmake (found version "1.11.0")  
-- Found ament_cmake_gtest: 1.3.11 (/opt/ros/humble/share/ament_cmake_gtest/cmake)
-- Found gtest sources under '/opt/ros/humble/src/gtest_vendor': C++ tests using 'Google Test' will be built
-- Found ament_lint_auto: 0.12.11 (/opt/ros/humble/share/ament_lint_auto/cmake)
-- Found ament_cmake_gtest: 1.3.11 (/opt/ros/humble/share/ament_cmake_gtest/cmake)
-- Found gtest sources under '/opt/ros/humble/src/gtest_vendor': C++ tests using 'Google Test' will be built
-- Added test 'copyright' to check source files copyright and LICENSE
-- Added test 'cppcheck' to perform static code analysis on C / C++ code
-- Configured cppcheck include dirs: /mission_planning_ws/src/aerostack2/as2_motion_controller/include;/mission_planning_ws/src/aerostack2/as2_motion_controller/include/as2_motion_controller;$<BUILD_INTERFACE:/mission_planning_ws/src/aerostack2/as2_motion_controller/include>
-- Configured cppcheck exclude dirs and/or files: 
-- Added test 'cpplint' to check C / C++ code against the Google style
-- Configured cpplint exclude dirs and/or files: 
-- Added test 'flake8' to check Python code syntax and style conventions
-- Added test 'lint_cmake' to check CMake code style
-- Added test 'pep257' to check Python code against some of the docstring style conventions in PEP 257
-- Added test 'uncrustify' to check C / C++ code style
-- Configured uncrustify additional arguments: 
-- Added test 'xmllint' to check XML markup files
-- Configuring done
-- Generating done
-- Build files have been written to: /mission_planning_ws/build/as2_motion_controller
[  3%] [32m[1mLinking CXX shared library libas2_motion_controller_plugin_base.so[0m
[  3%] Built target as2_motion_controller_plugin_base
[  6%] [32m[1mLinking CXX shared library libpid_controller.so[0m
[  6%] Built target pid_controller
[ 10%] [32mBuilding CXX object gtest/CMakeFiles/gtest.dir/src/gtest-all.cc.o[0m
[ 13%] [32m[1mLinking CXX static library libgtest.a[0m
[ 13%] Built target gtest
[ 17%] [32mBuilding CXX object _deps/pid_controller-build/tests/CMakeFiles/pid_controller_saturate_output_gtest.dir/pid_test/saturate_output_gtest.cpp.o[0m
[ 20%] [32m[1mLinking CXX executable pid_controller_saturate_output_gtest[0m
[ 20%] Built target pid_controller_saturate_output_gtest
[ 24%] [32mBuilding CXX object _deps/pid_controller-build/tests/CMakeFiles/pid_controller_pid_gtest.dir/pid_test/pid_gtest.cpp.o[0m
[ 27%] [32m[1mLinking CXX executable pid_controller_pid_gtest[0m
[ 27%] Built target pid_controller_pid_gtest
[ 31%] [32mBuilding CXX object _deps/pid_controller-build/tests/CMakeFiles/pid_controller_pid_1d_gtest.dir/pid_1d_test/pid_1d_gtest.cpp.o[0m
[ 34%] [32m[1mLinking CXX executable pid_controller_pid_1d_gtest[0m
[ 34%] Built target pid_controller_pid_1d_gtest
[ 37%] [32mBuilding CXX object gtest/CMakeFiles/gtest_main.dir/src/gtest_main.cc.o[0m
[ 41%] [32m[1mLinking CXX static library libgtest_main.a[0m
[ 41%] Built target gtest_main
[ 44%] [32mBuilding CXX object CMakeFiles/as2_motion_controller.dir/src/controller_handler.cpp.o[0m
[ 48%] [32mBuilding CXX object CMakeFiles/as2_motion_controller.dir/src/controller_manager.cpp.o[0m
[ 51%] [32m[1mLinking CXX shared library libas2_motion_controller.so[0m
[ 51%] Built target as2_motion_controller
[ 58%] [32mBuilding CXX object plugins/differential_flatness_controller/CMakeFiles/differential_flatness_controller.dir/src/differential_flatness_controller.cpp.o[0m
[ 58%] [32mBuilding CXX object tests/CMakeFiles/as2_motion_controller_find_mode_match_test.dir/find_mode_match_test.cpp.o[0m
[ 62%] [32mBuilding CXX object CMakeFiles/as2_motion_controller_node.dir/src/controller_manager_node.cpp.o[0m
[ 65%] [32mBuilding CXX object tests/CMakeFiles/as2_motion_controller_as2_motion_controller_gtest.dir/as2_motion_controller_gtest.cpp.o[0m
[ 68%] [32mBuilding CXX object plugins/pid_speed_controller/CMakeFiles/pid_speed_controller.dir/src/pid_speed_controller.cpp.o[0m
[ 72%] [32m[1mLinking CXX executable as2_motion_controller_find_mode_match_test[0m
[ 72%] Built target as2_motion_controller_find_mode_match_test
[ 75%] [32m[1mLinking CXX executable as2_motion_controller_node[0m
[ 79%] [32m[1mLinking CXX shared library libpid_speed_controller.so[0m
[ 79%] Built target pid_speed_controller
[ 82%] [32mBuilding CXX object plugins/pid_speed_controller/tests/CMakeFiles/as2_motion_controller_pid_speed_controller_gtest.dir/pid_speed_controller_gtest.cpp.o[0m
[ 82%] Built target as2_motion_controller_node
[ 86%] [32m[1mLinking CXX executable as2_motion_controller_as2_motion_controller_gtest[0m
[ 86%] Built target as2_motion_controller_as2_motion_controller_gtest
[ 89%] [32m[1mLinking CXX shared library libdifferential_flatness_controller.so[0m
[ 89%] Built target differential_flatness_controller
[ 93%] [32mBuilding CXX object plugins/differential_flatness_controller/tests/CMakeFiles/as2_motion_controller_differential_flatness_controller_gtest.dir/differential_flatness_controller_gtest.cpp.o[0m
[ 96%] [32m[1mLinking CXX executable as2_motion_controller_pid_speed_controller_gtest[0m
[ 96%] Built target as2_motion_controller_pid_speed_controller_gtest
[100%] [32m[1mLinking CXX executable as2_motion_controller_differential_flatness_controller_gtest[0m
[100%] Built target as2_motion_controller_differential_flatness_controller_gtest
-- Install configuration: "Release"
-- Installing: /mission_planning_ws/install/as2_motion_controller/lib/libas2_motion_controller.so
-- Set runtime path of "/mission_planning_ws/install/as2_motion_controller/lib/libas2_motion_controller.so" to ""
-- Installing: /mission_planning_ws/install/as2_motion_controller/lib/libas2_motion_controller_plugin_base.so
-- Set runtime path of "/mission_planning_ws/install/as2_motion_controller/lib/libas2_motion_controller_plugin_base.so" to ""
-- Installing: /mission_planning_ws/install/as2_motion_controller/lib/as2_motion_controller/as2_motion_controller_node
-- Set runtime path of "/mission_planning_ws/install/as2_motion_controller/lib/as2_motion_controller/as2_motion_controller_node" to ""
-- Installing: /mission_planning_ws/install/as2_motion_controller/include
-- Installing: /mission_planning_ws/install/as2_motion_controller/include/as2_motion_controller
-- Installing: /mission_planning_ws/install/as2_motion_controller/include/as2_motion_controller/controller_handler.hpp
-- Installing: /mission_planning_ws/install/as2_motion_controller/include/as2_motion_controller/controller_base.hpp
-- Installing: /mission_planning_ws/install/as2_motion_controller/include/as2_motion_controller/controller_manager.hpp
-- Installing: /mission_planning_ws/install/as2_motion_controller/share/as2_motion_controller/environment/library_path.sh
-- Installing: /mission_planning_ws/install/as2_motion_controller/share/as2_motion_controller/environment/library_path.dsv
-- Installing: /mission_planning_ws/install/as2_motion_controller/share/as2_motion_controller/plugins.xml
-- Installing: /mission_planning_ws/install/as2_motion_controller/share/as2_motion_controller/plugins/differential_flatness_controller/config
-- Installing: /mission_planning_ws/install/as2_motion_controller/share/as2_motion_controller/plugins/differential_flatness_controller/config/controller_default.yaml
-- Installing: /mission_planning_ws/install/as2_motion_controller/share/as2_motion_controller/plugins/differential_flatness_controller/config/available_modes.yaml
-- Installing: /mission_planning_ws/install/as2_motion_controller/share/as2_motion_controller/plugins/pid_speed_controller/config
-- Installing: /mission_planning_ws/install/as2_motion_controller/share/as2_motion_controller/plugins/pid_speed_controller/config/controller_default.yaml
-- Installing: /mission_planning_ws/install/as2_motion_controller/share/as2_motion_controller/plugins/pid_speed_controller/config/available_modes.yaml
-- Installing: /mission_planning_ws/install/as2_motion_controller/share/as2_motion_controller/launch
-- Installing: /mission_planning_ws/install/as2_motion_controller/share/as2_motion_controller/launch/pid_speed_controller.launch.py
-- Installing: /mission_planning_ws/install/as2_motion_controller/share/as2_motion_controller/launch/controller_launch.py
-- Installing: /mission_planning_ws/install/as2_motion_controller/share/as2_motion_controller/launch/differential_flatness_controller.launch.py
-- Installing: /mission_planning_ws/install/as2_motion_controller/share/as2_motion_controller/config
-- Installing: /mission_planning_ws/install/as2_motion_controller/share/as2_motion_controller/config/motion_controller_default.yaml
-- Installing: /mission_planning_ws/install/as2_motion_controller/share/ament_index/resource_index/package_run_dependencies/as2_motion_controller
-- Installing: /mission_planning_ws/install/as2_motion_controller/share/ament_index/resource_index/parent_prefix_path/as2_motion_controller
-- Installing: /mission_planning_ws/install/as2_motion_controller/share/as2_motion_controller/environment/ament_prefix_path.sh
-- Installing: /mission_planning_ws/install/as2_motion_controller/share/as2_motion_controller/environment/ament_prefix_path.dsv
-- Installing: /mission_planning_ws/install/as2_motion_controller/share/as2_motion_controller/environment/path.sh
-- Installing: /mission_planning_ws/install/as2_motion_controller/share/as2_motion_controller/environment/path.dsv
-- Installing: /mission_planning_ws/install/as2_motion_controller/share/as2_motion_controller/local_setup.bash
-- Installing: /mission_planning_ws/install/as2_motion_controller/share/as2_motion_controller/local_setup.sh
-- Installing: /mission_planning_ws/install/as2_motion_controller/share/as2_motion_controller/local_setup.zsh
-- Installing: /mission_planning_ws/install/as2_motion_controller/share/as2_motion_controller/local_setup.dsv
-- Installing: /mission_planning_ws/install/as2_motion_controller/share/as2_motion_controller/package.dsv
-- Installing: /mission_planning_ws/install/as2_motion_controller/share/ament_index/resource_index/packages/as2_motion_controller
-- Installing: /mission_planning_ws/install/as2_motion_controller/share/ament_index/resource_index/as2_motion_controller__pluginlib__plugin/as2_motion_controller
-- Installing: /mission_planning_ws/install/as2_motion_controller/share/as2_motion_controller/cmake/ament_cmake_export_include_directories-extras.cmake
-- Installing: /mission_planning_ws/install/as2_motion_controller/share/as2_motion_controller/cmake/ament_cmake_export_libraries-extras.cmake
-- Installing: /mission_planning_ws/install/as2_motion_controller/share/as2_motion_controller/cmake/as2_motion_controllerConfig.cmake
-- Installing: /mission_planning_ws/install/as2_motion_controller/share/as2_motion_controller/cmake/as2_motion_controllerConfig-version.cmake
-- Installing: /mission_planning_ws/install/as2_motion_controller/share/as2_motion_controller/package.xml
-- Up-to-date: /mission_planning_ws/install/as2_motion_controller/include
-- Installing: /mission_planning_ws/install/as2_motion_controller/include/differential_flatness_controller
-- Installing: /mission_planning_ws/install/as2_motion_controller/include/differential_flatness_controller/differential_flatness_controller.hpp
-- Installing: /mission_planning_ws/install/as2_motion_controller/lib/libdifferential_flatness_controller.so
-- Set runtime path of "/mission_planning_ws/install/as2_motion_controller/lib/libdifferential_flatness_controller.so" to ""
-- Up-to-date: /mission_planning_ws/install/as2_motion_controller/include
-- Installing: /mission_planning_ws/install/as2_motion_controller/include/pid_speed_controller
-- Installing: /mission_planning_ws/install/as2_motion_controller/include/pid_speed_controller/pid_speed_controller.hpp
-- Installing: /mission_planning_ws/install/as2_motion_controller/lib/libpid_speed_controller.so
-- Set runtime path of "/mission_planning_ws/install/as2_motion_controller/lib/libpid_speed_controller.so" to ""
