[0.645s] Invoking command in '/mission_planning_ws/build/as2_motion_controller': AMENT_PREFIX_PATH=/mission_planning_ws/install/as2_motion_reference_handlers:/mission_planning_ws/install/as2_core:/mission_planning_ws/install/as2_msgs:${AMENT_PREFIX_PATH} CMAKE_PREFIX_PATH=/mission_planning_ws/install/as2_motion_reference_handlers:/mission_planning_ws/install/as2_core:/mission_planning_ws/install/as2_msgs:/root/project_gazebo_ws/install/aerostack2:/root/project_gazebo_ws/install/as2_usb_camera_interface:/root/project_gazebo_ws/install/as2_state_estimator:/root/project_gazebo_ws/install/as2_rviz_plugins:/root/project_gazebo_ws/install/as2_realsense_interface:/root/project_gazebo_ws/install/as2_platform_multirotor_simulator:/root/project_gazebo_ws/install/as2_platform_gazebo:/root/project_gazebo_ws/install/as2_motion_controller:/root/project_gazebo_ws/install/as2_behaviors_trajectory_generation:/root/project_gazebo_ws/install/as2_behaviors_motion:/root/project_gazebo_ws/install/as2_motion_reference_handlers:/root/project_gazebo_ws/install/as2_map_server:/root/project_gazebo_ws/install/as2_geozones:/root/project_gazebo_ws/install/as2_gazebo_assets:/root/project_gazebo_ws/install/as2_external_object_to_tf:/root/project_gazebo_ws/install/as2_behaviors_platform:/root/project_gazebo_ws/install/as2_behaviors_perception:/root/project_gazebo_ws/install/as2_behaviors_path_planning:/root/project_gazebo_ws/install/as2_behavior_tree:/root/project_gazebo_ws/install/as2_behavior:/root/project_gazebo_ws/install/as2_alphanumeric_viewer:/root/project_gazebo_ws/install/as2_core:/root/project_gazebo_ws/install/as2_msgs:/root/project_gazebo_ws/install/as2_cli:/root/project_gazebo_ws/install/as2_visualization:/root/project_gazebo_ws/install/as2_keyboard_teleoperation:/root/project_gazebo_ws/install/as2_python_api:/opt/ros/humble LD_LIBRARY_PATH=/mission_planning_ws/install/as2_motion_reference_handlers/lib:/mission_planning_ws/install/as2_core/lib:/mission_planning_ws/install/as2_msgs/lib:${LD_LIBRARY_PATH} PYTHONPATH=/mission_planning_ws/install/as2_motion_reference_handlers/local/lib/python3.10/dist-packages:/mission_planning_ws/install/as2_core/local/lib/python3.10/dist-packages:/mission_planning_ws/install/as2_msgs/local/lib/python3.10/dist-packages:${PYTHONPATH} /usr/bin/cmake /mission_planning_ws/src/aerostack2/as2_motion_controller -DCMAKE_INSTALL_PREFIX=/mission_planning_ws/install/as2_motion_controller
[0.830s] -- The C compiler identification is GNU 11.4.0
[0.943s] -- The CXX compiler identification is GNU 11.4.0
[0.970s] -- Detecting C compiler ABI info
[1.121s] -- Detecting C compiler ABI info - done
[1.133s] -- Check for working C compiler: /usr/bin/cc - skipped
[1.133s] -- Detecting C compile features
[1.134s] -- Detecting C compile features - done
[1.140s] -- Detecting CXX compiler ABI info
[1.291s] -- Detecting CXX compiler ABI info - done
[1.305s] -- Check for working CXX compiler: /usr/bin/c++ - skipped
[1.306s] -- Detecting CXX compile features
[1.307s] -- Detecting CXX compile features - done
[1.337s] -- Found ament_cmake: 1.3.11 (/opt/ros/humble/share/ament_cmake/cmake)
[1.654s] -- Found Python3: /usr/bin/python3 (found version "3.10.12") found components: Interpreter 
[2.040s] -- Found rclcpp: 16.0.11 (/opt/ros/humble/share/rclcpp/cmake)
[2.264s] -- Found rosidl_generator_c: 3.1.6 (/opt/ros/humble/share/rosidl_generator_c/cmake)
[2.298s] -- Found rosidl_adapter: 3.1.6 (/opt/ros/humble/share/rosidl_adapter/cmake)
[2.337s] -- Found rosidl_generator_cpp: 3.1.6 (/opt/ros/humble/share/rosidl_generator_cpp/cmake)
[2.397s] -- Using all available rosidl_typesupport_c: rosidl_typesupport_fastrtps_c;rosidl_typesupport_introspection_c
[2.465s] -- Using all available rosidl_typesupport_cpp: rosidl_typesupport_fastrtps_cpp;rosidl_typesupport_introspection_cpp
[2.731s] -- Found rmw_implementation_cmake: 6.1.2 (/opt/ros/humble/share/rmw_implementation_cmake/cmake)
[2.754s] -- Found rmw_fastrtps_cpp: 6.2.7 (/opt/ros/humble/share/rmw_fastrtps_cpp/cmake)
[3.048s] -- Found OpenSSL: /usr/lib/x86_64-linux-gnu/libcrypto.so (found version "3.0.2")  
[3.156s] -- Found FastRTPS: /opt/ros/humble/include  
[3.293s] -- Using RMW implementation 'rmw_fastrtps_cpp' as default
[3.343s] -- Looking for pthread.h
[3.490s] -- Looking for pthread.h - found
[3.491s] -- Performing Test CMAKE_HAVE_LIBC_PTHREAD
[3.615s] -- Performing Test CMAKE_HAVE_LIBC_PTHREAD - Success
[3.618s] -- Found Threads: TRUE  
[3.744s] -- Found pluginlib: 5.1.0 (/opt/ros/humble/share/pluginlib/cmake)
[3.818s] -- Found as2_core: 1.1.2 (/mission_planning_ws/install/as2_core/share/as2_core/cmake)
[4.259s] -- Found eigen3_cmake_module: 0.1.1 (/opt/ros/humble/share/eigen3_cmake_module/cmake)
[4.261s] -- Found Eigen3: TRUE (found version "3.4.0") 
[4.262s] -- Ensuring Eigen3 include directory is part of orocos-kdl CMake target
[4.633s] -- Found as2_motion_reference_handlers: 1.1.2 (/mission_planning_ws/install/as2_motion_reference_handlers/share/as2_motion_reference_handlers/cmake)
[4.762s] -- Found ament_cmake_gtest: 1.3.11 (/opt/ros/humble/share/ament_cmake_gtest/cmake)
[4.776s] -- Found gtest sources under '/opt/ros/humble/src/gtest_vendor': C++ tests using 'Google Test' will be built
[4.796s] -- pid_controller not found
[6.360s] -- Found GTest: /usr/lib/x86_64-linux-gnu/cmake/GTest/GTestConfig.cmake (found version "1.11.0")  
[6.371s] -- Found ament_cmake_gtest: 1.3.11 (/opt/ros/humble/share/ament_cmake_gtest/cmake)
[6.371s] -- Found gtest sources under '/opt/ros/humble/src/gtest_vendor': C++ tests using 'Google Test' will be built
[6.387s] -- Found ament_lint_auto: 0.12.11 (/opt/ros/humble/share/ament_lint_auto/cmake)
[6.594s] -- Found ament_cmake_gtest: 1.3.11 (/opt/ros/humble/share/ament_cmake_gtest/cmake)
[6.595s] -- Found gtest sources under '/opt/ros/humble/src/gtest_vendor': C++ tests using 'Google Test' will be built
[6.611s] -- Added test 'copyright' to check source files copyright and LICENSE
[6.621s] -- Added test 'cppcheck' to perform static code analysis on C / C++ code
[6.622s] -- Configured cppcheck include dirs: /mission_planning_ws/src/aerostack2/as2_motion_controller/include;/mission_planning_ws/src/aerostack2/as2_motion_controller/include/as2_motion_controller;$<BUILD_INTERFACE:/mission_planning_ws/src/aerostack2/as2_motion_controller/include>
[6.622s] -- Configured cppcheck exclude dirs and/or files: 
[6.628s] -- Added test 'cpplint' to check C / C++ code against the Google style
[6.628s] -- Configured cpplint exclude dirs and/or files: 
[6.630s] -- Added test 'flake8' to check Python code syntax and style conventions
[6.633s] -- Added test 'lint_cmake' to check CMake code style
[6.635s] -- Added test 'pep257' to check Python code against some of the docstring style conventions in PEP 257
[6.642s] -- Added test 'uncrustify' to check C / C++ code style
[6.642s] -- Configured uncrustify additional arguments: 
[6.644s] -- Added test 'xmllint' to check XML markup files
[6.648s] -- Configuring done
[6.764s] -- Generating done
[6.806s] -- Build files have been written to: /mission_planning_ws/build/as2_motion_controller
[6.958s] Invoked command in '/mission_planning_ws/build/as2_motion_controller' returned '0': AMENT_PREFIX_PATH=/mission_planning_ws/install/as2_motion_reference_handlers:/mission_planning_ws/install/as2_core:/mission_planning_ws/install/as2_msgs:${AMENT_PREFIX_PATH} CMAKE_PREFIX_PATH=/mission_planning_ws/install/as2_motion_reference_handlers:/mission_planning_ws/install/as2_core:/mission_planning_ws/install/as2_msgs:/root/project_gazebo_ws/install/aerostack2:/root/project_gazebo_ws/install/as2_usb_camera_interface:/root/project_gazebo_ws/install/as2_state_estimator:/root/project_gazebo_ws/install/as2_rviz_plugins:/root/project_gazebo_ws/install/as2_realsense_interface:/root/project_gazebo_ws/install/as2_platform_multirotor_simulator:/root/project_gazebo_ws/install/as2_platform_gazebo:/root/project_gazebo_ws/install/as2_motion_controller:/root/project_gazebo_ws/install/as2_behaviors_trajectory_generation:/root/project_gazebo_ws/install/as2_behaviors_motion:/root/project_gazebo_ws/install/as2_motion_reference_handlers:/root/project_gazebo_ws/install/as2_map_server:/root/project_gazebo_ws/install/as2_geozones:/root/project_gazebo_ws/install/as2_gazebo_assets:/root/project_gazebo_ws/install/as2_external_object_to_tf:/root/project_gazebo_ws/install/as2_behaviors_platform:/root/project_gazebo_ws/install/as2_behaviors_perception:/root/project_gazebo_ws/install/as2_behaviors_path_planning:/root/project_gazebo_ws/install/as2_behavior_tree:/root/project_gazebo_ws/install/as2_behavior:/root/project_gazebo_ws/install/as2_alphanumeric_viewer:/root/project_gazebo_ws/install/as2_core:/root/project_gazebo_ws/install/as2_msgs:/root/project_gazebo_ws/install/as2_cli:/root/project_gazebo_ws/install/as2_visualization:/root/project_gazebo_ws/install/as2_keyboard_teleoperation:/root/project_gazebo_ws/install/as2_python_api:/opt/ros/humble LD_LIBRARY_PATH=/mission_planning_ws/install/as2_motion_reference_handlers/lib:/mission_planning_ws/install/as2_core/lib:/mission_planning_ws/install/as2_msgs/lib:${LD_LIBRARY_PATH} PYTHONPATH=/mission_planning_ws/install/as2_motion_reference_handlers/local/lib/python3.10/dist-packages:/mission_planning_ws/install/as2_core/local/lib/python3.10/dist-packages:/mission_planning_ws/install/as2_msgs/local/lib/python3.10/dist-packages:${PYTHONPATH} /usr/bin/cmake /mission_planning_ws/src/aerostack2/as2_motion_controller -DCMAKE_INSTALL_PREFIX=/mission_planning_ws/install/as2_motion_controller
[6.961s] Invoking command in '/mission_planning_ws/build/as2_motion_controller': AMENT_PREFIX_PATH=/mission_planning_ws/install/as2_motion_reference_handlers:/mission_planning_ws/install/as2_core:/mission_planning_ws/install/as2_msgs:${AMENT_PREFIX_PATH} CMAKE_PREFIX_PATH=/mission_planning_ws/install/as2_motion_reference_handlers:/mission_planning_ws/install/as2_core:/mission_planning_ws/install/as2_msgs:/root/project_gazebo_ws/install/aerostack2:/root/project_gazebo_ws/install/as2_usb_camera_interface:/root/project_gazebo_ws/install/as2_state_estimator:/root/project_gazebo_ws/install/as2_rviz_plugins:/root/project_gazebo_ws/install/as2_realsense_interface:/root/project_gazebo_ws/install/as2_platform_multirotor_simulator:/root/project_gazebo_ws/install/as2_platform_gazebo:/root/project_gazebo_ws/install/as2_motion_controller:/root/project_gazebo_ws/install/as2_behaviors_trajectory_generation:/root/project_gazebo_ws/install/as2_behaviors_motion:/root/project_gazebo_ws/install/as2_motion_reference_handlers:/root/project_gazebo_ws/install/as2_map_server:/root/project_gazebo_ws/install/as2_geozones:/root/project_gazebo_ws/install/as2_gazebo_assets:/root/project_gazebo_ws/install/as2_external_object_to_tf:/root/project_gazebo_ws/install/as2_behaviors_platform:/root/project_gazebo_ws/install/as2_behaviors_perception:/root/project_gazebo_ws/install/as2_behaviors_path_planning:/root/project_gazebo_ws/install/as2_behavior_tree:/root/project_gazebo_ws/install/as2_behavior:/root/project_gazebo_ws/install/as2_alphanumeric_viewer:/root/project_gazebo_ws/install/as2_core:/root/project_gazebo_ws/install/as2_msgs:/root/project_gazebo_ws/install/as2_cli:/root/project_gazebo_ws/install/as2_visualization:/root/project_gazebo_ws/install/as2_keyboard_teleoperation:/root/project_gazebo_ws/install/as2_python_api:/opt/ros/humble LD_LIBRARY_PATH=/mission_planning_ws/install/as2_motion_reference_handlers/lib:/mission_planning_ws/install/as2_core/lib:/mission_planning_ws/install/as2_msgs/lib:${LD_LIBRARY_PATH} PYTHONPATH=/mission_planning_ws/install/as2_motion_reference_handlers/local/lib/python3.10/dist-packages:/mission_planning_ws/install/as2_core/local/lib/python3.10/dist-packages:/mission_planning_ws/install/as2_msgs/local/lib/python3.10/dist-packages:${PYTHONPATH} /usr/bin/cmake --build /mission_planning_ws/build/as2_motion_controller -- -j22 -l22
[7.103s] [  3%] [32m[1mLinking CXX shared library libas2_motion_controller_plugin_base.so[0m
[7.252s] [  3%] Built target as2_motion_controller_plugin_base
[7.299s] [  6%] [32m[1mLinking CXX shared library libpid_controller.so[0m
[7.353s] [  6%] Built target pid_controller
[7.397s] [ 10%] [32mBuilding CXX object gtest/CMakeFiles/gtest.dir/src/gtest-all.cc.o[0m
[17.730s] [ 13%] [32m[1mLinking CXX static library libgtest.a[0m
[17.788s] [ 13%] Built target gtest
[17.830s] [ 17%] [32mBuilding CXX object _deps/pid_controller-build/tests/CMakeFiles/pid_controller_saturate_output_gtest.dir/pid_test/saturate_output_gtest.cpp.o[0m
[20.443s] [ 20%] [32m[1mLinking CXX executable pid_controller_saturate_output_gtest[0m
[20.547s] [ 20%] Built target pid_controller_saturate_output_gtest
[20.571s] [ 24%] [32mBuilding CXX object _deps/pid_controller-build/tests/CMakeFiles/pid_controller_pid_gtest.dir/pid_test/pid_gtest.cpp.o[0m
[24.373s] [ 27%] [32m[1mLinking CXX executable pid_controller_pid_gtest[0m
[24.482s] [ 27%] Built target pid_controller_pid_gtest
[24.506s] [ 31%] [32mBuilding CXX object _deps/pid_controller-build/tests/CMakeFiles/pid_controller_pid_1d_gtest.dir/pid_1d_test/pid_1d_gtest.cpp.o[0m
[26.796s] [ 34%] [32m[1mLinking CXX executable pid_controller_pid_1d_gtest[0m
[26.943s] [ 34%] Built target pid_controller_pid_1d_gtest
[26.975s] [ 37%] [32mBuilding CXX object gtest/CMakeFiles/gtest_main.dir/src/gtest_main.cc.o[0m
[28.047s] [ 41%] [32m[1mLinking CXX static library libgtest_main.a[0m
[28.098s] [ 41%] Built target gtest_main
[28.132s] [ 44%] [32mBuilding CXX object CMakeFiles/as2_motion_controller.dir/src/controller_handler.cpp.o[0m
[75.449s] [ 48%] [32mBuilding CXX object CMakeFiles/as2_motion_controller.dir/src/controller_manager.cpp.o[0m
[91.908s] [ 51%] [32m[1mLinking CXX shared library libas2_motion_controller.so[0m
[92.440s] [ 51%] Built target as2_motion_controller
[92.479s] [ 58%] [32mBuilding CXX object plugins/differential_flatness_controller/CMakeFiles/differential_flatness_controller.dir/src/differential_flatness_controller.cpp.o[0m
[92.480s] [ 58%] [32mBuilding CXX object tests/CMakeFiles/as2_motion_controller_find_mode_match_test.dir/find_mode_match_test.cpp.o[0m
[92.482s] [ 62%] [32mBuilding CXX object CMakeFiles/as2_motion_controller_node.dir/src/controller_manager_node.cpp.o[0m
[92.484s] [ 65%] [32mBuilding CXX object tests/CMakeFiles/as2_motion_controller_as2_motion_controller_gtest.dir/as2_motion_controller_gtest.cpp.o[0m
[92.488s] [ 68%] [32mBuilding CXX object plugins/pid_speed_controller/CMakeFiles/pid_speed_controller.dir/src/pid_speed_controller.cpp.o[0m
[94.907s] [ 72%] [32m[1mLinking CXX executable as2_motion_controller_find_mode_match_test[0m
[95.231s] [ 72%] Built target as2_motion_controller_find_mode_match_test
[101.623s] [ 75%] [32m[1mLinking CXX executable as2_motion_controller_node[0m
[101.750s] [ 79%] [32m[1mLinking CXX shared library libpid_speed_controller.so[0m
[102.054s] [ 79%] Built target pid_speed_controller
[102.098s] [ 82%] [32mBuilding CXX object plugins/pid_speed_controller/tests/CMakeFiles/as2_motion_controller_pid_speed_controller_gtest.dir/pid_speed_controller_gtest.cpp.o[0m
[102.126s] [ 82%] Built target as2_motion_controller_node
[102.320s] [ 86%] [32m[1mLinking CXX executable as2_motion_controller_as2_motion_controller_gtest[0m
[102.715s] [ 86%] Built target as2_motion_controller_as2_motion_controller_gtest
[103.164s] [ 89%] [32m[1mLinking CXX shared library libdifferential_flatness_controller.so[0m
[103.428s] [ 89%] Built target differential_flatness_controller
[103.466s] [ 93%] [32mBuilding CXX object plugins/differential_flatness_controller/tests/CMakeFiles/as2_motion_controller_differential_flatness_controller_gtest.dir/differential_flatness_controller_gtest.cpp.o[0m
[113.569s] [ 96%] [32m[1mLinking CXX executable as2_motion_controller_pid_speed_controller_gtest[0m
[114.276s] [ 96%] Built target as2_motion_controller_pid_speed_controller_gtest
[115.368s] [100%] [32m[1mLinking CXX executable as2_motion_controller_differential_flatness_controller_gtest[0m
[115.710s] [100%] Built target as2_motion_controller_differential_flatness_controller_gtest
[115.730s] Invoked command in '/mission_planning_ws/build/as2_motion_controller' returned '0': AMENT_PREFIX_PATH=/mission_planning_ws/install/as2_motion_reference_handlers:/mission_planning_ws/install/as2_core:/mission_planning_ws/install/as2_msgs:${AMENT_PREFIX_PATH} CMAKE_PREFIX_PATH=/mission_planning_ws/install/as2_motion_reference_handlers:/mission_planning_ws/install/as2_core:/mission_planning_ws/install/as2_msgs:/root/project_gazebo_ws/install/aerostack2:/root/project_gazebo_ws/install/as2_usb_camera_interface:/root/project_gazebo_ws/install/as2_state_estimator:/root/project_gazebo_ws/install/as2_rviz_plugins:/root/project_gazebo_ws/install/as2_realsense_interface:/root/project_gazebo_ws/install/as2_platform_multirotor_simulator:/root/project_gazebo_ws/install/as2_platform_gazebo:/root/project_gazebo_ws/install/as2_motion_controller:/root/project_gazebo_ws/install/as2_behaviors_trajectory_generation:/root/project_gazebo_ws/install/as2_behaviors_motion:/root/project_gazebo_ws/install/as2_motion_reference_handlers:/root/project_gazebo_ws/install/as2_map_server:/root/project_gazebo_ws/install/as2_geozones:/root/project_gazebo_ws/install/as2_gazebo_assets:/root/project_gazebo_ws/install/as2_external_object_to_tf:/root/project_gazebo_ws/install/as2_behaviors_platform:/root/project_gazebo_ws/install/as2_behaviors_perception:/root/project_gazebo_ws/install/as2_behaviors_path_planning:/root/project_gazebo_ws/install/as2_behavior_tree:/root/project_gazebo_ws/install/as2_behavior:/root/project_gazebo_ws/install/as2_alphanumeric_viewer:/root/project_gazebo_ws/install/as2_core:/root/project_gazebo_ws/install/as2_msgs:/root/project_gazebo_ws/install/as2_cli:/root/project_gazebo_ws/install/as2_visualization:/root/project_gazebo_ws/install/as2_keyboard_teleoperation:/root/project_gazebo_ws/install/as2_python_api:/opt/ros/humble LD_LIBRARY_PATH=/mission_planning_ws/install/as2_motion_reference_handlers/lib:/mission_planning_ws/install/as2_core/lib:/mission_planning_ws/install/as2_msgs/lib:${LD_LIBRARY_PATH} PYTHONPATH=/mission_planning_ws/install/as2_motion_reference_handlers/local/lib/python3.10/dist-packages:/mission_planning_ws/install/as2_core/local/lib/python3.10/dist-packages:/mission_planning_ws/install/as2_msgs/local/lib/python3.10/dist-packages:${PYTHONPATH} /usr/bin/cmake --build /mission_planning_ws/build/as2_motion_controller -- -j22 -l22
[115.733s] Invoking command in '/mission_planning_ws/build/as2_motion_controller': AMENT_PREFIX_PATH=/mission_planning_ws/install/as2_motion_reference_handlers:/mission_planning_ws/install/as2_core:/mission_planning_ws/install/as2_msgs:${AMENT_PREFIX_PATH} CMAKE_PREFIX_PATH=/mission_planning_ws/install/as2_motion_reference_handlers:/mission_planning_ws/install/as2_core:/mission_planning_ws/install/as2_msgs:/root/project_gazebo_ws/install/aerostack2:/root/project_gazebo_ws/install/as2_usb_camera_interface:/root/project_gazebo_ws/install/as2_state_estimator:/root/project_gazebo_ws/install/as2_rviz_plugins:/root/project_gazebo_ws/install/as2_realsense_interface:/root/project_gazebo_ws/install/as2_platform_multirotor_simulator:/root/project_gazebo_ws/install/as2_platform_gazebo:/root/project_gazebo_ws/install/as2_motion_controller:/root/project_gazebo_ws/install/as2_behaviors_trajectory_generation:/root/project_gazebo_ws/install/as2_behaviors_motion:/root/project_gazebo_ws/install/as2_motion_reference_handlers:/root/project_gazebo_ws/install/as2_map_server:/root/project_gazebo_ws/install/as2_geozones:/root/project_gazebo_ws/install/as2_gazebo_assets:/root/project_gazebo_ws/install/as2_external_object_to_tf:/root/project_gazebo_ws/install/as2_behaviors_platform:/root/project_gazebo_ws/install/as2_behaviors_perception:/root/project_gazebo_ws/install/as2_behaviors_path_planning:/root/project_gazebo_ws/install/as2_behavior_tree:/root/project_gazebo_ws/install/as2_behavior:/root/project_gazebo_ws/install/as2_alphanumeric_viewer:/root/project_gazebo_ws/install/as2_core:/root/project_gazebo_ws/install/as2_msgs:/root/project_gazebo_ws/install/as2_cli:/root/project_gazebo_ws/install/as2_visualization:/root/project_gazebo_ws/install/as2_keyboard_teleoperation:/root/project_gazebo_ws/install/as2_python_api:/opt/ros/humble LD_LIBRARY_PATH=/mission_planning_ws/install/as2_motion_reference_handlers/lib:/mission_planning_ws/install/as2_core/lib:/mission_planning_ws/install/as2_msgs/lib:${LD_LIBRARY_PATH} PYTHONPATH=/mission_planning_ws/install/as2_motion_reference_handlers/local/lib/python3.10/dist-packages:/mission_planning_ws/install/as2_core/local/lib/python3.10/dist-packages:/mission_planning_ws/install/as2_msgs/local/lib/python3.10/dist-packages:${PYTHONPATH} /usr/bin/cmake --install /mission_planning_ws/build/as2_motion_controller
[115.746s] -- Install configuration: "Release"
[115.746s] -- Installing: /mission_planning_ws/install/as2_motion_controller/lib/libas2_motion_controller.so
[115.752s] -- Set runtime path of "/mission_planning_ws/install/as2_motion_controller/lib/libas2_motion_controller.so" to ""
[115.752s] -- Installing: /mission_planning_ws/install/as2_motion_controller/lib/libas2_motion_controller_plugin_base.so
[115.752s] -- Set runtime path of "/mission_planning_ws/install/as2_motion_controller/lib/libas2_motion_controller_plugin_base.so" to ""
[115.752s] -- Installing: /mission_planning_ws/install/as2_motion_controller/lib/as2_motion_controller/as2_motion_controller_node
[115.753s] -- Set runtime path of "/mission_planning_ws/install/as2_motion_controller/lib/as2_motion_controller/as2_motion_controller_node" to ""
[115.753s] -- Installing: /mission_planning_ws/install/as2_motion_controller/include
[115.753s] -- Installing: /mission_planning_ws/install/as2_motion_controller/include/as2_motion_controller
[115.753s] -- Installing: /mission_planning_ws/install/as2_motion_controller/include/as2_motion_controller/controller_handler.hpp
[115.754s] -- Installing: /mission_planning_ws/install/as2_motion_controller/include/as2_motion_controller/controller_base.hpp
[115.754s] -- Installing: /mission_planning_ws/install/as2_motion_controller/include/as2_motion_controller/controller_manager.hpp
[115.754s] -- Installing: /mission_planning_ws/install/as2_motion_controller/share/as2_motion_controller/environment/library_path.sh
[115.754s] -- Installing: /mission_planning_ws/install/as2_motion_controller/share/as2_motion_controller/environment/library_path.dsv
[115.754s] -- Installing: /mission_planning_ws/install/as2_motion_controller/share/as2_motion_controller/plugins.xml
[115.755s] -- Installing: /mission_planning_ws/install/as2_motion_controller/share/as2_motion_controller/plugins/differential_flatness_controller/config
[115.755s] -- Installing: /mission_planning_ws/install/as2_motion_controller/share/as2_motion_controller/plugins/differential_flatness_controller/config/controller_default.yaml
[115.756s] -- Installing: /mission_planning_ws/install/as2_motion_controller/share/as2_motion_controller/plugins/differential_flatness_controller/config/available_modes.yaml
[115.757s] -- Installing: /mission_planning_ws/install/as2_motion_controller/share/as2_motion_controller/plugins/pid_speed_controller/config
[115.757s] -- Installing: /mission_planning_ws/install/as2_motion_controller/share/as2_motion_controller/plugins/pid_speed_controller/config/controller_default.yaml
[115.757s] -- Installing: /mission_planning_ws/install/as2_motion_controller/share/as2_motion_controller/plugins/pid_speed_controller/config/available_modes.yaml
[115.758s] -- Installing: /mission_planning_ws/install/as2_motion_controller/share/as2_motion_controller/launch
[115.758s] -- Installing: /mission_planning_ws/install/as2_motion_controller/share/as2_motion_controller/launch/pid_speed_controller.launch.py
[115.758s] -- Installing: /mission_planning_ws/install/as2_motion_controller/share/as2_motion_controller/launch/controller_launch.py
[115.758s] -- Installing: /mission_planning_ws/install/as2_motion_controller/share/as2_motion_controller/launch/differential_flatness_controller.launch.py
[115.759s] -- Installing: /mission_planning_ws/install/as2_motion_controller/share/as2_motion_controller/config
[115.759s] -- Installing: /mission_planning_ws/install/as2_motion_controller/share/as2_motion_controller/config/motion_controller_default.yaml
[115.759s] -- Installing: /mission_planning_ws/install/as2_motion_controller/share/ament_index/resource_index/package_run_dependencies/as2_motion_controller
[115.760s] -- Installing: /mission_planning_ws/install/as2_motion_controller/share/ament_index/resource_index/parent_prefix_path/as2_motion_controller
[115.760s] -- Installing: /mission_planning_ws/install/as2_motion_controller/share/as2_motion_controller/environment/ament_prefix_path.sh
[115.760s] -- Installing: /mission_planning_ws/install/as2_motion_controller/share/as2_motion_controller/environment/ament_prefix_path.dsv
[115.760s] -- Installing: /mission_planning_ws/install/as2_motion_controller/share/as2_motion_controller/environment/path.sh
[115.761s] -- Installing: /mission_planning_ws/install/as2_motion_controller/share/as2_motion_controller/environment/path.dsv
[115.761s] -- Installing: /mission_planning_ws/install/as2_motion_controller/share/as2_motion_controller/local_setup.bash
[115.761s] -- Installing: /mission_planning_ws/install/as2_motion_controller/share/as2_motion_controller/local_setup.sh
[115.761s] -- Installing: /mission_planning_ws/install/as2_motion_controller/share/as2_motion_controller/local_setup.zsh
[115.762s] -- Installing: /mission_planning_ws/install/as2_motion_controller/share/as2_motion_controller/local_setup.dsv
[115.762s] -- Installing: /mission_planning_ws/install/as2_motion_controller/share/as2_motion_controller/package.dsv
[115.762s] -- Installing: /mission_planning_ws/install/as2_motion_controller/share/ament_index/resource_index/packages/as2_motion_controller
[115.763s] -- Installing: /mission_planning_ws/install/as2_motion_controller/share/ament_index/resource_index/as2_motion_controller__pluginlib__plugin/as2_motion_controller
[115.763s] -- Installing: /mission_planning_ws/install/as2_motion_controller/share/as2_motion_controller/cmake/ament_cmake_export_include_directories-extras.cmake
[115.763s] -- Installing: /mission_planning_ws/install/as2_motion_controller/share/as2_motion_controller/cmake/ament_cmake_export_libraries-extras.cmake
[115.763s] -- Installing: /mission_planning_ws/install/as2_motion_controller/share/as2_motion_controller/cmake/as2_motion_controllerConfig.cmake
[115.763s] -- Installing: /mission_planning_ws/install/as2_motion_controller/share/as2_motion_controller/cmake/as2_motion_controllerConfig-version.cmake
[115.764s] -- Installing: /mission_planning_ws/install/as2_motion_controller/share/as2_motion_controller/package.xml
[115.764s] -- Up-to-date: /mission_planning_ws/install/as2_motion_controller/include
[115.764s] -- Installing: /mission_planning_ws/install/as2_motion_controller/include/differential_flatness_controller
[115.764s] -- Installing: /mission_planning_ws/install/as2_motion_controller/include/differential_flatness_controller/differential_flatness_controller.hpp
[115.765s] -- Installing: /mission_planning_ws/install/as2_motion_controller/lib/libdifferential_flatness_controller.so
[115.765s] -- Set runtime path of "/mission_planning_ws/install/as2_motion_controller/lib/libdifferential_flatness_controller.so" to ""
[115.766s] -- Up-to-date: /mission_planning_ws/install/as2_motion_controller/include
[115.766s] -- Installing: /mission_planning_ws/install/as2_motion_controller/include/pid_speed_controller
[115.766s] -- Installing: /mission_planning_ws/install/as2_motion_controller/include/pid_speed_controller/pid_speed_controller.hpp
[115.766s] -- Installing: /mission_planning_ws/install/as2_motion_controller/lib/libpid_speed_controller.so
[115.767s] -- Set runtime path of "/mission_planning_ws/install/as2_motion_controller/lib/libpid_speed_controller.so" to ""
[115.772s] Invoked command in '/mission_planning_ws/build/as2_motion_controller' returned '0': AMENT_PREFIX_PATH=/mission_planning_ws/install/as2_motion_reference_handlers:/mission_planning_ws/install/as2_core:/mission_planning_ws/install/as2_msgs:${AMENT_PREFIX_PATH} CMAKE_PREFIX_PATH=/mission_planning_ws/install/as2_motion_reference_handlers:/mission_planning_ws/install/as2_core:/mission_planning_ws/install/as2_msgs:/root/project_gazebo_ws/install/aerostack2:/root/project_gazebo_ws/install/as2_usb_camera_interface:/root/project_gazebo_ws/install/as2_state_estimator:/root/project_gazebo_ws/install/as2_rviz_plugins:/root/project_gazebo_ws/install/as2_realsense_interface:/root/project_gazebo_ws/install/as2_platform_multirotor_simulator:/root/project_gazebo_ws/install/as2_platform_gazebo:/root/project_gazebo_ws/install/as2_motion_controller:/root/project_gazebo_ws/install/as2_behaviors_trajectory_generation:/root/project_gazebo_ws/install/as2_behaviors_motion:/root/project_gazebo_ws/install/as2_motion_reference_handlers:/root/project_gazebo_ws/install/as2_map_server:/root/project_gazebo_ws/install/as2_geozones:/root/project_gazebo_ws/install/as2_gazebo_assets:/root/project_gazebo_ws/install/as2_external_object_to_tf:/root/project_gazebo_ws/install/as2_behaviors_platform:/root/project_gazebo_ws/install/as2_behaviors_perception:/root/project_gazebo_ws/install/as2_behaviors_path_planning:/root/project_gazebo_ws/install/as2_behavior_tree:/root/project_gazebo_ws/install/as2_behavior:/root/project_gazebo_ws/install/as2_alphanumeric_viewer:/root/project_gazebo_ws/install/as2_core:/root/project_gazebo_ws/install/as2_msgs:/root/project_gazebo_ws/install/as2_cli:/root/project_gazebo_ws/install/as2_visualization:/root/project_gazebo_ws/install/as2_keyboard_teleoperation:/root/project_gazebo_ws/install/as2_python_api:/opt/ros/humble LD_LIBRARY_PATH=/mission_planning_ws/install/as2_motion_reference_handlers/lib:/mission_planning_ws/install/as2_core/lib:/mission_planning_ws/install/as2_msgs/lib:${LD_LIBRARY_PATH} PYTHONPATH=/mission_planning_ws/install/as2_motion_reference_handlers/local/lib/python3.10/dist-packages:/mission_planning_ws/install/as2_core/local/lib/python3.10/dist-packages:/mission_planning_ws/install/as2_msgs/local/lib/python3.10/dist-packages:${PYTHONPATH} /usr/bin/cmake --install /mission_planning_ws/build/as2_motion_controller
