[0.043s] Invoking command in '/mission_planning_ws/build/as2_map_server': AMENT_PREFIX_PATH=/mission_planning_ws/install/as2_core:/mission_planning_ws/install/as2_msgs:${AMENT_PREFIX_PATH} CMAKE_PREFIX_PATH=/mission_planning_ws/install/as2_core:/mission_planning_ws/install/as2_msgs:/root/project_gazebo_ws/install/aerostack2:/root/project_gazebo_ws/install/as2_usb_camera_interface:/root/project_gazebo_ws/install/as2_state_estimator:/root/project_gazebo_ws/install/as2_rviz_plugins:/root/project_gazebo_ws/install/as2_realsense_interface:/root/project_gazebo_ws/install/as2_platform_multirotor_simulator:/root/project_gazebo_ws/install/as2_platform_gazebo:/root/project_gazebo_ws/install/as2_motion_controller:/root/project_gazebo_ws/install/as2_behaviors_trajectory_generation:/root/project_gazebo_ws/install/as2_behaviors_motion:/root/project_gazebo_ws/install/as2_motion_reference_handlers:/root/project_gazebo_ws/install/as2_map_server:/root/project_gazebo_ws/install/as2_geozones:/root/project_gazebo_ws/install/as2_gazebo_assets:/root/project_gazebo_ws/install/as2_external_object_to_tf:/root/project_gazebo_ws/install/as2_behaviors_platform:/root/project_gazebo_ws/install/as2_behaviors_perception:/root/project_gazebo_ws/install/as2_behaviors_path_planning:/root/project_gazebo_ws/install/as2_behavior_tree:/root/project_gazebo_ws/install/as2_behavior:/root/project_gazebo_ws/install/as2_alphanumeric_viewer:/root/project_gazebo_ws/install/as2_core:/root/project_gazebo_ws/install/as2_msgs:/root/project_gazebo_ws/install/as2_cli:/root/project_gazebo_ws/install/as2_visualization:/root/project_gazebo_ws/install/as2_keyboard_teleoperation:/root/project_gazebo_ws/install/as2_python_api:/opt/ros/humble LD_LIBRARY_PATH=/mission_planning_ws/install/as2_core/lib:/mission_planning_ws/install/as2_msgs/lib:${LD_LIBRARY_PATH} PYTHONPATH=/mission_planning_ws/install/as2_core/local/lib/python3.10/dist-packages:/mission_planning_ws/install/as2_msgs/local/lib/python3.10/dist-packages:${PYTHONPATH} /usr/bin/cmake --build /mission_planning_ws/build/as2_map_server -- -j22 -l22
[0.225s] [ 21%] Built target as2_map_server
[0.238s] [ 28%] Built target as2_map_server_base
[0.240s] [ 42%] Built target gtest_main
[0.254s] [ 57%] Built target gtest
[0.298s] [ 71%] Built target as2_map_server_node
[0.321s] [ 85%] Built target scan2occ_grid
[0.328s] [100%] Built target as2_map_server_map_server_gtest
[0.362s] Invoked command in '/mission_planning_ws/build/as2_map_server' returned '0': AMENT_PREFIX_PATH=/mission_planning_ws/install/as2_core:/mission_planning_ws/install/as2_msgs:${AMENT_PREFIX_PATH} CMAKE_PREFIX_PATH=/mission_planning_ws/install/as2_core:/mission_planning_ws/install/as2_msgs:/root/project_gazebo_ws/install/aerostack2:/root/project_gazebo_ws/install/as2_usb_camera_interface:/root/project_gazebo_ws/install/as2_state_estimator:/root/project_gazebo_ws/install/as2_rviz_plugins:/root/project_gazebo_ws/install/as2_realsense_interface:/root/project_gazebo_ws/install/as2_platform_multirotor_simulator:/root/project_gazebo_ws/install/as2_platform_gazebo:/root/project_gazebo_ws/install/as2_motion_controller:/root/project_gazebo_ws/install/as2_behaviors_trajectory_generation:/root/project_gazebo_ws/install/as2_behaviors_motion:/root/project_gazebo_ws/install/as2_motion_reference_handlers:/root/project_gazebo_ws/install/as2_map_server:/root/project_gazebo_ws/install/as2_geozones:/root/project_gazebo_ws/install/as2_gazebo_assets:/root/project_gazebo_ws/install/as2_external_object_to_tf:/root/project_gazebo_ws/install/as2_behaviors_platform:/root/project_gazebo_ws/install/as2_behaviors_perception:/root/project_gazebo_ws/install/as2_behaviors_path_planning:/root/project_gazebo_ws/install/as2_behavior_tree:/root/project_gazebo_ws/install/as2_behavior:/root/project_gazebo_ws/install/as2_alphanumeric_viewer:/root/project_gazebo_ws/install/as2_core:/root/project_gazebo_ws/install/as2_msgs:/root/project_gazebo_ws/install/as2_cli:/root/project_gazebo_ws/install/as2_visualization:/root/project_gazebo_ws/install/as2_keyboard_teleoperation:/root/project_gazebo_ws/install/as2_python_api:/opt/ros/humble LD_LIBRARY_PATH=/mission_planning_ws/install/as2_core/lib:/mission_planning_ws/install/as2_msgs/lib:${LD_LIBRARY_PATH} PYTHONPATH=/mission_planning_ws/install/as2_core/local/lib/python3.10/dist-packages:/mission_planning_ws/install/as2_msgs/local/lib/python3.10/dist-packages:${PYTHONPATH} /usr/bin/cmake --build /mission_planning_ws/build/as2_map_server -- -j22 -l22
[0.373s] Invoking command in '/mission_planning_ws/build/as2_map_server': AMENT_PREFIX_PATH=/mission_planning_ws/install/as2_core:/mission_planning_ws/install/as2_msgs:${AMENT_PREFIX_PATH} CMAKE_PREFIX_PATH=/mission_planning_ws/install/as2_core:/mission_planning_ws/install/as2_msgs:/root/project_gazebo_ws/install/aerostack2:/root/project_gazebo_ws/install/as2_usb_camera_interface:/root/project_gazebo_ws/install/as2_state_estimator:/root/project_gazebo_ws/install/as2_rviz_plugins:/root/project_gazebo_ws/install/as2_realsense_interface:/root/project_gazebo_ws/install/as2_platform_multirotor_simulator:/root/project_gazebo_ws/install/as2_platform_gazebo:/root/project_gazebo_ws/install/as2_motion_controller:/root/project_gazebo_ws/install/as2_behaviors_trajectory_generation:/root/project_gazebo_ws/install/as2_behaviors_motion:/root/project_gazebo_ws/install/as2_motion_reference_handlers:/root/project_gazebo_ws/install/as2_map_server:/root/project_gazebo_ws/install/as2_geozones:/root/project_gazebo_ws/install/as2_gazebo_assets:/root/project_gazebo_ws/install/as2_external_object_to_tf:/root/project_gazebo_ws/install/as2_behaviors_platform:/root/project_gazebo_ws/install/as2_behaviors_perception:/root/project_gazebo_ws/install/as2_behaviors_path_planning:/root/project_gazebo_ws/install/as2_behavior_tree:/root/project_gazebo_ws/install/as2_behavior:/root/project_gazebo_ws/install/as2_alphanumeric_viewer:/root/project_gazebo_ws/install/as2_core:/root/project_gazebo_ws/install/as2_msgs:/root/project_gazebo_ws/install/as2_cli:/root/project_gazebo_ws/install/as2_visualization:/root/project_gazebo_ws/install/as2_keyboard_teleoperation:/root/project_gazebo_ws/install/as2_python_api:/opt/ros/humble LD_LIBRARY_PATH=/mission_planning_ws/install/as2_core/lib:/mission_planning_ws/install/as2_msgs/lib:${LD_LIBRARY_PATH} PYTHONPATH=/mission_planning_ws/install/as2_core/local/lib/python3.10/dist-packages:/mission_planning_ws/install/as2_msgs/local/lib/python3.10/dist-packages:${PYTHONPATH} /usr/bin/cmake --install /mission_planning_ws/build/as2_map_server
[0.377s] -- Install configuration: "Release"
[0.377s] -- Up-to-date: /mission_planning_ws/install/as2_map_server/include
[0.377s] -- Up-to-date: /mission_planning_ws/install/as2_map_server/include/as2_map_server
[0.377s] -- Up-to-date: /mission_planning_ws/install/as2_map_server/include/as2_map_server/plugin_base.hpp
[0.377s] -- Up-to-date: /mission_planning_ws/install/as2_map_server/include/as2_map_server/map_server.hpp
[0.377s] -- Up-to-date: /mission_planning_ws/install/as2_map_server/share/as2_map_server/environment/library_path.sh
[0.377s] -- Up-to-date: /mission_planning_ws/install/as2_map_server/share/as2_map_server/environment/library_path.dsv
[0.377s] -- Up-to-date: /mission_planning_ws/install/as2_map_server/lib/libas2_map_server_base.so
[0.377s] -- Up-to-date: /mission_planning_ws/install/as2_map_server/include
[0.377s] -- Up-to-date: /mission_planning_ws/install/as2_map_server/include/as2_map_server
[0.377s] -- Up-to-date: /mission_planning_ws/install/as2_map_server/include/as2_map_server/plugin_base.hpp
[0.377s] -- Up-to-date: /mission_planning_ws/install/as2_map_server/include/as2_map_server/map_server.hpp
[0.377s] -- Up-to-date: /mission_planning_ws/install/as2_map_server/lib/libas2_map_server.so
[0.378s] -- Up-to-date: /mission_planning_ws/install/as2_map_server/lib/as2_map_server/as2_map_server_node
[0.381s] -- Up-to-date: /mission_planning_ws/install/as2_map_server/share/as2_map_server/plugins.xml
[0.382s] -- Up-to-date: /mission_planning_ws/install/as2_map_server/share/as2_map_server/launch
[0.382s] -- Up-to-date: /mission_planning_ws/install/as2_map_server/share/as2_map_server/launch/map_server.launch.py
[0.382s] -- Up-to-date: /mission_planning_ws/install/as2_map_server/share/as2_map_server/launch
[0.382s] -- Up-to-date: /mission_planning_ws/install/as2_map_server/share/as2_map_server/launch/scan2occ_grid-map_server.launch.py
[0.382s] -- Up-to-date: /mission_planning_ws/install/as2_map_server/share/as2_map_server/plugins/scan2occ_grid/config
[0.382s] -- Up-to-date: /mission_planning_ws/install/as2_map_server/share/as2_map_server/plugins/scan2occ_grid/config/plugin_default.yaml
[0.383s] -- Up-to-date: /mission_planning_ws/install/as2_map_server/share/as2_map_server/launch
[0.383s] -- Up-to-date: /mission_planning_ws/install/as2_map_server/share/as2_map_server/launch/depth2occ_grid-map_server.launch.py
[0.383s] -- Up-to-date: /mission_planning_ws/install/as2_map_server/share/as2_map_server/plugins/depth2occ_grid/config
[0.383s] -- Up-to-date: /mission_planning_ws/install/as2_map_server/share/as2_map_server/plugins/depth2occ_grid/config/plugin_default.yaml
[0.383s] -- Up-to-date: /mission_planning_ws/install/as2_map_server/share/ament_index/resource_index/package_run_dependencies/as2_map_server
[0.383s] -- Up-to-date: /mission_planning_ws/install/as2_map_server/share/ament_index/resource_index/parent_prefix_path/as2_map_server
[0.383s] -- Up-to-date: /mission_planning_ws/install/as2_map_server/share/as2_map_server/environment/ament_prefix_path.sh
[0.383s] -- Up-to-date: /mission_planning_ws/install/as2_map_server/share/as2_map_server/environment/ament_prefix_path.dsv
[0.383s] -- Up-to-date: /mission_planning_ws/install/as2_map_server/share/as2_map_server/environment/path.sh
[0.383s] -- Up-to-date: /mission_planning_ws/install/as2_map_server/share/as2_map_server/environment/path.dsv
[0.384s] -- Up-to-date: /mission_planning_ws/install/as2_map_server/share/as2_map_server/local_setup.bash
[0.384s] -- Up-to-date: /mission_planning_ws/install/as2_map_server/share/as2_map_server/local_setup.sh
[0.384s] -- Up-to-date: /mission_planning_ws/install/as2_map_server/share/as2_map_server/local_setup.zsh
[0.384s] -- Up-to-date: /mission_planning_ws/install/as2_map_server/share/as2_map_server/local_setup.dsv
[0.384s] -- Installing: /mission_planning_ws/install/as2_map_server/share/as2_map_server/package.dsv
[0.384s] -- Up-to-date: /mission_planning_ws/install/as2_map_server/share/ament_index/resource_index/packages/as2_map_server
[0.384s] -- Up-to-date: /mission_planning_ws/install/as2_map_server/share/ament_index/resource_index/as2_map_server__pluginlib__plugin/as2_map_server
[0.384s] -- Up-to-date: /mission_planning_ws/install/as2_map_server/share/as2_map_server/cmake/export_as2_map_server_baseExport.cmake
[0.384s] -- Up-to-date: /mission_planning_ws/install/as2_map_server/share/as2_map_server/cmake/export_as2_map_server_baseExport-release.cmake
[0.384s] -- Up-to-date: /mission_planning_ws/install/as2_map_server/share/as2_map_server/cmake/export_as2_map_serverExport.cmake
[0.384s] -- Up-to-date: /mission_planning_ws/install/as2_map_server/share/as2_map_server/cmake/export_as2_map_serverExport-release.cmake
[0.384s] -- Up-to-date: /mission_planning_ws/install/as2_map_server/share/as2_map_server/cmake/ament_cmake_export_libraries-extras.cmake
[0.384s] -- Up-to-date: /mission_planning_ws/install/as2_map_server/share/as2_map_server/cmake/ament_cmake_export_targets-extras.cmake
[0.384s] -- Up-to-date: /mission_planning_ws/install/as2_map_server/share/as2_map_server/cmake/ament_cmake_export_include_directories-extras.cmake
[0.384s] -- Up-to-date: /mission_planning_ws/install/as2_map_server/share/as2_map_server/cmake/as2_map_serverConfig.cmake
[0.384s] -- Up-to-date: /mission_planning_ws/install/as2_map_server/share/as2_map_server/cmake/as2_map_serverConfig-version.cmake
[0.384s] -- Up-to-date: /mission_planning_ws/install/as2_map_server/share/as2_map_server/package.xml
[0.385s] -- Up-to-date: /mission_planning_ws/install/as2_map_server/include
[0.385s] -- Up-to-date: /mission_planning_ws/install/as2_map_server/include/scan2occ_grid.hpp
[0.385s] -- Up-to-date: /mission_planning_ws/install/as2_map_server/lib/libscan2occ_grid.so
[0.477s] Invoked command in '/mission_planning_ws/build/as2_map_server' returned '0': AMENT_PREFIX_PATH=/mission_planning_ws/install/as2_core:/mission_planning_ws/install/as2_msgs:${AMENT_PREFIX_PATH} CMAKE_PREFIX_PATH=/mission_planning_ws/install/as2_core:/mission_planning_ws/install/as2_msgs:/root/project_gazebo_ws/install/aerostack2:/root/project_gazebo_ws/install/as2_usb_camera_interface:/root/project_gazebo_ws/install/as2_state_estimator:/root/project_gazebo_ws/install/as2_rviz_plugins:/root/project_gazebo_ws/install/as2_realsense_interface:/root/project_gazebo_ws/install/as2_platform_multirotor_simulator:/root/project_gazebo_ws/install/as2_platform_gazebo:/root/project_gazebo_ws/install/as2_motion_controller:/root/project_gazebo_ws/install/as2_behaviors_trajectory_generation:/root/project_gazebo_ws/install/as2_behaviors_motion:/root/project_gazebo_ws/install/as2_motion_reference_handlers:/root/project_gazebo_ws/install/as2_map_server:/root/project_gazebo_ws/install/as2_geozones:/root/project_gazebo_ws/install/as2_gazebo_assets:/root/project_gazebo_ws/install/as2_external_object_to_tf:/root/project_gazebo_ws/install/as2_behaviors_platform:/root/project_gazebo_ws/install/as2_behaviors_perception:/root/project_gazebo_ws/install/as2_behaviors_path_planning:/root/project_gazebo_ws/install/as2_behavior_tree:/root/project_gazebo_ws/install/as2_behavior:/root/project_gazebo_ws/install/as2_alphanumeric_viewer:/root/project_gazebo_ws/install/as2_core:/root/project_gazebo_ws/install/as2_msgs:/root/project_gazebo_ws/install/as2_cli:/root/project_gazebo_ws/install/as2_visualization:/root/project_gazebo_ws/install/as2_keyboard_teleoperation:/root/project_gazebo_ws/install/as2_python_api:/opt/ros/humble LD_LIBRARY_PATH=/mission_planning_ws/install/as2_core/lib:/mission_planning_ws/install/as2_msgs/lib:${LD_LIBRARY_PATH} PYTHONPATH=/mission_planning_ws/install/as2_core/local/lib/python3.10/dist-packages:/mission_planning_ws/install/as2_msgs/local/lib/python3.10/dist-packages:${PYTHONPATH} /usr/bin/cmake --install /mission_planning_ws/build/as2_map_server
