[0.032s] Invoking command in '/mission_planning_ws/src/build/as2_usb_camera_interface': AMENT_PREFIX_PATH=/mission_planning_ws/src/install/as2_core:/mission_planning_ws/src/install/as2_msgs:${AMENT_PREFIX_PATH} CMAKE_PREFIX_PATH=/mission_planning_ws/src/install/as2_core:/mission_planning_ws/src/install/as2_msgs:/root/project_gazebo_ws/install/aerostack2:/root/project_gazebo_ws/install/as2_usb_camera_interface:/root/project_gazebo_ws/install/as2_state_estimator:/root/project_gazebo_ws/install/as2_rviz_plugins:/root/project_gazebo_ws/install/as2_realsense_interface:/root/project_gazebo_ws/install/as2_platform_multirotor_simulator:/root/project_gazebo_ws/install/as2_platform_gazebo:/root/project_gazebo_ws/install/as2_motion_controller:/root/project_gazebo_ws/install/as2_behaviors_trajectory_generation:/root/project_gazebo_ws/install/as2_behaviors_motion:/root/project_gazebo_ws/install/as2_motion_reference_handlers:/root/project_gazebo_ws/install/as2_map_server:/root/project_gazebo_ws/install/as2_geozones:/root/project_gazebo_ws/install/as2_gazebo_assets:/root/project_gazebo_ws/install/as2_external_object_to_tf:/root/project_gazebo_ws/install/as2_behaviors_platform:/root/project_gazebo_ws/install/as2_behaviors_perception:/root/project_gazebo_ws/install/as2_behaviors_path_planning:/root/project_gazebo_ws/install/as2_behavior_tree:/root/project_gazebo_ws/install/as2_behavior:/root/project_gazebo_ws/install/as2_alphanumeric_viewer:/root/project_gazebo_ws/install/as2_core:/root/project_gazebo_ws/install/as2_msgs:/root/project_gazebo_ws/install/as2_cli:/root/project_gazebo_ws/install/as2_visualization:/root/project_gazebo_ws/install/as2_keyboard_teleoperation:/root/project_gazebo_ws/install/as2_python_api:/opt/ros/humble LD_LIBRARY_PATH=/mission_planning_ws/src/install/as2_core/lib:/mission_planning_ws/src/install/as2_msgs/lib:${LD_LIBRARY_PATH} PYTHONPATH=/mission_planning_ws/src/install/as2_core/local/lib/python3.10/dist-packages:/mission_planning_ws/src/install/as2_msgs/local/lib/python3.10/dist-packages:${PYTHONPATH} /usr/bin/cmake /mission_planning_ws/src/aerostack2/as2_hardware_drivers/as2_usb_camera_interface -DCMAKE_INSTALL_PREFIX=/mission_planning_ws/src/install/as2_usb_camera_interface
[0.080s] -- The C compiler identification is GNU 11.4.0
[0.137s] -- The CXX compiler identification is GNU 11.4.0
[0.146s] -- Detecting C compiler ABI info
[0.226s] -- Detecting C compiler ABI info - done
[0.232s] -- Check for working C compiler: /usr/bin/cc - skipped
[0.232s] -- Detecting C compile features
[0.232s] -- Detecting C compile features - done
[0.235s] -- Detecting CXX compiler ABI info
[0.332s] -- Detecting CXX compiler ABI info - done
[0.340s] -- Check for working CXX compiler: /usr/bin/c++ - skipped
[0.340s] -- Detecting CXX compile features
[0.340s] -- Detecting CXX compile features - done
[0.351s] -- Found ament_cmake: 1.3.11 (/opt/ros/humble/share/ament_cmake/cmake)
[0.571s] -- Found Python3: /usr/bin/python3 (found version "3.10.12") found components: Interpreter 
[0.805s] -- Found rclcpp: 16.0.11 (/opt/ros/humble/share/rclcpp/cmake)
[0.951s] -- Found rosidl_generator_c: 3.1.6 (/opt/ros/humble/share/rosidl_generator_c/cmake)
[0.969s] -- Found rosidl_adapter: 3.1.6 (/opt/ros/humble/share/rosidl_adapter/cmake)
[1.003s] -- Found rosidl_generator_cpp: 3.1.6 (/opt/ros/humble/share/rosidl_generator_cpp/cmake)
[1.032s] -- Using all available rosidl_typesupport_c: rosidl_typesupport_fastrtps_c;rosidl_typesupport_introspection_c
[1.067s] -- Using all available rosidl_typesupport_cpp: rosidl_typesupport_fastrtps_cpp;rosidl_typesupport_introspection_cpp
[1.176s] -- Found rmw_implementation_cmake: 6.1.2 (/opt/ros/humble/share/rmw_implementation_cmake/cmake)
[1.190s] -- Found rmw_fastrtps_cpp: 6.2.7 (/opt/ros/humble/share/rmw_fastrtps_cpp/cmake)
[1.348s] -- Found OpenSSL: /usr/lib/x86_64-linux-gnu/libcrypto.so (found version "3.0.2")  
[1.398s] -- Found FastRTPS: /opt/ros/humble/include  
[1.473s] -- Using RMW implementation 'rmw_fastrtps_cpp' as default
[1.505s] -- Looking for pthread.h
[1.598s] -- Looking for pthread.h - found
[1.598s] -- Performing Test CMAKE_HAVE_LIBC_PTHREAD
[1.701s] -- Performing Test CMAKE_HAVE_LIBC_PTHREAD - Success
[1.702s] -- Found Threads: TRUE  
[1.796s] -- Found as2_core: 1.1.2 (/mission_planning_ws/src/install/as2_core/share/as2_core/cmake)
[2.103s] -- Found eigen3_cmake_module: 0.1.1 (/opt/ros/humble/share/eigen3_cmake_module/cmake)
[2.105s] -- Found Eigen3: TRUE (found version "3.4.0") 
[2.105s] -- Ensuring Eigen3 include directory is part of orocos-kdl CMake target
[2.421s] -- Found OpenCV: /usr (found version "4.5.4") 
[2.442s] -- Found ament_lint_auto: 0.12.11 (/opt/ros/humble/share/ament_lint_auto/cmake)
[2.621s] -- Found gtest sources under '/opt/ros/humble/src/gtest_vendor': C++ tests using 'Google Test' will be built
[2.639s] -- Added test 'copyright' to check source files copyright and LICENSE
[2.643s] -- Added test 'cppcheck' to perform static code analysis on C / C++ code
[2.644s] -- Configured cppcheck include dirs: /mission_planning_ws/src/aerostack2/as2_hardware_drivers/as2_usb_camera_interface/include;/mission_planning_ws/src/aerostack2/as2_hardware_drivers/as2_usb_camera_interface/include/as2_usb_camera_interface
[2.644s] -- Configured cppcheck exclude dirs and/or files: 
[2.649s] -- Added test 'cpplint' to check C / C++ code against the Google style
[2.649s] -- Configured cpplint exclude dirs and/or files: 
[2.651s] -- Added test 'flake8' to check Python code syntax and style conventions
[2.653s] -- Added test 'lint_cmake' to check CMake code style
[2.655s] -- Added test 'pep257' to check Python code against some of the docstring style conventions in PEP 257
[2.660s] -- Added test 'uncrustify' to check C / C++ code style
[2.660s] -- Configured uncrustify additional arguments: 
[2.662s] -- Added test 'xmllint' to check XML markup files
[2.666s] -- Configuring done
[2.757s] -- Generating done
[2.780s] -- Build files have been written to: /mission_planning_ws/src/build/as2_usb_camera_interface
[2.802s] Invoked command in '/mission_planning_ws/src/build/as2_usb_camera_interface' returned '0': AMENT_PREFIX_PATH=/mission_planning_ws/src/install/as2_core:/mission_planning_ws/src/install/as2_msgs:${AMENT_PREFIX_PATH} CMAKE_PREFIX_PATH=/mission_planning_ws/src/install/as2_core:/mission_planning_ws/src/install/as2_msgs:/root/project_gazebo_ws/install/aerostack2:/root/project_gazebo_ws/install/as2_usb_camera_interface:/root/project_gazebo_ws/install/as2_state_estimator:/root/project_gazebo_ws/install/as2_rviz_plugins:/root/project_gazebo_ws/install/as2_realsense_interface:/root/project_gazebo_ws/install/as2_platform_multirotor_simulator:/root/project_gazebo_ws/install/as2_platform_gazebo:/root/project_gazebo_ws/install/as2_motion_controller:/root/project_gazebo_ws/install/as2_behaviors_trajectory_generation:/root/project_gazebo_ws/install/as2_behaviors_motion:/root/project_gazebo_ws/install/as2_motion_reference_handlers:/root/project_gazebo_ws/install/as2_map_server:/root/project_gazebo_ws/install/as2_geozones:/root/project_gazebo_ws/install/as2_gazebo_assets:/root/project_gazebo_ws/install/as2_external_object_to_tf:/root/project_gazebo_ws/install/as2_behaviors_platform:/root/project_gazebo_ws/install/as2_behaviors_perception:/root/project_gazebo_ws/install/as2_behaviors_path_planning:/root/project_gazebo_ws/install/as2_behavior_tree:/root/project_gazebo_ws/install/as2_behavior:/root/project_gazebo_ws/install/as2_alphanumeric_viewer:/root/project_gazebo_ws/install/as2_core:/root/project_gazebo_ws/install/as2_msgs:/root/project_gazebo_ws/install/as2_cli:/root/project_gazebo_ws/install/as2_visualization:/root/project_gazebo_ws/install/as2_keyboard_teleoperation:/root/project_gazebo_ws/install/as2_python_api:/opt/ros/humble LD_LIBRARY_PATH=/mission_planning_ws/src/install/as2_core/lib:/mission_planning_ws/src/install/as2_msgs/lib:${LD_LIBRARY_PATH} PYTHONPATH=/mission_planning_ws/src/install/as2_core/local/lib/python3.10/dist-packages:/mission_planning_ws/src/install/as2_msgs/local/lib/python3.10/dist-packages:${PYTHONPATH} /usr/bin/cmake /mission_planning_ws/src/aerostack2/as2_hardware_drivers/as2_usb_camera_interface -DCMAKE_INSTALL_PREFIX=/mission_planning_ws/src/install/as2_usb_camera_interface
[2.803s] Invoking command in '/mission_planning_ws/src/build/as2_usb_camera_interface': AMENT_PREFIX_PATH=/mission_planning_ws/src/install/as2_core:/mission_planning_ws/src/install/as2_msgs:${AMENT_PREFIX_PATH} CMAKE_PREFIX_PATH=/mission_planning_ws/src/install/as2_core:/mission_planning_ws/src/install/as2_msgs:/root/project_gazebo_ws/install/aerostack2:/root/project_gazebo_ws/install/as2_usb_camera_interface:/root/project_gazebo_ws/install/as2_state_estimator:/root/project_gazebo_ws/install/as2_rviz_plugins:/root/project_gazebo_ws/install/as2_realsense_interface:/root/project_gazebo_ws/install/as2_platform_multirotor_simulator:/root/project_gazebo_ws/install/as2_platform_gazebo:/root/project_gazebo_ws/install/as2_motion_controller:/root/project_gazebo_ws/install/as2_behaviors_trajectory_generation:/root/project_gazebo_ws/install/as2_behaviors_motion:/root/project_gazebo_ws/install/as2_motion_reference_handlers:/root/project_gazebo_ws/install/as2_map_server:/root/project_gazebo_ws/install/as2_geozones:/root/project_gazebo_ws/install/as2_gazebo_assets:/root/project_gazebo_ws/install/as2_external_object_to_tf:/root/project_gazebo_ws/install/as2_behaviors_platform:/root/project_gazebo_ws/install/as2_behaviors_perception:/root/project_gazebo_ws/install/as2_behaviors_path_planning:/root/project_gazebo_ws/install/as2_behavior_tree:/root/project_gazebo_ws/install/as2_behavior:/root/project_gazebo_ws/install/as2_alphanumeric_viewer:/root/project_gazebo_ws/install/as2_core:/root/project_gazebo_ws/install/as2_msgs:/root/project_gazebo_ws/install/as2_cli:/root/project_gazebo_ws/install/as2_visualization:/root/project_gazebo_ws/install/as2_keyboard_teleoperation:/root/project_gazebo_ws/install/as2_python_api:/opt/ros/humble LD_LIBRARY_PATH=/mission_planning_ws/src/install/as2_core/lib:/mission_planning_ws/src/install/as2_msgs/lib:${LD_LIBRARY_PATH} PYTHONPATH=/mission_planning_ws/src/install/as2_core/local/lib/python3.10/dist-packages:/mission_planning_ws/src/install/as2_msgs/local/lib/python3.10/dist-packages:${PYTHONPATH} /usr/bin/cmake --build /mission_planning_ws/src/build/as2_usb_camera_interface -- -j22 -l22
[2.932s] [  9%] [32mBuilding CXX object CMakeFiles/as2_usb_camera_interface.dir/src/as2_usb_camera_interface.cpp.o[0m
[2.934s] [ 18%] [32mBuilding CXX object CMakeFiles/as2_usb_camera_interface_node.dir/src/as2_usb_camera_interface_node.cpp.o[0m
[2.941s] [ 27%] [32mBuilding CXX object gtest/CMakeFiles/gtest_main.dir/src/gtest_main.cc.o[0m
[2.945s] [ 36%] [32mBuilding CXX object gtest/CMakeFiles/gtest.dir/src/gtest-all.cc.o[0m
[2.949s] [ 45%] [32mBuilding CXX object CMakeFiles/as2_usb_camera_interface_node.dir/src/as2_usb_camera_interface.cpp.o[0m
[5.940s] [ 54%] [32m[1mLinking CXX static library libgtest_main.a[0m
[6.383s] [ 54%] Built target gtest_main
[35.923s] [ 63%] [32m[1mLinking CXX static library libas2_usb_camera_interface.a[0m
[36.127s] [ 63%] Built target as2_usb_camera_interface
[57.005s] [ 72%] [32m[1mLinking CXX executable as2_usb_camera_interface_node[0m
[59.967s] [ 72%] Built target as2_usb_camera_interface_node
[62.394s] [ 81%] [32m[1mLinking CXX static library libgtest.a[0m
[62.478s] [ 81%] Built target gtest
[62.544s] [ 90%] [32mBuilding CXX object tests/CMakeFiles/as2_usb_camera_interface_as2_usb_camera_interface_gtest.dir/as2_usb_camera_interface_gtest.cpp.o[0m
[72.875s] [100%] [32m[1mLinking CXX executable as2_usb_camera_interface_as2_usb_camera_interface_gtest[0m
[73.503s] [100%] Built target as2_usb_camera_interface_as2_usb_camera_interface_gtest
[73.577s] Invoked command in '/mission_planning_ws/src/build/as2_usb_camera_interface' returned '0': AMENT_PREFIX_PATH=/mission_planning_ws/src/install/as2_core:/mission_planning_ws/src/install/as2_msgs:${AMENT_PREFIX_PATH} CMAKE_PREFIX_PATH=/mission_planning_ws/src/install/as2_core:/mission_planning_ws/src/install/as2_msgs:/root/project_gazebo_ws/install/aerostack2:/root/project_gazebo_ws/install/as2_usb_camera_interface:/root/project_gazebo_ws/install/as2_state_estimator:/root/project_gazebo_ws/install/as2_rviz_plugins:/root/project_gazebo_ws/install/as2_realsense_interface:/root/project_gazebo_ws/install/as2_platform_multirotor_simulator:/root/project_gazebo_ws/install/as2_platform_gazebo:/root/project_gazebo_ws/install/as2_motion_controller:/root/project_gazebo_ws/install/as2_behaviors_trajectory_generation:/root/project_gazebo_ws/install/as2_behaviors_motion:/root/project_gazebo_ws/install/as2_motion_reference_handlers:/root/project_gazebo_ws/install/as2_map_server:/root/project_gazebo_ws/install/as2_geozones:/root/project_gazebo_ws/install/as2_gazebo_assets:/root/project_gazebo_ws/install/as2_external_object_to_tf:/root/project_gazebo_ws/install/as2_behaviors_platform:/root/project_gazebo_ws/install/as2_behaviors_perception:/root/project_gazebo_ws/install/as2_behaviors_path_planning:/root/project_gazebo_ws/install/as2_behavior_tree:/root/project_gazebo_ws/install/as2_behavior:/root/project_gazebo_ws/install/as2_alphanumeric_viewer:/root/project_gazebo_ws/install/as2_core:/root/project_gazebo_ws/install/as2_msgs:/root/project_gazebo_ws/install/as2_cli:/root/project_gazebo_ws/install/as2_visualization:/root/project_gazebo_ws/install/as2_keyboard_teleoperation:/root/project_gazebo_ws/install/as2_python_api:/opt/ros/humble LD_LIBRARY_PATH=/mission_planning_ws/src/install/as2_core/lib:/mission_planning_ws/src/install/as2_msgs/lib:${LD_LIBRARY_PATH} PYTHONPATH=/mission_planning_ws/src/install/as2_core/local/lib/python3.10/dist-packages:/mission_planning_ws/src/install/as2_msgs/local/lib/python3.10/dist-packages:${PYTHONPATH} /usr/bin/cmake --build /mission_planning_ws/src/build/as2_usb_camera_interface -- -j22 -l22
[73.592s] Invoking command in '/mission_planning_ws/src/build/as2_usb_camera_interface': AMENT_PREFIX_PATH=/mission_planning_ws/src/install/as2_core:/mission_planning_ws/src/install/as2_msgs:${AMENT_PREFIX_PATH} CMAKE_PREFIX_PATH=/mission_planning_ws/src/install/as2_core:/mission_planning_ws/src/install/as2_msgs:/root/project_gazebo_ws/install/aerostack2:/root/project_gazebo_ws/install/as2_usb_camera_interface:/root/project_gazebo_ws/install/as2_state_estimator:/root/project_gazebo_ws/install/as2_rviz_plugins:/root/project_gazebo_ws/install/as2_realsense_interface:/root/project_gazebo_ws/install/as2_platform_multirotor_simulator:/root/project_gazebo_ws/install/as2_platform_gazebo:/root/project_gazebo_ws/install/as2_motion_controller:/root/project_gazebo_ws/install/as2_behaviors_trajectory_generation:/root/project_gazebo_ws/install/as2_behaviors_motion:/root/project_gazebo_ws/install/as2_motion_reference_handlers:/root/project_gazebo_ws/install/as2_map_server:/root/project_gazebo_ws/install/as2_geozones:/root/project_gazebo_ws/install/as2_gazebo_assets:/root/project_gazebo_ws/install/as2_external_object_to_tf:/root/project_gazebo_ws/install/as2_behaviors_platform:/root/project_gazebo_ws/install/as2_behaviors_perception:/root/project_gazebo_ws/install/as2_behaviors_path_planning:/root/project_gazebo_ws/install/as2_behavior_tree:/root/project_gazebo_ws/install/as2_behavior:/root/project_gazebo_ws/install/as2_alphanumeric_viewer:/root/project_gazebo_ws/install/as2_core:/root/project_gazebo_ws/install/as2_msgs:/root/project_gazebo_ws/install/as2_cli:/root/project_gazebo_ws/install/as2_visualization:/root/project_gazebo_ws/install/as2_keyboard_teleoperation:/root/project_gazebo_ws/install/as2_python_api:/opt/ros/humble LD_LIBRARY_PATH=/mission_planning_ws/src/install/as2_core/lib:/mission_planning_ws/src/install/as2_msgs/lib:${LD_LIBRARY_PATH} PYTHONPATH=/mission_planning_ws/src/install/as2_core/local/lib/python3.10/dist-packages:/mission_planning_ws/src/install/as2_msgs/local/lib/python3.10/dist-packages:${PYTHONPATH} /usr/bin/cmake --install /mission_planning_ws/src/build/as2_usb_camera_interface
[73.741s] -- Install configuration: "Release"
[73.741s] -- Installing: /mission_planning_ws/src/install/as2_usb_camera_interface/include
[73.741s] -- Installing: /mission_planning_ws/src/install/as2_usb_camera_interface/include/as2_usb_camera_interface
[73.741s] -- Installing: /mission_planning_ws/src/install/as2_usb_camera_interface/include/as2_usb_camera_interface/as2_usb_camera_interface.hpp
[73.741s] -- Installing: /mission_planning_ws/src/install/as2_usb_camera_interface/share/as2_usb_camera_interface/launch
[73.744s] -- Installing: /mission_planning_ws/src/install/as2_usb_camera_interface/share/as2_usb_camera_interface/launch/as2_usb_camera_interface_launch.py
[73.744s] -- Installing: /mission_planning_ws/src/install/as2_usb_camera_interface/share/as2_usb_camera_interface/config
[73.744s] -- Installing: /mission_planning_ws/src/install/as2_usb_camera_interface/share/as2_usb_camera_interface/config/camera_calibration_default.yaml
[73.744s] -- Installing: /mission_planning_ws/src/install/as2_usb_camera_interface/share/as2_usb_camera_interface/config/config_file_default.yaml
[73.746s] -- Installing: /mission_planning_ws/src/install/as2_usb_camera_interface/share/as2_usb_camera_interface/config/as2_usb_camera_interface
[73.747s] -- Installing: /mission_planning_ws/src/install/as2_usb_camera_interface/share/as2_usb_camera_interface/config/as2_usb_camera_interface/wide02_720_info.yaml
[73.747s] -- Installing: /mission_planning_ws/src/install/as2_usb_camera_interface/share/as2_usb_camera_interface/config/as2_usb_camera_interface/wide03_1080_info.yaml
[73.747s] -- Installing: /mission_planning_ws/src/install/as2_usb_camera_interface/share/as2_usb_camera_interface/config/as2_usb_camera_interface/camera_info.yaml
[73.747s] -- Installing: /mission_planning_ws/src/install/as2_usb_camera_interface/share/as2_usb_camera_interface/config/as2_usb_camera_interface/wide03_720_info.yaml
[73.747s] -- Installing: /mission_planning_ws/src/install/as2_usb_camera_interface/share/as2_usb_camera_interface/config/tf_cam
[73.747s] -- Installing: /mission_planning_ws/src/install/as2_usb_camera_interface/share/as2_usb_camera_interface/config/tf_cam/f330_arguments.yaml
[73.747s] -- Installing: /mission_planning_ws/src/install/as2_usb_camera_interface/share/as2_usb_camera_interface/config/tf_cam/sim_arguments.yaml
[73.747s] -- Installing: /mission_planning_ws/src/install/as2_usb_camera_interface/share/as2_usb_camera_interface/config/tf_cam/f450_arguments.yaml
[73.747s] -- Installing: /mission_planning_ws/src/install/as2_usb_camera_interface/lib/as2_usb_camera_interface/as2_usb_camera_interface_node
[73.748s] -- Set runtime path of "/mission_planning_ws/src/install/as2_usb_camera_interface/lib/as2_usb_camera_interface/as2_usb_camera_interface_node" to ""
[73.748s] -- Installing: /mission_planning_ws/src/install/as2_usb_camera_interface/lib/libas2_usb_camera_interface.a
[73.748s] -- Installing: /mission_planning_ws/src/install/as2_usb_camera_interface/share/ament_index/resource_index/package_run_dependencies/as2_usb_camera_interface
[73.748s] -- Installing: /mission_planning_ws/src/install/as2_usb_camera_interface/share/ament_index/resource_index/parent_prefix_path/as2_usb_camera_interface
[73.748s] -- Installing: /mission_planning_ws/src/install/as2_usb_camera_interface/share/as2_usb_camera_interface/environment/ament_prefix_path.sh
[73.748s] -- Installing: /mission_planning_ws/src/install/as2_usb_camera_interface/share/as2_usb_camera_interface/environment/ament_prefix_path.dsv
[73.748s] -- Installing: /mission_planning_ws/src/install/as2_usb_camera_interface/share/as2_usb_camera_interface/environment/path.sh
[73.748s] -- Installing: /mission_planning_ws/src/install/as2_usb_camera_interface/share/as2_usb_camera_interface/environment/path.dsv
[73.748s] -- Installing: /mission_planning_ws/src/install/as2_usb_camera_interface/share/as2_usb_camera_interface/local_setup.bash
[73.748s] -- Installing: /mission_planning_ws/src/install/as2_usb_camera_interface/share/as2_usb_camera_interface/local_setup.sh
[73.748s] -- Installing: /mission_planning_ws/src/install/as2_usb_camera_interface/share/as2_usb_camera_interface/local_setup.zsh
[73.748s] -- Installing: /mission_planning_ws/src/install/as2_usb_camera_interface/share/as2_usb_camera_interface/local_setup.dsv
[73.749s] -- Installing: /mission_planning_ws/src/install/as2_usb_camera_interface/share/as2_usb_camera_interface/package.dsv
[73.749s] -- Installing: /mission_planning_ws/src/install/as2_usb_camera_interface/share/ament_index/resource_index/packages/as2_usb_camera_interface
[73.749s] -- Installing: /mission_planning_ws/src/install/as2_usb_camera_interface/share/as2_usb_camera_interface/cmake/as2_usb_camera_interfaceConfig.cmake
[73.749s] -- Installing: /mission_planning_ws/src/install/as2_usb_camera_interface/share/as2_usb_camera_interface/cmake/as2_usb_camera_interfaceConfig-version.cmake
[73.749s] -- Installing: /mission_planning_ws/src/install/as2_usb_camera_interface/share/as2_usb_camera_interface/package.xml
[73.777s] Invoked command in '/mission_planning_ws/src/build/as2_usb_camera_interface' returned '0': AMENT_PREFIX_PATH=/mission_planning_ws/src/install/as2_core:/mission_planning_ws/src/install/as2_msgs:${AMENT_PREFIX_PATH} CMAKE_PREFIX_PATH=/mission_planning_ws/src/install/as2_core:/mission_planning_ws/src/install/as2_msgs:/root/project_gazebo_ws/install/aerostack2:/root/project_gazebo_ws/install/as2_usb_camera_interface:/root/project_gazebo_ws/install/as2_state_estimator:/root/project_gazebo_ws/install/as2_rviz_plugins:/root/project_gazebo_ws/install/as2_realsense_interface:/root/project_gazebo_ws/install/as2_platform_multirotor_simulator:/root/project_gazebo_ws/install/as2_platform_gazebo:/root/project_gazebo_ws/install/as2_motion_controller:/root/project_gazebo_ws/install/as2_behaviors_trajectory_generation:/root/project_gazebo_ws/install/as2_behaviors_motion:/root/project_gazebo_ws/install/as2_motion_reference_handlers:/root/project_gazebo_ws/install/as2_map_server:/root/project_gazebo_ws/install/as2_geozones:/root/project_gazebo_ws/install/as2_gazebo_assets:/root/project_gazebo_ws/install/as2_external_object_to_tf:/root/project_gazebo_ws/install/as2_behaviors_platform:/root/project_gazebo_ws/install/as2_behaviors_perception:/root/project_gazebo_ws/install/as2_behaviors_path_planning:/root/project_gazebo_ws/install/as2_behavior_tree:/root/project_gazebo_ws/install/as2_behavior:/root/project_gazebo_ws/install/as2_alphanumeric_viewer:/root/project_gazebo_ws/install/as2_core:/root/project_gazebo_ws/install/as2_msgs:/root/project_gazebo_ws/install/as2_cli:/root/project_gazebo_ws/install/as2_visualization:/root/project_gazebo_ws/install/as2_keyboard_teleoperation:/root/project_gazebo_ws/install/as2_python_api:/opt/ros/humble LD_LIBRARY_PATH=/mission_planning_ws/src/install/as2_core/lib:/mission_planning_ws/src/install/as2_msgs/lib:${LD_LIBRARY_PATH} PYTHONPATH=/mission_planning_ws/src/install/as2_core/local/lib/python3.10/dist-packages:/mission_planning_ws/src/install/as2_msgs/local/lib/python3.10/dist-packages:${PYTHONPATH} /usr/bin/cmake --install /mission_planning_ws/src/build/as2_usb_camera_interface
