[0.031s] Invoking command in '/mission_planning_ws/build/as2_usb_camera_interface': AMENT_PREFIX_PATH=/mission_planning_ws/install/as2_core:/mission_planning_ws/install/as2_msgs:${AMENT_PREFIX_PATH} CMAKE_PREFIX_PATH=/mission_planning_ws/install/as2_core:/mission_planning_ws/install/as2_msgs:/root/project_gazebo_ws/install/aerostack2:/root/project_gazebo_ws/install/as2_usb_camera_interface:/root/project_gazebo_ws/install/as2_state_estimator:/root/project_gazebo_ws/install/as2_rviz_plugins:/root/project_gazebo_ws/install/as2_realsense_interface:/root/project_gazebo_ws/install/as2_platform_multirotor_simulator:/root/project_gazebo_ws/install/as2_platform_gazebo:/root/project_gazebo_ws/install/as2_motion_controller:/root/project_gazebo_ws/install/as2_behaviors_trajectory_generation:/root/project_gazebo_ws/install/as2_behaviors_motion:/root/project_gazebo_ws/install/as2_motion_reference_handlers:/root/project_gazebo_ws/install/as2_map_server:/root/project_gazebo_ws/install/as2_geozones:/root/project_gazebo_ws/install/as2_gazebo_assets:/root/project_gazebo_ws/install/as2_external_object_to_tf:/root/project_gazebo_ws/install/as2_behaviors_platform:/root/project_gazebo_ws/install/as2_behaviors_perception:/root/project_gazebo_ws/install/as2_behaviors_path_planning:/root/project_gazebo_ws/install/as2_behavior_tree:/root/project_gazebo_ws/install/as2_behavior:/root/project_gazebo_ws/install/as2_alphanumeric_viewer:/root/project_gazebo_ws/install/as2_core:/root/project_gazebo_ws/install/as2_msgs:/root/project_gazebo_ws/install/as2_cli:/root/project_gazebo_ws/install/as2_visualization:/root/project_gazebo_ws/install/as2_keyboard_teleoperation:/root/project_gazebo_ws/install/as2_python_api:/opt/ros/humble LD_LIBRARY_PATH=/mission_planning_ws/install/as2_core/lib:/mission_planning_ws/install/as2_msgs/lib:${LD_LIBRARY_PATH} PYTHONPATH=/mission_planning_ws/install/as2_core/local/lib/python3.10/dist-packages:/mission_planning_ws/install/as2_msgs/local/lib/python3.10/dist-packages:${PYTHONPATH} /usr/bin/cmake /mission_planning_ws/src/aerostack2/as2_hardware_drivers/as2_usb_camera_interface -DCMAKE_INSTALL_PREFIX=/mission_planning_ws/install/as2_usb_camera_interface
[0.086s] -- The C compiler identification is GNU 11.4.0
[0.131s] -- The CXX compiler identification is GNU 11.4.0
[0.139s] -- Detecting C compiler ABI info
[0.211s] -- Detecting C compiler ABI info - done
[0.219s] -- Check for working C compiler: /usr/bin/cc - skipped
[0.219s] -- Detecting C compile features
[0.220s] -- Detecting C compile features - done
[0.224s] -- Detecting CXX compiler ABI info
[0.314s] -- Detecting CXX compiler ABI info - done
[0.322s] -- Check for working CXX compiler: /usr/bin/c++ - skipped
[0.322s] -- Detecting CXX compile features
[0.322s] -- Detecting CXX compile features - done
[0.329s] -- Found ament_cmake: 1.3.11 (/opt/ros/humble/share/ament_cmake/cmake)
[0.521s] -- Found Python3: /usr/bin/python3 (found version "3.10.12") found components: Interpreter 
[0.769s] -- Found rclcpp: 16.0.11 (/opt/ros/humble/share/rclcpp/cmake)
[0.906s] -- Found rosidl_generator_c: 3.1.6 (/opt/ros/humble/share/rosidl_generator_c/cmake)
[0.928s] -- Found rosidl_adapter: 3.1.6 (/opt/ros/humble/share/rosidl_adapter/cmake)
[0.958s] -- Found rosidl_generator_cpp: 3.1.6 (/opt/ros/humble/share/rosidl_generator_cpp/cmake)
[0.991s] -- Using all available rosidl_typesupport_c: rosidl_typesupport_fastrtps_c;rosidl_typesupport_introspection_c
[1.033s] -- Using all available rosidl_typesupport_cpp: rosidl_typesupport_fastrtps_cpp;rosidl_typesupport_introspection_cpp
[1.160s] -- Found rmw_implementation_cmake: 6.1.2 (/opt/ros/humble/share/rmw_implementation_cmake/cmake)
[1.174s] -- Found rmw_fastrtps_cpp: 6.2.7 (/opt/ros/humble/share/rmw_fastrtps_cpp/cmake)
[1.361s] -- Found OpenSSL: /usr/lib/x86_64-linux-gnu/libcrypto.so (found version "3.0.2")  
[1.413s] -- Found FastRTPS: /opt/ros/humble/include  
[1.487s] -- Using RMW implementation 'rmw_fastrtps_cpp' as default
[1.524s] -- Looking for pthread.h
[1.613s] -- Looking for pthread.h - found
[1.614s] -- Performing Test CMAKE_HAVE_LIBC_PTHREAD
[1.713s] -- Performing Test CMAKE_HAVE_LIBC_PTHREAD - Success
[1.715s] -- Found Threads: TRUE  
[1.808s] -- Found as2_core: 1.1.2 (/mission_planning_ws/install/as2_core/share/as2_core/cmake)
[2.075s] -- Found eigen3_cmake_module: 0.1.1 (/opt/ros/humble/share/eigen3_cmake_module/cmake)
[2.076s] -- Found Eigen3: TRUE (found version "3.4.0") 
[2.077s] -- Ensuring Eigen3 include directory is part of orocos-kdl CMake target
[2.436s] -- Found OpenCV: /usr (found version "4.5.4") 
[2.454s] -- Found ament_lint_auto: 0.12.11 (/opt/ros/humble/share/ament_lint_auto/cmake)
[2.632s] -- Found gtest sources under '/opt/ros/humble/src/gtest_vendor': C++ tests using 'Google Test' will be built
[2.645s] -- Added test 'copyright' to check source files copyright and LICENSE
[2.652s] -- Added test 'cppcheck' to perform static code analysis on C / C++ code
[2.653s] -- Configured cppcheck include dirs: /mission_planning_ws/src/aerostack2/as2_hardware_drivers/as2_usb_camera_interface/include;/mission_planning_ws/src/aerostack2/as2_hardware_drivers/as2_usb_camera_interface/include/as2_usb_camera_interface
[2.653s] -- Configured cppcheck exclude dirs and/or files: 
[2.658s] -- Added test 'cpplint' to check C / C++ code against the Google style
[2.658s] -- Configured cpplint exclude dirs and/or files: 
[2.660s] -- Added test 'flake8' to check Python code syntax and style conventions
[2.662s] -- Added test 'lint_cmake' to check CMake code style
[2.663s] -- Added test 'pep257' to check Python code against some of the docstring style conventions in PEP 257
[2.668s] -- Added test 'uncrustify' to check C / C++ code style
[2.668s] -- Configured uncrustify additional arguments: 
[2.670s] -- Added test 'xmllint' to check XML markup files
[2.674s] -- Configuring done
[2.754s] -- Generating done
[2.780s] -- Build files have been written to: /mission_planning_ws/build/as2_usb_camera_interface
[2.808s] Invoked command in '/mission_planning_ws/build/as2_usb_camera_interface' returned '0': AMENT_PREFIX_PATH=/mission_planning_ws/install/as2_core:/mission_planning_ws/install/as2_msgs:${AMENT_PREFIX_PATH} CMAKE_PREFIX_PATH=/mission_planning_ws/install/as2_core:/mission_planning_ws/install/as2_msgs:/root/project_gazebo_ws/install/aerostack2:/root/project_gazebo_ws/install/as2_usb_camera_interface:/root/project_gazebo_ws/install/as2_state_estimator:/root/project_gazebo_ws/install/as2_rviz_plugins:/root/project_gazebo_ws/install/as2_realsense_interface:/root/project_gazebo_ws/install/as2_platform_multirotor_simulator:/root/project_gazebo_ws/install/as2_platform_gazebo:/root/project_gazebo_ws/install/as2_motion_controller:/root/project_gazebo_ws/install/as2_behaviors_trajectory_generation:/root/project_gazebo_ws/install/as2_behaviors_motion:/root/project_gazebo_ws/install/as2_motion_reference_handlers:/root/project_gazebo_ws/install/as2_map_server:/root/project_gazebo_ws/install/as2_geozones:/root/project_gazebo_ws/install/as2_gazebo_assets:/root/project_gazebo_ws/install/as2_external_object_to_tf:/root/project_gazebo_ws/install/as2_behaviors_platform:/root/project_gazebo_ws/install/as2_behaviors_perception:/root/project_gazebo_ws/install/as2_behaviors_path_planning:/root/project_gazebo_ws/install/as2_behavior_tree:/root/project_gazebo_ws/install/as2_behavior:/root/project_gazebo_ws/install/as2_alphanumeric_viewer:/root/project_gazebo_ws/install/as2_core:/root/project_gazebo_ws/install/as2_msgs:/root/project_gazebo_ws/install/as2_cli:/root/project_gazebo_ws/install/as2_visualization:/root/project_gazebo_ws/install/as2_keyboard_teleoperation:/root/project_gazebo_ws/install/as2_python_api:/opt/ros/humble LD_LIBRARY_PATH=/mission_planning_ws/install/as2_core/lib:/mission_planning_ws/install/as2_msgs/lib:${LD_LIBRARY_PATH} PYTHONPATH=/mission_planning_ws/install/as2_core/local/lib/python3.10/dist-packages:/mission_planning_ws/install/as2_msgs/local/lib/python3.10/dist-packages:${PYTHONPATH} /usr/bin/cmake /mission_planning_ws/src/aerostack2/as2_hardware_drivers/as2_usb_camera_interface -DCMAKE_INSTALL_PREFIX=/mission_planning_ws/install/as2_usb_camera_interface
[2.813s] Invoking command in '/mission_planning_ws/build/as2_usb_camera_interface': AMENT_PREFIX_PATH=/mission_planning_ws/install/as2_core:/mission_planning_ws/install/as2_msgs:${AMENT_PREFIX_PATH} CMAKE_PREFIX_PATH=/mission_planning_ws/install/as2_core:/mission_planning_ws/install/as2_msgs:/root/project_gazebo_ws/install/aerostack2:/root/project_gazebo_ws/install/as2_usb_camera_interface:/root/project_gazebo_ws/install/as2_state_estimator:/root/project_gazebo_ws/install/as2_rviz_plugins:/root/project_gazebo_ws/install/as2_realsense_interface:/root/project_gazebo_ws/install/as2_platform_multirotor_simulator:/root/project_gazebo_ws/install/as2_platform_gazebo:/root/project_gazebo_ws/install/as2_motion_controller:/root/project_gazebo_ws/install/as2_behaviors_trajectory_generation:/root/project_gazebo_ws/install/as2_behaviors_motion:/root/project_gazebo_ws/install/as2_motion_reference_handlers:/root/project_gazebo_ws/install/as2_map_server:/root/project_gazebo_ws/install/as2_geozones:/root/project_gazebo_ws/install/as2_gazebo_assets:/root/project_gazebo_ws/install/as2_external_object_to_tf:/root/project_gazebo_ws/install/as2_behaviors_platform:/root/project_gazebo_ws/install/as2_behaviors_perception:/root/project_gazebo_ws/install/as2_behaviors_path_planning:/root/project_gazebo_ws/install/as2_behavior_tree:/root/project_gazebo_ws/install/as2_behavior:/root/project_gazebo_ws/install/as2_alphanumeric_viewer:/root/project_gazebo_ws/install/as2_core:/root/project_gazebo_ws/install/as2_msgs:/root/project_gazebo_ws/install/as2_cli:/root/project_gazebo_ws/install/as2_visualization:/root/project_gazebo_ws/install/as2_keyboard_teleoperation:/root/project_gazebo_ws/install/as2_python_api:/opt/ros/humble LD_LIBRARY_PATH=/mission_planning_ws/install/as2_core/lib:/mission_planning_ws/install/as2_msgs/lib:${LD_LIBRARY_PATH} PYTHONPATH=/mission_planning_ws/install/as2_core/local/lib/python3.10/dist-packages:/mission_planning_ws/install/as2_msgs/local/lib/python3.10/dist-packages:${PYTHONPATH} /usr/bin/cmake --build /mission_planning_ws/build/as2_usb_camera_interface -- -j22 -l22
[2.993s] [  9%] [32mBuilding CXX object gtest/CMakeFiles/gtest.dir/src/gtest-all.cc.o[0m
[2.994s] [ 18%] [32mBuilding CXX object gtest/CMakeFiles/gtest_main.dir/src/gtest_main.cc.o[0m
[3.026s] [ 27%] [32mBuilding CXX object CMakeFiles/as2_usb_camera_interface_node.dir/src/as2_usb_camera_interface.cpp.o[0m
[3.029s] [ 36%] [32mBuilding CXX object CMakeFiles/as2_usb_camera_interface_node.dir/src/as2_usb_camera_interface_node.cpp.o[0m
[3.080s] [ 45%] [32mBuilding CXX object CMakeFiles/as2_usb_camera_interface.dir/src/as2_usb_camera_interface.cpp.o[0m
[7.462s] [ 54%] [32m[1mLinking CXX static library libgtest_main.a[0m
[7.682s] [ 54%] Built target gtest_main
[41.642s] [ 63%] [32m[1mLinking CXX static library libas2_usb_camera_interface.a[0m
[41.821s] [ 63%] Built target as2_usb_camera_interface
[55.215s] [ 72%] [32m[1mLinking CXX static library libgtest.a[0m
[55.394s] [ 72%] Built target gtest
[55.918s] [ 81%] [32m[1mLinking CXX executable as2_usb_camera_interface_node[0m
[58.271s] [ 81%] Built target as2_usb_camera_interface_node
[58.346s] [ 90%] [32mBuilding CXX object tests/CMakeFiles/as2_usb_camera_interface_as2_usb_camera_interface_gtest.dir/as2_usb_camera_interface_gtest.cpp.o[0m
[66.983s] [100%] [32m[1mLinking CXX executable as2_usb_camera_interface_as2_usb_camera_interface_gtest[0m
[67.598s] [100%] Built target as2_usb_camera_interface_as2_usb_camera_interface_gtest
[67.657s] Invoked command in '/mission_planning_ws/build/as2_usb_camera_interface' returned '0': AMENT_PREFIX_PATH=/mission_planning_ws/install/as2_core:/mission_planning_ws/install/as2_msgs:${AMENT_PREFIX_PATH} CMAKE_PREFIX_PATH=/mission_planning_ws/install/as2_core:/mission_planning_ws/install/as2_msgs:/root/project_gazebo_ws/install/aerostack2:/root/project_gazebo_ws/install/as2_usb_camera_interface:/root/project_gazebo_ws/install/as2_state_estimator:/root/project_gazebo_ws/install/as2_rviz_plugins:/root/project_gazebo_ws/install/as2_realsense_interface:/root/project_gazebo_ws/install/as2_platform_multirotor_simulator:/root/project_gazebo_ws/install/as2_platform_gazebo:/root/project_gazebo_ws/install/as2_motion_controller:/root/project_gazebo_ws/install/as2_behaviors_trajectory_generation:/root/project_gazebo_ws/install/as2_behaviors_motion:/root/project_gazebo_ws/install/as2_motion_reference_handlers:/root/project_gazebo_ws/install/as2_map_server:/root/project_gazebo_ws/install/as2_geozones:/root/project_gazebo_ws/install/as2_gazebo_assets:/root/project_gazebo_ws/install/as2_external_object_to_tf:/root/project_gazebo_ws/install/as2_behaviors_platform:/root/project_gazebo_ws/install/as2_behaviors_perception:/root/project_gazebo_ws/install/as2_behaviors_path_planning:/root/project_gazebo_ws/install/as2_behavior_tree:/root/project_gazebo_ws/install/as2_behavior:/root/project_gazebo_ws/install/as2_alphanumeric_viewer:/root/project_gazebo_ws/install/as2_core:/root/project_gazebo_ws/install/as2_msgs:/root/project_gazebo_ws/install/as2_cli:/root/project_gazebo_ws/install/as2_visualization:/root/project_gazebo_ws/install/as2_keyboard_teleoperation:/root/project_gazebo_ws/install/as2_python_api:/opt/ros/humble LD_LIBRARY_PATH=/mission_planning_ws/install/as2_core/lib:/mission_planning_ws/install/as2_msgs/lib:${LD_LIBRARY_PATH} PYTHONPATH=/mission_planning_ws/install/as2_core/local/lib/python3.10/dist-packages:/mission_planning_ws/install/as2_msgs/local/lib/python3.10/dist-packages:${PYTHONPATH} /usr/bin/cmake --build /mission_planning_ws/build/as2_usb_camera_interface -- -j22 -l22
[67.657s] Invoking command in '/mission_planning_ws/build/as2_usb_camera_interface': AMENT_PREFIX_PATH=/mission_planning_ws/install/as2_core:/mission_planning_ws/install/as2_msgs:${AMENT_PREFIX_PATH} CMAKE_PREFIX_PATH=/mission_planning_ws/install/as2_core:/mission_planning_ws/install/as2_msgs:/root/project_gazebo_ws/install/aerostack2:/root/project_gazebo_ws/install/as2_usb_camera_interface:/root/project_gazebo_ws/install/as2_state_estimator:/root/project_gazebo_ws/install/as2_rviz_plugins:/root/project_gazebo_ws/install/as2_realsense_interface:/root/project_gazebo_ws/install/as2_platform_multirotor_simulator:/root/project_gazebo_ws/install/as2_platform_gazebo:/root/project_gazebo_ws/install/as2_motion_controller:/root/project_gazebo_ws/install/as2_behaviors_trajectory_generation:/root/project_gazebo_ws/install/as2_behaviors_motion:/root/project_gazebo_ws/install/as2_motion_reference_handlers:/root/project_gazebo_ws/install/as2_map_server:/root/project_gazebo_ws/install/as2_geozones:/root/project_gazebo_ws/install/as2_gazebo_assets:/root/project_gazebo_ws/install/as2_external_object_to_tf:/root/project_gazebo_ws/install/as2_behaviors_platform:/root/project_gazebo_ws/install/as2_behaviors_perception:/root/project_gazebo_ws/install/as2_behaviors_path_planning:/root/project_gazebo_ws/install/as2_behavior_tree:/root/project_gazebo_ws/install/as2_behavior:/root/project_gazebo_ws/install/as2_alphanumeric_viewer:/root/project_gazebo_ws/install/as2_core:/root/project_gazebo_ws/install/as2_msgs:/root/project_gazebo_ws/install/as2_cli:/root/project_gazebo_ws/install/as2_visualization:/root/project_gazebo_ws/install/as2_keyboard_teleoperation:/root/project_gazebo_ws/install/as2_python_api:/opt/ros/humble LD_LIBRARY_PATH=/mission_planning_ws/install/as2_core/lib:/mission_planning_ws/install/as2_msgs/lib:${LD_LIBRARY_PATH} PYTHONPATH=/mission_planning_ws/install/as2_core/local/lib/python3.10/dist-packages:/mission_planning_ws/install/as2_msgs/local/lib/python3.10/dist-packages:${PYTHONPATH} /usr/bin/cmake --install /mission_planning_ws/build/as2_usb_camera_interface
[67.994s] -- Install configuration: "Release"
[67.994s] -- Installing: /mission_planning_ws/install/as2_usb_camera_interface/include
[67.994s] -- Installing: /mission_planning_ws/install/as2_usb_camera_interface/include/as2_usb_camera_interface
[67.994s] -- Installing: /mission_planning_ws/install/as2_usb_camera_interface/include/as2_usb_camera_interface/as2_usb_camera_interface.hpp
[67.994s] -- Installing: /mission_planning_ws/install/as2_usb_camera_interface/share/as2_usb_camera_interface/launch
[67.994s] -- Installing: /mission_planning_ws/install/as2_usb_camera_interface/share/as2_usb_camera_interface/launch/as2_usb_camera_interface_launch.py
[67.994s] -- Installing: /mission_planning_ws/install/as2_usb_camera_interface/share/as2_usb_camera_interface/config
[67.994s] -- Installing: /mission_planning_ws/install/as2_usb_camera_interface/share/as2_usb_camera_interface/config/camera_calibration_default.yaml
[67.994s] -- Installing: /mission_planning_ws/install/as2_usb_camera_interface/share/as2_usb_camera_interface/config/config_file_default.yaml
[67.994s] -- Installing: /mission_planning_ws/install/as2_usb_camera_interface/share/as2_usb_camera_interface/config/as2_usb_camera_interface
[67.995s] -- Installing: /mission_planning_ws/install/as2_usb_camera_interface/share/as2_usb_camera_interface/config/as2_usb_camera_interface/wide02_720_info.yaml
[67.995s] -- Installing: /mission_planning_ws/install/as2_usb_camera_interface/share/as2_usb_camera_interface/config/as2_usb_camera_interface/wide03_1080_info.yaml
[67.995s] -- Installing: /mission_planning_ws/install/as2_usb_camera_interface/share/as2_usb_camera_interface/config/as2_usb_camera_interface/camera_info.yaml
[67.995s] -- Installing: /mission_planning_ws/install/as2_usb_camera_interface/share/as2_usb_camera_interface/config/as2_usb_camera_interface/wide03_720_info.yaml
[67.995s] -- Installing: /mission_planning_ws/install/as2_usb_camera_interface/share/as2_usb_camera_interface/config/tf_cam
[67.995s] -- Installing: /mission_planning_ws/install/as2_usb_camera_interface/share/as2_usb_camera_interface/config/tf_cam/f330_arguments.yaml
[67.995s] -- Installing: /mission_planning_ws/install/as2_usb_camera_interface/share/as2_usb_camera_interface/config/tf_cam/sim_arguments.yaml
[67.995s] -- Installing: /mission_planning_ws/install/as2_usb_camera_interface/share/as2_usb_camera_interface/config/tf_cam/f450_arguments.yaml
[67.995s] -- Installing: /mission_planning_ws/install/as2_usb_camera_interface/lib/as2_usb_camera_interface/as2_usb_camera_interface_node
[67.995s] -- Set runtime path of "/mission_planning_ws/install/as2_usb_camera_interface/lib/as2_usb_camera_interface/as2_usb_camera_interface_node" to ""
[67.995s] -- Installing: /mission_planning_ws/install/as2_usb_camera_interface/lib/libas2_usb_camera_interface.a
[67.995s] -- Installing: /mission_planning_ws/install/as2_usb_camera_interface/share/ament_index/resource_index/package_run_dependencies/as2_usb_camera_interface
[67.996s] -- Installing: /mission_planning_ws/install/as2_usb_camera_interface/share/ament_index/resource_index/parent_prefix_path/as2_usb_camera_interface
[67.996s] -- Installing: /mission_planning_ws/install/as2_usb_camera_interface/share/as2_usb_camera_interface/environment/ament_prefix_path.sh
[67.996s] -- Installing: /mission_planning_ws/install/as2_usb_camera_interface/share/as2_usb_camera_interface/environment/ament_prefix_path.dsv
[67.996s] -- Installing: /mission_planning_ws/install/as2_usb_camera_interface/share/as2_usb_camera_interface/environment/path.sh
[67.996s] -- Installing: /mission_planning_ws/install/as2_usb_camera_interface/share/as2_usb_camera_interface/environment/path.dsv
[67.996s] -- Installing: /mission_planning_ws/install/as2_usb_camera_interface/share/as2_usb_camera_interface/local_setup.bash
[67.996s] -- Installing: /mission_planning_ws/install/as2_usb_camera_interface/share/as2_usb_camera_interface/local_setup.sh
[67.996s] -- Installing: /mission_planning_ws/install/as2_usb_camera_interface/share/as2_usb_camera_interface/local_setup.zsh
[67.996s] -- Installing: /mission_planning_ws/install/as2_usb_camera_interface/share/as2_usb_camera_interface/local_setup.dsv
[67.996s] -- Installing: /mission_planning_ws/install/as2_usb_camera_interface/share/as2_usb_camera_interface/package.dsv
[67.996s] -- Installing: /mission_planning_ws/install/as2_usb_camera_interface/share/ament_index/resource_index/packages/as2_usb_camera_interface
[67.997s] -- Installing: /mission_planning_ws/install/as2_usb_camera_interface/share/as2_usb_camera_interface/cmake/as2_usb_camera_interfaceConfig.cmake
[67.997s] -- Installing: /mission_planning_ws/install/as2_usb_camera_interface/share/as2_usb_camera_interface/cmake/as2_usb_camera_interfaceConfig-version.cmake
[67.997s] -- Installing: /mission_planning_ws/install/as2_usb_camera_interface/share/as2_usb_camera_interface/package.xml
[68.021s] Invoked command in '/mission_planning_ws/build/as2_usb_camera_interface' returned '0': AMENT_PREFIX_PATH=/mission_planning_ws/install/as2_core:/mission_planning_ws/install/as2_msgs:${AMENT_PREFIX_PATH} CMAKE_PREFIX_PATH=/mission_planning_ws/install/as2_core:/mission_planning_ws/install/as2_msgs:/root/project_gazebo_ws/install/aerostack2:/root/project_gazebo_ws/install/as2_usb_camera_interface:/root/project_gazebo_ws/install/as2_state_estimator:/root/project_gazebo_ws/install/as2_rviz_plugins:/root/project_gazebo_ws/install/as2_realsense_interface:/root/project_gazebo_ws/install/as2_platform_multirotor_simulator:/root/project_gazebo_ws/install/as2_platform_gazebo:/root/project_gazebo_ws/install/as2_motion_controller:/root/project_gazebo_ws/install/as2_behaviors_trajectory_generation:/root/project_gazebo_ws/install/as2_behaviors_motion:/root/project_gazebo_ws/install/as2_motion_reference_handlers:/root/project_gazebo_ws/install/as2_map_server:/root/project_gazebo_ws/install/as2_geozones:/root/project_gazebo_ws/install/as2_gazebo_assets:/root/project_gazebo_ws/install/as2_external_object_to_tf:/root/project_gazebo_ws/install/as2_behaviors_platform:/root/project_gazebo_ws/install/as2_behaviors_perception:/root/project_gazebo_ws/install/as2_behaviors_path_planning:/root/project_gazebo_ws/install/as2_behavior_tree:/root/project_gazebo_ws/install/as2_behavior:/root/project_gazebo_ws/install/as2_alphanumeric_viewer:/root/project_gazebo_ws/install/as2_core:/root/project_gazebo_ws/install/as2_msgs:/root/project_gazebo_ws/install/as2_cli:/root/project_gazebo_ws/install/as2_visualization:/root/project_gazebo_ws/install/as2_keyboard_teleoperation:/root/project_gazebo_ws/install/as2_python_api:/opt/ros/humble LD_LIBRARY_PATH=/mission_planning_ws/install/as2_core/lib:/mission_planning_ws/install/as2_msgs/lib:${LD_LIBRARY_PATH} PYTHONPATH=/mission_planning_ws/install/as2_core/local/lib/python3.10/dist-packages:/mission_planning_ws/install/as2_msgs/local/lib/python3.10/dist-packages:${PYTHONPATH} /usr/bin/cmake --install /mission_planning_ws/build/as2_usb_camera_interface
