[0.047s] Invoking command in '/mission_planning_ws/build/as2_behavior_tree': AMENT_PREFIX_PATH=/mission_planning_ws/install/as2_core:/mission_planning_ws/install/as2_msgs:${AMENT_PREFIX_PATH} CMAKE_PREFIX_PATH=/mission_planning_ws/install/as2_core:/mission_planning_ws/install/as2_msgs:/root/project_gazebo_ws/install/aerostack2:/root/project_gazebo_ws/install/as2_usb_camera_interface:/root/project_gazebo_ws/install/as2_state_estimator:/root/project_gazebo_ws/install/as2_rviz_plugins:/root/project_gazebo_ws/install/as2_realsense_interface:/root/project_gazebo_ws/install/as2_platform_multirotor_simulator:/root/project_gazebo_ws/install/as2_platform_gazebo:/root/project_gazebo_ws/install/as2_motion_controller:/root/project_gazebo_ws/install/as2_behaviors_trajectory_generation:/root/project_gazebo_ws/install/as2_behaviors_motion:/root/project_gazebo_ws/install/as2_motion_reference_handlers:/root/project_gazebo_ws/install/as2_map_server:/root/project_gazebo_ws/install/as2_geozones:/root/project_gazebo_ws/install/as2_gazebo_assets:/root/project_gazebo_ws/install/as2_external_object_to_tf:/root/project_gazebo_ws/install/as2_behaviors_platform:/root/project_gazebo_ws/install/as2_behaviors_perception:/root/project_gazebo_ws/install/as2_behaviors_path_planning:/root/project_gazebo_ws/install/as2_behavior_tree:/root/project_gazebo_ws/install/as2_behavior:/root/project_gazebo_ws/install/as2_alphanumeric_viewer:/root/project_gazebo_ws/install/as2_core:/root/project_gazebo_ws/install/as2_msgs:/root/project_gazebo_ws/install/as2_cli:/root/project_gazebo_ws/install/as2_visualization:/root/project_gazebo_ws/install/as2_keyboard_teleoperation:/root/project_gazebo_ws/install/as2_python_api:/opt/ros/humble LD_LIBRARY_PATH=/mission_planning_ws/install/as2_core/lib:/mission_planning_ws/install/as2_msgs/lib:${LD_LIBRARY_PATH} PYTHONPATH=/mission_planning_ws/install/as2_core/local/lib/python3.10/dist-packages:/mission_planning_ws/install/as2_msgs/local/lib/python3.10/dist-packages:${PYTHONPATH} /usr/bin/cmake --build /mission_planning_ws/build/as2_behavior_tree -- -j22 -l22
[0.170s] [  6%] Built target platform_emulator
[0.185s] [ 12%] Built target takeoff_emulator
[0.185s] [ 19%] Built target land_emulator
[0.199s] [ 25%] Built target go_to_emulator
[0.203s] [ 74%] Built target as2_behavior_tree
[0.238s] [ 80%] Built target follow_path_emulator
[0.265s] [ 87%] Built target as2_behavior_tree_node
[0.294s] [ 93%] Built target as2_behavior_tree_port_test
[0.300s] [100%] Built target as2_behavior_tree_port_pose_test
[0.367s] Invoked command in '/mission_planning_ws/build/as2_behavior_tree' returned '0': AMENT_PREFIX_PATH=/mission_planning_ws/install/as2_core:/mission_planning_ws/install/as2_msgs:${AMENT_PREFIX_PATH} CMAKE_PREFIX_PATH=/mission_planning_ws/install/as2_core:/mission_planning_ws/install/as2_msgs:/root/project_gazebo_ws/install/aerostack2:/root/project_gazebo_ws/install/as2_usb_camera_interface:/root/project_gazebo_ws/install/as2_state_estimator:/root/project_gazebo_ws/install/as2_rviz_plugins:/root/project_gazebo_ws/install/as2_realsense_interface:/root/project_gazebo_ws/install/as2_platform_multirotor_simulator:/root/project_gazebo_ws/install/as2_platform_gazebo:/root/project_gazebo_ws/install/as2_motion_controller:/root/project_gazebo_ws/install/as2_behaviors_trajectory_generation:/root/project_gazebo_ws/install/as2_behaviors_motion:/root/project_gazebo_ws/install/as2_motion_reference_handlers:/root/project_gazebo_ws/install/as2_map_server:/root/project_gazebo_ws/install/as2_geozones:/root/project_gazebo_ws/install/as2_gazebo_assets:/root/project_gazebo_ws/install/as2_external_object_to_tf:/root/project_gazebo_ws/install/as2_behaviors_platform:/root/project_gazebo_ws/install/as2_behaviors_perception:/root/project_gazebo_ws/install/as2_behaviors_path_planning:/root/project_gazebo_ws/install/as2_behavior_tree:/root/project_gazebo_ws/install/as2_behavior:/root/project_gazebo_ws/install/as2_alphanumeric_viewer:/root/project_gazebo_ws/install/as2_core:/root/project_gazebo_ws/install/as2_msgs:/root/project_gazebo_ws/install/as2_cli:/root/project_gazebo_ws/install/as2_visualization:/root/project_gazebo_ws/install/as2_keyboard_teleoperation:/root/project_gazebo_ws/install/as2_python_api:/opt/ros/humble LD_LIBRARY_PATH=/mission_planning_ws/install/as2_core/lib:/mission_planning_ws/install/as2_msgs/lib:${LD_LIBRARY_PATH} PYTHONPATH=/mission_planning_ws/install/as2_core/local/lib/python3.10/dist-packages:/mission_planning_ws/install/as2_msgs/local/lib/python3.10/dist-packages:${PYTHONPATH} /usr/bin/cmake --build /mission_planning_ws/build/as2_behavior_tree -- -j22 -l22
[0.368s] Invoking command in '/mission_planning_ws/build/as2_behavior_tree': AMENT_PREFIX_PATH=/mission_planning_ws/install/as2_core:/mission_planning_ws/install/as2_msgs:${AMENT_PREFIX_PATH} CMAKE_PREFIX_PATH=/mission_planning_ws/install/as2_core:/mission_planning_ws/install/as2_msgs:/root/project_gazebo_ws/install/aerostack2:/root/project_gazebo_ws/install/as2_usb_camera_interface:/root/project_gazebo_ws/install/as2_state_estimator:/root/project_gazebo_ws/install/as2_rviz_plugins:/root/project_gazebo_ws/install/as2_realsense_interface:/root/project_gazebo_ws/install/as2_platform_multirotor_simulator:/root/project_gazebo_ws/install/as2_platform_gazebo:/root/project_gazebo_ws/install/as2_motion_controller:/root/project_gazebo_ws/install/as2_behaviors_trajectory_generation:/root/project_gazebo_ws/install/as2_behaviors_motion:/root/project_gazebo_ws/install/as2_motion_reference_handlers:/root/project_gazebo_ws/install/as2_map_server:/root/project_gazebo_ws/install/as2_geozones:/root/project_gazebo_ws/install/as2_gazebo_assets:/root/project_gazebo_ws/install/as2_external_object_to_tf:/root/project_gazebo_ws/install/as2_behaviors_platform:/root/project_gazebo_ws/install/as2_behaviors_perception:/root/project_gazebo_ws/install/as2_behaviors_path_planning:/root/project_gazebo_ws/install/as2_behavior_tree:/root/project_gazebo_ws/install/as2_behavior:/root/project_gazebo_ws/install/as2_alphanumeric_viewer:/root/project_gazebo_ws/install/as2_core:/root/project_gazebo_ws/install/as2_msgs:/root/project_gazebo_ws/install/as2_cli:/root/project_gazebo_ws/install/as2_visualization:/root/project_gazebo_ws/install/as2_keyboard_teleoperation:/root/project_gazebo_ws/install/as2_python_api:/opt/ros/humble LD_LIBRARY_PATH=/mission_planning_ws/install/as2_core/lib:/mission_planning_ws/install/as2_msgs/lib:${LD_LIBRARY_PATH} PYTHONPATH=/mission_planning_ws/install/as2_core/local/lib/python3.10/dist-packages:/mission_planning_ws/install/as2_msgs/local/lib/python3.10/dist-packages:${PYTHONPATH} /usr/bin/cmake --install /mission_planning_ws/build/as2_behavior_tree
[0.381s] -- Install configuration: "Release"
[0.381s] -- Up-to-date: /mission_planning_ws/install/as2_behavior_tree/include
[0.381s] -- Up-to-date: /mission_planning_ws/install/as2_behavior_tree/include/as2_behavior_tree
[0.381s] -- Up-to-date: /mission_planning_ws/install/as2_behavior_tree/include/as2_behavior_tree/action
[0.381s] -- Up-to-date: /mission_planning_ws/install/as2_behavior_tree/include/as2_behavior_tree/action/offboard_service.hpp
[0.381s] -- Up-to-date: /mission_planning_ws/install/as2_behavior_tree/include/as2_behavior_tree/action/get_origin.hpp
[0.381s] -- Up-to-date: /mission_planning_ws/install/as2_behavior_tree/include/as2_behavior_tree/action/set_origin.hpp
[0.381s] -- Up-to-date: /mission_planning_ws/install/as2_behavior_tree/include/as2_behavior_tree/action/gps_to_cartesian.hpp
[0.381s] -- Up-to-date: /mission_planning_ws/install/as2_behavior_tree/include/as2_behavior_tree/action/arm_service.hpp
[0.381s] -- Up-to-date: /mission_planning_ws/install/as2_behavior_tree/include/as2_behavior_tree/action/send_event.hpp
[0.381s] -- Up-to-date: /mission_planning_ws/install/as2_behavior_tree/include/as2_behavior_tree/action/follow_path.hpp
[0.381s] -- Up-to-date: /mission_planning_ws/install/as2_behavior_tree/include/as2_behavior_tree/action/go_to_action.hpp
[0.381s] -- Up-to-date: /mission_planning_ws/install/as2_behavior_tree/include/as2_behavior_tree/action/go_to_gps_action.hpp
[0.382s] -- Up-to-date: /mission_planning_ws/install/as2_behavior_tree/include/as2_behavior_tree/action/takeoff_action.hpp
[0.382s] -- Up-to-date: /mission_planning_ws/install/as2_behavior_tree/include/as2_behavior_tree/action/land_action.hpp
[0.382s] -- Up-to-date: /mission_planning_ws/install/as2_behavior_tree/include/as2_behavior_tree/action/echo.hpp
[0.382s] -- Up-to-date: /mission_planning_ws/install/as2_behavior_tree/include/as2_behavior_tree/bt_action_node.hpp
[0.382s] -- Up-to-date: /mission_planning_ws/install/as2_behavior_tree/include/as2_behavior_tree/condition
[0.382s] -- Up-to-date: /mission_planning_ws/install/as2_behavior_tree/include/as2_behavior_tree/condition/is_flying_condition.hpp
[0.382s] -- Up-to-date: /mission_planning_ws/install/as2_behavior_tree/include/as2_behavior_tree/bt_service_node.hpp
[0.382s] -- Up-to-date: /mission_planning_ws/install/as2_behavior_tree/include/as2_behavior_tree/port_specialization.hpp
[0.382s] -- Up-to-date: /mission_planning_ws/install/as2_behavior_tree/include/as2_behavior_tree/decorator
[0.382s] -- Up-to-date: /mission_planning_ws/install/as2_behavior_tree/include/as2_behavior_tree/decorator/wait_for_alert.hpp
[0.382s] -- Up-to-date: /mission_planning_ws/install/as2_behavior_tree/include/as2_behavior_tree/decorator/wait_for_event.hpp
[0.382s] -- Up-to-date: /mission_planning_ws/install/as2_behavior_tree/lib/as2_behavior_tree/as2_behavior_tree_node
[0.382s] -- Up-to-date: /mission_planning_ws/install/as2_behavior_tree/lib/libas2_behavior_tree.so
[0.382s] -- Up-to-date: /mission_planning_ws/install/as2_behavior_tree/share/as2_behavior_tree/launch
[0.382s] -- Up-to-date: /mission_planning_ws/install/as2_behavior_tree/share/as2_behavior_tree/launch/behavior_trees.launch.py
[0.382s] -- Up-to-date: /mission_planning_ws/install/as2_behavior_tree/share/as2_behavior_tree/resource
[0.382s] -- Up-to-date: /mission_planning_ws/install/as2_behavior_tree/share/as2_behavior_tree/resource/event_test.xml
[0.383s] -- Up-to-date: /mission_planning_ws/install/as2_behavior_tree/share/as2_behavior_tree/resource/RTL_test_2.xml
[0.383s] -- Up-to-date: /mission_planning_ws/install/as2_behavior_tree/share/as2_behavior_tree/resource/actions.xml
[0.383s] -- Up-to-date: /mission_planning_ws/install/as2_behavior_tree/share/as2_behavior_tree/resource/basic_mission.xml
[0.383s] -- Up-to-date: /mission_planning_ws/install/as2_behavior_tree/share/as2_behavior_tree/resource/test.xml
[0.383s] -- Up-to-date: /mission_planning_ws/install/as2_behavior_tree/share/as2_behavior_tree/resource/event_test_2.xml
[0.383s] -- Up-to-date: /mission_planning_ws/install/as2_behavior_tree/share/as2_behavior_tree/resource/takeoff.xml
[0.383s] -- Up-to-date: /mission_planning_ws/install/as2_behavior_tree/share/as2_behavior_tree/resource/follow_path_test.xml
[0.383s] -- Up-to-date: /mission_planning_ws/install/as2_behavior_tree/share/as2_behavior_tree/resource/arm_test.xml
[0.383s] -- Up-to-date: /mission_planning_ws/install/as2_behavior_tree/share/ament_index/resource_index/package_run_dependencies/as2_behavior_tree
[0.383s] -- Up-to-date: /mission_planning_ws/install/as2_behavior_tree/share/ament_index/resource_index/parent_prefix_path/as2_behavior_tree
[0.383s] -- Up-to-date: /mission_planning_ws/install/as2_behavior_tree/share/as2_behavior_tree/environment/ament_prefix_path.sh
[0.383s] -- Up-to-date: /mission_planning_ws/install/as2_behavior_tree/share/as2_behavior_tree/environment/ament_prefix_path.dsv
[0.383s] -- Up-to-date: /mission_planning_ws/install/as2_behavior_tree/share/as2_behavior_tree/environment/path.sh
[0.383s] -- Up-to-date: /mission_planning_ws/install/as2_behavior_tree/share/as2_behavior_tree/environment/path.dsv
[0.383s] -- Up-to-date: /mission_planning_ws/install/as2_behavior_tree/share/as2_behavior_tree/local_setup.bash
[0.383s] -- Up-to-date: /mission_planning_ws/install/as2_behavior_tree/share/as2_behavior_tree/local_setup.sh
[0.383s] -- Up-to-date: /mission_planning_ws/install/as2_behavior_tree/share/as2_behavior_tree/local_setup.zsh
[0.383s] -- Up-to-date: /mission_planning_ws/install/as2_behavior_tree/share/as2_behavior_tree/local_setup.dsv
[0.383s] -- Installing: /mission_planning_ws/install/as2_behavior_tree/share/as2_behavior_tree/package.dsv
[0.384s] -- Up-to-date: /mission_planning_ws/install/as2_behavior_tree/share/ament_index/resource_index/packages/as2_behavior_tree
[0.384s] -- Up-to-date: /mission_planning_ws/install/as2_behavior_tree/share/as2_behavior_tree/cmake/as2_behavior_treeConfig.cmake
[0.384s] -- Up-to-date: /mission_planning_ws/install/as2_behavior_tree/share/as2_behavior_tree/cmake/as2_behavior_treeConfig-version.cmake
[0.384s] -- Up-to-date: /mission_planning_ws/install/as2_behavior_tree/share/as2_behavior_tree/package.xml
[0.384s] -- Up-to-date: /mission_planning_ws/install/as2_behavior_tree/share/as2_behavior_tree/launch
[0.384s] -- Up-to-date: /mission_planning_ws/install/as2_behavior_tree/share/as2_behavior_tree/launch/all_emulator.launch.py
[0.384s] -- Up-to-date: /mission_planning_ws/install/as2_behavior_tree/share/as2_behavior_tree/launch/land_emulator.launch.py
[0.384s] -- Up-to-date: /mission_planning_ws/install/as2_behavior_tree/share/as2_behavior_tree/launch/takeoff_emulator.launch.py
[0.384s] -- Up-to-date: /mission_planning_ws/install/as2_behavior_tree/lib/as2_behavior_tree/platform_emulator
[0.384s] -- Up-to-date: /mission_planning_ws/install/as2_behavior_tree/lib/as2_behavior_tree/takeoff_emulator
[0.384s] -- Up-to-date: /mission_planning_ws/install/as2_behavior_tree/lib/as2_behavior_tree/land_emulator
[0.384s] -- Up-to-date: /mission_planning_ws/install/as2_behavior_tree/lib/as2_behavior_tree/go_to_emulator
[0.384s] -- Up-to-date: /mission_planning_ws/install/as2_behavior_tree/lib/as2_behavior_tree/follow_path_emulator
[0.446s] Invoked command in '/mission_planning_ws/build/as2_behavior_tree' returned '0': AMENT_PREFIX_PATH=/mission_planning_ws/install/as2_core:/mission_planning_ws/install/as2_msgs:${AMENT_PREFIX_PATH} CMAKE_PREFIX_PATH=/mission_planning_ws/install/as2_core:/mission_planning_ws/install/as2_msgs:/root/project_gazebo_ws/install/aerostack2:/root/project_gazebo_ws/install/as2_usb_camera_interface:/root/project_gazebo_ws/install/as2_state_estimator:/root/project_gazebo_ws/install/as2_rviz_plugins:/root/project_gazebo_ws/install/as2_realsense_interface:/root/project_gazebo_ws/install/as2_platform_multirotor_simulator:/root/project_gazebo_ws/install/as2_platform_gazebo:/root/project_gazebo_ws/install/as2_motion_controller:/root/project_gazebo_ws/install/as2_behaviors_trajectory_generation:/root/project_gazebo_ws/install/as2_behaviors_motion:/root/project_gazebo_ws/install/as2_motion_reference_handlers:/root/project_gazebo_ws/install/as2_map_server:/root/project_gazebo_ws/install/as2_geozones:/root/project_gazebo_ws/install/as2_gazebo_assets:/root/project_gazebo_ws/install/as2_external_object_to_tf:/root/project_gazebo_ws/install/as2_behaviors_platform:/root/project_gazebo_ws/install/as2_behaviors_perception:/root/project_gazebo_ws/install/as2_behaviors_path_planning:/root/project_gazebo_ws/install/as2_behavior_tree:/root/project_gazebo_ws/install/as2_behavior:/root/project_gazebo_ws/install/as2_alphanumeric_viewer:/root/project_gazebo_ws/install/as2_core:/root/project_gazebo_ws/install/as2_msgs:/root/project_gazebo_ws/install/as2_cli:/root/project_gazebo_ws/install/as2_visualization:/root/project_gazebo_ws/install/as2_keyboard_teleoperation:/root/project_gazebo_ws/install/as2_python_api:/opt/ros/humble LD_LIBRARY_PATH=/mission_planning_ws/install/as2_core/lib:/mission_planning_ws/install/as2_msgs/lib:${LD_LIBRARY_PATH} PYTHONPATH=/mission_planning_ws/install/as2_core/local/lib/python3.10/dist-packages:/mission_planning_ws/install/as2_msgs/local/lib/python3.10/dist-packages:${PYTHONPATH} /usr/bin/cmake --install /mission_planning_ws/build/as2_behavior_tree
