[0.042s] Invoking command in '/mission_planning_ws/src/build/as2_behavior': AMENT_PREFIX_PATH=/mission_planning_ws/src/install/as2_core:/mission_planning_ws/src/install/as2_msgs:${AMENT_PREFIX_PATH} CMAKE_PREFIX_PATH=/mission_planning_ws/src/install/as2_core:/mission_planning_ws/src/install/as2_msgs:/root/project_gazebo_ws/install/aerostack2:/root/project_gazebo_ws/install/as2_usb_camera_interface:/root/project_gazebo_ws/install/as2_state_estimator:/root/project_gazebo_ws/install/as2_rviz_plugins:/root/project_gazebo_ws/install/as2_realsense_interface:/root/project_gazebo_ws/install/as2_platform_multirotor_simulator:/root/project_gazebo_ws/install/as2_platform_gazebo:/root/project_gazebo_ws/install/as2_motion_controller:/root/project_gazebo_ws/install/as2_behaviors_trajectory_generation:/root/project_gazebo_ws/install/as2_behaviors_motion:/root/project_gazebo_ws/install/as2_motion_reference_handlers:/root/project_gazebo_ws/install/as2_map_server:/root/project_gazebo_ws/install/as2_geozones:/root/project_gazebo_ws/install/as2_gazebo_assets:/root/project_gazebo_ws/install/as2_external_object_to_tf:/root/project_gazebo_ws/install/as2_behaviors_platform:/root/project_gazebo_ws/install/as2_behaviors_perception:/root/project_gazebo_ws/install/as2_behaviors_path_planning:/root/project_gazebo_ws/install/as2_behavior_tree:/root/project_gazebo_ws/install/as2_behavior:/root/project_gazebo_ws/install/as2_alphanumeric_viewer:/root/project_gazebo_ws/install/as2_core:/root/project_gazebo_ws/install/as2_msgs:/root/project_gazebo_ws/install/as2_cli:/root/project_gazebo_ws/install/as2_visualization:/root/project_gazebo_ws/install/as2_keyboard_teleoperation:/root/project_gazebo_ws/install/as2_python_api:/opt/ros/humble LD_LIBRARY_PATH=/mission_planning_ws/src/install/as2_core/lib:/mission_planning_ws/src/install/as2_msgs/lib:${LD_LIBRARY_PATH} PYTHONPATH=/mission_planning_ws/src/install/as2_core/local/lib/python3.10/dist-packages:/mission_planning_ws/src/install/as2_msgs/local/lib/python3.10/dist-packages:${PYTHONPATH} /usr/bin/cmake /mission_planning_ws/src/aerostack2/as2_behaviors/as2_behavior -DCMAKE_INSTALL_PREFIX=/mission_planning_ws/src/install/as2_behavior
[0.081s] -- The C compiler identification is GNU 11.4.0
[0.141s] -- The CXX compiler identification is GNU 11.4.0
[0.149s] -- Detecting C compiler ABI info
[0.227s] -- Detecting C compiler ABI info - done
[0.234s] -- Check for working C compiler: /usr/bin/cc - skipped
[0.235s] -- Detecting C compile features
[0.235s] -- Detecting C compile features - done
[0.239s] -- Detecting CXX compiler ABI info
[0.332s] -- Detecting CXX compiler ABI info - done
[0.340s] -- Check for working CXX compiler: /usr/bin/c++ - skipped
[0.340s] -- Detecting CXX compile features
[0.341s] -- Detecting CXX compile features - done
[0.349s] -- Found ament_cmake: 1.3.11 (/opt/ros/humble/share/ament_cmake/cmake)
[0.571s] -- Found Python3: /usr/bin/python3 (found version "3.10.12") found components: Interpreter 
[0.797s] -- Found rclcpp: 16.0.11 (/opt/ros/humble/share/rclcpp/cmake)
[0.942s] -- Found rosidl_generator_c: 3.1.6 (/opt/ros/humble/share/rosidl_generator_c/cmake)
[0.962s] -- Found rosidl_adapter: 3.1.6 (/opt/ros/humble/share/rosidl_adapter/cmake)
[0.987s] -- Found rosidl_generator_cpp: 3.1.6 (/opt/ros/humble/share/rosidl_generator_cpp/cmake)
[1.021s] -- Using all available rosidl_typesupport_c: rosidl_typesupport_fastrtps_c;rosidl_typesupport_introspection_c
[1.066s] -- Using all available rosidl_typesupport_cpp: rosidl_typesupport_fastrtps_cpp;rosidl_typesupport_introspection_cpp
[1.199s] -- Found rmw_implementation_cmake: 6.1.2 (/opt/ros/humble/share/rmw_implementation_cmake/cmake)
[1.213s] -- Found rmw_fastrtps_cpp: 6.2.7 (/opt/ros/humble/share/rmw_fastrtps_cpp/cmake)
[1.398s] -- Found OpenSSL: /usr/lib/x86_64-linux-gnu/libcrypto.so (found version "3.0.2")  
[1.454s] -- Found FastRTPS: /opt/ros/humble/include  
[1.523s] -- Using RMW implementation 'rmw_fastrtps_cpp' as default
[1.555s] -- Looking for pthread.h
[1.661s] -- Looking for pthread.h - found
[1.661s] -- Performing Test CMAKE_HAVE_LIBC_PTHREAD
[1.761s] -- Performing Test CMAKE_HAVE_LIBC_PTHREAD - Success
[1.762s] -- Found Threads: TRUE  
[1.855s] -- Found as2_core: 1.1.2 (/mission_planning_ws/src/install/as2_core/share/as2_core/cmake)
[2.156s] -- Found eigen3_cmake_module: 0.1.1 (/opt/ros/humble/share/eigen3_cmake_module/cmake)
[2.158s] -- Found Eigen3: TRUE (found version "3.4.0") 
[2.158s] -- Ensuring Eigen3 include directory is part of orocos-kdl CMake target
[2.512s] -- Found ament_lint_auto: 0.12.11 (/opt/ros/humble/share/ament_lint_auto/cmake)
[2.713s] -- Found gtest sources under '/opt/ros/humble/src/gtest_vendor': C++ tests using 'Google Test' will be built
[2.729s] -- Added test 'copyright' to check source files copyright and LICENSE
[2.736s] -- Added test 'cppcheck' to perform static code analysis on C / C++ code
[2.736s] -- Configured cppcheck include dirs: /mission_planning_ws/src/aerostack2/as2_behaviors/as2_behavior/include;/mission_planning_ws/src/aerostack2/as2_behaviors/as2_behavior/include/as2_behavior;$<BUILD_INTERFACE:/mission_planning_ws/src/aerostack2/as2_behaviors/as2_behavior/include>
[2.736s] -- Configured cppcheck exclude dirs and/or files: 
[2.745s] -- Added test 'cpplint' to check C / C++ code against the Google style
[2.745s] -- Configured cpplint exclude dirs and/or files: 
[2.749s] -- Added test 'lint_cmake' to check CMake code style
[2.755s] -- Added test 'uncrustify' to check C / C++ code style
[2.755s] -- Configured uncrustify additional arguments: 
[2.758s] -- Added test 'xmllint' to check XML markup files
[2.769s] -- Configuring done
[2.840s] -- Generating done
[2.857s] -- Build files have been written to: /mission_planning_ws/src/build/as2_behavior
[2.877s] Invoked command in '/mission_planning_ws/src/build/as2_behavior' returned '0': AMENT_PREFIX_PATH=/mission_planning_ws/src/install/as2_core:/mission_planning_ws/src/install/as2_msgs:${AMENT_PREFIX_PATH} CMAKE_PREFIX_PATH=/mission_planning_ws/src/install/as2_core:/mission_planning_ws/src/install/as2_msgs:/root/project_gazebo_ws/install/aerostack2:/root/project_gazebo_ws/install/as2_usb_camera_interface:/root/project_gazebo_ws/install/as2_state_estimator:/root/project_gazebo_ws/install/as2_rviz_plugins:/root/project_gazebo_ws/install/as2_realsense_interface:/root/project_gazebo_ws/install/as2_platform_multirotor_simulator:/root/project_gazebo_ws/install/as2_platform_gazebo:/root/project_gazebo_ws/install/as2_motion_controller:/root/project_gazebo_ws/install/as2_behaviors_trajectory_generation:/root/project_gazebo_ws/install/as2_behaviors_motion:/root/project_gazebo_ws/install/as2_motion_reference_handlers:/root/project_gazebo_ws/install/as2_map_server:/root/project_gazebo_ws/install/as2_geozones:/root/project_gazebo_ws/install/as2_gazebo_assets:/root/project_gazebo_ws/install/as2_external_object_to_tf:/root/project_gazebo_ws/install/as2_behaviors_platform:/root/project_gazebo_ws/install/as2_behaviors_perception:/root/project_gazebo_ws/install/as2_behaviors_path_planning:/root/project_gazebo_ws/install/as2_behavior_tree:/root/project_gazebo_ws/install/as2_behavior:/root/project_gazebo_ws/install/as2_alphanumeric_viewer:/root/project_gazebo_ws/install/as2_core:/root/project_gazebo_ws/install/as2_msgs:/root/project_gazebo_ws/install/as2_cli:/root/project_gazebo_ws/install/as2_visualization:/root/project_gazebo_ws/install/as2_keyboard_teleoperation:/root/project_gazebo_ws/install/as2_python_api:/opt/ros/humble LD_LIBRARY_PATH=/mission_planning_ws/src/install/as2_core/lib:/mission_planning_ws/src/install/as2_msgs/lib:${LD_LIBRARY_PATH} PYTHONPATH=/mission_planning_ws/src/install/as2_core/local/lib/python3.10/dist-packages:/mission_planning_ws/src/install/as2_msgs/local/lib/python3.10/dist-packages:${PYTHONPATH} /usr/bin/cmake /mission_planning_ws/src/aerostack2/as2_behaviors/as2_behavior -DCMAKE_INSTALL_PREFIX=/mission_planning_ws/src/install/as2_behavior
[2.879s] Invoking command in '/mission_planning_ws/src/build/as2_behavior': AMENT_PREFIX_PATH=/mission_planning_ws/src/install/as2_core:/mission_planning_ws/src/install/as2_msgs:${AMENT_PREFIX_PATH} CMAKE_PREFIX_PATH=/mission_planning_ws/src/install/as2_core:/mission_planning_ws/src/install/as2_msgs:/root/project_gazebo_ws/install/aerostack2:/root/project_gazebo_ws/install/as2_usb_camera_interface:/root/project_gazebo_ws/install/as2_state_estimator:/root/project_gazebo_ws/install/as2_rviz_plugins:/root/project_gazebo_ws/install/as2_realsense_interface:/root/project_gazebo_ws/install/as2_platform_multirotor_simulator:/root/project_gazebo_ws/install/as2_platform_gazebo:/root/project_gazebo_ws/install/as2_motion_controller:/root/project_gazebo_ws/install/as2_behaviors_trajectory_generation:/root/project_gazebo_ws/install/as2_behaviors_motion:/root/project_gazebo_ws/install/as2_motion_reference_handlers:/root/project_gazebo_ws/install/as2_map_server:/root/project_gazebo_ws/install/as2_geozones:/root/project_gazebo_ws/install/as2_gazebo_assets:/root/project_gazebo_ws/install/as2_external_object_to_tf:/root/project_gazebo_ws/install/as2_behaviors_platform:/root/project_gazebo_ws/install/as2_behaviors_perception:/root/project_gazebo_ws/install/as2_behaviors_path_planning:/root/project_gazebo_ws/install/as2_behavior_tree:/root/project_gazebo_ws/install/as2_behavior:/root/project_gazebo_ws/install/as2_alphanumeric_viewer:/root/project_gazebo_ws/install/as2_core:/root/project_gazebo_ws/install/as2_msgs:/root/project_gazebo_ws/install/as2_cli:/root/project_gazebo_ws/install/as2_visualization:/root/project_gazebo_ws/install/as2_keyboard_teleoperation:/root/project_gazebo_ws/install/as2_python_api:/opt/ros/humble LD_LIBRARY_PATH=/mission_planning_ws/src/install/as2_core/lib:/mission_planning_ws/src/install/as2_msgs/lib:${LD_LIBRARY_PATH} PYTHONPATH=/mission_planning_ws/src/install/as2_core/local/lib/python3.10/dist-packages:/mission_planning_ws/src/install/as2_msgs/local/lib/python3.10/dist-packages:${PYTHONPATH} /usr/bin/cmake --build /mission_planning_ws/src/build/as2_behavior -- -j22 -l22
[3.104s] [ 12%] [32mBuilding CXX object gtest/CMakeFiles/gtest.dir/src/gtest-all.cc.o[0m
[3.116s] [ 25%] [32mBuilding CXX object gtest/CMakeFiles/gtest_main.dir/src/gtest_main.cc.o[0m
[3.160s] [ 37%] [32mBuilding CXX object CMakeFiles/as2_behavior.dir/src/behavior_server.cpp.o[0m
[7.495s] [ 50%] [32m[1mLinking CXX static library libgtest_main.a[0m
[8.228s] [ 50%] Built target gtest_main
[32.656s] [ 62%] [32m[1mLinking CXX shared library libas2_behavior.so[0m
[36.537s] [ 62%] Built target as2_behavior
[52.868s] [ 75%] [32m[1mLinking CXX static library libgtest.a[0m
[53.289s] [ 75%] Built target gtest
[53.563s] [ 87%] [32mBuilding CXX object tests/CMakeFiles/as2_behavior_as2_behavior_gtest.dir/as2_behavior_gtest.cpp.o[0m
[68.450s] [100%] [32m[1mLinking CXX executable as2_behavior_as2_behavior_gtest[0m
[68.897s] [100%] Built target as2_behavior_as2_behavior_gtest
[68.990s] Invoked command in '/mission_planning_ws/src/build/as2_behavior' returned '0': AMENT_PREFIX_PATH=/mission_planning_ws/src/install/as2_core:/mission_planning_ws/src/install/as2_msgs:${AMENT_PREFIX_PATH} CMAKE_PREFIX_PATH=/mission_planning_ws/src/install/as2_core:/mission_planning_ws/src/install/as2_msgs:/root/project_gazebo_ws/install/aerostack2:/root/project_gazebo_ws/install/as2_usb_camera_interface:/root/project_gazebo_ws/install/as2_state_estimator:/root/project_gazebo_ws/install/as2_rviz_plugins:/root/project_gazebo_ws/install/as2_realsense_interface:/root/project_gazebo_ws/install/as2_platform_multirotor_simulator:/root/project_gazebo_ws/install/as2_platform_gazebo:/root/project_gazebo_ws/install/as2_motion_controller:/root/project_gazebo_ws/install/as2_behaviors_trajectory_generation:/root/project_gazebo_ws/install/as2_behaviors_motion:/root/project_gazebo_ws/install/as2_motion_reference_handlers:/root/project_gazebo_ws/install/as2_map_server:/root/project_gazebo_ws/install/as2_geozones:/root/project_gazebo_ws/install/as2_gazebo_assets:/root/project_gazebo_ws/install/as2_external_object_to_tf:/root/project_gazebo_ws/install/as2_behaviors_platform:/root/project_gazebo_ws/install/as2_behaviors_perception:/root/project_gazebo_ws/install/as2_behaviors_path_planning:/root/project_gazebo_ws/install/as2_behavior_tree:/root/project_gazebo_ws/install/as2_behavior:/root/project_gazebo_ws/install/as2_alphanumeric_viewer:/root/project_gazebo_ws/install/as2_core:/root/project_gazebo_ws/install/as2_msgs:/root/project_gazebo_ws/install/as2_cli:/root/project_gazebo_ws/install/as2_visualization:/root/project_gazebo_ws/install/as2_keyboard_teleoperation:/root/project_gazebo_ws/install/as2_python_api:/opt/ros/humble LD_LIBRARY_PATH=/mission_planning_ws/src/install/as2_core/lib:/mission_planning_ws/src/install/as2_msgs/lib:${LD_LIBRARY_PATH} PYTHONPATH=/mission_planning_ws/src/install/as2_core/local/lib/python3.10/dist-packages:/mission_planning_ws/src/install/as2_msgs/local/lib/python3.10/dist-packages:${PYTHONPATH} /usr/bin/cmake --build /mission_planning_ws/src/build/as2_behavior -- -j22 -l22
[68.994s] Invoking command in '/mission_planning_ws/src/build/as2_behavior': AMENT_PREFIX_PATH=/mission_planning_ws/src/install/as2_core:/mission_planning_ws/src/install/as2_msgs:${AMENT_PREFIX_PATH} CMAKE_PREFIX_PATH=/mission_planning_ws/src/install/as2_core:/mission_planning_ws/src/install/as2_msgs:/root/project_gazebo_ws/install/aerostack2:/root/project_gazebo_ws/install/as2_usb_camera_interface:/root/project_gazebo_ws/install/as2_state_estimator:/root/project_gazebo_ws/install/as2_rviz_plugins:/root/project_gazebo_ws/install/as2_realsense_interface:/root/project_gazebo_ws/install/as2_platform_multirotor_simulator:/root/project_gazebo_ws/install/as2_platform_gazebo:/root/project_gazebo_ws/install/as2_motion_controller:/root/project_gazebo_ws/install/as2_behaviors_trajectory_generation:/root/project_gazebo_ws/install/as2_behaviors_motion:/root/project_gazebo_ws/install/as2_motion_reference_handlers:/root/project_gazebo_ws/install/as2_map_server:/root/project_gazebo_ws/install/as2_geozones:/root/project_gazebo_ws/install/as2_gazebo_assets:/root/project_gazebo_ws/install/as2_external_object_to_tf:/root/project_gazebo_ws/install/as2_behaviors_platform:/root/project_gazebo_ws/install/as2_behaviors_perception:/root/project_gazebo_ws/install/as2_behaviors_path_planning:/root/project_gazebo_ws/install/as2_behavior_tree:/root/project_gazebo_ws/install/as2_behavior:/root/project_gazebo_ws/install/as2_alphanumeric_viewer:/root/project_gazebo_ws/install/as2_core:/root/project_gazebo_ws/install/as2_msgs:/root/project_gazebo_ws/install/as2_cli:/root/project_gazebo_ws/install/as2_visualization:/root/project_gazebo_ws/install/as2_keyboard_teleoperation:/root/project_gazebo_ws/install/as2_python_api:/opt/ros/humble LD_LIBRARY_PATH=/mission_planning_ws/src/install/as2_core/lib:/mission_planning_ws/src/install/as2_msgs/lib:${LD_LIBRARY_PATH} PYTHONPATH=/mission_planning_ws/src/install/as2_core/local/lib/python3.10/dist-packages:/mission_planning_ws/src/install/as2_msgs/local/lib/python3.10/dist-packages:${PYTHONPATH} /usr/bin/cmake --install /mission_planning_ws/src/build/as2_behavior
[73.589s] -- Install configuration: "Release"
[73.595s] -- Installing: /mission_planning_ws/src/install/as2_behavior/include
[73.599s] -- Installing: /mission_planning_ws/src/install/as2_behavior/include/as2_behavior
[73.600s] -- Installing: /mission_planning_ws/src/install/as2_behavior/include/as2_behavior/behavior_server.hpp
[73.600s] -- Installing: /mission_planning_ws/src/install/as2_behavior/include/as2_behavior/as2_basic_behavior.hpp
[73.600s] -- Installing: /mission_planning_ws/src/install/as2_behavior/include/as2_behavior/__detail
[73.604s] -- Installing: /mission_planning_ws/src/install/as2_behavior/include/as2_behavior/__detail/behavior_server__class.hpp
[73.605s] -- Installing: /mission_planning_ws/src/install/as2_behavior/include/as2_behavior/__impl
[73.606s] -- Installing: /mission_planning_ws/src/install/as2_behavior/include/as2_behavior/__impl/behavior_server__impl.hpp
[73.606s] -- Installing: /mission_planning_ws/src/install/as2_behavior/include/as2_behavior/behavior_utils.hpp
[73.606s] -- Installing: /mission_planning_ws/src/install/as2_behavior/lib/libas2_behavior.so
[73.606s] -- Set runtime path of "/mission_planning_ws/src/install/as2_behavior/lib/libas2_behavior.so" to ""
[73.606s] -- Installing: /mission_planning_ws/src/install/as2_behavior/share/as2_behavior/environment/library_path.sh
[73.606s] -- Installing: /mission_planning_ws/src/install/as2_behavior/share/as2_behavior/environment/library_path.dsv
[73.606s] -- Installing: /mission_planning_ws/src/install/as2_behavior/share/ament_index/resource_index/package_run_dependencies/as2_behavior
[73.606s] -- Installing: /mission_planning_ws/src/install/as2_behavior/share/ament_index/resource_index/parent_prefix_path/as2_behavior
[73.606s] -- Installing: /mission_planning_ws/src/install/as2_behavior/share/as2_behavior/environment/ament_prefix_path.sh
[73.607s] -- Installing: /mission_planning_ws/src/install/as2_behavior/share/as2_behavior/environment/ament_prefix_path.dsv
[73.607s] -- Installing: /mission_planning_ws/src/install/as2_behavior/share/as2_behavior/environment/path.sh
[73.607s] -- Installing: /mission_planning_ws/src/install/as2_behavior/share/as2_behavior/environment/path.dsv
[73.607s] -- Installing: /mission_planning_ws/src/install/as2_behavior/share/as2_behavior/local_setup.bash
[73.607s] -- Installing: /mission_planning_ws/src/install/as2_behavior/share/as2_behavior/local_setup.sh
[73.607s] -- Installing: /mission_planning_ws/src/install/as2_behavior/share/as2_behavior/local_setup.zsh
[73.607s] -- Installing: /mission_planning_ws/src/install/as2_behavior/share/as2_behavior/local_setup.dsv
[73.607s] -- Installing: /mission_planning_ws/src/install/as2_behavior/share/as2_behavior/package.dsv
[73.607s] -- Installing: /mission_planning_ws/src/install/as2_behavior/share/ament_index/resource_index/packages/as2_behavior
[73.607s] -- Installing: /mission_planning_ws/src/install/as2_behavior/share/as2_behavior/cmake/export_as2_behaviorExport.cmake
[73.608s] -- Installing: /mission_planning_ws/src/install/as2_behavior/share/as2_behavior/cmake/export_as2_behaviorExport-release.cmake
[73.608s] -- Installing: /mission_planning_ws/src/install/as2_behavior/share/as2_behavior/cmake/ament_cmake_export_libraries-extras.cmake
[73.608s] -- Installing: /mission_planning_ws/src/install/as2_behavior/share/as2_behavior/cmake/ament_cmake_export_targets-extras.cmake
[73.608s] -- Installing: /mission_planning_ws/src/install/as2_behavior/share/as2_behavior/cmake/ament_cmake_export_include_directories-extras.cmake
[73.608s] -- Installing: /mission_planning_ws/src/install/as2_behavior/share/as2_behavior/cmake/as2_behaviorConfig.cmake
[73.608s] -- Installing: /mission_planning_ws/src/install/as2_behavior/share/as2_behavior/cmake/as2_behaviorConfig-version.cmake
[73.608s] -- Installing: /mission_planning_ws/src/install/as2_behavior/share/as2_behavior/package.xml
[73.626s] Invoked command in '/mission_planning_ws/src/build/as2_behavior' returned '0': AMENT_PREFIX_PATH=/mission_planning_ws/src/install/as2_core:/mission_planning_ws/src/install/as2_msgs:${AMENT_PREFIX_PATH} CMAKE_PREFIX_PATH=/mission_planning_ws/src/install/as2_core:/mission_planning_ws/src/install/as2_msgs:/root/project_gazebo_ws/install/aerostack2:/root/project_gazebo_ws/install/as2_usb_camera_interface:/root/project_gazebo_ws/install/as2_state_estimator:/root/project_gazebo_ws/install/as2_rviz_plugins:/root/project_gazebo_ws/install/as2_realsense_interface:/root/project_gazebo_ws/install/as2_platform_multirotor_simulator:/root/project_gazebo_ws/install/as2_platform_gazebo:/root/project_gazebo_ws/install/as2_motion_controller:/root/project_gazebo_ws/install/as2_behaviors_trajectory_generation:/root/project_gazebo_ws/install/as2_behaviors_motion:/root/project_gazebo_ws/install/as2_motion_reference_handlers:/root/project_gazebo_ws/install/as2_map_server:/root/project_gazebo_ws/install/as2_geozones:/root/project_gazebo_ws/install/as2_gazebo_assets:/root/project_gazebo_ws/install/as2_external_object_to_tf:/root/project_gazebo_ws/install/as2_behaviors_platform:/root/project_gazebo_ws/install/as2_behaviors_perception:/root/project_gazebo_ws/install/as2_behaviors_path_planning:/root/project_gazebo_ws/install/as2_behavior_tree:/root/project_gazebo_ws/install/as2_behavior:/root/project_gazebo_ws/install/as2_alphanumeric_viewer:/root/project_gazebo_ws/install/as2_core:/root/project_gazebo_ws/install/as2_msgs:/root/project_gazebo_ws/install/as2_cli:/root/project_gazebo_ws/install/as2_visualization:/root/project_gazebo_ws/install/as2_keyboard_teleoperation:/root/project_gazebo_ws/install/as2_python_api:/opt/ros/humble LD_LIBRARY_PATH=/mission_planning_ws/src/install/as2_core/lib:/mission_planning_ws/src/install/as2_msgs/lib:${LD_LIBRARY_PATH} PYTHONPATH=/mission_planning_ws/src/install/as2_core/local/lib/python3.10/dist-packages:/mission_planning_ws/src/install/as2_msgs/local/lib/python3.10/dist-packages:${PYTHONPATH} /usr/bin/cmake --install /mission_planning_ws/src/build/as2_behavior
