[0.051s] Invoking command in '/mission_planning_ws/build/as2_behaviors_path_planning': AMENT_PREFIX_PATH=/mission_planning_ws/install/as2_behavior:/mission_planning_ws/install/as2_core:/mission_planning_ws/install/as2_msgs:${AMENT_PREFIX_PATH} CMAKE_PREFIX_PATH=/mission_planning_ws/install/as2_behavior:/mission_planning_ws/install/as2_core:/mission_planning_ws/install/as2_msgs:/root/project_gazebo_ws/install/aerostack2:/root/project_gazebo_ws/install/as2_usb_camera_interface:/root/project_gazebo_ws/install/as2_state_estimator:/root/project_gazebo_ws/install/as2_rviz_plugins:/root/project_gazebo_ws/install/as2_realsense_interface:/root/project_gazebo_ws/install/as2_platform_multirotor_simulator:/root/project_gazebo_ws/install/as2_platform_gazebo:/root/project_gazebo_ws/install/as2_motion_controller:/root/project_gazebo_ws/install/as2_behaviors_trajectory_generation:/root/project_gazebo_ws/install/as2_behaviors_motion:/root/project_gazebo_ws/install/as2_motion_reference_handlers:/root/project_gazebo_ws/install/as2_map_server:/root/project_gazebo_ws/install/as2_geozones:/root/project_gazebo_ws/install/as2_gazebo_assets:/root/project_gazebo_ws/install/as2_external_object_to_tf:/root/project_gazebo_ws/install/as2_behaviors_platform:/root/project_gazebo_ws/install/as2_behaviors_perception:/root/project_gazebo_ws/install/as2_behaviors_path_planning:/root/project_gazebo_ws/install/as2_behavior_tree:/root/project_gazebo_ws/install/as2_behavior:/root/project_gazebo_ws/install/as2_alphanumeric_viewer:/root/project_gazebo_ws/install/as2_core:/root/project_gazebo_ws/install/as2_msgs:/root/project_gazebo_ws/install/as2_cli:/root/project_gazebo_ws/install/as2_visualization:/root/project_gazebo_ws/install/as2_keyboard_teleoperation:/root/project_gazebo_ws/install/as2_python_api:/opt/ros/humble LD_LIBRARY_PATH=/mission_planning_ws/install/as2_behavior/lib:/mission_planning_ws/install/as2_core/lib:/mission_planning_ws/install/as2_msgs/lib:${LD_LIBRARY_PATH} PYTHONPATH=/mission_planning_ws/install/as2_core/local/lib/python3.10/dist-packages:/mission_planning_ws/install/as2_msgs/local/lib/python3.10/dist-packages:${PYTHONPATH} /usr/bin/cmake /mission_planning_ws/src/aerostack2/as2_behaviors/as2_behaviors_path_planning -DCMAKE_INSTALL_PREFIX=/mission_planning_ws/install/as2_behaviors_path_planning
[0.151s] -- The C compiler identification is GNU 11.4.0
[0.257s] -- The CXX compiler identification is GNU 11.4.0
[0.274s] -- Detecting C compiler ABI info
[0.409s] -- Detecting C compiler ABI info - done
[0.422s] -- Check for working C compiler: /usr/bin/cc - skipped
[0.423s] -- Detecting C compile features
[0.424s] -- Detecting C compile features - done
[0.430s] -- Detecting CXX compiler ABI info
[0.608s] -- Detecting CXX compiler ABI info - done
[0.619s] -- Check for working CXX compiler: /usr/bin/c++ - skipped
[0.619s] -- Detecting CXX compile features
[0.620s] -- Detecting CXX compile features - done
[0.635s] -- Found ament_cmake: 1.3.11 (/opt/ros/humble/share/ament_cmake/cmake)
[1.003s] -- Found Python3: /usr/bin/python3 (found version "3.10.12") found components: Interpreter 
[1.383s] -- Found ament_cmake_ros: 0.10.0 (/opt/ros/humble/share/ament_cmake_ros/cmake)
[1.438s] -- Found rclcpp: 16.0.11 (/opt/ros/humble/share/rclcpp/cmake)
[1.650s] -- Found rosidl_generator_c: 3.1.6 (/opt/ros/humble/share/rosidl_generator_c/cmake)
[1.681s] -- Found rosidl_adapter: 3.1.6 (/opt/ros/humble/share/rosidl_adapter/cmake)
[1.712s] -- Found rosidl_generator_cpp: 3.1.6 (/opt/ros/humble/share/rosidl_generator_cpp/cmake)
[1.744s] -- Using all available rosidl_typesupport_c: rosidl_typesupport_fastrtps_c;rosidl_typesupport_introspection_c
[1.811s] -- Using all available rosidl_typesupport_cpp: rosidl_typesupport_fastrtps_cpp;rosidl_typesupport_introspection_cpp
[2.194s] -- Found rmw_implementation_cmake: 6.1.2 (/opt/ros/humble/share/rmw_implementation_cmake/cmake)
[2.211s] -- Found rmw_fastrtps_cpp: 6.2.7 (/opt/ros/humble/share/rmw_fastrtps_cpp/cmake)
[2.470s] -- Found OpenSSL: /usr/lib/x86_64-linux-gnu/libcrypto.so (found version "3.0.2")  
[2.541s] -- Found FastRTPS: /opt/ros/humble/include  
[2.646s] -- Using RMW implementation 'rmw_fastrtps_cpp' as default
[2.697s] -- Looking for pthread.h
[2.866s] -- Looking for pthread.h - found
[2.866s] -- Performing Test CMAKE_HAVE_LIBC_PTHREAD
[3.003s] -- Performing Test CMAKE_HAVE_LIBC_PTHREAD - Success
[3.005s] -- Found Threads: TRUE  
[3.114s] -- Found rclcpp_components: 16.0.11 (/opt/ros/humble/share/rclcpp_components/cmake)
[3.210s] -- Found pluginlib: 5.1.0 (/opt/ros/humble/share/pluginlib/cmake)
[3.265s] -- Found as2_core: 1.1.2 (/mission_planning_ws/install/as2_core/share/as2_core/cmake)
[3.620s] -- Found eigen3_cmake_module: 0.1.1 (/opt/ros/humble/share/eigen3_cmake_module/cmake)
[3.622s] -- Found Eigen3: TRUE (found version "3.4.0") 
[3.622s] -- Ensuring Eigen3 include directory is part of orocos-kdl CMake target
[3.981s] -- Found as2_behavior: 1.1.2 (/mission_planning_ws/install/as2_behavior/share/as2_behavior/cmake)
[3.999s] -- Found visualization_msgs: 4.2.4 (/opt/ros/humble/share/visualization_msgs/cmake)
[4.105s] -- Found OpenCV: /usr (found version "4.5.4") 
[4.165s] -- Found ament_lint_auto: 0.12.11 (/opt/ros/humble/share/ament_lint_auto/cmake)
[4.435s] -- Added test 'copyright' to check source files copyright and LICENSE
[4.446s] -- Added test 'cppcheck' to perform static code analysis on C / C++ code
[4.447s] -- Configured cppcheck include dirs: /mission_planning_ws/src/aerostack2/as2_behaviors/as2_behaviors_path_planning/include;/mission_planning_ws/src/aerostack2/as2_behaviors/as2_behaviors_path_planning/include/as2_behaviors_path_planning;/mission_planning_ws/src/aerostack2/as2_behaviors/as2_behaviors_path_planning/common/include;$<BUILD_INTERFACE:/mission_planning_ws/src/aerostack2/as2_behaviors/as2_behaviors_path_planning/include>
[4.447s] -- Configured cppcheck exclude dirs and/or files: /mission_planning_ws/src/aerostack2/as2_behaviors/as2_behaviors_path_planning/./plugins/voronoi/thirdparty/dynamicvoronoi/README.md;/mission_planning_ws/src/aerostack2/as2_behaviors/as2_behaviors_path_planning/./plugins/voronoi/thirdparty/dynamicvoronoi/bucketedqueue.h;/mission_planning_ws/src/aerostack2/as2_behaviors/as2_behaviors_path_planning/./plugins/voronoi/thirdparty/dynamicvoronoi/bucketedqueue.hxx;/mission_planning_ws/src/aerostack2/as2_behaviors/as2_behaviors_path_planning/./plugins/voronoi/thirdparty/dynamicvoronoi/dynamicvoronoi.cpp;/mission_planning_ws/src/aerostack2/as2_behaviors/as2_behaviors_path_planning/./plugins/voronoi/thirdparty/dynamicvoronoi/dynamicvoronoi.h;/mission_planning_ws/src/aerostack2/as2_behaviors/as2_behaviors_path_planning/./plugins/voronoi/thirdparty/dynamicvoronoi/point.h
[4.452s] -- Added test 'cpplint' to check C / C++ code against the Google style
[4.453s] -- Configured cpplint exclude dirs and/or files: /mission_planning_ws/src/aerostack2/as2_behaviors/as2_behaviors_path_planning/./plugins/voronoi/thirdparty/dynamicvoronoi/README.md;/mission_planning_ws/src/aerostack2/as2_behaviors/as2_behaviors_path_planning/./plugins/voronoi/thirdparty/dynamicvoronoi/bucketedqueue.h;/mission_planning_ws/src/aerostack2/as2_behaviors/as2_behaviors_path_planning/./plugins/voronoi/thirdparty/dynamicvoronoi/bucketedqueue.hxx;/mission_planning_ws/src/aerostack2/as2_behaviors/as2_behaviors_path_planning/./plugins/voronoi/thirdparty/dynamicvoronoi/dynamicvoronoi.cpp;/mission_planning_ws/src/aerostack2/as2_behaviors/as2_behaviors_path_planning/./plugins/voronoi/thirdparty/dynamicvoronoi/dynamicvoronoi.h;/mission_planning_ws/src/aerostack2/as2_behaviors/as2_behaviors_path_planning/./plugins/voronoi/thirdparty/dynamicvoronoi/point.h
[4.454s] -- Added test 'flake8' to check Python code syntax and style conventions
[4.456s] -- Added test 'lint_cmake' to check CMake code style
[4.457s] -- Added test 'pep257' to check Python code against some of the docstring style conventions in PEP 257
[4.461s] -- Added test 'uncrustify' to check C / C++ code style
[4.462s] -- Configured uncrustify additional arguments: 
[4.463s] -- Added test 'xmllint' to check XML markup files
[4.466s] -- Configuring done
[4.540s] -- Generating done
[4.562s] -- Build files have been written to: /mission_planning_ws/build/as2_behaviors_path_planning
[4.590s] Invoked command in '/mission_planning_ws/build/as2_behaviors_path_planning' returned '0': AMENT_PREFIX_PATH=/mission_planning_ws/install/as2_behavior:/mission_planning_ws/install/as2_core:/mission_planning_ws/install/as2_msgs:${AMENT_PREFIX_PATH} CMAKE_PREFIX_PATH=/mission_planning_ws/install/as2_behavior:/mission_planning_ws/install/as2_core:/mission_planning_ws/install/as2_msgs:/root/project_gazebo_ws/install/aerostack2:/root/project_gazebo_ws/install/as2_usb_camera_interface:/root/project_gazebo_ws/install/as2_state_estimator:/root/project_gazebo_ws/install/as2_rviz_plugins:/root/project_gazebo_ws/install/as2_realsense_interface:/root/project_gazebo_ws/install/as2_platform_multirotor_simulator:/root/project_gazebo_ws/install/as2_platform_gazebo:/root/project_gazebo_ws/install/as2_motion_controller:/root/project_gazebo_ws/install/as2_behaviors_trajectory_generation:/root/project_gazebo_ws/install/as2_behaviors_motion:/root/project_gazebo_ws/install/as2_motion_reference_handlers:/root/project_gazebo_ws/install/as2_map_server:/root/project_gazebo_ws/install/as2_geozones:/root/project_gazebo_ws/install/as2_gazebo_assets:/root/project_gazebo_ws/install/as2_external_object_to_tf:/root/project_gazebo_ws/install/as2_behaviors_platform:/root/project_gazebo_ws/install/as2_behaviors_perception:/root/project_gazebo_ws/install/as2_behaviors_path_planning:/root/project_gazebo_ws/install/as2_behavior_tree:/root/project_gazebo_ws/install/as2_behavior:/root/project_gazebo_ws/install/as2_alphanumeric_viewer:/root/project_gazebo_ws/install/as2_core:/root/project_gazebo_ws/install/as2_msgs:/root/project_gazebo_ws/install/as2_cli:/root/project_gazebo_ws/install/as2_visualization:/root/project_gazebo_ws/install/as2_keyboard_teleoperation:/root/project_gazebo_ws/install/as2_python_api:/opt/ros/humble LD_LIBRARY_PATH=/mission_planning_ws/install/as2_behavior/lib:/mission_planning_ws/install/as2_core/lib:/mission_planning_ws/install/as2_msgs/lib:${LD_LIBRARY_PATH} PYTHONPATH=/mission_planning_ws/install/as2_core/local/lib/python3.10/dist-packages:/mission_planning_ws/install/as2_msgs/local/lib/python3.10/dist-packages:${PYTHONPATH} /usr/bin/cmake /mission_planning_ws/src/aerostack2/as2_behaviors/as2_behaviors_path_planning -DCMAKE_INSTALL_PREFIX=/mission_planning_ws/install/as2_behaviors_path_planning
[4.616s] Invoking command in '/mission_planning_ws/build/as2_behaviors_path_planning': AMENT_PREFIX_PATH=/mission_planning_ws/install/as2_behavior:/mission_planning_ws/install/as2_core:/mission_planning_ws/install/as2_msgs:${AMENT_PREFIX_PATH} CMAKE_PREFIX_PATH=/mission_planning_ws/install/as2_behavior:/mission_planning_ws/install/as2_core:/mission_planning_ws/install/as2_msgs:/root/project_gazebo_ws/install/aerostack2:/root/project_gazebo_ws/install/as2_usb_camera_interface:/root/project_gazebo_ws/install/as2_state_estimator:/root/project_gazebo_ws/install/as2_rviz_plugins:/root/project_gazebo_ws/install/as2_realsense_interface:/root/project_gazebo_ws/install/as2_platform_multirotor_simulator:/root/project_gazebo_ws/install/as2_platform_gazebo:/root/project_gazebo_ws/install/as2_motion_controller:/root/project_gazebo_ws/install/as2_behaviors_trajectory_generation:/root/project_gazebo_ws/install/as2_behaviors_motion:/root/project_gazebo_ws/install/as2_motion_reference_handlers:/root/project_gazebo_ws/install/as2_map_server:/root/project_gazebo_ws/install/as2_geozones:/root/project_gazebo_ws/install/as2_gazebo_assets:/root/project_gazebo_ws/install/as2_external_object_to_tf:/root/project_gazebo_ws/install/as2_behaviors_platform:/root/project_gazebo_ws/install/as2_behaviors_perception:/root/project_gazebo_ws/install/as2_behaviors_path_planning:/root/project_gazebo_ws/install/as2_behavior_tree:/root/project_gazebo_ws/install/as2_behavior:/root/project_gazebo_ws/install/as2_alphanumeric_viewer:/root/project_gazebo_ws/install/as2_core:/root/project_gazebo_ws/install/as2_msgs:/root/project_gazebo_ws/install/as2_cli:/root/project_gazebo_ws/install/as2_visualization:/root/project_gazebo_ws/install/as2_keyboard_teleoperation:/root/project_gazebo_ws/install/as2_python_api:/opt/ros/humble LD_LIBRARY_PATH=/mission_planning_ws/install/as2_behavior/lib:/mission_planning_ws/install/as2_core/lib:/mission_planning_ws/install/as2_msgs/lib:${LD_LIBRARY_PATH} PYTHONPATH=/mission_planning_ws/install/as2_core/local/lib/python3.10/dist-packages:/mission_planning_ws/install/as2_msgs/local/lib/python3.10/dist-packages:${PYTHONPATH} /usr/bin/cmake --build /mission_planning_ws/build/as2_behaviors_path_planning -- -j22 -l22
[4.673s] [  7%] [32m[1mLinking CXX shared library libas2_behaviors_path_planning_plugin_base.so[0m
[4.818s] [  7%] Built target as2_behaviors_path_planning_plugin_base
[4.853s] [ 14%] [32m[1mLinking CXX shared library libpath_planner_common.so[0m
[4.952s] [ 14%] Built target path_planner_common
[4.985s] [ 21%] [32mBuilding CXX object plugins/a_star/CMakeFiles/a_star.dir/src/a_star.cpp.o[0m
[20.720s] [ 28%] [32mBuilding CXX object plugins/a_star/CMakeFiles/a_star.dir/src/a_star_searcher.cpp.o[0m
[22.872s] [ 35%] [32m[1mLinking CXX shared library liba_star.so[0m
[23.129s] [ 35%] Built target a_star
[23.165s] [ 42%] [32mBuilding CXX object plugins/voronoi/CMakeFiles/voronoi.dir/src/voronoi.cpp.o[0m
[37.679s] [ 50%] [32mBuilding CXX object plugins/voronoi/CMakeFiles/voronoi.dir/thirdparty/dynamicvoronoi/dynamicvoronoi.cpp.o[0m
[38.866s] [ 57%] [32mBuilding CXX object plugins/voronoi/CMakeFiles/voronoi.dir/src/voronoi_searcher.cpp.o[0m
[39.861s] [ 64%] [32m[1mLinking CXX shared library libvoronoi.so[0m
[40.097s] [ 64%] Built target voronoi
[40.127s] [ 71%] [32mBuilding CXX object CMakeFiles/as2_behaviors_path_planning_node.dir/src/path_planner_behavior.cpp.o[0m
[77.042s] [ 78%] [32mBuilding CXX object CMakeFiles/as2_behaviors_path_planning_node.dir/src/path_planner_behavior_node.cpp.o[0m
[84.219s] [ 85%] [32m[1mLinking CXX executable as2_behaviors_path_planning_node[0m
[84.742s] [ 85%] Built target as2_behaviors_path_planning_node
[84.797s] [ 92%] [32mBuilding CXX object CMakeFiles/path_planner_component.dir/src/path_planner_behavior.cpp.o[0m
[118.183s] [100%] [32m[1mLinking CXX shared library libpath_planner_component.so[0m
[118.443s] [100%] Built target path_planner_component
[118.454s] Invoked command in '/mission_planning_ws/build/as2_behaviors_path_planning' returned '0': AMENT_PREFIX_PATH=/mission_planning_ws/install/as2_behavior:/mission_planning_ws/install/as2_core:/mission_planning_ws/install/as2_msgs:${AMENT_PREFIX_PATH} CMAKE_PREFIX_PATH=/mission_planning_ws/install/as2_behavior:/mission_planning_ws/install/as2_core:/mission_planning_ws/install/as2_msgs:/root/project_gazebo_ws/install/aerostack2:/root/project_gazebo_ws/install/as2_usb_camera_interface:/root/project_gazebo_ws/install/as2_state_estimator:/root/project_gazebo_ws/install/as2_rviz_plugins:/root/project_gazebo_ws/install/as2_realsense_interface:/root/project_gazebo_ws/install/as2_platform_multirotor_simulator:/root/project_gazebo_ws/install/as2_platform_gazebo:/root/project_gazebo_ws/install/as2_motion_controller:/root/project_gazebo_ws/install/as2_behaviors_trajectory_generation:/root/project_gazebo_ws/install/as2_behaviors_motion:/root/project_gazebo_ws/install/as2_motion_reference_handlers:/root/project_gazebo_ws/install/as2_map_server:/root/project_gazebo_ws/install/as2_geozones:/root/project_gazebo_ws/install/as2_gazebo_assets:/root/project_gazebo_ws/install/as2_external_object_to_tf:/root/project_gazebo_ws/install/as2_behaviors_platform:/root/project_gazebo_ws/install/as2_behaviors_perception:/root/project_gazebo_ws/install/as2_behaviors_path_planning:/root/project_gazebo_ws/install/as2_behavior_tree:/root/project_gazebo_ws/install/as2_behavior:/root/project_gazebo_ws/install/as2_alphanumeric_viewer:/root/project_gazebo_ws/install/as2_core:/root/project_gazebo_ws/install/as2_msgs:/root/project_gazebo_ws/install/as2_cli:/root/project_gazebo_ws/install/as2_visualization:/root/project_gazebo_ws/install/as2_keyboard_teleoperation:/root/project_gazebo_ws/install/as2_python_api:/opt/ros/humble LD_LIBRARY_PATH=/mission_planning_ws/install/as2_behavior/lib:/mission_planning_ws/install/as2_core/lib:/mission_planning_ws/install/as2_msgs/lib:${LD_LIBRARY_PATH} PYTHONPATH=/mission_planning_ws/install/as2_core/local/lib/python3.10/dist-packages:/mission_planning_ws/install/as2_msgs/local/lib/python3.10/dist-packages:${PYTHONPATH} /usr/bin/cmake --build /mission_planning_ws/build/as2_behaviors_path_planning -- -j22 -l22
[118.455s] Invoking command in '/mission_planning_ws/build/as2_behaviors_path_planning': AMENT_PREFIX_PATH=/mission_planning_ws/install/as2_behavior:/mission_planning_ws/install/as2_core:/mission_planning_ws/install/as2_msgs:${AMENT_PREFIX_PATH} CMAKE_PREFIX_PATH=/mission_planning_ws/install/as2_behavior:/mission_planning_ws/install/as2_core:/mission_planning_ws/install/as2_msgs:/root/project_gazebo_ws/install/aerostack2:/root/project_gazebo_ws/install/as2_usb_camera_interface:/root/project_gazebo_ws/install/as2_state_estimator:/root/project_gazebo_ws/install/as2_rviz_plugins:/root/project_gazebo_ws/install/as2_realsense_interface:/root/project_gazebo_ws/install/as2_platform_multirotor_simulator:/root/project_gazebo_ws/install/as2_platform_gazebo:/root/project_gazebo_ws/install/as2_motion_controller:/root/project_gazebo_ws/install/as2_behaviors_trajectory_generation:/root/project_gazebo_ws/install/as2_behaviors_motion:/root/project_gazebo_ws/install/as2_motion_reference_handlers:/root/project_gazebo_ws/install/as2_map_server:/root/project_gazebo_ws/install/as2_geozones:/root/project_gazebo_ws/install/as2_gazebo_assets:/root/project_gazebo_ws/install/as2_external_object_to_tf:/root/project_gazebo_ws/install/as2_behaviors_platform:/root/project_gazebo_ws/install/as2_behaviors_perception:/root/project_gazebo_ws/install/as2_behaviors_path_planning:/root/project_gazebo_ws/install/as2_behavior_tree:/root/project_gazebo_ws/install/as2_behavior:/root/project_gazebo_ws/install/as2_alphanumeric_viewer:/root/project_gazebo_ws/install/as2_core:/root/project_gazebo_ws/install/as2_msgs:/root/project_gazebo_ws/install/as2_cli:/root/project_gazebo_ws/install/as2_visualization:/root/project_gazebo_ws/install/as2_keyboard_teleoperation:/root/project_gazebo_ws/install/as2_python_api:/opt/ros/humble LD_LIBRARY_PATH=/mission_planning_ws/install/as2_behavior/lib:/mission_planning_ws/install/as2_core/lib:/mission_planning_ws/install/as2_msgs/lib:${LD_LIBRARY_PATH} PYTHONPATH=/mission_planning_ws/install/as2_core/local/lib/python3.10/dist-packages:/mission_planning_ws/install/as2_msgs/local/lib/python3.10/dist-packages:${PYTHONPATH} /usr/bin/cmake --install /mission_planning_ws/build/as2_behaviors_path_planning
[118.465s] -- Install configuration: "Release"
[118.465s] -- Installing: /mission_planning_ws/install/as2_behaviors_path_planning/include
[118.465s] -- Installing: /mission_planning_ws/install/as2_behaviors_path_planning/include/as2_behaviors_path_planning
[118.465s] -- Installing: /mission_planning_ws/install/as2_behaviors_path_planning/include/as2_behaviors_path_planning/path_planner_behavior.hpp
[118.465s] -- Installing: /mission_planning_ws/install/as2_behaviors_path_planning/include/as2_behaviors_path_planning/path_planner_plugin_base.hpp
[118.466s] -- Installing: /mission_planning_ws/install/as2_behaviors_path_planning/share/as2_behaviors_path_planning/environment/library_path.sh
[118.466s] -- Installing: /mission_planning_ws/install/as2_behaviors_path_planning/share/as2_behaviors_path_planning/environment/library_path.dsv
[118.466s] -- Installing: /mission_planning_ws/install/as2_behaviors_path_planning/include/include
[118.466s] -- Installing: /mission_planning_ws/install/as2_behaviors_path_planning/include/include/graph_searcher.hpp
[118.466s] -- Installing: /mission_planning_ws/install/as2_behaviors_path_planning/include/include/cell_node.hpp
[118.466s] -- Installing: /mission_planning_ws/install/as2_behaviors_path_planning/include/include/utils.hpp
[118.467s] -- Installing: /mission_planning_ws/install/as2_behaviors_path_planning/lib/libas2_behaviors_path_planning_plugin_base.so
[118.467s] -- Set runtime path of "/mission_planning_ws/install/as2_behaviors_path_planning/lib/libas2_behaviors_path_planning_plugin_base.so" to ""
[118.467s] -- Installing: /mission_planning_ws/install/as2_behaviors_path_planning/lib/libpath_planner_component.so
[118.469s] -- Set runtime path of "/mission_planning_ws/install/as2_behaviors_path_planning/lib/libpath_planner_component.so" to ""
[118.469s] -- Installing: /mission_planning_ws/install/as2_behaviors_path_planning/share/as2_behaviors_path_planning/plugins.xml
[118.470s] -- Installing: /mission_planning_ws/install/as2_behaviors_path_planning/share/as2_behaviors_path_planning/launch
[118.470s] -- Installing: /mission_planning_ws/install/as2_behaviors_path_planning/share/as2_behaviors_path_planning/launch/a_star-path_planner_behavior.launch.py
[118.470s] -- Up-to-date: /mission_planning_ws/install/as2_behaviors_path_planning/share/as2_behaviors_path_planning/launch
[118.470s] -- Installing: /mission_planning_ws/install/as2_behaviors_path_planning/share/as2_behaviors_path_planning/launch/voronoi-path_planner_behavior.launch.py
[118.471s] -- Installing: /mission_planning_ws/install/as2_behaviors_path_planning/lib/as2_behaviors_path_planning/as2_behaviors_path_planning_node
[118.472s] -- Set runtime path of "/mission_planning_ws/install/as2_behaviors_path_planning/lib/as2_behaviors_path_planning/as2_behaviors_path_planning_node" to ""
[118.472s] -- Up-to-date: /mission_planning_ws/install/as2_behaviors_path_planning/share/as2_behaviors_path_planning/launch
[118.473s] -- Installing: /mission_planning_ws/install/as2_behaviors_path_planning/share/as2_behaviors_path_planning/launch/path_planner_behavior_launch.py
[118.473s] -- Installing: /mission_planning_ws/install/as2_behaviors_path_planning/share/as2_behaviors_path_planning/launch/composable_path_planner_behavior.launch.py
[118.473s] -- Installing: /mission_planning_ws/install/as2_behaviors_path_planning/share/as2_behaviors_path_planning/config
[118.474s] -- Installing: /mission_planning_ws/install/as2_behaviors_path_planning/share/as2_behaviors_path_planning/config/behavior_default.yaml
[118.474s] -- Installing: /mission_planning_ws/install/as2_behaviors_path_planning/share/ament_index/resource_index/package_run_dependencies/as2_behaviors_path_planning
[118.474s] -- Installing: /mission_planning_ws/install/as2_behaviors_path_planning/share/ament_index/resource_index/parent_prefix_path/as2_behaviors_path_planning
[118.474s] -- Installing: /mission_planning_ws/install/as2_behaviors_path_planning/share/as2_behaviors_path_planning/environment/ament_prefix_path.sh
[118.475s] -- Installing: /mission_planning_ws/install/as2_behaviors_path_planning/share/as2_behaviors_path_planning/environment/ament_prefix_path.dsv
[118.475s] -- Installing: /mission_planning_ws/install/as2_behaviors_path_planning/share/as2_behaviors_path_planning/environment/path.sh
[118.475s] -- Installing: /mission_planning_ws/install/as2_behaviors_path_planning/share/as2_behaviors_path_planning/environment/path.dsv
[118.475s] -- Installing: /mission_planning_ws/install/as2_behaviors_path_planning/share/as2_behaviors_path_planning/local_setup.bash
[118.475s] -- Installing: /mission_planning_ws/install/as2_behaviors_path_planning/share/as2_behaviors_path_planning/local_setup.sh
[118.475s] -- Installing: /mission_planning_ws/install/as2_behaviors_path_planning/share/as2_behaviors_path_planning/local_setup.zsh
[118.476s] -- Installing: /mission_planning_ws/install/as2_behaviors_path_planning/share/as2_behaviors_path_planning/local_setup.dsv
[118.476s] -- Installing: /mission_planning_ws/install/as2_behaviors_path_planning/share/as2_behaviors_path_planning/package.dsv
[118.476s] -- Installing: /mission_planning_ws/install/as2_behaviors_path_planning/share/ament_index/resource_index/packages/as2_behaviors_path_planning
[118.476s] -- Installing: /mission_planning_ws/install/as2_behaviors_path_planning/share/ament_index/resource_index/as2_behaviors_path_planning__pluginlib__plugin/as2_behaviors_path_planning
[118.476s] -- Installing: /mission_planning_ws/install/as2_behaviors_path_planning/share/as2_behaviors_path_planning/cmake/as2_behaviors_path_planning_plugin_baseExport.cmake
[118.477s] -- Installing: /mission_planning_ws/install/as2_behaviors_path_planning/share/as2_behaviors_path_planning/cmake/as2_behaviors_path_planning_plugin_baseExport-release.cmake
[118.477s] -- Installing: /mission_planning_ws/install/as2_behaviors_path_planning/share/ament_index/resource_index/rclcpp_components/as2_behaviors_path_planning
[118.477s] -- Installing: /mission_planning_ws/install/as2_behaviors_path_planning/share/as2_behaviors_path_planning/cmake/ament_cmake_export_include_directories-extras.cmake
[118.477s] -- Installing: /mission_planning_ws/install/as2_behaviors_path_planning/share/as2_behaviors_path_planning/cmake/ament_cmake_export_libraries-extras.cmake
[118.477s] -- Installing: /mission_planning_ws/install/as2_behaviors_path_planning/share/as2_behaviors_path_planning/cmake/ament_cmake_export_targets-extras.cmake
[118.478s] -- Installing: /mission_planning_ws/install/as2_behaviors_path_planning/share/as2_behaviors_path_planning/cmake/as2_behaviors_path_planningConfig.cmake
[118.478s] -- Installing: /mission_planning_ws/install/as2_behaviors_path_planning/share/as2_behaviors_path_planning/cmake/as2_behaviors_path_planningConfig-version.cmake
[118.478s] -- Installing: /mission_planning_ws/install/as2_behaviors_path_planning/share/as2_behaviors_path_planning/package.xml
[118.478s] -- Up-to-date: /mission_planning_ws/install/as2_behaviors_path_planning/include
[118.478s] -- Installing: /mission_planning_ws/install/as2_behaviors_path_planning/include/a_star.hpp
[118.478s] -- Installing: /mission_planning_ws/install/as2_behaviors_path_planning/include/a_star_algorithm.hpp
[118.479s] -- Installing: /mission_planning_ws/install/as2_behaviors_path_planning/include/a_star_searcher.hpp
[118.479s] -- Installing: /mission_planning_ws/install/as2_behaviors_path_planning/lib/liba_star.so
[118.480s] -- Set runtime path of "/mission_planning_ws/install/as2_behaviors_path_planning/lib/liba_star.so" to ""
[118.481s] -- Up-to-date: /mission_planning_ws/install/as2_behaviors_path_planning/include
[118.481s] -- Installing: /mission_planning_ws/install/as2_behaviors_path_planning/include/voronoi_searcher.hpp
[118.482s] -- Installing: /mission_planning_ws/install/as2_behaviors_path_planning/include/voronoi.hpp
[118.483s] -- Installing: /mission_planning_ws/install/as2_behaviors_path_planning/lib/libvoronoi.so
[118.484s] -- Set runtime path of "/mission_planning_ws/install/as2_behaviors_path_planning/lib/libvoronoi.so" to ""
[118.486s] Invoked command in '/mission_planning_ws/build/as2_behaviors_path_planning' returned '0': AMENT_PREFIX_PATH=/mission_planning_ws/install/as2_behavior:/mission_planning_ws/install/as2_core:/mission_planning_ws/install/as2_msgs:${AMENT_PREFIX_PATH} CMAKE_PREFIX_PATH=/mission_planning_ws/install/as2_behavior:/mission_planning_ws/install/as2_core:/mission_planning_ws/install/as2_msgs:/root/project_gazebo_ws/install/aerostack2:/root/project_gazebo_ws/install/as2_usb_camera_interface:/root/project_gazebo_ws/install/as2_state_estimator:/root/project_gazebo_ws/install/as2_rviz_plugins:/root/project_gazebo_ws/install/as2_realsense_interface:/root/project_gazebo_ws/install/as2_platform_multirotor_simulator:/root/project_gazebo_ws/install/as2_platform_gazebo:/root/project_gazebo_ws/install/as2_motion_controller:/root/project_gazebo_ws/install/as2_behaviors_trajectory_generation:/root/project_gazebo_ws/install/as2_behaviors_motion:/root/project_gazebo_ws/install/as2_motion_reference_handlers:/root/project_gazebo_ws/install/as2_map_server:/root/project_gazebo_ws/install/as2_geozones:/root/project_gazebo_ws/install/as2_gazebo_assets:/root/project_gazebo_ws/install/as2_external_object_to_tf:/root/project_gazebo_ws/install/as2_behaviors_platform:/root/project_gazebo_ws/install/as2_behaviors_perception:/root/project_gazebo_ws/install/as2_behaviors_path_planning:/root/project_gazebo_ws/install/as2_behavior_tree:/root/project_gazebo_ws/install/as2_behavior:/root/project_gazebo_ws/install/as2_alphanumeric_viewer:/root/project_gazebo_ws/install/as2_core:/root/project_gazebo_ws/install/as2_msgs:/root/project_gazebo_ws/install/as2_cli:/root/project_gazebo_ws/install/as2_visualization:/root/project_gazebo_ws/install/as2_keyboard_teleoperation:/root/project_gazebo_ws/install/as2_python_api:/opt/ros/humble LD_LIBRARY_PATH=/mission_planning_ws/install/as2_behavior/lib:/mission_planning_ws/install/as2_core/lib:/mission_planning_ws/install/as2_msgs/lib:${LD_LIBRARY_PATH} PYTHONPATH=/mission_planning_ws/install/as2_core/local/lib/python3.10/dist-packages:/mission_planning_ws/install/as2_msgs/local/lib/python3.10/dist-packages:${PYTHONPATH} /usr/bin/cmake --install /mission_planning_ws/build/as2_behaviors_path_planning
