-- The C compiler identification is GNU 11.4.0
-- The CXX compiler identification is GNU 11.4.0
-- Detecting C compiler ABI info
-- Detecting C compiler ABI info - done
-- Check for working C compiler: /usr/bin/cc - skipped
-- Detecting C compile features
-- Detecting C compile features - done
-- Detecting CXX compiler ABI info
-- Detecting CXX compiler ABI info - done
-- Check for working CXX compiler: /usr/bin/c++ - skipped
-- Detecting CXX compile features
-- Detecting CXX compile features - done
-- Found ament_cmake: 1.3.11 (/opt/ros/humble/share/ament_cmake/cmake)
-- Found Python3: /usr/bin/python3 (found version "3.10.12") found components: Interpreter 
-- Found rclcpp: 16.0.11 (/opt/ros/humble/share/rclcpp/cmake)
-- Found rosidl_generator_c: 3.1.6 (/opt/ros/humble/share/rosidl_generator_c/cmake)
-- Found rosidl_adapter: 3.1.6 (/opt/ros/humble/share/rosidl_adapter/cmake)
-- Found rosidl_generator_cpp: 3.1.6 (/opt/ros/humble/share/rosidl_generator_cpp/cmake)
-- Using all available rosidl_typesupport_c: rosidl_typesupport_fastrtps_c;rosidl_typesupport_introspection_c
-- Using all available rosidl_typesupport_cpp: rosidl_typesupport_fastrtps_cpp;rosidl_typesupport_introspection_cpp
-- Found rmw_implementation_cmake: 6.1.2 (/opt/ros/humble/share/rmw_implementation_cmake/cmake)
-- Found rmw_fastrtps_cpp: 6.2.7 (/opt/ros/humble/share/rmw_fastrtps_cpp/cmake)
-- Found OpenSSL: /usr/lib/x86_64-linux-gnu/libcrypto.so (found version "3.0.2")  
-- Found FastRTPS: /opt/ros/humble/include  
-- Using RMW implementation 'rmw_fastrtps_cpp' as default
-- Looking for pthread.h
-- Looking for pthread.h - found
-- Performing Test CMAKE_HAVE_LIBC_PTHREAD
-- Performing Test CMAKE_HAVE_LIBC_PTHREAD - Success
-- Found Threads: TRUE  
-- Found std_srvs: 4.2.4 (/opt/ros/humble/share/std_srvs/cmake)
-- Found as2_core: 1.1.2 (/mission_planning_ws/src/install/as2_core/share/as2_core/cmake)
-- Found eigen3_cmake_module: 0.1.1 (/opt/ros/humble/share/eigen3_cmake_module/cmake)
-- Found Eigen3: TRUE (found version "3.4.0") 
-- Ensuring Eigen3 include directory is part of orocos-kdl CMake target
-- Found as2_behavior: 1.1.2 (/mission_planning_ws/src/install/as2_behavior/share/as2_behavior/cmake)
-- Found OpenCV: /usr (found version "4.5.4") 
-- Found ament_cmake_gtest: 1.3.11 (/opt/ros/humble/share/ament_cmake_gtest/cmake)
-- Found gtest sources under '/opt/ros/humble/src/gtest_vendor': C++ tests using 'Google Test' will be built
-- Found ament_lint_auto: 0.12.11 (/opt/ros/humble/share/ament_lint_auto/cmake)
-- Added test 'copyright' to check source files copyright and LICENSE
-- Added test 'cppcheck' to perform static code analysis on C / C++ code
-- Configured cppcheck include dirs: 
-- Configured cppcheck exclude dirs and/or files: 
-- Added test 'cpplint' to check C / C++ code against the Google style
-- Configured cpplint exclude dirs and/or files: 
-- Added test 'flake8' to check Python code syntax and style conventions
-- Added test 'lint_cmake' to check CMake code style
-- Added test 'pep257' to check Python code against some of the docstring style conventions in PEP 257
-- Added test 'uncrustify' to check C / C++ code style
-- Configured uncrustify additional arguments: 
-- Added test 'xmllint' to check XML markup files
-- Configuring done
-- Generating done
-- Build files have been written to: /mission_planning_ws/src/build/as2_behaviors_perception
[  6%] [32mBuilding CXX object detect_aruco_markers_behavior/CMakeFiles/detect_aruco_markers_behavior_node.dir/src/detect_aruco_markers_behavior.cpp.o[0m
[ 13%] [32mBuilding CXX object detect_aruco_markers_behavior/CMakeFiles/detect_aruco_markers_behavior_node.dir/src/detect_aruco_markers_behavior_node.cpp.o[0m
[ 20%] [32m[1mLinking CXX executable detect_aruco_markers_behavior_node[0m
[ 20%] Built target detect_aruco_markers_behavior_node
[ 26%] [32mBuilding CXX object gtest/CMakeFiles/gtest.dir/src/gtest-all.cc.o[0m
[ 33%] [32m[1mLinking CXX static library libgtest.a[0m
[ 33%] Built target gtest
[ 40%] [32mBuilding CXX object point_gimbal_behavior/CMakeFiles/point_gimbal_behavior.dir/src/point_gimbal_behavior.cpp.o[0m
[ 46%] [32mBuilding CXX object gtest/CMakeFiles/gtest_main.dir/src/gtest_main.cc.o[0m
[ 53%] [32mBuilding CXX object point_gimbal_behavior/CMakeFiles/point_gimbal_behavior.dir/src/point_gimbal_behavior_node.cpp.o[0m
[ 60%] [32m[1mLinking CXX static library libgtest_main.a[0m
[ 60%] Built target gtest_main
[ 66%] [32mBuilding CXX object point_gimbal_behavior/CMakeFiles/point_gimbal_behavior_node.dir/src/point_gimbal_behavior_node.cpp.o[0m
[ 73%] [32mBuilding CXX object point_gimbal_behavior/CMakeFiles/point_gimbal_behavior_node.dir/src/point_gimbal_behavior.cpp.o[0m
[ 80%] [32m[1mLinking CXX shared library libpoint_gimbal_behavior.so[0m
[ 80%] Built target point_gimbal_behavior
[ 86%] [32mBuilding CXX object point_gimbal_behavior/tests/CMakeFiles/point_gimbal_behavior_point_gimbal_gtest.dir/point_gimbal_gtest.cpp.o[0m
[ 93%] [32m[1mLinking CXX executable point_gimbal_behavior_node[0m
[ 93%] Built target point_gimbal_behavior_node
[100%] [32m[1mLinking CXX executable point_gimbal_behavior_point_gimbal_gtest[0m
[100%] Built target point_gimbal_behavior_point_gimbal_gtest
-- Install configuration: "Release"
-- Installing: /mission_planning_ws/src/install/as2_behaviors_perception/share/ament_index/resource_index/package_run_dependencies/as2_behaviors_perception
-- Installing: /mission_planning_ws/src/install/as2_behaviors_perception/share/ament_index/resource_index/parent_prefix_path/as2_behaviors_perception
-- Installing: /mission_planning_ws/src/install/as2_behaviors_perception/share/as2_behaviors_perception/environment/ament_prefix_path.sh
-- Installing: /mission_planning_ws/src/install/as2_behaviors_perception/share/as2_behaviors_perception/environment/ament_prefix_path.dsv
-- Installing: /mission_planning_ws/src/install/as2_behaviors_perception/share/as2_behaviors_perception/environment/path.sh
-- Installing: /mission_planning_ws/src/install/as2_behaviors_perception/share/as2_behaviors_perception/environment/path.dsv
-- Installing: /mission_planning_ws/src/install/as2_behaviors_perception/share/as2_behaviors_perception/local_setup.bash
-- Installing: /mission_planning_ws/src/install/as2_behaviors_perception/share/as2_behaviors_perception/local_setup.sh
-- Installing: /mission_planning_ws/src/install/as2_behaviors_perception/share/as2_behaviors_perception/local_setup.zsh
-- Installing: /mission_planning_ws/src/install/as2_behaviors_perception/share/as2_behaviors_perception/local_setup.dsv
-- Installing: /mission_planning_ws/src/install/as2_behaviors_perception/share/as2_behaviors_perception/package.dsv
-- Installing: /mission_planning_ws/src/install/as2_behaviors_perception/share/ament_index/resource_index/packages/as2_behaviors_perception
-- Installing: /mission_planning_ws/src/install/as2_behaviors_perception/share/as2_behaviors_perception/cmake/ament_cmake_export_dependencies-extras.cmake
-- Installing: /mission_planning_ws/src/install/as2_behaviors_perception/share/as2_behaviors_perception/cmake/as2_behaviors_perceptionConfig.cmake
-- Installing: /mission_planning_ws/src/install/as2_behaviors_perception/share/as2_behaviors_perception/cmake/as2_behaviors_perceptionConfig-version.cmake
-- Installing: /mission_planning_ws/src/install/as2_behaviors_perception/share/as2_behaviors_perception/package.xml
-- Installing: /mission_planning_ws/src/install/as2_behaviors_perception/share/as2_behaviors_perception/detect_aruco_markers_behavior/config
-- Installing: /mission_planning_ws/src/install/as2_behaviors_perception/share/as2_behaviors_perception/detect_aruco_markers_behavior/config/real_params.yaml
-- Installing: /mission_planning_ws/src/install/as2_behaviors_perception/share/as2_behaviors_perception/detect_aruco_markers_behavior/config/sim_params.yaml
-- Installing: /mission_planning_ws/src/install/as2_behaviors_perception/share/as2_behaviors_perception/launch
-- Installing: /mission_planning_ws/src/install/as2_behaviors_perception/share/as2_behaviors_perception/launch/detect_aruco_markers_behavior_sim_launch.py
-- Installing: /mission_planning_ws/src/install/as2_behaviors_perception/share/as2_behaviors_perception/launch/detect_aruco_markers_behavior_real_launch.py
-- Installing: /mission_planning_ws/src/install/as2_behaviors_perception/lib/as2_behaviors_perception/detect_aruco_markers_behavior_node
-- Set runtime path of "/mission_planning_ws/src/install/as2_behaviors_perception/lib/as2_behaviors_perception/detect_aruco_markers_behavior_node" to ""
-- Installing: /mission_planning_ws/src/install/as2_behaviors_perception/include
-- Installing: /mission_planning_ws/src/install/as2_behaviors_perception/include/point_gimbal_behavior
-- Installing: /mission_planning_ws/src/install/as2_behaviors_perception/include/point_gimbal_behavior/point_gimbal_behavior.hpp
-- Up-to-date: /mission_planning_ws/src/install/as2_behaviors_perception/share/as2_behaviors_perception/launch
-- Installing: /mission_planning_ws/src/install/as2_behaviors_perception/share/as2_behaviors_perception/launch/point_gimbal_behavior.launch.py
-- Installing: /mission_planning_ws/src/install/as2_behaviors_perception/share/as2_behaviors_perception/point_gimbal_behavior/config
-- Installing: /mission_planning_ws/src/install/as2_behaviors_perception/share/as2_behaviors_perception/point_gimbal_behavior/config/config_default.yaml
-- Installing: /mission_planning_ws/src/install/as2_behaviors_perception/lib/as2_behaviors_perception/point_gimbal_behavior_node
-- Set runtime path of "/mission_planning_ws/src/install/as2_behaviors_perception/lib/as2_behaviors_perception/point_gimbal_behavior_node" to ""
-- Installing: /mission_planning_ws/src/install/as2_behaviors_perception/share/as2_behaviors_perception/environment/library_path.sh
-- Installing: /mission_planning_ws/src/install/as2_behaviors_perception/share/as2_behaviors_perception/environment/library_path.dsv
-- Installing: /mission_planning_ws/src/install/as2_behaviors_perception/lib/libpoint_gimbal_behavior.so
-- Set runtime path of "/mission_planning_ws/src/install/as2_behaviors_perception/lib/libpoint_gimbal_behavior.so" to ""
