[0.060s] Invoking command in '/mission_planning_ws/src/build/as2_behaviors_perception': AMENT_PREFIX_PATH=/mission_planning_ws/src/install/as2_behavior:/mission_planning_ws/src/install/as2_core:/mission_planning_ws/src/install/as2_msgs:${AMENT_PREFIX_PATH} CMAKE_PREFIX_PATH=/mission_planning_ws/src/install/as2_behavior:/mission_planning_ws/src/install/as2_core:/mission_planning_ws/src/install/as2_msgs:/root/project_gazebo_ws/install/aerostack2:/root/project_gazebo_ws/install/as2_usb_camera_interface:/root/project_gazebo_ws/install/as2_state_estimator:/root/project_gazebo_ws/install/as2_rviz_plugins:/root/project_gazebo_ws/install/as2_realsense_interface:/root/project_gazebo_ws/install/as2_platform_multirotor_simulator:/root/project_gazebo_ws/install/as2_platform_gazebo:/root/project_gazebo_ws/install/as2_motion_controller:/root/project_gazebo_ws/install/as2_behaviors_trajectory_generation:/root/project_gazebo_ws/install/as2_behaviors_motion:/root/project_gazebo_ws/install/as2_motion_reference_handlers:/root/project_gazebo_ws/install/as2_map_server:/root/project_gazebo_ws/install/as2_geozones:/root/project_gazebo_ws/install/as2_gazebo_assets:/root/project_gazebo_ws/install/as2_external_object_to_tf:/root/project_gazebo_ws/install/as2_behaviors_platform:/root/project_gazebo_ws/install/as2_behaviors_perception:/root/project_gazebo_ws/install/as2_behaviors_path_planning:/root/project_gazebo_ws/install/as2_behavior_tree:/root/project_gazebo_ws/install/as2_behavior:/root/project_gazebo_ws/install/as2_alphanumeric_viewer:/root/project_gazebo_ws/install/as2_core:/root/project_gazebo_ws/install/as2_msgs:/root/project_gazebo_ws/install/as2_cli:/root/project_gazebo_ws/install/as2_visualization:/root/project_gazebo_ws/install/as2_keyboard_teleoperation:/root/project_gazebo_ws/install/as2_python_api:/opt/ros/humble LD_LIBRARY_PATH=/mission_planning_ws/src/install/as2_behavior/lib:/mission_planning_ws/src/install/as2_core/lib:/mission_planning_ws/src/install/as2_msgs/lib:${LD_LIBRARY_PATH} PYTHONPATH=/mission_planning_ws/src/install/as2_core/local/lib/python3.10/dist-packages:/mission_planning_ws/src/install/as2_msgs/local/lib/python3.10/dist-packages:${PYTHONPATH} /usr/bin/cmake /mission_planning_ws/src/aerostack2/as2_behaviors/as2_behaviors_perception -DCMAKE_INSTALL_PREFIX=/mission_planning_ws/src/install/as2_behaviors_perception
[1.774s] -- The C compiler identification is GNU 11.4.0
[1.774s] -- The CXX compiler identification is GNU 11.4.0
[1.774s] -- Detecting C compiler ABI info
[1.774s] -- Detecting C compiler ABI info - done
[1.774s] -- Check for working C compiler: /usr/bin/cc - skipped
[1.774s] -- Detecting C compile features
[1.774s] -- Detecting C compile features - done
[1.774s] -- Detecting CXX compiler ABI info
[1.774s] -- Detecting CXX compiler ABI info - done
[1.774s] -- Check for working CXX compiler: /usr/bin/c++ - skipped
[1.775s] -- Detecting CXX compile features
[1.775s] -- Detecting CXX compile features - done
[1.775s] -- Found ament_cmake: 1.3.11 (/opt/ros/humble/share/ament_cmake/cmake)
[1.775s] -- Found Python3: /usr/bin/python3 (found version "3.10.12") found components: Interpreter 
[1.775s] -- Found rclcpp: 16.0.11 (/opt/ros/humble/share/rclcpp/cmake)
[1.775s] -- Found rosidl_generator_c: 3.1.6 (/opt/ros/humble/share/rosidl_generator_c/cmake)
[1.775s] -- Found rosidl_adapter: 3.1.6 (/opt/ros/humble/share/rosidl_adapter/cmake)
[1.775s] -- Found rosidl_generator_cpp: 3.1.6 (/opt/ros/humble/share/rosidl_generator_cpp/cmake)
[1.775s] -- Using all available rosidl_typesupport_c: rosidl_typesupport_fastrtps_c;rosidl_typesupport_introspection_c
[1.789s] -- Using all available rosidl_typesupport_cpp: rosidl_typesupport_fastrtps_cpp;rosidl_typesupport_introspection_cpp
[1.986s] -- Found rmw_implementation_cmake: 6.1.2 (/opt/ros/humble/share/rmw_implementation_cmake/cmake)
[2.003s] -- Found rmw_fastrtps_cpp: 6.2.7 (/opt/ros/humble/share/rmw_fastrtps_cpp/cmake)
[2.232s] -- Found OpenSSL: /usr/lib/x86_64-linux-gnu/libcrypto.so (found version "3.0.2")  
[2.310s] -- Found FastRTPS: /opt/ros/humble/include  
[2.421s] -- Using RMW implementation 'rmw_fastrtps_cpp' as default
[2.461s] -- Looking for pthread.h
[2.590s] -- Looking for pthread.h - found
[2.591s] -- Performing Test CMAKE_HAVE_LIBC_PTHREAD
[2.722s] -- Performing Test CMAKE_HAVE_LIBC_PTHREAD - Success
[2.724s] -- Found Threads: TRUE  
[2.868s] -- Found std_srvs: 4.2.4 (/opt/ros/humble/share/std_srvs/cmake)
[2.888s] -- Found as2_core: 1.1.2 (/mission_planning_ws/src/install/as2_core/share/as2_core/cmake)
[3.238s] -- Found eigen3_cmake_module: 0.1.1 (/opt/ros/humble/share/eigen3_cmake_module/cmake)
[3.240s] -- Found Eigen3: TRUE (found version "3.4.0") 
[3.241s] -- Ensuring Eigen3 include directory is part of orocos-kdl CMake target
[3.672s] -- Found as2_behavior: 1.1.2 (/mission_planning_ws/src/install/as2_behavior/share/as2_behavior/cmake)
[3.680s] -- Found OpenCV: /usr (found version "4.5.4") 
[3.739s] -- Found ament_cmake_gtest: 1.3.11 (/opt/ros/humble/share/ament_cmake_gtest/cmake)
[3.753s] -- Found gtest sources under '/opt/ros/humble/src/gtest_vendor': C++ tests using 'Google Test' will be built
[3.770s] -- Found ament_lint_auto: 0.12.11 (/opt/ros/humble/share/ament_lint_auto/cmake)
[4.009s] -- Added test 'copyright' to check source files copyright and LICENSE
[4.027s] -- Added test 'cppcheck' to perform static code analysis on C / C++ code
[4.027s] -- Configured cppcheck include dirs: 
[4.027s] -- Configured cppcheck exclude dirs and/or files: 
[4.028s] -- Added test 'cpplint' to check C / C++ code against the Google style
[4.028s] -- Configured cpplint exclude dirs and/or files: 
[4.028s] -- Added test 'flake8' to check Python code syntax and style conventions
[4.029s] -- Added test 'lint_cmake' to check CMake code style
[4.029s] -- Added test 'pep257' to check Python code against some of the docstring style conventions in PEP 257
[4.035s] -- Added test 'uncrustify' to check C / C++ code style
[4.035s] -- Configured uncrustify additional arguments: 
[4.037s] -- Added test 'xmllint' to check XML markup files
[4.043s] -- Configuring done
[4.122s] -- Generating done
[4.149s] -- Build files have been written to: /mission_planning_ws/src/build/as2_behaviors_perception
[4.166s] Invoked command in '/mission_planning_ws/src/build/as2_behaviors_perception' returned '0': AMENT_PREFIX_PATH=/mission_planning_ws/src/install/as2_behavior:/mission_planning_ws/src/install/as2_core:/mission_planning_ws/src/install/as2_msgs:${AMENT_PREFIX_PATH} CMAKE_PREFIX_PATH=/mission_planning_ws/src/install/as2_behavior:/mission_planning_ws/src/install/as2_core:/mission_planning_ws/src/install/as2_msgs:/root/project_gazebo_ws/install/aerostack2:/root/project_gazebo_ws/install/as2_usb_camera_interface:/root/project_gazebo_ws/install/as2_state_estimator:/root/project_gazebo_ws/install/as2_rviz_plugins:/root/project_gazebo_ws/install/as2_realsense_interface:/root/project_gazebo_ws/install/as2_platform_multirotor_simulator:/root/project_gazebo_ws/install/as2_platform_gazebo:/root/project_gazebo_ws/install/as2_motion_controller:/root/project_gazebo_ws/install/as2_behaviors_trajectory_generation:/root/project_gazebo_ws/install/as2_behaviors_motion:/root/project_gazebo_ws/install/as2_motion_reference_handlers:/root/project_gazebo_ws/install/as2_map_server:/root/project_gazebo_ws/install/as2_geozones:/root/project_gazebo_ws/install/as2_gazebo_assets:/root/project_gazebo_ws/install/as2_external_object_to_tf:/root/project_gazebo_ws/install/as2_behaviors_platform:/root/project_gazebo_ws/install/as2_behaviors_perception:/root/project_gazebo_ws/install/as2_behaviors_path_planning:/root/project_gazebo_ws/install/as2_behavior_tree:/root/project_gazebo_ws/install/as2_behavior:/root/project_gazebo_ws/install/as2_alphanumeric_viewer:/root/project_gazebo_ws/install/as2_core:/root/project_gazebo_ws/install/as2_msgs:/root/project_gazebo_ws/install/as2_cli:/root/project_gazebo_ws/install/as2_visualization:/root/project_gazebo_ws/install/as2_keyboard_teleoperation:/root/project_gazebo_ws/install/as2_python_api:/opt/ros/humble LD_LIBRARY_PATH=/mission_planning_ws/src/install/as2_behavior/lib:/mission_planning_ws/src/install/as2_core/lib:/mission_planning_ws/src/install/as2_msgs/lib:${LD_LIBRARY_PATH} PYTHONPATH=/mission_planning_ws/src/install/as2_core/local/lib/python3.10/dist-packages:/mission_planning_ws/src/install/as2_msgs/local/lib/python3.10/dist-packages:${PYTHONPATH} /usr/bin/cmake /mission_planning_ws/src/aerostack2/as2_behaviors/as2_behaviors_perception -DCMAKE_INSTALL_PREFIX=/mission_planning_ws/src/install/as2_behaviors_perception
[4.178s] Invoking command in '/mission_planning_ws/src/build/as2_behaviors_perception': AMENT_PREFIX_PATH=/mission_planning_ws/src/install/as2_behavior:/mission_planning_ws/src/install/as2_core:/mission_planning_ws/src/install/as2_msgs:${AMENT_PREFIX_PATH} CMAKE_PREFIX_PATH=/mission_planning_ws/src/install/as2_behavior:/mission_planning_ws/src/install/as2_core:/mission_planning_ws/src/install/as2_msgs:/root/project_gazebo_ws/install/aerostack2:/root/project_gazebo_ws/install/as2_usb_camera_interface:/root/project_gazebo_ws/install/as2_state_estimator:/root/project_gazebo_ws/install/as2_rviz_plugins:/root/project_gazebo_ws/install/as2_realsense_interface:/root/project_gazebo_ws/install/as2_platform_multirotor_simulator:/root/project_gazebo_ws/install/as2_platform_gazebo:/root/project_gazebo_ws/install/as2_motion_controller:/root/project_gazebo_ws/install/as2_behaviors_trajectory_generation:/root/project_gazebo_ws/install/as2_behaviors_motion:/root/project_gazebo_ws/install/as2_motion_reference_handlers:/root/project_gazebo_ws/install/as2_map_server:/root/project_gazebo_ws/install/as2_geozones:/root/project_gazebo_ws/install/as2_gazebo_assets:/root/project_gazebo_ws/install/as2_external_object_to_tf:/root/project_gazebo_ws/install/as2_behaviors_platform:/root/project_gazebo_ws/install/as2_behaviors_perception:/root/project_gazebo_ws/install/as2_behaviors_path_planning:/root/project_gazebo_ws/install/as2_behavior_tree:/root/project_gazebo_ws/install/as2_behavior:/root/project_gazebo_ws/install/as2_alphanumeric_viewer:/root/project_gazebo_ws/install/as2_core:/root/project_gazebo_ws/install/as2_msgs:/root/project_gazebo_ws/install/as2_cli:/root/project_gazebo_ws/install/as2_visualization:/root/project_gazebo_ws/install/as2_keyboard_teleoperation:/root/project_gazebo_ws/install/as2_python_api:/opt/ros/humble LD_LIBRARY_PATH=/mission_planning_ws/src/install/as2_behavior/lib:/mission_planning_ws/src/install/as2_core/lib:/mission_planning_ws/src/install/as2_msgs/lib:${LD_LIBRARY_PATH} PYTHONPATH=/mission_planning_ws/src/install/as2_core/local/lib/python3.10/dist-packages:/mission_planning_ws/src/install/as2_msgs/local/lib/python3.10/dist-packages:${PYTHONPATH} /usr/bin/cmake --build /mission_planning_ws/src/build/as2_behaviors_perception -- -j22 -l22
[4.318s] [  6%] [32mBuilding CXX object detect_aruco_markers_behavior/CMakeFiles/detect_aruco_markers_behavior_node.dir/src/detect_aruco_markers_behavior.cpp.o[0m
[31.034s] [ 13%] [32mBuilding CXX object detect_aruco_markers_behavior/CMakeFiles/detect_aruco_markers_behavior_node.dir/src/detect_aruco_markers_behavior_node.cpp.o[0m
[37.742s] [ 20%] [32m[1mLinking CXX executable detect_aruco_markers_behavior_node[0m
[38.351s] [ 20%] Built target detect_aruco_markers_behavior_node
[38.383s] [ 26%] [32mBuilding CXX object gtest/CMakeFiles/gtest.dir/src/gtest-all.cc.o[0m
[45.225s] [ 33%] [32m[1mLinking CXX static library libgtest.a[0m
[45.278s] [ 33%] Built target gtest
[45.306s] [ 40%] [32mBuilding CXX object point_gimbal_behavior/CMakeFiles/point_gimbal_behavior.dir/src/point_gimbal_behavior.cpp.o[0m
[45.307s] [ 46%] [32mBuilding CXX object gtest/CMakeFiles/gtest_main.dir/src/gtest_main.cc.o[0m
[45.308s] [ 53%] [32mBuilding CXX object point_gimbal_behavior/CMakeFiles/point_gimbal_behavior.dir/src/point_gimbal_behavior_node.cpp.o[0m
[46.577s] [ 60%] [32m[1mLinking CXX static library libgtest_main.a[0m
[46.625s] [ 60%] Built target gtest_main
[46.664s] [ 66%] [32mBuilding CXX object point_gimbal_behavior/CMakeFiles/point_gimbal_behavior_node.dir/src/point_gimbal_behavior_node.cpp.o[0m
[46.665s] [ 73%] [32mBuilding CXX object point_gimbal_behavior/CMakeFiles/point_gimbal_behavior_node.dir/src/point_gimbal_behavior.cpp.o[0m
[56.740s] [ 80%] [32m[1mLinking CXX shared library libpoint_gimbal_behavior.so[0m
[57.403s] [ 80%] Built target point_gimbal_behavior
[57.450s] [ 86%] [32mBuilding CXX object point_gimbal_behavior/tests/CMakeFiles/point_gimbal_behavior_point_gimbal_gtest.dir/point_gimbal_gtest.cpp.o[0m
[63.536s] [ 93%] [32m[1mLinking CXX executable point_gimbal_behavior_node[0m
[64.190s] [ 93%] Built target point_gimbal_behavior_node
[68.880s] [100%] [32m[1mLinking CXX executable point_gimbal_behavior_point_gimbal_gtest[0m
[69.338s] [100%] Built target point_gimbal_behavior_point_gimbal_gtest
[69.371s] Invoked command in '/mission_planning_ws/src/build/as2_behaviors_perception' returned '0': AMENT_PREFIX_PATH=/mission_planning_ws/src/install/as2_behavior:/mission_planning_ws/src/install/as2_core:/mission_planning_ws/src/install/as2_msgs:${AMENT_PREFIX_PATH} CMAKE_PREFIX_PATH=/mission_planning_ws/src/install/as2_behavior:/mission_planning_ws/src/install/as2_core:/mission_planning_ws/src/install/as2_msgs:/root/project_gazebo_ws/install/aerostack2:/root/project_gazebo_ws/install/as2_usb_camera_interface:/root/project_gazebo_ws/install/as2_state_estimator:/root/project_gazebo_ws/install/as2_rviz_plugins:/root/project_gazebo_ws/install/as2_realsense_interface:/root/project_gazebo_ws/install/as2_platform_multirotor_simulator:/root/project_gazebo_ws/install/as2_platform_gazebo:/root/project_gazebo_ws/install/as2_motion_controller:/root/project_gazebo_ws/install/as2_behaviors_trajectory_generation:/root/project_gazebo_ws/install/as2_behaviors_motion:/root/project_gazebo_ws/install/as2_motion_reference_handlers:/root/project_gazebo_ws/install/as2_map_server:/root/project_gazebo_ws/install/as2_geozones:/root/project_gazebo_ws/install/as2_gazebo_assets:/root/project_gazebo_ws/install/as2_external_object_to_tf:/root/project_gazebo_ws/install/as2_behaviors_platform:/root/project_gazebo_ws/install/as2_behaviors_perception:/root/project_gazebo_ws/install/as2_behaviors_path_planning:/root/project_gazebo_ws/install/as2_behavior_tree:/root/project_gazebo_ws/install/as2_behavior:/root/project_gazebo_ws/install/as2_alphanumeric_viewer:/root/project_gazebo_ws/install/as2_core:/root/project_gazebo_ws/install/as2_msgs:/root/project_gazebo_ws/install/as2_cli:/root/project_gazebo_ws/install/as2_visualization:/root/project_gazebo_ws/install/as2_keyboard_teleoperation:/root/project_gazebo_ws/install/as2_python_api:/opt/ros/humble LD_LIBRARY_PATH=/mission_planning_ws/src/install/as2_behavior/lib:/mission_planning_ws/src/install/as2_core/lib:/mission_planning_ws/src/install/as2_msgs/lib:${LD_LIBRARY_PATH} PYTHONPATH=/mission_planning_ws/src/install/as2_core/local/lib/python3.10/dist-packages:/mission_planning_ws/src/install/as2_msgs/local/lib/python3.10/dist-packages:${PYTHONPATH} /usr/bin/cmake --build /mission_planning_ws/src/build/as2_behaviors_perception -- -j22 -l22
[69.378s] Invoking command in '/mission_planning_ws/src/build/as2_behaviors_perception': AMENT_PREFIX_PATH=/mission_planning_ws/src/install/as2_behavior:/mission_planning_ws/src/install/as2_core:/mission_planning_ws/src/install/as2_msgs:${AMENT_PREFIX_PATH} CMAKE_PREFIX_PATH=/mission_planning_ws/src/install/as2_behavior:/mission_planning_ws/src/install/as2_core:/mission_planning_ws/src/install/as2_msgs:/root/project_gazebo_ws/install/aerostack2:/root/project_gazebo_ws/install/as2_usb_camera_interface:/root/project_gazebo_ws/install/as2_state_estimator:/root/project_gazebo_ws/install/as2_rviz_plugins:/root/project_gazebo_ws/install/as2_realsense_interface:/root/project_gazebo_ws/install/as2_platform_multirotor_simulator:/root/project_gazebo_ws/install/as2_platform_gazebo:/root/project_gazebo_ws/install/as2_motion_controller:/root/project_gazebo_ws/install/as2_behaviors_trajectory_generation:/root/project_gazebo_ws/install/as2_behaviors_motion:/root/project_gazebo_ws/install/as2_motion_reference_handlers:/root/project_gazebo_ws/install/as2_map_server:/root/project_gazebo_ws/install/as2_geozones:/root/project_gazebo_ws/install/as2_gazebo_assets:/root/project_gazebo_ws/install/as2_external_object_to_tf:/root/project_gazebo_ws/install/as2_behaviors_platform:/root/project_gazebo_ws/install/as2_behaviors_perception:/root/project_gazebo_ws/install/as2_behaviors_path_planning:/root/project_gazebo_ws/install/as2_behavior_tree:/root/project_gazebo_ws/install/as2_behavior:/root/project_gazebo_ws/install/as2_alphanumeric_viewer:/root/project_gazebo_ws/install/as2_core:/root/project_gazebo_ws/install/as2_msgs:/root/project_gazebo_ws/install/as2_cli:/root/project_gazebo_ws/install/as2_visualization:/root/project_gazebo_ws/install/as2_keyboard_teleoperation:/root/project_gazebo_ws/install/as2_python_api:/opt/ros/humble LD_LIBRARY_PATH=/mission_planning_ws/src/install/as2_behavior/lib:/mission_planning_ws/src/install/as2_core/lib:/mission_planning_ws/src/install/as2_msgs/lib:${LD_LIBRARY_PATH} PYTHONPATH=/mission_planning_ws/src/install/as2_core/local/lib/python3.10/dist-packages:/mission_planning_ws/src/install/as2_msgs/local/lib/python3.10/dist-packages:${PYTHONPATH} /usr/bin/cmake --install /mission_planning_ws/src/build/as2_behaviors_perception
[69.431s] -- Install configuration: "Release"
[69.431s] -- Installing: /mission_planning_ws/src/install/as2_behaviors_perception/share/ament_index/resource_index/package_run_dependencies/as2_behaviors_perception
[69.433s] -- Installing: /mission_planning_ws/src/install/as2_behaviors_perception/share/ament_index/resource_index/parent_prefix_path/as2_behaviors_perception
[69.435s] -- Installing: /mission_planning_ws/src/install/as2_behaviors_perception/share/as2_behaviors_perception/environment/ament_prefix_path.sh
[69.436s] -- Installing: /mission_planning_ws/src/install/as2_behaviors_perception/share/as2_behaviors_perception/environment/ament_prefix_path.dsv
[69.436s] -- Installing: /mission_planning_ws/src/install/as2_behaviors_perception/share/as2_behaviors_perception/environment/path.sh
[69.437s] -- Installing: /mission_planning_ws/src/install/as2_behaviors_perception/share/as2_behaviors_perception/environment/path.dsv
[69.438s] -- Installing: /mission_planning_ws/src/install/as2_behaviors_perception/share/as2_behaviors_perception/local_setup.bash
[69.439s] -- Installing: /mission_planning_ws/src/install/as2_behaviors_perception/share/as2_behaviors_perception/local_setup.sh
[69.440s] -- Installing: /mission_planning_ws/src/install/as2_behaviors_perception/share/as2_behaviors_perception/local_setup.zsh
[69.442s] -- Installing: /mission_planning_ws/src/install/as2_behaviors_perception/share/as2_behaviors_perception/local_setup.dsv
[69.443s] -- Installing: /mission_planning_ws/src/install/as2_behaviors_perception/share/as2_behaviors_perception/package.dsv
[69.444s] -- Installing: /mission_planning_ws/src/install/as2_behaviors_perception/share/ament_index/resource_index/packages/as2_behaviors_perception
[69.445s] -- Installing: /mission_planning_ws/src/install/as2_behaviors_perception/share/as2_behaviors_perception/cmake/ament_cmake_export_dependencies-extras.cmake
[69.446s] -- Installing: /mission_planning_ws/src/install/as2_behaviors_perception/share/as2_behaviors_perception/cmake/as2_behaviors_perceptionConfig.cmake
[69.447s] -- Installing: /mission_planning_ws/src/install/as2_behaviors_perception/share/as2_behaviors_perception/cmake/as2_behaviors_perceptionConfig-version.cmake
[69.448s] -- Installing: /mission_planning_ws/src/install/as2_behaviors_perception/share/as2_behaviors_perception/package.xml
[69.450s] -- Installing: /mission_planning_ws/src/install/as2_behaviors_perception/share/as2_behaviors_perception/detect_aruco_markers_behavior/config
[69.451s] -- Installing: /mission_planning_ws/src/install/as2_behaviors_perception/share/as2_behaviors_perception/detect_aruco_markers_behavior/config/real_params.yaml
[69.515s] -- Installing: /mission_planning_ws/src/install/as2_behaviors_perception/share/as2_behaviors_perception/detect_aruco_markers_behavior/config/sim_params.yaml
[69.516s] -- Installing: /mission_planning_ws/src/install/as2_behaviors_perception/share/as2_behaviors_perception/launch
[69.517s] -- Installing: /mission_planning_ws/src/install/as2_behaviors_perception/share/as2_behaviors_perception/launch/detect_aruco_markers_behavior_sim_launch.py
[69.518s] -- Installing: /mission_planning_ws/src/install/as2_behaviors_perception/share/as2_behaviors_perception/launch/detect_aruco_markers_behavior_real_launch.py
[69.520s] -- Installing: /mission_planning_ws/src/install/as2_behaviors_perception/lib/as2_behaviors_perception/detect_aruco_markers_behavior_node
[69.528s] -- Set runtime path of "/mission_planning_ws/src/install/as2_behaviors_perception/lib/as2_behaviors_perception/detect_aruco_markers_behavior_node" to ""
[69.530s] -- Installing: /mission_planning_ws/src/install/as2_behaviors_perception/include
[69.530s] -- Installing: /mission_planning_ws/src/install/as2_behaviors_perception/include/point_gimbal_behavior
[69.531s] -- Installing: /mission_planning_ws/src/install/as2_behaviors_perception/include/point_gimbal_behavior/point_gimbal_behavior.hpp
[69.532s] -- Up-to-date: /mission_planning_ws/src/install/as2_behaviors_perception/share/as2_behaviors_perception/launch
[69.532s] -- Installing: /mission_planning_ws/src/install/as2_behaviors_perception/share/as2_behaviors_perception/launch/point_gimbal_behavior.launch.py
[69.534s] -- Installing: /mission_planning_ws/src/install/as2_behaviors_perception/share/as2_behaviors_perception/point_gimbal_behavior/config
[69.534s] -- Installing: /mission_planning_ws/src/install/as2_behaviors_perception/share/as2_behaviors_perception/point_gimbal_behavior/config/config_default.yaml
[69.536s] -- Installing: /mission_planning_ws/src/install/as2_behaviors_perception/lib/as2_behaviors_perception/point_gimbal_behavior_node
[69.541s] -- Set runtime path of "/mission_planning_ws/src/install/as2_behaviors_perception/lib/as2_behaviors_perception/point_gimbal_behavior_node" to ""
[69.541s] -- Installing: /mission_planning_ws/src/install/as2_behaviors_perception/share/as2_behaviors_perception/environment/library_path.sh
[69.542s] -- Installing: /mission_planning_ws/src/install/as2_behaviors_perception/share/as2_behaviors_perception/environment/library_path.dsv
[69.543s] -- Installing: /mission_planning_ws/src/install/as2_behaviors_perception/lib/libpoint_gimbal_behavior.so
[69.548s] -- Set runtime path of "/mission_planning_ws/src/install/as2_behaviors_perception/lib/libpoint_gimbal_behavior.so" to ""
[69.564s] Invoked command in '/mission_planning_ws/src/build/as2_behaviors_perception' returned '0': AMENT_PREFIX_PATH=/mission_planning_ws/src/install/as2_behavior:/mission_planning_ws/src/install/as2_core:/mission_planning_ws/src/install/as2_msgs:${AMENT_PREFIX_PATH} CMAKE_PREFIX_PATH=/mission_planning_ws/src/install/as2_behavior:/mission_planning_ws/src/install/as2_core:/mission_planning_ws/src/install/as2_msgs:/root/project_gazebo_ws/install/aerostack2:/root/project_gazebo_ws/install/as2_usb_camera_interface:/root/project_gazebo_ws/install/as2_state_estimator:/root/project_gazebo_ws/install/as2_rviz_plugins:/root/project_gazebo_ws/install/as2_realsense_interface:/root/project_gazebo_ws/install/as2_platform_multirotor_simulator:/root/project_gazebo_ws/install/as2_platform_gazebo:/root/project_gazebo_ws/install/as2_motion_controller:/root/project_gazebo_ws/install/as2_behaviors_trajectory_generation:/root/project_gazebo_ws/install/as2_behaviors_motion:/root/project_gazebo_ws/install/as2_motion_reference_handlers:/root/project_gazebo_ws/install/as2_map_server:/root/project_gazebo_ws/install/as2_geozones:/root/project_gazebo_ws/install/as2_gazebo_assets:/root/project_gazebo_ws/install/as2_external_object_to_tf:/root/project_gazebo_ws/install/as2_behaviors_platform:/root/project_gazebo_ws/install/as2_behaviors_perception:/root/project_gazebo_ws/install/as2_behaviors_path_planning:/root/project_gazebo_ws/install/as2_behavior_tree:/root/project_gazebo_ws/install/as2_behavior:/root/project_gazebo_ws/install/as2_alphanumeric_viewer:/root/project_gazebo_ws/install/as2_core:/root/project_gazebo_ws/install/as2_msgs:/root/project_gazebo_ws/install/as2_cli:/root/project_gazebo_ws/install/as2_visualization:/root/project_gazebo_ws/install/as2_keyboard_teleoperation:/root/project_gazebo_ws/install/as2_python_api:/opt/ros/humble LD_LIBRARY_PATH=/mission_planning_ws/src/install/as2_behavior/lib:/mission_planning_ws/src/install/as2_core/lib:/mission_planning_ws/src/install/as2_msgs/lib:${LD_LIBRARY_PATH} PYTHONPATH=/mission_planning_ws/src/install/as2_core/local/lib/python3.10/dist-packages:/mission_planning_ws/src/install/as2_msgs/local/lib/python3.10/dist-packages:${PYTHONPATH} /usr/bin/cmake --install /mission_planning_ws/src/build/as2_behaviors_perception
