[0.210s] Invoking command in '/mission_planning_ws/build/as2_behaviors_motion': AMENT_PREFIX_PATH=/mission_planning_ws/install/as2_motion_reference_handlers:/mission_planning_ws/install/as2_behavior:/mission_planning_ws/install/as2_core:/mission_planning_ws/install/as2_msgs:${AMENT_PREFIX_PATH} CMAKE_PREFIX_PATH=/mission_planning_ws/install/as2_motion_reference_handlers:/mission_planning_ws/install/as2_behavior:/mission_planning_ws/install/as2_core:/mission_planning_ws/install/as2_msgs:/root/project_gazebo_ws/install/aerostack2:/root/project_gazebo_ws/install/as2_usb_camera_interface:/root/project_gazebo_ws/install/as2_state_estimator:/root/project_gazebo_ws/install/as2_rviz_plugins:/root/project_gazebo_ws/install/as2_realsense_interface:/root/project_gazebo_ws/install/as2_platform_multirotor_simulator:/root/project_gazebo_ws/install/as2_platform_gazebo:/root/project_gazebo_ws/install/as2_motion_controller:/root/project_gazebo_ws/install/as2_behaviors_trajectory_generation:/root/project_gazebo_ws/install/as2_behaviors_motion:/root/project_gazebo_ws/install/as2_motion_reference_handlers:/root/project_gazebo_ws/install/as2_map_server:/root/project_gazebo_ws/install/as2_geozones:/root/project_gazebo_ws/install/as2_gazebo_assets:/root/project_gazebo_ws/install/as2_external_object_to_tf:/root/project_gazebo_ws/install/as2_behaviors_platform:/root/project_gazebo_ws/install/as2_behaviors_perception:/root/project_gazebo_ws/install/as2_behaviors_path_planning:/root/project_gazebo_ws/install/as2_behavior_tree:/root/project_gazebo_ws/install/as2_behavior:/root/project_gazebo_ws/install/as2_alphanumeric_viewer:/root/project_gazebo_ws/install/as2_core:/root/project_gazebo_ws/install/as2_msgs:/root/project_gazebo_ws/install/as2_cli:/root/project_gazebo_ws/install/as2_visualization:/root/project_gazebo_ws/install/as2_keyboard_teleoperation:/root/project_gazebo_ws/install/as2_python_api:/opt/ros/humble LD_LIBRARY_PATH=/mission_planning_ws/install/as2_motion_reference_handlers/lib:/mission_planning_ws/install/as2_behavior/lib:/mission_planning_ws/install/as2_core/lib:/mission_planning_ws/install/as2_msgs/lib:${LD_LIBRARY_PATH} PYTHONPATH=/mission_planning_ws/install/as2_motion_reference_handlers/local/lib/python3.10/dist-packages:/mission_planning_ws/install/as2_core/local/lib/python3.10/dist-packages:/mission_planning_ws/install/as2_msgs/local/lib/python3.10/dist-packages:${PYTHONPATH} /usr/bin/cmake --build /mission_planning_ws/build/as2_behaviors_motion -- -j22 -l22
[0.307s] [  5%] Built target takeoff_component
[0.311s] [ 10%] Built target follow_path_component
[0.314s] [ 16%] Built target go_to_component
[0.320s] [ 21%] Built target follow_reference_component
[0.321s] [ 29%] Built target follow_reference_behavior_node
[0.322s] [ 37%] Built target takeoff_behavior_node
[0.323s] [ 43%] Built target land_component
[0.324s] [ 51%] Built target go_to_behavior_node
[0.324s] [ 59%] Built target follow_path_behavior_node
[0.326s] [ 67%] Built target land_behavior_node
[0.328s] [100%] Built target as2_behaviors_motion
[0.513s] Invoked command in '/mission_planning_ws/build/as2_behaviors_motion' returned '0': AMENT_PREFIX_PATH=/mission_planning_ws/install/as2_motion_reference_handlers:/mission_planning_ws/install/as2_behavior:/mission_planning_ws/install/as2_core:/mission_planning_ws/install/as2_msgs:${AMENT_PREFIX_PATH} CMAKE_PREFIX_PATH=/mission_planning_ws/install/as2_motion_reference_handlers:/mission_planning_ws/install/as2_behavior:/mission_planning_ws/install/as2_core:/mission_planning_ws/install/as2_msgs:/root/project_gazebo_ws/install/aerostack2:/root/project_gazebo_ws/install/as2_usb_camera_interface:/root/project_gazebo_ws/install/as2_state_estimator:/root/project_gazebo_ws/install/as2_rviz_plugins:/root/project_gazebo_ws/install/as2_realsense_interface:/root/project_gazebo_ws/install/as2_platform_multirotor_simulator:/root/project_gazebo_ws/install/as2_platform_gazebo:/root/project_gazebo_ws/install/as2_motion_controller:/root/project_gazebo_ws/install/as2_behaviors_trajectory_generation:/root/project_gazebo_ws/install/as2_behaviors_motion:/root/project_gazebo_ws/install/as2_motion_reference_handlers:/root/project_gazebo_ws/install/as2_map_server:/root/project_gazebo_ws/install/as2_geozones:/root/project_gazebo_ws/install/as2_gazebo_assets:/root/project_gazebo_ws/install/as2_external_object_to_tf:/root/project_gazebo_ws/install/as2_behaviors_platform:/root/project_gazebo_ws/install/as2_behaviors_perception:/root/project_gazebo_ws/install/as2_behaviors_path_planning:/root/project_gazebo_ws/install/as2_behavior_tree:/root/project_gazebo_ws/install/as2_behavior:/root/project_gazebo_ws/install/as2_alphanumeric_viewer:/root/project_gazebo_ws/install/as2_core:/root/project_gazebo_ws/install/as2_msgs:/root/project_gazebo_ws/install/as2_cli:/root/project_gazebo_ws/install/as2_visualization:/root/project_gazebo_ws/install/as2_keyboard_teleoperation:/root/project_gazebo_ws/install/as2_python_api:/opt/ros/humble LD_LIBRARY_PATH=/mission_planning_ws/install/as2_motion_reference_handlers/lib:/mission_planning_ws/install/as2_behavior/lib:/mission_planning_ws/install/as2_core/lib:/mission_planning_ws/install/as2_msgs/lib:${LD_LIBRARY_PATH} PYTHONPATH=/mission_planning_ws/install/as2_motion_reference_handlers/local/lib/python3.10/dist-packages:/mission_planning_ws/install/as2_core/local/lib/python3.10/dist-packages:/mission_planning_ws/install/as2_msgs/local/lib/python3.10/dist-packages:${PYTHONPATH} /usr/bin/cmake --build /mission_planning_ws/build/as2_behaviors_motion -- -j22 -l22
[0.518s] Invoking command in '/mission_planning_ws/build/as2_behaviors_motion': AMENT_PREFIX_PATH=/mission_planning_ws/install/as2_motion_reference_handlers:/mission_planning_ws/install/as2_behavior:/mission_planning_ws/install/as2_core:/mission_planning_ws/install/as2_msgs:${AMENT_PREFIX_PATH} CMAKE_PREFIX_PATH=/mission_planning_ws/install/as2_motion_reference_handlers:/mission_planning_ws/install/as2_behavior:/mission_planning_ws/install/as2_core:/mission_planning_ws/install/as2_msgs:/root/project_gazebo_ws/install/aerostack2:/root/project_gazebo_ws/install/as2_usb_camera_interface:/root/project_gazebo_ws/install/as2_state_estimator:/root/project_gazebo_ws/install/as2_rviz_plugins:/root/project_gazebo_ws/install/as2_realsense_interface:/root/project_gazebo_ws/install/as2_platform_multirotor_simulator:/root/project_gazebo_ws/install/as2_platform_gazebo:/root/project_gazebo_ws/install/as2_motion_controller:/root/project_gazebo_ws/install/as2_behaviors_trajectory_generation:/root/project_gazebo_ws/install/as2_behaviors_motion:/root/project_gazebo_ws/install/as2_motion_reference_handlers:/root/project_gazebo_ws/install/as2_map_server:/root/project_gazebo_ws/install/as2_geozones:/root/project_gazebo_ws/install/as2_gazebo_assets:/root/project_gazebo_ws/install/as2_external_object_to_tf:/root/project_gazebo_ws/install/as2_behaviors_platform:/root/project_gazebo_ws/install/as2_behaviors_perception:/root/project_gazebo_ws/install/as2_behaviors_path_planning:/root/project_gazebo_ws/install/as2_behavior_tree:/root/project_gazebo_ws/install/as2_behavior:/root/project_gazebo_ws/install/as2_alphanumeric_viewer:/root/project_gazebo_ws/install/as2_core:/root/project_gazebo_ws/install/as2_msgs:/root/project_gazebo_ws/install/as2_cli:/root/project_gazebo_ws/install/as2_visualization:/root/project_gazebo_ws/install/as2_keyboard_teleoperation:/root/project_gazebo_ws/install/as2_python_api:/opt/ros/humble LD_LIBRARY_PATH=/mission_planning_ws/install/as2_motion_reference_handlers/lib:/mission_planning_ws/install/as2_behavior/lib:/mission_planning_ws/install/as2_core/lib:/mission_planning_ws/install/as2_msgs/lib:${LD_LIBRARY_PATH} PYTHONPATH=/mission_planning_ws/install/as2_motion_reference_handlers/local/lib/python3.10/dist-packages:/mission_planning_ws/install/as2_core/local/lib/python3.10/dist-packages:/mission_planning_ws/install/as2_msgs/local/lib/python3.10/dist-packages:${PYTHONPATH} /usr/bin/cmake --install /mission_planning_ws/build/as2_behaviors_motion
[0.525s] -- Install configuration: "Release"
[0.525s] -- Up-to-date: /mission_planning_ws/install/as2_behaviors_motion/share/as2_behaviors_motion/plugins.xml
[0.525s] -- Up-to-date: /mission_planning_ws/install/as2_behaviors_motion/lib/libas2_behaviors_motion.so
[0.525s] -- Up-to-date: /mission_planning_ws/install/as2_behaviors_motion/share/as2_behaviors_motion/environment/library_path.sh
[0.525s] -- Up-to-date: /mission_planning_ws/install/as2_behaviors_motion/share/as2_behaviors_motion/environment/library_path.dsv
[0.527s] -- Up-to-date: /mission_planning_ws/install/as2_behaviors_motion/lib/as2_behaviors_motion/follow_path_behavior_node
[0.527s] -- Up-to-date: /mission_planning_ws/install/as2_behaviors_motion/include
[0.527s] -- Up-to-date: /mission_planning_ws/install/as2_behaviors_motion/include/follow_path_behavior
[0.527s] -- Up-to-date: /mission_planning_ws/install/as2_behaviors_motion/include/follow_path_behavior/follow_path_base.hpp
[0.527s] -- Up-to-date: /mission_planning_ws/install/as2_behaviors_motion/include/follow_path_behavior/follow_path_behavior.hpp
[0.527s] -- Up-to-date: /mission_planning_ws/install/as2_behaviors_motion/share/as2_behaviors_motion/follow_path_behavior/config/
[0.528s] -- Up-to-date: /mission_planning_ws/install/as2_behaviors_motion/share/as2_behaviors_motion/follow_path_behavior/config//config_default.yaml
[0.529s] -- Up-to-date: /mission_planning_ws/install/as2_behaviors_motion/lib/as2_behaviors_motion/go_to_behavior_node
[0.529s] -- Up-to-date: /mission_planning_ws/install/as2_behaviors_motion/include
[0.529s] -- Up-to-date: /mission_planning_ws/install/as2_behaviors_motion/include/go_to_behavior
[0.529s] -- Up-to-date: /mission_planning_ws/install/as2_behaviors_motion/include/go_to_behavior/go_to_base.hpp
[0.529s] -- Up-to-date: /mission_planning_ws/install/as2_behaviors_motion/include/go_to_behavior/go_to_behavior.hpp
[0.529s] -- Up-to-date: /mission_planning_ws/install/as2_behaviors_motion/share/as2_behaviors_motion/go_to_behavior/config/
[0.530s] -- Up-to-date: /mission_planning_ws/install/as2_behaviors_motion/share/as2_behaviors_motion/go_to_behavior/config//config_default.yaml
[0.531s] -- Up-to-date: /mission_planning_ws/install/as2_behaviors_motion/lib/as2_behaviors_motion/land_behavior_node
[0.531s] -- Up-to-date: /mission_planning_ws/install/as2_behaviors_motion/include
[0.531s] -- Up-to-date: /mission_planning_ws/install/as2_behaviors_motion/include/land_behavior
[0.531s] -- Up-to-date: /mission_planning_ws/install/as2_behaviors_motion/include/land_behavior/land_base.hpp
[0.531s] -- Up-to-date: /mission_planning_ws/install/as2_behaviors_motion/include/land_behavior/land_behavior.hpp
[0.531s] -- Up-to-date: /mission_planning_ws/install/as2_behaviors_motion/share/as2_behaviors_motion/land_behavior/config/
[0.532s] -- Up-to-date: /mission_planning_ws/install/as2_behaviors_motion/share/as2_behaviors_motion/land_behavior/config//config_default.yaml
[0.533s] -- Up-to-date: /mission_planning_ws/install/as2_behaviors_motion/lib/as2_behaviors_motion/takeoff_behavior_node
[0.533s] -- Up-to-date: /mission_planning_ws/install/as2_behaviors_motion/include
[0.533s] -- Up-to-date: /mission_planning_ws/install/as2_behaviors_motion/include/takeoff_behavior
[0.533s] -- Up-to-date: /mission_planning_ws/install/as2_behaviors_motion/include/takeoff_behavior/takeoff_base.hpp
[0.533s] -- Up-to-date: /mission_planning_ws/install/as2_behaviors_motion/include/takeoff_behavior/takeoff_behavior.hpp
[0.534s] -- Up-to-date: /mission_planning_ws/install/as2_behaviors_motion/share/as2_behaviors_motion/takeoff_behavior/config/
[0.534s] -- Up-to-date: /mission_planning_ws/install/as2_behaviors_motion/share/as2_behaviors_motion/takeoff_behavior/config//config_default.yaml
[0.535s] -- Up-to-date: /mission_planning_ws/install/as2_behaviors_motion/lib/as2_behaviors_motion/follow_reference_behavior_node
[0.535s] -- Up-to-date: /mission_planning_ws/install/as2_behaviors_motion/include
[0.535s] -- Up-to-date: /mission_planning_ws/install/as2_behaviors_motion/include/follow_reference_behavior
[0.535s] -- Up-to-date: /mission_planning_ws/install/as2_behaviors_motion/include/follow_reference_behavior/follow_reference_behavior.hpp
[0.535s] -- Up-to-date: /mission_planning_ws/install/as2_behaviors_motion/share/as2_behaviors_motion/follow_reference_behavior/config/
[0.536s] -- Up-to-date: /mission_planning_ws/install/as2_behaviors_motion/share/as2_behaviors_motion/follow_reference_behavior/config//config_default.yaml
[0.537s] -- Up-to-date: /mission_planning_ws/install/as2_behaviors_motion/lib/libtakeoff_component.so
[0.537s] -- Up-to-date: /mission_planning_ws/install/as2_behaviors_motion/lib/libland_component.so
[0.538s] -- Up-to-date: /mission_planning_ws/install/as2_behaviors_motion/lib/libgo_to_component.so
[0.540s] -- Up-to-date: /mission_planning_ws/install/as2_behaviors_motion/lib/libfollow_path_component.so
[0.540s] -- Up-to-date: /mission_planning_ws/install/as2_behaviors_motion/lib/libfollow_reference_component.so
[0.540s] -- Up-to-date: /mission_planning_ws/install/as2_behaviors_motion/share/as2_behaviors_motion/launch
[0.541s] -- Up-to-date: /mission_planning_ws/install/as2_behaviors_motion/share/as2_behaviors_motion/launch/motion_behaviors_launch.py
[0.541s] -- Up-to-date: /mission_planning_ws/install/as2_behaviors_motion/share/as2_behaviors_motion/launch/composable_motion_behaviors.launch.py
[0.541s] -- Up-to-date: /mission_planning_ws/install/as2_behaviors_motion/share/as2_behaviors_motion/launch/land_behavior_launch.py
[0.541s] -- Up-to-date: /mission_planning_ws/install/as2_behaviors_motion/share/as2_behaviors_motion/launch/takeoff_behavior_launch.py
[0.541s] -- Up-to-date: /mission_planning_ws/install/as2_behaviors_motion/share/as2_behaviors_motion/launch/composable_follow_reference.launch.py
[0.541s] -- Up-to-date: /mission_planning_ws/install/as2_behaviors_motion/share/as2_behaviors_motion/launch/follow_path_behavior_launch.py
[0.541s] -- Up-to-date: /mission_planning_ws/install/as2_behaviors_motion/share/as2_behaviors_motion/launch/follow_reference_behavior_launch.py
[0.541s] -- Up-to-date: /mission_planning_ws/install/as2_behaviors_motion/share/as2_behaviors_motion/launch/go_to_behavior_launch.py
[0.541s] -- Up-to-date: /mission_planning_ws/install/as2_behaviors_motion/share/ament_index/resource_index/package_run_dependencies/as2_behaviors_motion
[0.541s] -- Up-to-date: /mission_planning_ws/install/as2_behaviors_motion/share/ament_index/resource_index/parent_prefix_path/as2_behaviors_motion
[0.542s] -- Up-to-date: /mission_planning_ws/install/as2_behaviors_motion/share/as2_behaviors_motion/environment/ament_prefix_path.sh
[0.542s] -- Up-to-date: /mission_planning_ws/install/as2_behaviors_motion/share/as2_behaviors_motion/environment/ament_prefix_path.dsv
[0.542s] -- Up-to-date: /mission_planning_ws/install/as2_behaviors_motion/share/as2_behaviors_motion/environment/path.sh
[0.542s] -- Up-to-date: /mission_planning_ws/install/as2_behaviors_motion/share/as2_behaviors_motion/environment/path.dsv
[0.542s] -- Up-to-date: /mission_planning_ws/install/as2_behaviors_motion/share/as2_behaviors_motion/local_setup.bash
[0.542s] -- Up-to-date: /mission_planning_ws/install/as2_behaviors_motion/share/as2_behaviors_motion/local_setup.sh
[0.542s] -- Up-to-date: /mission_planning_ws/install/as2_behaviors_motion/share/as2_behaviors_motion/local_setup.zsh
[0.542s] -- Up-to-date: /mission_planning_ws/install/as2_behaviors_motion/share/as2_behaviors_motion/local_setup.dsv
[0.542s] -- Installing: /mission_planning_ws/install/as2_behaviors_motion/share/as2_behaviors_motion/package.dsv
[0.542s] -- Up-to-date: /mission_planning_ws/install/as2_behaviors_motion/share/ament_index/resource_index/packages/as2_behaviors_motion
[0.543s] -- Up-to-date: /mission_planning_ws/install/as2_behaviors_motion/share/ament_index/resource_index/as2_behaviors_motion__pluginlib__plugin/as2_behaviors_motion
[0.544s] -- Up-to-date: /mission_planning_ws/install/as2_behaviors_motion/share/as2_behaviors_motion/cmake/export_as2_behaviors_motionExport.cmake
[0.544s] -- Up-to-date: /mission_planning_ws/install/as2_behaviors_motion/share/as2_behaviors_motion/cmake/export_as2_behaviors_motionExport-release.cmake
[0.545s] -- Up-to-date: /mission_planning_ws/install/as2_behaviors_motion/share/ament_index/resource_index/rclcpp_components/as2_behaviors_motion
[0.545s] -- Up-to-date: /mission_planning_ws/install/as2_behaviors_motion/share/as2_behaviors_motion/cmake/ament_cmake_export_libraries-extras.cmake
[0.545s] -- Up-to-date: /mission_planning_ws/install/as2_behaviors_motion/share/as2_behaviors_motion/cmake/ament_cmake_export_targets-extras.cmake
[0.545s] -- Up-to-date: /mission_planning_ws/install/as2_behaviors_motion/share/as2_behaviors_motion/cmake/ament_cmake_export_include_directories-extras.cmake
[0.545s] -- Up-to-date: /mission_planning_ws/install/as2_behaviors_motion/share/as2_behaviors_motion/cmake/as2_behaviors_motionConfig.cmake
[0.545s] -- Up-to-date: /mission_planning_ws/install/as2_behaviors_motion/share/as2_behaviors_motion/cmake/as2_behaviors_motionConfig-version.cmake
[0.545s] -- Up-to-date: /mission_planning_ws/install/as2_behaviors_motion/share/as2_behaviors_motion/package.xml
[0.574s] Invoked command in '/mission_planning_ws/build/as2_behaviors_motion' returned '0': AMENT_PREFIX_PATH=/mission_planning_ws/install/as2_motion_reference_handlers:/mission_planning_ws/install/as2_behavior:/mission_planning_ws/install/as2_core:/mission_planning_ws/install/as2_msgs:${AMENT_PREFIX_PATH} CMAKE_PREFIX_PATH=/mission_planning_ws/install/as2_motion_reference_handlers:/mission_planning_ws/install/as2_behavior:/mission_planning_ws/install/as2_core:/mission_planning_ws/install/as2_msgs:/root/project_gazebo_ws/install/aerostack2:/root/project_gazebo_ws/install/as2_usb_camera_interface:/root/project_gazebo_ws/install/as2_state_estimator:/root/project_gazebo_ws/install/as2_rviz_plugins:/root/project_gazebo_ws/install/as2_realsense_interface:/root/project_gazebo_ws/install/as2_platform_multirotor_simulator:/root/project_gazebo_ws/install/as2_platform_gazebo:/root/project_gazebo_ws/install/as2_motion_controller:/root/project_gazebo_ws/install/as2_behaviors_trajectory_generation:/root/project_gazebo_ws/install/as2_behaviors_motion:/root/project_gazebo_ws/install/as2_motion_reference_handlers:/root/project_gazebo_ws/install/as2_map_server:/root/project_gazebo_ws/install/as2_geozones:/root/project_gazebo_ws/install/as2_gazebo_assets:/root/project_gazebo_ws/install/as2_external_object_to_tf:/root/project_gazebo_ws/install/as2_behaviors_platform:/root/project_gazebo_ws/install/as2_behaviors_perception:/root/project_gazebo_ws/install/as2_behaviors_path_planning:/root/project_gazebo_ws/install/as2_behavior_tree:/root/project_gazebo_ws/install/as2_behavior:/root/project_gazebo_ws/install/as2_alphanumeric_viewer:/root/project_gazebo_ws/install/as2_core:/root/project_gazebo_ws/install/as2_msgs:/root/project_gazebo_ws/install/as2_cli:/root/project_gazebo_ws/install/as2_visualization:/root/project_gazebo_ws/install/as2_keyboard_teleoperation:/root/project_gazebo_ws/install/as2_python_api:/opt/ros/humble LD_LIBRARY_PATH=/mission_planning_ws/install/as2_motion_reference_handlers/lib:/mission_planning_ws/install/as2_behavior/lib:/mission_planning_ws/install/as2_core/lib:/mission_planning_ws/install/as2_msgs/lib:${LD_LIBRARY_PATH} PYTHONPATH=/mission_planning_ws/install/as2_motion_reference_handlers/local/lib/python3.10/dist-packages:/mission_planning_ws/install/as2_core/local/lib/python3.10/dist-packages:/mission_planning_ws/install/as2_msgs/local/lib/python3.10/dist-packages:${PYTHONPATH} /usr/bin/cmake --install /mission_planning_ws/build/as2_behaviors_motion
