running egg_info
writing ../../../../../build/as2_visualization/as2_visualization.egg-info/PKG-INFO
writing dependency_links to ../../../../../build/as2_visualization/as2_visualization.egg-info/dependency_links.txt
writing entry points to ../../../../../build/as2_visualization/as2_visualization.egg-info/entry_points.txt
writing requirements to ../../../../../build/as2_visualization/as2_visualization.egg-info/requires.txt
writing top-level names to ../../../../../build/as2_visualization/as2_visualization.egg-info/top_level.txt
reading manifest file '../../../../../build/as2_visualization/as2_visualization.egg-info/SOURCES.txt'
writing manifest file '../../../../../build/as2_visualization/as2_visualization.egg-info/SOURCES.txt'
running build
running build_py
running install
running install_lib
running install_data
running install_egg_info
removing '/mission_planning_ws/install/as2_visualization/lib/python3.10/site-packages/as2_visualization-1.1.2-py3.10.egg-info' (and everything under it)
Copying ../../../../../build/as2_visualization/as2_visualization.egg-info to /mission_planning_ws/install/as2_visualization/lib/python3.10/site-packages/as2_visualization-1.1.2-py3.10.egg-info
running install_scripts
Installing gate_publisher script to /mission_planning_ws/install/as2_visualization/lib/as2_visualization
Installing marker_publisher script to /mission_planning_ws/install/as2_visualization/lib/as2_visualization
writing list of installed files to '/mission_planning_ws/build/as2_visualization/install.log'
